tests: ../src/ace/lib/ace/mode/coffee/parser.js 4/487
tests: ../src/ace/lib/ace/keyboard/textinput.js 7/167
tests: ../src/ace/lib/ace/mode/behaviour/cstyle.js 7/125
tests: ../src/ace/lib/ace/commands/default_commands.js 6/97
tests: ../src/ace/lib/ace/mouse/multi_select_handler.js 5/77
tests: ../src/ace/lib/ace/narcissus/lexer.js 20/309
tests: ../src/ace/lib/ace/mode/css/csslint.js 183/2289
tests: ../src/ace/lib/ace/edit_session/folding.js 37/416
tests: ../src/ace/lib/ace/tokenizer.js 6/75
tests: ../src/ace/lib/ace/narcissus/parser.js 108/1130
tests: ../src/ace/lib/ace/search.js 19/192
tests: ../src/ace/lib/ace/edit_session/bracket_match.js 11/107
tests: ../src/ace/lib/ace/mouse/dragdrop.js 5/50
tests: ../src/ace/lib/ace/mouse/default_handlers.js 24/201
tests: ../src/ace/lib/ace/edit_session/fold_line.js 16/131
tests: ../src/ace/lib/ace/layer/text.js 39/314
tests: ../src/ace/lib/ace/lib/event.js 19/157
tests: ../src/ace/lib/ace/multi_select.js 52/422
tests: ../src/ace/lib/ace/worker/jshint.js 274/2164
tests: ../src/ace/lib/ace/edit_session.js 136/973
tests: ../src/ace/lib/ace/mode/folding/xml.js 18/122
tests: ../src/ace/lib/ace/range_list.js 19/124
tests: ../src/ace/lib/ace/mode/coffee/rewriter.js 37/223
tests: ../src/ace/lib/ace/edit_session/fold.js 8/47
tests: ../src/ace/lib/ace/mode/coffee/lexer.js 82/469
tests: ../src/ace/lib/ace/mode/folding/coffee.js 10/58
tests: ../src/ace/lib/ace/selection.js 62/348
tests: ../src/ace/lib/ace/background_tokenizer.js 18/96
tests: ../src/ace/lib/ace/layer/cursor.js 18/99
tests: ../src/ace/lib/ace/layer/gutter.js 17/87
tests: ../src/ace/lib/ace/virtual_renderer.js 115/586
tests: ../src/ace/lib/ace/layer/marker.js 16/78
tests: ../src/ace/lib/ace/lib/regexp.js 8/40
tests: ../src/ace/lib/ace/mode/css_highlight_rules.js 8/40
tests: ../src/ace/lib/ace/editor.js 170/801
tests: ../src/ace/lib/ace/mode/coffee/nodes.js 371/1738
tests: ../src/ace/lib/ace/token_iterator.js 10/46
tests: ../src/ace/lib/ace/worker/worker_client.js 16/73
tests: ../src/ace/lib/ace/config.js 13/59
tests: ../src/ace/lib/ace/mode/behaviour/xml.js 10/44
tests: ../src/ace/lib/ace/mode/folding/fold_mode.js 11/48
tests: ../src/ace/lib/ace/mode/python_highlight_rules.js 8/36
tests: ../src/ace/lib/ace/mouse/default_gutter_handler.js 5/22
tests: ../src/ace/lib/ace/mouse/fold_handler.js 4/18
tests: ../src/ace/lib/ace/commands/command_manager.js 14/60
tests: ../src/ace/lib/ace/ext/static_highlight.js 6/26
tests: ../src/ace/lib/ace/keyboard/keybinding.js 15/65
tests: ../src/ace/lib/ace/lib/es5-shim.js 85/360
tests: ../src/ace/lib/ace/lib/lang.js 16/68
tests: ../src/ace/lib/ace/mode/coffee/helpers.js 11/46
tests: ../src/ace/lib/ace/range.js 34/133
tests: ../src/ace/lib/ace/mode/coffee/scope.js 19/73
tests: ../src/ace/lib/ace/mode/javascript.js 20/75
tests: ../src/ace/lib/ace/mode/javascript_highlight_rules.js 10/36
tests: ../src/ace/lib/ace/mode/behaviour/html.js 11/38
tests: ../src/ace/lib/ace/mode/python.js 17/60
tests: ../src/ace/lib/ace/mouse/mouse_handler.js 21/75
tests: ../src/ace/lib/ace/mode/coffee_highlight_rules.js 8/27
tests: ../src/ace/lib/ace/mouse/mouse_event.js 14/47
tests: ../src/ace/lib/ace/lib/dom.js 42/136
tests: ../src/ace/lib/ace/mode/folding/cstyle.js 11/36
tests: ../src/ace/lib/ace/mode/ruby_highlight_rules.js 8/26
tests: ../src/ace/lib/ace/mode/text_highlight_rules.js 10/33
tests: ../src/ace/lib/ace/commands/multi_select_commands.js 5/16
tests: ../src/ace/lib/ace/mode/behaviour.js 10/31
tests: ../src/ace/lib/ace/renderloop.js 7/21
tests: ../src/ace/lib/ace/mode/ruby.js 16/46
tests: ../src/ace/lib/ace/mode/text.js 21/61
tests: ../src/ace/lib/ace/search_highlight.js 10/29
tests: ../src/ace/lib/ace/undomanager.js 11/32
tests: ../src/ace/lib/ace/mode/xml_util.js 5/14
tests: ../src/ace/lib/ace/document.js 71/194
tests: ../src/ace/lib/ace/narcissus/definitions.js 98/272
tests: ../src/ace/lib/ace/mode/matching_brace_outdent.js 9/24
tests: ../src/ace/lib/ace/anchor.js 35/84
tests: ../src/ace/lib/ace/mode/folding/mixed.js 11/26
tests: ../src/ace/lib/ace/mode/javascript_worker.js 10/23
tests: ../src/ace/lib/ace/lib/event_emitter.js 21/47
tests: ../src/ace/lib/ace/mode/coffee.js 23/52
tests: ../src/ace/lib/ace/mode/css.js 18/39
tests: ../src/ace/lib/ace/mode/folding/pythonic.js 8/17
tests: ../src/ace/lib/ace/lib/net.js 15/30
tests: ../src/ace/lib/ace/mode/coffee/coffee-script.js 7/14
tests: ../src/ace/lib/ace/worker/mirror.js 11/22
tests: ../src/ace/lib/ace/scrollbar.js 15/28
tests: ../src/ace/lib/ace/mode/css_worker.js 9/16
tests: ../src/ace/lib/ace/mode/coldfusion_highlight_rules.js 10/16
tests: ../src/ace/lib/ace/mode/html_highlight_rules.js 11/17
tests: ../src/ace/lib/ace/keyboard/hash_handler.js 49/75
tests: ../src/ace/lib/ace/mode/html.js 17/26
tests: ../src/ace/demo/kitchen-sink/require.js 477/708
tests: ../src/ace/lib/ace/mode/coldfusion.js 13/19
tests: ../src/ace/lib/ace/mode/doc_comment_highlight_rules.js 9/12
tests: ../src/ace/lib/ace/mode/xml.js 13/17
tests: ../src/ace/lib/ace/lib/useragent.js 19/24
tests: ../src/ace/lib/ace/mode/xml_highlight_rules.js 8/10
tests: ../src/ace/lib/ace/requirejs/text.js 7/8
tests: ../src/ace/lib/ace/mode/folding/html.js 8/9
tests: ../src/ace/lib/ace/lib/keys.js 14/15
tests: ../src/ace/lib/ace/lib/fixoldbrowsers.js 4/4
tests: ../src/ace/lib/ace/lib/oop.js 14/14
tests: ../src/ace/lib/ace/narcissus/options.js 6/6
tests: ../src/ace/lib/ace/theme/tomorrow.js 6/6
tests: ../src/ace/lib/ace/unicode.js 8/8
