circular: ../src/almond/almond.js 64/125
circular: ../src/almond/almond.js 64/125
circular: ../src/almond/almond.js 64/125
emptyFactory: ../src/almond/almond.js 53/125
circular: ../src/almond/almond.js 64/125
emptyFactory: ../src/almond/almond.js 53/125
circular: ../src/almond/almond.js 64/125
emptyFactory: ../src/almond/almond.js 53/125
insertRequire: ../src/almond/almond.js 60/125
circular: ../src/almond/almond.js 64/125
emptyFactory: ../src/almond/almond.js 53/125
insertRequire: ../src/almond/almond.js 60/125
circular: ../src/almond/almond.js 64/125
emptyFactory: ../src/almond/almond.js 53/125
insertRequire: ../src/almond/almond.js 60/125
circular: ../src/almond/almond.js 64/125
emptyFactory: ../src/almond/almond.js 53/125
insertRequire: ../src/almond/almond.js 60/125
circular: ../src/almond/almond.js 64/125
emptyFactory: ../src/almond/almond.js 53/125
insertRequire: ../src/almond/almond.js 60/125
missing: ../src/almond/almond.js 58/125
circular: ../src/almond/almond.js 64/125
emptyFactory: ../src/almond/almond.js 53/125
insertRequire: ../src/almond/almond.js 60/125
missing: ../src/almond/almond.js 58/125
circular: ../src/almond/almond.js 64/125
emptyFactory: ../src/almond/almond.js 53/125
insertRequire: ../src/almond/almond.js 60/125
missing: ../src/almond/almond.js 58/125
circular: ../src/almond/almond.js 64/125
emptyFactory: ../src/almond/almond.js 53/125
insertRequire: ../src/almond/almond.js 60/125
missing: ../src/almond/almond.js 58/125
circular: ../src/almond/almond.js 64/125
emptyFactory: ../src/almond/almond.js 53/125
insertRequire: ../src/almond/almond.js 60/125
missing: ../src/almond/almond.js 58/125
circular: ../src/almond/almond.js 64/125
emptyFactory: ../src/almond/almond.js 53/125
insertRequire: ../src/almond/almond.js 60/125
missing: ../src/almond/almond.js 58/125
circular: ../src/almond/almond.js 64/125
emptyFactory: ../src/almond/almond.js 53/125
insertRequire: ../src/almond/almond.js 60/125
missing: ../src/almond/almond.js 58/125
relativePaths: ../src/almond/almond.js 69/125
circular: ../src/almond/almond.js 64/125
emptyFactory: ../src/almond/almond.js 53/125
insertRequire: ../src/almond/almond.js 60/125
missing: ../src/almond/almond.js 58/125
relativePaths: ../src/almond/almond.js 69/125
circular: ../src/almond/almond.js 64/125
emptyFactory: ../src/almond/almond.js 53/125
insertRequire: ../src/almond/almond.js 60/125
missing: ../src/almond/almond.js 58/125
relativePaths: ../src/almond/almond.js 69/125
circular: ../src/almond/almond.js 64/125
emptyFactory: ../src/almond/almond.js 53/125
insertRequire: ../src/almond/almond.js 60/125
missing: ../src/almond/almond.js 58/125
relativePaths: ../src/almond/almond.js 69/125
separate: ../src/almond/almond.js 59/125
