test: ../src/amplify/external/qunit.js 434/695
test: ../src/amplify/core/amplify.core.js 48/49
other-page: ../src/amplify/external/json2.js 11/89
other-page: ../src/amplify/store/amplify.store.js 26/139
test: ../src/amplify/core/amplify.core.js 3/49
test: ../src/amplify/external/json2.js 11/89
test: ../src/amplify/store/amplify.store.js 79/139
test: ../src/amplify/external/qunit.js 478/695
test: ../src/amplify/external/qunit.js 434/695
test: ../src/amplify/core/amplify.core.js 48/49
other-page: ../src/amplify/external/json2.js 11/89
other-page: ../src/amplify/store/amplify.store.js 26/139
test: ../src/amplify/core/amplify.core.js 3/49
test: ../src/amplify/external/json2.js 11/89
test: ../src/amplify/store/amplify.store.js 79/139
test: ../src/amplify/external/qunit.js 478/695
test: ../src/amplify/external/qunit.js 434/695
test: ../src/amplify/core/amplify.core.js 48/49
other-page: ../src/amplify/external/json2.js 11/89
other-page: ../src/amplify/store/amplify.store.js 26/139
test: ../src/amplify/core/amplify.core.js 3/49
test: ../src/amplify/external/json2.js 11/89
test: ../src/amplify/store/amplify.store.js 79/139
test: ../src/amplify/external/qunit.js 478/695
test: ../src/amplify/external/qunit.js 434/695
test: ../src/amplify/core/amplify.core.js 48/49
other-page: ../src/amplify/external/json2.js 11/89
other-page: ../src/amplify/store/amplify.store.js 26/139
test: ../src/amplify/core/amplify.core.js 3/49
test: ../src/amplify/external/json2.js 11/89
test: ../src/amplify/store/amplify.store.js 79/139
test: ../src/amplify/external/qunit.js 428/695
