code: ../src/angular.js/angularFiles.js 2/20
code: ../src/angular.js/src/Angular.js 67/305
code: ../src/angular.js/src/bootstrap/google-prettify/prettify.js 225/525
code: ../src/angular.js/src/angular-bootstrap.js 93/116
widgets: ../src/angular.js/angularFiles.js 2/20
widgets: ../src/angular.js/src/Angular.js 67/305
widgets: ../src/angular.js/src/angular-bootstrap.js 82/116
code: ../src/angular.js/angularFiles.js 2/20
code: ../src/angular.js/src/Angular.js 67/305
code: ../src/angular.js/src/bootstrap/google-prettify/prettify.js 225/525
code: ../src/angular.js/src/angular-bootstrap.js 93/116
widgets: ../src/angular.js/angularFiles.js 2/20
widgets: ../src/angular.js/src/Angular.js 67/305
widgets: ../src/angular.js/src/angular-bootstrap.js 82/116
code: ../src/angular.js/angularFiles.js 2/20
code: ../src/angular.js/src/Angular.js 67/305
code: ../src/angular.js/src/bootstrap/google-prettify/prettify.js 225/525
code: ../src/angular.js/src/angular-bootstrap.js 93/116
widgets: ../src/angular.js/angularFiles.js 2/20
widgets: ../src/angular.js/src/Angular.js 67/305
widgets: ../src/angular.js/src/angular-bootstrap.js 82/116
code: ../src/angular.js/angularFiles.js 2/20
code: ../src/angular.js/src/Angular.js 67/305
code: ../src/angular.js/src/bootstrap/google-prettify/prettify.js 225/525
code: ../src/angular.js/src/angular-bootstrap.js 93/116
widgets: ../src/angular.js/angularFiles.js 2/20
widgets: ../src/angular.js/src/Angular.js 67/305
widgets: ../src/angular.js/src/angular-bootstrap.js 82/116
