test-syntax-debug: ../src/artTemplate/extensions/template-syntax.js 30/57
test-syntax-debug: ../src/artTemplate/template.js 124/158
test-syntax-debug: ../src/artTemplate/extensions/template-syntax.js 30/57
test-syntax-debug: ../src/artTemplate/template.js 124/158
test-syntax-helper: ../src/artTemplate/extensions/template-syntax.js 27/57
test-syntax-helper: ../src/artTemplate/template.js 104/158
test-syntax-debug: ../src/artTemplate/extensions/template-syntax.js 30/57
test-syntax-debug: ../src/artTemplate/template.js 124/158
test-syntax-helper: ../src/artTemplate/extensions/template-syntax.js 27/57
test-syntax-helper: ../src/artTemplate/template.js 104/158
test-syntax: ../src/artTemplate/template.js 105/158
test-syntax: ../src/artTemplate/extensions/template-syntax.js 50/57
test-syntax-debug: ../src/artTemplate/extensions/template-syntax.js 30/57
test-syntax-debug: ../src/artTemplate/template.js 124/158
test-syntax-helper: ../src/artTemplate/extensions/template-syntax.js 27/57
test-syntax-helper: ../src/artTemplate/template.js 104/158
test-syntax: ../src/artTemplate/template.js 105/158
test-syntax: ../src/artTemplate/extensions/template-syntax.js 50/57
test-syntax-debug: ../src/artTemplate/extensions/template-syntax.js 30/57
test-syntax-debug: ../src/artTemplate/template.js 124/158
test-syntax-helper: ../src/artTemplate/extensions/template-syntax.js 27/57
test-syntax-helper: ../src/artTemplate/template.js 104/158
test-syntax: ../src/artTemplate/template.js 105/158
test-syntax: ../src/artTemplate/extensions/template-syntax.js 50/57
test-compile-demo: ../src/artTemplate/template.js 26/158
test-syntax-debug: ../src/artTemplate/extensions/template-syntax.js 30/57
test-syntax-debug: ../src/artTemplate/template.js 124/158
test-syntax-helper: ../src/artTemplate/extensions/template-syntax.js 27/57
test-syntax-helper: ../src/artTemplate/template.js 104/158
test-syntax: ../src/artTemplate/template.js 105/158
test-syntax: ../src/artTemplate/extensions/template-syntax.js 50/57
test-compile-demo: ../src/artTemplate/template.js 26/158
test-compile: ../src/artTemplate/template.js 96/158
test-syntax-debug: ../src/artTemplate/extensions/template-syntax.js 30/57
test-syntax-debug: ../src/artTemplate/template.js 124/158
test-syntax-helper: ../src/artTemplate/extensions/template-syntax.js 27/57
test-syntax-helper: ../src/artTemplate/template.js 104/158
test-syntax: ../src/artTemplate/template.js 105/158
test-syntax: ../src/artTemplate/extensions/template-syntax.js 50/57
test-compile-demo: ../src/artTemplate/template.js 26/158
test-compile: ../src/artTemplate/template.js 96/158
test-debug: ../src/artTemplate/template.js 123/158
test-syntax-debug: ../src/artTemplate/extensions/template-syntax.js 30/57
test-syntax-debug: ../src/artTemplate/template.js 124/158
test-syntax-helper: ../src/artTemplate/extensions/template-syntax.js 27/57
test-syntax-helper: ../src/artTemplate/template.js 104/158
test-syntax: ../src/artTemplate/template.js 105/158
test-syntax: ../src/artTemplate/extensions/template-syntax.js 50/57
test-compile-demo: ../src/artTemplate/template.js 26/158
test-compile: ../src/artTemplate/template.js 96/158
test-debug: ../src/artTemplate/template.js 123/158
test-helper: ../src/artTemplate/template.js 104/158
test-syntax-debug: ../src/artTemplate/extensions/template-syntax.js 30/57
test-syntax-debug: ../src/artTemplate/template.js 124/158
test-syntax-helper: ../src/artTemplate/extensions/template-syntax.js 27/57
test-syntax-helper: ../src/artTemplate/template.js 104/158
test-syntax: ../src/artTemplate/template.js 105/158
test-syntax: ../src/artTemplate/extensions/template-syntax.js 50/57
test-compile-demo: ../src/artTemplate/template.js 26/158
test-compile: ../src/artTemplate/template.js 96/158
test-debug: ../src/artTemplate/template.js 123/158
test-helper: ../src/artTemplate/template.js 104/158
test-include: ../src/artTemplate/template.js 104/158
test-syntax-debug: ../src/artTemplate/extensions/template-syntax.js 30/57
test-syntax-debug: ../src/artTemplate/template.js 124/158
test-syntax-helper: ../src/artTemplate/extensions/template-syntax.js 27/57
test-syntax-helper: ../src/artTemplate/template.js 104/158
test-syntax: ../src/artTemplate/template.js 105/158
test-syntax: ../src/artTemplate/extensions/template-syntax.js 50/57
test-compile-demo: ../src/artTemplate/template.js 26/158
test-compile: ../src/artTemplate/template.js 96/158
test-debug: ../src/artTemplate/template.js 123/158
test-helper: ../src/artTemplate/template.js 104/158
test-include: ../src/artTemplate/template.js 104/158
test-speed: ../src/artTemplate/template.js 26/158
test-syntax-debug: ../src/artTemplate/extensions/template-syntax.js 30/57
test-syntax-debug: ../src/artTemplate/template.js 124/158
test-syntax-helper: ../src/artTemplate/extensions/template-syntax.js 27/57
test-syntax-helper: ../src/artTemplate/template.js 104/158
test-syntax: ../src/artTemplate/template.js 105/158
test-syntax: ../src/artTemplate/extensions/template-syntax.js 50/57
test-compile-demo: ../src/artTemplate/template.js 26/158
test-compile: ../src/artTemplate/template.js 96/158
test-debug: ../src/artTemplate/template.js 123/158
test-helper: ../src/artTemplate/template.js 104/158
test-include: ../src/artTemplate/template.js 104/158
test-speed: ../src/artTemplate/template.js 26/158
test-tag: ../src/artTemplate/template.js 103/158
test-syntax-debug: ../src/artTemplate/extensions/template-syntax.js 30/57
test-syntax-debug: ../src/artTemplate/template.js 124/158
test-syntax-helper: ../src/artTemplate/extensions/template-syntax.js 27/57
test-syntax-helper: ../src/artTemplate/template.js 104/158
test-syntax: ../src/artTemplate/template.js 105/158
test-syntax: ../src/artTemplate/extensions/template-syntax.js 50/57
test-compile-demo: ../src/artTemplate/template.js 26/158
test-compile: ../src/artTemplate/template.js 96/158
test-debug: ../src/artTemplate/template.js 123/158
test-helper: ../src/artTemplate/template.js 104/158
test-include: ../src/artTemplate/template.js 104/158
test-speed: ../src/artTemplate/template.js 26/158
test-tag: ../src/artTemplate/template.js 103/158
test-tmpl: ../src/artTemplate/template.js 104/158
test-syntax-debug: ../src/artTemplate/extensions/template-syntax.js 30/57
test-syntax-debug: ../src/artTemplate/template.js 124/158
test-syntax-helper: ../src/artTemplate/extensions/template-syntax.js 27/57
test-syntax-helper: ../src/artTemplate/template.js 104/158
test-syntax: ../src/artTemplate/template.js 105/158
test-syntax: ../src/artTemplate/extensions/template-syntax.js 50/57
test-compile-demo: ../src/artTemplate/template.js 26/158
test-compile: ../src/artTemplate/template.js 96/158
test-debug: ../src/artTemplate/template.js 123/158
test-helper: ../src/artTemplate/template.js 104/158
test-include: ../src/artTemplate/template.js 104/158
test-speed: ../src/artTemplate/template.js 26/158
test-tag: ../src/artTemplate/template.js 103/158
test-tmpl: ../src/artTemplate/template.js 104/158
test-undefined: ../src/artTemplate/template.js 103/158
test-syntax-debug: ../src/artTemplate/extensions/template-syntax.js 30/57
test-syntax-debug: ../src/artTemplate/template.js 124/158
test-syntax-helper: ../src/artTemplate/extensions/template-syntax.js 27/57
test-syntax-helper: ../src/artTemplate/template.js 104/158
test-syntax: ../src/artTemplate/template.js 105/158
test-syntax: ../src/artTemplate/extensions/template-syntax.js 50/57
test-compile-demo: ../src/artTemplate/template.js 26/158
test-compile: ../src/artTemplate/template.js 96/158
test-debug: ../src/artTemplate/template.js 123/158
test-helper: ../src/artTemplate/template.js 104/158
test-include: ../src/artTemplate/template.js 104/158
test-speed: ../src/artTemplate/template.js 26/158
test-tag: ../src/artTemplate/template.js 103/158
test-tmpl: ../src/artTemplate/template.js 104/158
test-undefined: ../src/artTemplate/template.js 103/158
test: ../src/artTemplate/template.js 103/158
