index: ../src/backbone-boilerplate/assets/js/plugins/backbone.layoutmanager.js 17/210
index: ../src/backbone-boilerplate/assets/js/libs/jquery.js 647/3447
index: ../src/backbone-boilerplate/assets/js/libs/backbone.js 135/579
index: ../src/backbone-boilerplate/app/app.js 5/20
index: ../src/backbone-boilerplate/assets/js/libs/lodash.js 352/805
index: ../src/backbone-boilerplate/app/main.js 4/8
index: ../src/backbone-boilerplate/assets/js/libs/require.js 404/718
index: ../src/backbone-boilerplate/app/config.js 1/1
index: ../src/backbone-boilerplate/app/router.js 3/3
index: ../src/backbone-boilerplate/assets/js/plugins/backbone.layoutmanager.js 17/210
index: ../src/backbone-boilerplate/assets/js/libs/jquery.js 647/3447
index: ../src/backbone-boilerplate/assets/js/libs/backbone.js 135/579
index: ../src/backbone-boilerplate/app/app.js 5/20
index: ../src/backbone-boilerplate/assets/js/libs/lodash.js 352/805
index: ../src/backbone-boilerplate/app/main.js 4/8
index: ../src/backbone-boilerplate/assets/js/libs/require.js 404/718
index: ../src/backbone-boilerplate/app/config.js 1/1
index: ../src/backbone-boilerplate/app/router.js 3/3
index: ../src/backbone-boilerplate/assets/js/plugins/backbone.layoutmanager.js 17/210
index: ../src/backbone-boilerplate/assets/js/libs/jquery.js 661/3447
index: ../src/backbone-boilerplate/assets/js/libs/backbone.js 135/579
index: ../src/backbone-boilerplate/app/app.js 5/20
index: ../src/backbone-boilerplate/assets/js/libs/lodash.js 352/805
index: ../src/backbone-boilerplate/app/main.js 4/8
index: ../src/backbone-boilerplate/assets/js/libs/require.js 404/718
index: ../src/backbone-boilerplate/app/config.js 1/1
index: ../src/backbone-boilerplate/app/router.js 3/3
