test-noglyphs: ../src/backbone-ui/src/js/date_picker.js 2/54
test-noglyphs: ../src/backbone-ui/src/js/table_view.js 2/65
test-noglyphs: ../src/backbone-ui/src/js/time_picker.js 2/62
test-noglyphs: ../src/backbone-ui/src/js/collection_view.js 2/47
test-noglyphs: ../src/backbone-ui/src/js/pulldown.js 2/46
test-noglyphs: ../src/backbone-ui/src/js/tab_set.js 2/48
test-noglyphs: ../src/backbone-ui/src/js/button.js 2/38
test-noglyphs: ../src/backbone-ui/src/js/list.js 2/34
test-noglyphs: ../src/backbone-ui/src/js/menu.js 2/39
test-noglyphs: ../src/backbone-ui/src/js/checkbox.js 2/30
test-noglyphs: ../src/backbone-ui/src/js/radio_group.js 2/29
test-noglyphs: ../src/backbone-ui/src/js/has_alternative_property.js 2/21
test-noglyphs: ../src/backbone-ui/src/js/link.js 2/20
test-noglyphs: ../src/backbone-ui/src/js/drag_session.js 8/71
test-noglyphs: ../src/backbone-ui/src/js/calendar.js 8/63
test-noglyphs: ../src/backbone-ui/lib/required/2_json2.js 13/91
test-noglyphs: ../src/backbone-ui/lib/optional/moment-1.4.0.js 41/264
test-noglyphs: ../src/backbone-ui/lib/required/3_backbone-0.9.2.js 90/579
test-noglyphs: ../src/backbone-ui/src/js/label.js 2/10
test-noglyphs: ../src/backbone-ui/lib/required/0_jquery-1.7.2.js 800/3447
test-noglyphs: ../src/backbone-ui/src/js/backbone_ui.js 25/104
test-noglyphs: ../src/backbone-ui/src/js/input_event.js 15/51
test-noglyphs: ../src/backbone-ui/lib/required/1_underscore-1.3.1.js 147/460
test-noglyphs: ../src/backbone-ui/src/js/has_model.js 3/9
test-noglyphs: ../src/backbone-ui/lib/optional/jquery-mousewheel-3.0.6.js 11/31
test-noglyphs: ../src/backbone-ui/src/js/scroller.js 41/81
test-noglyphs: ../src/backbone-ui/lib/required/4_laconic.js 35/54
test-noglyphs: ../src/backbone-ui/src/js/text_field.js 20/30
test-noglyphs: ../src/backbone-ui/src/js/text_area.js 21/31
test-noglyphs: ../src/backbone-ui/src/js/date_picker.js 2/54
test-noglyphs: ../src/backbone-ui/src/js/table_view.js 2/65
test-noglyphs: ../src/backbone-ui/src/js/time_picker.js 2/62
test-noglyphs: ../src/backbone-ui/src/js/collection_view.js 2/47
test-noglyphs: ../src/backbone-ui/src/js/pulldown.js 2/46
test-noglyphs: ../src/backbone-ui/src/js/tab_set.js 2/48
test-noglyphs: ../src/backbone-ui/src/js/button.js 2/38
test-noglyphs: ../src/backbone-ui/src/js/list.js 2/34
test-noglyphs: ../src/backbone-ui/src/js/menu.js 2/39
test-noglyphs: ../src/backbone-ui/src/js/checkbox.js 2/30
test-noglyphs: ../src/backbone-ui/src/js/radio_group.js 2/29
test-noglyphs: ../src/backbone-ui/src/js/has_alternative_property.js 2/21
test-noglyphs: ../src/backbone-ui/src/js/link.js 2/20
test-noglyphs: ../src/backbone-ui/src/js/drag_session.js 8/71
test-noglyphs: ../src/backbone-ui/src/js/calendar.js 8/63
test-noglyphs: ../src/backbone-ui/lib/required/2_json2.js 13/91
test-noglyphs: ../src/backbone-ui/lib/optional/moment-1.4.0.js 41/264
test-noglyphs: ../src/backbone-ui/lib/required/3_backbone-0.9.2.js 90/579
test-noglyphs: ../src/backbone-ui/src/js/label.js 2/10
test-noglyphs: ../src/backbone-ui/lib/required/0_jquery-1.7.2.js 800/3447
test-noglyphs: ../src/backbone-ui/src/js/backbone_ui.js 25/104
test-noglyphs: ../src/backbone-ui/src/js/input_event.js 15/51
test-noglyphs: ../src/backbone-ui/lib/required/1_underscore-1.3.1.js 147/460
test-noglyphs: ../src/backbone-ui/src/js/has_model.js 3/9
test-noglyphs: ../src/backbone-ui/lib/optional/jquery-mousewheel-3.0.6.js 11/31
test-noglyphs: ../src/backbone-ui/src/js/scroller.js 41/81
test-noglyphs: ../src/backbone-ui/lib/required/4_laconic.js 35/54
test-noglyphs: ../src/backbone-ui/src/js/text_field.js 20/30
test-noglyphs: ../src/backbone-ui/src/js/text_area.js 21/31
