browser_test: ../src/biwascheme/src/system/pause.js 1/9
browser_test: ../src/biwascheme/src/system/call.js 8/62
browser_test: ../src/biwascheme/src/system/enumeration.js 6/48
browser_test: ../src/biwascheme/src/system/set.js 8/55
browser_test: ../src/biwascheme/src/system/hashtable.js 9/51
browser_test: ../src/biwascheme/src/library/srfi.js 31/169
browser_test: ../src/biwascheme/src/system/compiler.js 46/246
browser_test: ../src/biwascheme/src/library/js_interface.js 31/158
browser_test: ../src/biwascheme/src/library/extra_lib.js 39/187
browser_test: ../src/biwascheme/src/system/char.js 3/15
browser_test: ../src/biwascheme/src/library/r6rs_lib.js 347/1403
browser_test: ../src/biwascheme/src/system/number.js 4/16
browser_test: ../src/biwascheme/src/library/webscheme_lib.js 90/287
browser_test: ../src/biwascheme/src/system/values.js 1/3
browser_test: ../src/biwascheme/src/system/port.js 13/32
browser_test: ../src/biwascheme/src/system/record.js 49/109
browser_test: ../src/biwascheme/src/system/pair.js 28/61
browser_test: ../src/biwascheme/src/system/interpreter.js 118/241
browser_test: ../src/biwascheme/src/library/node_functions.js 16/32
browser_test: ../src/biwascheme/src/deps/underscore.string.js 8/14
browser_test: ../src/biwascheme/src/system/_types.js 16/28
browser_test: ../src/biwascheme/src/system/error.js 4/7
browser_test: ../src/biwascheme/src/system/parser.js 60/94
browser_test: ../src/biwascheme/src/system/_writer.js 69/104
browser_test: ../src/biwascheme/src/platforms/browser/dumper.js 75/111
browser_test: ../src/biwascheme/src/header.js 11/16
browser_test: ../src/biwascheme/src/library/infra.js 54/72
browser_test: ../src/biwascheme/src/system/symbol.js 12/15
browser_test: ../src/biwascheme/src/system/class.js 14/17
browser_test: ../src/biwascheme/src/system/syntax.js 11/13
browser_test: ../src/biwascheme/src/development_loader.js 47/50
browser_test: ../src/biwascheme/src/deps/underscore.js 22/23
browser_test: ../src/biwascheme/src/deps/jquery.js 3/3
browser_test: ../src/biwascheme/src/platforms/browser/console.js 12/12
browser_test: ../src/biwascheme/src/system/pause.js 1/9
browser_test: ../src/biwascheme/src/system/call.js 8/62
browser_test: ../src/biwascheme/src/system/enumeration.js 6/48
browser_test: ../src/biwascheme/src/system/set.js 8/55
browser_test: ../src/biwascheme/src/system/hashtable.js 9/51
browser_test: ../src/biwascheme/src/library/srfi.js 31/169
browser_test: ../src/biwascheme/src/system/compiler.js 46/246
browser_test: ../src/biwascheme/src/library/js_interface.js 31/158
browser_test: ../src/biwascheme/src/library/extra_lib.js 39/187
browser_test: ../src/biwascheme/src/system/char.js 3/15
browser_test: ../src/biwascheme/src/library/r6rs_lib.js 347/1403
browser_test: ../src/biwascheme/src/system/number.js 4/16
browser_test: ../src/biwascheme/src/library/webscheme_lib.js 90/287
browser_test: ../src/biwascheme/src/system/values.js 1/3
browser_test: ../src/biwascheme/src/system/port.js 13/32
browser_test: ../src/biwascheme/src/system/record.js 49/109
browser_test: ../src/biwascheme/src/system/pair.js 28/61
browser_test: ../src/biwascheme/src/system/interpreter.js 118/241
browser_test: ../src/biwascheme/src/library/node_functions.js 16/32
browser_test: ../src/biwascheme/src/deps/underscore.string.js 8/14
browser_test: ../src/biwascheme/src/system/_types.js 16/28
browser_test: ../src/biwascheme/src/system/error.js 4/7
browser_test: ../src/biwascheme/src/system/parser.js 60/94
browser_test: ../src/biwascheme/src/system/_writer.js 69/104
browser_test: ../src/biwascheme/src/platforms/browser/dumper.js 75/111
browser_test: ../src/biwascheme/src/header.js 11/16
browser_test: ../src/biwascheme/src/library/infra.js 54/72
browser_test: ../src/biwascheme/src/system/symbol.js 12/15
browser_test: ../src/biwascheme/src/system/class.js 14/17
browser_test: ../src/biwascheme/src/system/syntax.js 11/13
browser_test: ../src/biwascheme/src/development_loader.js 47/50
browser_test: ../src/biwascheme/src/deps/underscore.js 22/23
browser_test: ../src/biwascheme/src/deps/jquery.js 3/3
browser_test: ../src/biwascheme/src/platforms/browser/console.js 12/12
browser_test: ../src/biwascheme/src/system/pause.js 1/9
browser_test: ../src/biwascheme/src/system/call.js 8/62
browser_test: ../src/biwascheme/src/system/enumeration.js 6/48
browser_test: ../src/biwascheme/src/system/set.js 8/55
browser_test: ../src/biwascheme/src/system/hashtable.js 9/51
browser_test: ../src/biwascheme/src/library/srfi.js 31/169
browser_test: ../src/biwascheme/src/system/compiler.js 46/246
browser_test: ../src/biwascheme/src/library/js_interface.js 31/158
browser_test: ../src/biwascheme/src/library/extra_lib.js 39/187
browser_test: ../src/biwascheme/src/system/char.js 3/15
browser_test: ../src/biwascheme/src/library/r6rs_lib.js 347/1403
browser_test: ../src/biwascheme/src/system/number.js 4/16
browser_test: ../src/biwascheme/src/library/webscheme_lib.js 90/287
browser_test: ../src/biwascheme/src/system/values.js 1/3
browser_test: ../src/biwascheme/src/system/port.js 13/32
browser_test: ../src/biwascheme/src/system/record.js 49/109
browser_test: ../src/biwascheme/src/system/pair.js 28/61
browser_test: ../src/biwascheme/src/system/interpreter.js 118/241
browser_test: ../src/biwascheme/src/library/node_functions.js 16/32
browser_test: ../src/biwascheme/src/deps/underscore.string.js 8/14
browser_test: ../src/biwascheme/src/system/_types.js 16/28
browser_test: ../src/biwascheme/src/system/error.js 4/7
browser_test: ../src/biwascheme/src/system/parser.js 60/94
browser_test: ../src/biwascheme/src/system/_writer.js 69/104
browser_test: ../src/biwascheme/src/platforms/browser/dumper.js 75/111
browser_test: ../src/biwascheme/src/header.js 11/16
browser_test: ../src/biwascheme/src/library/infra.js 54/72
browser_test: ../src/biwascheme/src/system/symbol.js 12/15
browser_test: ../src/biwascheme/src/system/class.js 14/17
browser_test: ../src/biwascheme/src/system/syntax.js 11/13
browser_test: ../src/biwascheme/src/development_loader.js 47/50
browser_test: ../src/biwascheme/src/deps/underscore.js 22/23
browser_test: ../src/biwascheme/src/deps/jquery.js 3/3
browser_test: ../src/biwascheme/src/platforms/browser/console.js 12/12
tracer: ../src/biwascheme/src/platforms/browser/dumper.js 2/111
tracer: ../src/biwascheme/src/system/interpreter.js 3/241
tracer: ../src/biwascheme/src/system/set.js 1/55
tracer: ../src/biwascheme/src/system/compiler.js 6/246
tracer: ../src/biwascheme/src/system/parser.js 2/94
tracer: ../src/biwascheme/src/system/_writer.js 7/104
tracer: ../src/biwascheme/src/system/call.js 5/62
tracer: ../src/biwascheme/src/system/pair.js 5/61
tracer: ../src/biwascheme/src/system/record.js 10/109
tracer: ../src/biwascheme/src/system/pause.js 1/9
tracer: ../src/biwascheme/src/system/enumeration.js 6/48
tracer: ../src/biwascheme/src/system/hashtable.js 9/51
tracer: ../src/biwascheme/src/library/srfi.js 31/169
tracer: ../src/biwascheme/src/library/js_interface.js 31/158
tracer: ../src/biwascheme/src/library/extra_lib.js 39/187
tracer: ../src/biwascheme/src/system/char.js 3/15
tracer: ../src/biwascheme/src/library/r6rs_lib.js 302/1403
tracer: ../src/biwascheme/src/platforms/browser/console.js 3/12
tracer: ../src/biwascheme/src/system/number.js 4/16
tracer: ../src/biwascheme/src/system/symbol.js 4/15
tracer: ../src/biwascheme/src/library/webscheme_lib.js 90/287
tracer: ../src/biwascheme/src/system/values.js 1/3
tracer: ../src/biwascheme/src/system/port.js 13/32
tracer: ../src/biwascheme/src/system/_types.js 13/28
tracer: ../src/biwascheme/src/deps/underscore.string.js 7/14
tracer: ../src/biwascheme/src/header.js 8/16
tracer: ../src/biwascheme/src/library/node_functions.js 16/32
tracer: ../src/biwascheme/src/system/error.js 4/7
tracer: ../src/biwascheme/src/library/infra.js 42/72
tracer: ../src/biwascheme/src/system/syntax.js 9/13
tracer: ../src/biwascheme/src/system/class.js 14/17
tracer: ../src/biwascheme/src/development_loader.js 47/50
tracer: ../src/biwascheme/src/deps/underscore.js 22/23
tracer: ../src/biwascheme/src/deps/jquery.js 3/3
browser_test: ../src/biwascheme/src/system/pause.js 1/9
browser_test: ../src/biwascheme/src/system/call.js 8/62
browser_test: ../src/biwascheme/src/system/enumeration.js 6/48
browser_test: ../src/biwascheme/src/system/set.js 8/55
browser_test: ../src/biwascheme/src/system/hashtable.js 9/51
browser_test: ../src/biwascheme/src/library/srfi.js 31/169
browser_test: ../src/biwascheme/src/system/compiler.js 46/246
browser_test: ../src/biwascheme/src/library/js_interface.js 31/158
browser_test: ../src/biwascheme/src/library/extra_lib.js 39/187
browser_test: ../src/biwascheme/src/system/char.js 3/15
browser_test: ../src/biwascheme/src/library/r6rs_lib.js 347/1403
browser_test: ../src/biwascheme/src/system/number.js 4/16
browser_test: ../src/biwascheme/src/library/webscheme_lib.js 90/287
browser_test: ../src/biwascheme/src/system/values.js 1/3
browser_test: ../src/biwascheme/src/system/port.js 13/32
browser_test: ../src/biwascheme/src/system/record.js 49/109
browser_test: ../src/biwascheme/src/system/pair.js 28/61
browser_test: ../src/biwascheme/src/system/interpreter.js 118/241
browser_test: ../src/biwascheme/src/library/node_functions.js 16/32
browser_test: ../src/biwascheme/src/deps/underscore.string.js 8/14
browser_test: ../src/biwascheme/src/system/_types.js 16/28
browser_test: ../src/biwascheme/src/system/error.js 4/7
browser_test: ../src/biwascheme/src/system/parser.js 60/94
browser_test: ../src/biwascheme/src/system/_writer.js 69/104
browser_test: ../src/biwascheme/src/platforms/browser/dumper.js 75/111
browser_test: ../src/biwascheme/src/header.js 11/16
browser_test: ../src/biwascheme/src/library/infra.js 54/72
browser_test: ../src/biwascheme/src/system/symbol.js 12/15
browser_test: ../src/biwascheme/src/system/class.js 14/17
browser_test: ../src/biwascheme/src/system/syntax.js 11/13
browser_test: ../src/biwascheme/src/development_loader.js 47/50
browser_test: ../src/biwascheme/src/deps/underscore.js 22/23
browser_test: ../src/biwascheme/src/deps/jquery.js 3/3
browser_test: ../src/biwascheme/src/platforms/browser/console.js 12/12
tracer: ../src/biwascheme/src/platforms/browser/dumper.js 2/111
tracer: ../src/biwascheme/src/system/interpreter.js 3/241
tracer: ../src/biwascheme/src/system/set.js 1/55
tracer: ../src/biwascheme/src/system/compiler.js 6/246
tracer: ../src/biwascheme/src/system/parser.js 2/94
tracer: ../src/biwascheme/src/system/_writer.js 7/104
tracer: ../src/biwascheme/src/system/call.js 5/62
tracer: ../src/biwascheme/src/system/pair.js 5/61
tracer: ../src/biwascheme/src/system/record.js 10/109
tracer: ../src/biwascheme/src/system/pause.js 1/9
tracer: ../src/biwascheme/src/system/enumeration.js 6/48
tracer: ../src/biwascheme/src/system/hashtable.js 9/51
tracer: ../src/biwascheme/src/library/srfi.js 31/169
tracer: ../src/biwascheme/src/library/js_interface.js 31/158
tracer: ../src/biwascheme/src/library/extra_lib.js 39/187
tracer: ../src/biwascheme/src/system/char.js 3/15
tracer: ../src/biwascheme/src/library/r6rs_lib.js 302/1403
tracer: ../src/biwascheme/src/platforms/browser/console.js 3/12
tracer: ../src/biwascheme/src/system/number.js 4/16
tracer: ../src/biwascheme/src/system/symbol.js 4/15
tracer: ../src/biwascheme/src/library/webscheme_lib.js 90/287
tracer: ../src/biwascheme/src/system/values.js 1/3
tracer: ../src/biwascheme/src/system/port.js 13/32
tracer: ../src/biwascheme/src/system/_types.js 13/28
tracer: ../src/biwascheme/src/deps/underscore.string.js 7/14
tracer: ../src/biwascheme/src/header.js 8/16
tracer: ../src/biwascheme/src/library/node_functions.js 16/32
tracer: ../src/biwascheme/src/system/error.js 4/7
tracer: ../src/biwascheme/src/library/infra.js 42/72
tracer: ../src/biwascheme/src/system/syntax.js 9/13
tracer: ../src/biwascheme/src/system/class.js 14/17
tracer: ../src/biwascheme/src/development_loader.js 47/50
tracer: ../src/biwascheme/src/deps/underscore.js 22/23
tracer: ../src/biwascheme/src/deps/jquery.js 3/3
tracer_auto: ../src/biwascheme/src/system/call.js 5/62
tracer_auto: ../src/biwascheme/src/system/record.js 10/109
tracer_auto: ../src/biwascheme/src/system/pause.js 1/9
tracer_auto: ../src/biwascheme/src/system/enumeration.js 6/48
tracer_auto: ../src/biwascheme/src/system/compiler.js 32/246
tracer_auto: ../src/biwascheme/src/system/set.js 8/55
tracer_auto: ../src/biwascheme/src/system/hashtable.js 9/51
tracer_auto: ../src/biwascheme/src/library/srfi.js 31/169
tracer_auto: ../src/biwascheme/src/library/js_interface.js 31/158
tracer_auto: ../src/biwascheme/src/system/char.js 3/15
tracer_auto: ../src/biwascheme/src/library/r6rs_lib.js 302/1403
tracer_auto: ../src/biwascheme/src/library/extra_lib.js 43/187
tracer_auto: ../src/biwascheme/src/system/number.js 4/16
tracer_auto: ../src/biwascheme/src/library/webscheme_lib.js 90/287
tracer_auto: ../src/biwascheme/src/system/values.js 1/3
tracer_auto: ../src/biwascheme/src/system/interpreter.js 96/241
tracer_auto: ../src/biwascheme/src/system/pair.js 24/61
tracer_auto: ../src/biwascheme/src/system/port.js 13/32
tracer_auto: ../src/biwascheme/src/library/node_functions.js 16/32
tracer_auto: ../src/biwascheme/src/system/_types.js 14/28
tracer_auto: ../src/biwascheme/src/system/parser.js 51/94
tracer_auto: ../src/biwascheme/src/header.js 9/16
tracer_auto: ../src/biwascheme/src/deps/underscore.string.js 8/14
tracer_auto: ../src/biwascheme/src/system/error.js 4/7
tracer_auto: ../src/biwascheme/src/platforms/browser/dumper.js 72/111
tracer_auto: ../src/biwascheme/src/library/infra.js 47/72
tracer_auto: ../src/biwascheme/src/system/_writer.js 70/104
tracer_auto: ../src/biwascheme/src/system/syntax.js 9/13
tracer_auto: ../src/biwascheme/src/system/symbol.js 11/15
tracer_auto: ../src/biwascheme/src/system/class.js 14/17
tracer_auto: ../src/biwascheme/src/platforms/browser/console.js 11/12
tracer_auto: ../src/biwascheme/src/development_loader.js 47/50
tracer_auto: ../src/biwascheme/src/deps/underscore.js 22/23
tracer_auto: ../src/biwascheme/src/deps/jquery.js 3/3
