blue_ridge_browser: ../src/blue-ridge/vendor/jquery.print.js 6/67
blue_ridge_browser: ../src/blue-ridge/vendor/screw.matchers.js 6/55
blue_ridge_browser: ../src/blue-ridge/vendor/jquery-1.4.2.js 839/2470
blue_ridge_browser: ../src/blue-ridge/vendor/smoke.core.js 9/25
blue_ridge_browser: ../src/blue-ridge/lib/blue-ridge.js 20/44
blue_ridge_browser: ../src/blue-ridge/vendor/smoke.stub.js 8/16
blue_ridge_browser: ../src/blue-ridge/vendor/screw.events.js 11/19
blue_ridge_browser: ../src/blue-ridge/vendor/smoke.mock.js 68/99
blue_ridge_browser: ../src/blue-ridge/vendor/screw.behaviors.js 31/37
blue_ridge_browser: ../src/blue-ridge/vendor/screw.builder.js 22/26
blue_ridge_browser: ../src/blue-ridge/vendor/screw.mocking.js 12/13
blue_ridge_browser: ../src/blue-ridge/vendor/jquery.fn.js 19/20
blue_ridge_browser: script in file:/home/rahul/research/clone-unit-coverage/src/blue-ridge/spec/javascripts/fixtures/blue_ridge_browser.html from (-1, -1) to (-1, -1) 1/1
blue_ridge_browser: ../src/blue-ridge/vendor/jquery.print.js 6/67
blue_ridge_browser: ../src/blue-ridge/vendor/screw.matchers.js 6/55
blue_ridge_browser: ../src/blue-ridge/vendor/jquery-1.4.2.js 839/2470
blue_ridge_browser: ../src/blue-ridge/vendor/smoke.core.js 9/25
blue_ridge_browser: ../src/blue-ridge/lib/blue-ridge.js 20/44
blue_ridge_browser: ../src/blue-ridge/vendor/smoke.stub.js 8/16
blue_ridge_browser: ../src/blue-ridge/vendor/screw.events.js 11/19
blue_ridge_browser: ../src/blue-ridge/vendor/smoke.mock.js 68/99
blue_ridge_browser: ../src/blue-ridge/vendor/screw.behaviors.js 31/37
blue_ridge_browser: ../src/blue-ridge/vendor/screw.builder.js 22/26
blue_ridge_browser: ../src/blue-ridge/vendor/screw.mocking.js 12/13
blue_ridge_browser: ../src/blue-ridge/vendor/jquery.fn.js 19/20
blue_ridge_browser: script in file:/home/rahul/research/clone-unit-coverage/src/blue-ridge/spec/javascripts/fixtures/blue_ridge_browser.html from (-1, -1) to (-1, -1) 1/1
blue_ridge_command_line: ../src/blue-ridge/vendor/smoke.core.js 1/25
blue_ridge_command_line: ../src/blue-ridge/vendor/smoke.stub.js 2/16
blue_ridge_command_line: ../src/blue-ridge/vendor/smoke.mock.js 16/99
blue_ridge_command_line: ../src/blue-ridge/lib/test_runner.js 13/55
blue_ridge_command_line: ../src/blue-ridge/vendor/screw.matchers.js 18/55
blue_ridge_command_line: ../src/blue-ridge/vendor/jquery-1.4.2.js 884/2470
blue_ridge_command_line: ../src/blue-ridge/vendor/jquery.print.js 28/67
blue_ridge_command_line: ../src/blue-ridge/vendor/screw.mocking.js 10/13
blue_ridge_command_line: ../src/blue-ridge/vendor/screw.events.js 16/19
blue_ridge_command_line: ../src/blue-ridge/vendor/screw.behaviors.js 33/37
blue_ridge_command_line: ../src/blue-ridge/vendor/screw.builder.js 24/26
blue_ridge_command_line: ../src/blue-ridge/vendor/jquery.fn.js 19/20
blue_ridge_command_line: ../src/blue-ridge/lib/blue-ridge.js 43/44
blue_ridge_command_line: script in file:/home/rahul/research/clone-unit-coverage/src/blue-ridge/spec/javascripts/fixtures/blue_ridge_command_line.html from (-1, -1) to (-1, -1) 1/1
blue_ridge_browser: ../src/blue-ridge/vendor/jquery.print.js 6/67
blue_ridge_browser: ../src/blue-ridge/vendor/screw.matchers.js 6/55
blue_ridge_browser: ../src/blue-ridge/vendor/jquery-1.4.2.js 839/2470
blue_ridge_browser: ../src/blue-ridge/vendor/smoke.core.js 9/25
blue_ridge_browser: ../src/blue-ridge/lib/blue-ridge.js 20/44
blue_ridge_browser: ../src/blue-ridge/vendor/smoke.stub.js 8/16
blue_ridge_browser: ../src/blue-ridge/vendor/screw.events.js 11/19
blue_ridge_browser: ../src/blue-ridge/vendor/smoke.mock.js 68/99
blue_ridge_browser: ../src/blue-ridge/vendor/screw.behaviors.js 31/37
blue_ridge_browser: ../src/blue-ridge/vendor/screw.builder.js 22/26
blue_ridge_browser: ../src/blue-ridge/vendor/screw.mocking.js 12/13
blue_ridge_browser: ../src/blue-ridge/vendor/jquery.fn.js 19/20
blue_ridge_browser: script in file:/home/rahul/research/clone-unit-coverage/src/blue-ridge/spec/javascripts/fixtures/blue_ridge_browser.html from (-1, -1) to (-1, -1) 1/1
blue_ridge_command_line: ../src/blue-ridge/vendor/smoke.core.js 1/25
blue_ridge_command_line: ../src/blue-ridge/vendor/smoke.stub.js 2/16
blue_ridge_command_line: ../src/blue-ridge/vendor/smoke.mock.js 16/99
blue_ridge_command_line: ../src/blue-ridge/lib/test_runner.js 13/55
blue_ridge_command_line: ../src/blue-ridge/vendor/screw.matchers.js 18/55
blue_ridge_command_line: ../src/blue-ridge/vendor/jquery-1.4.2.js 884/2470
blue_ridge_command_line: ../src/blue-ridge/vendor/jquery.print.js 28/67
blue_ridge_command_line: ../src/blue-ridge/vendor/screw.mocking.js 10/13
blue_ridge_command_line: ../src/blue-ridge/vendor/screw.events.js 16/19
blue_ridge_command_line: ../src/blue-ridge/vendor/screw.behaviors.js 33/37
blue_ridge_command_line: ../src/blue-ridge/vendor/screw.builder.js 24/26
blue_ridge_command_line: ../src/blue-ridge/vendor/jquery.fn.js 19/20
blue_ridge_command_line: ../src/blue-ridge/lib/blue-ridge.js 43/44
blue_ridge_command_line: script in file:/home/rahul/research/clone-unit-coverage/src/blue-ridge/spec/javascripts/fixtures/blue_ridge_command_line.html from (-1, -1) to (-1, -1) 1/1
screw.behaviors: ../src/blue-ridge/vendor/smoke.core.js 1/25
screw.behaviors: ../src/blue-ridge/vendor/jquery.print.js 6/67
screw.behaviors: ../src/blue-ridge/vendor/smoke.stub.js 2/16
screw.behaviors: ../src/blue-ridge/vendor/smoke.mock.js 16/99
screw.behaviors: ../src/blue-ridge/vendor/screw.matchers.js 12/55
screw.behaviors: ../src/blue-ridge/vendor/jquery-1.4.2.js 885/2470
screw.behaviors: ../src/blue-ridge/vendor/screw.events.js 11/19
screw.behaviors: ../src/blue-ridge/vendor/screw.mocking.js 10/13
screw.behaviors: ../src/blue-ridge/vendor/jquery.fn.js 19/20
screw.behaviors: ../src/blue-ridge/vendor/screw.behaviors.js 36/37
screw.behaviors: ../src/blue-ridge/lib/blue-ridge.js 43/44
screw.behaviors: ../src/blue-ridge/vendor/screw.builder.js 26/26
screw.behaviors: script in file:/home/rahul/research/clone-unit-coverage/src/blue-ridge/spec/javascripts/fixtures/screw.unit/screw.behaviors.html from (-1, -1) to (-1, -1) 1/1
blue_ridge_browser: ../src/blue-ridge/vendor/jquery.print.js 6/67
blue_ridge_browser: ../src/blue-ridge/vendor/screw.matchers.js 6/55
blue_ridge_browser: ../src/blue-ridge/vendor/jquery-1.4.2.js 839/2470
blue_ridge_browser: ../src/blue-ridge/vendor/smoke.core.js 9/25
blue_ridge_browser: ../src/blue-ridge/lib/blue-ridge.js 20/44
blue_ridge_browser: ../src/blue-ridge/vendor/smoke.stub.js 8/16
blue_ridge_browser: ../src/blue-ridge/vendor/screw.events.js 11/19
blue_ridge_browser: ../src/blue-ridge/vendor/smoke.mock.js 68/99
blue_ridge_browser: ../src/blue-ridge/vendor/screw.behaviors.js 31/37
blue_ridge_browser: ../src/blue-ridge/vendor/screw.builder.js 22/26
blue_ridge_browser: ../src/blue-ridge/vendor/screw.mocking.js 12/13
blue_ridge_browser: ../src/blue-ridge/vendor/jquery.fn.js 19/20
blue_ridge_browser: script in file:/home/rahul/research/clone-unit-coverage/src/blue-ridge/spec/javascripts/fixtures/blue_ridge_browser.html from (-1, -1) to (-1, -1) 1/1
blue_ridge_command_line: ../src/blue-ridge/vendor/smoke.core.js 1/25
blue_ridge_command_line: ../src/blue-ridge/vendor/smoke.stub.js 2/16
blue_ridge_command_line: ../src/blue-ridge/vendor/smoke.mock.js 16/99
blue_ridge_command_line: ../src/blue-ridge/lib/test_runner.js 13/55
blue_ridge_command_line: ../src/blue-ridge/vendor/screw.matchers.js 18/55
blue_ridge_command_line: ../src/blue-ridge/vendor/jquery-1.4.2.js 884/2470
blue_ridge_command_line: ../src/blue-ridge/vendor/jquery.print.js 28/67
blue_ridge_command_line: ../src/blue-ridge/vendor/screw.mocking.js 10/13
blue_ridge_command_line: ../src/blue-ridge/vendor/screw.events.js 16/19
blue_ridge_command_line: ../src/blue-ridge/vendor/screw.behaviors.js 33/37
blue_ridge_command_line: ../src/blue-ridge/vendor/screw.builder.js 24/26
blue_ridge_command_line: ../src/blue-ridge/vendor/jquery.fn.js 19/20
blue_ridge_command_line: ../src/blue-ridge/lib/blue-ridge.js 43/44
blue_ridge_command_line: script in file:/home/rahul/research/clone-unit-coverage/src/blue-ridge/spec/javascripts/fixtures/blue_ridge_command_line.html from (-1, -1) to (-1, -1) 1/1
screw.behaviors: ../src/blue-ridge/vendor/smoke.core.js 1/25
screw.behaviors: ../src/blue-ridge/vendor/jquery.print.js 6/67
screw.behaviors: ../src/blue-ridge/vendor/smoke.stub.js 2/16
screw.behaviors: ../src/blue-ridge/vendor/smoke.mock.js 16/99
screw.behaviors: ../src/blue-ridge/vendor/screw.matchers.js 12/55
screw.behaviors: ../src/blue-ridge/vendor/jquery-1.4.2.js 885/2470
screw.behaviors: ../src/blue-ridge/vendor/screw.events.js 11/19
screw.behaviors: ../src/blue-ridge/vendor/screw.mocking.js 10/13
screw.behaviors: ../src/blue-ridge/vendor/jquery.fn.js 19/20
screw.behaviors: ../src/blue-ridge/vendor/screw.behaviors.js 36/37
screw.behaviors: ../src/blue-ridge/lib/blue-ridge.js 43/44
screw.behaviors: ../src/blue-ridge/vendor/screw.builder.js 26/26
screw.behaviors: script in file:/home/rahul/research/clone-unit-coverage/src/blue-ridge/spec/javascripts/fixtures/screw.unit/screw.behaviors.html from (-1, -1) to (-1, -1) 1/1
screw.matchers: ../src/blue-ridge/vendor/smoke.core.js 1/25
screw.matchers: ../src/blue-ridge/vendor/smoke.stub.js 2/16
screw.matchers: ../src/blue-ridge/vendor/smoke.mock.js 16/99
screw.matchers: ../src/blue-ridge/vendor/jquery-1.4.2.js 854/2470
screw.matchers: ../src/blue-ridge/vendor/screw.events.js 11/19
screw.matchers: ../src/blue-ridge/vendor/jquery.print.js 44/67
screw.matchers: ../src/blue-ridge/vendor/screw.mocking.js 10/13
screw.matchers: ../src/blue-ridge/vendor/screw.behaviors.js 32/37
screw.matchers: ../src/blue-ridge/vendor/screw.builder.js 24/26
screw.matchers: ../src/blue-ridge/vendor/jquery.fn.js 19/20
screw.matchers: ../src/blue-ridge/vendor/screw.matchers.js 53/55
screw.matchers: ../src/blue-ridge/lib/blue-ridge.js 43/44
screw.matchers: script in file:/home/rahul/research/clone-unit-coverage/src/blue-ridge/spec/javascripts/fixtures/screw.unit/screw.matchers.html from (-1, -1) to (-1, -1) 1/1
blue_ridge_browser: ../src/blue-ridge/vendor/jquery.print.js 6/67
blue_ridge_browser: ../src/blue-ridge/vendor/screw.matchers.js 6/55
blue_ridge_browser: ../src/blue-ridge/vendor/jquery-1.4.2.js 839/2470
blue_ridge_browser: ../src/blue-ridge/vendor/smoke.core.js 9/25
blue_ridge_browser: ../src/blue-ridge/lib/blue-ridge.js 20/44
blue_ridge_browser: ../src/blue-ridge/vendor/smoke.stub.js 8/16
blue_ridge_browser: ../src/blue-ridge/vendor/screw.events.js 11/19
blue_ridge_browser: ../src/blue-ridge/vendor/smoke.mock.js 68/99
blue_ridge_browser: ../src/blue-ridge/vendor/screw.behaviors.js 31/37
blue_ridge_browser: ../src/blue-ridge/vendor/screw.builder.js 22/26
blue_ridge_browser: ../src/blue-ridge/vendor/screw.mocking.js 12/13
blue_ridge_browser: ../src/blue-ridge/vendor/jquery.fn.js 19/20
blue_ridge_browser: script in file:/home/rahul/research/clone-unit-coverage/src/blue-ridge/spec/javascripts/fixtures/blue_ridge_browser.html from (-1, -1) to (-1, -1) 1/1
blue_ridge_command_line: ../src/blue-ridge/vendor/smoke.core.js 1/25
blue_ridge_command_line: ../src/blue-ridge/vendor/smoke.stub.js 2/16
blue_ridge_command_line: ../src/blue-ridge/vendor/smoke.mock.js 16/99
blue_ridge_command_line: ../src/blue-ridge/lib/test_runner.js 13/55
blue_ridge_command_line: ../src/blue-ridge/vendor/screw.matchers.js 18/55
blue_ridge_command_line: ../src/blue-ridge/vendor/jquery-1.4.2.js 884/2470
blue_ridge_command_line: ../src/blue-ridge/vendor/jquery.print.js 28/67
blue_ridge_command_line: ../src/blue-ridge/vendor/screw.mocking.js 10/13
blue_ridge_command_line: ../src/blue-ridge/vendor/screw.events.js 16/19
blue_ridge_command_line: ../src/blue-ridge/vendor/screw.behaviors.js 33/37
blue_ridge_command_line: ../src/blue-ridge/vendor/screw.builder.js 24/26
blue_ridge_command_line: ../src/blue-ridge/vendor/jquery.fn.js 19/20
blue_ridge_command_line: ../src/blue-ridge/lib/blue-ridge.js 43/44
blue_ridge_command_line: script in file:/home/rahul/research/clone-unit-coverage/src/blue-ridge/spec/javascripts/fixtures/blue_ridge_command_line.html from (-1, -1) to (-1, -1) 1/1
screw.behaviors: ../src/blue-ridge/vendor/smoke.core.js 1/25
screw.behaviors: ../src/blue-ridge/vendor/jquery.print.js 6/67
screw.behaviors: ../src/blue-ridge/vendor/smoke.stub.js 2/16
screw.behaviors: ../src/blue-ridge/vendor/smoke.mock.js 16/99
screw.behaviors: ../src/blue-ridge/vendor/screw.matchers.js 12/55
screw.behaviors: ../src/blue-ridge/vendor/jquery-1.4.2.js 885/2470
screw.behaviors: ../src/blue-ridge/vendor/screw.events.js 11/19
screw.behaviors: ../src/blue-ridge/vendor/screw.mocking.js 10/13
screw.behaviors: ../src/blue-ridge/vendor/jquery.fn.js 19/20
screw.behaviors: ../src/blue-ridge/vendor/screw.behaviors.js 36/37
screw.behaviors: ../src/blue-ridge/lib/blue-ridge.js 43/44
screw.behaviors: ../src/blue-ridge/vendor/screw.builder.js 26/26
screw.behaviors: script in file:/home/rahul/research/clone-unit-coverage/src/blue-ridge/spec/javascripts/fixtures/screw.unit/screw.behaviors.html from (-1, -1) to (-1, -1) 1/1
screw.matchers: ../src/blue-ridge/vendor/smoke.core.js 1/25
screw.matchers: ../src/blue-ridge/vendor/smoke.stub.js 2/16
screw.matchers: ../src/blue-ridge/vendor/smoke.mock.js 16/99
screw.matchers: ../src/blue-ridge/vendor/jquery-1.4.2.js 854/2470
screw.matchers: ../src/blue-ridge/vendor/screw.events.js 11/19
screw.matchers: ../src/blue-ridge/vendor/jquery.print.js 44/67
screw.matchers: ../src/blue-ridge/vendor/screw.mocking.js 10/13
screw.matchers: ../src/blue-ridge/vendor/screw.behaviors.js 32/37
screw.matchers: ../src/blue-ridge/vendor/screw.builder.js 24/26
screw.matchers: ../src/blue-ridge/vendor/jquery.fn.js 19/20
screw.matchers: ../src/blue-ridge/vendor/screw.matchers.js 53/55
screw.matchers: ../src/blue-ridge/lib/blue-ridge.js 43/44
screw.matchers: script in file:/home/rahul/research/clone-unit-coverage/src/blue-ridge/spec/javascripts/fixtures/screw.unit/screw.matchers.html from (-1, -1) to (-1, -1) 1/1
screw.print: ../src/blue-ridge/vendor/smoke.core.js 1/25
screw.print: ../src/blue-ridge/vendor/smoke.stub.js 2/16
screw.print: ../src/blue-ridge/vendor/smoke.mock.js 16/99
screw.print: ../src/blue-ridge/vendor/screw.matchers.js 10/55
screw.print: ../src/blue-ridge/vendor/jquery-1.4.2.js 842/2470
screw.print: ../src/blue-ridge/vendor/screw.mocking.js 10/13
screw.print: ../src/blue-ridge/vendor/screw.events.js 15/19
screw.print: ../src/blue-ridge/vendor/screw.builder.js 22/26
screw.print: ../src/blue-ridge/vendor/screw.behaviors.js 32/37
screw.print: ../src/blue-ridge/vendor/jquery.print.js 63/67
screw.print: ../src/blue-ridge/vendor/jquery.fn.js 19/20
screw.print: ../src/blue-ridge/lib/blue-ridge.js 43/44
screw.print: script in file:/home/rahul/research/clone-unit-coverage/src/blue-ridge/spec/javascripts/fixtures/screw.unit/screw.print.html from (-1, -1) to (-1, -1) 1/1
blue_ridge_browser: ../src/blue-ridge/vendor/jquery.print.js 6/67
blue_ridge_browser: ../src/blue-ridge/vendor/screw.matchers.js 6/55
blue_ridge_browser: ../src/blue-ridge/vendor/jquery-1.4.2.js 839/2470
blue_ridge_browser: ../src/blue-ridge/vendor/smoke.core.js 9/25
blue_ridge_browser: ../src/blue-ridge/lib/blue-ridge.js 20/44
blue_ridge_browser: ../src/blue-ridge/vendor/smoke.stub.js 8/16
blue_ridge_browser: ../src/blue-ridge/vendor/screw.events.js 11/19
blue_ridge_browser: ../src/blue-ridge/vendor/smoke.mock.js 68/99
blue_ridge_browser: ../src/blue-ridge/vendor/screw.behaviors.js 31/37
blue_ridge_browser: ../src/blue-ridge/vendor/screw.builder.js 22/26
blue_ridge_browser: ../src/blue-ridge/vendor/screw.mocking.js 12/13
blue_ridge_browser: ../src/blue-ridge/vendor/jquery.fn.js 19/20
blue_ridge_browser: script in file:/home/rahul/research/clone-unit-coverage/src/blue-ridge/spec/javascripts/fixtures/blue_ridge_browser.html from (-1, -1) to (-1, -1) 1/1
blue_ridge_command_line: ../src/blue-ridge/vendor/smoke.core.js 1/25
blue_ridge_command_line: ../src/blue-ridge/vendor/smoke.stub.js 2/16
blue_ridge_command_line: ../src/blue-ridge/vendor/smoke.mock.js 16/99
blue_ridge_command_line: ../src/blue-ridge/lib/test_runner.js 13/55
blue_ridge_command_line: ../src/blue-ridge/vendor/screw.matchers.js 18/55
blue_ridge_command_line: ../src/blue-ridge/vendor/jquery-1.4.2.js 884/2470
blue_ridge_command_line: ../src/blue-ridge/vendor/jquery.print.js 28/67
blue_ridge_command_line: ../src/blue-ridge/vendor/screw.mocking.js 10/13
blue_ridge_command_line: ../src/blue-ridge/vendor/screw.events.js 16/19
blue_ridge_command_line: ../src/blue-ridge/vendor/screw.behaviors.js 33/37
blue_ridge_command_line: ../src/blue-ridge/vendor/screw.builder.js 24/26
blue_ridge_command_line: ../src/blue-ridge/vendor/jquery.fn.js 19/20
blue_ridge_command_line: ../src/blue-ridge/lib/blue-ridge.js 43/44
blue_ridge_command_line: script in file:/home/rahul/research/clone-unit-coverage/src/blue-ridge/spec/javascripts/fixtures/blue_ridge_command_line.html from (-1, -1) to (-1, -1) 1/1
screw.behaviors: ../src/blue-ridge/vendor/smoke.core.js 1/25
screw.behaviors: ../src/blue-ridge/vendor/jquery.print.js 6/67
screw.behaviors: ../src/blue-ridge/vendor/smoke.stub.js 2/16
screw.behaviors: ../src/blue-ridge/vendor/smoke.mock.js 16/99
screw.behaviors: ../src/blue-ridge/vendor/screw.matchers.js 12/55
screw.behaviors: ../src/blue-ridge/vendor/jquery-1.4.2.js 885/2470
screw.behaviors: ../src/blue-ridge/vendor/screw.events.js 11/19
screw.behaviors: ../src/blue-ridge/vendor/screw.mocking.js 10/13
screw.behaviors: ../src/blue-ridge/vendor/jquery.fn.js 19/20
screw.behaviors: ../src/blue-ridge/vendor/screw.behaviors.js 36/37
screw.behaviors: ../src/blue-ridge/lib/blue-ridge.js 43/44
screw.behaviors: ../src/blue-ridge/vendor/screw.builder.js 26/26
screw.behaviors: script in file:/home/rahul/research/clone-unit-coverage/src/blue-ridge/spec/javascripts/fixtures/screw.unit/screw.behaviors.html from (-1, -1) to (-1, -1) 1/1
screw.matchers: ../src/blue-ridge/vendor/smoke.core.js 1/25
screw.matchers: ../src/blue-ridge/vendor/smoke.stub.js 2/16
screw.matchers: ../src/blue-ridge/vendor/smoke.mock.js 16/99
screw.matchers: ../src/blue-ridge/vendor/jquery-1.4.2.js 854/2470
screw.matchers: ../src/blue-ridge/vendor/screw.events.js 11/19
screw.matchers: ../src/blue-ridge/vendor/jquery.print.js 44/67
screw.matchers: ../src/blue-ridge/vendor/screw.mocking.js 10/13
screw.matchers: ../src/blue-ridge/vendor/screw.behaviors.js 32/37
screw.matchers: ../src/blue-ridge/vendor/screw.builder.js 24/26
screw.matchers: ../src/blue-ridge/vendor/jquery.fn.js 19/20
screw.matchers: ../src/blue-ridge/vendor/screw.matchers.js 53/55
screw.matchers: ../src/blue-ridge/lib/blue-ridge.js 43/44
screw.matchers: script in file:/home/rahul/research/clone-unit-coverage/src/blue-ridge/spec/javascripts/fixtures/screw.unit/screw.matchers.html from (-1, -1) to (-1, -1) 1/1
screw.print: ../src/blue-ridge/vendor/smoke.core.js 1/25
screw.print: ../src/blue-ridge/vendor/smoke.stub.js 2/16
screw.print: ../src/blue-ridge/vendor/smoke.mock.js 16/99
screw.print: ../src/blue-ridge/vendor/screw.matchers.js 10/55
screw.print: ../src/blue-ridge/vendor/jquery-1.4.2.js 842/2470
screw.print: ../src/blue-ridge/vendor/screw.mocking.js 10/13
screw.print: ../src/blue-ridge/vendor/screw.events.js 15/19
screw.print: ../src/blue-ridge/vendor/screw.builder.js 22/26
screw.print: ../src/blue-ridge/vendor/screw.behaviors.js 32/37
screw.print: ../src/blue-ridge/vendor/jquery.print.js 63/67
screw.print: ../src/blue-ridge/vendor/jquery.fn.js 19/20
screw.print: ../src/blue-ridge/lib/blue-ridge.js 43/44
screw.print: script in file:/home/rahul/research/clone-unit-coverage/src/blue-ridge/spec/javascripts/fixtures/screw.unit/screw.print.html from (-1, -1) to (-1, -1) 1/1
core: ../src/blue-ridge/vendor/smoke.stub.js 2/16
core: ../src/blue-ridge/vendor/smoke.mock.js 16/99
core: ../src/blue-ridge/vendor/jquery.print.js 12/67
core: ../src/blue-ridge/vendor/screw.matchers.js 11/55
core: ../src/blue-ridge/vendor/jquery-1.4.2.js 839/2470
core: ../src/blue-ridge/vendor/screw.events.js 11/19
core: ../src/blue-ridge/vendor/screw.mocking.js 10/13
core: ../src/blue-ridge/vendor/screw.behaviors.js 31/37
core: ../src/blue-ridge/vendor/screw.builder.js 22/26
core: ../src/blue-ridge/vendor/jquery.fn.js 19/20
core: ../src/blue-ridge/vendor/smoke.core.js 24/25
core: ../src/blue-ridge/lib/blue-ridge.js 43/44
core: script in file:/home/rahul/research/clone-unit-coverage/src/blue-ridge/spec/javascripts/fixtures/smoke/core.html from (-1, -1) to (-1, -1) 1/1
blue_ridge_browser: ../src/blue-ridge/vendor/jquery.print.js 6/67
blue_ridge_browser: ../src/blue-ridge/vendor/screw.matchers.js 6/55
blue_ridge_browser: ../src/blue-ridge/vendor/jquery-1.4.2.js 839/2470
blue_ridge_browser: ../src/blue-ridge/vendor/smoke.core.js 9/25
blue_ridge_browser: ../src/blue-ridge/lib/blue-ridge.js 20/44
blue_ridge_browser: ../src/blue-ridge/vendor/smoke.stub.js 8/16
blue_ridge_browser: ../src/blue-ridge/vendor/screw.events.js 11/19
blue_ridge_browser: ../src/blue-ridge/vendor/smoke.mock.js 68/99
blue_ridge_browser: ../src/blue-ridge/vendor/screw.behaviors.js 31/37
blue_ridge_browser: ../src/blue-ridge/vendor/screw.builder.js 22/26
blue_ridge_browser: ../src/blue-ridge/vendor/screw.mocking.js 12/13
blue_ridge_browser: ../src/blue-ridge/vendor/jquery.fn.js 19/20
blue_ridge_browser: script in file:/home/rahul/research/clone-unit-coverage/src/blue-ridge/spec/javascripts/fixtures/blue_ridge_browser.html from (-1, -1) to (-1, -1) 1/1
blue_ridge_command_line: ../src/blue-ridge/vendor/smoke.core.js 1/25
blue_ridge_command_line: ../src/blue-ridge/vendor/smoke.stub.js 2/16
blue_ridge_command_line: ../src/blue-ridge/vendor/smoke.mock.js 16/99
blue_ridge_command_line: ../src/blue-ridge/lib/test_runner.js 13/55
blue_ridge_command_line: ../src/blue-ridge/vendor/screw.matchers.js 18/55
blue_ridge_command_line: ../src/blue-ridge/vendor/jquery-1.4.2.js 884/2470
blue_ridge_command_line: ../src/blue-ridge/vendor/jquery.print.js 28/67
blue_ridge_command_line: ../src/blue-ridge/vendor/screw.mocking.js 10/13
blue_ridge_command_line: ../src/blue-ridge/vendor/screw.events.js 16/19
blue_ridge_command_line: ../src/blue-ridge/vendor/screw.behaviors.js 33/37
blue_ridge_command_line: ../src/blue-ridge/vendor/screw.builder.js 24/26
blue_ridge_command_line: ../src/blue-ridge/vendor/jquery.fn.js 19/20
blue_ridge_command_line: ../src/blue-ridge/lib/blue-ridge.js 43/44
blue_ridge_command_line: script in file:/home/rahul/research/clone-unit-coverage/src/blue-ridge/spec/javascripts/fixtures/blue_ridge_command_line.html from (-1, -1) to (-1, -1) 1/1
screw.behaviors: ../src/blue-ridge/vendor/smoke.core.js 1/25
screw.behaviors: ../src/blue-ridge/vendor/jquery.print.js 6/67
screw.behaviors: ../src/blue-ridge/vendor/smoke.stub.js 2/16
screw.behaviors: ../src/blue-ridge/vendor/smoke.mock.js 16/99
screw.behaviors: ../src/blue-ridge/vendor/screw.matchers.js 12/55
screw.behaviors: ../src/blue-ridge/vendor/jquery-1.4.2.js 885/2470
screw.behaviors: ../src/blue-ridge/vendor/screw.events.js 11/19
screw.behaviors: ../src/blue-ridge/vendor/screw.mocking.js 10/13
screw.behaviors: ../src/blue-ridge/vendor/jquery.fn.js 19/20
screw.behaviors: ../src/blue-ridge/vendor/screw.behaviors.js 36/37
screw.behaviors: ../src/blue-ridge/lib/blue-ridge.js 43/44
screw.behaviors: ../src/blue-ridge/vendor/screw.builder.js 26/26
screw.behaviors: script in file:/home/rahul/research/clone-unit-coverage/src/blue-ridge/spec/javascripts/fixtures/screw.unit/screw.behaviors.html from (-1, -1) to (-1, -1) 1/1
screw.matchers: ../src/blue-ridge/vendor/smoke.core.js 1/25
screw.matchers: ../src/blue-ridge/vendor/smoke.stub.js 2/16
screw.matchers: ../src/blue-ridge/vendor/smoke.mock.js 16/99
screw.matchers: ../src/blue-ridge/vendor/jquery-1.4.2.js 854/2470
screw.matchers: ../src/blue-ridge/vendor/screw.events.js 11/19
screw.matchers: ../src/blue-ridge/vendor/jquery.print.js 44/67
screw.matchers: ../src/blue-ridge/vendor/screw.mocking.js 10/13
screw.matchers: ../src/blue-ridge/vendor/screw.behaviors.js 32/37
screw.matchers: ../src/blue-ridge/vendor/screw.builder.js 24/26
screw.matchers: ../src/blue-ridge/vendor/jquery.fn.js 19/20
screw.matchers: ../src/blue-ridge/vendor/screw.matchers.js 53/55
screw.matchers: ../src/blue-ridge/lib/blue-ridge.js 43/44
screw.matchers: script in file:/home/rahul/research/clone-unit-coverage/src/blue-ridge/spec/javascripts/fixtures/screw.unit/screw.matchers.html from (-1, -1) to (-1, -1) 1/1
screw.print: ../src/blue-ridge/vendor/smoke.core.js 1/25
screw.print: ../src/blue-ridge/vendor/smoke.stub.js 2/16
screw.print: ../src/blue-ridge/vendor/smoke.mock.js 16/99
screw.print: ../src/blue-ridge/vendor/screw.matchers.js 10/55
screw.print: ../src/blue-ridge/vendor/jquery-1.4.2.js 842/2470
screw.print: ../src/blue-ridge/vendor/screw.mocking.js 10/13
screw.print: ../src/blue-ridge/vendor/screw.events.js 15/19
screw.print: ../src/blue-ridge/vendor/screw.builder.js 22/26
screw.print: ../src/blue-ridge/vendor/screw.behaviors.js 32/37
screw.print: ../src/blue-ridge/vendor/jquery.print.js 63/67
screw.print: ../src/blue-ridge/vendor/jquery.fn.js 19/20
screw.print: ../src/blue-ridge/lib/blue-ridge.js 43/44
screw.print: script in file:/home/rahul/research/clone-unit-coverage/src/blue-ridge/spec/javascripts/fixtures/screw.unit/screw.print.html from (-1, -1) to (-1, -1) 1/1
core: ../src/blue-ridge/vendor/smoke.stub.js 2/16
core: ../src/blue-ridge/vendor/smoke.mock.js 16/99
core: ../src/blue-ridge/vendor/jquery.print.js 12/67
core: ../src/blue-ridge/vendor/screw.matchers.js 11/55
core: ../src/blue-ridge/vendor/jquery-1.4.2.js 839/2470
core: ../src/blue-ridge/vendor/screw.events.js 11/19
core: ../src/blue-ridge/vendor/screw.mocking.js 10/13
core: ../src/blue-ridge/vendor/screw.behaviors.js 31/37
core: ../src/blue-ridge/vendor/screw.builder.js 22/26
core: ../src/blue-ridge/vendor/jquery.fn.js 19/20
core: ../src/blue-ridge/vendor/smoke.core.js 24/25
core: ../src/blue-ridge/lib/blue-ridge.js 43/44
core: script in file:/home/rahul/research/clone-unit-coverage/src/blue-ridge/spec/javascripts/fixtures/smoke/core.html from (-1, -1) to (-1, -1) 1/1
mock: ../src/blue-ridge/vendor/screw.matchers.js 11/55
mock: ../src/blue-ridge/vendor/jquery.print.js 18/67
mock: ../src/blue-ridge/vendor/jquery-1.4.2.js 839/2470
mock: ../src/blue-ridge/vendor/smoke.stub.js 8/16
mock: ../src/blue-ridge/vendor/screw.events.js 11/19
mock: ../src/blue-ridge/vendor/smoke.core.js 20/25
mock: ../src/blue-ridge/vendor/screw.behaviors.js 33/37
mock: ../src/blue-ridge/vendor/screw.mocking.js 12/13
mock: ../src/blue-ridge/vendor/jquery.fn.js 19/20
mock: ../src/blue-ridge/vendor/smoke.mock.js 97/99
mock: ../src/blue-ridge/lib/blue-ridge.js 43/44
mock: ../src/blue-ridge/vendor/screw.builder.js 26/26
mock: script in file:/home/rahul/research/clone-unit-coverage/src/blue-ridge/spec/javascripts/fixtures/smoke/mock.html from (-1, -1) to (-1, -1) 1/1
blue_ridge_browser: ../src/blue-ridge/vendor/jquery.print.js 6/67
blue_ridge_browser: ../src/blue-ridge/vendor/screw.matchers.js 6/55
blue_ridge_browser: ../src/blue-ridge/vendor/jquery-1.4.2.js 839/2470
blue_ridge_browser: ../src/blue-ridge/vendor/smoke.core.js 9/25
blue_ridge_browser: ../src/blue-ridge/lib/blue-ridge.js 20/44
blue_ridge_browser: ../src/blue-ridge/vendor/smoke.stub.js 8/16
blue_ridge_browser: ../src/blue-ridge/vendor/screw.events.js 11/19
blue_ridge_browser: ../src/blue-ridge/vendor/smoke.mock.js 68/99
blue_ridge_browser: ../src/blue-ridge/vendor/screw.behaviors.js 31/37
blue_ridge_browser: ../src/blue-ridge/vendor/screw.builder.js 22/26
blue_ridge_browser: ../src/blue-ridge/vendor/screw.mocking.js 12/13
blue_ridge_browser: ../src/blue-ridge/vendor/jquery.fn.js 19/20
blue_ridge_browser: script in file:/home/rahul/research/clone-unit-coverage/src/blue-ridge/spec/javascripts/fixtures/blue_ridge_browser.html from (-1, -1) to (-1, -1) 1/1
blue_ridge_command_line: ../src/blue-ridge/vendor/smoke.core.js 1/25
blue_ridge_command_line: ../src/blue-ridge/vendor/smoke.stub.js 2/16
blue_ridge_command_line: ../src/blue-ridge/vendor/smoke.mock.js 16/99
blue_ridge_command_line: ../src/blue-ridge/lib/test_runner.js 13/55
blue_ridge_command_line: ../src/blue-ridge/vendor/screw.matchers.js 18/55
blue_ridge_command_line: ../src/blue-ridge/vendor/jquery-1.4.2.js 884/2470
blue_ridge_command_line: ../src/blue-ridge/vendor/jquery.print.js 28/67
blue_ridge_command_line: ../src/blue-ridge/vendor/screw.mocking.js 10/13
blue_ridge_command_line: ../src/blue-ridge/vendor/screw.events.js 16/19
blue_ridge_command_line: ../src/blue-ridge/vendor/screw.behaviors.js 33/37
blue_ridge_command_line: ../src/blue-ridge/vendor/screw.builder.js 24/26
blue_ridge_command_line: ../src/blue-ridge/vendor/jquery.fn.js 19/20
blue_ridge_command_line: ../src/blue-ridge/lib/blue-ridge.js 43/44
blue_ridge_command_line: script in file:/home/rahul/research/clone-unit-coverage/src/blue-ridge/spec/javascripts/fixtures/blue_ridge_command_line.html from (-1, -1) to (-1, -1) 1/1
screw.behaviors: ../src/blue-ridge/vendor/smoke.core.js 1/25
screw.behaviors: ../src/blue-ridge/vendor/jquery.print.js 6/67
screw.behaviors: ../src/blue-ridge/vendor/smoke.stub.js 2/16
screw.behaviors: ../src/blue-ridge/vendor/smoke.mock.js 16/99
screw.behaviors: ../src/blue-ridge/vendor/screw.matchers.js 12/55
screw.behaviors: ../src/blue-ridge/vendor/jquery-1.4.2.js 885/2470
screw.behaviors: ../src/blue-ridge/vendor/screw.events.js 11/19
screw.behaviors: ../src/blue-ridge/vendor/screw.mocking.js 10/13
screw.behaviors: ../src/blue-ridge/vendor/jquery.fn.js 19/20
screw.behaviors: ../src/blue-ridge/vendor/screw.behaviors.js 36/37
screw.behaviors: ../src/blue-ridge/lib/blue-ridge.js 43/44
screw.behaviors: ../src/blue-ridge/vendor/screw.builder.js 26/26
screw.behaviors: script in file:/home/rahul/research/clone-unit-coverage/src/blue-ridge/spec/javascripts/fixtures/screw.unit/screw.behaviors.html from (-1, -1) to (-1, -1) 1/1
screw.matchers: ../src/blue-ridge/vendor/smoke.core.js 1/25
screw.matchers: ../src/blue-ridge/vendor/smoke.stub.js 2/16
screw.matchers: ../src/blue-ridge/vendor/smoke.mock.js 16/99
screw.matchers: ../src/blue-ridge/vendor/jquery-1.4.2.js 854/2470
screw.matchers: ../src/blue-ridge/vendor/screw.events.js 11/19
screw.matchers: ../src/blue-ridge/vendor/jquery.print.js 44/67
screw.matchers: ../src/blue-ridge/vendor/screw.mocking.js 10/13
screw.matchers: ../src/blue-ridge/vendor/screw.behaviors.js 32/37
screw.matchers: ../src/blue-ridge/vendor/screw.builder.js 24/26
screw.matchers: ../src/blue-ridge/vendor/jquery.fn.js 19/20
screw.matchers: ../src/blue-ridge/vendor/screw.matchers.js 53/55
screw.matchers: ../src/blue-ridge/lib/blue-ridge.js 43/44
screw.matchers: script in file:/home/rahul/research/clone-unit-coverage/src/blue-ridge/spec/javascripts/fixtures/screw.unit/screw.matchers.html from (-1, -1) to (-1, -1) 1/1
screw.print: ../src/blue-ridge/vendor/smoke.core.js 1/25
screw.print: ../src/blue-ridge/vendor/smoke.stub.js 2/16
screw.print: ../src/blue-ridge/vendor/smoke.mock.js 16/99
screw.print: ../src/blue-ridge/vendor/screw.matchers.js 10/55
screw.print: ../src/blue-ridge/vendor/jquery-1.4.2.js 842/2470
screw.print: ../src/blue-ridge/vendor/screw.mocking.js 10/13
screw.print: ../src/blue-ridge/vendor/screw.events.js 15/19
screw.print: ../src/blue-ridge/vendor/screw.builder.js 22/26
screw.print: ../src/blue-ridge/vendor/screw.behaviors.js 32/37
screw.print: ../src/blue-ridge/vendor/jquery.print.js 63/67
screw.print: ../src/blue-ridge/vendor/jquery.fn.js 19/20
screw.print: ../src/blue-ridge/lib/blue-ridge.js 43/44
screw.print: script in file:/home/rahul/research/clone-unit-coverage/src/blue-ridge/spec/javascripts/fixtures/screw.unit/screw.print.html from (-1, -1) to (-1, -1) 1/1
core: ../src/blue-ridge/vendor/smoke.stub.js 2/16
core: ../src/blue-ridge/vendor/smoke.mock.js 16/99
core: ../src/blue-ridge/vendor/jquery.print.js 12/67
core: ../src/blue-ridge/vendor/screw.matchers.js 11/55
core: ../src/blue-ridge/vendor/jquery-1.4.2.js 839/2470
core: ../src/blue-ridge/vendor/screw.events.js 11/19
core: ../src/blue-ridge/vendor/screw.mocking.js 10/13
core: ../src/blue-ridge/vendor/screw.behaviors.js 31/37
core: ../src/blue-ridge/vendor/screw.builder.js 22/26
core: ../src/blue-ridge/vendor/jquery.fn.js 19/20
core: ../src/blue-ridge/vendor/smoke.core.js 24/25
core: ../src/blue-ridge/lib/blue-ridge.js 43/44
core: script in file:/home/rahul/research/clone-unit-coverage/src/blue-ridge/spec/javascripts/fixtures/smoke/core.html from (-1, -1) to (-1, -1) 1/1
mock: ../src/blue-ridge/vendor/screw.matchers.js 11/55
mock: ../src/blue-ridge/vendor/jquery.print.js 18/67
mock: ../src/blue-ridge/vendor/jquery-1.4.2.js 839/2470
mock: ../src/blue-ridge/vendor/smoke.stub.js 8/16
mock: ../src/blue-ridge/vendor/screw.events.js 11/19
mock: ../src/blue-ridge/vendor/smoke.core.js 20/25
mock: ../src/blue-ridge/vendor/screw.behaviors.js 33/37
mock: ../src/blue-ridge/vendor/screw.mocking.js 12/13
mock: ../src/blue-ridge/vendor/jquery.fn.js 19/20
mock: ../src/blue-ridge/vendor/smoke.mock.js 97/99
mock: ../src/blue-ridge/lib/blue-ridge.js 43/44
mock: ../src/blue-ridge/vendor/screw.builder.js 26/26
mock: script in file:/home/rahul/research/clone-unit-coverage/src/blue-ridge/spec/javascripts/fixtures/smoke/mock.html from (-1, -1) to (-1, -1) 1/1
screw_integration: ../src/blue-ridge/vendor/smoke.core.js 1/25
screw_integration: ../src/blue-ridge/vendor/jquery.print.js 6/67
screw_integration: ../src/blue-ridge/vendor/screw.matchers.js 11/55
screw_integration: ../src/blue-ridge/vendor/jquery-1.4.2.js 838/2470
screw_integration: ../src/blue-ridge/vendor/smoke.mock.js 33/99
screw_integration: ../src/blue-ridge/vendor/smoke.stub.js 7/16
screw_integration: ../src/blue-ridge/vendor/screw.events.js 11/19
screw_integration: ../src/blue-ridge/vendor/screw.behaviors.js 32/37
screw_integration: ../src/blue-ridge/vendor/screw.builder.js 24/26
screw_integration: ../src/blue-ridge/vendor/screw.mocking.js 12/13
screw_integration: ../src/blue-ridge/vendor/jquery.fn.js 19/20
screw_integration: ../src/blue-ridge/lib/blue-ridge.js 43/44
screw_integration: script in file:/home/rahul/research/clone-unit-coverage/src/blue-ridge/spec/javascripts/fixtures/smoke/screw_integration.html from (-1, -1) to (-1, -1) 1/1
blue_ridge_browser: ../src/blue-ridge/vendor/jquery.print.js 6/67
blue_ridge_browser: ../src/blue-ridge/vendor/screw.matchers.js 6/55
blue_ridge_browser: ../src/blue-ridge/vendor/jquery-1.4.2.js 839/2470
blue_ridge_browser: ../src/blue-ridge/vendor/smoke.core.js 9/25
blue_ridge_browser: ../src/blue-ridge/lib/blue-ridge.js 20/44
blue_ridge_browser: ../src/blue-ridge/vendor/smoke.stub.js 8/16
blue_ridge_browser: ../src/blue-ridge/vendor/screw.events.js 11/19
blue_ridge_browser: ../src/blue-ridge/vendor/smoke.mock.js 68/99
blue_ridge_browser: ../src/blue-ridge/vendor/screw.behaviors.js 31/37
blue_ridge_browser: ../src/blue-ridge/vendor/screw.builder.js 22/26
blue_ridge_browser: ../src/blue-ridge/vendor/screw.mocking.js 12/13
blue_ridge_browser: ../src/blue-ridge/vendor/jquery.fn.js 19/20
blue_ridge_browser: script in file:/home/rahul/research/clone-unit-coverage/src/blue-ridge/spec/javascripts/fixtures/blue_ridge_browser.html from (-1, -1) to (-1, -1) 1/1
blue_ridge_command_line: ../src/blue-ridge/vendor/smoke.core.js 1/25
blue_ridge_command_line: ../src/blue-ridge/vendor/smoke.stub.js 2/16
blue_ridge_command_line: ../src/blue-ridge/vendor/smoke.mock.js 16/99
blue_ridge_command_line: ../src/blue-ridge/lib/test_runner.js 13/55
blue_ridge_command_line: ../src/blue-ridge/vendor/screw.matchers.js 18/55
blue_ridge_command_line: ../src/blue-ridge/vendor/jquery-1.4.2.js 884/2470
blue_ridge_command_line: ../src/blue-ridge/vendor/jquery.print.js 28/67
blue_ridge_command_line: ../src/blue-ridge/vendor/screw.mocking.js 10/13
blue_ridge_command_line: ../src/blue-ridge/vendor/screw.events.js 16/19
blue_ridge_command_line: ../src/blue-ridge/vendor/screw.behaviors.js 33/37
blue_ridge_command_line: ../src/blue-ridge/vendor/screw.builder.js 24/26
blue_ridge_command_line: ../src/blue-ridge/vendor/jquery.fn.js 19/20
blue_ridge_command_line: ../src/blue-ridge/lib/blue-ridge.js 43/44
blue_ridge_command_line: script in file:/home/rahul/research/clone-unit-coverage/src/blue-ridge/spec/javascripts/fixtures/blue_ridge_command_line.html from (-1, -1) to (-1, -1) 1/1
screw.behaviors: ../src/blue-ridge/vendor/smoke.core.js 1/25
screw.behaviors: ../src/blue-ridge/vendor/jquery.print.js 6/67
screw.behaviors: ../src/blue-ridge/vendor/smoke.stub.js 2/16
screw.behaviors: ../src/blue-ridge/vendor/smoke.mock.js 16/99
screw.behaviors: ../src/blue-ridge/vendor/screw.matchers.js 12/55
screw.behaviors: ../src/blue-ridge/vendor/jquery-1.4.2.js 885/2470
screw.behaviors: ../src/blue-ridge/vendor/screw.events.js 11/19
screw.behaviors: ../src/blue-ridge/vendor/screw.mocking.js 10/13
screw.behaviors: ../src/blue-ridge/vendor/jquery.fn.js 19/20
screw.behaviors: ../src/blue-ridge/vendor/screw.behaviors.js 36/37
screw.behaviors: ../src/blue-ridge/lib/blue-ridge.js 43/44
screw.behaviors: ../src/blue-ridge/vendor/screw.builder.js 26/26
screw.behaviors: script in file:/home/rahul/research/clone-unit-coverage/src/blue-ridge/spec/javascripts/fixtures/screw.unit/screw.behaviors.html from (-1, -1) to (-1, -1) 1/1
screw.matchers: ../src/blue-ridge/vendor/smoke.core.js 1/25
screw.matchers: ../src/blue-ridge/vendor/smoke.stub.js 2/16
screw.matchers: ../src/blue-ridge/vendor/smoke.mock.js 16/99
screw.matchers: ../src/blue-ridge/vendor/jquery-1.4.2.js 854/2470
screw.matchers: ../src/blue-ridge/vendor/screw.events.js 11/19
screw.matchers: ../src/blue-ridge/vendor/jquery.print.js 44/67
screw.matchers: ../src/blue-ridge/vendor/screw.mocking.js 10/13
screw.matchers: ../src/blue-ridge/vendor/screw.behaviors.js 32/37
screw.matchers: ../src/blue-ridge/vendor/screw.builder.js 24/26
screw.matchers: ../src/blue-ridge/vendor/jquery.fn.js 19/20
screw.matchers: ../src/blue-ridge/vendor/screw.matchers.js 53/55
screw.matchers: ../src/blue-ridge/lib/blue-ridge.js 43/44
screw.matchers: script in file:/home/rahul/research/clone-unit-coverage/src/blue-ridge/spec/javascripts/fixtures/screw.unit/screw.matchers.html from (-1, -1) to (-1, -1) 1/1
screw.print: ../src/blue-ridge/vendor/smoke.core.js 1/25
screw.print: ../src/blue-ridge/vendor/smoke.stub.js 2/16
screw.print: ../src/blue-ridge/vendor/smoke.mock.js 16/99
screw.print: ../src/blue-ridge/vendor/screw.matchers.js 10/55
screw.print: ../src/blue-ridge/vendor/jquery-1.4.2.js 842/2470
screw.print: ../src/blue-ridge/vendor/screw.mocking.js 10/13
screw.print: ../src/blue-ridge/vendor/screw.events.js 15/19
screw.print: ../src/blue-ridge/vendor/screw.builder.js 22/26
screw.print: ../src/blue-ridge/vendor/screw.behaviors.js 32/37
screw.print: ../src/blue-ridge/vendor/jquery.print.js 63/67
screw.print: ../src/blue-ridge/vendor/jquery.fn.js 19/20
screw.print: ../src/blue-ridge/lib/blue-ridge.js 43/44
screw.print: script in file:/home/rahul/research/clone-unit-coverage/src/blue-ridge/spec/javascripts/fixtures/screw.unit/screw.print.html from (-1, -1) to (-1, -1) 1/1
core: ../src/blue-ridge/vendor/smoke.stub.js 2/16
core: ../src/blue-ridge/vendor/smoke.mock.js 16/99
core: ../src/blue-ridge/vendor/jquery.print.js 12/67
core: ../src/blue-ridge/vendor/screw.matchers.js 11/55
core: ../src/blue-ridge/vendor/jquery-1.4.2.js 839/2470
core: ../src/blue-ridge/vendor/screw.events.js 11/19
core: ../src/blue-ridge/vendor/screw.mocking.js 10/13
core: ../src/blue-ridge/vendor/screw.behaviors.js 31/37
core: ../src/blue-ridge/vendor/screw.builder.js 22/26
core: ../src/blue-ridge/vendor/jquery.fn.js 19/20
core: ../src/blue-ridge/vendor/smoke.core.js 24/25
core: ../src/blue-ridge/lib/blue-ridge.js 43/44
core: script in file:/home/rahul/research/clone-unit-coverage/src/blue-ridge/spec/javascripts/fixtures/smoke/core.html from (-1, -1) to (-1, -1) 1/1
mock: ../src/blue-ridge/vendor/screw.matchers.js 11/55
mock: ../src/blue-ridge/vendor/jquery.print.js 18/67
mock: ../src/blue-ridge/vendor/jquery-1.4.2.js 839/2470
mock: ../src/blue-ridge/vendor/smoke.stub.js 8/16
mock: ../src/blue-ridge/vendor/screw.events.js 11/19
mock: ../src/blue-ridge/vendor/smoke.core.js 20/25
mock: ../src/blue-ridge/vendor/screw.behaviors.js 33/37
mock: ../src/blue-ridge/vendor/screw.mocking.js 12/13
mock: ../src/blue-ridge/vendor/jquery.fn.js 19/20
mock: ../src/blue-ridge/vendor/smoke.mock.js 97/99
mock: ../src/blue-ridge/lib/blue-ridge.js 43/44
mock: ../src/blue-ridge/vendor/screw.builder.js 26/26
mock: script in file:/home/rahul/research/clone-unit-coverage/src/blue-ridge/spec/javascripts/fixtures/smoke/mock.html from (-1, -1) to (-1, -1) 1/1
screw_integration: ../src/blue-ridge/vendor/smoke.core.js 1/25
screw_integration: ../src/blue-ridge/vendor/jquery.print.js 6/67
screw_integration: ../src/blue-ridge/vendor/screw.matchers.js 11/55
screw_integration: ../src/blue-ridge/vendor/jquery-1.4.2.js 838/2470
screw_integration: ../src/blue-ridge/vendor/smoke.mock.js 33/99
screw_integration: ../src/blue-ridge/vendor/smoke.stub.js 7/16
screw_integration: ../src/blue-ridge/vendor/screw.events.js 11/19
screw_integration: ../src/blue-ridge/vendor/screw.behaviors.js 32/37
screw_integration: ../src/blue-ridge/vendor/screw.builder.js 24/26
screw_integration: ../src/blue-ridge/vendor/screw.mocking.js 12/13
screw_integration: ../src/blue-ridge/vendor/jquery.fn.js 19/20
screw_integration: ../src/blue-ridge/lib/blue-ridge.js 43/44
screw_integration: script in file:/home/rahul/research/clone-unit-coverage/src/blue-ridge/spec/javascripts/fixtures/smoke/screw_integration.html from (-1, -1) to (-1, -1) 1/1
stub: ../src/blue-ridge/vendor/smoke.core.js 1/25
stub: ../src/blue-ridge/vendor/jquery.print.js 6/67
stub: ../src/blue-ridge/vendor/screw.matchers.js 6/55
stub: ../src/blue-ridge/vendor/smoke.mock.js 16/99
stub: ../src/blue-ridge/vendor/jquery-1.4.2.js 838/2470
stub: ../src/blue-ridge/vendor/screw.events.js 11/19
stub: ../src/blue-ridge/vendor/smoke.stub.js 10/16
stub: ../src/blue-ridge/vendor/screw.mocking.js 11/13
stub: ../src/blue-ridge/vendor/screw.behaviors.js 32/37
stub: ../src/blue-ridge/vendor/screw.builder.js 24/26
stub: ../src/blue-ridge/vendor/jquery.fn.js 19/20
stub: ../src/blue-ridge/lib/blue-ridge.js 43/44
stub: script in file:/home/rahul/research/clone-unit-coverage/src/blue-ridge/spec/javascripts/fixtures/smoke/stub.html from (-1, -1) to (-1, -1) 1/1
