SpecRunner: ../src/brackets/src/command/Menus.js 1/304
SpecRunner: ../src/brackets/src/document/DocumentManager.js 1/310
SpecRunner: ../src/brackets/src/editor/CodeHintManager.js 1/135
SpecRunner: ../src/brackets/src/editor/Editor.js 1/337
SpecRunner: ../src/brackets/src/editor/EditorManager.js 1/182
SpecRunner: ../src/brackets/src/editor/MultiRangeInlineEditor.js 1/181
SpecRunner: ../src/brackets/src/language/CSSUtils.js 1/213
SpecRunner: ../src/brackets/src/language/JSUtils.js 1/145
SpecRunner: ../src/brackets/src/project/FileIndexManager.js 1/120
SpecRunner: ../src/brackets/src/project/ProjectManager.js 1/286
SpecRunner: ../src/brackets/src/editor/EditorCommandHandlers.js 1/64
SpecRunner: ../src/brackets/src/editor/InlineTextEditor.js 1/93
SpecRunner: ../src/brackets/src/project/FileViewController.js 1/53
SpecRunner: ../src/brackets/src/editor/EditorUtils.js 1/45
SpecRunner: ../src/brackets/src/preferences/PreferenceStorage.js 1/48
SpecRunner: ../src/brackets/src/document/ChangedDocumentTracker.js 1/33
SpecRunner: ../src/brackets/src/preferences/PreferencesManager.js 1/33
SpecRunner: ../src/brackets/src/editor/InlineWidget.js 1/21
SpecRunner: ../src/brackets/src/thirdparty/jstree_pre1.0_fix_1/jquery.jstree.js 130/2310
SpecRunner: ../src/brackets/src/language/HTMLUtils.js 21/141
SpecRunner: ../src/brackets/src/utils/ViewUtils.js 17/111
SpecRunner: ../src/brackets/src/command/KeyBindingManager.js 30/179
SpecRunner: ../src/brackets/src/utils/Async.js 12/68
SpecRunner: ../src/brackets/src/file/NativeFileSystem.js 59/276
SpecRunner: ../src/brackets/src/document/TextRange.js 12/49
SpecRunner: ../src/brackets/src/utils/ExtensionLoader.js 14/55
SpecRunner: ../src/brackets/src/widgets/Dialogs.js 22/76
SpecRunner: ../src/brackets/src/file/FileUtils.js 27/93
SpecRunner: ../src/brackets/src/thirdparty/text.js 32/95
SpecRunner: ../src/brackets/src/command/CommandManager.js 23/67
SpecRunner: ../src/brackets/src/utils/PerfUtils.js 36/98
SpecRunner: ../src/brackets/src/utils/StringUtils.js 14/33
SpecRunner: ../src/brackets/src/command/Commands.js 47/47
SpecRunner: ../src/brackets/src/strings.js 90/90
SpecRunner: ../src/brackets/src/thirdparty/jquery-1.7.min.js 3/3
SpecRunner: ../src/brackets/src/thirdparty/require.js 26/26
