can_dojo: ../src/steal/dev/dev.js 1/24
can_dojo: ../src/funcunit/qunit/qunit.js 119/751
can_dojo: ../src/funcunit/browser/events.js 4/19
can_dojo: http:/ajax.googleapis.com/ajax/libs/dojo/1.7.1/dojo/dojo.js.uncompressed.js 1160/4146
can_dojo: ../src/steal/steal.js 419/636
can_dojo: ../src/steal/dev/dev.js 1/24
can_dojo: ../src/funcunit/qunit/qunit.js 119/751
can_dojo: ../src/funcunit/browser/events.js 4/19
can_dojo: http:/ajax.googleapis.com/ajax/libs/dojo/1.7.1/dojo/dojo.js.uncompressed.js 1160/4146
can_dojo: ../src/steal/steal.js 419/636
can_jquery: ../src/steal/dev/dev.js 1/24
can_jquery: ../src/steal/steal.js 408/636
can_dojo: ../src/steal/dev/dev.js 1/24
can_dojo: ../src/funcunit/qunit/qunit.js 119/751
can_dojo: ../src/funcunit/browser/events.js 4/19
can_dojo: http:/ajax.googleapis.com/ajax/libs/dojo/1.7.1/dojo/dojo.js.uncompressed.js 1160/4146
can_dojo: ../src/steal/steal.js 419/636
can_jquery: ../src/steal/dev/dev.js 1/24
can_jquery: ../src/steal/steal.js 408/636
can_mootools: ../src/steal/dev/dev.js 1/24
can_mootools: ../src/steal/steal.js 408/636
can_dojo: ../src/steal/dev/dev.js 1/24
can_dojo: ../src/funcunit/qunit/qunit.js 119/751
can_dojo: ../src/funcunit/browser/events.js 4/19
can_dojo: http:/ajax.googleapis.com/ajax/libs/dojo/1.7.1/dojo/dojo.js.uncompressed.js 1160/4146
can_dojo: ../src/steal/steal.js 419/636
can_jquery: ../src/steal/dev/dev.js 1/24
can_jquery: ../src/steal/steal.js 408/636
can_mootools: ../src/steal/dev/dev.js 1/24
can_mootools: ../src/steal/steal.js 408/636
can_yui: ../src/steal/dev/dev.js 1/24
can_yui: http:/yui.yahooapis.com/3.4.1/build/yui/yui.js 947/1806
can_yui: ../src/steal/steal.js 412/636
can_yui: http:/yui.yahooapis.com/combo?3.4.1/build/oop/oop-min.js&3.4.1/build/event-custom-base/event-custom-base-min.js&3.4.1/build/event-custom-complex/event-custom-complex-min.js&3.4.1/build/intl/intl-min.js 4/6
can_dojo: ../src/steal/dev/dev.js 1/24
can_dojo: ../src/funcunit/qunit/qunit.js 119/751
can_dojo: ../src/funcunit/browser/events.js 4/19
can_dojo: http:/ajax.googleapis.com/ajax/libs/dojo/1.7.1/dojo/dojo.js.uncompressed.js 1160/4146
can_dojo: ../src/steal/steal.js 419/636
can_jquery: ../src/steal/dev/dev.js 1/24
can_jquery: ../src/steal/steal.js 408/636
can_mootools: ../src/steal/dev/dev.js 1/24
can_mootools: ../src/steal/steal.js 408/636
can_yui: ../src/steal/dev/dev.js 1/24
can_yui: http:/yui.yahooapis.com/3.4.1/build/yui/yui.js 947/1806
can_yui: ../src/steal/steal.js 412/636
can_yui: http:/yui.yahooapis.com/combo?3.4.1/build/oop/oop-min.js&3.4.1/build/event-custom-base/event-custom-base-min.js&3.4.1/build/event-custom-complex/event-custom-complex-min.js&3.4.1/build/intl/intl-min.js 4/6
can_zepto: ../src/steal/dev/dev.js 1/24
can_zepto: ../src/steal/steal.js 408/636
can_dojo: ../src/steal/dev/dev.js 1/24
can_dojo: ../src/funcunit/qunit/qunit.js 119/751
can_dojo: ../src/funcunit/browser/events.js 4/19
can_dojo: http:/ajax.googleapis.com/ajax/libs/dojo/1.7.1/dojo/dojo.js.uncompressed.js 1160/4146
can_dojo: ../src/steal/steal.js 419/636
can_jquery: ../src/steal/dev/dev.js 1/24
can_jquery: ../src/steal/steal.js 408/636
can_mootools: ../src/steal/dev/dev.js 1/24
can_mootools: ../src/steal/steal.js 408/636
can_yui: ../src/steal/dev/dev.js 1/24
can_yui: http:/yui.yahooapis.com/3.4.1/build/yui/yui.js 947/1806
can_yui: ../src/steal/steal.js 412/636
can_yui: http:/yui.yahooapis.com/combo?3.4.1/build/oop/oop-min.js&3.4.1/build/event-custom-base/event-custom-base-min.js&3.4.1/build/event-custom-complex/event-custom-complex-min.js&3.4.1/build/intl/intl-min.js 4/6
can_zepto: ../src/steal/dev/dev.js 1/24
can_zepto: ../src/steal/steal.js 408/636
plugin_test: ../src/steal/dev/dev.js 1/24
plugin_test: ../src/steal/steal.js 411/636
can_dojo: ../src/steal/dev/dev.js 1/24
can_dojo: ../src/funcunit/qunit/qunit.js 119/751
can_dojo: ../src/funcunit/browser/events.js 4/19
can_dojo: http:/ajax.googleapis.com/ajax/libs/dojo/1.7.1/dojo/dojo.js.uncompressed.js 1160/4146
can_dojo: ../src/steal/steal.js 419/636
can_jquery: ../src/steal/dev/dev.js 1/24
can_jquery: ../src/steal/steal.js 408/636
can_mootools: ../src/steal/dev/dev.js 1/24
can_mootools: ../src/steal/steal.js 408/636
can_yui: ../src/steal/dev/dev.js 1/24
can_yui: http:/yui.yahooapis.com/3.4.1/build/yui/yui.js 947/1806
can_yui: ../src/steal/steal.js 412/636
can_yui: http:/yui.yahooapis.com/combo?3.4.1/build/oop/oop-min.js&3.4.1/build/event-custom-base/event-custom-base-min.js&3.4.1/build/event-custom-complex/event-custom-complex-min.js&3.4.1/build/intl/intl-min.js 4/6
can_zepto: ../src/steal/dev/dev.js 1/24
can_zepto: ../src/steal/steal.js 408/636
plugin_test: ../src/steal/dev/dev.js 1/24
plugin_test: ../src/steal/steal.js 411/636
can_dojo: ../src/steal/dev/dev.js 1/24
can_dojo: ../src/funcunit/qunit/qunit.js 119/751
can_dojo: ../src/funcunit/browser/events.js 4/19
can_dojo: http:/ajax.googleapis.com/ajax/libs/dojo/1.7.1/dojo/dojo.js.uncompressed.js 1160/4146
can_dojo: ../src/steal/steal.js 419/636
can_jquery: ../src/steal/dev/dev.js 1/24
can_jquery: ../src/steal/steal.js 408/636
can_mootools: ../src/steal/dev/dev.js 1/24
can_mootools: ../src/steal/steal.js 408/636
can_yui: ../src/steal/dev/dev.js 1/24
can_yui: http:/yui.yahooapis.com/3.4.1/build/yui/yui.js 947/1806
can_yui: ../src/steal/steal.js 412/636
can_yui: http:/yui.yahooapis.com/combo?3.4.1/build/oop/oop-min.js&3.4.1/build/event-custom-base/event-custom-base-min.js&3.4.1/build/event-custom-complex/event-custom-complex-min.js&3.4.1/build/intl/intl-min.js 4/6
can_zepto: ../src/steal/dev/dev.js 1/24
can_zepto: ../src/steal/steal.js 408/636
plugin_test: ../src/steal/dev/dev.js 1/24
plugin_test: ../src/steal/steal.js 411/636
testing: ../src/steal/dev/dev.js 1/24
testing: ../src/steal/steal.js 409/636
can_dojo: ../src/steal/dev/dev.js 1/24
can_dojo: ../src/funcunit/qunit/qunit.js 119/751
can_dojo: ../src/funcunit/browser/events.js 4/19
can_dojo: http:/ajax.googleapis.com/ajax/libs/dojo/1.7.1/dojo/dojo.js.uncompressed.js 1160/4146
can_dojo: ../src/steal/steal.js 419/636
can_jquery: ../src/steal/dev/dev.js 1/24
can_jquery: ../src/steal/steal.js 408/636
can_mootools: ../src/steal/dev/dev.js 1/24
can_mootools: ../src/steal/steal.js 408/636
can_yui: ../src/steal/dev/dev.js 1/24
can_yui: http:/yui.yahooapis.com/3.4.1/build/yui/yui.js 947/1806
can_yui: ../src/steal/steal.js 412/636
can_yui: http:/yui.yahooapis.com/combo?3.4.1/build/oop/oop-min.js&3.4.1/build/event-custom-base/event-custom-base-min.js&3.4.1/build/event-custom-complex/event-custom-complex-min.js&3.4.1/build/intl/intl-min.js 4/6
can_zepto: ../src/steal/dev/dev.js 1/24
can_zepto: ../src/steal/steal.js 408/636
plugin_test: ../src/steal/dev/dev.js 1/24
plugin_test: ../src/steal/steal.js 411/636
testing: ../src/steal/dev/dev.js 1/24
testing: ../src/steal/steal.js 409/636
can_dojo: ../src/steal/dev/dev.js 1/24
can_dojo: ../src/steal/dev/dev.js 1/24
can_dojo: ../src/funcunit/qunit/qunit.js 119/751
can_dojo: ../src/funcunit/browser/events.js 4/19
can_dojo: http:/ajax.googleapis.com/ajax/libs/dojo/1.7.1/dojo/dojo.js.uncompressed.js 1160/4146
can_dojo: ../src/steal/steal.js 419/636
can_jquery: ../src/steal/dev/dev.js 1/24
can_jquery: ../src/steal/steal.js 408/636
can_mootools: ../src/steal/dev/dev.js 1/24
can_mootools: ../src/steal/steal.js 408/636
can_yui: ../src/steal/dev/dev.js 1/24
can_yui: http:/yui.yahooapis.com/3.4.1/build/yui/yui.js 947/1806
can_yui: ../src/steal/steal.js 412/636
can_yui: http:/yui.yahooapis.com/combo?3.4.1/build/oop/oop-min.js&3.4.1/build/event-custom-base/event-custom-base-min.js&3.4.1/build/event-custom-complex/event-custom-complex-min.js&3.4.1/build/intl/intl-min.js 4/6
can_zepto: ../src/steal/dev/dev.js 1/24
can_zepto: ../src/steal/steal.js 408/636
plugin_test: ../src/steal/dev/dev.js 1/24
plugin_test: ../src/steal/steal.js 411/636
testing: ../src/steal/dev/dev.js 1/24
testing: ../src/steal/steal.js 409/636
can_dojo: ../src/steal/dev/dev.js 1/24
can_jquery: ../src/steal/dev/dev.js 1/24
can_dojo: ../src/steal/dev/dev.js 1/24
can_dojo: ../src/funcunit/qunit/qunit.js 119/751
can_dojo: ../src/funcunit/browser/events.js 4/19
can_dojo: http:/ajax.googleapis.com/ajax/libs/dojo/1.7.1/dojo/dojo.js.uncompressed.js 1160/4146
can_dojo: ../src/steal/steal.js 419/636
can_jquery: ../src/steal/dev/dev.js 1/24
can_jquery: ../src/steal/steal.js 408/636
can_mootools: ../src/steal/dev/dev.js 1/24
can_mootools: ../src/steal/steal.js 408/636
can_yui: ../src/steal/dev/dev.js 1/24
can_yui: http:/yui.yahooapis.com/3.4.1/build/yui/yui.js 947/1806
can_yui: ../src/steal/steal.js 412/636
can_yui: http:/yui.yahooapis.com/combo?3.4.1/build/oop/oop-min.js&3.4.1/build/event-custom-base/event-custom-base-min.js&3.4.1/build/event-custom-complex/event-custom-complex-min.js&3.4.1/build/intl/intl-min.js 4/6
can_zepto: ../src/steal/dev/dev.js 1/24
can_zepto: ../src/steal/steal.js 408/636
plugin_test: ../src/steal/dev/dev.js 1/24
plugin_test: ../src/steal/steal.js 411/636
testing: ../src/steal/dev/dev.js 1/24
testing: ../src/steal/steal.js 409/636
can_dojo: ../src/steal/dev/dev.js 1/24
can_jquery: ../src/steal/dev/dev.js 1/24
can_mootools: ../src/steal/dev/dev.js 1/24
can_dojo: ../src/steal/dev/dev.js 1/24
can_dojo: ../src/funcunit/qunit/qunit.js 119/751
can_dojo: ../src/funcunit/browser/events.js 4/19
can_dojo: http:/ajax.googleapis.com/ajax/libs/dojo/1.7.1/dojo/dojo.js.uncompressed.js 1160/4146
can_dojo: ../src/steal/steal.js 419/636
can_jquery: ../src/steal/dev/dev.js 1/24
can_jquery: ../src/steal/steal.js 408/636
can_mootools: ../src/steal/dev/dev.js 1/24
can_mootools: ../src/steal/steal.js 408/636
can_yui: ../src/steal/dev/dev.js 1/24
can_yui: http:/yui.yahooapis.com/3.4.1/build/yui/yui.js 947/1806
can_yui: ../src/steal/steal.js 412/636
can_yui: http:/yui.yahooapis.com/combo?3.4.1/build/oop/oop-min.js&3.4.1/build/event-custom-base/event-custom-base-min.js&3.4.1/build/event-custom-complex/event-custom-complex-min.js&3.4.1/build/intl/intl-min.js 4/6
can_zepto: ../src/steal/dev/dev.js 1/24
can_zepto: ../src/steal/steal.js 408/636
plugin_test: ../src/steal/dev/dev.js 1/24
plugin_test: ../src/steal/steal.js 411/636
testing: ../src/steal/dev/dev.js 1/24
testing: ../src/steal/steal.js 409/636
can_dojo: ../src/steal/dev/dev.js 1/24
can_jquery: ../src/steal/dev/dev.js 1/24
can_mootools: ../src/steal/dev/dev.js 1/24
can_yui: ../src/steal/dev/dev.js 1/24
can_dojo: ../src/steal/dev/dev.js 1/24
can_dojo: ../src/funcunit/qunit/qunit.js 119/751
can_dojo: ../src/funcunit/browser/events.js 4/19
can_dojo: http:/ajax.googleapis.com/ajax/libs/dojo/1.7.1/dojo/dojo.js.uncompressed.js 1160/4146
can_dojo: ../src/steal/steal.js 419/636
can_jquery: ../src/steal/dev/dev.js 1/24
can_jquery: ../src/steal/steal.js 408/636
can_mootools: ../src/steal/dev/dev.js 1/24
can_mootools: ../src/steal/steal.js 408/636
can_yui: ../src/steal/dev/dev.js 1/24
can_yui: http:/yui.yahooapis.com/3.4.1/build/yui/yui.js 947/1806
can_yui: ../src/steal/steal.js 412/636
can_yui: http:/yui.yahooapis.com/combo?3.4.1/build/oop/oop-min.js&3.4.1/build/event-custom-base/event-custom-base-min.js&3.4.1/build/event-custom-complex/event-custom-complex-min.js&3.4.1/build/intl/intl-min.js 4/6
can_zepto: ../src/steal/dev/dev.js 1/24
can_zepto: ../src/steal/steal.js 408/636
plugin_test: ../src/steal/dev/dev.js 1/24
plugin_test: ../src/steal/steal.js 411/636
testing: ../src/steal/dev/dev.js 1/24
testing: ../src/steal/steal.js 409/636
can_dojo: ../src/steal/dev/dev.js 1/24
can_jquery: ../src/steal/dev/dev.js 1/24
can_mootools: ../src/steal/dev/dev.js 1/24
can_yui: ../src/steal/dev/dev.js 1/24
can_zepto: ../src/steal/dev/dev.js 1/24
can_dojo: ../src/steal/dev/dev.js 1/24
can_dojo: ../src/funcunit/qunit/qunit.js 119/751
can_dojo: ../src/funcunit/browser/events.js 4/19
can_dojo: http:/ajax.googleapis.com/ajax/libs/dojo/1.7.1/dojo/dojo.js.uncompressed.js 1160/4146
can_dojo: ../src/steal/steal.js 419/636
can_jquery: ../src/steal/dev/dev.js 1/24
can_jquery: ../src/steal/steal.js 408/636
can_mootools: ../src/steal/dev/dev.js 1/24
can_mootools: ../src/steal/steal.js 408/636
can_yui: ../src/steal/dev/dev.js 1/24
can_yui: http:/yui.yahooapis.com/3.4.1/build/yui/yui.js 947/1806
can_yui: ../src/steal/steal.js 412/636
can_yui: http:/yui.yahooapis.com/combo?3.4.1/build/oop/oop-min.js&3.4.1/build/event-custom-base/event-custom-base-min.js&3.4.1/build/event-custom-complex/event-custom-complex-min.js&3.4.1/build/intl/intl-min.js 4/6
can_zepto: ../src/steal/dev/dev.js 1/24
can_zepto: ../src/steal/steal.js 408/636
plugin_test: ../src/steal/dev/dev.js 1/24
plugin_test: ../src/steal/steal.js 411/636
testing: ../src/steal/dev/dev.js 1/24
testing: ../src/steal/steal.js 409/636
can_dojo: ../src/steal/dev/dev.js 1/24
can_jquery: ../src/steal/dev/dev.js 1/24
can_mootools: ../src/steal/dev/dev.js 1/24
can_yui: ../src/steal/dev/dev.js 1/24
can_zepto: ../src/steal/dev/dev.js 1/24
demo: ../src/steal/dev/dev.js 1/24
demo: ../src/steal/steal.js 409/636
can_dojo: ../src/steal/dev/dev.js 1/24
can_dojo: ../src/funcunit/qunit/qunit.js 119/751
can_dojo: ../src/funcunit/browser/events.js 4/19
can_dojo: http:/ajax.googleapis.com/ajax/libs/dojo/1.7.1/dojo/dojo.js.uncompressed.js 1160/4146
can_dojo: ../src/steal/steal.js 419/636
can_jquery: ../src/steal/dev/dev.js 1/24
can_jquery: ../src/steal/steal.js 408/636
can_mootools: ../src/steal/dev/dev.js 1/24
can_mootools: ../src/steal/steal.js 408/636
can_yui: ../src/steal/dev/dev.js 1/24
can_yui: http:/yui.yahooapis.com/3.4.1/build/yui/yui.js 947/1806
can_yui: ../src/steal/steal.js 412/636
can_yui: http:/yui.yahooapis.com/combo?3.4.1/build/oop/oop-min.js&3.4.1/build/event-custom-base/event-custom-base-min.js&3.4.1/build/event-custom-complex/event-custom-complex-min.js&3.4.1/build/intl/intl-min.js 4/6
can_zepto: ../src/steal/dev/dev.js 1/24
can_zepto: ../src/steal/steal.js 408/636
plugin_test: ../src/steal/dev/dev.js 1/24
plugin_test: ../src/steal/steal.js 411/636
testing: ../src/steal/dev/dev.js 1/24
testing: ../src/steal/steal.js 409/636
can_dojo: ../src/steal/dev/dev.js 1/24
can_jquery: ../src/steal/dev/dev.js 1/24
can_mootools: ../src/steal/dev/dev.js 1/24
can_yui: ../src/steal/dev/dev.js 1/24
can_zepto: ../src/steal/dev/dev.js 1/24
demo: ../src/steal/dev/dev.js 1/24
demo: ../src/steal/steal.js 409/636
mvc: ../src/steal/dev/dev.js 1/24
mvc: ../src/steal/steal.js 409/636
can_dojo: ../src/steal/dev/dev.js 1/24
can_dojo: ../src/funcunit/qunit/qunit.js 119/751
can_dojo: ../src/funcunit/browser/events.js 4/19
can_dojo: http:/ajax.googleapis.com/ajax/libs/dojo/1.7.1/dojo/dojo.js.uncompressed.js 1160/4146
can_dojo: ../src/steal/steal.js 419/636
can_jquery: ../src/steal/dev/dev.js 1/24
can_jquery: ../src/steal/steal.js 408/636
can_mootools: ../src/steal/dev/dev.js 1/24
can_mootools: ../src/steal/steal.js 408/636
can_yui: ../src/steal/dev/dev.js 1/24
can_yui: http:/yui.yahooapis.com/3.4.1/build/yui/yui.js 947/1806
can_yui: ../src/steal/steal.js 412/636
can_yui: http:/yui.yahooapis.com/combo?3.4.1/build/oop/oop-min.js&3.4.1/build/event-custom-base/event-custom-base-min.js&3.4.1/build/event-custom-complex/event-custom-complex-min.js&3.4.1/build/intl/intl-min.js 4/6
can_zepto: ../src/steal/dev/dev.js 1/24
can_zepto: ../src/steal/steal.js 408/636
plugin_test: ../src/steal/dev/dev.js 1/24
plugin_test: ../src/steal/steal.js 411/636
testing: ../src/steal/dev/dev.js 1/24
testing: ../src/steal/steal.js 409/636
can_dojo: ../src/steal/dev/dev.js 1/24
can_jquery: ../src/steal/dev/dev.js 1/24
can_mootools: ../src/steal/dev/dev.js 1/24
can_yui: ../src/steal/dev/dev.js 1/24
can_zepto: ../src/steal/dev/dev.js 1/24
demo: ../src/steal/dev/dev.js 1/24
demo: ../src/steal/steal.js 409/636
mvc: ../src/steal/dev/dev.js 1/24
mvc: ../src/steal/steal.js 409/636
plugin_test: ../src/steal/dev/dev.js 1/24
can_dojo: ../src/steal/dev/dev.js 1/24
can_dojo: ../src/funcunit/qunit/qunit.js 119/751
can_dojo: ../src/funcunit/browser/events.js 4/19
can_dojo: http:/ajax.googleapis.com/ajax/libs/dojo/1.7.1/dojo/dojo.js.uncompressed.js 1160/4146
can_dojo: ../src/steal/steal.js 419/636
can_jquery: ../src/steal/dev/dev.js 1/24
can_jquery: ../src/steal/steal.js 408/636
can_mootools: ../src/steal/dev/dev.js 1/24
can_mootools: ../src/steal/steal.js 408/636
can_yui: ../src/steal/dev/dev.js 1/24
can_yui: http:/yui.yahooapis.com/3.4.1/build/yui/yui.js 947/1806
can_yui: ../src/steal/steal.js 412/636
can_yui: http:/yui.yahooapis.com/combo?3.4.1/build/oop/oop-min.js&3.4.1/build/event-custom-base/event-custom-base-min.js&3.4.1/build/event-custom-complex/event-custom-complex-min.js&3.4.1/build/intl/intl-min.js 4/6
can_zepto: ../src/steal/dev/dev.js 1/24
can_zepto: ../src/steal/steal.js 408/636
plugin_test: ../src/steal/dev/dev.js 1/24
plugin_test: ../src/steal/steal.js 411/636
testing: ../src/steal/dev/dev.js 1/24
testing: ../src/steal/steal.js 409/636
can_dojo: ../src/steal/dev/dev.js 1/24
can_jquery: ../src/steal/dev/dev.js 1/24
can_mootools: ../src/steal/dev/dev.js 1/24
can_yui: ../src/steal/dev/dev.js 1/24
can_zepto: ../src/steal/dev/dev.js 1/24
demo: ../src/steal/dev/dev.js 1/24
demo: ../src/steal/steal.js 409/636
mvc: ../src/steal/dev/dev.js 1/24
mvc: ../src/steal/steal.js 409/636
plugin_test: ../src/steal/dev/dev.js 1/24
can_dojo: ../src/steal/dev/dev.js 1/24
can_dojo: ../src/funcunit/qunit/qunit.js 119/751
can_dojo: ../src/funcunit/browser/events.js 4/19
can_dojo: http:/ajax.googleapis.com/ajax/libs/dojo/1.7.1/dojo/dojo.js.uncompressed.js 1160/4146
can_dojo: ../src/steal/steal.js 419/636
can_jquery: ../src/steal/dev/dev.js 1/24
can_jquery: ../src/steal/steal.js 408/636
can_mootools: ../src/steal/dev/dev.js 1/24
can_mootools: ../src/steal/steal.js 408/636
can_yui: ../src/steal/dev/dev.js 1/24
can_yui: http:/yui.yahooapis.com/3.4.1/build/yui/yui.js 947/1806
can_yui: ../src/steal/steal.js 412/636
can_yui: http:/yui.yahooapis.com/combo?3.4.1/build/oop/oop-min.js&3.4.1/build/event-custom-base/event-custom-base-min.js&3.4.1/build/event-custom-complex/event-custom-complex-min.js&3.4.1/build/intl/intl-min.js 4/6
can_zepto: ../src/steal/dev/dev.js 1/24
can_zepto: ../src/steal/steal.js 408/636
plugin_test: ../src/steal/dev/dev.js 1/24
plugin_test: ../src/steal/steal.js 411/636
testing: ../src/steal/dev/dev.js 1/24
testing: ../src/steal/steal.js 409/636
can_dojo: ../src/steal/dev/dev.js 1/24
can_jquery: ../src/steal/dev/dev.js 1/24
can_mootools: ../src/steal/dev/dev.js 1/24
can_yui: ../src/steal/dev/dev.js 1/24
can_zepto: ../src/steal/dev/dev.js 1/24
demo: ../src/steal/dev/dev.js 1/24
demo: ../src/steal/steal.js 409/636
mvc: ../src/steal/dev/dev.js 1/24
mvc: ../src/steal/steal.js 409/636
plugin_test: ../src/steal/dev/dev.js 1/24
compression: ../src/steal/dev/dev.js 1/24
compression: ../src/steal/steal.js?jquery/view/test/compression 404/636
