index: script in file:/home/rahul/research/clone-unit-coverage/src/chromeless/tests/canvas_thumbnails/index.html from (-1, -1) to (-1, -1) 1/1
index: script in file:/home/rahul/research/clone-unit-coverage/src/chromeless/tests/canvas_thumbnails/index.html from (-1, -1) to (-1, -1) 1/1
index: script in file:/home/rahul/research/clone-unit-coverage/src/chromeless/tests/canvas_thumbnails/index.html from (-1, -1) to (-1, -1) 1/1
index: script in file:/home/rahul/research/clone-unit-coverage/src/chromeless/tests/canvas_thumbnails/index.html from (-1, -1) to (-1, -1) 1/1
index: script in file:/home/rahul/research/clone-unit-coverage/src/chromeless/tests/canvas_thumbnails/index.html from (-1, -1) to (-1, -1) 1/1
index: https:/ssl.google-analytics.com/ga.js 55/60
index: https:/a248.e.akamai.net/assets.github.com/assets/frameworks-cda884a5a58f7a231c16c075e16bc5c1509f192b.js 4/4
index: https:/a248.e.akamai.net/assets.github.com/assets/github-24e061385eeaff0ed974ca8bcf1dfc4fd96ab293.js 7/7
index: https:/secure.gaug.es/track.js 1/1
index: script in file:/home/rahul/research/clone-unit-coverage/src/chromeless/tests/canvas_thumbnails/index.html from (-1, -1) to (-1, -1) 1/1
index: https:/ssl.google-analytics.com/ga.js 55/60
index: https:/a248.e.akamai.net/assets.github.com/assets/frameworks-cda884a5a58f7a231c16c075e16bc5c1509f192b.js 4/4
index: https:/a248.e.akamai.net/assets.github.com/assets/github-24e061385eeaff0ed974ca8bcf1dfc4fd96ab293.js 7/7
index: https:/secure.gaug.es/track.js 1/1
index: script in file:/home/rahul/research/clone-unit-coverage/src/chromeless/tests/canvas_thumbnails/index.html from (-1, -1) to (-1, -1) 1/1
index: https:/ssl.google-analytics.com/ga.js 55/60
index: https:/a248.e.akamai.net/assets.github.com/assets/frameworks-cda884a5a58f7a231c16c075e16bc5c1509f192b.js 4/4
index: https:/a248.e.akamai.net/assets.github.com/assets/github-24e061385eeaff0ed974ca8bcf1dfc4fd96ab293.js 7/7
index: https:/secure.gaug.es/track.js 1/1
index: script in file:/home/rahul/research/clone-unit-coverage/src/chromeless/tests/canvas_thumbnails/index.html from (-1, -1) to (-1, -1) 1/1
index: https:/ssl.google-analytics.com/ga.js 55/60
index: https:/a248.e.akamai.net/assets.github.com/assets/frameworks-cda884a5a58f7a231c16c075e16bc5c1509f192b.js 4/4
index: https:/a248.e.akamai.net/assets.github.com/assets/github-24e061385eeaff0ed974ca8bcf1dfc4fd96ab293.js 7/7
index: https:/secure.gaug.es/track.js 1/1
index: script in file:/home/rahul/research/clone-unit-coverage/src/chromeless/tests/favicon/index.html from (-1, -1) to (-1, -1) 1/1
index: script in file:/home/rahul/research/clone-unit-coverage/src/chromeless/tests/canvas_thumbnails/index.html from (-1, -1) to (-1, -1) 1/1
index: https:/ssl.google-analytics.com/ga.js 55/60
index: https:/a248.e.akamai.net/assets.github.com/assets/frameworks-cda884a5a58f7a231c16c075e16bc5c1509f192b.js 4/4
index: https:/a248.e.akamai.net/assets.github.com/assets/github-24e061385eeaff0ed974ca8bcf1dfc4fd96ab293.js 7/7
index: https:/secure.gaug.es/track.js 1/1
index: script in file:/home/rahul/research/clone-unit-coverage/src/chromeless/tests/favicon/index.html from (-1, -1) to (-1, -1) 1/1
index: script in file:/home/rahul/research/clone-unit-coverage/src/chromeless/tests/canvas_thumbnails/index.html from (-1, -1) to (-1, -1) 1/1
index: https:/ssl.google-analytics.com/ga.js 55/60
index: https:/a248.e.akamai.net/assets.github.com/assets/frameworks-cda884a5a58f7a231c16c075e16bc5c1509f192b.js 4/4
index: https:/a248.e.akamai.net/assets.github.com/assets/github-24e061385eeaff0ed974ca8bcf1dfc4fd96ab293.js 7/7
index: https:/secure.gaug.es/track.js 1/1
index: script in file:/home/rahul/research/clone-unit-coverage/src/chromeless/tests/favicon/index.html from (-1, -1) to (-1, -1) 1/1
index: script in file:/home/rahul/research/clone-unit-coverage/src/chromeless/tests/canvas_thumbnails/index.html from (-1, -1) to (-1, -1) 1/1
index: https:/ssl.google-analytics.com/ga.js 55/60
index: https:/a248.e.akamai.net/assets.github.com/assets/frameworks-cda884a5a58f7a231c16c075e16bc5c1509f192b.js 4/4
index: https:/a248.e.akamai.net/assets.github.com/assets/github-24e061385eeaff0ed974ca8bcf1dfc4fd96ab293.js 7/7
index: https:/secure.gaug.es/track.js 1/1
index: script in file:/home/rahul/research/clone-unit-coverage/src/chromeless/tests/favicon/index.html from (-1, -1) to (-1, -1) 1/1
index: script in file:/home/rahul/research/clone-unit-coverage/src/chromeless/tests/canvas_thumbnails/index.html from (-1, -1) to (-1, -1) 1/1
index: https:/ssl.google-analytics.com/ga.js 55/60
index: https:/a248.e.akamai.net/assets.github.com/assets/frameworks-cda884a5a58f7a231c16c075e16bc5c1509f192b.js 4/4
index: https:/a248.e.akamai.net/assets.github.com/assets/github-24e061385eeaff0ed974ca8bcf1dfc4fd96ab293.js 7/7
index: https:/secure.gaug.es/track.js 1/1
index: script in file:/home/rahul/research/clone-unit-coverage/src/chromeless/tests/favicon/index.html from (-1, -1) to (-1, -1) 1/1
index: script in file:/home/rahul/research/clone-unit-coverage/src/chromeless/tests/canvas_thumbnails/index.html from (-1, -1) to (-1, -1) 1/1
index: https:/ssl.google-analytics.com/ga.js 55/60
index: https:/a248.e.akamai.net/assets.github.com/assets/frameworks-cda884a5a58f7a231c16c075e16bc5c1509f192b.js 4/4
index: https:/a248.e.akamai.net/assets.github.com/assets/github-24e061385eeaff0ed974ca8bcf1dfc4fd96ab293.js 7/7
index: https:/secure.gaug.es/track.js 1/1
index: script in file:/home/rahul/research/clone-unit-coverage/src/chromeless/tests/favicon/index.html from (-1, -1) to (-1, -1) 1/1
index: script in file:/home/rahul/research/clone-unit-coverage/src/chromeless/tests/canvas_thumbnails/index.html from (-1, -1) to (-1, -1) 1/1
index: https:/ssl.google-analytics.com/ga.js 55/60
index: https:/a248.e.akamai.net/assets.github.com/assets/frameworks-cda884a5a58f7a231c16c075e16bc5c1509f192b.js 4/4
index: https:/a248.e.akamai.net/assets.github.com/assets/github-24e061385eeaff0ed974ca8bcf1dfc4fd96ab293.js 7/7
index: https:/secure.gaug.es/track.js 1/1
index: script in file:/home/rahul/research/clone-unit-coverage/src/chromeless/tests/favicon/index.html from (-1, -1) to (-1, -1) 1/1
index: script in file:/home/rahul/research/clone-unit-coverage/src/chromeless/tests/canvas_thumbnails/index.html from (-1, -1) to (-1, -1) 1/1
index: https:/ssl.google-analytics.com/ga.js 55/60
index: https:/a248.e.akamai.net/assets.github.com/assets/frameworks-cda884a5a58f7a231c16c075e16bc5c1509f192b.js 4/4
index: https:/a248.e.akamai.net/assets.github.com/assets/github-24e061385eeaff0ed974ca8bcf1dfc4fd96ab293.js 7/7
index: https:/secure.gaug.es/track.js 1/1
index: script in file:/home/rahul/research/clone-unit-coverage/src/chromeless/tests/favicon/index.html from (-1, -1) to (-1, -1) 1/1
index: script in file:/home/rahul/research/clone-unit-coverage/src/chromeless/tests/canvas_thumbnails/index.html from (-1, -1) to (-1, -1) 1/1
index: https:/ssl.google-analytics.com/ga.js 55/60
index: https:/a248.e.akamai.net/assets.github.com/assets/frameworks-cda884a5a58f7a231c16c075e16bc5c1509f192b.js 4/4
index: https:/a248.e.akamai.net/assets.github.com/assets/github-24e061385eeaff0ed974ca8bcf1dfc4fd96ab293.js 7/7
index: https:/secure.gaug.es/track.js 1/1
index: script in file:/home/rahul/research/clone-unit-coverage/src/chromeless/tests/favicon/index.html from (-1, -1) to (-1, -1) 1/1
index: script in file:/home/rahul/research/clone-unit-coverage/src/chromeless/tests/canvas_thumbnails/index.html from (-1, -1) to (-1, -1) 1/1
index: https:/ssl.google-analytics.com/ga.js 55/60
index: https:/a248.e.akamai.net/assets.github.com/assets/frameworks-cda884a5a58f7a231c16c075e16bc5c1509f192b.js 4/4
index: https:/a248.e.akamai.net/assets.github.com/assets/github-24e061385eeaff0ed974ca8bcf1dfc4fd96ab293.js 7/7
index: https:/secure.gaug.es/track.js 1/1
index: script in file:/home/rahul/research/clone-unit-coverage/src/chromeless/tests/favicon/index.html from (-1, -1) to (-1, -1) 1/1
index: script in file:/home/rahul/research/clone-unit-coverage/src/chromeless/tests/canvas_thumbnails/index.html from (-1, -1) to (-1, -1) 1/1
index: https:/ssl.google-analytics.com/ga.js 55/60
index: https:/a248.e.akamai.net/assets.github.com/assets/frameworks-cda884a5a58f7a231c16c075e16bc5c1509f192b.js 4/4
index: https:/a248.e.akamai.net/assets.github.com/assets/github-24e061385eeaff0ed974ca8bcf1dfc4fd96ab293.js 7/7
index: https:/secure.gaug.es/track.js 1/1
index: script in file:/home/rahul/research/clone-unit-coverage/src/chromeless/tests/favicon/index.html from (-1, -1) to (-1, -1) 1/1
index: script in file:/home/rahul/research/clone-unit-coverage/src/chromeless/tests/canvas_thumbnails/index.html from (-1, -1) to (-1, -1) 1/1
index: https:/ssl.google-analytics.com/ga.js 55/60
index: https:/a248.e.akamai.net/assets.github.com/assets/frameworks-cda884a5a58f7a231c16c075e16bc5c1509f192b.js 4/4
index: https:/a248.e.akamai.net/assets.github.com/assets/github-24e061385eeaff0ed974ca8bcf1dfc4fd96ab293.js 7/7
index: https:/secure.gaug.es/track.js 1/1
index: script in file:/home/rahul/research/clone-unit-coverage/src/chromeless/tests/favicon/index.html from (-1, -1) to (-1, -1) 1/1
index: script in file:/home/rahul/research/clone-unit-coverage/src/chromeless/tests/canvas_thumbnails/index.html from (-1, -1) to (-1, -1) 1/1
index: https:/ssl.google-analytics.com/ga.js 55/60
index: https:/a248.e.akamai.net/assets.github.com/assets/frameworks-cda884a5a58f7a231c16c075e16bc5c1509f192b.js 4/4
index: https:/a248.e.akamai.net/assets.github.com/assets/github-24e061385eeaff0ed974ca8bcf1dfc4fd96ab293.js 7/7
index: https:/secure.gaug.es/track.js 1/1
index: script in file:/home/rahul/research/clone-unit-coverage/src/chromeless/tests/favicon/index.html from (-1, -1) to (-1, -1) 1/1
index: script in file:/home/rahul/research/clone-unit-coverage/src/chromeless/tests/canvas_thumbnails/index.html from (-1, -1) to (-1, -1) 1/1
index: https:/ssl.google-analytics.com/ga.js 55/60
index: https:/a248.e.akamai.net/assets.github.com/assets/frameworks-cda884a5a58f7a231c16c075e16bc5c1509f192b.js 4/4
index: https:/a248.e.akamai.net/assets.github.com/assets/github-24e061385eeaff0ed974ca8bcf1dfc4fd96ab293.js 7/7
index: https:/secure.gaug.es/track.js 1/1
index: script in file:/home/rahul/research/clone-unit-coverage/src/chromeless/tests/favicon/index.html from (-1, -1) to (-1, -1) 1/1
index: script in file:/home/rahul/research/clone-unit-coverage/src/chromeless/tests/canvas_thumbnails/index.html from (-1, -1) to (-1, -1) 1/1
index: https:/ssl.google-analytics.com/ga.js 55/60
index: https:/a248.e.akamai.net/assets.github.com/assets/frameworks-cda884a5a58f7a231c16c075e16bc5c1509f192b.js 4/4
index: https:/a248.e.akamai.net/assets.github.com/assets/github-24e061385eeaff0ed974ca8bcf1dfc4fd96ab293.js 7/7
index: https:/secure.gaug.es/track.js 1/1
index: script in file:/home/rahul/research/clone-unit-coverage/src/chromeless/tests/favicon/index.html from (-1, -1) to (-1, -1) 1/1
index: script in file:/home/rahul/research/clone-unit-coverage/src/chromeless/tests/canvas_thumbnails/index.html from (-1, -1) to (-1, -1) 1/1
index: https:/ssl.google-analytics.com/ga.js 55/60
index: https:/a248.e.akamai.net/assets.github.com/assets/frameworks-cda884a5a58f7a231c16c075e16bc5c1509f192b.js 4/4
index: https:/a248.e.akamai.net/assets.github.com/assets/github-24e061385eeaff0ed974ca8bcf1dfc4fd96ab293.js 7/7
index: https:/secure.gaug.es/track.js 1/1
index: script in file:/home/rahul/research/clone-unit-coverage/src/chromeless/tests/favicon/index.html from (-1, -1) to (-1, -1) 1/1
index: script in file:/home/rahul/research/clone-unit-coverage/src/chromeless/tests/canvas_thumbnails/index.html from (-1, -1) to (-1, -1) 1/1
index: https:/ssl.google-analytics.com/ga.js 55/60
index: https:/a248.e.akamai.net/assets.github.com/assets/frameworks-cda884a5a58f7a231c16c075e16bc5c1509f192b.js 4/4
index: https:/a248.e.akamai.net/assets.github.com/assets/github-24e061385eeaff0ed974ca8bcf1dfc4fd96ab293.js 7/7
index: https:/secure.gaug.es/track.js 1/1
index: script in file:/home/rahul/research/clone-unit-coverage/src/chromeless/tests/favicon/index.html from (-1, -1) to (-1, -1) 1/1
index: script in file:/home/rahul/research/clone-unit-coverage/src/chromeless/tests/canvas_thumbnails/index.html from (-1, -1) to (-1, -1) 1/1
index: https:/ssl.google-analytics.com/ga.js 55/60
index: https:/a248.e.akamai.net/assets.github.com/assets/frameworks-cda884a5a58f7a231c16c075e16bc5c1509f192b.js 4/4
index: https:/a248.e.akamai.net/assets.github.com/assets/github-24e061385eeaff0ed974ca8bcf1dfc4fd96ab293.js 7/7
index: https:/secure.gaug.es/track.js 1/1
index: script in file:/home/rahul/research/clone-unit-coverage/src/chromeless/tests/favicon/index.html from (-1, -1) to (-1, -1) 1/1
index: script in file:/home/rahul/research/clone-unit-coverage/src/chromeless/tests/canvas_thumbnails/index.html from (-1, -1) to (-1, -1) 1/1
index: https:/ssl.google-analytics.com/ga.js 55/60
index: https:/a248.e.akamai.net/assets.github.com/assets/frameworks-cda884a5a58f7a231c16c075e16bc5c1509f192b.js 4/4
index: https:/a248.e.akamai.net/assets.github.com/assets/github-24e061385eeaff0ed974ca8bcf1dfc4fd96ab293.js 7/7
index: https:/secure.gaug.es/track.js 1/1
index: script in file:/home/rahul/research/clone-unit-coverage/src/chromeless/tests/favicon/index.html from (-1, -1) to (-1, -1) 1/1
index: script in file:/home/rahul/research/clone-unit-coverage/src/chromeless/tests/canvas_thumbnails/index.html from (-1, -1) to (-1, -1) 1/1
index: https:/ssl.google-analytics.com/ga.js 55/60
index: https:/a248.e.akamai.net/assets.github.com/assets/frameworks-cda884a5a58f7a231c16c075e16bc5c1509f192b.js 4/4
index: https:/a248.e.akamai.net/assets.github.com/assets/github-24e061385eeaff0ed974ca8bcf1dfc4fd96ab293.js 7/7
index: https:/secure.gaug.es/track.js 1/1
index: script in file:/home/rahul/research/clone-unit-coverage/src/chromeless/tests/favicon/index.html from (-1, -1) to (-1, -1) 1/1
index: script in file:/home/rahul/research/clone-unit-coverage/src/chromeless/tests/canvas_thumbnails/index.html from (-1, -1) to (-1, -1) 1/1
index: https:/ssl.google-analytics.com/ga.js 55/60
index: https:/a248.e.akamai.net/assets.github.com/assets/frameworks-cda884a5a58f7a231c16c075e16bc5c1509f192b.js 4/4
index: https:/a248.e.akamai.net/assets.github.com/assets/github-24e061385eeaff0ed974ca8bcf1dfc4fd96ab293.js 7/7
index: https:/secure.gaug.es/track.js 1/1
index: script in file:/home/rahul/research/clone-unit-coverage/src/chromeless/tests/favicon/index.html from (-1, -1) to (-1, -1) 1/1
index: script in file:/home/rahul/research/clone-unit-coverage/src/chromeless/tests/canvas_thumbnails/index.html from (-1, -1) to (-1, -1) 1/1
index: https:/ssl.google-analytics.com/ga.js 55/60
index: https:/a248.e.akamai.net/assets.github.com/assets/frameworks-cda884a5a58f7a231c16c075e16bc5c1509f192b.js 4/4
index: https:/a248.e.akamai.net/assets.github.com/assets/github-24e061385eeaff0ed974ca8bcf1dfc4fd96ab293.js 7/7
index: https:/secure.gaug.es/track.js 1/1
index: script in file:/home/rahul/research/clone-unit-coverage/src/chromeless/tests/favicon/index.html from (-1, -1) to (-1, -1) 1/1
index: script in file:/home/rahul/research/clone-unit-coverage/src/chromeless/tests/canvas_thumbnails/index.html from (-1, -1) to (-1, -1) 1/1
index: https:/ssl.google-analytics.com/ga.js 55/60
index: https:/a248.e.akamai.net/assets.github.com/assets/frameworks-cda884a5a58f7a231c16c075e16bc5c1509f192b.js 4/4
index: https:/a248.e.akamai.net/assets.github.com/assets/github-24e061385eeaff0ed974ca8bcf1dfc4fd96ab293.js 7/7
index: https:/secure.gaug.es/track.js 1/1
index: script in file:/home/rahul/research/clone-unit-coverage/src/chromeless/tests/favicon/index.html from (-1, -1) to (-1, -1) 1/1
perf_test: script in file:/home/rahul/research/clone-unit-coverage/src/chromeless/tests/menu/perf_test.html from (-1, -1) to (-1, -1) 1/1
index: script in file:/home/rahul/research/clone-unit-coverage/src/chromeless/tests/canvas_thumbnails/index.html from (-1, -1) to (-1, -1) 1/1
index: https:/ssl.google-analytics.com/ga.js 55/60
index: https:/a248.e.akamai.net/assets.github.com/assets/frameworks-cda884a5a58f7a231c16c075e16bc5c1509f192b.js 4/4
index: https:/a248.e.akamai.net/assets.github.com/assets/github-24e061385eeaff0ed974ca8bcf1dfc4fd96ab293.js 7/7
index: https:/secure.gaug.es/track.js 1/1
index: script in file:/home/rahul/research/clone-unit-coverage/src/chromeless/tests/favicon/index.html from (-1, -1) to (-1, -1) 1/1
perf_test: script in file:/home/rahul/research/clone-unit-coverage/src/chromeless/tests/menu/perf_test.html from (-1, -1) to (-1, -1) 1/1
index: script in file:/home/rahul/research/clone-unit-coverage/src/chromeless/tests/canvas_thumbnails/index.html from (-1, -1) to (-1, -1) 1/1
index: https:/ssl.google-analytics.com/ga.js 55/60
index: https:/a248.e.akamai.net/assets.github.com/assets/frameworks-cda884a5a58f7a231c16c075e16bc5c1509f192b.js 4/4
index: https:/a248.e.akamai.net/assets.github.com/assets/github-24e061385eeaff0ed974ca8bcf1dfc4fd96ab293.js 7/7
index: https:/secure.gaug.es/track.js 1/1
index: script in file:/home/rahul/research/clone-unit-coverage/src/chromeless/tests/favicon/index.html from (-1, -1) to (-1, -1) 1/1
perf_test: script in file:/home/rahul/research/clone-unit-coverage/src/chromeless/tests/menu/perf_test.html from (-1, -1) to (-1, -1) 1/1
index: script in file:/home/rahul/research/clone-unit-coverage/src/chromeless/tests/canvas_thumbnails/index.html from (-1, -1) to (-1, -1) 1/1
index: https:/ssl.google-analytics.com/ga.js 55/60
index: https:/a248.e.akamai.net/assets.github.com/assets/frameworks-cda884a5a58f7a231c16c075e16bc5c1509f192b.js 4/4
index: https:/a248.e.akamai.net/assets.github.com/assets/github-24e061385eeaff0ed974ca8bcf1dfc4fd96ab293.js 7/7
index: https:/secure.gaug.es/track.js 1/1
index: script in file:/home/rahul/research/clone-unit-coverage/src/chromeless/tests/favicon/index.html from (-1, -1) to (-1, -1) 1/1
perf_test: script in file:/home/rahul/research/clone-unit-coverage/src/chromeless/tests/menu/perf_test.html from (-1, -1) to (-1, -1) 1/1
index: script in file:/home/rahul/research/clone-unit-coverage/src/chromeless/tests/canvas_thumbnails/index.html from (-1, -1) to (-1, -1) 1/1
index: https:/ssl.google-analytics.com/ga.js 55/60
index: https:/a248.e.akamai.net/assets.github.com/assets/frameworks-cda884a5a58f7a231c16c075e16bc5c1509f192b.js 4/4
index: https:/a248.e.akamai.net/assets.github.com/assets/github-24e061385eeaff0ed974ca8bcf1dfc4fd96ab293.js 7/7
index: https:/secure.gaug.es/track.js 1/1
index: script in file:/home/rahul/research/clone-unit-coverage/src/chromeless/tests/favicon/index.html from (-1, -1) to (-1, -1) 1/1
perf_test: script in file:/home/rahul/research/clone-unit-coverage/src/chromeless/tests/menu/perf_test.html from (-1, -1) to (-1, -1) 1/1
index: script in file:/home/rahul/research/clone-unit-coverage/src/chromeless/tests/canvas_thumbnails/index.html from (-1, -1) to (-1, -1) 1/1
index: https:/ssl.google-analytics.com/ga.js 55/60
index: https:/a248.e.akamai.net/assets.github.com/assets/frameworks-cda884a5a58f7a231c16c075e16bc5c1509f192b.js 4/4
index: https:/a248.e.akamai.net/assets.github.com/assets/github-24e061385eeaff0ed974ca8bcf1dfc4fd96ab293.js 7/7
index: https:/secure.gaug.es/track.js 1/1
index: script in file:/home/rahul/research/clone-unit-coverage/src/chromeless/tests/favicon/index.html from (-1, -1) to (-1, -1) 1/1
perf_test: script in file:/home/rahul/research/clone-unit-coverage/src/chromeless/tests/menu/perf_test.html from (-1, -1) to (-1, -1) 1/1
index: script in file:/home/rahul/research/clone-unit-coverage/src/chromeless/tests/canvas_thumbnails/index.html from (-1, -1) to (-1, -1) 1/1
index: https:/ssl.google-analytics.com/ga.js 55/60
index: https:/a248.e.akamai.net/assets.github.com/assets/frameworks-cda884a5a58f7a231c16c075e16bc5c1509f192b.js 4/4
index: https:/a248.e.akamai.net/assets.github.com/assets/github-24e061385eeaff0ed974ca8bcf1dfc4fd96ab293.js 7/7
index: https:/secure.gaug.es/track.js 1/1
index: script in file:/home/rahul/research/clone-unit-coverage/src/chromeless/tests/favicon/index.html from (-1, -1) to (-1, -1) 1/1
perf_test: script in file:/home/rahul/research/clone-unit-coverage/src/chromeless/tests/menu/perf_test.html from (-1, -1) to (-1, -1) 1/1
index: script in file:/home/rahul/research/clone-unit-coverage/src/chromeless/tests/canvas_thumbnails/index.html from (-1, -1) to (-1, -1) 1/1
index: https:/ssl.google-analytics.com/ga.js 55/60
index: https:/a248.e.akamai.net/assets.github.com/assets/frameworks-cda884a5a58f7a231c16c075e16bc5c1509f192b.js 4/4
index: https:/a248.e.akamai.net/assets.github.com/assets/github-24e061385eeaff0ed974ca8bcf1dfc4fd96ab293.js 7/7
index: https:/secure.gaug.es/track.js 1/1
index: script in file:/home/rahul/research/clone-unit-coverage/src/chromeless/tests/favicon/index.html from (-1, -1) to (-1, -1) 1/1
perf_test: script in file:/home/rahul/research/clone-unit-coverage/src/chromeless/tests/menu/perf_test.html from (-1, -1) to (-1, -1) 1/1
index: script in file:/home/rahul/research/clone-unit-coverage/src/chromeless/tests/canvas_thumbnails/index.html from (-1, -1) to (-1, -1) 1/1
index: https:/ssl.google-analytics.com/ga.js 55/60
index: https:/a248.e.akamai.net/assets.github.com/assets/frameworks-cda884a5a58f7a231c16c075e16bc5c1509f192b.js 4/4
index: https:/a248.e.akamai.net/assets.github.com/assets/github-24e061385eeaff0ed974ca8bcf1dfc4fd96ab293.js 7/7
index: https:/secure.gaug.es/track.js 1/1
index: script in file:/home/rahul/research/clone-unit-coverage/src/chromeless/tests/favicon/index.html from (-1, -1) to (-1, -1) 1/1
perf_test: script in file:/home/rahul/research/clone-unit-coverage/src/chromeless/tests/menu/perf_test.html from (-1, -1) to (-1, -1) 1/1
index: script in file:/home/rahul/research/clone-unit-coverage/src/chromeless/tests/canvas_thumbnails/index.html from (-1, -1) to (-1, -1) 1/1
index: https:/ssl.google-analytics.com/ga.js 55/60
index: https:/a248.e.akamai.net/assets.github.com/assets/frameworks-cda884a5a58f7a231c16c075e16bc5c1509f192b.js 4/4
index: https:/a248.e.akamai.net/assets.github.com/assets/github-24e061385eeaff0ed974ca8bcf1dfc4fd96ab293.js 7/7
index: https:/secure.gaug.es/track.js 1/1
index: script in file:/home/rahul/research/clone-unit-coverage/src/chromeless/tests/favicon/index.html from (-1, -1) to (-1, -1) 1/1
perf_test: script in file:/home/rahul/research/clone-unit-coverage/src/chromeless/tests/menu/perf_test.html from (-1, -1) to (-1, -1) 1/1
index: script in file:/home/rahul/research/clone-unit-coverage/src/chromeless/tests/canvas_thumbnails/index.html from (-1, -1) to (-1, -1) 1/1
index: https:/ssl.google-analytics.com/ga.js 55/60
index: https:/a248.e.akamai.net/assets.github.com/assets/frameworks-cda884a5a58f7a231c16c075e16bc5c1509f192b.js 4/4
index: https:/a248.e.akamai.net/assets.github.com/assets/github-24e061385eeaff0ed974ca8bcf1dfc4fd96ab293.js 7/7
index: https:/secure.gaug.es/track.js 1/1
index: script in file:/home/rahul/research/clone-unit-coverage/src/chromeless/tests/favicon/index.html from (-1, -1) to (-1, -1) 1/1
perf_test: script in file:/home/rahul/research/clone-unit-coverage/src/chromeless/tests/menu/perf_test.html from (-1, -1) to (-1, -1) 1/1
index: script in file:/home/rahul/research/clone-unit-coverage/src/chromeless/tests/request/index.html from (-1, -1) to (-1, -1) 1/1
index: script in file:/home/rahul/research/clone-unit-coverage/src/chromeless/tests/canvas_thumbnails/index.html from (-1, -1) to (-1, -1) 1/1
index: https:/ssl.google-analytics.com/ga.js 55/60
index: https:/a248.e.akamai.net/assets.github.com/assets/frameworks-cda884a5a58f7a231c16c075e16bc5c1509f192b.js 4/4
index: https:/a248.e.akamai.net/assets.github.com/assets/github-24e061385eeaff0ed974ca8bcf1dfc4fd96ab293.js 7/7
index: https:/secure.gaug.es/track.js 1/1
index: script in file:/home/rahul/research/clone-unit-coverage/src/chromeless/tests/favicon/index.html from (-1, -1) to (-1, -1) 1/1
perf_test: script in file:/home/rahul/research/clone-unit-coverage/src/chromeless/tests/menu/perf_test.html from (-1, -1) to (-1, -1) 1/1
index: script in file:/home/rahul/research/clone-unit-coverage/src/chromeless/tests/request/index.html from (-1, -1) to (-1, -1) 1/1
index: script in file:/home/rahul/research/clone-unit-coverage/src/chromeless/tests/canvas_thumbnails/index.html from (-1, -1) to (-1, -1) 1/1
index: https:/ssl.google-analytics.com/ga.js 55/60
index: https:/a248.e.akamai.net/assets.github.com/assets/frameworks-cda884a5a58f7a231c16c075e16bc5c1509f192b.js 4/4
index: https:/a248.e.akamai.net/assets.github.com/assets/github-24e061385eeaff0ed974ca8bcf1dfc4fd96ab293.js 7/7
index: https:/secure.gaug.es/track.js 1/1
index: script in file:/home/rahul/research/clone-unit-coverage/src/chromeless/tests/favicon/index.html from (-1, -1) to (-1, -1) 1/1
perf_test: script in file:/home/rahul/research/clone-unit-coverage/src/chromeless/tests/menu/perf_test.html from (-1, -1) to (-1, -1) 1/1
index: script in file:/home/rahul/research/clone-unit-coverage/src/chromeless/tests/request/index.html from (-1, -1) to (-1, -1) 1/1
index: script in file:/home/rahul/research/clone-unit-coverage/src/chromeless/tests/canvas_thumbnails/index.html from (-1, -1) to (-1, -1) 1/1
index: https:/ssl.google-analytics.com/ga.js 55/60
index: https:/a248.e.akamai.net/assets.github.com/assets/frameworks-cda884a5a58f7a231c16c075e16bc5c1509f192b.js 4/4
index: https:/a248.e.akamai.net/assets.github.com/assets/github-24e061385eeaff0ed974ca8bcf1dfc4fd96ab293.js 7/7
index: https:/secure.gaug.es/track.js 1/1
index: script in file:/home/rahul/research/clone-unit-coverage/src/chromeless/tests/favicon/index.html from (-1, -1) to (-1, -1) 1/1
perf_test: script in file:/home/rahul/research/clone-unit-coverage/src/chromeless/tests/menu/perf_test.html from (-1, -1) to (-1, -1) 1/1
index: script in file:/home/rahul/research/clone-unit-coverage/src/chromeless/tests/request/index.html from (-1, -1) to (-1, -1) 1/1
index: script in file:/home/rahul/research/clone-unit-coverage/src/chromeless/tests/canvas_thumbnails/index.html from (-1, -1) to (-1, -1) 1/1
index: https:/ssl.google-analytics.com/ga.js 55/60
index: https:/a248.e.akamai.net/assets.github.com/assets/frameworks-cda884a5a58f7a231c16c075e16bc5c1509f192b.js 4/4
index: https:/a248.e.akamai.net/assets.github.com/assets/github-24e061385eeaff0ed974ca8bcf1dfc4fd96ab293.js 7/7
index: https:/secure.gaug.es/track.js 1/1
index: script in file:/home/rahul/research/clone-unit-coverage/src/chromeless/tests/favicon/index.html from (-1, -1) to (-1, -1) 1/1
perf_test: script in file:/home/rahul/research/clone-unit-coverage/src/chromeless/tests/menu/perf_test.html from (-1, -1) to (-1, -1) 1/1
index: script in file:/home/rahul/research/clone-unit-coverage/src/chromeless/tests/request/index.html from (-1, -1) to (-1, -1) 1/1
index: script in file:/home/rahul/research/clone-unit-coverage/src/chromeless/tests/canvas_thumbnails/index.html from (-1, -1) to (-1, -1) 1/1
index: https:/ssl.google-analytics.com/ga.js 55/60
index: https:/a248.e.akamai.net/assets.github.com/assets/frameworks-cda884a5a58f7a231c16c075e16bc5c1509f192b.js 4/4
index: https:/a248.e.akamai.net/assets.github.com/assets/github-24e061385eeaff0ed974ca8bcf1dfc4fd96ab293.js 7/7
index: https:/secure.gaug.es/track.js 1/1
index: script in file:/home/rahul/research/clone-unit-coverage/src/chromeless/tests/favicon/index.html from (-1, -1) to (-1, -1) 1/1
perf_test: script in file:/home/rahul/research/clone-unit-coverage/src/chromeless/tests/menu/perf_test.html from (-1, -1) to (-1, -1) 1/1
index: script in file:/home/rahul/research/clone-unit-coverage/src/chromeless/tests/request/index.html from (-1, -1) to (-1, -1) 1/1
index: script in file:/home/rahul/research/clone-unit-coverage/src/chromeless/tests/canvas_thumbnails/index.html from (-1, -1) to (-1, -1) 1/1
index: https:/ssl.google-analytics.com/ga.js 55/60
index: https:/a248.e.akamai.net/assets.github.com/assets/frameworks-cda884a5a58f7a231c16c075e16bc5c1509f192b.js 4/4
index: https:/a248.e.akamai.net/assets.github.com/assets/github-24e061385eeaff0ed974ca8bcf1dfc4fd96ab293.js 7/7
index: https:/secure.gaug.es/track.js 1/1
index: script in file:/home/rahul/research/clone-unit-coverage/src/chromeless/tests/favicon/index.html from (-1, -1) to (-1, -1) 1/1
perf_test: script in file:/home/rahul/research/clone-unit-coverage/src/chromeless/tests/menu/perf_test.html from (-1, -1) to (-1, -1) 1/1
index: script in file:/home/rahul/research/clone-unit-coverage/src/chromeless/tests/request/index.html from (-1, -1) to (-1, -1) 1/1
index: script in file:/home/rahul/research/clone-unit-coverage/src/chromeless/tests/canvas_thumbnails/index.html from (-1, -1) to (-1, -1) 1/1
index: https:/ssl.google-analytics.com/ga.js 55/60
index: https:/a248.e.akamai.net/assets.github.com/assets/frameworks-cda884a5a58f7a231c16c075e16bc5c1509f192b.js 4/4
index: https:/a248.e.akamai.net/assets.github.com/assets/github-24e061385eeaff0ed974ca8bcf1dfc4fd96ab293.js 7/7
index: https:/secure.gaug.es/track.js 1/1
index: script in file:/home/rahul/research/clone-unit-coverage/src/chromeless/tests/favicon/index.html from (-1, -1) to (-1, -1) 1/1
perf_test: script in file:/home/rahul/research/clone-unit-coverage/src/chromeless/tests/menu/perf_test.html from (-1, -1) to (-1, -1) 1/1
index: script in file:/home/rahul/research/clone-unit-coverage/src/chromeless/tests/request/index.html from (-1, -1) to (-1, -1) 1/1
index: script in file:/home/rahul/research/clone-unit-coverage/src/chromeless/tests/canvas_thumbnails/index.html from (-1, -1) to (-1, -1) 1/1
index: https:/ssl.google-analytics.com/ga.js 55/60
index: https:/a248.e.akamai.net/assets.github.com/assets/frameworks-cda884a5a58f7a231c16c075e16bc5c1509f192b.js 4/4
index: https:/a248.e.akamai.net/assets.github.com/assets/github-24e061385eeaff0ed974ca8bcf1dfc4fd96ab293.js 7/7
index: https:/secure.gaug.es/track.js 1/1
index: script in file:/home/rahul/research/clone-unit-coverage/src/chromeless/tests/favicon/index.html from (-1, -1) to (-1, -1) 1/1
perf_test: script in file:/home/rahul/research/clone-unit-coverage/src/chromeless/tests/menu/perf_test.html from (-1, -1) to (-1, -1) 1/1
index: script in file:/home/rahul/research/clone-unit-coverage/src/chromeless/tests/request/index.html from (-1, -1) to (-1, -1) 1/1
