diff_match_patch_test: ../src/chrome-app-samples/diff/lib/diff_match_patch_uncompressed.js 69/1038
diff_match_patch_test: ../src/chrome-app-samples/diff/lib/diff_match_patch_uncompressed.js 69/1038
diff_test: ../src/chrome-app-samples/diff/js/diff.js 226/423
diff_test: http:/code.jquery.com/qunit/git/qunit.js 432/779
diff_test: ../src/chrome-app-samples/diff/lib/diff_match_patch.js 41/48
diff_test: ../src/chrome-app-samples/diff/lib/jquery-1.7.2.min.js 3/3
diff_match_patch_test: ../src/chrome-app-samples/diff/lib/diff_match_patch_uncompressed.js 69/1038
diff_test: ../src/chrome-app-samples/diff/js/diff.js 226/423
diff_test: http:/code.jquery.com/qunit/git/qunit.js 432/779
diff_test: ../src/chrome-app-samples/diff/lib/diff_match_patch.js 41/48
diff_test: ../src/chrome-app-samples/diff/lib/jquery-1.7.2.min.js 3/3
test: ../src/chrome-app-samples/mini-code-edit/cm/lib/codemirror.js 148/2048
test: ../src/chrome-app-samples/mini-code-edit/cm/mode/stex/stex.js 111/112
diff_match_patch_test: ../src/chrome-app-samples/diff/lib/diff_match_patch_uncompressed.js 69/1038
diff_test: ../src/chrome-app-samples/diff/js/diff.js 226/423
diff_test: http:/code.jquery.com/qunit/git/qunit.js 432/779
diff_test: ../src/chrome-app-samples/diff/lib/diff_match_patch.js 41/48
diff_test: ../src/chrome-app-samples/diff/lib/jquery-1.7.2.min.js 3/3
test: ../src/chrome-app-samples/mini-code-edit/cm/lib/codemirror.js 148/2048
test: ../src/chrome-app-samples/mini-code-edit/cm/mode/stex/stex.js 111/112
index: ../src/chrome-app-samples/mini-code-edit/cm/lib/codemirror.js 674/2048
index: http:/code.jquery.com/qunit/qunit-git.js 397/779
index: ../src/chrome-app-samples/mini-code-edit/cm/mode/xquery/xquery.js 183/209
diff_match_patch_test: ../src/chrome-app-samples/diff/lib/diff_match_patch_uncompressed.js 69/1038
diff_test: ../src/chrome-app-samples/diff/js/diff.js 226/423
diff_test: http:/code.jquery.com/qunit/git/qunit.js 432/779
diff_test: ../src/chrome-app-samples/diff/lib/diff_match_patch.js 41/48
diff_test: ../src/chrome-app-samples/diff/lib/jquery-1.7.2.min.js 3/3
test: ../src/chrome-app-samples/mini-code-edit/cm/lib/codemirror.js 148/2048
test: ../src/chrome-app-samples/mini-code-edit/cm/mode/stex/stex.js 111/112
index: ../src/chrome-app-samples/mini-code-edit/cm/lib/codemirror.js 674/2048
index: http:/code.jquery.com/qunit/qunit-git.js 397/779
index: ../src/chrome-app-samples/mini-code-edit/cm/mode/xquery/xquery.js 183/209
index: ../src/chrome-app-samples/mini-code-edit/cm/lib/codemirror.js 1249/2048
index: ../src/chrome-app-samples/mini-code-edit/cm/mode/javascript/javascript.js 165/233
diff_match_patch_test: ../src/chrome-app-samples/diff/lib/diff_match_patch_uncompressed.js 69/1038
diff_test: ../src/chrome-app-samples/diff/js/diff.js 226/423
diff_test: http:/code.jquery.com/qunit/git/qunit.js 432/779
diff_test: ../src/chrome-app-samples/diff/lib/diff_match_patch.js 41/48
diff_test: ../src/chrome-app-samples/diff/lib/jquery-1.7.2.min.js 3/3
test: ../src/chrome-app-samples/mini-code-edit/cm/lib/codemirror.js 148/2048
test: ../src/chrome-app-samples/mini-code-edit/cm/mode/stex/stex.js 111/112
index: ../src/chrome-app-samples/mini-code-edit/cm/lib/codemirror.js 674/2048
index: http:/code.jquery.com/qunit/qunit-git.js 397/779
index: ../src/chrome-app-samples/mini-code-edit/cm/mode/xquery/xquery.js 183/209
index: ../src/chrome-app-samples/mini-code-edit/cm/lib/codemirror.js 1249/2048
index: ../src/chrome-app-samples/mini-code-edit/cm/mode/javascript/javascript.js 165/233
diff_match_patch_test: ../src/chrome-app-samples/diff/lib/diff_match_patch_uncompressed.js 69/1038
diff_test: ../src/chrome-app-samples/diff/js/diff.js 226/423
diff_test: http:/code.jquery.com/qunit/git/qunit.js 432/779
diff_test: ../src/chrome-app-samples/diff/lib/diff_match_patch.js 41/48
diff_test: ../src/chrome-app-samples/diff/lib/jquery-1.7.2.min.js 3/3
test: ../src/chrome-app-samples/mini-code-edit/cm/lib/codemirror.js 148/2048
test: ../src/chrome-app-samples/mini-code-edit/cm/mode/stex/stex.js 111/112
index: ../src/chrome-app-samples/mini-code-edit/cm/lib/codemirror.js 674/2048
index: http:/code.jquery.com/qunit/qunit-git.js 397/779
index: ../src/chrome-app-samples/mini-code-edit/cm/mode/xquery/xquery.js 183/209
index: ../src/chrome-app-samples/mini-code-edit/cm/lib/codemirror.js 1249/2048
index: ../src/chrome-app-samples/mini-code-edit/cm/mode/javascript/javascript.js 165/233
diff_match_patch_test: ../src/chrome-app-samples/diff/lib/diff_match_patch_uncompressed.js 69/1038
diff_test: ../src/chrome-app-samples/diff/js/diff.js 226/423
diff_test: http:/code.jquery.com/qunit/git/qunit.js 432/779
diff_test: ../src/chrome-app-samples/diff/lib/diff_match_patch.js 41/48
diff_test: ../src/chrome-app-samples/diff/lib/jquery-1.7.2.min.js 3/3
test: ../src/chrome-app-samples/mini-code-edit/cm/lib/codemirror.js 148/2048
test: ../src/chrome-app-samples/mini-code-edit/cm/mode/stex/stex.js 111/112
index: ../src/chrome-app-samples/mini-code-edit/cm/lib/codemirror.js 674/2048
index: http:/code.jquery.com/qunit/qunit-git.js 397/779
index: ../src/chrome-app-samples/mini-code-edit/cm/mode/xquery/xquery.js 183/209
index: ../src/chrome-app-samples/mini-code-edit/cm/lib/codemirror.js 1249/2048
index: ../src/chrome-app-samples/mini-code-edit/cm/mode/javascript/javascript.js 165/233
diff_match_patch_test: ../src/chrome-app-samples/diff/lib/diff_match_patch_uncompressed.js 69/1038
diff_test: ../src/chrome-app-samples/diff/js/diff.js 226/423
diff_test: http:/code.jquery.com/qunit/git/qunit.js 432/779
diff_test: ../src/chrome-app-samples/diff/lib/diff_match_patch.js 41/48
diff_test: ../src/chrome-app-samples/diff/lib/jquery-1.7.2.min.js 3/3
test: ../src/chrome-app-samples/mini-code-edit/cm/lib/codemirror.js 148/2048
test: ../src/chrome-app-samples/mini-code-edit/cm/mode/stex/stex.js 111/112
index: ../src/chrome-app-samples/mini-code-edit/cm/lib/codemirror.js 674/2048
index: http:/code.jquery.com/qunit/qunit-git.js 397/779
index: ../src/chrome-app-samples/mini-code-edit/cm/mode/xquery/xquery.js 183/209
index: ../src/chrome-app-samples/mini-code-edit/cm/lib/codemirror.js 1249/2048
index: ../src/chrome-app-samples/mini-code-edit/cm/mode/javascript/javascript.js 165/233
