air-async: ../src/Control/Android/Control/assets/www/lawnchair/src/adaptors/LawnchairAdaptorHelpers.js 1/37
air-async: ../src/Control/Android/Control/assets/www/lawnchair/src/adaptors/AIRSqliteAdaptor.js 4/113
air-async: ../src/Control/Android/Control/assets/www/lawnchair/src/adaptors/AIRSqliteAsyncAdaptor.js 4/121
air-async: ../src/Control/Android/Control/assets/www/lawnchair/src/Lawnchair.js 5/20
air-async: ../src/Control/Android/Control/assets/www/lawnchair/src/adaptors/LawnchairAdaptorHelpers.js 1/37
air-async: ../src/Control/Android/Control/assets/www/lawnchair/src/adaptors/AIRSqliteAdaptor.js 4/113
air-async: ../src/Control/Android/Control/assets/www/lawnchair/src/adaptors/AIRSqliteAsyncAdaptor.js 4/121
air-async: ../src/Control/Android/Control/assets/www/lawnchair/src/Lawnchair.js 5/20
air: ../src/Control/Android/Control/assets/www/lawnchair/src/adaptors/LawnchairAdaptorHelpers.js 1/37
air: ../src/Control/Android/Control/assets/www/lawnchair/src/adaptors/AIRSqliteAdaptor.js 4/113
air: ../src/Control/Android/Control/assets/www/lawnchair/src/adaptors/AIRSqliteAsyncAdaptor.js 4/121
air: ../src/Control/Android/Control/assets/www/lawnchair/src/Lawnchair.js 5/20
air-async: ../src/Control/Android/Control/assets/www/lawnchair/src/adaptors/LawnchairAdaptorHelpers.js 1/37
air-async: ../src/Control/Android/Control/assets/www/lawnchair/src/adaptors/AIRSqliteAdaptor.js 4/113
air-async: ../src/Control/Android/Control/assets/www/lawnchair/src/adaptors/AIRSqliteAsyncAdaptor.js 4/121
air-async: ../src/Control/Android/Control/assets/www/lawnchair/src/Lawnchair.js 5/20
air: ../src/Control/Android/Control/assets/www/lawnchair/src/adaptors/LawnchairAdaptorHelpers.js 1/37
air: ../src/Control/Android/Control/assets/www/lawnchair/src/adaptors/AIRSqliteAdaptor.js 4/113
air: ../src/Control/Android/Control/assets/www/lawnchair/src/adaptors/AIRSqliteAsyncAdaptor.js 4/121
air: ../src/Control/Android/Control/assets/www/lawnchair/src/Lawnchair.js 5/20
cookie: ../src/Control/Android/Control/assets/www/lawnchair/src/adaptors/LawnchairAdaptorHelpers.js 1/37
cookie: ../src/Control/Android/Control/assets/www/lawnchair/src/adaptors/CookieAdaptor.js 2/53
cookie: ../src/Control/Android/Control/assets/www/lawnchair/src/Lawnchair.js 5/20
air-async: ../src/Control/Android/Control/assets/www/lawnchair/src/adaptors/LawnchairAdaptorHelpers.js 1/37
air-async: ../src/Control/Android/Control/assets/www/lawnchair/src/adaptors/AIRSqliteAdaptor.js 4/113
air-async: ../src/Control/Android/Control/assets/www/lawnchair/src/adaptors/AIRSqliteAsyncAdaptor.js 4/121
air-async: ../src/Control/Android/Control/assets/www/lawnchair/src/Lawnchair.js 5/20
air: ../src/Control/Android/Control/assets/www/lawnchair/src/adaptors/LawnchairAdaptorHelpers.js 1/37
air: ../src/Control/Android/Control/assets/www/lawnchair/src/adaptors/AIRSqliteAdaptor.js 4/113
air: ../src/Control/Android/Control/assets/www/lawnchair/src/adaptors/AIRSqliteAsyncAdaptor.js 4/121
air: ../src/Control/Android/Control/assets/www/lawnchair/src/Lawnchair.js 5/20
cookie: ../src/Control/Android/Control/assets/www/lawnchair/src/adaptors/LawnchairAdaptorHelpers.js 1/37
cookie: ../src/Control/Android/Control/assets/www/lawnchair/src/adaptors/CookieAdaptor.js 2/53
cookie: ../src/Control/Android/Control/assets/www/lawnchair/src/Lawnchair.js 5/20
dom-session: ../src/Control/Android/Control/assets/www/lawnchair/src/adaptors/LawnchairAdaptorHelpers.js 1/37
dom-session: ../src/Control/Android/Control/assets/www/lawnchair/src/adaptors/DOMStorageAdaptor.js 2/52
dom-session: ../src/Control/Android/Control/assets/www/lawnchair/src/Lawnchair.js 5/20
air-async: ../src/Control/Android/Control/assets/www/lawnchair/src/adaptors/LawnchairAdaptorHelpers.js 1/37
air-async: ../src/Control/Android/Control/assets/www/lawnchair/src/adaptors/AIRSqliteAdaptor.js 4/113
air-async: ../src/Control/Android/Control/assets/www/lawnchair/src/adaptors/AIRSqliteAsyncAdaptor.js 4/121
air-async: ../src/Control/Android/Control/assets/www/lawnchair/src/Lawnchair.js 5/20
air: ../src/Control/Android/Control/assets/www/lawnchair/src/adaptors/LawnchairAdaptorHelpers.js 1/37
air: ../src/Control/Android/Control/assets/www/lawnchair/src/adaptors/AIRSqliteAdaptor.js 4/113
air: ../src/Control/Android/Control/assets/www/lawnchair/src/adaptors/AIRSqliteAsyncAdaptor.js 4/121
air: ../src/Control/Android/Control/assets/www/lawnchair/src/Lawnchair.js 5/20
cookie: ../src/Control/Android/Control/assets/www/lawnchair/src/adaptors/LawnchairAdaptorHelpers.js 1/37
cookie: ../src/Control/Android/Control/assets/www/lawnchair/src/adaptors/CookieAdaptor.js 2/53
cookie: ../src/Control/Android/Control/assets/www/lawnchair/src/Lawnchair.js 5/20
dom-session: ../src/Control/Android/Control/assets/www/lawnchair/src/adaptors/LawnchairAdaptorHelpers.js 1/37
dom-session: ../src/Control/Android/Control/assets/www/lawnchair/src/adaptors/DOMStorageAdaptor.js 2/52
dom-session: ../src/Control/Android/Control/assets/www/lawnchair/src/Lawnchair.js 5/20
dom: ../src/Control/Android/Control/assets/www/lawnchair/src/adaptors/LawnchairAdaptorHelpers.js 1/37
dom: ../src/Control/Android/Control/assets/www/lawnchair/src/adaptors/DOMStorageAdaptor.js 2/52
dom: ../src/Control/Android/Control/assets/www/lawnchair/src/Lawnchair.js 5/20
air-async: ../src/Control/Android/Control/assets/www/lawnchair/src/adaptors/LawnchairAdaptorHelpers.js 1/37
air-async: ../src/Control/Android/Control/assets/www/lawnchair/src/adaptors/AIRSqliteAdaptor.js 4/113
air-async: ../src/Control/Android/Control/assets/www/lawnchair/src/adaptors/AIRSqliteAsyncAdaptor.js 4/121
air-async: ../src/Control/Android/Control/assets/www/lawnchair/src/Lawnchair.js 5/20
air: ../src/Control/Android/Control/assets/www/lawnchair/src/adaptors/LawnchairAdaptorHelpers.js 1/37
air: ../src/Control/Android/Control/assets/www/lawnchair/src/adaptors/AIRSqliteAdaptor.js 4/113
air: ../src/Control/Android/Control/assets/www/lawnchair/src/adaptors/AIRSqliteAsyncAdaptor.js 4/121
air: ../src/Control/Android/Control/assets/www/lawnchair/src/Lawnchair.js 5/20
cookie: ../src/Control/Android/Control/assets/www/lawnchair/src/adaptors/LawnchairAdaptorHelpers.js 1/37
cookie: ../src/Control/Android/Control/assets/www/lawnchair/src/adaptors/CookieAdaptor.js 2/53
cookie: ../src/Control/Android/Control/assets/www/lawnchair/src/Lawnchair.js 5/20
dom-session: ../src/Control/Android/Control/assets/www/lawnchair/src/adaptors/LawnchairAdaptorHelpers.js 1/37
dom-session: ../src/Control/Android/Control/assets/www/lawnchair/src/adaptors/DOMStorageAdaptor.js 2/52
dom-session: ../src/Control/Android/Control/assets/www/lawnchair/src/Lawnchair.js 5/20
dom: ../src/Control/Android/Control/assets/www/lawnchair/src/adaptors/LawnchairAdaptorHelpers.js 1/37
dom: ../src/Control/Android/Control/assets/www/lawnchair/src/adaptors/DOMStorageAdaptor.js 2/52
dom: ../src/Control/Android/Control/assets/www/lawnchair/src/Lawnchair.js 5/20
gears: ../src/Control/Android/Control/assets/www/lawnchair/src/adaptors/LawnchairAdaptorHelpers.js 1/37
gears: ../src/Control/Android/Control/assets/www/lawnchair/src/adaptors/GearsSQLiteAdaptor.js 11/83
gears: ../src/Control/Android/Control/assets/www/lawnchair/src/Lawnchair.js 5/20
air-async: ../src/Control/Android/Control/assets/www/lawnchair/src/adaptors/LawnchairAdaptorHelpers.js 1/37
air-async: ../src/Control/Android/Control/assets/www/lawnchair/src/adaptors/AIRSqliteAdaptor.js 4/113
air-async: ../src/Control/Android/Control/assets/www/lawnchair/src/adaptors/AIRSqliteAsyncAdaptor.js 4/121
air-async: ../src/Control/Android/Control/assets/www/lawnchair/src/Lawnchair.js 5/20
air: ../src/Control/Android/Control/assets/www/lawnchair/src/adaptors/LawnchairAdaptorHelpers.js 1/37
air: ../src/Control/Android/Control/assets/www/lawnchair/src/adaptors/AIRSqliteAdaptor.js 4/113
air: ../src/Control/Android/Control/assets/www/lawnchair/src/adaptors/AIRSqliteAsyncAdaptor.js 4/121
air: ../src/Control/Android/Control/assets/www/lawnchair/src/Lawnchair.js 5/20
cookie: ../src/Control/Android/Control/assets/www/lawnchair/src/adaptors/LawnchairAdaptorHelpers.js 1/37
cookie: ../src/Control/Android/Control/assets/www/lawnchair/src/adaptors/CookieAdaptor.js 2/53
cookie: ../src/Control/Android/Control/assets/www/lawnchair/src/Lawnchair.js 5/20
dom-session: ../src/Control/Android/Control/assets/www/lawnchair/src/adaptors/LawnchairAdaptorHelpers.js 1/37
dom-session: ../src/Control/Android/Control/assets/www/lawnchair/src/adaptors/DOMStorageAdaptor.js 2/52
dom-session: ../src/Control/Android/Control/assets/www/lawnchair/src/Lawnchair.js 5/20
dom: ../src/Control/Android/Control/assets/www/lawnchair/src/adaptors/LawnchairAdaptorHelpers.js 1/37
dom: ../src/Control/Android/Control/assets/www/lawnchair/src/adaptors/DOMStorageAdaptor.js 2/52
dom: ../src/Control/Android/Control/assets/www/lawnchair/src/Lawnchair.js 5/20
gears: ../src/Control/Android/Control/assets/www/lawnchair/src/adaptors/LawnchairAdaptorHelpers.js 1/37
gears: ../src/Control/Android/Control/assets/www/lawnchair/src/adaptors/GearsSQLiteAdaptor.js 11/83
gears: ../src/Control/Android/Control/assets/www/lawnchair/src/Lawnchair.js 5/20
userdata: ../src/Control/Android/Control/assets/www/lawnchair/src/adaptors/LawnchairAdaptorHelpers.js 1/37
userdata: ../src/Control/Android/Control/assets/www/lawnchair/src/Lawnchair.js 5/20
air-async: ../src/Control/Android/Control/assets/www/lawnchair/src/adaptors/LawnchairAdaptorHelpers.js 1/37
air-async: ../src/Control/Android/Control/assets/www/lawnchair/src/adaptors/AIRSqliteAdaptor.js 4/113
air-async: ../src/Control/Android/Control/assets/www/lawnchair/src/adaptors/AIRSqliteAsyncAdaptor.js 4/121
air-async: ../src/Control/Android/Control/assets/www/lawnchair/src/Lawnchair.js 5/20
air: ../src/Control/Android/Control/assets/www/lawnchair/src/adaptors/LawnchairAdaptorHelpers.js 1/37
air: ../src/Control/Android/Control/assets/www/lawnchair/src/adaptors/AIRSqliteAdaptor.js 4/113
air: ../src/Control/Android/Control/assets/www/lawnchair/src/adaptors/AIRSqliteAsyncAdaptor.js 4/121
air: ../src/Control/Android/Control/assets/www/lawnchair/src/Lawnchair.js 5/20
cookie: ../src/Control/Android/Control/assets/www/lawnchair/src/adaptors/LawnchairAdaptorHelpers.js 1/37
cookie: ../src/Control/Android/Control/assets/www/lawnchair/src/adaptors/CookieAdaptor.js 2/53
cookie: ../src/Control/Android/Control/assets/www/lawnchair/src/Lawnchair.js 5/20
dom-session: ../src/Control/Android/Control/assets/www/lawnchair/src/adaptors/LawnchairAdaptorHelpers.js 1/37
dom-session: ../src/Control/Android/Control/assets/www/lawnchair/src/adaptors/DOMStorageAdaptor.js 2/52
dom-session: ../src/Control/Android/Control/assets/www/lawnchair/src/Lawnchair.js 5/20
dom: ../src/Control/Android/Control/assets/www/lawnchair/src/adaptors/LawnchairAdaptorHelpers.js 1/37
dom: ../src/Control/Android/Control/assets/www/lawnchair/src/adaptors/DOMStorageAdaptor.js 2/52
dom: ../src/Control/Android/Control/assets/www/lawnchair/src/Lawnchair.js 5/20
gears: ../src/Control/Android/Control/assets/www/lawnchair/src/adaptors/LawnchairAdaptorHelpers.js 1/37
gears: ../src/Control/Android/Control/assets/www/lawnchair/src/adaptors/GearsSQLiteAdaptor.js 11/83
gears: ../src/Control/Android/Control/assets/www/lawnchair/src/Lawnchair.js 5/20
userdata: ../src/Control/Android/Control/assets/www/lawnchair/src/adaptors/LawnchairAdaptorHelpers.js 1/37
userdata: ../src/Control/Android/Control/assets/www/lawnchair/src/Lawnchair.js 5/20
webkit: ../src/Control/Android/Control/assets/www/lawnchair/src/adaptors/LawnchairAdaptorHelpers.js 2/37
webkit: ../src/Control/Android/Control/assets/www/lawnchair/src/Lawnchair.js 5/20
webkit: ../src/Control/Android/Control/assets/www/lawnchair/src/adaptors/WebkitSQLiteAdaptor.js 19/76
air-async: ../src/Control/Android/Control/assets/www/lawnchair/src/adaptors/LawnchairAdaptorHelpers.js 1/37
air-async: ../src/Control/Android/Control/assets/www/lawnchair/src/adaptors/AIRSqliteAdaptor.js 4/113
air-async: ../src/Control/Android/Control/assets/www/lawnchair/src/adaptors/AIRSqliteAsyncAdaptor.js 4/121
air-async: ../src/Control/Android/Control/assets/www/lawnchair/src/Lawnchair.js 5/20
air: ../src/Control/Android/Control/assets/www/lawnchair/src/adaptors/LawnchairAdaptorHelpers.js 1/37
air: ../src/Control/Android/Control/assets/www/lawnchair/src/adaptors/AIRSqliteAdaptor.js 4/113
air: ../src/Control/Android/Control/assets/www/lawnchair/src/adaptors/AIRSqliteAsyncAdaptor.js 4/121
air: ../src/Control/Android/Control/assets/www/lawnchair/src/Lawnchair.js 5/20
cookie: ../src/Control/Android/Control/assets/www/lawnchair/src/adaptors/LawnchairAdaptorHelpers.js 1/37
cookie: ../src/Control/Android/Control/assets/www/lawnchair/src/adaptors/CookieAdaptor.js 2/53
cookie: ../src/Control/Android/Control/assets/www/lawnchair/src/Lawnchair.js 5/20
dom-session: ../src/Control/Android/Control/assets/www/lawnchair/src/adaptors/LawnchairAdaptorHelpers.js 1/37
dom-session: ../src/Control/Android/Control/assets/www/lawnchair/src/adaptors/DOMStorageAdaptor.js 2/52
dom-session: ../src/Control/Android/Control/assets/www/lawnchair/src/Lawnchair.js 5/20
dom: ../src/Control/Android/Control/assets/www/lawnchair/src/adaptors/LawnchairAdaptorHelpers.js 1/37
dom: ../src/Control/Android/Control/assets/www/lawnchair/src/adaptors/DOMStorageAdaptor.js 2/52
dom: ../src/Control/Android/Control/assets/www/lawnchair/src/Lawnchair.js 5/20
gears: ../src/Control/Android/Control/assets/www/lawnchair/src/adaptors/LawnchairAdaptorHelpers.js 1/37
gears: ../src/Control/Android/Control/assets/www/lawnchair/src/adaptors/GearsSQLiteAdaptor.js 11/83
gears: ../src/Control/Android/Control/assets/www/lawnchair/src/Lawnchair.js 5/20
userdata: ../src/Control/Android/Control/assets/www/lawnchair/src/adaptors/LawnchairAdaptorHelpers.js 1/37
userdata: ../src/Control/Android/Control/assets/www/lawnchair/src/Lawnchair.js 5/20
webkit: ../src/Control/Android/Control/assets/www/lawnchair/src/adaptors/LawnchairAdaptorHelpers.js 2/37
webkit: ../src/Control/Android/Control/assets/www/lawnchair/src/Lawnchair.js 5/20
webkit: ../src/Control/Android/Control/assets/www/lawnchair/src/adaptors/WebkitSQLiteAdaptor.js 19/76
bench: ../src/Control/Android/Control/assets/www/lawnchair/src/adaptors/DOMStorageAdaptor.js 2/52
air-async: ../src/Control/Android/Control/assets/www/lawnchair/src/adaptors/LawnchairAdaptorHelpers.js 1/37
air-async: ../src/Control/Android/Control/assets/www/lawnchair/src/adaptors/AIRSqliteAdaptor.js 4/113
air-async: ../src/Control/Android/Control/assets/www/lawnchair/src/adaptors/AIRSqliteAsyncAdaptor.js 4/121
air-async: ../src/Control/Android/Control/assets/www/lawnchair/src/Lawnchair.js 5/20
air: ../src/Control/Android/Control/assets/www/lawnchair/src/adaptors/LawnchairAdaptorHelpers.js 1/37
air: ../src/Control/Android/Control/assets/www/lawnchair/src/adaptors/AIRSqliteAdaptor.js 4/113
air: ../src/Control/Android/Control/assets/www/lawnchair/src/adaptors/AIRSqliteAsyncAdaptor.js 4/121
air: ../src/Control/Android/Control/assets/www/lawnchair/src/Lawnchair.js 5/20
cookie: ../src/Control/Android/Control/assets/www/lawnchair/src/adaptors/LawnchairAdaptorHelpers.js 1/37
cookie: ../src/Control/Android/Control/assets/www/lawnchair/src/adaptors/CookieAdaptor.js 2/53
cookie: ../src/Control/Android/Control/assets/www/lawnchair/src/Lawnchair.js 5/20
dom-session: ../src/Control/Android/Control/assets/www/lawnchair/src/adaptors/LawnchairAdaptorHelpers.js 1/37
dom-session: ../src/Control/Android/Control/assets/www/lawnchair/src/adaptors/DOMStorageAdaptor.js 2/52
dom-session: ../src/Control/Android/Control/assets/www/lawnchair/src/Lawnchair.js 5/20
dom: ../src/Control/Android/Control/assets/www/lawnchair/src/adaptors/LawnchairAdaptorHelpers.js 1/37
dom: ../src/Control/Android/Control/assets/www/lawnchair/src/adaptors/DOMStorageAdaptor.js 2/52
dom: ../src/Control/Android/Control/assets/www/lawnchair/src/Lawnchair.js 5/20
gears: ../src/Control/Android/Control/assets/www/lawnchair/src/adaptors/LawnchairAdaptorHelpers.js 1/37
gears: ../src/Control/Android/Control/assets/www/lawnchair/src/adaptors/GearsSQLiteAdaptor.js 11/83
gears: ../src/Control/Android/Control/assets/www/lawnchair/src/Lawnchair.js 5/20
userdata: ../src/Control/Android/Control/assets/www/lawnchair/src/adaptors/LawnchairAdaptorHelpers.js 1/37
userdata: ../src/Control/Android/Control/assets/www/lawnchair/src/Lawnchair.js 5/20
webkit: ../src/Control/Android/Control/assets/www/lawnchair/src/adaptors/LawnchairAdaptorHelpers.js 2/37
webkit: ../src/Control/Android/Control/assets/www/lawnchair/src/Lawnchair.js 5/20
webkit: ../src/Control/Android/Control/assets/www/lawnchair/src/adaptors/WebkitSQLiteAdaptor.js 19/76
bench: ../src/Control/Android/Control/assets/www/lawnchair/src/adaptors/DOMStorageAdaptor.js 2/52
air-async: ../src/Control/Android/Control/assets/www/lawnchair/src/adaptors/LawnchairAdaptorHelpers.js 1/37
air-async: ../src/Control/Android/Control/assets/www/lawnchair/src/adaptors/AIRSqliteAdaptor.js 4/113
air-async: ../src/Control/Android/Control/assets/www/lawnchair/src/adaptors/AIRSqliteAsyncAdaptor.js 4/121
air-async: ../src/Control/Android/Control/assets/www/lawnchair/src/Lawnchair.js 5/20
air: ../src/Control/Android/Control/assets/www/lawnchair/src/adaptors/LawnchairAdaptorHelpers.js 1/37
air: ../src/Control/Android/Control/assets/www/lawnchair/src/adaptors/AIRSqliteAdaptor.js 4/113
air: ../src/Control/Android/Control/assets/www/lawnchair/src/adaptors/AIRSqliteAsyncAdaptor.js 4/121
air: ../src/Control/Android/Control/assets/www/lawnchair/src/Lawnchair.js 5/20
cookie: ../src/Control/Android/Control/assets/www/lawnchair/src/adaptors/LawnchairAdaptorHelpers.js 1/37
cookie: ../src/Control/Android/Control/assets/www/lawnchair/src/adaptors/CookieAdaptor.js 2/53
cookie: ../src/Control/Android/Control/assets/www/lawnchair/src/Lawnchair.js 5/20
dom-session: ../src/Control/Android/Control/assets/www/lawnchair/src/adaptors/LawnchairAdaptorHelpers.js 1/37
dom-session: ../src/Control/Android/Control/assets/www/lawnchair/src/adaptors/DOMStorageAdaptor.js 2/52
dom-session: ../src/Control/Android/Control/assets/www/lawnchair/src/Lawnchair.js 5/20
dom: ../src/Control/Android/Control/assets/www/lawnchair/src/adaptors/LawnchairAdaptorHelpers.js 1/37
dom: ../src/Control/Android/Control/assets/www/lawnchair/src/adaptors/DOMStorageAdaptor.js 2/52
dom: ../src/Control/Android/Control/assets/www/lawnchair/src/Lawnchair.js 5/20
gears: ../src/Control/Android/Control/assets/www/lawnchair/src/adaptors/LawnchairAdaptorHelpers.js 1/37
gears: ../src/Control/Android/Control/assets/www/lawnchair/src/adaptors/GearsSQLiteAdaptor.js 11/83
gears: ../src/Control/Android/Control/assets/www/lawnchair/src/Lawnchair.js 5/20
userdata: ../src/Control/Android/Control/assets/www/lawnchair/src/adaptors/LawnchairAdaptorHelpers.js 1/37
userdata: ../src/Control/Android/Control/assets/www/lawnchair/src/Lawnchair.js 5/20
webkit: ../src/Control/Android/Control/assets/www/lawnchair/src/adaptors/LawnchairAdaptorHelpers.js 2/37
webkit: ../src/Control/Android/Control/assets/www/lawnchair/src/Lawnchair.js 5/20
webkit: ../src/Control/Android/Control/assets/www/lawnchair/src/adaptors/WebkitSQLiteAdaptor.js 19/76
bench: ../src/Control/Android/Control/assets/www/lawnchair/src/adaptors/DOMStorageAdaptor.js 2/52
air-async: ../src/Control/www/lawnchair/src/adaptors/LawnchairAdaptorHelpers.js 2/37
air-async: ../src/Control/www/lawnchair/src/adaptors/AIRSqliteAsyncAdaptor.js 13/121
air-async: ../src/Control/www/lawnchair/src/adaptors/AIRSqliteAdaptor.js 13/113
air-async: ../src/Control/www/lawnchair/src/Lawnchair.js 5/20
air-async: ../src/Control/Android/Control/assets/www/lawnchair/src/adaptors/LawnchairAdaptorHelpers.js 1/37
air-async: ../src/Control/Android/Control/assets/www/lawnchair/src/adaptors/AIRSqliteAdaptor.js 4/113
air-async: ../src/Control/Android/Control/assets/www/lawnchair/src/adaptors/AIRSqliteAsyncAdaptor.js 4/121
air-async: ../src/Control/Android/Control/assets/www/lawnchair/src/Lawnchair.js 5/20
air: ../src/Control/Android/Control/assets/www/lawnchair/src/adaptors/LawnchairAdaptorHelpers.js 1/37
air: ../src/Control/Android/Control/assets/www/lawnchair/src/adaptors/AIRSqliteAdaptor.js 4/113
air: ../src/Control/Android/Control/assets/www/lawnchair/src/adaptors/AIRSqliteAsyncAdaptor.js 4/121
air: ../src/Control/Android/Control/assets/www/lawnchair/src/Lawnchair.js 5/20
cookie: ../src/Control/Android/Control/assets/www/lawnchair/src/adaptors/LawnchairAdaptorHelpers.js 1/37
cookie: ../src/Control/Android/Control/assets/www/lawnchair/src/adaptors/CookieAdaptor.js 2/53
cookie: ../src/Control/Android/Control/assets/www/lawnchair/src/Lawnchair.js 5/20
dom-session: ../src/Control/Android/Control/assets/www/lawnchair/src/adaptors/LawnchairAdaptorHelpers.js 1/37
dom-session: ../src/Control/Android/Control/assets/www/lawnchair/src/adaptors/DOMStorageAdaptor.js 2/52
dom-session: ../src/Control/Android/Control/assets/www/lawnchair/src/Lawnchair.js 5/20
dom: ../src/Control/Android/Control/assets/www/lawnchair/src/adaptors/LawnchairAdaptorHelpers.js 1/37
dom: ../src/Control/Android/Control/assets/www/lawnchair/src/adaptors/DOMStorageAdaptor.js 2/52
dom: ../src/Control/Android/Control/assets/www/lawnchair/src/Lawnchair.js 5/20
gears: ../src/Control/Android/Control/assets/www/lawnchair/src/adaptors/LawnchairAdaptorHelpers.js 1/37
gears: ../src/Control/Android/Control/assets/www/lawnchair/src/adaptors/GearsSQLiteAdaptor.js 11/83
gears: ../src/Control/Android/Control/assets/www/lawnchair/src/Lawnchair.js 5/20
userdata: ../src/Control/Android/Control/assets/www/lawnchair/src/adaptors/LawnchairAdaptorHelpers.js 1/37
userdata: ../src/Control/Android/Control/assets/www/lawnchair/src/Lawnchair.js 5/20
webkit: ../src/Control/Android/Control/assets/www/lawnchair/src/adaptors/LawnchairAdaptorHelpers.js 2/37
webkit: ../src/Control/Android/Control/assets/www/lawnchair/src/Lawnchair.js 5/20
webkit: ../src/Control/Android/Control/assets/www/lawnchair/src/adaptors/WebkitSQLiteAdaptor.js 19/76
bench: ../src/Control/Android/Control/assets/www/lawnchair/src/adaptors/DOMStorageAdaptor.js 2/52
air-async: ../src/Control/www/lawnchair/src/adaptors/LawnchairAdaptorHelpers.js 2/37
air-async: ../src/Control/www/lawnchair/src/adaptors/AIRSqliteAsyncAdaptor.js 13/121
air-async: ../src/Control/www/lawnchair/src/adaptors/AIRSqliteAdaptor.js 13/113
air-async: ../src/Control/www/lawnchair/src/Lawnchair.js 5/20
air: ../src/Control/www/lawnchair/src/adaptors/AIRSqliteAsyncAdaptor.js 4/121
air: ../src/Control/www/lawnchair/src/adaptors/LawnchairAdaptorHelpers.js 2/37
air: ../src/Control/www/lawnchair/src/adaptors/AIRSqliteAdaptor.js 13/113
air: ../src/Control/www/lawnchair/src/Lawnchair.js 5/20
air-async: ../src/Control/Android/Control/assets/www/lawnchair/src/adaptors/LawnchairAdaptorHelpers.js 1/37
air-async: ../src/Control/Android/Control/assets/www/lawnchair/src/adaptors/AIRSqliteAdaptor.js 4/113
air-async: ../src/Control/Android/Control/assets/www/lawnchair/src/adaptors/AIRSqliteAsyncAdaptor.js 4/121
air-async: ../src/Control/Android/Control/assets/www/lawnchair/src/Lawnchair.js 5/20
air: ../src/Control/Android/Control/assets/www/lawnchair/src/adaptors/LawnchairAdaptorHelpers.js 1/37
air: ../src/Control/Android/Control/assets/www/lawnchair/src/adaptors/AIRSqliteAdaptor.js 4/113
air: ../src/Control/Android/Control/assets/www/lawnchair/src/adaptors/AIRSqliteAsyncAdaptor.js 4/121
air: ../src/Control/Android/Control/assets/www/lawnchair/src/Lawnchair.js 5/20
cookie: ../src/Control/Android/Control/assets/www/lawnchair/src/adaptors/LawnchairAdaptorHelpers.js 1/37
cookie: ../src/Control/Android/Control/assets/www/lawnchair/src/adaptors/CookieAdaptor.js 2/53
cookie: ../src/Control/Android/Control/assets/www/lawnchair/src/Lawnchair.js 5/20
dom-session: ../src/Control/Android/Control/assets/www/lawnchair/src/adaptors/LawnchairAdaptorHelpers.js 1/37
dom-session: ../src/Control/Android/Control/assets/www/lawnchair/src/adaptors/DOMStorageAdaptor.js 2/52
dom-session: ../src/Control/Android/Control/assets/www/lawnchair/src/Lawnchair.js 5/20
dom: ../src/Control/Android/Control/assets/www/lawnchair/src/adaptors/LawnchairAdaptorHelpers.js 1/37
dom: ../src/Control/Android/Control/assets/www/lawnchair/src/adaptors/DOMStorageAdaptor.js 2/52
dom: ../src/Control/Android/Control/assets/www/lawnchair/src/Lawnchair.js 5/20
gears: ../src/Control/Android/Control/assets/www/lawnchair/src/adaptors/LawnchairAdaptorHelpers.js 1/37
gears: ../src/Control/Android/Control/assets/www/lawnchair/src/adaptors/GearsSQLiteAdaptor.js 11/83
gears: ../src/Control/Android/Control/assets/www/lawnchair/src/Lawnchair.js 5/20
userdata: ../src/Control/Android/Control/assets/www/lawnchair/src/adaptors/LawnchairAdaptorHelpers.js 1/37
userdata: ../src/Control/Android/Control/assets/www/lawnchair/src/Lawnchair.js 5/20
webkit: ../src/Control/Android/Control/assets/www/lawnchair/src/adaptors/LawnchairAdaptorHelpers.js 2/37
webkit: ../src/Control/Android/Control/assets/www/lawnchair/src/Lawnchair.js 5/20
webkit: ../src/Control/Android/Control/assets/www/lawnchair/src/adaptors/WebkitSQLiteAdaptor.js 19/76
bench: ../src/Control/Android/Control/assets/www/lawnchair/src/adaptors/DOMStorageAdaptor.js 2/52
air-async: ../src/Control/www/lawnchair/src/adaptors/LawnchairAdaptorHelpers.js 2/37
air-async: ../src/Control/www/lawnchair/src/adaptors/AIRSqliteAsyncAdaptor.js 13/121
air-async: ../src/Control/www/lawnchair/src/adaptors/AIRSqliteAdaptor.js 13/113
air-async: ../src/Control/www/lawnchair/src/Lawnchair.js 5/20
air: ../src/Control/www/lawnchair/src/adaptors/AIRSqliteAsyncAdaptor.js 4/121
air: ../src/Control/www/lawnchair/src/adaptors/LawnchairAdaptorHelpers.js 2/37
air: ../src/Control/www/lawnchair/src/adaptors/AIRSqliteAdaptor.js 13/113
air: ../src/Control/www/lawnchair/src/Lawnchair.js 5/20
cookie: ../src/Control/www/lawnchair/src/Lawnchair.js 8/20
cookie: ../src/Control/www/lawnchair/src/adaptors/LawnchairAdaptorHelpers.js 20/37
cookie: ../src/Control/www/lawnchair/src/adaptors/CookieAdaptor.js 31/53
air-async: ../src/Control/Android/Control/assets/www/lawnchair/src/adaptors/LawnchairAdaptorHelpers.js 1/37
air-async: ../src/Control/Android/Control/assets/www/lawnchair/src/adaptors/AIRSqliteAdaptor.js 4/113
air-async: ../src/Control/Android/Control/assets/www/lawnchair/src/adaptors/AIRSqliteAsyncAdaptor.js 4/121
air-async: ../src/Control/Android/Control/assets/www/lawnchair/src/Lawnchair.js 5/20
air: ../src/Control/Android/Control/assets/www/lawnchair/src/adaptors/LawnchairAdaptorHelpers.js 1/37
air: ../src/Control/Android/Control/assets/www/lawnchair/src/adaptors/AIRSqliteAdaptor.js 4/113
air: ../src/Control/Android/Control/assets/www/lawnchair/src/adaptors/AIRSqliteAsyncAdaptor.js 4/121
air: ../src/Control/Android/Control/assets/www/lawnchair/src/Lawnchair.js 5/20
cookie: ../src/Control/Android/Control/assets/www/lawnchair/src/adaptors/LawnchairAdaptorHelpers.js 1/37
cookie: ../src/Control/Android/Control/assets/www/lawnchair/src/adaptors/CookieAdaptor.js 2/53
cookie: ../src/Control/Android/Control/assets/www/lawnchair/src/Lawnchair.js 5/20
dom-session: ../src/Control/Android/Control/assets/www/lawnchair/src/adaptors/LawnchairAdaptorHelpers.js 1/37
dom-session: ../src/Control/Android/Control/assets/www/lawnchair/src/adaptors/DOMStorageAdaptor.js 2/52
dom-session: ../src/Control/Android/Control/assets/www/lawnchair/src/Lawnchair.js 5/20
dom: ../src/Control/Android/Control/assets/www/lawnchair/src/adaptors/LawnchairAdaptorHelpers.js 1/37
dom: ../src/Control/Android/Control/assets/www/lawnchair/src/adaptors/DOMStorageAdaptor.js 2/52
dom: ../src/Control/Android/Control/assets/www/lawnchair/src/Lawnchair.js 5/20
gears: ../src/Control/Android/Control/assets/www/lawnchair/src/adaptors/LawnchairAdaptorHelpers.js 1/37
gears: ../src/Control/Android/Control/assets/www/lawnchair/src/adaptors/GearsSQLiteAdaptor.js 11/83
gears: ../src/Control/Android/Control/assets/www/lawnchair/src/Lawnchair.js 5/20
userdata: ../src/Control/Android/Control/assets/www/lawnchair/src/adaptors/LawnchairAdaptorHelpers.js 1/37
userdata: ../src/Control/Android/Control/assets/www/lawnchair/src/Lawnchair.js 5/20
webkit: ../src/Control/Android/Control/assets/www/lawnchair/src/adaptors/LawnchairAdaptorHelpers.js 2/37
webkit: ../src/Control/Android/Control/assets/www/lawnchair/src/Lawnchair.js 5/20
webkit: ../src/Control/Android/Control/assets/www/lawnchair/src/adaptors/WebkitSQLiteAdaptor.js 19/76
bench: ../src/Control/Android/Control/assets/www/lawnchair/src/adaptors/DOMStorageAdaptor.js 2/52
air-async: ../src/Control/www/lawnchair/src/adaptors/LawnchairAdaptorHelpers.js 2/37
air-async: ../src/Control/www/lawnchair/src/adaptors/AIRSqliteAsyncAdaptor.js 13/121
air-async: ../src/Control/www/lawnchair/src/adaptors/AIRSqliteAdaptor.js 13/113
air-async: ../src/Control/www/lawnchair/src/Lawnchair.js 5/20
air: ../src/Control/www/lawnchair/src/adaptors/AIRSqliteAsyncAdaptor.js 4/121
air: ../src/Control/www/lawnchair/src/adaptors/LawnchairAdaptorHelpers.js 2/37
air: ../src/Control/www/lawnchair/src/adaptors/AIRSqliteAdaptor.js 13/113
air: ../src/Control/www/lawnchair/src/Lawnchair.js 5/20
cookie: ../src/Control/www/lawnchair/src/Lawnchair.js 8/20
cookie: ../src/Control/www/lawnchair/src/adaptors/LawnchairAdaptorHelpers.js 20/37
cookie: ../src/Control/www/lawnchair/src/adaptors/CookieAdaptor.js 31/53
dom-session: ../src/Control/www/lawnchair/src/adaptors/LawnchairAdaptorHelpers.js 21/37
dom-session: ../src/Control/www/lawnchair/src/adaptors/DOMStorageAdaptor.js 36/52
dom-session: ../src/Control/www/lawnchair/src/Lawnchair.js 17/20
air-async: ../src/Control/Android/Control/assets/www/lawnchair/src/adaptors/LawnchairAdaptorHelpers.js 1/37
air-async: ../src/Control/Android/Control/assets/www/lawnchair/src/adaptors/AIRSqliteAdaptor.js 4/113
air-async: ../src/Control/Android/Control/assets/www/lawnchair/src/adaptors/AIRSqliteAsyncAdaptor.js 4/121
air-async: ../src/Control/Android/Control/assets/www/lawnchair/src/Lawnchair.js 5/20
air: ../src/Control/Android/Control/assets/www/lawnchair/src/adaptors/LawnchairAdaptorHelpers.js 1/37
air: ../src/Control/Android/Control/assets/www/lawnchair/src/adaptors/AIRSqliteAdaptor.js 4/113
air: ../src/Control/Android/Control/assets/www/lawnchair/src/adaptors/AIRSqliteAsyncAdaptor.js 4/121
air: ../src/Control/Android/Control/assets/www/lawnchair/src/Lawnchair.js 5/20
cookie: ../src/Control/Android/Control/assets/www/lawnchair/src/adaptors/LawnchairAdaptorHelpers.js 1/37
cookie: ../src/Control/Android/Control/assets/www/lawnchair/src/adaptors/CookieAdaptor.js 2/53
cookie: ../src/Control/Android/Control/assets/www/lawnchair/src/Lawnchair.js 5/20
dom-session: ../src/Control/Android/Control/assets/www/lawnchair/src/adaptors/LawnchairAdaptorHelpers.js 1/37
dom-session: ../src/Control/Android/Control/assets/www/lawnchair/src/adaptors/DOMStorageAdaptor.js 2/52
dom-session: ../src/Control/Android/Control/assets/www/lawnchair/src/Lawnchair.js 5/20
dom: ../src/Control/Android/Control/assets/www/lawnchair/src/adaptors/LawnchairAdaptorHelpers.js 1/37
dom: ../src/Control/Android/Control/assets/www/lawnchair/src/adaptors/DOMStorageAdaptor.js 2/52
dom: ../src/Control/Android/Control/assets/www/lawnchair/src/Lawnchair.js 5/20
gears: ../src/Control/Android/Control/assets/www/lawnchair/src/adaptors/LawnchairAdaptorHelpers.js 1/37
gears: ../src/Control/Android/Control/assets/www/lawnchair/src/adaptors/GearsSQLiteAdaptor.js 11/83
gears: ../src/Control/Android/Control/assets/www/lawnchair/src/Lawnchair.js 5/20
userdata: ../src/Control/Android/Control/assets/www/lawnchair/src/adaptors/LawnchairAdaptorHelpers.js 1/37
userdata: ../src/Control/Android/Control/assets/www/lawnchair/src/Lawnchair.js 5/20
webkit: ../src/Control/Android/Control/assets/www/lawnchair/src/adaptors/LawnchairAdaptorHelpers.js 2/37
webkit: ../src/Control/Android/Control/assets/www/lawnchair/src/Lawnchair.js 5/20
webkit: ../src/Control/Android/Control/assets/www/lawnchair/src/adaptors/WebkitSQLiteAdaptor.js 19/76
bench: ../src/Control/Android/Control/assets/www/lawnchair/src/adaptors/DOMStorageAdaptor.js 2/52
air-async: ../src/Control/www/lawnchair/src/adaptors/LawnchairAdaptorHelpers.js 2/37
air-async: ../src/Control/www/lawnchair/src/adaptors/AIRSqliteAsyncAdaptor.js 13/121
air-async: ../src/Control/www/lawnchair/src/adaptors/AIRSqliteAdaptor.js 13/113
air-async: ../src/Control/www/lawnchair/src/Lawnchair.js 5/20
air: ../src/Control/www/lawnchair/src/adaptors/AIRSqliteAsyncAdaptor.js 4/121
air: ../src/Control/www/lawnchair/src/adaptors/LawnchairAdaptorHelpers.js 2/37
air: ../src/Control/www/lawnchair/src/adaptors/AIRSqliteAdaptor.js 13/113
air: ../src/Control/www/lawnchair/src/Lawnchair.js 5/20
cookie: ../src/Control/www/lawnchair/src/Lawnchair.js 8/20
cookie: ../src/Control/www/lawnchair/src/adaptors/LawnchairAdaptorHelpers.js 20/37
cookie: ../src/Control/www/lawnchair/src/adaptors/CookieAdaptor.js 31/53
dom-session: ../src/Control/www/lawnchair/src/adaptors/LawnchairAdaptorHelpers.js 21/37
dom-session: ../src/Control/www/lawnchair/src/adaptors/DOMStorageAdaptor.js 36/52
dom-session: ../src/Control/www/lawnchair/src/Lawnchair.js 17/20
dom: ../src/Control/www/lawnchair/src/adaptors/LawnchairAdaptorHelpers.js 21/37
dom: ../src/Control/www/lawnchair/src/adaptors/DOMStorageAdaptor.js 36/52
dom: ../src/Control/www/lawnchair/src/Lawnchair.js 17/20
air-async: ../src/Control/Android/Control/assets/www/lawnchair/src/adaptors/LawnchairAdaptorHelpers.js 1/37
air-async: ../src/Control/Android/Control/assets/www/lawnchair/src/adaptors/AIRSqliteAdaptor.js 4/113
air-async: ../src/Control/Android/Control/assets/www/lawnchair/src/adaptors/AIRSqliteAsyncAdaptor.js 4/121
air-async: ../src/Control/Android/Control/assets/www/lawnchair/src/Lawnchair.js 5/20
air: ../src/Control/Android/Control/assets/www/lawnchair/src/adaptors/LawnchairAdaptorHelpers.js 1/37
air: ../src/Control/Android/Control/assets/www/lawnchair/src/adaptors/AIRSqliteAdaptor.js 4/113
air: ../src/Control/Android/Control/assets/www/lawnchair/src/adaptors/AIRSqliteAsyncAdaptor.js 4/121
air: ../src/Control/Android/Control/assets/www/lawnchair/src/Lawnchair.js 5/20
cookie: ../src/Control/Android/Control/assets/www/lawnchair/src/adaptors/LawnchairAdaptorHelpers.js 1/37
cookie: ../src/Control/Android/Control/assets/www/lawnchair/src/adaptors/CookieAdaptor.js 2/53
cookie: ../src/Control/Android/Control/assets/www/lawnchair/src/Lawnchair.js 5/20
dom-session: ../src/Control/Android/Control/assets/www/lawnchair/src/adaptors/LawnchairAdaptorHelpers.js 1/37
dom-session: ../src/Control/Android/Control/assets/www/lawnchair/src/adaptors/DOMStorageAdaptor.js 2/52
dom-session: ../src/Control/Android/Control/assets/www/lawnchair/src/Lawnchair.js 5/20
dom: ../src/Control/Android/Control/assets/www/lawnchair/src/adaptors/LawnchairAdaptorHelpers.js 1/37
dom: ../src/Control/Android/Control/assets/www/lawnchair/src/adaptors/DOMStorageAdaptor.js 2/52
dom: ../src/Control/Android/Control/assets/www/lawnchair/src/Lawnchair.js 5/20
gears: ../src/Control/Android/Control/assets/www/lawnchair/src/adaptors/LawnchairAdaptorHelpers.js 1/37
gears: ../src/Control/Android/Control/assets/www/lawnchair/src/adaptors/GearsSQLiteAdaptor.js 11/83
gears: ../src/Control/Android/Control/assets/www/lawnchair/src/Lawnchair.js 5/20
userdata: ../src/Control/Android/Control/assets/www/lawnchair/src/adaptors/LawnchairAdaptorHelpers.js 1/37
userdata: ../src/Control/Android/Control/assets/www/lawnchair/src/Lawnchair.js 5/20
webkit: ../src/Control/Android/Control/assets/www/lawnchair/src/adaptors/LawnchairAdaptorHelpers.js 2/37
webkit: ../src/Control/Android/Control/assets/www/lawnchair/src/Lawnchair.js 5/20
webkit: ../src/Control/Android/Control/assets/www/lawnchair/src/adaptors/WebkitSQLiteAdaptor.js 19/76
bench: ../src/Control/Android/Control/assets/www/lawnchair/src/adaptors/DOMStorageAdaptor.js 2/52
air-async: ../src/Control/www/lawnchair/src/adaptors/LawnchairAdaptorHelpers.js 2/37
air-async: ../src/Control/www/lawnchair/src/adaptors/AIRSqliteAsyncAdaptor.js 13/121
air-async: ../src/Control/www/lawnchair/src/adaptors/AIRSqliteAdaptor.js 13/113
air-async: ../src/Control/www/lawnchair/src/Lawnchair.js 5/20
air: ../src/Control/www/lawnchair/src/adaptors/AIRSqliteAsyncAdaptor.js 4/121
air: ../src/Control/www/lawnchair/src/adaptors/LawnchairAdaptorHelpers.js 2/37
air: ../src/Control/www/lawnchair/src/adaptors/AIRSqliteAdaptor.js 13/113
air: ../src/Control/www/lawnchair/src/Lawnchair.js 5/20
cookie: ../src/Control/www/lawnchair/src/Lawnchair.js 8/20
cookie: ../src/Control/www/lawnchair/src/adaptors/LawnchairAdaptorHelpers.js 20/37
cookie: ../src/Control/www/lawnchair/src/adaptors/CookieAdaptor.js 31/53
dom-session: ../src/Control/www/lawnchair/src/adaptors/LawnchairAdaptorHelpers.js 21/37
dom-session: ../src/Control/www/lawnchair/src/adaptors/DOMStorageAdaptor.js 36/52
dom-session: ../src/Control/www/lawnchair/src/Lawnchair.js 17/20
dom: ../src/Control/www/lawnchair/src/adaptors/LawnchairAdaptorHelpers.js 21/37
dom: ../src/Control/www/lawnchair/src/adaptors/DOMStorageAdaptor.js 36/52
dom: ../src/Control/www/lawnchair/src/Lawnchair.js 17/20
gears: ../src/Control/www/lawnchair/src/adaptors/LawnchairAdaptorHelpers.js 2/37
gears: ../src/Control/www/lawnchair/src/adaptors/GearsSQLiteAdaptor.js 20/83
gears: ../src/Control/www/lawnchair/src/Lawnchair.js 5/20
air-async: ../src/Control/Android/Control/assets/www/lawnchair/src/adaptors/LawnchairAdaptorHelpers.js 1/37
air-async: ../src/Control/Android/Control/assets/www/lawnchair/src/adaptors/AIRSqliteAdaptor.js 4/113
air-async: ../src/Control/Android/Control/assets/www/lawnchair/src/adaptors/AIRSqliteAsyncAdaptor.js 4/121
air-async: ../src/Control/Android/Control/assets/www/lawnchair/src/Lawnchair.js 5/20
air: ../src/Control/Android/Control/assets/www/lawnchair/src/adaptors/LawnchairAdaptorHelpers.js 1/37
air: ../src/Control/Android/Control/assets/www/lawnchair/src/adaptors/AIRSqliteAdaptor.js 4/113
air: ../src/Control/Android/Control/assets/www/lawnchair/src/adaptors/AIRSqliteAsyncAdaptor.js 4/121
air: ../src/Control/Android/Control/assets/www/lawnchair/src/Lawnchair.js 5/20
cookie: ../src/Control/Android/Control/assets/www/lawnchair/src/adaptors/LawnchairAdaptorHelpers.js 1/37
cookie: ../src/Control/Android/Control/assets/www/lawnchair/src/adaptors/CookieAdaptor.js 2/53
cookie: ../src/Control/Android/Control/assets/www/lawnchair/src/Lawnchair.js 5/20
dom-session: ../src/Control/Android/Control/assets/www/lawnchair/src/adaptors/LawnchairAdaptorHelpers.js 1/37
dom-session: ../src/Control/Android/Control/assets/www/lawnchair/src/adaptors/DOMStorageAdaptor.js 2/52
dom-session: ../src/Control/Android/Control/assets/www/lawnchair/src/Lawnchair.js 5/20
dom: ../src/Control/Android/Control/assets/www/lawnchair/src/adaptors/LawnchairAdaptorHelpers.js 1/37
dom: ../src/Control/Android/Control/assets/www/lawnchair/src/adaptors/DOMStorageAdaptor.js 2/52
dom: ../src/Control/Android/Control/assets/www/lawnchair/src/Lawnchair.js 5/20
gears: ../src/Control/Android/Control/assets/www/lawnchair/src/adaptors/LawnchairAdaptorHelpers.js 1/37
gears: ../src/Control/Android/Control/assets/www/lawnchair/src/adaptors/GearsSQLiteAdaptor.js 11/83
gears: ../src/Control/Android/Control/assets/www/lawnchair/src/Lawnchair.js 5/20
userdata: ../src/Control/Android/Control/assets/www/lawnchair/src/adaptors/LawnchairAdaptorHelpers.js 1/37
userdata: ../src/Control/Android/Control/assets/www/lawnchair/src/Lawnchair.js 5/20
webkit: ../src/Control/Android/Control/assets/www/lawnchair/src/adaptors/LawnchairAdaptorHelpers.js 2/37
webkit: ../src/Control/Android/Control/assets/www/lawnchair/src/Lawnchair.js 5/20
webkit: ../src/Control/Android/Control/assets/www/lawnchair/src/adaptors/WebkitSQLiteAdaptor.js 19/76
bench: ../src/Control/Android/Control/assets/www/lawnchair/src/adaptors/DOMStorageAdaptor.js 2/52
air-async: ../src/Control/www/lawnchair/src/adaptors/LawnchairAdaptorHelpers.js 2/37
air-async: ../src/Control/www/lawnchair/src/adaptors/AIRSqliteAsyncAdaptor.js 13/121
air-async: ../src/Control/www/lawnchair/src/adaptors/AIRSqliteAdaptor.js 13/113
air-async: ../src/Control/www/lawnchair/src/Lawnchair.js 5/20
air: ../src/Control/www/lawnchair/src/adaptors/AIRSqliteAsyncAdaptor.js 4/121
air: ../src/Control/www/lawnchair/src/adaptors/LawnchairAdaptorHelpers.js 2/37
air: ../src/Control/www/lawnchair/src/adaptors/AIRSqliteAdaptor.js 13/113
air: ../src/Control/www/lawnchair/src/Lawnchair.js 5/20
cookie: ../src/Control/www/lawnchair/src/Lawnchair.js 8/20
cookie: ../src/Control/www/lawnchair/src/adaptors/LawnchairAdaptorHelpers.js 20/37
cookie: ../src/Control/www/lawnchair/src/adaptors/CookieAdaptor.js 31/53
dom-session: ../src/Control/www/lawnchair/src/adaptors/LawnchairAdaptorHelpers.js 21/37
dom-session: ../src/Control/www/lawnchair/src/adaptors/DOMStorageAdaptor.js 36/52
dom-session: ../src/Control/www/lawnchair/src/Lawnchair.js 17/20
dom: ../src/Control/www/lawnchair/src/adaptors/LawnchairAdaptorHelpers.js 21/37
dom: ../src/Control/www/lawnchair/src/adaptors/DOMStorageAdaptor.js 36/52
dom: ../src/Control/www/lawnchair/src/Lawnchair.js 17/20
gears: ../src/Control/www/lawnchair/src/adaptors/LawnchairAdaptorHelpers.js 2/37
gears: ../src/Control/www/lawnchair/src/adaptors/GearsSQLiteAdaptor.js 20/83
gears: ../src/Control/www/lawnchair/src/Lawnchair.js 5/20
userdata: ../src/Control/www/lawnchair/src/adaptors/LawnchairAdaptorHelpers.js 1/37
userdata: ../src/Control/www/lawnchair/src/Lawnchair.js 5/20
air-async: ../src/Control/Android/Control/assets/www/lawnchair/src/adaptors/LawnchairAdaptorHelpers.js 1/37
air-async: ../src/Control/Android/Control/assets/www/lawnchair/src/adaptors/AIRSqliteAdaptor.js 4/113
air-async: ../src/Control/Android/Control/assets/www/lawnchair/src/adaptors/AIRSqliteAsyncAdaptor.js 4/121
air-async: ../src/Control/Android/Control/assets/www/lawnchair/src/Lawnchair.js 5/20
air: ../src/Control/Android/Control/assets/www/lawnchair/src/adaptors/LawnchairAdaptorHelpers.js 1/37
air: ../src/Control/Android/Control/assets/www/lawnchair/src/adaptors/AIRSqliteAdaptor.js 4/113
air: ../src/Control/Android/Control/assets/www/lawnchair/src/adaptors/AIRSqliteAsyncAdaptor.js 4/121
air: ../src/Control/Android/Control/assets/www/lawnchair/src/Lawnchair.js 5/20
cookie: ../src/Control/Android/Control/assets/www/lawnchair/src/adaptors/LawnchairAdaptorHelpers.js 1/37
cookie: ../src/Control/Android/Control/assets/www/lawnchair/src/adaptors/CookieAdaptor.js 2/53
cookie: ../src/Control/Android/Control/assets/www/lawnchair/src/Lawnchair.js 5/20
dom-session: ../src/Control/Android/Control/assets/www/lawnchair/src/adaptors/LawnchairAdaptorHelpers.js 1/37
dom-session: ../src/Control/Android/Control/assets/www/lawnchair/src/adaptors/DOMStorageAdaptor.js 2/52
dom-session: ../src/Control/Android/Control/assets/www/lawnchair/src/Lawnchair.js 5/20
dom: ../src/Control/Android/Control/assets/www/lawnchair/src/adaptors/LawnchairAdaptorHelpers.js 1/37
dom: ../src/Control/Android/Control/assets/www/lawnchair/src/adaptors/DOMStorageAdaptor.js 2/52
dom: ../src/Control/Android/Control/assets/www/lawnchair/src/Lawnchair.js 5/20
gears: ../src/Control/Android/Control/assets/www/lawnchair/src/adaptors/LawnchairAdaptorHelpers.js 1/37
gears: ../src/Control/Android/Control/assets/www/lawnchair/src/adaptors/GearsSQLiteAdaptor.js 11/83
gears: ../src/Control/Android/Control/assets/www/lawnchair/src/Lawnchair.js 5/20
userdata: ../src/Control/Android/Control/assets/www/lawnchair/src/adaptors/LawnchairAdaptorHelpers.js 1/37
userdata: ../src/Control/Android/Control/assets/www/lawnchair/src/Lawnchair.js 5/20
webkit: ../src/Control/Android/Control/assets/www/lawnchair/src/adaptors/LawnchairAdaptorHelpers.js 2/37
webkit: ../src/Control/Android/Control/assets/www/lawnchair/src/Lawnchair.js 5/20
webkit: ../src/Control/Android/Control/assets/www/lawnchair/src/adaptors/WebkitSQLiteAdaptor.js 19/76
bench: ../src/Control/Android/Control/assets/www/lawnchair/src/adaptors/DOMStorageAdaptor.js 2/52
air-async: ../src/Control/www/lawnchair/src/adaptors/LawnchairAdaptorHelpers.js 2/37
air-async: ../src/Control/www/lawnchair/src/adaptors/AIRSqliteAsyncAdaptor.js 13/121
air-async: ../src/Control/www/lawnchair/src/adaptors/AIRSqliteAdaptor.js 13/113
air-async: ../src/Control/www/lawnchair/src/Lawnchair.js 5/20
air: ../src/Control/www/lawnchair/src/adaptors/AIRSqliteAsyncAdaptor.js 4/121
air: ../src/Control/www/lawnchair/src/adaptors/LawnchairAdaptorHelpers.js 2/37
air: ../src/Control/www/lawnchair/src/adaptors/AIRSqliteAdaptor.js 13/113
air: ../src/Control/www/lawnchair/src/Lawnchair.js 5/20
cookie: ../src/Control/www/lawnchair/src/Lawnchair.js 8/20
cookie: ../src/Control/www/lawnchair/src/adaptors/LawnchairAdaptorHelpers.js 20/37
cookie: ../src/Control/www/lawnchair/src/adaptors/CookieAdaptor.js 31/53
dom-session: ../src/Control/www/lawnchair/src/adaptors/LawnchairAdaptorHelpers.js 21/37
dom-session: ../src/Control/www/lawnchair/src/adaptors/DOMStorageAdaptor.js 36/52
dom-session: ../src/Control/www/lawnchair/src/Lawnchair.js 17/20
dom: ../src/Control/www/lawnchair/src/adaptors/LawnchairAdaptorHelpers.js 21/37
dom: ../src/Control/www/lawnchair/src/adaptors/DOMStorageAdaptor.js 36/52
dom: ../src/Control/www/lawnchair/src/Lawnchair.js 17/20
gears: ../src/Control/www/lawnchair/src/adaptors/LawnchairAdaptorHelpers.js 2/37
gears: ../src/Control/www/lawnchair/src/adaptors/GearsSQLiteAdaptor.js 20/83
gears: ../src/Control/www/lawnchair/src/Lawnchair.js 5/20
userdata: ../src/Control/www/lawnchair/src/adaptors/LawnchairAdaptorHelpers.js 1/37
userdata: ../src/Control/www/lawnchair/src/Lawnchair.js 5/20
webkit: ../src/Control/www/lawnchair/src/adaptors/LawnchairAdaptorHelpers.js 2/37
webkit: ../src/Control/www/lawnchair/src/Lawnchair.js 5/20
webkit: ../src/Control/www/lawnchair/src/adaptors/WebkitSQLiteAdaptor.js 19/76
air-async: ../src/Control/Android/Control/assets/www/lawnchair/src/adaptors/LawnchairAdaptorHelpers.js 1/37
air-async: ../src/Control/Android/Control/assets/www/lawnchair/src/adaptors/AIRSqliteAdaptor.js 4/113
air-async: ../src/Control/Android/Control/assets/www/lawnchair/src/adaptors/AIRSqliteAsyncAdaptor.js 4/121
air-async: ../src/Control/Android/Control/assets/www/lawnchair/src/Lawnchair.js 5/20
air: ../src/Control/Android/Control/assets/www/lawnchair/src/adaptors/LawnchairAdaptorHelpers.js 1/37
air: ../src/Control/Android/Control/assets/www/lawnchair/src/adaptors/AIRSqliteAdaptor.js 4/113
air: ../src/Control/Android/Control/assets/www/lawnchair/src/adaptors/AIRSqliteAsyncAdaptor.js 4/121
air: ../src/Control/Android/Control/assets/www/lawnchair/src/Lawnchair.js 5/20
cookie: ../src/Control/Android/Control/assets/www/lawnchair/src/adaptors/LawnchairAdaptorHelpers.js 1/37
cookie: ../src/Control/Android/Control/assets/www/lawnchair/src/adaptors/CookieAdaptor.js 2/53
cookie: ../src/Control/Android/Control/assets/www/lawnchair/src/Lawnchair.js 5/20
dom-session: ../src/Control/Android/Control/assets/www/lawnchair/src/adaptors/LawnchairAdaptorHelpers.js 1/37
dom-session: ../src/Control/Android/Control/assets/www/lawnchair/src/adaptors/DOMStorageAdaptor.js 2/52
dom-session: ../src/Control/Android/Control/assets/www/lawnchair/src/Lawnchair.js 5/20
dom: ../src/Control/Android/Control/assets/www/lawnchair/src/adaptors/LawnchairAdaptorHelpers.js 1/37
dom: ../src/Control/Android/Control/assets/www/lawnchair/src/adaptors/DOMStorageAdaptor.js 2/52
dom: ../src/Control/Android/Control/assets/www/lawnchair/src/Lawnchair.js 5/20
gears: ../src/Control/Android/Control/assets/www/lawnchair/src/adaptors/LawnchairAdaptorHelpers.js 1/37
gears: ../src/Control/Android/Control/assets/www/lawnchair/src/adaptors/GearsSQLiteAdaptor.js 11/83
gears: ../src/Control/Android/Control/assets/www/lawnchair/src/Lawnchair.js 5/20
userdata: ../src/Control/Android/Control/assets/www/lawnchair/src/adaptors/LawnchairAdaptorHelpers.js 1/37
userdata: ../src/Control/Android/Control/assets/www/lawnchair/src/Lawnchair.js 5/20
webkit: ../src/Control/Android/Control/assets/www/lawnchair/src/adaptors/LawnchairAdaptorHelpers.js 2/37
webkit: ../src/Control/Android/Control/assets/www/lawnchair/src/Lawnchair.js 5/20
webkit: ../src/Control/Android/Control/assets/www/lawnchair/src/adaptors/WebkitSQLiteAdaptor.js 19/76
bench: ../src/Control/Android/Control/assets/www/lawnchair/src/adaptors/DOMStorageAdaptor.js 2/52
air-async: ../src/Control/www/lawnchair/src/adaptors/LawnchairAdaptorHelpers.js 2/37
air-async: ../src/Control/www/lawnchair/src/adaptors/AIRSqliteAsyncAdaptor.js 13/121
air-async: ../src/Control/www/lawnchair/src/adaptors/AIRSqliteAdaptor.js 13/113
air-async: ../src/Control/www/lawnchair/src/Lawnchair.js 5/20
air: ../src/Control/www/lawnchair/src/adaptors/AIRSqliteAsyncAdaptor.js 4/121
air: ../src/Control/www/lawnchair/src/adaptors/LawnchairAdaptorHelpers.js 2/37
air: ../src/Control/www/lawnchair/src/adaptors/AIRSqliteAdaptor.js 13/113
air: ../src/Control/www/lawnchair/src/Lawnchair.js 5/20
cookie: ../src/Control/www/lawnchair/src/Lawnchair.js 8/20
cookie: ../src/Control/www/lawnchair/src/adaptors/LawnchairAdaptorHelpers.js 20/37
cookie: ../src/Control/www/lawnchair/src/adaptors/CookieAdaptor.js 31/53
dom-session: ../src/Control/www/lawnchair/src/adaptors/LawnchairAdaptorHelpers.js 21/37
dom-session: ../src/Control/www/lawnchair/src/adaptors/DOMStorageAdaptor.js 36/52
dom-session: ../src/Control/www/lawnchair/src/Lawnchair.js 17/20
dom: ../src/Control/www/lawnchair/src/adaptors/LawnchairAdaptorHelpers.js 21/37
dom: ../src/Control/www/lawnchair/src/adaptors/DOMStorageAdaptor.js 36/52
dom: ../src/Control/www/lawnchair/src/Lawnchair.js 17/20
gears: ../src/Control/www/lawnchair/src/adaptors/LawnchairAdaptorHelpers.js 2/37
gears: ../src/Control/www/lawnchair/src/adaptors/GearsSQLiteAdaptor.js 20/83
gears: ../src/Control/www/lawnchair/src/Lawnchair.js 5/20
userdata: ../src/Control/www/lawnchair/src/adaptors/LawnchairAdaptorHelpers.js 1/37
userdata: ../src/Control/www/lawnchair/src/Lawnchair.js 5/20
webkit: ../src/Control/www/lawnchair/src/adaptors/LawnchairAdaptorHelpers.js 2/37
webkit: ../src/Control/www/lawnchair/src/Lawnchair.js 5/20
webkit: ../src/Control/www/lawnchair/src/adaptors/WebkitSQLiteAdaptor.js 19/76
bench: ../src/Control/www/lawnchair/src/adaptors/DOMStorageAdaptor.js 2/52
air-async: ../src/Control/Android/Control/assets/www/lawnchair/src/adaptors/LawnchairAdaptorHelpers.js 1/37
air-async: ../src/Control/Android/Control/assets/www/lawnchair/src/adaptors/AIRSqliteAdaptor.js 4/113
air-async: ../src/Control/Android/Control/assets/www/lawnchair/src/adaptors/AIRSqliteAsyncAdaptor.js 4/121
air-async: ../src/Control/Android/Control/assets/www/lawnchair/src/Lawnchair.js 5/20
air: ../src/Control/Android/Control/assets/www/lawnchair/src/adaptors/LawnchairAdaptorHelpers.js 1/37
air: ../src/Control/Android/Control/assets/www/lawnchair/src/adaptors/AIRSqliteAdaptor.js 4/113
air: ../src/Control/Android/Control/assets/www/lawnchair/src/adaptors/AIRSqliteAsyncAdaptor.js 4/121
air: ../src/Control/Android/Control/assets/www/lawnchair/src/Lawnchair.js 5/20
cookie: ../src/Control/Android/Control/assets/www/lawnchair/src/adaptors/LawnchairAdaptorHelpers.js 1/37
cookie: ../src/Control/Android/Control/assets/www/lawnchair/src/adaptors/CookieAdaptor.js 2/53
cookie: ../src/Control/Android/Control/assets/www/lawnchair/src/Lawnchair.js 5/20
dom-session: ../src/Control/Android/Control/assets/www/lawnchair/src/adaptors/LawnchairAdaptorHelpers.js 1/37
dom-session: ../src/Control/Android/Control/assets/www/lawnchair/src/adaptors/DOMStorageAdaptor.js 2/52
dom-session: ../src/Control/Android/Control/assets/www/lawnchair/src/Lawnchair.js 5/20
dom: ../src/Control/Android/Control/assets/www/lawnchair/src/adaptors/LawnchairAdaptorHelpers.js 1/37
dom: ../src/Control/Android/Control/assets/www/lawnchair/src/adaptors/DOMStorageAdaptor.js 2/52
dom: ../src/Control/Android/Control/assets/www/lawnchair/src/Lawnchair.js 5/20
gears: ../src/Control/Android/Control/assets/www/lawnchair/src/adaptors/LawnchairAdaptorHelpers.js 1/37
gears: ../src/Control/Android/Control/assets/www/lawnchair/src/adaptors/GearsSQLiteAdaptor.js 11/83
gears: ../src/Control/Android/Control/assets/www/lawnchair/src/Lawnchair.js 5/20
userdata: ../src/Control/Android/Control/assets/www/lawnchair/src/adaptors/LawnchairAdaptorHelpers.js 1/37
userdata: ../src/Control/Android/Control/assets/www/lawnchair/src/Lawnchair.js 5/20
webkit: ../src/Control/Android/Control/assets/www/lawnchair/src/adaptors/LawnchairAdaptorHelpers.js 2/37
webkit: ../src/Control/Android/Control/assets/www/lawnchair/src/Lawnchair.js 5/20
webkit: ../src/Control/Android/Control/assets/www/lawnchair/src/adaptors/WebkitSQLiteAdaptor.js 19/76
bench: ../src/Control/Android/Control/assets/www/lawnchair/src/adaptors/DOMStorageAdaptor.js 2/52
air-async: ../src/Control/www/lawnchair/src/adaptors/LawnchairAdaptorHelpers.js 2/37
air-async: ../src/Control/www/lawnchair/src/adaptors/AIRSqliteAsyncAdaptor.js 13/121
air-async: ../src/Control/www/lawnchair/src/adaptors/AIRSqliteAdaptor.js 13/113
air-async: ../src/Control/www/lawnchair/src/Lawnchair.js 5/20
air: ../src/Control/www/lawnchair/src/adaptors/AIRSqliteAsyncAdaptor.js 4/121
air: ../src/Control/www/lawnchair/src/adaptors/LawnchairAdaptorHelpers.js 2/37
air: ../src/Control/www/lawnchair/src/adaptors/AIRSqliteAdaptor.js 13/113
air: ../src/Control/www/lawnchair/src/Lawnchair.js 5/20
cookie: ../src/Control/www/lawnchair/src/Lawnchair.js 8/20
cookie: ../src/Control/www/lawnchair/src/adaptors/LawnchairAdaptorHelpers.js 20/37
cookie: ../src/Control/www/lawnchair/src/adaptors/CookieAdaptor.js 31/53
dom-session: ../src/Control/www/lawnchair/src/adaptors/LawnchairAdaptorHelpers.js 21/37
dom-session: ../src/Control/www/lawnchair/src/adaptors/DOMStorageAdaptor.js 36/52
dom-session: ../src/Control/www/lawnchair/src/Lawnchair.js 17/20
dom: ../src/Control/www/lawnchair/src/adaptors/LawnchairAdaptorHelpers.js 21/37
dom: ../src/Control/www/lawnchair/src/adaptors/DOMStorageAdaptor.js 36/52
dom: ../src/Control/www/lawnchair/src/Lawnchair.js 17/20
gears: ../src/Control/www/lawnchair/src/adaptors/LawnchairAdaptorHelpers.js 2/37
gears: ../src/Control/www/lawnchair/src/adaptors/GearsSQLiteAdaptor.js 20/83
gears: ../src/Control/www/lawnchair/src/Lawnchair.js 5/20
userdata: ../src/Control/www/lawnchair/src/adaptors/LawnchairAdaptorHelpers.js 1/37
userdata: ../src/Control/www/lawnchair/src/Lawnchair.js 5/20
webkit: ../src/Control/www/lawnchair/src/adaptors/LawnchairAdaptorHelpers.js 2/37
webkit: ../src/Control/www/lawnchair/src/Lawnchair.js 5/20
webkit: ../src/Control/www/lawnchair/src/adaptors/WebkitSQLiteAdaptor.js 19/76
bench: ../src/Control/www/lawnchair/src/adaptors/DOMStorageAdaptor.js 2/52
