test: ../src/countly-server/api/node_modules/mongoskin/node_modules/mongodb/node_modules/bson/lib/bson/float_parser.js 3/50
test: ../src/countly-server/api/node_modules/mongoskin/node_modules/mongodb/node_modules/bson/lib/bson/timestamp.js 63/297
test: ../src/countly-server/api/node_modules/mongoskin/node_modules/mongodb/node_modules/bson/lib/bson/bson.js 154/649
test: ../src/countly-server/api/node_modules/mongoskin/node_modules/mongodb/node_modules/bson/lib/bson/binary.js 34/122
test: ../src/countly-server/api/node_modules/mongoskin/node_modules/mongodb/node_modules/bson/lib/bson/binary_parser.js 58/199
test: ../src/countly-server/api/node_modules/mongoskin/node_modules/mongodb/node_modules/bson/lib/bson/db_ref.js 3/10
test: ../src/countly-server/api/node_modules/mongoskin/node_modules/mongodb/node_modules/bson/lib/bson/long.js 94/297
test: ../src/countly-server/api/node_modules/mongoskin/node_modules/mongodb/node_modules/bson/lib/bson/code.js 3/9
test: ../src/countly-server/api/node_modules/mongoskin/node_modules/mongodb/node_modules/bson/lib/bson/double.js 4/10
test: ../src/countly-server/api/node_modules/mongoskin/node_modules/mongodb/node_modules/bson/lib/bson/max_key.js 2/5
test: ../src/countly-server/api/node_modules/mongoskin/node_modules/mongodb/node_modules/bson/lib/bson/min_key.js 2/5
test: ../src/countly-server/api/node_modules/mongoskin/node_modules/mongodb/node_modules/bson/lib/bson/symbol.js 6/14
test: ../src/countly-server/api/node_modules/mongoskin/node_modules/mongodb/node_modules/bson/lib/bson/objectid.js 34/79
test: ../src/countly-server/api/node_modules/mongoskin/node_modules/mongodb/node_modules/bson/lib/bson/float_parser.js 3/50
test: ../src/countly-server/api/node_modules/mongoskin/node_modules/mongodb/node_modules/bson/lib/bson/timestamp.js 63/297
test: ../src/countly-server/api/node_modules/mongoskin/node_modules/mongodb/node_modules/bson/lib/bson/bson.js 154/649
test: ../src/countly-server/api/node_modules/mongoskin/node_modules/mongodb/node_modules/bson/lib/bson/binary.js 34/122
test: ../src/countly-server/api/node_modules/mongoskin/node_modules/mongodb/node_modules/bson/lib/bson/binary_parser.js 58/199
test: ../src/countly-server/api/node_modules/mongoskin/node_modules/mongodb/node_modules/bson/lib/bson/db_ref.js 3/10
test: ../src/countly-server/api/node_modules/mongoskin/node_modules/mongodb/node_modules/bson/lib/bson/long.js 94/297
test: ../src/countly-server/api/node_modules/mongoskin/node_modules/mongodb/node_modules/bson/lib/bson/code.js 3/9
test: ../src/countly-server/api/node_modules/mongoskin/node_modules/mongodb/node_modules/bson/lib/bson/double.js 4/10
test: ../src/countly-server/api/node_modules/mongoskin/node_modules/mongodb/node_modules/bson/lib/bson/max_key.js 2/5
test: ../src/countly-server/api/node_modules/mongoskin/node_modules/mongodb/node_modules/bson/lib/bson/min_key.js 2/5
test: ../src/countly-server/api/node_modules/mongoskin/node_modules/mongodb/node_modules/bson/lib/bson/symbol.js 6/14
test: ../src/countly-server/api/node_modules/mongoskin/node_modules/mongodb/node_modules/bson/lib/bson/objectid.js 34/79
test: ../src/countly-server/frontend/express/node_modules/bson/lib/bson/float_parser.js 3/50
test: ../src/countly-server/frontend/express/node_modules/bson/lib/bson/timestamp.js 63/297
test: ../src/countly-server/frontend/express/node_modules/bson/lib/bson/bson.js 155/651
test: ../src/countly-server/frontend/express/node_modules/bson/lib/bson/binary.js 34/122
test: ../src/countly-server/frontend/express/node_modules/bson/lib/bson/binary_parser.js 58/199
test: ../src/countly-server/frontend/express/node_modules/bson/lib/bson/db_ref.js 3/10
test: ../src/countly-server/frontend/express/node_modules/bson/lib/bson/long.js 94/297
test: ../src/countly-server/frontend/express/node_modules/bson/lib/bson/code.js 3/9
test: ../src/countly-server/frontend/express/node_modules/bson/lib/bson/double.js 4/10
test: ../src/countly-server/frontend/express/node_modules/bson/lib/bson/max_key.js 2/5
test: ../src/countly-server/frontend/express/node_modules/bson/lib/bson/min_key.js 2/5
test: ../src/countly-server/frontend/express/node_modules/bson/lib/bson/symbol.js 6/14
test: ../src/countly-server/frontend/express/node_modules/bson/lib/bson/objectid.js 35/81
test: ../src/countly-server/api/node_modules/mongoskin/node_modules/mongodb/node_modules/bson/lib/bson/float_parser.js 3/50
test: ../src/countly-server/api/node_modules/mongoskin/node_modules/mongodb/node_modules/bson/lib/bson/timestamp.js 63/297
test: ../src/countly-server/api/node_modules/mongoskin/node_modules/mongodb/node_modules/bson/lib/bson/bson.js 154/649
test: ../src/countly-server/api/node_modules/mongoskin/node_modules/mongodb/node_modules/bson/lib/bson/binary.js 34/122
test: ../src/countly-server/api/node_modules/mongoskin/node_modules/mongodb/node_modules/bson/lib/bson/binary_parser.js 58/199
test: ../src/countly-server/api/node_modules/mongoskin/node_modules/mongodb/node_modules/bson/lib/bson/db_ref.js 3/10
test: ../src/countly-server/api/node_modules/mongoskin/node_modules/mongodb/node_modules/bson/lib/bson/long.js 94/297
test: ../src/countly-server/api/node_modules/mongoskin/node_modules/mongodb/node_modules/bson/lib/bson/code.js 3/9
test: ../src/countly-server/api/node_modules/mongoskin/node_modules/mongodb/node_modules/bson/lib/bson/double.js 4/10
test: ../src/countly-server/api/node_modules/mongoskin/node_modules/mongodb/node_modules/bson/lib/bson/max_key.js 2/5
test: ../src/countly-server/api/node_modules/mongoskin/node_modules/mongodb/node_modules/bson/lib/bson/min_key.js 2/5
test: ../src/countly-server/api/node_modules/mongoskin/node_modules/mongodb/node_modules/bson/lib/bson/symbol.js 6/14
test: ../src/countly-server/api/node_modules/mongoskin/node_modules/mongodb/node_modules/bson/lib/bson/objectid.js 34/79
test: ../src/countly-server/frontend/express/node_modules/bson/lib/bson/float_parser.js 3/50
test: ../src/countly-server/frontend/express/node_modules/bson/lib/bson/timestamp.js 63/297
test: ../src/countly-server/frontend/express/node_modules/bson/lib/bson/bson.js 155/651
test: ../src/countly-server/frontend/express/node_modules/bson/lib/bson/binary.js 34/122
test: ../src/countly-server/frontend/express/node_modules/bson/lib/bson/binary_parser.js 58/199
test: ../src/countly-server/frontend/express/node_modules/bson/lib/bson/db_ref.js 3/10
test: ../src/countly-server/frontend/express/node_modules/bson/lib/bson/long.js 94/297
test: ../src/countly-server/frontend/express/node_modules/bson/lib/bson/code.js 3/9
test: ../src/countly-server/frontend/express/node_modules/bson/lib/bson/double.js 4/10
test: ../src/countly-server/frontend/express/node_modules/bson/lib/bson/max_key.js 2/5
test: ../src/countly-server/frontend/express/node_modules/bson/lib/bson/min_key.js 2/5
test: ../src/countly-server/frontend/express/node_modules/bson/lib/bson/symbol.js 6/14
test: ../src/countly-server/frontend/express/node_modules/bson/lib/bson/objectid.js 35/81
test: ../src/countly-server/frontend/express/node_modules/connect-mongodb/node_modules/mongodb/deps/nodeunit/examples/browser/nodeunit.js 254/632
test: ../src/countly-server/frontend/express/node_modules/connect-mongodb/node_modules/mongodb/deps/nodeunit/examples/browser/suite1.js 6/6
test: ../src/countly-server/frontend/express/node_modules/connect-mongodb/node_modules/mongodb/deps/nodeunit/examples/browser/suite2.js 8/8
test: ../src/countly-server/api/node_modules/mongoskin/node_modules/mongodb/node_modules/bson/lib/bson/float_parser.js 3/50
test: ../src/countly-server/api/node_modules/mongoskin/node_modules/mongodb/node_modules/bson/lib/bson/timestamp.js 63/297
test: ../src/countly-server/api/node_modules/mongoskin/node_modules/mongodb/node_modules/bson/lib/bson/bson.js 154/649
test: ../src/countly-server/api/node_modules/mongoskin/node_modules/mongodb/node_modules/bson/lib/bson/binary.js 34/122
test: ../src/countly-server/api/node_modules/mongoskin/node_modules/mongodb/node_modules/bson/lib/bson/binary_parser.js 58/199
test: ../src/countly-server/api/node_modules/mongoskin/node_modules/mongodb/node_modules/bson/lib/bson/db_ref.js 3/10
test: ../src/countly-server/api/node_modules/mongoskin/node_modules/mongodb/node_modules/bson/lib/bson/long.js 94/297
test: ../src/countly-server/api/node_modules/mongoskin/node_modules/mongodb/node_modules/bson/lib/bson/code.js 3/9
test: ../src/countly-server/api/node_modules/mongoskin/node_modules/mongodb/node_modules/bson/lib/bson/double.js 4/10
test: ../src/countly-server/api/node_modules/mongoskin/node_modules/mongodb/node_modules/bson/lib/bson/max_key.js 2/5
test: ../src/countly-server/api/node_modules/mongoskin/node_modules/mongodb/node_modules/bson/lib/bson/min_key.js 2/5
test: ../src/countly-server/api/node_modules/mongoskin/node_modules/mongodb/node_modules/bson/lib/bson/symbol.js 6/14
test: ../src/countly-server/api/node_modules/mongoskin/node_modules/mongodb/node_modules/bson/lib/bson/objectid.js 34/79
test: ../src/countly-server/frontend/express/node_modules/bson/lib/bson/float_parser.js 3/50
test: ../src/countly-server/frontend/express/node_modules/bson/lib/bson/timestamp.js 63/297
test: ../src/countly-server/frontend/express/node_modules/bson/lib/bson/bson.js 155/651
test: ../src/countly-server/frontend/express/node_modules/bson/lib/bson/binary.js 34/122
test: ../src/countly-server/frontend/express/node_modules/bson/lib/bson/binary_parser.js 58/199
test: ../src/countly-server/frontend/express/node_modules/bson/lib/bson/db_ref.js 3/10
test: ../src/countly-server/frontend/express/node_modules/bson/lib/bson/long.js 94/297
test: ../src/countly-server/frontend/express/node_modules/bson/lib/bson/code.js 3/9
test: ../src/countly-server/frontend/express/node_modules/bson/lib/bson/double.js 4/10
test: ../src/countly-server/frontend/express/node_modules/bson/lib/bson/max_key.js 2/5
test: ../src/countly-server/frontend/express/node_modules/bson/lib/bson/min_key.js 2/5
test: ../src/countly-server/frontend/express/node_modules/bson/lib/bson/symbol.js 6/14
test: ../src/countly-server/frontend/express/node_modules/bson/lib/bson/objectid.js 35/81
test: ../src/countly-server/frontend/express/node_modules/connect-mongodb/node_modules/mongodb/deps/nodeunit/examples/browser/nodeunit.js 254/632
test: ../src/countly-server/frontend/express/node_modules/connect-mongodb/node_modules/mongodb/deps/nodeunit/examples/browser/suite1.js 6/6
test: ../src/countly-server/frontend/express/node_modules/connect-mongodb/node_modules/mongodb/deps/nodeunit/examples/browser/suite2.js 8/8
