index: ../src/coweb/js/lib/coweb/collab/UnmanagedHubCollab.js 1/235
index: ../src/coweb/js/lib/coweb/listener/UnmanagedHubListener.js 1/249
index: ../src/coweb/js/lib/coweb/session/BayeuxSession.js 1/188
index: ../src/coweb/js/lib/coweb/session/bayeux/ListenerBridge.js 1/212
index: ../src/coweb/js/lib/coweb/session/bayeux/SessionBridge.js 1/140
index: ../src/coweb/js/lib/coweb/ext/attendance.js 1/62
index: ../src/coweb/js/lib/coweb/main.js 1/27
index: ../src/coweb/js/lib/coweb/session/bayeux/cometd.js 1/21
index: ../src/coweb/js/lib/coweb/util/Promise.js 3/66
index: ../src/coweb/js/lib/coweb/util/xhr.js 3/30
index: ../src/coweb/js/lib/coweb/jsoe/OperationEngine.js 19/126
index: ../src/coweb/js/lib/coweb/jsoe/Operation.js 16/96
index: ../src/coweb/js/lib/coweb/jsoe/HistoryBuffer.js 11/63
index: ../src/coweb/js/lib/coweb/jsoe/ContextVector.js 15/72
index: ../src/coweb/js/lib/coweb/jsoe/ContextVectorTable.js 12/59
index: ../src/coweb/js/lib/coweb/jsoe/UpdateOperation.js 10/32
index: ../src/coweb/js/lib/coweb/jsoe/ContextDifference.js 7/19
index: ../src/coweb/js/lib/coweb/session/bayeux/CowebExtension.js 6/16
index: ../src/coweb/js/lib/coweb/jsoe/DeleteOperation.js 10/26
index: ../src/coweb/js/lib/coweb/jsoe/InsertOperation.js 10/24
index: ../src/coweb/js/lib/coweb/jsoe/factory.js 4/9
index: ../src/coweb/js/lib/coweb/util/lang.js 2/3
index: ../src/coweb/js/lib/coweb/ConfigInitializer.js 14/17
index: ../src/coweb/js/lib/coweb/topics.js 3/3
index: http:/requirejs.org/docs/release/1.0.8/minified/require.js 28/28
