camera: ../src/Crafty/crafty-local.js 14/16
camera: ../src/Crafty/crafty-local.js 14/16
core: http:/code.jquery.com/qunit/git/qunit.js 333/779
camera: ../src/Crafty/crafty-local.js 14/16
core: http:/code.jquery.com/qunit/git/qunit.js 333/779
math: http:/code.jquery.com/qunit/git/qunit.js 333/779
camera: ../src/Crafty/crafty-local.js 14/16
core: http:/code.jquery.com/qunit/git/qunit.js 333/779
math: http:/code.jquery.com/qunit/git/qunit.js 333/779
camera: ../src/Crafty/crafty-local.js 14/16
core: http:/code.jquery.com/qunit/git/qunit.js 333/779
math: http:/code.jquery.com/qunit/git/qunit.js 333/779
stage: http:/code.jquery.com/qunit/git/qunit.js 333/779
camera: ../src/Crafty/crafty-local.js 14/16
core: http:/code.jquery.com/qunit/git/qunit.js 333/779
math: http:/code.jquery.com/qunit/git/qunit.js 333/779
stage: http:/code.jquery.com/qunit/git/qunit.js 333/779
storage: http:/code.jquery.com/qunit/git/qunit.js 340/779
storage: ../src/Crafty/crafty-local.js 14/16
camera: ../src/Crafty/crafty-local.js 14/16
core: http:/code.jquery.com/qunit/git/qunit.js 333/779
math: http:/code.jquery.com/qunit/git/qunit.js 333/779
stage: http:/code.jquery.com/qunit/git/qunit.js 333/779
storage: http:/code.jquery.com/qunit/git/qunit.js 340/779
storage: ../src/Crafty/crafty-local.js 14/16
touchevents: ../src/Crafty/crafty-local.js 14/16
