index-aloha: ../src/create/src/jquery.Midgard.midgardCreate.js 1/104
index-aloha: ../src/create/src/jquery.Midgard.midgardStorage.js 1/174
index-aloha: ../src/create/src/jquery.Midgard.midgardEditable.js 1/86
index-aloha: ../src/create/src/jquery.Midgard.midgardToolbar.js 1/38
index-aloha: ../src/create/deps/backbone-min.js 12/32
index-aloha: ../src/create/deps/underscore-min.js 23/25
index-aloha: ../src/create/deps/modernizr.custom.80485.js 1/1
index-aloha: ../src/create/deps/vie-min.js 1/1
index-aloha: ../src/create/src/jquery.Midgard.midgardCreate.js 1/104
index-aloha: ../src/create/src/jquery.Midgard.midgardStorage.js 1/174
index-aloha: ../src/create/src/jquery.Midgard.midgardEditable.js 1/86
index-aloha: ../src/create/src/jquery.Midgard.midgardToolbar.js 1/38
index-aloha: ../src/create/deps/backbone-min.js 12/32
index-aloha: ../src/create/deps/underscore-min.js 23/25
index-aloha: ../src/create/deps/modernizr.custom.80485.js 1/1
index-aloha: ../src/create/deps/vie-min.js 1/1
index: ../src/create/examples/create.js 30/1032
index: ../src/create/deps/backbone-min.js 12/32
index: ../src/create/deps/hallo-min.js 1/2
index: ../src/create/deps/underscore-min.js 23/25
index: ../src/create/deps/jquery-1.7.1.min.js 3/3
index: ../src/create/deps/jquery-ui-1.8.18.custom.min.js 32/32
index: ../src/create/deps/modernizr.custom.80485.js 1/1
index: ../src/create/deps/vie-min.js 1/1
