index.build.deps.min: ../src/dataset/lib/underscore.deferred.js 16/175
index.build.deps.min: ../src/dataset/lib/moment.js 60/314
index.build.deps.min: ../src/dataset/lib/underscore.math.js 13/44
index.build.deps.min: ../src/dataset/lib/underscore.deferred.js 16/175
index.build.deps.min: ../src/dataset/lib/moment.js 60/314
index.build.deps.min: ../src/dataset/lib/underscore.math.js 13/44
index.build.deps.min: ../src/dataset/lib/underscore.deferred.js 16/175
index.build.deps.min: ../src/dataset/lib/moment.js 60/314
index.build.deps.min: ../src/dataset/lib/underscore.math.js 13/44
index: ../src/dataset/src/parsers/delimited.js 5/75
index: ../src/dataset/src/parsers/google_spreadsheet.js 4/46
index: ../src/dataset/src/importers/polling.js 4/30
index: ../src/dataset/lib/json2.js 13/91
index: ../src/dataset/src/importers/google_spreadsheet.js 4/22
index: ../src/dataset/lib/moment.js 120/314
index: ../src/dataset/src/derived.js 54/109
index: ../src/dataset/lib/underscore.deferred.js 88/175
index: ../src/dataset/test/data/alphabet_obj.json?callback=callback847 1/2
index: ../src/dataset/lib/underscore.math.js 25/44
index: ../src/dataset/lib/lodash.js 443/768
index: ../src/dataset/src/product.js 38/65
index: ../src/dataset/src/importers/remote.js 64/89
index: ../src/dataset/src/dataset.js 148/199
index: ../src/dataset/src/builder.js 31/38
index: ../src/dataset/src/types.js 69/80
index: ../src/dataset/src/sync.js 56/62
index: ../src/dataset/src/parsers/strict.js 11/12
index: ../src/dataset/src/view.js 209/222
index: ../src/dataset/src/importer.js 6/6
index: ../src/dataset/src/importers/local.js 9/9
index: ../src/dataset/src/parser.js 5/5
index: ../src/dataset/src/parsers/object.js 11/11
index.build.deps.min: ../src/dataset/lib/underscore.deferred.js 16/175
index.build.deps.min: ../src/dataset/lib/moment.js 60/314
index.build.deps.min: ../src/dataset/lib/underscore.math.js 13/44
index: ../src/dataset/src/parsers/delimited.js 5/75
index: ../src/dataset/src/parsers/google_spreadsheet.js 4/46
index: ../src/dataset/src/importers/polling.js 4/30
index: ../src/dataset/lib/json2.js 13/91
index: ../src/dataset/src/importers/google_spreadsheet.js 4/22
index: ../src/dataset/lib/moment.js 120/314
index: ../src/dataset/src/derived.js 54/109
index: ../src/dataset/lib/underscore.deferred.js 88/175
index: ../src/dataset/test/data/alphabet_obj.json?callback=callback847 1/2
index: ../src/dataset/lib/underscore.math.js 25/44
index: ../src/dataset/lib/lodash.js 443/768
index: ../src/dataset/src/product.js 38/65
index: ../src/dataset/src/importers/remote.js 64/89
index: ../src/dataset/src/dataset.js 148/199
index: ../src/dataset/src/builder.js 31/38
index: ../src/dataset/src/types.js 69/80
index: ../src/dataset/src/sync.js 56/62
index: ../src/dataset/src/parsers/strict.js 11/12
index: ../src/dataset/src/view.js 209/222
index: ../src/dataset/src/importer.js 6/6
index: ../src/dataset/src/importers/local.js 9/9
index: ../src/dataset/src/parser.js 5/5
index: ../src/dataset/src/parsers/object.js 11/11
index.min: ../src/dataset/lib/underscore.deferred.js 16/175
index.min: ../src/dataset/lib/underscore.math.js 13/44
