index: ../src/Datejs/src/time.js 3/143
index: ../src/Datejs/src/parser.js 275/465
index: ../src/Datejs/src/core.js 183/291
index: ../src/Datejs/src/sugarpak.js 85/131
index: ../src/Datejs/src/globalization/en-US.js 1/1
index: ../src/Datejs/src/time.js 3/143
index: ../src/Datejs/src/parser.js 275/465
index: ../src/Datejs/src/core.js 183/291
index: ../src/Datejs/src/sugarpak.js 85/131
index: ../src/Datejs/src/globalization/en-US.js 1/1
index: ../src/Datejs/src/core.js 107/291
index: ../src/Datejs/src/sugarpak.js 51/131
index: ../src/Datejs/src/parser.js 272/465
index: ../src/Datejs/src/globalization/es-MX.js 1/1
index: ../src/Datejs/src/time.js 3/143
index: ../src/Datejs/src/parser.js 275/465
index: ../src/Datejs/src/core.js 183/291
index: ../src/Datejs/src/sugarpak.js 85/131
index: ../src/Datejs/src/globalization/en-US.js 1/1
index: ../src/Datejs/src/core.js 107/291
index: ../src/Datejs/src/sugarpak.js 51/131
index: ../src/Datejs/src/parser.js 272/465
index: ../src/Datejs/src/globalization/es-MX.js 1/1
index: ../src/Datejs/src/core.js 107/291
index: ../src/Datejs/src/sugarpak.js 51/131
index: ../src/Datejs/src/parser.js 318/465
index: ../src/Datejs/src/globalization/en-US.js 1/1
index: ../src/Datejs/src/time.js 3/143
index: ../src/Datejs/src/parser.js 275/465
index: ../src/Datejs/src/core.js 183/291
index: ../src/Datejs/src/sugarpak.js 85/131
index: ../src/Datejs/src/globalization/en-US.js 1/1
index: ../src/Datejs/src/core.js 107/291
index: ../src/Datejs/src/sugarpak.js 51/131
index: ../src/Datejs/src/parser.js 272/465
index: ../src/Datejs/src/globalization/es-MX.js 1/1
index: ../src/Datejs/src/core.js 107/291
index: ../src/Datejs/src/sugarpak.js 51/131
index: ../src/Datejs/src/parser.js 318/465
index: ../src/Datejs/src/globalization/en-US.js 1/1
index: ../src/Datejs/src/globalization/en-US.js 1/1
index: ../src/Datejs/src/time.js 3/143
index: ../src/Datejs/src/parser.js 275/465
index: ../src/Datejs/src/core.js 183/291
index: ../src/Datejs/src/sugarpak.js 85/131
index: ../src/Datejs/src/globalization/en-US.js 1/1
index: ../src/Datejs/src/core.js 107/291
index: ../src/Datejs/src/sugarpak.js 51/131
index: ../src/Datejs/src/parser.js 272/465
index: ../src/Datejs/src/globalization/es-MX.js 1/1
index: ../src/Datejs/src/core.js 107/291
index: ../src/Datejs/src/sugarpak.js 51/131
index: ../src/Datejs/src/parser.js 318/465
index: ../src/Datejs/src/globalization/en-US.js 1/1
index: ../src/Datejs/src/globalization/en-US.js 1/1
index: ../src/Datejs/src/core.js 128/291
index: ../src/Datejs/src/sugarpak.js 57/131
index: ../src/Datejs/src/parser.js 348/465
index: ../src/Datejs/src/globalization/en-US.js 1/1
index: ../src/Datejs/src/time.js 3/143
index: ../src/Datejs/src/parser.js 275/465
index: ../src/Datejs/src/core.js 183/291
index: ../src/Datejs/src/sugarpak.js 85/131
index: ../src/Datejs/src/globalization/en-US.js 1/1
index: ../src/Datejs/src/core.js 107/291
index: ../src/Datejs/src/sugarpak.js 51/131
index: ../src/Datejs/src/parser.js 272/465
index: ../src/Datejs/src/globalization/es-MX.js 1/1
index: ../src/Datejs/src/core.js 107/291
index: ../src/Datejs/src/sugarpak.js 51/131
index: ../src/Datejs/src/parser.js 318/465
index: ../src/Datejs/src/globalization/en-US.js 1/1
index: ../src/Datejs/src/globalization/en-US.js 1/1
index: ../src/Datejs/src/core.js 128/291
index: ../src/Datejs/src/sugarpak.js 57/131
index: ../src/Datejs/src/parser.js 348/465
index: ../src/Datejs/src/globalization/en-US.js 1/1
index: ../src/Datejs/src/sugarpak.js 56/131
index: ../src/Datejs/src/core.js 137/291
index: ../src/Datejs/src/parser.js 284/465
index: ../src/Datejs/src/globalization/en-US.js 1/1
index: ../src/Datejs/src/time.js 3/143
index: ../src/Datejs/src/parser.js 275/465
index: ../src/Datejs/src/core.js 183/291
index: ../src/Datejs/src/sugarpak.js 85/131
index: ../src/Datejs/src/globalization/en-US.js 1/1
index: ../src/Datejs/src/core.js 107/291
index: ../src/Datejs/src/sugarpak.js 51/131
index: ../src/Datejs/src/parser.js 272/465
index: ../src/Datejs/src/globalization/es-MX.js 1/1
index: ../src/Datejs/src/core.js 107/291
index: ../src/Datejs/src/sugarpak.js 51/131
index: ../src/Datejs/src/parser.js 318/465
index: ../src/Datejs/src/globalization/en-US.js 1/1
index: ../src/Datejs/src/globalization/en-US.js 1/1
index: ../src/Datejs/src/core.js 128/291
index: ../src/Datejs/src/sugarpak.js 57/131
index: ../src/Datejs/src/parser.js 348/465
index: ../src/Datejs/src/globalization/en-US.js 1/1
index: ../src/Datejs/src/sugarpak.js 56/131
index: ../src/Datejs/src/core.js 137/291
index: ../src/Datejs/src/parser.js 284/465
index: ../src/Datejs/src/globalization/en-US.js 1/1
index: ../src/Datejs/src/time.js 3/143
index: ../src/Datejs/src/core.js 68/291
index: ../src/Datejs/src/parser.js 150/465
index: ../src/Datejs/src/sugarpak.js 51/131
index: ../src/Datejs/src/globalization/en-US.js 1/1
index: ../src/Datejs/src/time.js 3/143
index: ../src/Datejs/src/parser.js 275/465
index: ../src/Datejs/src/core.js 183/291
index: ../src/Datejs/src/sugarpak.js 85/131
index: ../src/Datejs/src/globalization/en-US.js 1/1
index: ../src/Datejs/src/core.js 107/291
index: ../src/Datejs/src/sugarpak.js 51/131
index: ../src/Datejs/src/parser.js 272/465
index: ../src/Datejs/src/globalization/es-MX.js 1/1
index: ../src/Datejs/src/core.js 107/291
index: ../src/Datejs/src/sugarpak.js 51/131
index: ../src/Datejs/src/parser.js 318/465
index: ../src/Datejs/src/globalization/en-US.js 1/1
index: ../src/Datejs/src/globalization/en-US.js 1/1
index: ../src/Datejs/src/core.js 128/291
index: ../src/Datejs/src/sugarpak.js 57/131
index: ../src/Datejs/src/parser.js 348/465
index: ../src/Datejs/src/globalization/en-US.js 1/1
index: ../src/Datejs/src/sugarpak.js 56/131
index: ../src/Datejs/src/core.js 137/291
index: ../src/Datejs/src/parser.js 284/465
index: ../src/Datejs/src/globalization/en-US.js 1/1
index: ../src/Datejs/src/time.js 3/143
index: ../src/Datejs/src/core.js 68/291
index: ../src/Datejs/src/parser.js 150/465
index: ../src/Datejs/src/sugarpak.js 51/131
index: ../src/Datejs/src/globalization/en-US.js 1/1
index: ../src/Datejs/src/time.js 3/143
index: ../src/Datejs/src/extras.js 8/79
index: ../src/Datejs/src/core.js 59/291
index: ../src/Datejs/src/parser.js 150/465
index: ../src/Datejs/src/sugarpak.js 51/131
index: ../src/Datejs/src/globalization/en-US.js 1/1
index: ../src/Datejs/src/time.js 3/143
index: ../src/Datejs/src/parser.js 275/465
index: ../src/Datejs/src/core.js 183/291
index: ../src/Datejs/src/sugarpak.js 85/131
index: ../src/Datejs/src/globalization/en-US.js 1/1
index: ../src/Datejs/src/core.js 107/291
index: ../src/Datejs/src/sugarpak.js 51/131
index: ../src/Datejs/src/parser.js 272/465
index: ../src/Datejs/src/globalization/es-MX.js 1/1
index: ../src/Datejs/src/core.js 107/291
index: ../src/Datejs/src/sugarpak.js 51/131
index: ../src/Datejs/src/parser.js 318/465
index: ../src/Datejs/src/globalization/en-US.js 1/1
index: ../src/Datejs/src/globalization/en-US.js 1/1
index: ../src/Datejs/src/core.js 128/291
index: ../src/Datejs/src/sugarpak.js 57/131
index: ../src/Datejs/src/parser.js 348/465
index: ../src/Datejs/src/globalization/en-US.js 1/1
index: ../src/Datejs/src/sugarpak.js 56/131
index: ../src/Datejs/src/core.js 137/291
index: ../src/Datejs/src/parser.js 284/465
index: ../src/Datejs/src/globalization/en-US.js 1/1
index: ../src/Datejs/src/time.js 3/143
index: ../src/Datejs/src/core.js 68/291
index: ../src/Datejs/src/parser.js 150/465
index: ../src/Datejs/src/sugarpak.js 51/131
index: ../src/Datejs/src/globalization/en-US.js 1/1
index: ../src/Datejs/src/time.js 3/143
index: ../src/Datejs/src/extras.js 8/79
index: ../src/Datejs/src/core.js 59/291
index: ../src/Datejs/src/parser.js 150/465
index: ../src/Datejs/src/sugarpak.js 51/131
index: ../src/Datejs/src/globalization/en-US.js 1/1
datepicker: ../src/Datejs/build/date.js 50/132
index: ../src/Datejs/src/time.js 3/143
index: ../src/Datejs/src/parser.js 275/465
index: ../src/Datejs/src/core.js 183/291
index: ../src/Datejs/src/sugarpak.js 85/131
index: ../src/Datejs/src/globalization/en-US.js 1/1
index: ../src/Datejs/src/core.js 107/291
index: ../src/Datejs/src/sugarpak.js 51/131
index: ../src/Datejs/src/parser.js 272/465
index: ../src/Datejs/src/globalization/es-MX.js 1/1
index: ../src/Datejs/src/core.js 107/291
index: ../src/Datejs/src/sugarpak.js 51/131
index: ../src/Datejs/src/parser.js 318/465
index: ../src/Datejs/src/globalization/en-US.js 1/1
index: ../src/Datejs/src/globalization/en-US.js 1/1
index: ../src/Datejs/src/core.js 128/291
index: ../src/Datejs/src/sugarpak.js 57/131
index: ../src/Datejs/src/parser.js 348/465
index: ../src/Datejs/src/globalization/en-US.js 1/1
index: ../src/Datejs/src/sugarpak.js 56/131
index: ../src/Datejs/src/core.js 137/291
index: ../src/Datejs/src/parser.js 284/465
index: ../src/Datejs/src/globalization/en-US.js 1/1
index: ../src/Datejs/src/time.js 3/143
index: ../src/Datejs/src/core.js 68/291
index: ../src/Datejs/src/parser.js 150/465
index: ../src/Datejs/src/sugarpak.js 51/131
index: ../src/Datejs/src/globalization/en-US.js 1/1
index: ../src/Datejs/src/time.js 3/143
index: ../src/Datejs/src/extras.js 8/79
index: ../src/Datejs/src/core.js 59/291
index: ../src/Datejs/src/parser.js 150/465
index: ../src/Datejs/src/sugarpak.js 51/131
index: ../src/Datejs/src/globalization/en-US.js 1/1
datepicker: ../src/Datejs/build/date.js 50/132
index: ../src/Datejs/src/sugarpak.js 51/131
index: ../src/Datejs/src/core.js 115/291
index: ../src/Datejs/src/parser.js 221/465
index: ../src/Datejs/src/globalization/en-US.js 1/1
index: ../src/Datejs/src/time.js 3/143
index: ../src/Datejs/src/parser.js 275/465
index: ../src/Datejs/src/core.js 183/291
index: ../src/Datejs/src/sugarpak.js 85/131
index: ../src/Datejs/src/globalization/en-US.js 1/1
index: ../src/Datejs/src/core.js 107/291
index: ../src/Datejs/src/sugarpak.js 51/131
index: ../src/Datejs/src/parser.js 272/465
index: ../src/Datejs/src/globalization/es-MX.js 1/1
index: ../src/Datejs/src/core.js 107/291
index: ../src/Datejs/src/sugarpak.js 51/131
index: ../src/Datejs/src/parser.js 318/465
index: ../src/Datejs/src/globalization/en-US.js 1/1
index: ../src/Datejs/src/globalization/en-US.js 1/1
index: ../src/Datejs/src/core.js 128/291
index: ../src/Datejs/src/sugarpak.js 57/131
index: ../src/Datejs/src/parser.js 348/465
index: ../src/Datejs/src/globalization/en-US.js 1/1
index: ../src/Datejs/src/sugarpak.js 56/131
index: ../src/Datejs/src/core.js 137/291
index: ../src/Datejs/src/parser.js 284/465
index: ../src/Datejs/src/globalization/en-US.js 1/1
index: ../src/Datejs/src/time.js 3/143
index: ../src/Datejs/src/core.js 68/291
index: ../src/Datejs/src/parser.js 150/465
index: ../src/Datejs/src/sugarpak.js 51/131
index: ../src/Datejs/src/globalization/en-US.js 1/1
index: ../src/Datejs/src/time.js 3/143
index: ../src/Datejs/src/extras.js 8/79
index: ../src/Datejs/src/core.js 59/291
index: ../src/Datejs/src/parser.js 150/465
index: ../src/Datejs/src/sugarpak.js 51/131
index: ../src/Datejs/src/globalization/en-US.js 1/1
datepicker: ../src/Datejs/build/date.js 50/132
index: ../src/Datejs/src/sugarpak.js 51/131
index: ../src/Datejs/src/core.js 115/291
index: ../src/Datejs/src/parser.js 221/465
index: ../src/Datejs/src/globalization/en-US.js 1/1
index: ../src/Datejs/src/sugarpak.js 51/131
index: ../src/Datejs/src/core.js 114/291
index: ../src/Datejs/src/parser.js 326/465
index: ../src/Datejs/src/globalization/en-US.js 1/1
index: ../src/Datejs/src/time.js 3/143
index: ../src/Datejs/src/parser.js 275/465
index: ../src/Datejs/src/core.js 183/291
index: ../src/Datejs/src/sugarpak.js 85/131
index: ../src/Datejs/src/globalization/en-US.js 1/1
index: ../src/Datejs/src/core.js 107/291
index: ../src/Datejs/src/sugarpak.js 51/131
index: ../src/Datejs/src/parser.js 272/465
index: ../src/Datejs/src/globalization/es-MX.js 1/1
index: ../src/Datejs/src/core.js 107/291
index: ../src/Datejs/src/sugarpak.js 51/131
index: ../src/Datejs/src/parser.js 318/465
index: ../src/Datejs/src/globalization/en-US.js 1/1
index: ../src/Datejs/src/globalization/en-US.js 1/1
index: ../src/Datejs/src/core.js 128/291
index: ../src/Datejs/src/sugarpak.js 57/131
index: ../src/Datejs/src/parser.js 348/465
index: ../src/Datejs/src/globalization/en-US.js 1/1
index: ../src/Datejs/src/sugarpak.js 56/131
index: ../src/Datejs/src/core.js 137/291
index: ../src/Datejs/src/parser.js 284/465
index: ../src/Datejs/src/globalization/en-US.js 1/1
index: ../src/Datejs/src/time.js 3/143
index: ../src/Datejs/src/core.js 68/291
index: ../src/Datejs/src/parser.js 150/465
index: ../src/Datejs/src/sugarpak.js 51/131
index: ../src/Datejs/src/globalization/en-US.js 1/1
index: ../src/Datejs/src/time.js 3/143
index: ../src/Datejs/src/extras.js 8/79
index: ../src/Datejs/src/core.js 59/291
index: ../src/Datejs/src/parser.js 150/465
index: ../src/Datejs/src/sugarpak.js 51/131
index: ../src/Datejs/src/globalization/en-US.js 1/1
datepicker: ../src/Datejs/build/date.js 50/132
index: ../src/Datejs/src/sugarpak.js 51/131
index: ../src/Datejs/src/core.js 115/291
index: ../src/Datejs/src/parser.js 221/465
index: ../src/Datejs/src/globalization/en-US.js 1/1
index: ../src/Datejs/src/sugarpak.js 51/131
index: ../src/Datejs/src/core.js 114/291
index: ../src/Datejs/src/parser.js 326/465
index: ../src/Datejs/src/globalization/en-US.js 1/1
index: ../src/Datejs/src/core.js 102/291
index: ../src/Datejs/src/parser.js 304/465
index: ../src/Datejs/src/globalization/en-US.js 1/1
index: ../src/Datejs/src/time.js 3/143
index: ../src/Datejs/src/parser.js 275/465
index: ../src/Datejs/src/core.js 183/291
index: ../src/Datejs/src/sugarpak.js 85/131
index: ../src/Datejs/src/globalization/en-US.js 1/1
index: ../src/Datejs/src/core.js 107/291
index: ../src/Datejs/src/sugarpak.js 51/131
index: ../src/Datejs/src/parser.js 272/465
index: ../src/Datejs/src/globalization/es-MX.js 1/1
index: ../src/Datejs/src/core.js 107/291
index: ../src/Datejs/src/sugarpak.js 51/131
index: ../src/Datejs/src/parser.js 318/465
index: ../src/Datejs/src/globalization/en-US.js 1/1
index: ../src/Datejs/src/globalization/en-US.js 1/1
index: ../src/Datejs/src/core.js 128/291
index: ../src/Datejs/src/sugarpak.js 57/131
index: ../src/Datejs/src/parser.js 348/465
index: ../src/Datejs/src/globalization/en-US.js 1/1
index: ../src/Datejs/src/sugarpak.js 56/131
index: ../src/Datejs/src/core.js 137/291
index: ../src/Datejs/src/parser.js 284/465
index: ../src/Datejs/src/globalization/en-US.js 1/1
index: ../src/Datejs/src/time.js 3/143
index: ../src/Datejs/src/core.js 68/291
index: ../src/Datejs/src/parser.js 150/465
index: ../src/Datejs/src/sugarpak.js 51/131
index: ../src/Datejs/src/globalization/en-US.js 1/1
index: ../src/Datejs/src/time.js 3/143
index: ../src/Datejs/src/extras.js 8/79
index: ../src/Datejs/src/core.js 59/291
index: ../src/Datejs/src/parser.js 150/465
index: ../src/Datejs/src/sugarpak.js 51/131
index: ../src/Datejs/src/globalization/en-US.js 1/1
datepicker: ../src/Datejs/build/date.js 50/132
index: ../src/Datejs/src/sugarpak.js 51/131
index: ../src/Datejs/src/core.js 115/291
index: ../src/Datejs/src/parser.js 221/465
index: ../src/Datejs/src/globalization/en-US.js 1/1
index: ../src/Datejs/src/sugarpak.js 51/131
index: ../src/Datejs/src/core.js 114/291
index: ../src/Datejs/src/parser.js 326/465
index: ../src/Datejs/src/globalization/en-US.js 1/1
index: ../src/Datejs/src/core.js 102/291
index: ../src/Datejs/src/parser.js 304/465
index: ../src/Datejs/src/globalization/en-US.js 1/1
index: ../src/Datejs/src/core.js 145/291
index: ../src/Datejs/src/sugarpak.js 71/131
index: ../src/Datejs/src/parser.js 296/465
index: ../src/Datejs/src/globalization/en-US.js 1/1
index: ../src/Datejs/src/time.js 3/143
index: ../src/Datejs/src/parser.js 275/465
index: ../src/Datejs/src/core.js 183/291
index: ../src/Datejs/src/sugarpak.js 85/131
index: ../src/Datejs/src/globalization/en-US.js 1/1
index: ../src/Datejs/src/core.js 107/291
index: ../src/Datejs/src/sugarpak.js 51/131
index: ../src/Datejs/src/parser.js 272/465
index: ../src/Datejs/src/globalization/es-MX.js 1/1
index: ../src/Datejs/src/core.js 107/291
index: ../src/Datejs/src/sugarpak.js 51/131
index: ../src/Datejs/src/parser.js 318/465
index: ../src/Datejs/src/globalization/en-US.js 1/1
index: ../src/Datejs/src/globalization/en-US.js 1/1
index: ../src/Datejs/src/core.js 128/291
index: ../src/Datejs/src/sugarpak.js 57/131
index: ../src/Datejs/src/parser.js 348/465
index: ../src/Datejs/src/globalization/en-US.js 1/1
index: ../src/Datejs/src/sugarpak.js 56/131
index: ../src/Datejs/src/core.js 137/291
index: ../src/Datejs/src/parser.js 284/465
index: ../src/Datejs/src/globalization/en-US.js 1/1
index: ../src/Datejs/src/time.js 3/143
index: ../src/Datejs/src/core.js 68/291
index: ../src/Datejs/src/parser.js 150/465
index: ../src/Datejs/src/sugarpak.js 51/131
index: ../src/Datejs/src/globalization/en-US.js 1/1
index: ../src/Datejs/src/time.js 3/143
index: ../src/Datejs/src/extras.js 8/79
index: ../src/Datejs/src/core.js 59/291
index: ../src/Datejs/src/parser.js 150/465
index: ../src/Datejs/src/sugarpak.js 51/131
index: ../src/Datejs/src/globalization/en-US.js 1/1
datepicker: ../src/Datejs/build/date.js 50/132
index: ../src/Datejs/src/sugarpak.js 51/131
index: ../src/Datejs/src/core.js 115/291
index: ../src/Datejs/src/parser.js 221/465
index: ../src/Datejs/src/globalization/en-US.js 1/1
index: ../src/Datejs/src/sugarpak.js 51/131
index: ../src/Datejs/src/core.js 114/291
index: ../src/Datejs/src/parser.js 326/465
index: ../src/Datejs/src/globalization/en-US.js 1/1
index: ../src/Datejs/src/core.js 102/291
index: ../src/Datejs/src/parser.js 304/465
index: ../src/Datejs/src/globalization/en-US.js 1/1
index: ../src/Datejs/src/core.js 145/291
index: ../src/Datejs/src/sugarpak.js 71/131
index: ../src/Datejs/src/parser.js 296/465
index: ../src/Datejs/src/globalization/en-US.js 1/1
index: ../src/Datejs/src/core.js 113/291
index: ../src/Datejs/src/sugarpak.js 54/131
index: ../src/Datejs/src/parser.js 326/465
index: ../src/Datejs/src/globalization/en-US.js 1/1
index: ../src/Datejs/src/time.js 3/143
index: ../src/Datejs/src/parser.js 275/465
index: ../src/Datejs/src/core.js 183/291
index: ../src/Datejs/src/sugarpak.js 85/131
index: ../src/Datejs/src/globalization/en-US.js 1/1
index: ../src/Datejs/src/core.js 107/291
index: ../src/Datejs/src/sugarpak.js 51/131
index: ../src/Datejs/src/parser.js 272/465
index: ../src/Datejs/src/globalization/es-MX.js 1/1
index: ../src/Datejs/src/core.js 107/291
index: ../src/Datejs/src/sugarpak.js 51/131
index: ../src/Datejs/src/parser.js 318/465
index: ../src/Datejs/src/globalization/en-US.js 1/1
index: ../src/Datejs/src/globalization/en-US.js 1/1
index: ../src/Datejs/src/core.js 128/291
index: ../src/Datejs/src/sugarpak.js 57/131
index: ../src/Datejs/src/parser.js 348/465
index: ../src/Datejs/src/globalization/en-US.js 1/1
index: ../src/Datejs/src/sugarpak.js 56/131
index: ../src/Datejs/src/core.js 137/291
index: ../src/Datejs/src/parser.js 284/465
index: ../src/Datejs/src/globalization/en-US.js 1/1
index: ../src/Datejs/src/time.js 3/143
index: ../src/Datejs/src/core.js 68/291
index: ../src/Datejs/src/parser.js 150/465
index: ../src/Datejs/src/sugarpak.js 51/131
index: ../src/Datejs/src/globalization/en-US.js 1/1
index: ../src/Datejs/src/time.js 3/143
index: ../src/Datejs/src/extras.js 8/79
index: ../src/Datejs/src/core.js 59/291
index: ../src/Datejs/src/parser.js 150/465
index: ../src/Datejs/src/sugarpak.js 51/131
index: ../src/Datejs/src/globalization/en-US.js 1/1
datepicker: ../src/Datejs/build/date.js 50/132
index: ../src/Datejs/src/sugarpak.js 51/131
index: ../src/Datejs/src/core.js 115/291
index: ../src/Datejs/src/parser.js 221/465
index: ../src/Datejs/src/globalization/en-US.js 1/1
index: ../src/Datejs/src/sugarpak.js 51/131
index: ../src/Datejs/src/core.js 114/291
index: ../src/Datejs/src/parser.js 326/465
index: ../src/Datejs/src/globalization/en-US.js 1/1
index: ../src/Datejs/src/core.js 102/291
index: ../src/Datejs/src/parser.js 304/465
index: ../src/Datejs/src/globalization/en-US.js 1/1
index: ../src/Datejs/src/core.js 145/291
index: ../src/Datejs/src/sugarpak.js 71/131
index: ../src/Datejs/src/parser.js 296/465
index: ../src/Datejs/src/globalization/en-US.js 1/1
index: ../src/Datejs/src/core.js 113/291
index: ../src/Datejs/src/sugarpak.js 54/131
index: ../src/Datejs/src/parser.js 326/465
index: ../src/Datejs/src/globalization/en-US.js 1/1
index: ../src/Datejs/src/sugarpak.js 65/131
index: ../src/Datejs/src/core.js 162/291
index: ../src/Datejs/src/parser.js 355/465
index: ../src/Datejs/src/globalization/en-US.js 1/1
index: ../src/Datejs/src/time.js 3/143
index: ../src/Datejs/src/parser.js 275/465
index: ../src/Datejs/src/core.js 183/291
index: ../src/Datejs/src/sugarpak.js 85/131
index: ../src/Datejs/src/globalization/en-US.js 1/1
index: ../src/Datejs/src/core.js 107/291
index: ../src/Datejs/src/sugarpak.js 51/131
index: ../src/Datejs/src/parser.js 272/465
index: ../src/Datejs/src/globalization/es-MX.js 1/1
index: ../src/Datejs/src/core.js 107/291
index: ../src/Datejs/src/sugarpak.js 51/131
index: ../src/Datejs/src/parser.js 318/465
index: ../src/Datejs/src/globalization/en-US.js 1/1
index: ../src/Datejs/src/globalization/en-US.js 1/1
index: ../src/Datejs/src/core.js 128/291
index: ../src/Datejs/src/sugarpak.js 57/131
index: ../src/Datejs/src/parser.js 348/465
index: ../src/Datejs/src/globalization/en-US.js 1/1
index: ../src/Datejs/src/sugarpak.js 56/131
index: ../src/Datejs/src/core.js 137/291
index: ../src/Datejs/src/parser.js 284/465
index: ../src/Datejs/src/globalization/en-US.js 1/1
index: ../src/Datejs/src/time.js 3/143
index: ../src/Datejs/src/core.js 68/291
index: ../src/Datejs/src/parser.js 150/465
index: ../src/Datejs/src/sugarpak.js 51/131
index: ../src/Datejs/src/globalization/en-US.js 1/1
index: ../src/Datejs/src/time.js 3/143
index: ../src/Datejs/src/extras.js 8/79
index: ../src/Datejs/src/core.js 59/291
index: ../src/Datejs/src/parser.js 150/465
index: ../src/Datejs/src/sugarpak.js 51/131
index: ../src/Datejs/src/globalization/en-US.js 1/1
datepicker: ../src/Datejs/build/date.js 50/132
index: ../src/Datejs/src/sugarpak.js 51/131
index: ../src/Datejs/src/core.js 115/291
index: ../src/Datejs/src/parser.js 221/465
index: ../src/Datejs/src/globalization/en-US.js 1/1
index: ../src/Datejs/src/sugarpak.js 51/131
index: ../src/Datejs/src/core.js 114/291
index: ../src/Datejs/src/parser.js 326/465
index: ../src/Datejs/src/globalization/en-US.js 1/1
index: ../src/Datejs/src/core.js 102/291
index: ../src/Datejs/src/parser.js 304/465
index: ../src/Datejs/src/globalization/en-US.js 1/1
index: ../src/Datejs/src/core.js 145/291
index: ../src/Datejs/src/sugarpak.js 71/131
index: ../src/Datejs/src/parser.js 296/465
index: ../src/Datejs/src/globalization/en-US.js 1/1
index: ../src/Datejs/src/core.js 113/291
index: ../src/Datejs/src/sugarpak.js 54/131
index: ../src/Datejs/src/parser.js 326/465
index: ../src/Datejs/src/globalization/en-US.js 1/1
index: ../src/Datejs/src/sugarpak.js 65/131
index: ../src/Datejs/src/core.js 162/291
index: ../src/Datejs/src/parser.js 355/465
index: ../src/Datejs/src/globalization/en-US.js 1/1
index: ../src/Datejs/src/core.js 152/291
index: ../src/Datejs/src/sugarpak.js 80/131
index: ../src/Datejs/src/parser.js 375/465
index: ../src/Datejs/src/globalization/en-US.js 1/1
index: ../src/Datejs/src/time.js 3/143
index: ../src/Datejs/src/parser.js 275/465
index: ../src/Datejs/src/core.js 183/291
index: ../src/Datejs/src/sugarpak.js 85/131
index: ../src/Datejs/src/globalization/en-US.js 1/1
index: ../src/Datejs/src/core.js 107/291
index: ../src/Datejs/src/sugarpak.js 51/131
index: ../src/Datejs/src/parser.js 272/465
index: ../src/Datejs/src/globalization/es-MX.js 1/1
index: ../src/Datejs/src/core.js 107/291
index: ../src/Datejs/src/sugarpak.js 51/131
index: ../src/Datejs/src/parser.js 318/465
index: ../src/Datejs/src/globalization/en-US.js 1/1
index: ../src/Datejs/src/globalization/en-US.js 1/1
index: ../src/Datejs/src/core.js 128/291
index: ../src/Datejs/src/sugarpak.js 57/131
index: ../src/Datejs/src/parser.js 348/465
index: ../src/Datejs/src/globalization/en-US.js 1/1
index: ../src/Datejs/src/sugarpak.js 56/131
index: ../src/Datejs/src/core.js 137/291
index: ../src/Datejs/src/parser.js 284/465
index: ../src/Datejs/src/globalization/en-US.js 1/1
index: ../src/Datejs/src/time.js 3/143
index: ../src/Datejs/src/core.js 68/291
index: ../src/Datejs/src/parser.js 150/465
index: ../src/Datejs/src/sugarpak.js 51/131
index: ../src/Datejs/src/globalization/en-US.js 1/1
index: ../src/Datejs/src/time.js 3/143
index: ../src/Datejs/src/extras.js 8/79
index: ../src/Datejs/src/core.js 59/291
index: ../src/Datejs/src/parser.js 150/465
index: ../src/Datejs/src/sugarpak.js 51/131
index: ../src/Datejs/src/globalization/en-US.js 1/1
datepicker: ../src/Datejs/build/date.js 50/132
index: ../src/Datejs/src/sugarpak.js 51/131
index: ../src/Datejs/src/core.js 115/291
index: ../src/Datejs/src/parser.js 221/465
index: ../src/Datejs/src/globalization/en-US.js 1/1
index: ../src/Datejs/src/sugarpak.js 51/131
index: ../src/Datejs/src/core.js 114/291
index: ../src/Datejs/src/parser.js 326/465
index: ../src/Datejs/src/globalization/en-US.js 1/1
index: ../src/Datejs/src/core.js 102/291
index: ../src/Datejs/src/parser.js 304/465
index: ../src/Datejs/src/globalization/en-US.js 1/1
index: ../src/Datejs/src/core.js 145/291
index: ../src/Datejs/src/sugarpak.js 71/131
index: ../src/Datejs/src/parser.js 296/465
index: ../src/Datejs/src/globalization/en-US.js 1/1
index: ../src/Datejs/src/core.js 113/291
index: ../src/Datejs/src/sugarpak.js 54/131
index: ../src/Datejs/src/parser.js 326/465
index: ../src/Datejs/src/globalization/en-US.js 1/1
index: ../src/Datejs/src/sugarpak.js 65/131
index: ../src/Datejs/src/core.js 162/291
index: ../src/Datejs/src/parser.js 355/465
index: ../src/Datejs/src/globalization/en-US.js 1/1
index: ../src/Datejs/src/core.js 152/291
index: ../src/Datejs/src/sugarpak.js 80/131
index: ../src/Datejs/src/parser.js 375/465
index: ../src/Datejs/src/globalization/en-US.js 1/1
index: ../src/Datejs/src/time.js 3/143
index: ../src/Datejs/src/parser.js 275/465
index: ../src/Datejs/src/core.js 183/291
index: ../src/Datejs/src/sugarpak.js 85/131
index: ../src/Datejs/src/globalization/en-US.js 1/1
index: ../src/Datejs/src/core.js 107/291
index: ../src/Datejs/src/sugarpak.js 51/131
index: ../src/Datejs/src/parser.js 272/465
index: ../src/Datejs/src/globalization/es-MX.js 1/1
index: ../src/Datejs/src/core.js 107/291
index: ../src/Datejs/src/sugarpak.js 51/131
index: ../src/Datejs/src/parser.js 318/465
index: ../src/Datejs/src/globalization/en-US.js 1/1
index: ../src/Datejs/src/globalization/en-US.js 1/1
index: ../src/Datejs/src/core.js 128/291
index: ../src/Datejs/src/sugarpak.js 57/131
index: ../src/Datejs/src/parser.js 348/465
index: ../src/Datejs/src/globalization/en-US.js 1/1
index: ../src/Datejs/src/sugarpak.js 56/131
index: ../src/Datejs/src/core.js 137/291
index: ../src/Datejs/src/parser.js 284/465
index: ../src/Datejs/src/globalization/en-US.js 1/1
index: ../src/Datejs/src/time.js 3/143
index: ../src/Datejs/src/core.js 68/291
index: ../src/Datejs/src/parser.js 150/465
index: ../src/Datejs/src/sugarpak.js 51/131
index: ../src/Datejs/src/globalization/en-US.js 1/1
index: ../src/Datejs/src/time.js 3/143
index: ../src/Datejs/src/extras.js 8/79
index: ../src/Datejs/src/core.js 59/291
index: ../src/Datejs/src/parser.js 150/465
index: ../src/Datejs/src/sugarpak.js 51/131
index: ../src/Datejs/src/globalization/en-US.js 1/1
datepicker: ../src/Datejs/build/date.js 50/132
index: ../src/Datejs/src/sugarpak.js 51/131
index: ../src/Datejs/src/core.js 115/291
index: ../src/Datejs/src/parser.js 221/465
index: ../src/Datejs/src/globalization/en-US.js 1/1
index: ../src/Datejs/src/sugarpak.js 51/131
index: ../src/Datejs/src/core.js 114/291
index: ../src/Datejs/src/parser.js 326/465
index: ../src/Datejs/src/globalization/en-US.js 1/1
index: ../src/Datejs/src/core.js 102/291
index: ../src/Datejs/src/parser.js 304/465
index: ../src/Datejs/src/globalization/en-US.js 1/1
index: ../src/Datejs/src/core.js 145/291
index: ../src/Datejs/src/sugarpak.js 71/131
index: ../src/Datejs/src/parser.js 296/465
index: ../src/Datejs/src/globalization/en-US.js 1/1
index: ../src/Datejs/src/core.js 113/291
index: ../src/Datejs/src/sugarpak.js 54/131
index: ../src/Datejs/src/parser.js 326/465
index: ../src/Datejs/src/globalization/en-US.js 1/1
index: ../src/Datejs/src/sugarpak.js 65/131
index: ../src/Datejs/src/core.js 162/291
index: ../src/Datejs/src/parser.js 355/465
index: ../src/Datejs/src/globalization/en-US.js 1/1
index: ../src/Datejs/src/core.js 152/291
index: ../src/Datejs/src/sugarpak.js 80/131
index: ../src/Datejs/src/parser.js 375/465
index: ../src/Datejs/src/globalization/en-US.js 1/1
index: ../src/Datejs/src/time.js 3/143
index: ../src/Datejs/src/core.js 84/291
index: ../src/Datejs/src/parser.js 150/465
index: ../src/Datejs/src/sugarpak.js 71/131
index: ../src/Datejs/src/globalization/en-US.js 1/1
index: ../src/Datejs/src/time.js 3/143
index: ../src/Datejs/src/parser.js 275/465
index: ../src/Datejs/src/core.js 183/291
index: ../src/Datejs/src/sugarpak.js 85/131
index: ../src/Datejs/src/globalization/en-US.js 1/1
index: ../src/Datejs/src/core.js 107/291
index: ../src/Datejs/src/sugarpak.js 51/131
index: ../src/Datejs/src/parser.js 272/465
index: ../src/Datejs/src/globalization/es-MX.js 1/1
index: ../src/Datejs/src/core.js 107/291
index: ../src/Datejs/src/sugarpak.js 51/131
index: ../src/Datejs/src/parser.js 318/465
index: ../src/Datejs/src/globalization/en-US.js 1/1
index: ../src/Datejs/src/globalization/en-US.js 1/1
index: ../src/Datejs/src/core.js 128/291
index: ../src/Datejs/src/sugarpak.js 57/131
index: ../src/Datejs/src/parser.js 348/465
index: ../src/Datejs/src/globalization/en-US.js 1/1
index: ../src/Datejs/src/sugarpak.js 56/131
index: ../src/Datejs/src/core.js 137/291
index: ../src/Datejs/src/parser.js 284/465
index: ../src/Datejs/src/globalization/en-US.js 1/1
index: ../src/Datejs/src/time.js 3/143
index: ../src/Datejs/src/core.js 68/291
index: ../src/Datejs/src/parser.js 150/465
index: ../src/Datejs/src/sugarpak.js 51/131
index: ../src/Datejs/src/globalization/en-US.js 1/1
index: ../src/Datejs/src/time.js 3/143
index: ../src/Datejs/src/extras.js 8/79
index: ../src/Datejs/src/core.js 59/291
index: ../src/Datejs/src/parser.js 150/465
index: ../src/Datejs/src/sugarpak.js 51/131
index: ../src/Datejs/src/globalization/en-US.js 1/1
datepicker: ../src/Datejs/build/date.js 50/132
index: ../src/Datejs/src/sugarpak.js 51/131
index: ../src/Datejs/src/core.js 115/291
index: ../src/Datejs/src/parser.js 221/465
index: ../src/Datejs/src/globalization/en-US.js 1/1
index: ../src/Datejs/src/sugarpak.js 51/131
index: ../src/Datejs/src/core.js 114/291
index: ../src/Datejs/src/parser.js 326/465
index: ../src/Datejs/src/globalization/en-US.js 1/1
index: ../src/Datejs/src/core.js 102/291
index: ../src/Datejs/src/parser.js 304/465
index: ../src/Datejs/src/globalization/en-US.js 1/1
index: ../src/Datejs/src/core.js 145/291
index: ../src/Datejs/src/sugarpak.js 71/131
index: ../src/Datejs/src/parser.js 296/465
index: ../src/Datejs/src/globalization/en-US.js 1/1
index: ../src/Datejs/src/core.js 113/291
index: ../src/Datejs/src/sugarpak.js 54/131
index: ../src/Datejs/src/parser.js 326/465
index: ../src/Datejs/src/globalization/en-US.js 1/1
index: ../src/Datejs/src/sugarpak.js 65/131
index: ../src/Datejs/src/core.js 162/291
index: ../src/Datejs/src/parser.js 355/465
index: ../src/Datejs/src/globalization/en-US.js 1/1
index: ../src/Datejs/src/core.js 152/291
index: ../src/Datejs/src/sugarpak.js 80/131
index: ../src/Datejs/src/parser.js 375/465
index: ../src/Datejs/src/globalization/en-US.js 1/1
index: ../src/Datejs/src/time.js 3/143
index: ../src/Datejs/src/core.js 84/291
index: ../src/Datejs/src/parser.js 150/465
index: ../src/Datejs/src/sugarpak.js 71/131
index: ../src/Datejs/src/globalization/en-US.js 1/1
index: ../src/Datejs/src/core.js 116/291
index: ../src/Datejs/src/sugarpak.js 56/131
index: ../src/Datejs/src/parser.js 325/465
index: ../src/Datejs/src/globalization/en-US.js 1/1
index: ../src/Datejs/src/time.js 3/143
index: ../src/Datejs/src/parser.js 275/465
index: ../src/Datejs/src/core.js 183/291
index: ../src/Datejs/src/sugarpak.js 85/131
index: ../src/Datejs/src/globalization/en-US.js 1/1
index: ../src/Datejs/src/core.js 107/291
index: ../src/Datejs/src/sugarpak.js 51/131
index: ../src/Datejs/src/parser.js 272/465
index: ../src/Datejs/src/globalization/es-MX.js 1/1
index: ../src/Datejs/src/core.js 107/291
index: ../src/Datejs/src/sugarpak.js 51/131
index: ../src/Datejs/src/parser.js 318/465
index: ../src/Datejs/src/globalization/en-US.js 1/1
index: ../src/Datejs/src/globalization/en-US.js 1/1
index: ../src/Datejs/src/core.js 128/291
index: ../src/Datejs/src/sugarpak.js 57/131
index: ../src/Datejs/src/parser.js 348/465
index: ../src/Datejs/src/globalization/en-US.js 1/1
index: ../src/Datejs/src/sugarpak.js 56/131
index: ../src/Datejs/src/core.js 137/291
index: ../src/Datejs/src/parser.js 284/465
index: ../src/Datejs/src/globalization/en-US.js 1/1
index: ../src/Datejs/src/time.js 3/143
index: ../src/Datejs/src/core.js 68/291
index: ../src/Datejs/src/parser.js 150/465
index: ../src/Datejs/src/sugarpak.js 51/131
index: ../src/Datejs/src/globalization/en-US.js 1/1
index: ../src/Datejs/src/time.js 3/143
index: ../src/Datejs/src/extras.js 8/79
index: ../src/Datejs/src/core.js 59/291
index: ../src/Datejs/src/parser.js 150/465
index: ../src/Datejs/src/sugarpak.js 51/131
index: ../src/Datejs/src/globalization/en-US.js 1/1
datepicker: ../src/Datejs/build/date.js 50/132
index: ../src/Datejs/src/sugarpak.js 51/131
index: ../src/Datejs/src/core.js 115/291
index: ../src/Datejs/src/parser.js 221/465
index: ../src/Datejs/src/globalization/en-US.js 1/1
index: ../src/Datejs/src/sugarpak.js 51/131
index: ../src/Datejs/src/core.js 114/291
index: ../src/Datejs/src/parser.js 326/465
index: ../src/Datejs/src/globalization/en-US.js 1/1
index: ../src/Datejs/src/core.js 102/291
index: ../src/Datejs/src/parser.js 304/465
index: ../src/Datejs/src/globalization/en-US.js 1/1
index: ../src/Datejs/src/core.js 145/291
index: ../src/Datejs/src/sugarpak.js 71/131
index: ../src/Datejs/src/parser.js 296/465
index: ../src/Datejs/src/globalization/en-US.js 1/1
index: ../src/Datejs/src/core.js 113/291
index: ../src/Datejs/src/sugarpak.js 54/131
index: ../src/Datejs/src/parser.js 326/465
index: ../src/Datejs/src/globalization/en-US.js 1/1
index: ../src/Datejs/src/sugarpak.js 65/131
index: ../src/Datejs/src/core.js 162/291
index: ../src/Datejs/src/parser.js 355/465
index: ../src/Datejs/src/globalization/en-US.js 1/1
index: ../src/Datejs/src/core.js 152/291
index: ../src/Datejs/src/sugarpak.js 80/131
index: ../src/Datejs/src/parser.js 375/465
index: ../src/Datejs/src/globalization/en-US.js 1/1
index: ../src/Datejs/src/time.js 3/143
index: ../src/Datejs/src/core.js 84/291
index: ../src/Datejs/src/parser.js 150/465
index: ../src/Datejs/src/sugarpak.js 71/131
index: ../src/Datejs/src/globalization/en-US.js 1/1
index: ../src/Datejs/src/core.js 116/291
index: ../src/Datejs/src/sugarpak.js 56/131
index: ../src/Datejs/src/parser.js 325/465
index: ../src/Datejs/src/globalization/en-US.js 1/1
index: ../src/Datejs/src/time.js 3/143
index: ../src/Datejs/src/parser.js 150/465
index: ../src/Datejs/src/sugarpak.js 51/131
index: ../src/Datejs/src/core.js 121/291
index: ../src/Datejs/src/globalization/en-US.js 1/1
