index: ../src/deck.js/extensions/menu/deck.menu.js 36/55
index: ../src/deck.js/extensions/hash/deck.hash.js 26/38
index: ../src/deck.js/core/deck.core.js 88/107
index: ../src/deck.js/extensions/scale/deck.scale.js 34/36
index: ../src/deck.js/extensions/goto/deck.goto.js 41/42
index: ../src/deck.js/extensions/navigation/deck.navigation.js 19/19
index: ../src/deck.js/extensions/status/deck.status.js 20/20
index: ../src/deck.js/jquery-1.7.min.js 3/3
index: ../src/deck.js/modernizr.custom.js 1/1
test.spec.core: ../src/deck.js/extensions/menu/deck.menu.js 19/55
test.spec.core: ../src/deck.js/extensions/goto/deck.goto.js 19/42
test.spec.core: ../src/deck.js/extensions/hash/deck.hash.js 25/38
test.spec.core: ../src/deck.js/extensions/status/deck.status.js 14/20
test.spec.core: ../src/deck.js/extensions/scale/deck.scale.js 26/36
test.spec.core: ../src/deck.js/extensions/navigation/deck.navigation.js 15/19
test.spec.core: ../src/deck.js/core/deck.core.js 88/107
test.spec.core: ../src/deck.js/jquery-1.7.min.js 3/3
test.spec.core: ../src/deck.js/modernizr.custom.js 1/1
test.spec.goto: ../src/deck.js/extensions/menu/deck.menu.js 20/55
test.spec.goto: ../src/deck.js/extensions/hash/deck.hash.js 25/38
test.spec.goto: ../src/deck.js/core/deck.core.js 72/107
test.spec.goto: ../src/deck.js/extensions/scale/deck.scale.js 27/36
test.spec.goto: ../src/deck.js/extensions/navigation/deck.navigation.js 15/19
test.spec.goto: ../src/deck.js/extensions/goto/deck.goto.js 41/42
test.spec.goto: ../src/deck.js/extensions/status/deck.status.js 20/20
test.spec.goto: ../src/deck.js/jquery-1.7.min.js 3/3
test.spec.goto: ../src/deck.js/modernizr.custom.js 1/1
test.spec.hash: ../src/deck.js/extensions/menu/deck.menu.js 19/55
test.spec.hash: ../src/deck.js/extensions/goto/deck.goto.js 18/42
test.spec.hash: ../src/deck.js/core/deck.core.js 66/107
test.spec.hash: ../src/deck.js/extensions/hash/deck.hash.js 26/38
test.spec.hash: ../src/deck.js/extensions/status/deck.status.js 14/20
test.spec.hash: ../src/deck.js/extensions/scale/deck.scale.js 26/36
test.spec.hash: ../src/deck.js/extensions/navigation/deck.navigation.js 15/19
test.spec.hash: ../src/deck.js/jquery-1.7.min.js 3/3
test.spec.hash: ../src/deck.js/modernizr.custom.js 1/1
test.spec.menu: ../src/deck.js/extensions/goto/deck.goto.js 20/42
test.spec.menu: ../src/deck.js/core/deck.core.js 53/107
test.spec.menu: ../src/deck.js/extensions/hash/deck.hash.js 20/38
test.spec.menu: ../src/deck.js/extensions/menu/deck.menu.js 34/55
test.spec.menu: ../src/deck.js/extensions/status/deck.status.js 14/20
test.spec.menu: ../src/deck.js/extensions/scale/deck.scale.js 27/36
test.spec.menu: ../src/deck.js/extensions/navigation/deck.navigation.js 15/19
test.spec.menu: ../src/deck.js/jquery-1.7.min.js 3/3
test.spec.menu: ../src/deck.js/modernizr.custom.js 1/1
test.spec.navigation: ../src/deck.js/extensions/menu/deck.menu.js 19/55
test.spec.navigation: ../src/deck.js/extensions/goto/deck.goto.js 18/42
test.spec.navigation: ../src/deck.js/core/deck.core.js 67/107
test.spec.navigation: ../src/deck.js/extensions/hash/deck.hash.js 25/38
test.spec.navigation: ../src/deck.js/extensions/status/deck.status.js 14/20
test.spec.navigation: ../src/deck.js/extensions/scale/deck.scale.js 26/36
test.spec.navigation: ../src/deck.js/extensions/navigation/deck.navigation.js 19/19
test.spec.navigation: ../src/deck.js/jquery-1.7.min.js 3/3
test.spec.navigation: ../src/deck.js/modernizr.custom.js 1/1
test.spec.scale: ../src/deck.js/extensions/menu/deck.menu.js 18/55
test.spec.scale: ../src/deck.js/extensions/goto/deck.goto.js 20/42
test.spec.scale: ../src/deck.js/core/deck.core.js 53/107
test.spec.scale: ../src/deck.js/extensions/hash/deck.hash.js 20/38
test.spec.scale: ../src/deck.js/extensions/status/deck.status.js 14/20
test.spec.scale: ../src/deck.js/extensions/navigation/deck.navigation.js 15/19
test.spec.scale: ../src/deck.js/extensions/scale/deck.scale.js 34/36
test.spec.scale: ../src/deck.js/jquery-1.7.min.js 3/3
test.spec.scale: ../src/deck.js/modernizr.custom.js 1/1
test.spec.status: ../src/deck.js/extensions/menu/deck.menu.js 19/55
test.spec.status: ../src/deck.js/extensions/goto/deck.goto.js 21/42
test.spec.status: ../src/deck.js/core/deck.core.js 66/107
test.spec.status: ../src/deck.js/extensions/hash/deck.hash.js 25/38
test.spec.status: ../src/deck.js/extensions/scale/deck.scale.js 26/36
test.spec.status: ../src/deck.js/extensions/navigation/deck.navigation.js 15/19
test.spec.status: ../src/deck.js/extensions/status/deck.status.js 20/20
test.spec.status: ../src/deck.js/jquery-1.7.min.js 3/3
test.spec.status: ../src/deck.js/modernizr.custom.js 1/1
