api: ../src/Donatello/circle.js 2/36
api: ../src/Donatello/rect.js 3/34
api: ../src/Donatello/text.js 2/14
api: ../src/Donatello/donatello.js 28/122
api: ../src/Donatello/circle.js 2/36
api: ../src/Donatello/rect.js 3/34
api: ../src/Donatello/text.js 2/14
api: ../src/Donatello/donatello.js 28/122
arc: ../src/Donatello/arc.js 2/53
arc: ../src/Donatello/donatello.js 28/122
api: ../src/Donatello/circle.js 2/36
api: ../src/Donatello/rect.js 3/34
api: ../src/Donatello/text.js 2/14
api: ../src/Donatello/donatello.js 28/122
arc: ../src/Donatello/arc.js 2/53
arc: ../src/Donatello/donatello.js 28/122
attrs: ../src/Donatello/donatello.js 28/122
api: ../src/Donatello/circle.js 2/36
api: ../src/Donatello/rect.js 3/34
api: ../src/Donatello/text.js 2/14
api: ../src/Donatello/donatello.js 28/122
arc: ../src/Donatello/arc.js 2/53
arc: ../src/Donatello/donatello.js 28/122
attrs: ../src/Donatello/donatello.js 28/122
circle: ../src/Donatello/circle.js 2/36
circle: ../src/Donatello/rect.js 3/34
circle: ../src/Donatello/donatello.js 28/122
api: ../src/Donatello/circle.js 2/36
api: ../src/Donatello/rect.js 3/34
api: ../src/Donatello/text.js 2/14
api: ../src/Donatello/donatello.js 28/122
arc: ../src/Donatello/arc.js 2/53
arc: ../src/Donatello/donatello.js 28/122
attrs: ../src/Donatello/donatello.js 28/122
circle: ../src/Donatello/circle.js 2/36
circle: ../src/Donatello/rect.js 3/34
circle: ../src/Donatello/donatello.js 28/122
decl: ../src/Donatello/experimental.js 7/61
decl: ../src/Donatello/donatello.js 28/122
api: ../src/Donatello/circle.js 2/36
api: ../src/Donatello/rect.js 3/34
api: ../src/Donatello/text.js 2/14
api: ../src/Donatello/donatello.js 28/122
arc: ../src/Donatello/arc.js 2/53
arc: ../src/Donatello/donatello.js 28/122
attrs: ../src/Donatello/donatello.js 28/122
circle: ../src/Donatello/circle.js 2/36
circle: ../src/Donatello/rect.js 3/34
circle: ../src/Donatello/donatello.js 28/122
decl: ../src/Donatello/experimental.js 7/61
decl: ../src/Donatello/donatello.js 28/122
draw: ../src/Donatello/experimental.js 7/61
draw: ../src/Donatello/donatello.js 28/122
api: ../src/Donatello/circle.js 2/36
api: ../src/Donatello/rect.js 3/34
api: ../src/Donatello/text.js 2/14
api: ../src/Donatello/donatello.js 28/122
arc: ../src/Donatello/arc.js 2/53
arc: ../src/Donatello/donatello.js 28/122
attrs: ../src/Donatello/donatello.js 28/122
circle: ../src/Donatello/circle.js 2/36
circle: ../src/Donatello/rect.js 3/34
circle: ../src/Donatello/donatello.js 28/122
decl: ../src/Donatello/experimental.js 7/61
decl: ../src/Donatello/donatello.js 28/122
draw: ../src/Donatello/experimental.js 7/61
draw: ../src/Donatello/donatello.js 28/122
ellipse: ../src/Donatello/ellipse.js 2/33
ellipse: ../src/Donatello/donatello.js 28/122
api: ../src/Donatello/circle.js 2/36
api: ../src/Donatello/rect.js 3/34
api: ../src/Donatello/text.js 2/14
api: ../src/Donatello/donatello.js 28/122
arc: ../src/Donatello/arc.js 2/53
arc: ../src/Donatello/donatello.js 28/122
attrs: ../src/Donatello/donatello.js 28/122
circle: ../src/Donatello/circle.js 2/36
circle: ../src/Donatello/rect.js 3/34
circle: ../src/Donatello/donatello.js 28/122
decl: ../src/Donatello/experimental.js 7/61
decl: ../src/Donatello/donatello.js 28/122
draw: ../src/Donatello/experimental.js 7/61
draw: ../src/Donatello/donatello.js 28/122
ellipse: ../src/Donatello/ellipse.js 2/33
ellipse: ../src/Donatello/donatello.js 28/122
animate: https:/raw.github.com/zachstronaut/jquery-css-transform/master/jquery-css-transform.js 5/28
animate: https:/ajax.googleapis.com/ajax/libs/jqueryui/1.8.16/jquery-ui.min.js 80/401
animate: https:/raw.github.com/zachstronaut/jquery-animate-css-rotate-scale/master/jquery-animate-css-rotate-scale.js 10/45
animate: http:/ajax.googleapis.com/ajax/libs/jquery/1.6.2/jquery.min.js 3/3
api: ../src/Donatello/circle.js 2/36
api: ../src/Donatello/rect.js 3/34
api: ../src/Donatello/text.js 2/14
api: ../src/Donatello/donatello.js 28/122
arc: ../src/Donatello/arc.js 2/53
arc: ../src/Donatello/donatello.js 28/122
attrs: ../src/Donatello/donatello.js 28/122
circle: ../src/Donatello/circle.js 2/36
circle: ../src/Donatello/rect.js 3/34
circle: ../src/Donatello/donatello.js 28/122
decl: ../src/Donatello/experimental.js 7/61
decl: ../src/Donatello/donatello.js 28/122
draw: ../src/Donatello/experimental.js 7/61
draw: ../src/Donatello/donatello.js 28/122
ellipse: ../src/Donatello/ellipse.js 2/33
ellipse: ../src/Donatello/donatello.js 28/122
animate: https:/raw.github.com/zachstronaut/jquery-css-transform/master/jquery-css-transform.js 5/28
animate: https:/ajax.googleapis.com/ajax/libs/jqueryui/1.8.16/jquery-ui.min.js 80/401
animate: https:/raw.github.com/zachstronaut/jquery-animate-css-rotate-scale/master/jquery-animate-css-rotate-scale.js 10/45
animate: http:/ajax.googleapis.com/ajax/libs/jquery/1.6.2/jquery.min.js 3/3
api: ../src/Donatello/circle.js 2/36
api: ../src/Donatello/rect.js 3/34
api: ../src/Donatello/text.js 2/14
api: ../src/Donatello/donatello.js 28/122
arc: ../src/Donatello/arc.js 2/53
arc: ../src/Donatello/donatello.js 28/122
attrs: ../src/Donatello/donatello.js 28/122
circle: ../src/Donatello/circle.js 2/36
circle: ../src/Donatello/rect.js 3/34
circle: ../src/Donatello/donatello.js 28/122
decl: ../src/Donatello/experimental.js 7/61
decl: ../src/Donatello/donatello.js 28/122
draw: ../src/Donatello/experimental.js 7/61
draw: ../src/Donatello/donatello.js 28/122
ellipse: ../src/Donatello/ellipse.js 2/33
ellipse: ../src/Donatello/donatello.js 28/122
animate: https:/raw.github.com/zachstronaut/jquery-css-transform/master/jquery-css-transform.js 5/28
animate: https:/ajax.googleapis.com/ajax/libs/jqueryui/1.8.16/jquery-ui.min.js 80/401
animate: https:/raw.github.com/zachstronaut/jquery-animate-css-rotate-scale/master/jquery-animate-css-rotate-scale.js 10/45
animate: http:/ajax.googleapis.com/ajax/libs/jquery/1.6.2/jquery.min.js 3/3
image: ../src/Donatello/image.js 2/14
image: ../src/Donatello/donatello.js 28/122
api: ../src/Donatello/circle.js 2/36
api: ../src/Donatello/rect.js 3/34
api: ../src/Donatello/text.js 2/14
api: ../src/Donatello/donatello.js 28/122
arc: ../src/Donatello/arc.js 2/53
arc: ../src/Donatello/donatello.js 28/122
attrs: ../src/Donatello/donatello.js 28/122
circle: ../src/Donatello/circle.js 2/36
circle: ../src/Donatello/rect.js 3/34
circle: ../src/Donatello/donatello.js 28/122
decl: ../src/Donatello/experimental.js 7/61
decl: ../src/Donatello/donatello.js 28/122
draw: ../src/Donatello/experimental.js 7/61
draw: ../src/Donatello/donatello.js 28/122
ellipse: ../src/Donatello/ellipse.js 2/33
ellipse: ../src/Donatello/donatello.js 28/122
animate: https:/raw.github.com/zachstronaut/jquery-css-transform/master/jquery-css-transform.js 5/28
animate: https:/ajax.googleapis.com/ajax/libs/jqueryui/1.8.16/jquery-ui.min.js 80/401
animate: https:/raw.github.com/zachstronaut/jquery-animate-css-rotate-scale/master/jquery-animate-css-rotate-scale.js 10/45
animate: http:/ajax.googleapis.com/ajax/libs/jquery/1.6.2/jquery.min.js 3/3
image: ../src/Donatello/image.js 2/14
image: ../src/Donatello/donatello.js 28/122
line: ../src/Donatello/line.js 2/41
line: ../src/Donatello/donatello.js 28/122
api: ../src/Donatello/circle.js 2/36
api: ../src/Donatello/rect.js 3/34
api: ../src/Donatello/text.js 2/14
api: ../src/Donatello/donatello.js 28/122
arc: ../src/Donatello/arc.js 2/53
arc: ../src/Donatello/donatello.js 28/122
attrs: ../src/Donatello/donatello.js 28/122
circle: ../src/Donatello/circle.js 2/36
circle: ../src/Donatello/rect.js 3/34
circle: ../src/Donatello/donatello.js 28/122
decl: ../src/Donatello/experimental.js 7/61
decl: ../src/Donatello/donatello.js 28/122
draw: ../src/Donatello/experimental.js 7/61
draw: ../src/Donatello/donatello.js 28/122
ellipse: ../src/Donatello/ellipse.js 2/33
ellipse: ../src/Donatello/donatello.js 28/122
animate: https:/raw.github.com/zachstronaut/jquery-css-transform/master/jquery-css-transform.js 5/28
animate: https:/ajax.googleapis.com/ajax/libs/jqueryui/1.8.16/jquery-ui.min.js 80/401
animate: https:/raw.github.com/zachstronaut/jquery-animate-css-rotate-scale/master/jquery-animate-css-rotate-scale.js 10/45
animate: http:/ajax.googleapis.com/ajax/libs/jquery/1.6.2/jquery.min.js 3/3
image: ../src/Donatello/image.js 2/14
image: ../src/Donatello/donatello.js 28/122
line: ../src/Donatello/line.js 2/41
line: ../src/Donatello/donatello.js 28/122
lineresize: ../src/Donatello/line.js 2/41
lineresize: ../src/Donatello/donatello.js 28/122
api: ../src/Donatello/circle.js 2/36
api: ../src/Donatello/rect.js 3/34
api: ../src/Donatello/text.js 2/14
api: ../src/Donatello/donatello.js 28/122
arc: ../src/Donatello/arc.js 2/53
arc: ../src/Donatello/donatello.js 28/122
attrs: ../src/Donatello/donatello.js 28/122
circle: ../src/Donatello/circle.js 2/36
circle: ../src/Donatello/rect.js 3/34
circle: ../src/Donatello/donatello.js 28/122
decl: ../src/Donatello/experimental.js 7/61
decl: ../src/Donatello/donatello.js 28/122
draw: ../src/Donatello/experimental.js 7/61
draw: ../src/Donatello/donatello.js 28/122
ellipse: ../src/Donatello/ellipse.js 2/33
ellipse: ../src/Donatello/donatello.js 28/122
animate: https:/raw.github.com/zachstronaut/jquery-css-transform/master/jquery-css-transform.js 5/28
animate: https:/ajax.googleapis.com/ajax/libs/jqueryui/1.8.16/jquery-ui.min.js 80/401
animate: https:/raw.github.com/zachstronaut/jquery-animate-css-rotate-scale/master/jquery-animate-css-rotate-scale.js 10/45
animate: http:/ajax.googleapis.com/ajax/libs/jquery/1.6.2/jquery.min.js 3/3
image: ../src/Donatello/image.js 2/14
image: ../src/Donatello/donatello.js 28/122
line: ../src/Donatello/line.js 2/41
line: ../src/Donatello/donatello.js 28/122
lineresize: ../src/Donatello/line.js 2/41
lineresize: ../src/Donatello/donatello.js 28/122
linewidth: ../src/Donatello/line.js 2/41
linewidth: ../src/Donatello/donatello.js 28/122
api: ../src/Donatello/circle.js 2/36
api: ../src/Donatello/rect.js 3/34
api: ../src/Donatello/text.js 2/14
api: ../src/Donatello/donatello.js 28/122
arc: ../src/Donatello/arc.js 2/53
arc: ../src/Donatello/donatello.js 28/122
attrs: ../src/Donatello/donatello.js 28/122
circle: ../src/Donatello/circle.js 2/36
circle: ../src/Donatello/rect.js 3/34
circle: ../src/Donatello/donatello.js 28/122
decl: ../src/Donatello/experimental.js 7/61
decl: ../src/Donatello/donatello.js 28/122
draw: ../src/Donatello/experimental.js 7/61
draw: ../src/Donatello/donatello.js 28/122
ellipse: ../src/Donatello/ellipse.js 2/33
ellipse: ../src/Donatello/donatello.js 28/122
animate: https:/raw.github.com/zachstronaut/jquery-css-transform/master/jquery-css-transform.js 5/28
animate: https:/ajax.googleapis.com/ajax/libs/jqueryui/1.8.16/jquery-ui.min.js 80/401
animate: https:/raw.github.com/zachstronaut/jquery-animate-css-rotate-scale/master/jquery-animate-css-rotate-scale.js 10/45
animate: http:/ajax.googleapis.com/ajax/libs/jquery/1.6.2/jquery.min.js 3/3
image: ../src/Donatello/image.js 2/14
image: ../src/Donatello/donatello.js 28/122
line: ../src/Donatello/line.js 2/41
line: ../src/Donatello/donatello.js 28/122
lineresize: ../src/Donatello/line.js 2/41
lineresize: ../src/Donatello/donatello.js 28/122
linewidth: ../src/Donatello/line.js 2/41
linewidth: ../src/Donatello/donatello.js 28/122
rect: ../src/Donatello/rect.js 3/34
rect: ../src/Donatello/donatello.js 28/122
api: ../src/Donatello/circle.js 2/36
api: ../src/Donatello/rect.js 3/34
api: ../src/Donatello/text.js 2/14
api: ../src/Donatello/donatello.js 28/122
arc: ../src/Donatello/arc.js 2/53
arc: ../src/Donatello/donatello.js 28/122
attrs: ../src/Donatello/donatello.js 28/122
circle: ../src/Donatello/circle.js 2/36
circle: ../src/Donatello/rect.js 3/34
circle: ../src/Donatello/donatello.js 28/122
decl: ../src/Donatello/experimental.js 7/61
decl: ../src/Donatello/donatello.js 28/122
draw: ../src/Donatello/experimental.js 7/61
draw: ../src/Donatello/donatello.js 28/122
ellipse: ../src/Donatello/ellipse.js 2/33
ellipse: ../src/Donatello/donatello.js 28/122
animate: https:/raw.github.com/zachstronaut/jquery-css-transform/master/jquery-css-transform.js 5/28
animate: https:/ajax.googleapis.com/ajax/libs/jqueryui/1.8.16/jquery-ui.min.js 80/401
animate: https:/raw.github.com/zachstronaut/jquery-animate-css-rotate-scale/master/jquery-animate-css-rotate-scale.js 10/45
animate: http:/ajax.googleapis.com/ajax/libs/jquery/1.6.2/jquery.min.js 3/3
image: ../src/Donatello/image.js 2/14
image: ../src/Donatello/donatello.js 28/122
line: ../src/Donatello/line.js 2/41
line: ../src/Donatello/donatello.js 28/122
lineresize: ../src/Donatello/line.js 2/41
lineresize: ../src/Donatello/donatello.js 28/122
linewidth: ../src/Donatello/line.js 2/41
linewidth: ../src/Donatello/donatello.js 28/122
rect: ../src/Donatello/rect.js 3/34
rect: ../src/Donatello/donatello.js 28/122
rounded: ../src/Donatello/donatello.js 28/122
api: ../src/Donatello/circle.js 2/36
api: ../src/Donatello/rect.js 3/34
api: ../src/Donatello/text.js 2/14
api: ../src/Donatello/donatello.js 28/122
arc: ../src/Donatello/arc.js 2/53
arc: ../src/Donatello/donatello.js 28/122
attrs: ../src/Donatello/donatello.js 28/122
circle: ../src/Donatello/circle.js 2/36
circle: ../src/Donatello/rect.js 3/34
circle: ../src/Donatello/donatello.js 28/122
decl: ../src/Donatello/experimental.js 7/61
decl: ../src/Donatello/donatello.js 28/122
draw: ../src/Donatello/experimental.js 7/61
draw: ../src/Donatello/donatello.js 28/122
ellipse: ../src/Donatello/ellipse.js 2/33
ellipse: ../src/Donatello/donatello.js 28/122
animate: https:/raw.github.com/zachstronaut/jquery-css-transform/master/jquery-css-transform.js 5/28
animate: https:/ajax.googleapis.com/ajax/libs/jqueryui/1.8.16/jquery-ui.min.js 80/401
animate: https:/raw.github.com/zachstronaut/jquery-animate-css-rotate-scale/master/jquery-animate-css-rotate-scale.js 10/45
animate: http:/ajax.googleapis.com/ajax/libs/jquery/1.6.2/jquery.min.js 3/3
image: ../src/Donatello/image.js 2/14
image: ../src/Donatello/donatello.js 28/122
line: ../src/Donatello/line.js 2/41
line: ../src/Donatello/donatello.js 28/122
lineresize: ../src/Donatello/line.js 2/41
lineresize: ../src/Donatello/donatello.js 28/122
linewidth: ../src/Donatello/line.js 2/41
linewidth: ../src/Donatello/donatello.js 28/122
rect: ../src/Donatello/rect.js 3/34
rect: ../src/Donatello/donatello.js 28/122
rounded: ../src/Donatello/donatello.js 28/122
text: ../src/Donatello/text.js 2/14
text: ../src/Donatello/donatello.js 28/122
