test: ../src/dreadnot/node_modules/async/deps/nodeunit.js 268/737
test: ../src/dreadnot/node_modules/async/lib/async.js 351/386
test: ../src/dreadnot/node_modules/async/deps/nodeunit.js 268/737
test: ../src/dreadnot/node_modules/async/lib/async.js 351/386
smtp: http:/bits.wikimedia.org/en.wikipedia.org/load.php?debug=false&lang=en&modules=site&only=scripts&skin=vector&*" 1/11
smtp: http:/bits.wikimedia.org/en.wikipedia.org/load.php?debug=false&lang=en&modules=startup&only=scripts&skin=vector&* 2/3
smtp: http:/bits.wikimedia.org/en.wikipedia.org/load.php?debug=false&lang=en&modules=skins.vector&only=scripts&skin=vector&*" 1/1
smtp: http:/geoiplookup.wikimedia.org/" 1/1
test: ../src/dreadnot/node_modules/async/deps/nodeunit.js 268/737
test: ../src/dreadnot/node_modules/async/lib/async.js 351/386
smtp: http:/bits.wikimedia.org/en.wikipedia.org/load.php?debug=false&lang=en&modules=site&only=scripts&skin=vector&*" 1/11
smtp: http:/bits.wikimedia.org/en.wikipedia.org/load.php?debug=false&lang=en&modules=startup&only=scripts&skin=vector&* 2/3
smtp: http:/bits.wikimedia.org/en.wikipedia.org/load.php?debug=false&lang=en&modules=skins.vector&only=scripts&skin=vector&*" 1/1
smtp: http:/geoiplookup.wikimedia.org/" 1/1
test: ../src/dreadnot/node_modules/async/deps/nodeunit.js 268/737
test: ../src/dreadnot/node_modules/async/lib/async.js 351/386
smtp: http:/bits.wikimedia.org/en.wikipedia.org/load.php?debug=false&lang=en&modules=site&only=scripts&skin=vector&*" 1/11
smtp: http:/bits.wikimedia.org/en.wikipedia.org/load.php?debug=false&lang=en&modules=startup&only=scripts&skin=vector&* 2/3
smtp: http:/bits.wikimedia.org/en.wikipedia.org/load.php?debug=false&lang=en&modules=skins.vector&only=scripts&skin=vector&*" 1/1
smtp: http:/geoiplookup.wikimedia.org/" 1/1
test: ../src/dreadnot/node_modules/async/deps/nodeunit.js 268/737
test: ../src/dreadnot/node_modules/async/lib/async.js 351/386
smtp: http:/bits.wikimedia.org/en.wikipedia.org/load.php?debug=false&lang=en&modules=site&only=scripts&skin=vector&*" 1/11
smtp: http:/bits.wikimedia.org/en.wikipedia.org/load.php?debug=false&lang=en&modules=startup&only=scripts&skin=vector&* 2/3
smtp: http:/bits.wikimedia.org/en.wikipedia.org/load.php?debug=false&lang=en&modules=skins.vector&only=scripts&skin=vector&*" 1/1
smtp: http:/geoiplookup.wikimedia.org/" 1/1
test: ../src/dreadnot/node_modules/async/deps/nodeunit.js 268/737
test: ../src/dreadnot/node_modules/async/lib/async.js 351/386
smtp: http:/bits.wikimedia.org/en.wikipedia.org/load.php?debug=false&lang=en&modules=site&only=scripts&skin=vector&*" 1/11
smtp: http:/bits.wikimedia.org/en.wikipedia.org/load.php?debug=false&lang=en&modules=startup&only=scripts&skin=vector&* 2/3
smtp: http:/bits.wikimedia.org/en.wikipedia.org/load.php?debug=false&lang=en&modules=skins.vector&only=scripts&skin=vector&*" 1/1
smtp: http:/geoiplookup.wikimedia.org/" 1/1
test: ../src/dreadnot/node_modules/async/deps/nodeunit.js 268/737
test: ../src/dreadnot/node_modules/async/lib/async.js 351/386
smtp: http:/bits.wikimedia.org/en.wikipedia.org/load.php?debug=false&lang=en&modules=site&only=scripts&skin=vector&*" 1/11
smtp: http:/bits.wikimedia.org/en.wikipedia.org/load.php?debug=false&lang=en&modules=startup&only=scripts&skin=vector&* 2/3
smtp: http:/bits.wikimedia.org/en.wikipedia.org/load.php?debug=false&lang=en&modules=skins.vector&only=scripts&skin=vector&*" 1/1
smtp: http:/geoiplookup.wikimedia.org/" 1/1
test: ../src/dreadnot/node_modules/async/deps/nodeunit.js 268/737
test: ../src/dreadnot/node_modules/async/lib/async.js 351/386
smtp: http:/bits.wikimedia.org/en.wikipedia.org/load.php?debug=false&lang=en&modules=site&only=scripts&skin=vector&*" 1/11
smtp: http:/bits.wikimedia.org/en.wikipedia.org/load.php?debug=false&lang=en&modules=startup&only=scripts&skin=vector&* 2/3
smtp: http:/bits.wikimedia.org/en.wikipedia.org/load.php?debug=false&lang=en&modules=skins.vector&only=scripts&skin=vector&*" 1/1
smtp: http:/geoiplookup.wikimedia.org/" 1/1
test: ../src/dreadnot/node_modules/async/deps/nodeunit.js 268/737
test: ../src/dreadnot/node_modules/async/lib/async.js 351/386
smtp: http:/bits.wikimedia.org/en.wikipedia.org/load.php?debug=false&lang=en&modules=site&only=scripts&skin=vector&*" 1/11
smtp: http:/bits.wikimedia.org/en.wikipedia.org/load.php?debug=false&lang=en&modules=startup&only=scripts&skin=vector&* 2/3
smtp: http:/bits.wikimedia.org/en.wikipedia.org/load.php?debug=false&lang=en&modules=skins.vector&only=scripts&skin=vector&*" 1/1
smtp: http:/geoiplookup.wikimedia.org/" 1/1
test: ../src/dreadnot/node_modules/async/deps/nodeunit.js 268/737
test: ../src/dreadnot/node_modules/async/lib/async.js 351/386
smtp: http:/bits.wikimedia.org/en.wikipedia.org/load.php?debug=false&lang=en&modules=site&only=scripts&skin=vector&*" 1/11
smtp: http:/bits.wikimedia.org/en.wikipedia.org/load.php?debug=false&lang=en&modules=startup&only=scripts&skin=vector&* 2/3
smtp: http:/bits.wikimedia.org/en.wikipedia.org/load.php?debug=false&lang=en&modules=skins.vector&only=scripts&skin=vector&*" 1/1
smtp: http:/geoiplookup.wikimedia.org/" 1/1
test: ../src/dreadnot/node_modules/async/deps/nodeunit.js 268/737
test: ../src/dreadnot/node_modules/async/lib/async.js 351/386
smtp: http:/bits.wikimedia.org/en.wikipedia.org/load.php?debug=false&lang=en&modules=site&only=scripts&skin=vector&*" 1/11
smtp: http:/bits.wikimedia.org/en.wikipedia.org/load.php?debug=false&lang=en&modules=startup&only=scripts&skin=vector&* 2/3
smtp: http:/bits.wikimedia.org/en.wikipedia.org/load.php?debug=false&lang=en&modules=skins.vector&only=scripts&skin=vector&*" 1/1
smtp: http:/geoiplookup.wikimedia.org/" 1/1
test: ../src/dreadnot/node_modules/async/deps/nodeunit.js 268/737
test: ../src/dreadnot/node_modules/async/lib/async.js 351/386
smtp: http:/bits.wikimedia.org/en.wikipedia.org/load.php?debug=false&lang=en&modules=site&only=scripts&skin=vector&*" 1/11
smtp: http:/bits.wikimedia.org/en.wikipedia.org/load.php?debug=false&lang=en&modules=startup&only=scripts&skin=vector&* 2/3
smtp: http:/bits.wikimedia.org/en.wikipedia.org/load.php?debug=false&lang=en&modules=skins.vector&only=scripts&skin=vector&*" 1/1
smtp: http:/geoiplookup.wikimedia.org/" 1/1
test: ../src/dreadnot/node_modules/async/deps/nodeunit.js 268/737
test: ../src/dreadnot/node_modules/async/lib/async.js 351/386
smtp: http:/bits.wikimedia.org/en.wikipedia.org/load.php?debug=false&lang=en&modules=site&only=scripts&skin=vector&*" 1/11
smtp: http:/bits.wikimedia.org/en.wikipedia.org/load.php?debug=false&lang=en&modules=startup&only=scripts&skin=vector&* 2/3
smtp: http:/bits.wikimedia.org/en.wikipedia.org/load.php?debug=false&lang=en&modules=skins.vector&only=scripts&skin=vector&*" 1/1
smtp: http:/geoiplookup.wikimedia.org/" 1/1
test: ../src/dreadnot/node_modules/async/deps/nodeunit.js 268/737
test: ../src/dreadnot/node_modules/async/lib/async.js 351/386
smtp: http:/bits.wikimedia.org/en.wikipedia.org/load.php?debug=false&lang=en&modules=site&only=scripts&skin=vector&*" 1/11
smtp: http:/bits.wikimedia.org/en.wikipedia.org/load.php?debug=false&lang=en&modules=startup&only=scripts&skin=vector&* 2/3
smtp: http:/bits.wikimedia.org/en.wikipedia.org/load.php?debug=false&lang=en&modules=skins.vector&only=scripts&skin=vector&*" 1/1
smtp: http:/geoiplookup.wikimedia.org/" 1/1
test: ../src/dreadnot/node_modules/async/deps/nodeunit.js 268/737
test: ../src/dreadnot/node_modules/async/lib/async.js 351/386
smtp: http:/bits.wikimedia.org/en.wikipedia.org/load.php?debug=false&lang=en&modules=site&only=scripts&skin=vector&*" 1/11
smtp: http:/bits.wikimedia.org/en.wikipedia.org/load.php?debug=false&lang=en&modules=startup&only=scripts&skin=vector&* 2/3
smtp: http:/bits.wikimedia.org/en.wikipedia.org/load.php?debug=false&lang=en&modules=skins.vector&only=scripts&skin=vector&*" 1/1
smtp: http:/geoiplookup.wikimedia.org/" 1/1
test: ../src/dreadnot/node_modules/async/deps/nodeunit.js 268/737
test: ../src/dreadnot/node_modules/async/lib/async.js 351/386
smtp: http:/bits.wikimedia.org/en.wikipedia.org/load.php?debug=false&lang=en&modules=site&only=scripts&skin=vector&*" 1/11
smtp: http:/bits.wikimedia.org/en.wikipedia.org/load.php?debug=false&lang=en&modules=startup&only=scripts&skin=vector&* 2/3
smtp: http:/bits.wikimedia.org/en.wikipedia.org/load.php?debug=false&lang=en&modules=skins.vector&only=scripts&skin=vector&*" 1/1
smtp: http:/geoiplookup.wikimedia.org/" 1/1
test: ../src/dreadnot/node_modules/async/deps/nodeunit.js 268/737
test: ../src/dreadnot/node_modules/async/lib/async.js 351/386
smtp: http:/bits.wikimedia.org/en.wikipedia.org/load.php?debug=false&lang=en&modules=site&only=scripts&skin=vector&*" 1/11
smtp: http:/bits.wikimedia.org/en.wikipedia.org/load.php?debug=false&lang=en&modules=startup&only=scripts&skin=vector&* 2/3
smtp: http:/bits.wikimedia.org/en.wikipedia.org/load.php?debug=false&lang=en&modules=skins.vector&only=scripts&skin=vector&*" 1/1
smtp: http:/geoiplookup.wikimedia.org/" 1/1
test: ../src/dreadnot/node_modules/async/deps/nodeunit.js 268/737
test: ../src/dreadnot/node_modules/async/lib/async.js 351/386
smtp: http:/bits.wikimedia.org/en.wikipedia.org/load.php?debug=false&lang=en&modules=site&only=scripts&skin=vector&*" 1/11
smtp: http:/bits.wikimedia.org/en.wikipedia.org/load.php?debug=false&lang=en&modules=startup&only=scripts&skin=vector&* 2/3
smtp: http:/bits.wikimedia.org/en.wikipedia.org/load.php?debug=false&lang=en&modules=skins.vector&only=scripts&skin=vector&*" 1/1
smtp: http:/geoiplookup.wikimedia.org/" 1/1
