console_reporter: ../src/dustjs/node_modules/jasmine-node/node_modules/jasmine-reporters/ext/jasmine.js 546/1005
console_reporter: ../src/dustjs/node_modules/jasmine-node/node_modules/jasmine-reporters/src/jasmine.console_reporter.js 41/74
console_reporter: ../src/dustjs/node_modules/jasmine-node/node_modules/jasmine-reporters/ext/jasmine-html.js 79/94
console_reporter: ../src/dustjs/node_modules/jasmine-node/node_modules/jasmine-reporters/ext/jasmine.js 546/1005
console_reporter: ../src/dustjs/node_modules/jasmine-node/node_modules/jasmine-reporters/src/jasmine.console_reporter.js 41/74
console_reporter: ../src/dustjs/node_modules/jasmine-node/node_modules/jasmine-reporters/ext/jasmine-html.js 79/94
junit_xml_reporter: ../src/dustjs/node_modules/jasmine-node/node_modules/jasmine-reporters/ext/jasmine.js 605/1005
junit_xml_reporter: ../src/dustjs/node_modules/jasmine-node/node_modules/jasmine-reporters/ext/jasmine-html.js 77/94
junit_xml_reporter: ../src/dustjs/node_modules/jasmine-node/node_modules/jasmine-reporters/src/jasmine.junit_reporter.js 84/97
console_reporter: ../src/dustjs/node_modules/jasmine-node/node_modules/jasmine-reporters/ext/jasmine.js 546/1005
console_reporter: ../src/dustjs/node_modules/jasmine-node/node_modules/jasmine-reporters/src/jasmine.console_reporter.js 41/74
console_reporter: ../src/dustjs/node_modules/jasmine-node/node_modules/jasmine-reporters/ext/jasmine-html.js 79/94
junit_xml_reporter: ../src/dustjs/node_modules/jasmine-node/node_modules/jasmine-reporters/ext/jasmine.js 605/1005
junit_xml_reporter: ../src/dustjs/node_modules/jasmine-node/node_modules/jasmine-reporters/ext/jasmine-html.js 77/94
junit_xml_reporter: ../src/dustjs/node_modules/jasmine-node/node_modules/jasmine-reporters/src/jasmine.junit_reporter.js 84/97
teamcity_reporter: ../src/dustjs/node_modules/jasmine-node/node_modules/jasmine-reporters/ext/jasmine.js 546/1005
teamcity_reporter: ../src/dustjs/node_modules/jasmine-node/node_modules/jasmine-reporters/src/jasmine.teamcity_reporter.js 35/63
teamcity_reporter: ../src/dustjs/node_modules/jasmine-node/node_modules/jasmine-reporters/ext/jasmine-html.js 79/94
console_reporter: ../src/dustjs/node_modules/jasmine-node/node_modules/jasmine-reporters/ext/jasmine.js 546/1005
console_reporter: ../src/dustjs/node_modules/jasmine-node/node_modules/jasmine-reporters/src/jasmine.console_reporter.js 41/74
console_reporter: ../src/dustjs/node_modules/jasmine-node/node_modules/jasmine-reporters/ext/jasmine-html.js 79/94
junit_xml_reporter: ../src/dustjs/node_modules/jasmine-node/node_modules/jasmine-reporters/ext/jasmine.js 605/1005
junit_xml_reporter: ../src/dustjs/node_modules/jasmine-node/node_modules/jasmine-reporters/ext/jasmine-html.js 77/94
junit_xml_reporter: ../src/dustjs/node_modules/jasmine-node/node_modules/jasmine-reporters/src/jasmine.junit_reporter.js 84/97
teamcity_reporter: ../src/dustjs/node_modules/jasmine-node/node_modules/jasmine-reporters/ext/jasmine.js 546/1005
teamcity_reporter: ../src/dustjs/node_modules/jasmine-node/node_modules/jasmine-reporters/src/jasmine.teamcity_reporter.js 35/63
teamcity_reporter: ../src/dustjs/node_modules/jasmine-node/node_modules/jasmine-reporters/ext/jasmine-html.js 79/94
specRunner: ../src/dustjs/dist/dust-full-1.0.0.js 1600/2169
console_reporter: ../src/dustjs/node_modules/jasmine-node/node_modules/jasmine-reporters/ext/jasmine.js 546/1005
console_reporter: ../src/dustjs/node_modules/jasmine-node/node_modules/jasmine-reporters/src/jasmine.console_reporter.js 41/74
console_reporter: ../src/dustjs/node_modules/jasmine-node/node_modules/jasmine-reporters/ext/jasmine-html.js 79/94
junit_xml_reporter: ../src/dustjs/node_modules/jasmine-node/node_modules/jasmine-reporters/ext/jasmine.js 605/1005
junit_xml_reporter: ../src/dustjs/node_modules/jasmine-node/node_modules/jasmine-reporters/ext/jasmine-html.js 77/94
junit_xml_reporter: ../src/dustjs/node_modules/jasmine-node/node_modules/jasmine-reporters/src/jasmine.junit_reporter.js 84/97
teamcity_reporter: ../src/dustjs/node_modules/jasmine-node/node_modules/jasmine-reporters/ext/jasmine.js 546/1005
teamcity_reporter: ../src/dustjs/node_modules/jasmine-node/node_modules/jasmine-reporters/src/jasmine.teamcity_reporter.js 35/63
teamcity_reporter: ../src/dustjs/node_modules/jasmine-node/node_modules/jasmine-reporters/ext/jasmine-html.js 79/94
specRunner: ../src/dustjs/dist/dust-full-1.0.0.js 1600/2169
test: ../src/dustjs/lib/dust-helpers.js 8/68
test: ../src/dustjs/lib/dust.js 195/312
test: ../src/dustjs/lib/parser.js 1306/1657
test: ../src/dustjs/lib/compiler.js 124/131
test: script in file:/home/rahul/research/clone-unit-coverage/src/dustjs/test/test.html from (-1, -1) to (-1, -1) 1/1
