doma: https:/ajax.googleapis.com/ajax/libs/swfobject/2.2/swfobject.js 1/1
doma: https:/ajax.googleapis.com/ajax/libs/swfobject/2.2/swfobject.js 1/1
domb: https:/ajax.googleapis.com/ajax/libs/swfobject/2.2/swfobject.js 1/1
doma: https:/ajax.googleapis.com/ajax/libs/swfobject/2.2/swfobject.js 1/1
domb: https:/ajax.googleapis.com/ajax/libs/swfobject/2.2/swfobject.js 1/1
index: ../src/easyXDM/src/stack/RpcBehavior.js 1/79
index: ../src/easyXDM/src/stack/PostMessageTransport.js 1/47
index: ../src/easyXDM/src/stack/QueueBehavior.js 6/62
index: ../src/easyXDM/src/stack/FlashTransport.js 8/64
index: ../src/easyXDM/src/stack/HashTransport.js 11/70
index: ../src/easyXDM/src/stack/FrameElementTransport.js 5/30
index: ../src/easyXDM/src/stack/NameTransport.js 11/62
index: ../src/easyXDM/src/stack/SameOriginTransport.js 5/28
index: ../src/easyXDM/src/DomHelper.js 1/5
index: ../src/easyXDM/src/stack/ReliableBehavior.js 6/24
index: ../src/easyXDM/src/stack/VerifyBehavior.js 7/27
index: ../src/easyXDM/src/Fn.js 4/13
index: ../src/easyXDM/src/Socket.js 4/13
index: ../src/easyXDM/src/Debug.js 33/58
index: ../src/easyXDM/src/Rpc.js 9/16
index: ../src/easyXDM/src/Core.js 201/352
index: ../src/easyXDM/src/easyXDM.debug.js 18/18
doma: https:/ajax.googleapis.com/ajax/libs/swfobject/2.2/swfobject.js 1/1
domb: https:/ajax.googleapis.com/ajax/libs/swfobject/2.2/swfobject.js 1/1
index: ../src/easyXDM/src/stack/RpcBehavior.js 1/79
index: ../src/easyXDM/src/stack/PostMessageTransport.js 1/47
index: ../src/easyXDM/src/stack/QueueBehavior.js 6/62
index: ../src/easyXDM/src/stack/FlashTransport.js 8/64
index: ../src/easyXDM/src/stack/HashTransport.js 11/70
index: ../src/easyXDM/src/stack/FrameElementTransport.js 5/30
index: ../src/easyXDM/src/stack/NameTransport.js 11/62
index: ../src/easyXDM/src/stack/SameOriginTransport.js 5/28
index: ../src/easyXDM/src/DomHelper.js 1/5
index: ../src/easyXDM/src/stack/ReliableBehavior.js 6/24
index: ../src/easyXDM/src/stack/VerifyBehavior.js 7/27
index: ../src/easyXDM/src/Fn.js 4/13
index: ../src/easyXDM/src/Socket.js 4/13
index: ../src/easyXDM/src/Debug.js 33/58
index: ../src/easyXDM/src/Rpc.js 9/16
index: ../src/easyXDM/src/Core.js 201/352
index: ../src/easyXDM/src/easyXDM.debug.js 18/18
doma: https:/ajax.googleapis.com/ajax/libs/swfobject/2.2/swfobject.js 1/1
domb: https:/ajax.googleapis.com/ajax/libs/swfobject/2.2/swfobject.js 1/1
index: ../src/easyXDM/src/stack/RpcBehavior.js 1/79
index: ../src/easyXDM/src/stack/PostMessageTransport.js 1/47
index: ../src/easyXDM/src/stack/QueueBehavior.js 6/62
index: ../src/easyXDM/src/stack/FlashTransport.js 8/64
index: ../src/easyXDM/src/stack/HashTransport.js 11/70
index: ../src/easyXDM/src/stack/FrameElementTransport.js 5/30
index: ../src/easyXDM/src/stack/NameTransport.js 11/62
index: ../src/easyXDM/src/stack/SameOriginTransport.js 5/28
index: ../src/easyXDM/src/DomHelper.js 1/5
index: ../src/easyXDM/src/stack/ReliableBehavior.js 6/24
index: ../src/easyXDM/src/stack/VerifyBehavior.js 7/27
index: ../src/easyXDM/src/Fn.js 4/13
index: ../src/easyXDM/src/Socket.js 4/13
index: ../src/easyXDM/src/Debug.js 33/58
index: ../src/easyXDM/src/Rpc.js 9/16
index: ../src/easyXDM/src/Core.js 201/352
index: ../src/easyXDM/src/easyXDM.debug.js 18/18
test_rpc: ../src/easyXDM/src/stack/FlashTransport.js 1/64
test_rpc: ../src/easyXDM/src/stack/HashTransport.js 1/70
test_rpc: ../src/easyXDM/src/stack/NameTransport.js 1/62
test_rpc: ../src/easyXDM/src/stack/QueueBehavior.js 1/62
test_rpc: ../src/easyXDM/src/stack/RpcBehavior.js 1/79
test_rpc: ../src/easyXDM/src/stack/PostMessageTransport.js 1/47
test_rpc: ../src/easyXDM/src/stack/FrameElementTransport.js 1/30
test_rpc: ../src/easyXDM/src/stack/SameOriginTransport.js 1/28
test_rpc: ../src/easyXDM/src/stack/VerifyBehavior.js 1/27
test_rpc: ../src/easyXDM/src/stack/ReliableBehavior.js 1/24
test_rpc: ../src/easyXDM/src/Socket.js 1/13
test_rpc: ../src/easyXDM/src/Core.js 89/352
test_rpc: ../src/easyXDM/src/Fn.js 4/13
test_rpc: ../src/easyXDM/src/DomHelper.js 3/5
test_rpc: ../src/easyXDM/src/Rpc.js 10/16
test_rpc: ../src/easyXDM/src/Debug.js 48/58
test_rpc: ../src/easyXDM/src/easyXDM.debug.js 18/18
doma: https:/ajax.googleapis.com/ajax/libs/swfobject/2.2/swfobject.js 1/1
domb: https:/ajax.googleapis.com/ajax/libs/swfobject/2.2/swfobject.js 1/1
index: ../src/easyXDM/src/stack/RpcBehavior.js 1/79
index: ../src/easyXDM/src/stack/PostMessageTransport.js 1/47
index: ../src/easyXDM/src/stack/QueueBehavior.js 6/62
index: ../src/easyXDM/src/stack/FlashTransport.js 8/64
index: ../src/easyXDM/src/stack/HashTransport.js 11/70
index: ../src/easyXDM/src/stack/FrameElementTransport.js 5/30
index: ../src/easyXDM/src/stack/NameTransport.js 11/62
index: ../src/easyXDM/src/stack/SameOriginTransport.js 5/28
index: ../src/easyXDM/src/DomHelper.js 1/5
index: ../src/easyXDM/src/stack/ReliableBehavior.js 6/24
index: ../src/easyXDM/src/stack/VerifyBehavior.js 7/27
index: ../src/easyXDM/src/Fn.js 4/13
index: ../src/easyXDM/src/Socket.js 4/13
index: ../src/easyXDM/src/Debug.js 33/58
index: ../src/easyXDM/src/Rpc.js 9/16
index: ../src/easyXDM/src/Core.js 201/352
index: ../src/easyXDM/src/easyXDM.debug.js 18/18
test_rpc: ../src/easyXDM/src/stack/FlashTransport.js 1/64
test_rpc: ../src/easyXDM/src/stack/HashTransport.js 1/70
test_rpc: ../src/easyXDM/src/stack/NameTransport.js 1/62
test_rpc: ../src/easyXDM/src/stack/QueueBehavior.js 1/62
test_rpc: ../src/easyXDM/src/stack/RpcBehavior.js 1/79
test_rpc: ../src/easyXDM/src/stack/PostMessageTransport.js 1/47
test_rpc: ../src/easyXDM/src/stack/FrameElementTransport.js 1/30
test_rpc: ../src/easyXDM/src/stack/SameOriginTransport.js 1/28
test_rpc: ../src/easyXDM/src/stack/VerifyBehavior.js 1/27
test_rpc: ../src/easyXDM/src/stack/ReliableBehavior.js 1/24
test_rpc: ../src/easyXDM/src/Socket.js 1/13
test_rpc: ../src/easyXDM/src/Core.js 89/352
test_rpc: ../src/easyXDM/src/Fn.js 4/13
test_rpc: ../src/easyXDM/src/DomHelper.js 3/5
test_rpc: ../src/easyXDM/src/Rpc.js 10/16
test_rpc: ../src/easyXDM/src/Debug.js 48/58
test_rpc: ../src/easyXDM/src/easyXDM.debug.js 18/18
test_transport: ../src/easyXDM/src/stack/FlashTransport.js 1/64
test_transport: ../src/easyXDM/src/stack/HashTransport.js 1/70
test_transport: ../src/easyXDM/src/stack/NameTransport.js 1/62
test_transport: ../src/easyXDM/src/stack/QueueBehavior.js 1/62
test_transport: ../src/easyXDM/src/stack/RpcBehavior.js 1/79
test_transport: ../src/easyXDM/src/stack/PostMessageTransport.js 1/47
test_transport: ../src/easyXDM/src/stack/FrameElementTransport.js 1/30
test_transport: ../src/easyXDM/src/stack/SameOriginTransport.js 1/28
test_transport: ../src/easyXDM/src/stack/VerifyBehavior.js 1/27
test_transport: ../src/easyXDM/src/stack/ReliableBehavior.js 1/24
test_transport: ../src/easyXDM/src/Rpc.js 1/16
test_transport: ../src/easyXDM/src/DomHelper.js 1/5
test_transport: ../src/easyXDM/src/Core.js 85/352
test_transport: ../src/easyXDM/src/Fn.js 4/13
test_transport: ../src/easyXDM/src/Socket.js 4/13
test_transport: ../src/easyXDM/src/Debug.js 38/58
test_transport: ../src/easyXDM/src/easyXDM.debug.js 18/18
