dom_unittest: ../src/env-js/src/xslt/ajaxslt-0.8.1/dom.js 56/311
dom_unittest: ../src/env-js/src/xslt/ajaxslt-0.8.1/xmltoken.js 31/32
dom_unittest: ../src/env-js/src/xslt/ajaxslt-0.8.1/dom.js 56/311
dom_unittest: ../src/env-js/src/xslt/ajaxslt-0.8.1/xmltoken.js 31/32
xpath: ../src/env-js/src/xslt/ajaxslt-0.8.1/xpathdebug.js 1/122
xpath: ../src/env-js/src/xslt/ajaxslt-0.8.1/dom.js 56/311
xpath: ../src/env-js/src/xslt/ajaxslt-0.8.1/simplelog.js 12/49
xpath: ../src/env-js/src/xslt/ajaxslt-0.8.1/xmltoken.js 31/32
dom_unittest: ../src/env-js/src/xslt/ajaxslt-0.8.1/dom.js 56/311
dom_unittest: ../src/env-js/src/xslt/ajaxslt-0.8.1/xmltoken.js 31/32
xpath: ../src/env-js/src/xslt/ajaxslt-0.8.1/xpathdebug.js 1/122
xpath: ../src/env-js/src/xslt/ajaxslt-0.8.1/dom.js 56/311
xpath: ../src/env-js/src/xslt/ajaxslt-0.8.1/simplelog.js 12/49
xpath: ../src/env-js/src/xslt/ajaxslt-0.8.1/xmltoken.js 31/32
xslt: ../src/env-js/src/xslt/ajaxslt-0.8.1/dom.js 56/311
xslt: ../src/env-js/src/xslt/ajaxslt-0.8.1/xmltoken.js 31/32
dom_unittest: ../src/env-js/src/xslt/ajaxslt-0.8.1/dom.js 56/311
dom_unittest: ../src/env-js/src/xslt/ajaxslt-0.8.1/xmltoken.js 31/32
xpath: ../src/env-js/src/xslt/ajaxslt-0.8.1/xpathdebug.js 1/122
xpath: ../src/env-js/src/xslt/ajaxslt-0.8.1/dom.js 56/311
xpath: ../src/env-js/src/xslt/ajaxslt-0.8.1/simplelog.js 12/49
xpath: ../src/env-js/src/xslt/ajaxslt-0.8.1/xmltoken.js 31/32
xslt: ../src/env-js/src/xslt/ajaxslt-0.8.1/dom.js 56/311
xslt: ../src/env-js/src/xslt/ajaxslt-0.8.1/xmltoken.js 31/32
dom_unittest: ../src/env-js/src/xslt/ajaxslt-0.8.1/dom.js 56/311
dom_unittest: ../src/env-js/src/xslt/ajaxslt-0.8.1/xmltoken.js 31/32
xpath: ../src/env-js/src/xslt/ajaxslt-0.8.1/xpathdebug.js 1/122
xpath: ../src/env-js/src/xslt/ajaxslt-0.8.1/dom.js 56/311
xpath: ../src/env-js/src/xslt/ajaxslt-0.8.1/simplelog.js 12/49
xpath: ../src/env-js/src/xslt/ajaxslt-0.8.1/xmltoken.js 31/32
xslt: ../src/env-js/src/xslt/ajaxslt-0.8.1/dom.js 56/311
xslt: ../src/env-js/src/xslt/ajaxslt-0.8.1/xmltoken.js 31/32
xmltoken_unittest: ../src/env-js/src/xslt/ajaxslt-0.8.1/xmltoken.js 31/32
dom_unittest: ../src/env-js/src/xslt/ajaxslt-0.8.1/dom.js 56/311
dom_unittest: ../src/env-js/src/xslt/ajaxslt-0.8.1/xmltoken.js 31/32
xpath: ../src/env-js/src/xslt/ajaxslt-0.8.1/xpathdebug.js 1/122
xpath: ../src/env-js/src/xslt/ajaxslt-0.8.1/dom.js 56/311
xpath: ../src/env-js/src/xslt/ajaxslt-0.8.1/simplelog.js 12/49
xpath: ../src/env-js/src/xslt/ajaxslt-0.8.1/xmltoken.js 31/32
xslt: ../src/env-js/src/xslt/ajaxslt-0.8.1/dom.js 56/311
xslt: ../src/env-js/src/xslt/ajaxslt-0.8.1/xmltoken.js 31/32
xmltoken_unittest: ../src/env-js/src/xslt/ajaxslt-0.8.1/xmltoken.js 31/32
xpath_unittest: ../src/env-js/src/xslt/ajaxslt-0.8.1/xpathdebug.js 1/122
xpath_unittest: ../src/env-js/src/xslt/ajaxslt-0.8.1/dom.js 56/311
xpath_unittest: ../src/env-js/src/xslt/ajaxslt-0.8.1/xmltoken.js 31/32
dom_unittest: ../src/env-js/src/xslt/ajaxslt-0.8.1/dom.js 56/311
dom_unittest: ../src/env-js/src/xslt/ajaxslt-0.8.1/xmltoken.js 31/32
xpath: ../src/env-js/src/xslt/ajaxslt-0.8.1/xpathdebug.js 1/122
xpath: ../src/env-js/src/xslt/ajaxslt-0.8.1/dom.js 56/311
xpath: ../src/env-js/src/xslt/ajaxslt-0.8.1/simplelog.js 12/49
xpath: ../src/env-js/src/xslt/ajaxslt-0.8.1/xmltoken.js 31/32
xslt: ../src/env-js/src/xslt/ajaxslt-0.8.1/dom.js 56/311
xslt: ../src/env-js/src/xslt/ajaxslt-0.8.1/xmltoken.js 31/32
xmltoken_unittest: ../src/env-js/src/xslt/ajaxslt-0.8.1/xmltoken.js 31/32
xpath_unittest: ../src/env-js/src/xslt/ajaxslt-0.8.1/xpathdebug.js 1/122
xpath_unittest: ../src/env-js/src/xslt/ajaxslt-0.8.1/dom.js 56/311
xpath_unittest: ../src/env-js/src/xslt/ajaxslt-0.8.1/xmltoken.js 31/32
xslt_unittest: ../src/env-js/src/xslt/ajaxslt-0.8.1/dom.js 56/311
xslt_unittest: ../src/env-js/src/xslt/ajaxslt-0.8.1/xmltoken.js 31/32
