index: ../src/enyo/source/touch/ScrollMath.js 1/116
index: ../src/enyo/source/touch/TouchScrollStrategy.js 1/161
index: ../src/enyo/source/touch/ScrollStrategy.js 1/67
index: ../src/enyo/source/touch/Thumb.js 1/56
index: ../src/enyo/source/touch/TranslateScrollStrategy.js 1/59
index: ../src/enyo/source/ui/Popup.js 1/58
index: ../src/enyo/source/ajax/Ajax.js 1/46
index: ../src/enyo/source/ajax/Async.js 1/43
index: ../src/enyo/source/ajax/Jsonp.js 1/44
index: ../src/enyo/source/dom/drag.js 3/116
index: ../src/enyo/source/ui/Animator.js 1/50
index: ../src/enyo/source/ui/RichText.js 1/34
index: ../src/enyo/source/ui/Selection.js 1/36
index: ../src/enyo/source/ajax/xhr.js 1/26
index: ../src/enyo/source/ui/Input.js 1/26
index: ../src/enyo/source/touch/Scroller.js 4/75
index: ../src/enyo/source/ui/Checkbox.js 1/18
index: ../src/enyo/source/touch/gesture.js 4/59
index: ../src/enyo/source/ui/Repeater.js 2/24
index: ../src/enyo/source/ui/Group.js 1/11
index: ../src/enyo/source/ajax/cookie.js 2/20
index: ../src/enyo/source/dom/dom.js 3/24
index: ../src/enyo/source/dom/gesture.js 9/73
index: ../src/enyo/source/kernel/macroize.js 3/25
index: ../src/enyo/source/ui/DragAvatar.js 2/16
index: ../src/enyo/source/ajax/WebService.js 2/15
index: ../src/enyo/source/touch/touch.js 8/53
index: ../src/enyo/source/ui/Select.js 3/20
index: ../src/enyo/source/kernel/Layout.js 1/6
index: ../src/enyo/source/kernel/Signals.js 2/10
index: ../src/enyo/source/kernel/log.js 5/25
index: ../src/enyo/source/ui/Button.js 1/5
index: ../src/enyo/source/ui/Image.js 1/5
index: ../src/enyo/source/dom/Control.js 51/234
index: ../src/enyo/source/dom/transform.js 13/55
index: ../src/enyo/source/ui/BaseLayout.js 1/4
index: ../src/enyo/source/ui/GroupItem.js 1/4
index: ../src/enyo/source/touch/msevents.js 4/15
index: ../src/enyo/source/kernel/UiComponent.js 25/81
index: ../src/enyo/source/kernel/job.js 3/10
index: ../src/enyo/source/ajax/json.js 1/3
index: ../src/enyo/source/dom/modal.js 6/18
index: ../src/enyo/source/ui/TextArea.js 1/3
index: ../src/enyo/source/dom/phonegap.js 2/5
index: ../src/enyo/source/kernel/animation.js 15/36
index: ../src/enyo/source/kernel/lang.js 60/144
index: ../src/enyo/source/ui/FloatingLayer.js 4/9
index: ../src/enyo/source/kernel/Component.js 72/143
index: ../src/enyo/source/kernel/Object.js 30/51
index: ../src/enyo/source/dom/platform.js 9/14
index: ../src/enyo/source/dom/dispatcher.js 32/48
index: ../src/enyo/source/dom/preview.js 13/15
index: ../src/enyo/source/kernel/Oop.js 65/72
index: ../src/enyo/source/boot/boot.js 13/14
index: ../src/enyo/loader.js 102/104
index: ../src/enyo/enyo.js 23/23
index: ../src/enyo/source/ajax/AjaxProperties.js 1/1
index: ../src/enyo/source/ajax/package.js 1/1
index: ../src/enyo/source/dom/package.js 1/1
index: ../src/enyo/source/kernel/package.js 1/1
index: ../src/enyo/source/package.js 1/1
index: ../src/enyo/source/touch/package.js 1/1
index: ../src/enyo/source/ui/ToolDecorator.js 1/1
index: ../src/enyo/source/ui/package.js 1/1
index: ../src/enyo/source/touch/ScrollMath.js 1/116
index: ../src/enyo/source/touch/TouchScrollStrategy.js 1/161
index: ../src/enyo/source/touch/ScrollStrategy.js 1/67
index: ../src/enyo/source/touch/Thumb.js 1/56
index: ../src/enyo/source/touch/TranslateScrollStrategy.js 1/59
index: ../src/enyo/source/ui/Popup.js 1/58
index: ../src/enyo/source/ajax/Ajax.js 1/46
index: ../src/enyo/source/ajax/Async.js 1/43
index: ../src/enyo/source/ajax/Jsonp.js 1/44
index: ../src/enyo/source/dom/drag.js 3/116
index: ../src/enyo/source/ui/Animator.js 1/50
index: ../src/enyo/source/ui/RichText.js 1/34
index: ../src/enyo/source/ui/Selection.js 1/36
index: ../src/enyo/source/ajax/xhr.js 1/26
index: ../src/enyo/source/ui/Input.js 1/26
index: ../src/enyo/source/touch/Scroller.js 4/75
index: ../src/enyo/source/ui/Checkbox.js 1/18
index: ../src/enyo/source/touch/gesture.js 4/59
index: ../src/enyo/source/ui/Repeater.js 2/24
index: ../src/enyo/source/ui/Group.js 1/11
index: ../src/enyo/source/ajax/cookie.js 2/20
index: ../src/enyo/source/dom/dom.js 3/24
index: ../src/enyo/source/dom/gesture.js 9/73
index: ../src/enyo/source/kernel/macroize.js 3/25
index: ../src/enyo/source/ui/DragAvatar.js 2/16
index: ../src/enyo/source/ajax/WebService.js 2/15
index: ../src/enyo/source/touch/touch.js 8/53
index: ../src/enyo/source/ui/Select.js 3/20
index: ../src/enyo/source/kernel/Layout.js 1/6
index: ../src/enyo/source/kernel/Signals.js 2/10
index: ../src/enyo/source/kernel/log.js 5/25
index: ../src/enyo/source/ui/Button.js 1/5
index: ../src/enyo/source/ui/Image.js 1/5
index: ../src/enyo/source/dom/Control.js 51/234
index: ../src/enyo/source/dom/transform.js 13/55
index: ../src/enyo/source/ui/BaseLayout.js 1/4
index: ../src/enyo/source/ui/GroupItem.js 1/4
index: ../src/enyo/source/touch/msevents.js 4/15
index: ../src/enyo/source/kernel/UiComponent.js 25/81
index: ../src/enyo/source/kernel/job.js 3/10
index: ../src/enyo/source/ajax/json.js 1/3
index: ../src/enyo/source/dom/modal.js 6/18
index: ../src/enyo/source/ui/TextArea.js 1/3
index: ../src/enyo/source/dom/phonegap.js 2/5
index: ../src/enyo/source/kernel/animation.js 15/36
index: ../src/enyo/source/kernel/lang.js 60/144
index: ../src/enyo/source/ui/FloatingLayer.js 4/9
index: ../src/enyo/source/kernel/Component.js 72/143
index: ../src/enyo/source/kernel/Object.js 30/51
index: ../src/enyo/source/dom/platform.js 9/14
index: ../src/enyo/source/dom/dispatcher.js 32/48
index: ../src/enyo/source/dom/preview.js 13/15
index: ../src/enyo/source/kernel/Oop.js 65/72
index: ../src/enyo/source/boot/boot.js 13/14
index: ../src/enyo/loader.js 102/104
index: ../src/enyo/enyo.js 23/23
index: ../src/enyo/source/ajax/AjaxProperties.js 1/1
index: ../src/enyo/source/ajax/package.js 1/1
index: ../src/enyo/source/dom/package.js 1/1
index: ../src/enyo/source/kernel/package.js 1/1
index: ../src/enyo/source/package.js 1/1
index: ../src/enyo/source/touch/package.js 1/1
index: ../src/enyo/source/ui/ToolDecorator.js 1/1
index: ../src/enyo/source/ui/package.js 1/1
index: ../src/enyo/source/touch/ScrollMath.js 1/116
index: ../src/enyo/source/touch/TouchScrollStrategy.js 1/161
index: ../src/enyo/source/touch/ScrollStrategy.js 1/67
index: ../src/enyo/source/touch/Thumb.js 1/56
index: ../src/enyo/source/touch/TranslateScrollStrategy.js 1/59
index: ../src/enyo/source/ui/Popup.js 1/58
index: ../src/enyo/source/ajax/Jsonp.js 1/44
index: ../src/enyo/source/dom/drag.js 3/116
index: ../src/enyo/source/ui/Animator.js 1/50
index: ../src/enyo/source/ui/RichText.js 1/34
index: ../src/enyo/source/ui/Selection.js 1/36
index: ../src/enyo/source/ui/Input.js 1/26
index: ../src/enyo/source/touch/Scroller.js 4/75
index: ../src/enyo/source/ui/Checkbox.js 1/18
index: ../src/enyo/source/touch/gesture.js 4/59
index: ../src/enyo/source/ui/Repeater.js 2/24
index: ../src/enyo/source/ui/Group.js 1/11
index: ../src/enyo/source/ajax/cookie.js 2/20
index: ../src/enyo/source/dom/gesture.js 9/73
index: ../src/enyo/source/kernel/macroize.js 3/25
index: ../src/enyo/source/ui/DragAvatar.js 2/16
index: ../src/enyo/source/ajax/WebService.js 2/15
index: ../src/enyo/source/touch/touch.js 8/53
index: ../src/enyo/source/ui/Select.js 3/20
index: ../src/enyo/source/dom/dom.js 4/24
index: ../src/enyo/source/kernel/Layout.js 1/6
index: ../src/enyo/source/kernel/Signals.js 2/10
index: ../src/enyo/source/kernel/log.js 5/25
index: ../src/enyo/source/ui/Button.js 1/5
index: ../src/enyo/source/ui/Image.js 1/5
index: ../src/enyo/source/dom/transform.js 13/55
index: ../src/enyo/source/ui/BaseLayout.js 1/4
index: ../src/enyo/source/ui/GroupItem.js 1/4
index: ../src/enyo/source/touch/msevents.js 4/15
index: ../src/enyo/source/kernel/job.js 3/10
index: ../src/enyo/source/dom/modal.js 6/18
index: ../src/enyo/source/ui/TextArea.js 1/3
index: ../src/enyo/source/dom/phonegap.js 2/5
index: ../src/enyo/source/kernel/animation.js 15/36
index: ../src/enyo/source/ui/FloatingLayer.js 4/9
index: ../src/enyo/source/kernel/UiComponent.js 37/81
index: ../src/enyo/source/kernel/lang.js 84/144
index: ../src/enyo/source/dom/platform.js 9/14
index: ../src/enyo/source/kernel/Object.js 33/51
index: ../src/enyo/source/dom/dispatcher.js 32/48
index: ../src/enyo/source/dom/Control.js 161/234
index: ../src/enyo/source/ajax/Ajax.js 32/46
index: ../src/enyo/source/ajax/xhr.js 19/26
index: ../src/enyo/source/ajax/Async.js 32/43
index: ../src/enyo/source/kernel/Component.js 113/143
index: ../src/enyo/source/dom/preview.js 13/15
index: ../src/enyo/source/kernel/Oop.js 66/72
index: ../src/enyo/source/boot/boot.js 13/14
index: ../src/enyo/loader.js 102/104
index: ../src/enyo/enyo.js 23/23
index: ../src/enyo/source/ajax/AjaxProperties.js 1/1
index: ../src/enyo/source/ajax/json.js 3/3
index: ../src/enyo/source/ajax/package.js 1/1
index: ../src/enyo/source/dom/package.js 1/1
index: ../src/enyo/source/kernel/package.js 1/1
index: ../src/enyo/source/package.js 1/1
index: ../src/enyo/source/touch/package.js 1/1
index: ../src/enyo/source/ui/ToolDecorator.js 1/1
index: ../src/enyo/source/ui/package.js 1/1
