benchmarks: ../src/esprima/esprima.js 138/1666
benchmarks: ../src/esprima/assets/json2.js 13/91
benchmarks: ../src/esprima/esprima.js 138/1666
benchmarks: ../src/esprima/assets/json2.js 13/91
compare: ../src/esprima/esprima.js 138/1666
compare: ../src/esprima/assets/json2.js 13/91
benchmarks: ../src/esprima/esprima.js 138/1666
benchmarks: ../src/esprima/assets/json2.js 13/91
compare: ../src/esprima/esprima.js 138/1666
compare: ../src/esprima/assets/json2.js 13/91
compat: ../src/esprima/assets/json2.js 13/91
compat: ../src/esprima/esprima.js 1009/1666
benchmarks: ../src/esprima/esprima.js 138/1666
benchmarks: ../src/esprima/assets/json2.js 13/91
compare: ../src/esprima/esprima.js 138/1666
compare: ../src/esprima/assets/json2.js 13/91
compat: ../src/esprima/assets/json2.js 13/91
compat: ../src/esprima/esprima.js 1009/1666
benchmarks: ../src/esprima/esprima.js 138/1666
benchmarks: ../src/esprima/assets/json2.js 13/91
compare: ../src/esprima/esprima.js 138/1666
compare: ../src/esprima/assets/json2.js 13/91
compat: ../src/esprima/assets/json2.js 13/91
compat: ../src/esprima/esprima.js 1009/1666
benchmarks: ../src/esprima/esprima.js 138/1666
benchmarks: ../src/esprima/assets/json2.js 13/91
compare: ../src/esprima/esprima.js 138/1666
compare: ../src/esprima/assets/json2.js 13/91
compat: ../src/esprima/assets/json2.js 13/91
compat: ../src/esprima/esprima.js 1009/1666
benchmarks: ../src/esprima/esprima.js 138/1666
benchmarks: ../src/esprima/assets/json2.js 13/91
compare: ../src/esprima/esprima.js 138/1666
compare: ../src/esprima/assets/json2.js 13/91
compat: ../src/esprima/assets/json2.js 13/91
compat: ../src/esprima/esprima.js 1009/1666
index: ../src/esprima/assets/json2.js 14/91
index: ../src/esprima/esprima.js 1647/1666
