test-app: ../src/Extensible/src/calendar/CalendarPanel.js?_dc=1343013574545 1/186
test-app: ../src/Extensible/src/calendar/form/EventWindow.js?_dc=1343013574842 1/107
test-app: ../src/Extensible/src/calendar/view/AbstractCalendar.js?_dc=1343013574676 1/492
test-app: ../src/Extensible/src/calendar/view/DayBody.js?_dc=1343013574694 1/158
test-app: ../src/Extensible/src/calendar/view/Month.js?_dc=1343013574645 1/149
test-app: ../src/Extensible/src/form/recurrence/Fieldset.js?_dc=1343013574915 1/135
test-app: ../src/Extensible/src/calendar/dd/DayDropZone.js?_dc=1343013576335 1/77
test-app: ../src/Extensible/src/calendar/dd/DropZone.js?_dc=1343013574864 1/82
test-app: ../src/Extensible/src/calendar/form/EventDetails.js?_dc=1343013574840 1/79
test-app: ../src/Extensible/src/calendar/gadget/CalendarListPanel.js?_dc=1343013574547 1/81
test-app: ../src/Extensible/src/calendar/util/WeekEventRenderer.js?_dc=1343013576453 1/59
test-app: ../src/Extensible/src/calendar/view/Day.js?_dc=1343013574627 1/70
test-app: ../src/Extensible/src/form/field/DateRange.js?_dc=1343013574910 1/98
test-app: ../src/Extensible/src/form/recurrence/option/Duration.js?_dc=1343013575109 1/82
test-app: ../src/Extensible/src/calendar/data/MemoryEventStore.js?_dc=1343013574558 1/39
test-app: ../src/Extensible/src/calendar/dd/DragZone.js?_dc=1343013574863 1/34
test-app: ../src/Extensible/src/calendar/view/MonthDayDetail.js?_dc=1343013576454 1/36
test-app: ../src/Extensible/src/form/recurrence/option/Interval.js?_dc=1343013575096 1/38
test-app: ../src/Extensible/src/form/recurrence/option/Monthly.js?_dc=1343013575098 1/47
test-app: ../src/Extensible/src/form/recurrence/option/Weekly.js?_dc=1343013575097 1/38
test-app: ../src/Extensible/src/calendar/form/field/CalendarCombo.js?_dc=1343013574914 1/29
test-app: ../src/Extensible/src/form/recurrence/AbstractOption.js?_dc=1343013575145 1/31
test-app: ../src/Extensible/src/calendar/menu/Event.js?_dc=1343013574862 1/24
test-app: ../src/Extensible/src/calendar/util/ColorPicker.js?_dc=1343013576552 1/25
test-app: ../src/Extensible/src/calendar/view/DayHeader.js?_dc=1343013574693 1/23
test-app: ../src/Extensible/src/calendar/dd/DayDragZone.js?_dc=1343013576334 1/17
test-app: ../src/Extensible/src/calendar/dd/StatusProxy.js?_dc=1343013576188 1/20
test-app: ../src/Extensible/src/calendar/gadget/CalendarListMenu.js?_dc=1343013576539 1/20
test-app: ../src/Extensible/src/calendar/template/BoxLayout.js?_dc=1343013576274 2/39
test-app: ../src/Extensible/src/calendar/form/field/ReminderCombo.js?_dc=1343013574912 1/13
test-app: ../src/Extensible/examples/calendar/TestApp/App.js 3/35
test-app: http:/cdn.sencha.io/ext-4.1.0-gpl/ext-all-debug.js 3247/37048
test-app: ../src/Extensible/src/calendar/data/EventModel.js?_dc=1343013576113 2/20
test-app: ../src/Extensible/src/calendar/template/DayBody.js?_dc=1343013576333 2/18
test-app: ../src/Extensible/src/calendar/template/Month.js?_dc=1343013576452 2/18
test-app: ../src/Extensible/examples/calendar/data/Events.js?_dc=1343013574559 1/8
test-app: ../src/Extensible/src/form/recurrence/FrequencyCombo.js?_dc=1343013575087 1/8
test-app: ../src/Extensible/examples/examples.js?_dc=1.5.1 2/14
test-app: ../src/Extensible/src/calendar/data/MemoryCalendarStore.js?_dc=1343013574557 1/5
test-app: ../src/Extensible/src/calendar/template/DayHeader.js?_dc=1343013576261 2/10
test-app: ../src/Extensible/src/lang/Number.js?_dc=1343013576028 2/9
test-app: ../src/Extensible/src/calendar/view/MultiDay.js?_dc=1343013574646 1/3
test-app: ../src/Extensible/src/calendar/view/MultiWeek.js?_dc=1343013574648 1/3
test-app: ../src/Extensible/src/form/recurrence/RangeEditPanel.js?_dc=1343013576239 10/29
test-app: ../src/Extensible/src/form/recurrence/RangeEditWindow.js?_dc=1343013574865 6/15
test-app: ../src/Extensible/examples/calendar/data/Calendars.js?_dc=1343013574568 1/2
test-app: ../src/Extensible/src/data/Model.js?_dc=1343013576130 12/18
test-app: ../src/Extensible/Extensible-config.js 28/36
test-app: ../src/Extensible/src/calendar/data/CalendarMappings.js?_dc=1343013575030 2/2
test-app: ../src/Extensible/src/calendar/data/CalendarModel.js?_dc=1343013576573 2/2
test-app: ../src/Extensible/src/calendar/data/EventMappings.js?_dc=1343013574913 2/2
test-app: ../src/Extensible/src/calendar/view/Week.js?_dc=1343013574644 1/1
test-app: ../src/Extensible/src/form/recurrence/option/Yearly.js?_dc=1343013575099 1/1
test-app: ../src/Extensible/src/calendar/CalendarPanel.js?_dc=1343013574545 1/186
test-app: ../src/Extensible/src/calendar/form/EventWindow.js?_dc=1343013574842 1/107
test-app: ../src/Extensible/src/calendar/view/AbstractCalendar.js?_dc=1343013574676 1/492
test-app: ../src/Extensible/src/calendar/view/DayBody.js?_dc=1343013574694 1/158
test-app: ../src/Extensible/src/calendar/view/Month.js?_dc=1343013574645 1/149
test-app: ../src/Extensible/src/form/recurrence/Fieldset.js?_dc=1343013574915 1/135
test-app: ../src/Extensible/src/calendar/dd/DayDropZone.js?_dc=1343013576335 1/77
test-app: ../src/Extensible/src/calendar/dd/DropZone.js?_dc=1343013574864 1/82
test-app: ../src/Extensible/src/calendar/form/EventDetails.js?_dc=1343013574840 1/79
test-app: ../src/Extensible/src/calendar/gadget/CalendarListPanel.js?_dc=1343013574547 1/81
test-app: ../src/Extensible/src/calendar/util/WeekEventRenderer.js?_dc=1343013576453 1/59
test-app: ../src/Extensible/src/calendar/view/Day.js?_dc=1343013574627 1/70
test-app: ../src/Extensible/src/form/field/DateRange.js?_dc=1343013574910 1/98
test-app: ../src/Extensible/src/form/recurrence/option/Duration.js?_dc=1343013575109 1/82
test-app: ../src/Extensible/src/calendar/data/MemoryEventStore.js?_dc=1343013574558 1/39
test-app: ../src/Extensible/src/calendar/dd/DragZone.js?_dc=1343013574863 1/34
test-app: ../src/Extensible/src/calendar/view/MonthDayDetail.js?_dc=1343013576454 1/36
test-app: ../src/Extensible/src/form/recurrence/option/Interval.js?_dc=1343013575096 1/38
test-app: ../src/Extensible/src/form/recurrence/option/Monthly.js?_dc=1343013575098 1/47
test-app: ../src/Extensible/src/form/recurrence/option/Weekly.js?_dc=1343013575097 1/38
test-app: ../src/Extensible/src/calendar/form/field/CalendarCombo.js?_dc=1343013574914 1/29
test-app: ../src/Extensible/src/form/recurrence/AbstractOption.js?_dc=1343013575145 1/31
test-app: ../src/Extensible/src/calendar/menu/Event.js?_dc=1343013574862 1/24
test-app: ../src/Extensible/src/calendar/util/ColorPicker.js?_dc=1343013576552 1/25
test-app: ../src/Extensible/src/calendar/view/DayHeader.js?_dc=1343013574693 1/23
test-app: ../src/Extensible/src/calendar/dd/DayDragZone.js?_dc=1343013576334 1/17
test-app: ../src/Extensible/src/calendar/dd/StatusProxy.js?_dc=1343013576188 1/20
test-app: ../src/Extensible/src/calendar/gadget/CalendarListMenu.js?_dc=1343013576539 1/20
test-app: ../src/Extensible/src/calendar/template/BoxLayout.js?_dc=1343013576274 2/39
test-app: ../src/Extensible/src/calendar/form/field/ReminderCombo.js?_dc=1343013574912 1/13
test-app: ../src/Extensible/examples/calendar/TestApp/App.js 3/35
test-app: http:/cdn.sencha.io/ext-4.1.0-gpl/ext-all-debug.js 3247/37048
test-app: ../src/Extensible/src/calendar/data/EventModel.js?_dc=1343013576113 2/20
test-app: ../src/Extensible/src/calendar/template/DayBody.js?_dc=1343013576333 2/18
test-app: ../src/Extensible/src/calendar/template/Month.js?_dc=1343013576452 2/18
test-app: ../src/Extensible/examples/calendar/data/Events.js?_dc=1343013574559 1/8
test-app: ../src/Extensible/src/form/recurrence/FrequencyCombo.js?_dc=1343013575087 1/8
test-app: ../src/Extensible/examples/examples.js?_dc=1.5.1 2/14
test-app: ../src/Extensible/src/calendar/data/MemoryCalendarStore.js?_dc=1343013574557 1/5
test-app: ../src/Extensible/src/calendar/template/DayHeader.js?_dc=1343013576261 2/10
test-app: ../src/Extensible/src/lang/Number.js?_dc=1343013576028 2/9
test-app: ../src/Extensible/src/calendar/view/MultiDay.js?_dc=1343013574646 1/3
test-app: ../src/Extensible/src/calendar/view/MultiWeek.js?_dc=1343013574648 1/3
test-app: ../src/Extensible/src/form/recurrence/RangeEditPanel.js?_dc=1343013576239 10/29
test-app: ../src/Extensible/src/form/recurrence/RangeEditWindow.js?_dc=1343013574865 6/15
test-app: ../src/Extensible/examples/calendar/data/Calendars.js?_dc=1343013574568 1/2
test-app: ../src/Extensible/src/data/Model.js?_dc=1343013576130 12/18
test-app: ../src/Extensible/Extensible-config.js 28/36
test-app: ../src/Extensible/src/calendar/data/CalendarMappings.js?_dc=1343013575030 2/2
test-app: ../src/Extensible/src/calendar/data/CalendarModel.js?_dc=1343013576573 2/2
test-app: ../src/Extensible/src/calendar/data/EventMappings.js?_dc=1343013574913 2/2
test-app: ../src/Extensible/src/calendar/view/Week.js?_dc=1343013574644 1/1
test-app: ../src/Extensible/src/form/recurrence/option/Yearly.js?_dc=1343013575099 1/1
275: ../src/Extensible/src/Extensible.js 1/125
test-app: ../src/Extensible/src/calendar/CalendarPanel.js?_dc=1343013574545 1/186
test-app: ../src/Extensible/src/calendar/form/EventWindow.js?_dc=1343013574842 1/107
test-app: ../src/Extensible/src/calendar/view/AbstractCalendar.js?_dc=1343013574676 1/492
test-app: ../src/Extensible/src/calendar/view/DayBody.js?_dc=1343013574694 1/158
test-app: ../src/Extensible/src/calendar/view/Month.js?_dc=1343013574645 1/149
test-app: ../src/Extensible/src/form/recurrence/Fieldset.js?_dc=1343013574915 1/135
test-app: ../src/Extensible/src/calendar/dd/DayDropZone.js?_dc=1343013576335 1/77
test-app: ../src/Extensible/src/calendar/dd/DropZone.js?_dc=1343013574864 1/82
test-app: ../src/Extensible/src/calendar/form/EventDetails.js?_dc=1343013574840 1/79
test-app: ../src/Extensible/src/calendar/gadget/CalendarListPanel.js?_dc=1343013574547 1/81
test-app: ../src/Extensible/src/calendar/util/WeekEventRenderer.js?_dc=1343013576453 1/59
test-app: ../src/Extensible/src/calendar/view/Day.js?_dc=1343013574627 1/70
test-app: ../src/Extensible/src/form/field/DateRange.js?_dc=1343013574910 1/98
test-app: ../src/Extensible/src/form/recurrence/option/Duration.js?_dc=1343013575109 1/82
test-app: ../src/Extensible/src/calendar/data/MemoryEventStore.js?_dc=1343013574558 1/39
test-app: ../src/Extensible/src/calendar/dd/DragZone.js?_dc=1343013574863 1/34
test-app: ../src/Extensible/src/calendar/view/MonthDayDetail.js?_dc=1343013576454 1/36
test-app: ../src/Extensible/src/form/recurrence/option/Interval.js?_dc=1343013575096 1/38
test-app: ../src/Extensible/src/form/recurrence/option/Monthly.js?_dc=1343013575098 1/47
test-app: ../src/Extensible/src/form/recurrence/option/Weekly.js?_dc=1343013575097 1/38
test-app: ../src/Extensible/src/calendar/form/field/CalendarCombo.js?_dc=1343013574914 1/29
test-app: ../src/Extensible/src/form/recurrence/AbstractOption.js?_dc=1343013575145 1/31
test-app: ../src/Extensible/src/calendar/menu/Event.js?_dc=1343013574862 1/24
test-app: ../src/Extensible/src/calendar/util/ColorPicker.js?_dc=1343013576552 1/25
test-app: ../src/Extensible/src/calendar/view/DayHeader.js?_dc=1343013574693 1/23
test-app: ../src/Extensible/src/calendar/dd/DayDragZone.js?_dc=1343013576334 1/17
test-app: ../src/Extensible/src/calendar/dd/StatusProxy.js?_dc=1343013576188 1/20
test-app: ../src/Extensible/src/calendar/gadget/CalendarListMenu.js?_dc=1343013576539 1/20
test-app: ../src/Extensible/src/calendar/template/BoxLayout.js?_dc=1343013576274 2/39
test-app: ../src/Extensible/src/calendar/form/field/ReminderCombo.js?_dc=1343013574912 1/13
test-app: ../src/Extensible/examples/calendar/TestApp/App.js 3/35
test-app: http:/cdn.sencha.io/ext-4.1.0-gpl/ext-all-debug.js 3247/37048
test-app: ../src/Extensible/src/calendar/data/EventModel.js?_dc=1343013576113 2/20
test-app: ../src/Extensible/src/calendar/template/DayBody.js?_dc=1343013576333 2/18
test-app: ../src/Extensible/src/calendar/template/Month.js?_dc=1343013576452 2/18
test-app: ../src/Extensible/examples/calendar/data/Events.js?_dc=1343013574559 1/8
test-app: ../src/Extensible/src/form/recurrence/FrequencyCombo.js?_dc=1343013575087 1/8
test-app: ../src/Extensible/examples/examples.js?_dc=1.5.1 2/14
test-app: ../src/Extensible/src/calendar/data/MemoryCalendarStore.js?_dc=1343013574557 1/5
test-app: ../src/Extensible/src/calendar/template/DayHeader.js?_dc=1343013576261 2/10
test-app: ../src/Extensible/src/lang/Number.js?_dc=1343013576028 2/9
test-app: ../src/Extensible/src/calendar/view/MultiDay.js?_dc=1343013574646 1/3
test-app: ../src/Extensible/src/calendar/view/MultiWeek.js?_dc=1343013574648 1/3
test-app: ../src/Extensible/src/form/recurrence/RangeEditPanel.js?_dc=1343013576239 10/29
test-app: ../src/Extensible/src/form/recurrence/RangeEditWindow.js?_dc=1343013574865 6/15
test-app: ../src/Extensible/examples/calendar/data/Calendars.js?_dc=1343013574568 1/2
test-app: ../src/Extensible/src/data/Model.js?_dc=1343013576130 12/18
test-app: ../src/Extensible/Extensible-config.js 28/36
test-app: ../src/Extensible/src/calendar/data/CalendarMappings.js?_dc=1343013575030 2/2
test-app: ../src/Extensible/src/calendar/data/CalendarModel.js?_dc=1343013576573 2/2
test-app: ../src/Extensible/src/calendar/data/EventMappings.js?_dc=1343013574913 2/2
test-app: ../src/Extensible/src/calendar/view/Week.js?_dc=1343013574644 1/1
test-app: ../src/Extensible/src/form/recurrence/option/Yearly.js?_dc=1343013575099 1/1
275: ../src/Extensible/src/Extensible.js 1/125
test-app: ../src/Extensible/src/calendar/CalendarPanel.js?_dc=1343013574545 1/186
test-app: ../src/Extensible/src/calendar/form/EventWindow.js?_dc=1343013574842 1/107
test-app: ../src/Extensible/src/calendar/view/AbstractCalendar.js?_dc=1343013574676 1/492
test-app: ../src/Extensible/src/calendar/view/DayBody.js?_dc=1343013574694 1/158
test-app: ../src/Extensible/src/calendar/view/Month.js?_dc=1343013574645 1/149
test-app: ../src/Extensible/src/form/recurrence/Fieldset.js?_dc=1343013574915 1/135
test-app: ../src/Extensible/src/calendar/dd/DayDropZone.js?_dc=1343013576335 1/77
test-app: ../src/Extensible/src/calendar/dd/DropZone.js?_dc=1343013574864 1/82
test-app: ../src/Extensible/src/calendar/form/EventDetails.js?_dc=1343013574840 1/79
test-app: ../src/Extensible/src/calendar/gadget/CalendarListPanel.js?_dc=1343013574547 1/81
test-app: ../src/Extensible/src/calendar/util/WeekEventRenderer.js?_dc=1343013576453 1/59
test-app: ../src/Extensible/src/calendar/view/Day.js?_dc=1343013574627 1/70
test-app: ../src/Extensible/src/form/field/DateRange.js?_dc=1343013574910 1/98
test-app: ../src/Extensible/src/form/recurrence/option/Duration.js?_dc=1343013575109 1/82
test-app: ../src/Extensible/src/calendar/data/MemoryEventStore.js?_dc=1343013574558 1/39
test-app: ../src/Extensible/src/calendar/dd/DragZone.js?_dc=1343013574863 1/34
test-app: ../src/Extensible/src/calendar/view/MonthDayDetail.js?_dc=1343013576454 1/36
test-app: ../src/Extensible/src/form/recurrence/option/Interval.js?_dc=1343013575096 1/38
test-app: ../src/Extensible/src/form/recurrence/option/Monthly.js?_dc=1343013575098 1/47
test-app: ../src/Extensible/src/form/recurrence/option/Weekly.js?_dc=1343013575097 1/38
test-app: ../src/Extensible/src/calendar/form/field/CalendarCombo.js?_dc=1343013574914 1/29
test-app: ../src/Extensible/src/form/recurrence/AbstractOption.js?_dc=1343013575145 1/31
test-app: ../src/Extensible/src/calendar/menu/Event.js?_dc=1343013574862 1/24
test-app: ../src/Extensible/src/calendar/util/ColorPicker.js?_dc=1343013576552 1/25
test-app: ../src/Extensible/src/calendar/view/DayHeader.js?_dc=1343013574693 1/23
test-app: ../src/Extensible/src/calendar/dd/DayDragZone.js?_dc=1343013576334 1/17
test-app: ../src/Extensible/src/calendar/dd/StatusProxy.js?_dc=1343013576188 1/20
test-app: ../src/Extensible/src/calendar/gadget/CalendarListMenu.js?_dc=1343013576539 1/20
test-app: ../src/Extensible/src/calendar/template/BoxLayout.js?_dc=1343013576274 2/39
test-app: ../src/Extensible/src/calendar/form/field/ReminderCombo.js?_dc=1343013574912 1/13
test-app: ../src/Extensible/examples/calendar/TestApp/App.js 3/35
test-app: http:/cdn.sencha.io/ext-4.1.0-gpl/ext-all-debug.js 3247/37048
test-app: ../src/Extensible/src/calendar/data/EventModel.js?_dc=1343013576113 2/20
test-app: ../src/Extensible/src/calendar/template/DayBody.js?_dc=1343013576333 2/18
test-app: ../src/Extensible/src/calendar/template/Month.js?_dc=1343013576452 2/18
test-app: ../src/Extensible/examples/calendar/data/Events.js?_dc=1343013574559 1/8
test-app: ../src/Extensible/src/form/recurrence/FrequencyCombo.js?_dc=1343013575087 1/8
test-app: ../src/Extensible/examples/examples.js?_dc=1.5.1 2/14
test-app: ../src/Extensible/src/calendar/data/MemoryCalendarStore.js?_dc=1343013574557 1/5
test-app: ../src/Extensible/src/calendar/template/DayHeader.js?_dc=1343013576261 2/10
test-app: ../src/Extensible/src/lang/Number.js?_dc=1343013576028 2/9
test-app: ../src/Extensible/src/calendar/view/MultiDay.js?_dc=1343013574646 1/3
test-app: ../src/Extensible/src/calendar/view/MultiWeek.js?_dc=1343013574648 1/3
test-app: ../src/Extensible/src/form/recurrence/RangeEditPanel.js?_dc=1343013576239 10/29
test-app: ../src/Extensible/src/form/recurrence/RangeEditWindow.js?_dc=1343013574865 6/15
test-app: ../src/Extensible/examples/calendar/data/Calendars.js?_dc=1343013574568 1/2
test-app: ../src/Extensible/src/data/Model.js?_dc=1343013576130 12/18
test-app: ../src/Extensible/Extensible-config.js 28/36
test-app: ../src/Extensible/src/calendar/data/CalendarMappings.js?_dc=1343013575030 2/2
test-app: ../src/Extensible/src/calendar/data/CalendarModel.js?_dc=1343013576573 2/2
test-app: ../src/Extensible/src/calendar/data/EventMappings.js?_dc=1343013574913 2/2
test-app: ../src/Extensible/src/calendar/view/Week.js?_dc=1343013574644 1/1
test-app: ../src/Extensible/src/form/recurrence/option/Yearly.js?_dc=1343013575099 1/1
275: ../src/Extensible/src/Extensible.js 1/125
