all-dist: ../src/filtrr/filtrr2/lib/qunit.js 231/700
all-dist: ../src/filtrr/filtrr2/dist/filtrr2-0.5.min.js 12/16
all-dist: ../src/filtrr/filtrr2/lib/jquery.min.js 3/3
all: ../src/filtrr/filtrr2/src/layers.js 1/52
all: ../src/filtrr/filtrr2/src/effects.js 27/174
all: ../src/filtrr/filtrr2/src/events.js 5/26
all: ../src/filtrr/filtrr2/src/util.js 7/26
all: ../src/filtrr/filtrr2/lib/qunit.js 231/700
all: ../src/filtrr/filtrr2/src/filtrr2.js 40/81
all: ../src/filtrr/filtrr2/lib/jquery.min.js 3/3
effects: ../src/filtrr/filtrr2/src/layers.js 1/52
effects: ../src/filtrr/filtrr2/src/events.js 1/26
effects: ../src/filtrr/filtrr2/src/filtrr2.js 5/81
effects: ../src/filtrr/filtrr2/src/effects.js 27/174
effects: ../src/filtrr/filtrr2/lib/qunit.js 160/700
effects: ../src/filtrr/filtrr2/src/util.js 7/26
effects: http:/ajax.googleapis.com/ajax/libs/jquery/1.7.1/jquery.min.js 3/3
events: ../src/filtrr/filtrr2/src/layers.js 1/52
events: ../src/filtrr/filtrr2/src/effects.js 27/174
events: ../src/filtrr/filtrr2/src/util.js 7/26
events: ../src/filtrr/filtrr2/lib/qunit.js 348/700
events: ../src/filtrr/filtrr2/src/filtrr2.js 41/81
events: ../src/filtrr/filtrr2/lib/jquery.min.js 3/3
events: ../src/filtrr/filtrr2/src/events.js 26/26
filtrr2: ../src/filtrr/filtrr2/src/layers.js 1/52
filtrr2: ../src/filtrr/filtrr2/src/effects.js 27/174
filtrr2: ../src/filtrr/filtrr2/src/events.js 5/26
filtrr2: ../src/filtrr/filtrr2/src/util.js 7/26
filtrr2: ../src/filtrr/filtrr2/lib/qunit.js 231/700
filtrr2: ../src/filtrr/filtrr2/src/filtrr2.js 40/81
filtrr2: ../src/filtrr/filtrr2/lib/jquery.min.js 3/3
layers: ../src/filtrr/filtrr2/src/layers.js 1/52
layers: ../src/filtrr/filtrr2/src/events.js 1/26
layers: ../src/filtrr/filtrr2/src/filtrr2.js 5/81
layers: ../src/filtrr/filtrr2/src/effects.js 27/174
layers: ../src/filtrr/filtrr2/lib/qunit.js 160/700
layers: ../src/filtrr/filtrr2/src/util.js 7/26
layers: http:/ajax.googleapis.com/ajax/libs/jquery/1.7.1/jquery.min.js 3/3
util: ../src/filtrr/filtrr2/src/events.js 1/26
util: ../src/filtrr/filtrr2/src/filtrr2.js 5/81
util: ../src/filtrr/filtrr2/src/effects.js 27/174
util: ../src/filtrr/filtrr2/lib/qunit.js 345/700
util: ../src/filtrr/filtrr2/src/util.js 13/26
util: ../src/filtrr/filtrr2/lib/jquery.min.js 3/3
all-dist: ../src/filtrr/filtrr2/lib/qunit.js 231/700
all-dist: ../src/filtrr/filtrr2/dist/filtrr2-0.5.min.js 12/16
all-dist: ../src/filtrr/filtrr2/lib/jquery.min.js 3/3
all: ../src/filtrr/filtrr2/src/layers.js 1/52
all: ../src/filtrr/filtrr2/src/effects.js 27/174
all: ../src/filtrr/filtrr2/src/events.js 5/26
all: ../src/filtrr/filtrr2/src/util.js 7/26
all: ../src/filtrr/filtrr2/lib/qunit.js 231/700
all: ../src/filtrr/filtrr2/src/filtrr2.js 40/81
all: ../src/filtrr/filtrr2/lib/jquery.min.js 3/3
effects: ../src/filtrr/filtrr2/src/layers.js 1/52
effects: ../src/filtrr/filtrr2/src/events.js 1/26
effects: ../src/filtrr/filtrr2/src/filtrr2.js 5/81
effects: ../src/filtrr/filtrr2/src/effects.js 27/174
effects: ../src/filtrr/filtrr2/lib/qunit.js 160/700
effects: ../src/filtrr/filtrr2/src/util.js 7/26
effects: http:/ajax.googleapis.com/ajax/libs/jquery/1.7.1/jquery.min.js 3/3
events: ../src/filtrr/filtrr2/src/layers.js 1/52
events: ../src/filtrr/filtrr2/src/effects.js 27/174
events: ../src/filtrr/filtrr2/src/util.js 7/26
events: ../src/filtrr/filtrr2/lib/qunit.js 348/700
events: ../src/filtrr/filtrr2/src/filtrr2.js 41/81
events: ../src/filtrr/filtrr2/lib/jquery.min.js 3/3
events: ../src/filtrr/filtrr2/src/events.js 26/26
filtrr2: ../src/filtrr/filtrr2/src/layers.js 1/52
filtrr2: ../src/filtrr/filtrr2/src/effects.js 27/174
filtrr2: ../src/filtrr/filtrr2/src/events.js 5/26
filtrr2: ../src/filtrr/filtrr2/src/util.js 7/26
filtrr2: ../src/filtrr/filtrr2/lib/qunit.js 231/700
filtrr2: ../src/filtrr/filtrr2/src/filtrr2.js 40/81
filtrr2: ../src/filtrr/filtrr2/lib/jquery.min.js 3/3
layers: ../src/filtrr/filtrr2/src/layers.js 1/52
layers: ../src/filtrr/filtrr2/src/events.js 1/26
layers: ../src/filtrr/filtrr2/src/filtrr2.js 5/81
layers: ../src/filtrr/filtrr2/src/effects.js 27/174
layers: ../src/filtrr/filtrr2/lib/qunit.js 160/700
layers: ../src/filtrr/filtrr2/src/util.js 7/26
layers: http:/ajax.googleapis.com/ajax/libs/jquery/1.7.1/jquery.min.js 3/3
util: ../src/filtrr/filtrr2/src/events.js 1/26
util: ../src/filtrr/filtrr2/src/filtrr2.js 5/81
util: ../src/filtrr/filtrr2/src/effects.js 27/174
util: ../src/filtrr/filtrr2/lib/qunit.js 345/700
util: ../src/filtrr/filtrr2/src/util.js 13/26
util: ../src/filtrr/filtrr2/lib/jquery.min.js 3/3
all-dist: ../src/filtrr/filtrr2/lib/qunit.js 231/700
all-dist: ../src/filtrr/filtrr2/dist/filtrr2-0.5.min.js 12/16
all-dist: ../src/filtrr/filtrr2/lib/jquery.min.js 3/3
all: ../src/filtrr/filtrr2/src/layers.js 1/52
all: ../src/filtrr/filtrr2/src/effects.js 27/174
all: ../src/filtrr/filtrr2/src/events.js 5/26
all: ../src/filtrr/filtrr2/src/util.js 7/26
all: ../src/filtrr/filtrr2/lib/qunit.js 231/700
all: ../src/filtrr/filtrr2/src/filtrr2.js 40/81
all: ../src/filtrr/filtrr2/lib/jquery.min.js 3/3
effects: ../src/filtrr/filtrr2/src/layers.js 1/52
effects: ../src/filtrr/filtrr2/src/events.js 1/26
effects: ../src/filtrr/filtrr2/src/filtrr2.js 5/81
effects: ../src/filtrr/filtrr2/src/effects.js 27/174
effects: ../src/filtrr/filtrr2/lib/qunit.js 160/700
effects: ../src/filtrr/filtrr2/src/util.js 7/26
effects: http:/ajax.googleapis.com/ajax/libs/jquery/1.7.1/jquery.min.js 3/3
events: ../src/filtrr/filtrr2/src/layers.js 1/52
events: ../src/filtrr/filtrr2/src/effects.js 27/174
events: ../src/filtrr/filtrr2/src/util.js 7/26
events: ../src/filtrr/filtrr2/lib/qunit.js 348/700
events: ../src/filtrr/filtrr2/src/filtrr2.js 41/81
events: ../src/filtrr/filtrr2/lib/jquery.min.js 3/3
events: ../src/filtrr/filtrr2/src/events.js 26/26
filtrr2: ../src/filtrr/filtrr2/src/layers.js 1/52
filtrr2: ../src/filtrr/filtrr2/src/effects.js 27/174
filtrr2: ../src/filtrr/filtrr2/src/events.js 5/26
filtrr2: ../src/filtrr/filtrr2/src/util.js 7/26
filtrr2: ../src/filtrr/filtrr2/lib/qunit.js 231/700
filtrr2: ../src/filtrr/filtrr2/src/filtrr2.js 40/81
filtrr2: ../src/filtrr/filtrr2/lib/jquery.min.js 3/3
layers: ../src/filtrr/filtrr2/src/layers.js 1/52
layers: ../src/filtrr/filtrr2/src/events.js 1/26
layers: ../src/filtrr/filtrr2/src/filtrr2.js 5/81
layers: ../src/filtrr/filtrr2/src/effects.js 27/174
layers: ../src/filtrr/filtrr2/lib/qunit.js 160/700
layers: ../src/filtrr/filtrr2/src/util.js 7/26
layers: http:/ajax.googleapis.com/ajax/libs/jquery/1.7.1/jquery.min.js 3/3
util: ../src/filtrr/filtrr2/src/events.js 1/26
util: ../src/filtrr/filtrr2/src/filtrr2.js 5/81
util: ../src/filtrr/filtrr2/src/effects.js 27/174
util: ../src/filtrr/filtrr2/lib/qunit.js 345/700
util: ../src/filtrr/filtrr2/src/util.js 13/26
util: ../src/filtrr/filtrr2/lib/jquery.min.js 3/3
all-dist: ../src/filtrr/filtrr2/lib/qunit.js 231/700
all-dist: ../src/filtrr/filtrr2/dist/filtrr2-0.5.min.js 12/16
all-dist: ../src/filtrr/filtrr2/lib/jquery.min.js 3/3
all: ../src/filtrr/filtrr2/src/layers.js 1/52
all: ../src/filtrr/filtrr2/src/effects.js 27/174
all: ../src/filtrr/filtrr2/src/events.js 5/26
all: ../src/filtrr/filtrr2/src/util.js 7/26
all: ../src/filtrr/filtrr2/lib/qunit.js 231/700
all: ../src/filtrr/filtrr2/src/filtrr2.js 40/81
all: ../src/filtrr/filtrr2/lib/jquery.min.js 3/3
effects: ../src/filtrr/filtrr2/src/layers.js 1/52
effects: ../src/filtrr/filtrr2/src/events.js 1/26
effects: ../src/filtrr/filtrr2/src/filtrr2.js 5/81
effects: ../src/filtrr/filtrr2/src/effects.js 27/174
effects: ../src/filtrr/filtrr2/lib/qunit.js 160/700
effects: ../src/filtrr/filtrr2/src/util.js 7/26
effects: http:/ajax.googleapis.com/ajax/libs/jquery/1.7.1/jquery.min.js 3/3
events: ../src/filtrr/filtrr2/src/layers.js 1/52
events: ../src/filtrr/filtrr2/src/effects.js 31/174
events: ../src/filtrr/filtrr2/src/util.js 7/26
events: ../src/filtrr/filtrr2/lib/qunit.js 353/700
events: ../src/filtrr/filtrr2/src/filtrr2.js 49/81
events: ../src/filtrr/filtrr2/lib/jquery.min.js 3/3
events: ../src/filtrr/filtrr2/src/events.js 26/26
filtrr2: ../src/filtrr/filtrr2/src/layers.js 1/52
filtrr2: ../src/filtrr/filtrr2/src/effects.js 27/174
filtrr2: ../src/filtrr/filtrr2/src/events.js 5/26
filtrr2: ../src/filtrr/filtrr2/src/util.js 7/26
filtrr2: ../src/filtrr/filtrr2/lib/qunit.js 231/700
filtrr2: ../src/filtrr/filtrr2/src/filtrr2.js 40/81
filtrr2: ../src/filtrr/filtrr2/lib/jquery.min.js 3/3
layers: ../src/filtrr/filtrr2/src/layers.js 1/52
layers: ../src/filtrr/filtrr2/src/events.js 1/26
layers: ../src/filtrr/filtrr2/src/filtrr2.js 5/81
layers: ../src/filtrr/filtrr2/src/effects.js 27/174
layers: ../src/filtrr/filtrr2/lib/qunit.js 160/700
layers: ../src/filtrr/filtrr2/src/util.js 7/26
layers: http:/ajax.googleapis.com/ajax/libs/jquery/1.7.1/jquery.min.js 3/3
util: ../src/filtrr/filtrr2/src/events.js 1/26
util: ../src/filtrr/filtrr2/src/filtrr2.js 5/81
util: ../src/filtrr/filtrr2/src/effects.js 27/174
util: ../src/filtrr/filtrr2/lib/qunit.js 345/700
util: ../src/filtrr/filtrr2/src/util.js 13/26
util: ../src/filtrr/filtrr2/lib/jquery.min.js 3/3
all-dist: ../src/filtrr/filtrr2/lib/qunit.js 231/700
all-dist: ../src/filtrr/filtrr2/dist/filtrr2-0.5.min.js 12/16
all-dist: ../src/filtrr/filtrr2/lib/jquery.min.js 3/3
all: ../src/filtrr/filtrr2/src/layers.js 1/52
all: ../src/filtrr/filtrr2/src/effects.js 27/174
all: ../src/filtrr/filtrr2/src/events.js 5/26
all: ../src/filtrr/filtrr2/src/util.js 7/26
all: ../src/filtrr/filtrr2/lib/qunit.js 231/700
all: ../src/filtrr/filtrr2/src/filtrr2.js 40/81
all: ../src/filtrr/filtrr2/lib/jquery.min.js 3/3
effects: ../src/filtrr/filtrr2/src/layers.js 1/52
effects: ../src/filtrr/filtrr2/src/events.js 1/26
effects: ../src/filtrr/filtrr2/src/filtrr2.js 5/81
effects: ../src/filtrr/filtrr2/src/effects.js 27/174
effects: ../src/filtrr/filtrr2/lib/qunit.js 160/700
effects: ../src/filtrr/filtrr2/src/util.js 7/26
effects: http:/ajax.googleapis.com/ajax/libs/jquery/1.7.1/jquery.min.js 3/3
events: ../src/filtrr/filtrr2/src/layers.js 1/52
events: ../src/filtrr/filtrr2/src/effects.js 31/174
events: ../src/filtrr/filtrr2/src/util.js 7/26
events: ../src/filtrr/filtrr2/lib/qunit.js 353/700
events: ../src/filtrr/filtrr2/src/filtrr2.js 49/81
events: ../src/filtrr/filtrr2/lib/jquery.min.js 3/3
events: ../src/filtrr/filtrr2/src/events.js 26/26
filtrr2: ../src/filtrr/filtrr2/src/layers.js 1/52
filtrr2: ../src/filtrr/filtrr2/src/effects.js 27/174
filtrr2: ../src/filtrr/filtrr2/src/events.js 5/26
filtrr2: ../src/filtrr/filtrr2/src/util.js 7/26
filtrr2: ../src/filtrr/filtrr2/lib/qunit.js 231/700
filtrr2: ../src/filtrr/filtrr2/src/filtrr2.js 40/81
filtrr2: ../src/filtrr/filtrr2/lib/jquery.min.js 3/3
layers: ../src/filtrr/filtrr2/src/layers.js 1/52
layers: ../src/filtrr/filtrr2/src/events.js 1/26
layers: ../src/filtrr/filtrr2/src/filtrr2.js 5/81
layers: ../src/filtrr/filtrr2/src/effects.js 27/174
layers: ../src/filtrr/filtrr2/lib/qunit.js 160/700
layers: ../src/filtrr/filtrr2/src/util.js 7/26
layers: http:/ajax.googleapis.com/ajax/libs/jquery/1.7.1/jquery.min.js 3/3
util: ../src/filtrr/filtrr2/src/events.js 1/26
util: ../src/filtrr/filtrr2/src/filtrr2.js 5/81
util: ../src/filtrr/filtrr2/src/effects.js 27/174
util: ../src/filtrr/filtrr2/lib/qunit.js 345/700
util: ../src/filtrr/filtrr2/src/util.js 13/26
util: ../src/filtrr/filtrr2/lib/jquery.min.js 3/3
all-dist: ../src/filtrr/filtrr2/lib/qunit.js 231/700
all-dist: ../src/filtrr/filtrr2/dist/filtrr2-0.5.min.js 12/16
all-dist: ../src/filtrr/filtrr2/lib/jquery.min.js 3/3
all: ../src/filtrr/filtrr2/src/layers.js 1/52
all: ../src/filtrr/filtrr2/src/effects.js 27/174
all: ../src/filtrr/filtrr2/src/events.js 5/26
all: ../src/filtrr/filtrr2/src/util.js 7/26
all: ../src/filtrr/filtrr2/lib/qunit.js 231/700
all: ../src/filtrr/filtrr2/src/filtrr2.js 40/81
all: ../src/filtrr/filtrr2/lib/jquery.min.js 3/3
effects: ../src/filtrr/filtrr2/src/layers.js 1/52
effects: ../src/filtrr/filtrr2/src/events.js 1/26
effects: ../src/filtrr/filtrr2/src/filtrr2.js 5/81
effects: ../src/filtrr/filtrr2/src/effects.js 27/174
effects: ../src/filtrr/filtrr2/lib/qunit.js 160/700
effects: ../src/filtrr/filtrr2/src/util.js 7/26
effects: http:/ajax.googleapis.com/ajax/libs/jquery/1.7.1/jquery.min.js 3/3
events: ../src/filtrr/filtrr2/src/layers.js 1/52
events: ../src/filtrr/filtrr2/src/effects.js 31/174
events: ../src/filtrr/filtrr2/src/util.js 7/26
events: ../src/filtrr/filtrr2/lib/qunit.js 353/700
events: ../src/filtrr/filtrr2/src/filtrr2.js 49/81
events: ../src/filtrr/filtrr2/lib/jquery.min.js 3/3
events: ../src/filtrr/filtrr2/src/events.js 26/26
filtrr2: ../src/filtrr/filtrr2/src/layers.js 1/52
filtrr2: ../src/filtrr/filtrr2/src/effects.js 27/174
filtrr2: ../src/filtrr/filtrr2/src/events.js 5/26
filtrr2: ../src/filtrr/filtrr2/src/util.js 7/26
filtrr2: ../src/filtrr/filtrr2/lib/qunit.js 231/700
filtrr2: ../src/filtrr/filtrr2/src/filtrr2.js 40/81
filtrr2: ../src/filtrr/filtrr2/lib/jquery.min.js 3/3
layers: ../src/filtrr/filtrr2/src/layers.js 1/52
layers: ../src/filtrr/filtrr2/src/events.js 1/26
layers: ../src/filtrr/filtrr2/src/filtrr2.js 5/81
layers: ../src/filtrr/filtrr2/src/effects.js 27/174
layers: ../src/filtrr/filtrr2/lib/qunit.js 160/700
layers: ../src/filtrr/filtrr2/src/util.js 7/26
layers: http:/ajax.googleapis.com/ajax/libs/jquery/1.7.1/jquery.min.js 3/3
util: ../src/filtrr/filtrr2/src/events.js 1/26
util: ../src/filtrr/filtrr2/src/filtrr2.js 5/81
util: ../src/filtrr/filtrr2/src/effects.js 27/174
util: ../src/filtrr/filtrr2/lib/qunit.js 345/700
util: ../src/filtrr/filtrr2/src/util.js 13/26
util: ../src/filtrr/filtrr2/lib/jquery.min.js 3/3
all-dist: ../src/filtrr/filtrr2/lib/qunit.js 231/700
all-dist: ../src/filtrr/filtrr2/dist/filtrr2-0.5.min.js 12/16
all-dist: ../src/filtrr/filtrr2/lib/jquery.min.js 3/3
all: ../src/filtrr/filtrr2/src/layers.js 1/52
all: ../src/filtrr/filtrr2/src/effects.js 27/174
all: ../src/filtrr/filtrr2/src/events.js 5/26
all: ../src/filtrr/filtrr2/src/util.js 7/26
all: ../src/filtrr/filtrr2/lib/qunit.js 231/700
all: ../src/filtrr/filtrr2/src/filtrr2.js 40/81
all: ../src/filtrr/filtrr2/lib/jquery.min.js 3/3
effects: ../src/filtrr/filtrr2/src/layers.js 1/52
effects: ../src/filtrr/filtrr2/src/events.js 1/26
effects: ../src/filtrr/filtrr2/src/filtrr2.js 5/81
effects: ../src/filtrr/filtrr2/src/effects.js 27/174
effects: ../src/filtrr/filtrr2/lib/qunit.js 160/700
effects: ../src/filtrr/filtrr2/src/util.js 7/26
effects: http:/ajax.googleapis.com/ajax/libs/jquery/1.7.1/jquery.min.js 3/3
events: ../src/filtrr/filtrr2/src/layers.js 1/52
events: ../src/filtrr/filtrr2/src/effects.js 31/174
events: ../src/filtrr/filtrr2/src/util.js 7/26
events: ../src/filtrr/filtrr2/lib/qunit.js 353/700
events: ../src/filtrr/filtrr2/src/filtrr2.js 49/81
events: ../src/filtrr/filtrr2/lib/jquery.min.js 3/3
events: ../src/filtrr/filtrr2/src/events.js 26/26
filtrr2: ../src/filtrr/filtrr2/src/layers.js 1/52
filtrr2: ../src/filtrr/filtrr2/src/effects.js 27/174
filtrr2: ../src/filtrr/filtrr2/src/events.js 5/26
filtrr2: ../src/filtrr/filtrr2/src/util.js 7/26
filtrr2: ../src/filtrr/filtrr2/lib/qunit.js 231/700
filtrr2: ../src/filtrr/filtrr2/src/filtrr2.js 40/81
filtrr2: ../src/filtrr/filtrr2/lib/jquery.min.js 3/3
layers: ../src/filtrr/filtrr2/src/layers.js 1/52
layers: ../src/filtrr/filtrr2/src/events.js 1/26
layers: ../src/filtrr/filtrr2/src/filtrr2.js 5/81
layers: ../src/filtrr/filtrr2/src/effects.js 27/174
layers: ../src/filtrr/filtrr2/lib/qunit.js 160/700
layers: ../src/filtrr/filtrr2/src/util.js 7/26
layers: http:/ajax.googleapis.com/ajax/libs/jquery/1.7.1/jquery.min.js 3/3
util: ../src/filtrr/filtrr2/src/events.js 1/26
util: ../src/filtrr/filtrr2/src/filtrr2.js 5/81
util: ../src/filtrr/filtrr2/src/effects.js 27/174
util: ../src/filtrr/filtrr2/lib/qunit.js 345/700
util: ../src/filtrr/filtrr2/src/util.js 13/26
util: ../src/filtrr/filtrr2/lib/jquery.min.js 3/3
