dbclick: ../src/fullcalendar/src/agenda/AgendaEventRenderer.js 2/317
dbclick: ../src/fullcalendar/src/agenda/AgendaView.js 2/411
dbclick: ../src/fullcalendar/src/agenda/AgendaWeekView.js 2/25
dbclick: ../src/fullcalendar/src/basic/BasicWeekView.js 2/25
dbclick: ../src/fullcalendar/src/agenda/AgendaDayView.js 2/19
dbclick: ../src/fullcalendar/src/basic/BasicDayView.js 2/17
dbclick: ../src/fullcalendar/src/common/CoordinateGrid.js 7/24
dbclick: ../src/fullcalendar/src/common/HoverListener.js 10/30
dbclick: ../src/fullcalendar/src/common/SelectionManager.js 18/54
dbclick: ../src/fullcalendar/src/common/OverlayManager.js 8/18
dbclick: ../src/fullcalendar/src/EventManager.js 94/205
dbclick: ../src/fullcalendar/src/date_util.js 94/205
dbclick: ../src/fullcalendar/src/main.js 18/31
dbclick: ../src/fullcalendar/src/common/View.js 63/102
dbclick: ../src/fullcalendar/src/Calendar.js 157/250
dbclick: ../src/fullcalendar/src/basic/BasicEventRenderer.js 47/71
dbclick: ../src/fullcalendar/src/common/DayEventRenderer.js 227/324
dbclick: ../src/fullcalendar/src/basic/BasicView.js 187/251
dbclick: ../src/fullcalendar/src/Header.js 56/68
dbclick: ../src/fullcalendar/src/util.js 121/146
dbclick: ../src/fullcalendar/src/basic/MonthView.js 30/34
dbclick: ../src/fullcalendar/src/_loader.js?debug 78/81
dbclick: ../src/fullcalendar/lib/jquery-1.7.1.min.js 3/3
dbclick: ../src/fullcalendar/lib/jquery-ui-1.8.17.custom.min.js 5/5
dbclick: ../src/fullcalendar/src/common/HorizontalPositionCache.js 12/12
dbclick: ../src/fullcalendar/src/defaults.js 2/2
droppable: ../src/fullcalendar/src/agenda/AgendaEventRenderer.js 2/317
droppable: ../src/fullcalendar/src/agenda/AgendaView.js 2/411
droppable: ../src/fullcalendar/src/agenda/AgendaWeekView.js 2/25
droppable: ../src/fullcalendar/src/basic/BasicWeekView.js 2/25
droppable: ../src/fullcalendar/src/agenda/AgendaDayView.js 2/19
droppable: ../src/fullcalendar/src/basic/BasicDayView.js 2/17
droppable: ../src/fullcalendar/src/common/CoordinateGrid.js 7/24
droppable: ../src/fullcalendar/src/common/HoverListener.js 10/30
droppable: ../src/fullcalendar/src/common/SelectionManager.js 18/54
droppable: ../src/fullcalendar/src/common/OverlayManager.js 8/18
droppable: ../src/fullcalendar/src/EventManager.js 94/205
droppable: ../src/fullcalendar/src/date_util.js 94/205
droppable: ../src/fullcalendar/src/main.js 18/31
droppable: ../src/fullcalendar/src/common/View.js 63/102
droppable: ../src/fullcalendar/src/Calendar.js 157/250
droppable: ../src/fullcalendar/src/basic/BasicEventRenderer.js 47/71
droppable: ../src/fullcalendar/src/common/DayEventRenderer.js 227/324
droppable: ../src/fullcalendar/src/basic/BasicView.js 187/251
droppable: ../src/fullcalendar/src/Header.js 56/68
droppable: ../src/fullcalendar/src/util.js 121/146
droppable: ../src/fullcalendar/src/basic/MonthView.js 30/34
droppable: ../src/fullcalendar/src/_loader.js?debug 78/81
droppable: ../src/fullcalendar/lib/jquery-1.7.1.min.js 3/3
droppable: ../src/fullcalendar/lib/jquery-ui-1.8.17.custom.min.js 5/5
droppable: ../src/fullcalendar/src/common/HorizontalPositionCache.js 12/12
droppable: ../src/fullcalendar/src/defaults.js 2/2
fullheight: ../src/fullcalendar/src/agenda/AgendaEventRenderer.js 2/317
fullheight: ../src/fullcalendar/src/agenda/AgendaView.js 2/411
fullheight: ../src/fullcalendar/src/agenda/AgendaWeekView.js 2/25
fullheight: ../src/fullcalendar/src/basic/BasicWeekView.js 2/25
fullheight: ../src/fullcalendar/src/agenda/AgendaDayView.js 2/19
fullheight: ../src/fullcalendar/src/basic/BasicDayView.js 2/17
fullheight: ../src/fullcalendar/src/common/DayEventRenderer.js 42/324
fullheight: ../src/fullcalendar/src/date_util.js 28/205
fullheight: ../src/fullcalendar/src/EventManager.js 54/205
fullheight: ../src/fullcalendar/src/basic/MonthView.js 9/34
fullheight: ../src/fullcalendar/src/common/CoordinateGrid.js 7/24
fullheight: ../src/fullcalendar/src/util.js 43/146
fullheight: ../src/fullcalendar/src/common/SelectionManager.js 17/54
fullheight: ../src/fullcalendar/src/common/HoverListener.js 10/30
fullheight: ../src/fullcalendar/src/basic/BasicView.js 88/251
fullheight: ../src/fullcalendar/src/basic/BasicEventRenderer.js 30/71
fullheight: ../src/fullcalendar/src/common/OverlayManager.js 8/18
fullheight: ../src/fullcalendar/src/common/View.js 45/102
fullheight: ../src/fullcalendar/src/Calendar.js 113/250
fullheight: ../src/fullcalendar/src/common/HorizontalPositionCache.js 6/12
fullheight: ../src/fullcalendar/src/main.js 18/31
fullheight: ../src/fullcalendar/src/Header.js 54/68
fullheight: ../src/fullcalendar/src/_loader.js?debug 78/81
fullheight: ../src/fullcalendar/lib/jquery-1.7.1.min.js 3/3
fullheight: ../src/fullcalendar/lib/jquery-ui-1.8.17.custom.min.js 5/5
fullheight: ../src/fullcalendar/src/defaults.js 2/2
gcal: ../src/fullcalendar/src/agenda/AgendaEventRenderer.js 2/317
gcal: ../src/fullcalendar/src/agenda/AgendaView.js 2/411
gcal: ../src/fullcalendar/src/agenda/AgendaWeekView.js 2/25
gcal: ../src/fullcalendar/src/basic/BasicWeekView.js 2/25
gcal: ../src/fullcalendar/src/agenda/AgendaDayView.js 2/19
gcal: ../src/fullcalendar/src/basic/BasicDayView.js 2/17
gcal: ../src/fullcalendar/src/common/CoordinateGrid.js 7/24
gcal: ../src/fullcalendar/src/common/HoverListener.js 10/30
gcal: ../src/fullcalendar/src/common/SelectionManager.js 18/54
gcal: ../src/fullcalendar/src/common/OverlayManager.js 8/18
gcal: ../src/fullcalendar/src/main.js 16/31
gcal: ../src/fullcalendar/src/date_util.js 116/205
gcal: ../src/fullcalendar/src/common/View.js 61/102
gcal: ../src/fullcalendar/src/EventManager.js 125/205
gcal: ../src/fullcalendar/src/Calendar.js 156/250
gcal: ../src/fullcalendar/src/basic/BasicEventRenderer.js 47/71
gcal: ../src/fullcalendar/src/common/DayEventRenderer.js 225/324
gcal: ../src/fullcalendar/src/basic/BasicView.js 187/251
gcal: ../src/fullcalendar/src/util.js 118/146
gcal: ../src/fullcalendar/src/Header.js 56/68
gcal: ../src/fullcalendar/src/gcal/gcal.js 41/44
gcal: ../src/fullcalendar/src/basic/MonthView.js 32/34
gcal: ../src/fullcalendar/src/_loader.js?debug 78/81
gcal: ../src/fullcalendar/lib/jquery-1.7.1.min.js 3/3
gcal: ../src/fullcalendar/lib/jquery-ui-1.8.17.custom.min.js 5/5
gcal: ../src/fullcalendar/src/common/HorizontalPositionCache.js 12/12
gcal: ../src/fullcalendar/src/defaults.js 2/2
gcal: ../src/fullcalendar/src/gcal/_loader.js 3/3
gcal: http:/www.google.com/calendar/feeds/usa__en%40holiday.calendar.google.com/public/full?alt=json-in-script&callback=jQuery17104012641146347705_1342765511919&start-min=2012-07-02T00%3A00%3A00Z&start-max=2012-08-13T00%3A00%3A00Z&singleevents=true&max-results=9999&_=1342765514492 1/1
gcal: https:/www.google.com/calendar/feeds/ht3jlfaac5lfd6263ulfh4tql8%40group.calendar.google.com/public/full?alt=json-in-script&callback=jQuery17104012641146347705_1342765511920&start-min=2012-07-02T00%3A00%3A00Z&start-max=2012-08-13T00%3A00%3A00Z&singleevents=true&max-results=9999&ctz=America%2FEdmonton&_=1342765514542 1/1
iframe: script in file:/home/rahul/research/clone-unit-coverage/src/fullcalendar/tests/iframe.html from (-1, -1) to (-1, -1) 1/1
issue_206_parseDate_dst: ../src/fullcalendar/src/agenda/AgendaEventRenderer.js 2/317
issue_206_parseDate_dst: ../src/fullcalendar/src/agenda/AgendaView.js 2/411
issue_206_parseDate_dst: ../src/fullcalendar/src/agenda/AgendaWeekView.js 2/25
issue_206_parseDate_dst: ../src/fullcalendar/src/basic/BasicWeekView.js 2/25
issue_206_parseDate_dst: ../src/fullcalendar/src/agenda/AgendaDayView.js 2/19
issue_206_parseDate_dst: ../src/fullcalendar/src/basic/BasicDayView.js 2/17
issue_206_parseDate_dst: ../src/fullcalendar/src/common/CoordinateGrid.js 7/24
issue_206_parseDate_dst: ../src/fullcalendar/src/common/HoverListener.js 10/30
issue_206_parseDate_dst: ../src/fullcalendar/src/common/SelectionManager.js 18/54
issue_206_parseDate_dst: ../src/fullcalendar/src/common/OverlayManager.js 8/18
issue_206_parseDate_dst: ../src/fullcalendar/src/EventManager.js 94/205
issue_206_parseDate_dst: ../src/fullcalendar/src/date_util.js 109/205
issue_206_parseDate_dst: ../src/fullcalendar/src/main.js 18/31
issue_206_parseDate_dst: ../src/fullcalendar/src/common/View.js 61/102
issue_206_parseDate_dst: ../src/fullcalendar/src/Calendar.js 156/250
issue_206_parseDate_dst: ../src/fullcalendar/src/basic/BasicEventRenderer.js 47/71
issue_206_parseDate_dst: ../src/fullcalendar/src/common/DayEventRenderer.js 225/324
issue_206_parseDate_dst: ../src/fullcalendar/src/util.js 104/146
issue_206_parseDate_dst: ../src/fullcalendar/src/basic/BasicView.js 186/251
issue_206_parseDate_dst: ../src/fullcalendar/src/Header.js 56/68
issue_206_parseDate_dst: ../src/fullcalendar/src/basic/MonthView.js 30/34
issue_206_parseDate_dst: ../src/fullcalendar/src/_loader.js?debug 78/81
issue_206_parseDate_dst: ../src/fullcalendar/lib/jquery-1.7.1.min.js 3/3
issue_206_parseDate_dst: ../src/fullcalendar/lib/jquery-ui-1.8.17.custom.min.js 5/5
issue_206_parseDate_dst: ../src/fullcalendar/src/common/HorizontalPositionCache.js 12/12
issue_206_parseDate_dst: ../src/fullcalendar/src/defaults.js 2/2
issue_220_buttons_ie6: ../src/fullcalendar/src/agenda/AgendaEventRenderer.js 2/317
issue_220_buttons_ie6: ../src/fullcalendar/src/agenda/AgendaView.js 2/411
issue_220_buttons_ie6: ../src/fullcalendar/src/agenda/AgendaWeekView.js 2/25
issue_220_buttons_ie6: ../src/fullcalendar/src/basic/BasicWeekView.js 2/25
issue_220_buttons_ie6: ../src/fullcalendar/src/agenda/AgendaDayView.js 2/19
issue_220_buttons_ie6: ../src/fullcalendar/src/basic/BasicDayView.js 2/17
issue_220_buttons_ie6: ../src/fullcalendar/src/common/CoordinateGrid.js 7/24
issue_220_buttons_ie6: ../src/fullcalendar/src/EventManager.js 69/205
issue_220_buttons_ie6: ../src/fullcalendar/src/common/HoverListener.js 10/30
issue_220_buttons_ie6: ../src/fullcalendar/src/common/SelectionManager.js 18/54
issue_220_buttons_ie6: ../src/fullcalendar/src/date_util.js 79/205
issue_220_buttons_ie6: ../src/fullcalendar/src/util.js 63/146
issue_220_buttons_ie6: ../src/fullcalendar/src/common/DayEventRenderer.js 145/324
issue_220_buttons_ie6: ../src/fullcalendar/src/common/OverlayManager.js 8/18
issue_220_buttons_ie6: ../src/fullcalendar/src/common/View.js 52/102
issue_220_buttons_ie6: ../src/fullcalendar/src/main.js 16/31
issue_220_buttons_ie6: ../src/fullcalendar/src/basic/BasicEventRenderer.js 41/71
issue_220_buttons_ie6: ../src/fullcalendar/src/Calendar.js 156/250
issue_220_buttons_ie6: ../src/fullcalendar/src/basic/BasicView.js 183/251
issue_220_buttons_ie6: ../src/fullcalendar/src/common/HorizontalPositionCache.js 9/12
issue_220_buttons_ie6: ../src/fullcalendar/src/Header.js 56/68
issue_220_buttons_ie6: ../src/fullcalendar/src/basic/MonthView.js 30/34
issue_220_buttons_ie6: ../src/fullcalendar/src/_loader.js?debug 78/81
issue_220_buttons_ie6: ../src/fullcalendar/lib/jquery-1.7.1.min.js 3/3
issue_220_buttons_ie6: ../src/fullcalendar/lib/jquery-ui-1.8.17.custom.min.js 5/5
issue_220_buttons_ie6: ../src/fullcalendar/src/defaults.js 2/2
issue_221_quick_remove_source: ../src/fullcalendar/src/agenda/AgendaEventRenderer.js 2/317
issue_221_quick_remove_source: ../src/fullcalendar/src/agenda/AgendaView.js 2/411
issue_221_quick_remove_source: ../src/fullcalendar/src/agenda/AgendaWeekView.js 2/25
issue_221_quick_remove_source: ../src/fullcalendar/src/basic/BasicWeekView.js 2/25
issue_221_quick_remove_source: ../src/fullcalendar/src/agenda/AgendaDayView.js 2/19
issue_221_quick_remove_source: ../src/fullcalendar/src/basic/BasicDayView.js 2/17
issue_221_quick_remove_source: ../src/fullcalendar/src/common/CoordinateGrid.js 7/24
issue_221_quick_remove_source: ../src/fullcalendar/src/common/HoverListener.js 10/30
issue_221_quick_remove_source: ../src/fullcalendar/src/common/SelectionManager.js 18/54
issue_221_quick_remove_source: ../src/fullcalendar/src/common/OverlayManager.js 8/18
issue_221_quick_remove_source: ../src/fullcalendar/src/date_util.js 112/205
issue_221_quick_remove_source: ../src/fullcalendar/src/common/View.js 61/102
issue_221_quick_remove_source: ../src/fullcalendar/src/Calendar.js 157/250
issue_221_quick_remove_source: ../src/fullcalendar/src/EventManager.js 132/205
issue_221_quick_remove_source: ../src/fullcalendar/src/basic/BasicEventRenderer.js 47/71
issue_221_quick_remove_source: ../src/fullcalendar/src/common/DayEventRenderer.js 223/324
issue_221_quick_remove_source: ../src/fullcalendar/src/basic/BasicView.js 187/251
issue_221_quick_remove_source: ../src/fullcalendar/src/util.js 113/146
issue_221_quick_remove_source: ../src/fullcalendar/src/Header.js 56/68
issue_221_quick_remove_source: ../src/fullcalendar/src/main.js 27/31
issue_221_quick_remove_source: ../src/fullcalendar/src/basic/MonthView.js 30/34
issue_221_quick_remove_source: ../src/fullcalendar/src/gcal/gcal.js 41/44
issue_221_quick_remove_source: ../src/fullcalendar/src/_loader.js?debug 78/81
issue_221_quick_remove_source: ../src/fullcalendar/lib/jquery-1.7.1.min.js 3/3
issue_221_quick_remove_source: ../src/fullcalendar/lib/jquery-ui-1.8.17.custom.min.js 5/5
issue_221_quick_remove_source: ../src/fullcalendar/src/common/HorizontalPositionCache.js 12/12
issue_221_quick_remove_source: ../src/fullcalendar/src/defaults.js 2/2
issue_221_quick_remove_source: ../src/fullcalendar/src/gcal/_loader.js 3/3
issue_221_quick_remove_source: http:/www.google.com/calendar/feeds/usa__en%40holiday.calendar.google.com/public/full?alt=json-in-script&callback=jQuery1710519413398919664_1342765556961&start-min=2012-07-01T00%3A00%3A00Z&start-max=2012-08-12T00%3A00%3A00Z&singleevents=true&max-results=9999&_=1342765561744 1/1
issue_230_height_json_events: ../src/fullcalendar/src/agenda/AgendaEventRenderer.js 2/317
issue_230_height_json_events: ../src/fullcalendar/src/agenda/AgendaView.js 2/411
issue_230_height_json_events: ../src/fullcalendar/src/agenda/AgendaWeekView.js 2/25
issue_230_height_json_events: ../src/fullcalendar/src/basic/BasicWeekView.js 2/25
issue_230_height_json_events: ../src/fullcalendar/src/agenda/AgendaDayView.js 2/19
issue_230_height_json_events: ../src/fullcalendar/src/basic/BasicDayView.js 2/17
issue_230_height_json_events: ../src/fullcalendar/src/common/CoordinateGrid.js 7/24
issue_230_height_json_events: ../src/fullcalendar/src/common/HoverListener.js 10/30
issue_230_height_json_events: ../src/fullcalendar/src/common/SelectionManager.js 18/54
issue_230_height_json_events: ../src/fullcalendar/src/date_util.js 79/205
issue_230_height_json_events: ../src/fullcalendar/src/util.js 63/146
issue_230_height_json_events: ../src/fullcalendar/src/common/DayEventRenderer.js 145/324
issue_230_height_json_events: ../src/fullcalendar/src/common/OverlayManager.js 8/18
issue_230_height_json_events: ../src/fullcalendar/src/EventManager.js 103/205
issue_230_height_json_events: ../src/fullcalendar/src/common/View.js 52/102
issue_230_height_json_events: ../src/fullcalendar/src/basic/BasicEventRenderer.js 41/71
issue_230_height_json_events: ../src/fullcalendar/src/Calendar.js 171/250
issue_230_height_json_events: ../src/fullcalendar/src/basic/BasicView.js 183/251
issue_230_height_json_events: ../src/fullcalendar/src/common/HorizontalPositionCache.js 9/12
issue_230_height_json_events: ../src/fullcalendar/src/Header.js 54/68
issue_230_height_json_events: ../src/fullcalendar/src/basic/MonthView.js 30/34
issue_230_height_json_events: ../src/fullcalendar/src/main.js 29/31
issue_230_height_json_events: ../src/fullcalendar/src/_loader.js?debug 78/81
issue_230_height_json_events: ../src/fullcalendar/lib/jquery-1.7.1.min.js 3/3
issue_230_height_json_events: ../src/fullcalendar/lib/jquery-ui-1.8.17.custom.min.js 5/5
issue_230_height_json_events: ../src/fullcalendar/src/defaults.js 2/2
issue_244_aspectRatio_0: ../src/fullcalendar/src/basic/BasicView.js 2/251
issue_244_aspectRatio_0: ../src/fullcalendar/src/basic/BasicEventRenderer.js 1/71
issue_244_aspectRatio_0: ../src/fullcalendar/src/basic/MonthView.js 2/34
issue_244_aspectRatio_0: ../src/fullcalendar/src/basic/BasicWeekView.js 2/25
issue_244_aspectRatio_0: ../src/fullcalendar/src/agenda/AgendaDayView.js 2/19
issue_244_aspectRatio_0: ../src/fullcalendar/src/basic/BasicDayView.js 2/17
issue_244_aspectRatio_0: ../src/fullcalendar/src/agenda/AgendaEventRenderer.js 87/317
issue_244_aspectRatio_0: ../src/fullcalendar/src/common/CoordinateGrid.js 7/24
issue_244_aspectRatio_0: ../src/fullcalendar/src/EventManager.js 69/205
issue_244_aspectRatio_0: ../src/fullcalendar/src/common/HoverListener.js 10/30
issue_244_aspectRatio_0: ../src/fullcalendar/src/common/SelectionManager.js 18/54
issue_244_aspectRatio_0: ../src/fullcalendar/src/util.js 64/146
issue_244_aspectRatio_0: ../src/fullcalendar/src/common/DayEventRenderer.js 145/324
issue_244_aspectRatio_0: ../src/fullcalendar/src/common/OverlayManager.js 8/18
issue_244_aspectRatio_0: ../src/fullcalendar/src/common/View.js 52/102
issue_244_aspectRatio_0: ../src/fullcalendar/src/main.js 16/31
issue_244_aspectRatio_0: ../src/fullcalendar/src/date_util.js 107/205
issue_244_aspectRatio_0: ../src/fullcalendar/src/agenda/AgendaView.js 254/411
issue_244_aspectRatio_0: ../src/fullcalendar/src/Calendar.js 156/250
issue_244_aspectRatio_0: ../src/fullcalendar/src/common/HorizontalPositionCache.js 9/12
issue_244_aspectRatio_0: ../src/fullcalendar/src/Header.js 56/68
issue_244_aspectRatio_0: ../src/fullcalendar/src/agenda/AgendaWeekView.js 22/25
issue_244_aspectRatio_0: ../src/fullcalendar/src/_loader.js?debug 78/81
issue_244_aspectRatio_0: ../src/fullcalendar/lib/jquery-1.7.1.min.js 3/3
issue_244_aspectRatio_0: ../src/fullcalendar/lib/jquery-ui-1.8.17.custom.min.js 5/5
issue_244_aspectRatio_0: ../src/fullcalendar/src/defaults.js 2/2
issue_251_empty_end_date: ../src/fullcalendar/src/agenda/AgendaEventRenderer.js 2/317
issue_251_empty_end_date: ../src/fullcalendar/src/agenda/AgendaView.js 2/411
issue_251_empty_end_date: ../src/fullcalendar/src/agenda/AgendaWeekView.js 2/25
issue_251_empty_end_date: ../src/fullcalendar/src/basic/BasicWeekView.js 2/25
issue_251_empty_end_date: ../src/fullcalendar/src/agenda/AgendaDayView.js 2/19
issue_251_empty_end_date: ../src/fullcalendar/src/basic/BasicDayView.js 2/17
issue_251_empty_end_date: ../src/fullcalendar/src/common/CoordinateGrid.js 7/24
issue_251_empty_end_date: ../src/fullcalendar/src/common/HoverListener.js 10/30
issue_251_empty_end_date: ../src/fullcalendar/src/common/SelectionManager.js 18/54
issue_251_empty_end_date: ../src/fullcalendar/src/date_util.js 89/205
issue_251_empty_end_date: ../src/fullcalendar/src/common/OverlayManager.js 8/18
issue_251_empty_end_date: ../src/fullcalendar/src/EventManager.js 94/205
issue_251_empty_end_date: ../src/fullcalendar/src/main.js 18/31
issue_251_empty_end_date: ../src/fullcalendar/src/common/View.js 61/102
issue_251_empty_end_date: ../src/fullcalendar/src/Calendar.js 156/250
issue_251_empty_end_date: ../src/fullcalendar/src/basic/BasicEventRenderer.js 47/71
issue_251_empty_end_date: ../src/fullcalendar/src/common/DayEventRenderer.js 225/324
issue_251_empty_end_date: ../src/fullcalendar/src/util.js 104/146
issue_251_empty_end_date: ../src/fullcalendar/src/basic/BasicView.js 187/251
issue_251_empty_end_date: ../src/fullcalendar/src/Header.js 56/68
issue_251_empty_end_date: ../src/fullcalendar/src/basic/MonthView.js 30/34
issue_251_empty_end_date: ../src/fullcalendar/src/_loader.js?debug 78/81
issue_251_empty_end_date: ../src/fullcalendar/lib/jquery-1.7.1.min.js 3/3
issue_251_empty_end_date: ../src/fullcalendar/lib/jquery-ui-1.8.17.custom.min.js 5/5
issue_251_empty_end_date: ../src/fullcalendar/src/common/HorizontalPositionCache.js 12/12
issue_251_empty_end_date: ../src/fullcalendar/src/defaults.js 2/2
issue_333_blinking: ../src/fullcalendar/src/basic/BasicView.js 2/251
issue_333_blinking: ../src/fullcalendar/src/basic/BasicEventRenderer.js 1/71
issue_333_blinking: ../src/fullcalendar/src/basic/MonthView.js 2/34
issue_333_blinking: ../src/fullcalendar/src/agenda/AgendaWeekView.js 2/25
issue_333_blinking: ../src/fullcalendar/src/basic/BasicWeekView.js 2/25
issue_333_blinking: ../src/fullcalendar/src/basic/BasicDayView.js 2/17
issue_333_blinking: ../src/fullcalendar/src/common/CoordinateGrid.js 7/24
issue_333_blinking: ../src/fullcalendar/src/common/HoverListener.js 10/30
issue_333_blinking: ../src/fullcalendar/src/common/SelectionManager.js 18/54
issue_333_blinking: ../src/fullcalendar/src/common/DayEventRenderer.js 145/324
issue_333_blinking: ../src/fullcalendar/src/common/OverlayManager.js 8/18
issue_333_blinking: ../src/fullcalendar/src/EventManager.js 94/205
issue_333_blinking: ../src/fullcalendar/src/date_util.js 95/205
issue_333_blinking: ../src/fullcalendar/src/agenda/AgendaEventRenderer.js 174/317
issue_333_blinking: ../src/fullcalendar/src/main.js 18/31
issue_333_blinking: ../src/fullcalendar/src/common/View.js 62/102
issue_333_blinking: ../src/fullcalendar/src/Calendar.js 156/250
issue_333_blinking: ../src/fullcalendar/src/agenda/AgendaView.js 256/411
issue_333_blinking: ../src/fullcalendar/src/util.js 115/146
issue_333_blinking: ../src/fullcalendar/src/Header.js 54/68
issue_333_blinking: ../src/fullcalendar/src/agenda/AgendaDayView.js 16/19
issue_333_blinking: ../src/fullcalendar/src/_loader.js?debug 78/81
issue_333_blinking: ../src/fullcalendar/lib/jquery-1.7.1.min.js 3/3
issue_333_blinking: ../src/fullcalendar/lib/jquery-ui-1.8.17.custom.min.js 5/5
issue_333_blinking: ../src/fullcalendar/src/common/HorizontalPositionCache.js 12/12
issue_333_blinking: ../src/fullcalendar/src/defaults.js 2/2
issue_417_refetchEvents: ../src/fullcalendar/src/agenda/AgendaEventRenderer.js 2/317
issue_417_refetchEvents: ../src/fullcalendar/src/agenda/AgendaView.js 2/411
issue_417_refetchEvents: ../src/fullcalendar/src/agenda/AgendaWeekView.js 2/25
issue_417_refetchEvents: ../src/fullcalendar/src/basic/BasicWeekView.js 2/25
issue_417_refetchEvents: ../src/fullcalendar/src/agenda/AgendaDayView.js 2/19
issue_417_refetchEvents: ../src/fullcalendar/src/basic/BasicDayView.js 2/17
issue_417_refetchEvents: ../src/fullcalendar/src/common/CoordinateGrid.js 7/24
issue_417_refetchEvents: ../src/fullcalendar/src/common/HoverListener.js 10/30
issue_417_refetchEvents: ../src/fullcalendar/src/common/SelectionManager.js 18/54
issue_417_refetchEvents: ../src/fullcalendar/src/common/OverlayManager.js 8/18
issue_417_refetchEvents: ../src/fullcalendar/src/date_util.js 118/205
issue_417_refetchEvents: ../src/fullcalendar/src/main.js 18/31
issue_417_refetchEvents: ../src/fullcalendar/src/common/View.js 61/102
issue_417_refetchEvents: ../src/fullcalendar/src/EventManager.js 123/205
issue_417_refetchEvents: ../src/fullcalendar/src/Calendar.js 156/250
issue_417_refetchEvents: ../src/fullcalendar/src/basic/BasicEventRenderer.js 47/71
issue_417_refetchEvents: ../src/fullcalendar/src/common/DayEventRenderer.js 223/324
issue_417_refetchEvents: ../src/fullcalendar/src/basic/BasicView.js 186/251
issue_417_refetchEvents: ../src/fullcalendar/src/util.js 118/146
issue_417_refetchEvents: ../src/fullcalendar/src/Header.js 56/68
issue_417_refetchEvents: ../src/fullcalendar/src/basic/MonthView.js 30/34
issue_417_refetchEvents: ../src/fullcalendar/src/gcal/gcal.js 41/44
issue_417_refetchEvents: ../src/fullcalendar/src/_loader.js?debug 78/81
issue_417_refetchEvents: ../src/fullcalendar/lib/jquery-1.7.1.min.js 3/3
issue_417_refetchEvents: ../src/fullcalendar/lib/jquery-ui-1.8.17.custom.min.js 5/5
issue_417_refetchEvents: ../src/fullcalendar/src/common/HorizontalPositionCache.js 12/12
issue_417_refetchEvents: ../src/fullcalendar/src/defaults.js 2/2
issue_417_refetchEvents: ../src/fullcalendar/src/gcal/_loader.js 3/3
issue_417_refetchEvents: http:/www.google.com/calendar/feeds/usa__en%40holiday.calendar.google.com/public/full?alt=json-in-script&callback=jQuery17108159071260203901_1342765617690&start-min=2010-09-26T00%3A00%3A00Z&start-max=2010-11-07T00%3A00%3A00Z&singleevents=true&max-results=9999&_=1342765620863 1/1
issue_429_gotoDate: ../src/fullcalendar/src/agenda/AgendaEventRenderer.js 2/317
issue_429_gotoDate: ../src/fullcalendar/src/agenda/AgendaView.js 2/411
issue_429_gotoDate: ../src/fullcalendar/src/agenda/AgendaWeekView.js 2/25
issue_429_gotoDate: ../src/fullcalendar/src/basic/BasicWeekView.js 2/25
issue_429_gotoDate: ../src/fullcalendar/src/agenda/AgendaDayView.js 2/19
issue_429_gotoDate: ../src/fullcalendar/src/basic/BasicDayView.js 2/17
issue_429_gotoDate: ../src/fullcalendar/src/common/CoordinateGrid.js 7/24
issue_429_gotoDate: ../src/fullcalendar/src/EventManager.js 69/205
issue_429_gotoDate: ../src/fullcalendar/src/common/HoverListener.js 10/30
issue_429_gotoDate: ../src/fullcalendar/src/common/SelectionManager.js 18/54
issue_429_gotoDate: ../src/fullcalendar/src/date_util.js 83/205
issue_429_gotoDate: ../src/fullcalendar/src/util.js 63/146
issue_429_gotoDate: ../src/fullcalendar/src/common/DayEventRenderer.js 145/324
issue_429_gotoDate: ../src/fullcalendar/src/common/OverlayManager.js 8/18
issue_429_gotoDate: ../src/fullcalendar/src/common/View.js 52/102
issue_429_gotoDate: ../src/fullcalendar/src/main.js 16/31
issue_429_gotoDate: ../src/fullcalendar/src/basic/BasicEventRenderer.js 41/71
issue_429_gotoDate: ../src/fullcalendar/src/Calendar.js 156/250
issue_429_gotoDate: ../src/fullcalendar/src/basic/BasicView.js 182/251
issue_429_gotoDate: ../src/fullcalendar/src/common/HorizontalPositionCache.js 9/12
issue_429_gotoDate: ../src/fullcalendar/src/Header.js 56/68
issue_429_gotoDate: ../src/fullcalendar/src/basic/MonthView.js 30/34
issue_429_gotoDate: ../src/fullcalendar/src/_loader.js?debug 78/81
issue_429_gotoDate: ../src/fullcalendar/lib/jquery-1.7.1.min.js 3/3
issue_429_gotoDate: ../src/fullcalendar/lib/jquery-ui-1.8.17.custom.min.js 5/5
issue_429_gotoDate: ../src/fullcalendar/src/defaults.js 2/2
issue_477_event_width: ../src/fullcalendar/src/agenda/AgendaEventRenderer.js 2/317
issue_477_event_width: ../src/fullcalendar/src/agenda/AgendaView.js 2/411
issue_477_event_width: ../src/fullcalendar/src/agenda/AgendaWeekView.js 2/25
issue_477_event_width: ../src/fullcalendar/src/basic/BasicWeekView.js 2/25
issue_477_event_width: ../src/fullcalendar/src/agenda/AgendaDayView.js 2/19
issue_477_event_width: ../src/fullcalendar/src/basic/BasicDayView.js 2/17
issue_477_event_width: ../src/fullcalendar/src/common/CoordinateGrid.js 7/24
issue_477_event_width: ../src/fullcalendar/src/common/HoverListener.js 10/30
issue_477_event_width: ../src/fullcalendar/src/common/SelectionManager.js 18/54
issue_477_event_width: ../src/fullcalendar/src/common/OverlayManager.js 8/18
issue_477_event_width: ../src/fullcalendar/src/EventManager.js 93/205
issue_477_event_width: ../src/fullcalendar/src/date_util.js 99/205
issue_477_event_width: ../src/fullcalendar/src/main.js 18/31
issue_477_event_width: ../src/fullcalendar/src/common/View.js 61/102
issue_477_event_width: ../src/fullcalendar/src/Calendar.js 156/250
issue_477_event_width: ../src/fullcalendar/src/basic/BasicEventRenderer.js 47/71
issue_477_event_width: ../src/fullcalendar/src/common/DayEventRenderer.js 224/324
issue_477_event_width: ../src/fullcalendar/src/util.js 108/146
issue_477_event_width: ../src/fullcalendar/src/basic/BasicView.js 186/251
issue_477_event_width: ../src/fullcalendar/src/Header.js 56/68
issue_477_event_width: ../src/fullcalendar/src/basic/MonthView.js 30/34
issue_477_event_width: ../src/fullcalendar/src/_loader.js?debug 78/81
issue_477_event_width: ../src/fullcalendar/lib/jquery-1.7.1.min.js 3/3
issue_477_event_width: ../src/fullcalendar/lib/jquery-ui-1.8.17.custom.min.js 5/5
issue_477_event_width: ../src/fullcalendar/src/common/HorizontalPositionCache.js 12/12
issue_477_event_width: ../src/fullcalendar/src/defaults.js 2/2
issue_517_js_error_ie: ../src/fullcalendar/src/basic/BasicView.js 2/251
issue_517_js_error_ie: ../src/fullcalendar/src/basic/BasicEventRenderer.js 1/71
issue_517_js_error_ie: ../src/fullcalendar/src/basic/MonthView.js 2/34
issue_517_js_error_ie: ../src/fullcalendar/src/basic/BasicWeekView.js 2/25
issue_517_js_error_ie: ../src/fullcalendar/src/agenda/AgendaDayView.js 2/19
issue_517_js_error_ie: ../src/fullcalendar/src/basic/BasicDayView.js 2/17
issue_517_js_error_ie: ../src/fullcalendar/src/common/CoordinateGrid.js 7/24
issue_517_js_error_ie: ../src/fullcalendar/src/common/HoverListener.js 10/30
issue_517_js_error_ie: ../src/fullcalendar/src/common/SelectionManager.js 18/54
issue_517_js_error_ie: ../src/fullcalendar/src/common/DayEventRenderer.js 145/324
issue_517_js_error_ie: ../src/fullcalendar/src/common/OverlayManager.js 8/18
issue_517_js_error_ie: ../src/fullcalendar/src/EventManager.js 93/205
issue_517_js_error_ie: ../src/fullcalendar/src/agenda/AgendaEventRenderer.js 170/317
issue_517_js_error_ie: ../src/fullcalendar/src/date_util.js 112/205
issue_517_js_error_ie: ../src/fullcalendar/src/main.js 18/31
issue_517_js_error_ie: ../src/fullcalendar/src/common/View.js 61/102
issue_517_js_error_ie: ../src/fullcalendar/src/Calendar.js 156/250
issue_517_js_error_ie: ../src/fullcalendar/src/agenda/AgendaView.js 257/411
issue_517_js_error_ie: ../src/fullcalendar/src/util.js 110/146
issue_517_js_error_ie: ../src/fullcalendar/src/Header.js 56/68
issue_517_js_error_ie: ../src/fullcalendar/src/agenda/AgendaWeekView.js 22/25
issue_517_js_error_ie: ../src/fullcalendar/src/_loader.js?debug 78/81
issue_517_js_error_ie: ../src/fullcalendar/lib/jquery-1.7.1.min.js 3/3
issue_517_js_error_ie: ../src/fullcalendar/lib/jquery-ui-1.8.17.custom.min.js 5/5
issue_517_js_error_ie: ../src/fullcalendar/src/common/HorizontalPositionCache.js 12/12
issue_517_js_error_ie: ../src/fullcalendar/src/defaults.js 2/2
issue_554: ../src/fullcalendar/src/agenda/AgendaEventRenderer.js 2/317
issue_554: ../src/fullcalendar/src/agenda/AgendaView.js 2/411
issue_554: ../src/fullcalendar/src/agenda/AgendaWeekView.js 2/25
issue_554: ../src/fullcalendar/src/basic/BasicWeekView.js 2/25
issue_554: ../src/fullcalendar/src/agenda/AgendaDayView.js 2/19
issue_554: ../src/fullcalendar/src/basic/BasicDayView.js 2/17
issue_554: ../src/fullcalendar/src/common/CoordinateGrid.js 7/24
issue_554: ../src/fullcalendar/src/common/HoverListener.js 10/30
issue_554: ../src/fullcalendar/src/common/SelectionManager.js 18/54
issue_554: ../src/fullcalendar/src/common/OverlayManager.js 8/18
issue_554: ../src/fullcalendar/src/date_util.js 118/205
issue_554: ../src/fullcalendar/src/main.js 18/31
issue_554: ../src/fullcalendar/src/common/View.js 61/102
issue_554: ../src/fullcalendar/src/EventManager.js 123/205
issue_554: ../src/fullcalendar/src/Calendar.js 156/250
issue_554: ../src/fullcalendar/src/basic/BasicEventRenderer.js 47/71
issue_554: ../src/fullcalendar/src/common/DayEventRenderer.js 223/324
issue_554: ../src/fullcalendar/src/basic/BasicView.js 186/251
issue_554: ../src/fullcalendar/src/util.js 118/146
issue_554: ../src/fullcalendar/src/Header.js 56/68
issue_554: ../src/fullcalendar/src/basic/MonthView.js 30/34
issue_554: ../src/fullcalendar/src/gcal/gcal.js 41/44
issue_554: ../src/fullcalendar/src/_loader.js?debug 78/81
issue_554: ../src/fullcalendar/lib/jquery-1.7.1.min.js 3/3
issue_554: ../src/fullcalendar/lib/jquery-ui-1.8.17.custom.min.js 5/5
issue_554: ../src/fullcalendar/src/common/HorizontalPositionCache.js 12/12
issue_554: ../src/fullcalendar/src/defaults.js 2/2
issue_554: ../src/fullcalendar/src/gcal/_loader.js 3/3
issue_554: http:/www.google.com/calendar/feeds/usa__en%40holiday.calendar.google.com/public/full?alt=json-in-script&callback=jQuery17103400734272385223_1342765690700&start-min=2010-09-26T00%3A00%3A00Z&start-max=2010-11-07T00%3A00%3A00Z&singleevents=true&max-results=9999&_=1342765696987 1/1
issue_586_refetchEvents: ../src/fullcalendar/src/agenda/AgendaEventRenderer.js 2/317
issue_586_refetchEvents: ../src/fullcalendar/src/agenda/AgendaView.js 2/411
issue_586_refetchEvents: ../src/fullcalendar/src/agenda/AgendaWeekView.js 2/25
issue_586_refetchEvents: ../src/fullcalendar/src/basic/BasicWeekView.js 2/25
issue_586_refetchEvents: ../src/fullcalendar/src/agenda/AgendaDayView.js 2/19
issue_586_refetchEvents: ../src/fullcalendar/src/basic/BasicDayView.js 2/17
issue_586_refetchEvents: ../src/fullcalendar/src/common/CoordinateGrid.js 7/24
issue_586_refetchEvents: ../src/fullcalendar/src/common/HoverListener.js 10/30
issue_586_refetchEvents: ../src/fullcalendar/src/common/SelectionManager.js 18/54
issue_586_refetchEvents: ../src/fullcalendar/src/common/OverlayManager.js 8/18
issue_586_refetchEvents: ../src/fullcalendar/src/date_util.js 112/205
issue_586_refetchEvents: ../src/fullcalendar/src/main.js 18/31
issue_586_refetchEvents: ../src/fullcalendar/src/common/View.js 61/102
issue_586_refetchEvents: ../src/fullcalendar/src/EventManager.js 123/205
issue_586_refetchEvents: ../src/fullcalendar/src/Calendar.js 156/250
issue_586_refetchEvents: ../src/fullcalendar/src/basic/BasicEventRenderer.js 47/71
issue_586_refetchEvents: ../src/fullcalendar/src/common/DayEventRenderer.js 223/324
issue_586_refetchEvents: ../src/fullcalendar/src/basic/BasicView.js 187/251
issue_586_refetchEvents: ../src/fullcalendar/src/util.js 113/146
issue_586_refetchEvents: ../src/fullcalendar/src/Header.js 56/68
issue_586_refetchEvents: ../src/fullcalendar/src/basic/MonthView.js 30/34
issue_586_refetchEvents: ../src/fullcalendar/src/gcal/gcal.js 41/44
issue_586_refetchEvents: ../src/fullcalendar/src/_loader.js?debug 78/81
issue_586_refetchEvents: ../src/fullcalendar/lib/jquery-1.7.1.min.js 3/3
issue_586_refetchEvents: ../src/fullcalendar/lib/jquery-ui-1.8.17.custom.min.js 5/5
issue_586_refetchEvents: ../src/fullcalendar/src/common/HorizontalPositionCache.js 12/12
issue_586_refetchEvents: ../src/fullcalendar/src/defaults.js 2/2
issue_586_refetchEvents: ../src/fullcalendar/src/gcal/_loader.js 3/3
issue_586_refetchEvents: http:/www.google.com/calendar/feeds/usa__en%40holiday.calendar.google.com/public/full?alt=json-in-script&callback=jQuery17105283240134631633_1342765711730&start-min=2012-07-01T00%3A00%3A00Z&start-max=2012-08-12T00%3A00%3A00Z&singleevents=true&max-results=9999&_=1342765718314 1/1
issue_616: ../src/fullcalendar/src/agenda/AgendaEventRenderer.js 2/317
issue_616: ../src/fullcalendar/src/agenda/AgendaView.js 2/411
issue_616: ../src/fullcalendar/src/agenda/AgendaWeekView.js 2/25
issue_616: ../src/fullcalendar/src/basic/BasicWeekView.js 2/25
issue_616: ../src/fullcalendar/src/agenda/AgendaDayView.js 2/19
issue_616: ../src/fullcalendar/src/basic/BasicDayView.js 2/17
issue_616: ../src/fullcalendar/src/gcal/gcal.js 11/44
issue_616: ../src/fullcalendar/src/common/CoordinateGrid.js 7/24
issue_616: ../src/fullcalendar/src/common/HoverListener.js 10/30
issue_616: ../src/fullcalendar/src/common/SelectionManager.js 18/54
issue_616: ../src/fullcalendar/src/EventManager.js 72/205
issue_616: ../src/fullcalendar/src/date_util.js 79/205
issue_616: ../src/fullcalendar/src/util.js 63/146
issue_616: ../src/fullcalendar/src/common/DayEventRenderer.js 145/324
issue_616: ../src/fullcalendar/src/common/OverlayManager.js 8/18
issue_616: ../src/fullcalendar/src/common/View.js 52/102
issue_616: ../src/fullcalendar/src/main.js 16/31
issue_616: ../src/fullcalendar/src/basic/BasicEventRenderer.js 41/71
issue_616: ../src/fullcalendar/src/Calendar.js 156/250
issue_616: ../src/fullcalendar/src/basic/BasicView.js 183/251
issue_616: ../src/fullcalendar/src/common/HorizontalPositionCache.js 9/12
issue_616: ../src/fullcalendar/src/Header.js 56/68
issue_616: ../src/fullcalendar/src/basic/MonthView.js 30/34
issue_616: ../src/fullcalendar/src/_loader.js?debug 78/81
issue_616: ../src/fullcalendar/lib/jquery-1.7.1.min.js 3/3
issue_616: ../src/fullcalendar/lib/jquery-ui-1.8.17.custom.min.js 5/5
issue_616: ../src/fullcalendar/src/defaults.js 2/2
issue_616: ../src/fullcalendar/src/gcal/_loader.js 3/3
issue_679: ../src/fullcalendar/src/agenda/AgendaEventRenderer.js 2/317
issue_679: ../src/fullcalendar/src/agenda/AgendaView.js 2/411
issue_679: ../src/fullcalendar/src/agenda/AgendaWeekView.js 2/25
issue_679: ../src/fullcalendar/src/basic/BasicWeekView.js 2/25
issue_679: ../src/fullcalendar/src/agenda/AgendaDayView.js 2/19
issue_679: ../src/fullcalendar/src/basic/BasicDayView.js 2/17
issue_679: ../src/fullcalendar/src/gcal/gcal.js 11/44
issue_679: ../src/fullcalendar/src/common/CoordinateGrid.js 7/24
issue_679: ../src/fullcalendar/src/common/HoverListener.js 10/30
issue_679: ../src/fullcalendar/src/common/SelectionManager.js 18/54
issue_679: ../src/fullcalendar/src/EventManager.js 72/205
issue_679: ../src/fullcalendar/src/date_util.js 79/205
issue_679: ../src/fullcalendar/src/util.js 63/146
issue_679: ../src/fullcalendar/src/common/DayEventRenderer.js 145/324
issue_679: ../src/fullcalendar/src/common/OverlayManager.js 8/18
issue_679: ../src/fullcalendar/src/common/View.js 52/102
issue_679: ../src/fullcalendar/src/main.js 16/31
issue_679: ../src/fullcalendar/src/basic/BasicEventRenderer.js 41/71
issue_679: ../src/fullcalendar/src/Calendar.js 156/250
issue_679: ../src/fullcalendar/src/basic/BasicView.js 183/251
issue_679: ../src/fullcalendar/src/common/HorizontalPositionCache.js 9/12
issue_679: ../src/fullcalendar/src/Header.js 56/68
issue_679: ../src/fullcalendar/src/basic/MonthView.js 30/34
issue_679: ../src/fullcalendar/src/_loader.js?debug 78/81
issue_679: ../src/fullcalendar/lib/jquery-1.7.1.min.js 3/3
issue_679: ../src/fullcalendar/lib/jquery-ui-1.8.17.custom.min.js 5/5
issue_679: ../src/fullcalendar/src/defaults.js 2/2
issue_679: ../src/fullcalendar/src/gcal/_loader.js 3/3
issue_688_parseInt: ../src/fullcalendar/src/basic/BasicView.js 2/251
issue_688_parseInt: ../src/fullcalendar/src/basic/BasicEventRenderer.js 1/71
issue_688_parseInt: ../src/fullcalendar/src/basic/MonthView.js 2/34
issue_688_parseInt: ../src/fullcalendar/src/basic/BasicWeekView.js 2/25
issue_688_parseInt: ../src/fullcalendar/src/agenda/AgendaDayView.js 2/19
issue_688_parseInt: ../src/fullcalendar/src/basic/BasicDayView.js 2/17
issue_688_parseInt: ../src/fullcalendar/src/common/CoordinateGrid.js 7/24
issue_688_parseInt: ../src/fullcalendar/src/common/HoverListener.js 10/30
issue_688_parseInt: ../src/fullcalendar/src/common/SelectionManager.js 18/54
issue_688_parseInt: ../src/fullcalendar/src/common/OverlayManager.js 8/18
issue_688_parseInt: ../src/fullcalendar/src/EventManager.js 94/205
issue_688_parseInt: ../src/fullcalendar/src/agenda/AgendaEventRenderer.js 180/317
issue_688_parseInt: ../src/fullcalendar/src/date_util.js 117/205
issue_688_parseInt: ../src/fullcalendar/src/main.js 18/31
issue_688_parseInt: ../src/fullcalendar/src/common/View.js 62/102
issue_688_parseInt: ../src/fullcalendar/src/Calendar.js 156/250
issue_688_parseInt: ../src/fullcalendar/src/agenda/AgendaView.js 259/411
issue_688_parseInt: ../src/fullcalendar/src/common/DayEventRenderer.js 224/324
issue_688_parseInt: ../src/fullcalendar/src/util.js 117/146
issue_688_parseInt: ../src/fullcalendar/src/Header.js 56/68
issue_688_parseInt: ../src/fullcalendar/src/agenda/AgendaWeekView.js 22/25
issue_688_parseInt: ../src/fullcalendar/src/_loader.js?debug 78/81
issue_688_parseInt: ../src/fullcalendar/lib/jquery-1.7.1.min.js 3/3
issue_688_parseInt: ../src/fullcalendar/lib/jquery-ui-1.8.17.custom.min.js 5/5
issue_688_parseInt: ../src/fullcalendar/src/common/HorizontalPositionCache.js 12/12
issue_688_parseInt: ../src/fullcalendar/src/defaults.js 2/2
issue_740_event_resizing: ../src/fullcalendar/src/agenda/AgendaEventRenderer.js 2/317
issue_740_event_resizing: ../src/fullcalendar/src/agenda/AgendaView.js 2/411
issue_740_event_resizing: ../src/fullcalendar/src/agenda/AgendaWeekView.js 2/25
issue_740_event_resizing: ../src/fullcalendar/src/basic/BasicWeekView.js 2/25
issue_740_event_resizing: ../src/fullcalendar/src/agenda/AgendaDayView.js 2/19
issue_740_event_resizing: ../src/fullcalendar/src/basic/BasicDayView.js 2/17
issue_740_event_resizing: ../src/fullcalendar/src/common/CoordinateGrid.js 7/24
issue_740_event_resizing: ../src/fullcalendar/src/common/HoverListener.js 10/30
issue_740_event_resizing: ../src/fullcalendar/src/common/SelectionManager.js 18/54
issue_740_event_resizing: ../src/fullcalendar/src/common/OverlayManager.js 8/18
issue_740_event_resizing: ../src/fullcalendar/src/EventManager.js 94/205
issue_740_event_resizing: ../src/fullcalendar/src/date_util.js 98/205
issue_740_event_resizing: ../src/fullcalendar/src/main.js 18/31
issue_740_event_resizing: ../src/fullcalendar/src/common/View.js 63/102
issue_740_event_resizing: ../src/fullcalendar/src/Calendar.js 156/250
issue_740_event_resizing: ../src/fullcalendar/src/basic/BasicEventRenderer.js 47/71
issue_740_event_resizing: ../src/fullcalendar/src/common/DayEventRenderer.js 226/324
issue_740_event_resizing: ../src/fullcalendar/src/basic/BasicView.js 187/251
issue_740_event_resizing: ../src/fullcalendar/src/util.js 119/146
issue_740_event_resizing: ../src/fullcalendar/src/Header.js 56/68
issue_740_event_resizing: ../src/fullcalendar/src/basic/MonthView.js 32/34
issue_740_event_resizing: ../src/fullcalendar/src/_loader.js?debug 78/81
issue_740_event_resizing: ../src/fullcalendar/lib/jquery-1.7.1.min.js 3/3
issue_740_event_resizing: ../src/fullcalendar/lib/jquery-ui-1.8.17.custom.min.js 5/5
issue_740_event_resizing: ../src/fullcalendar/src/common/HorizontalPositionCache.js 12/12
issue_740_event_resizing: ../src/fullcalendar/src/defaults.js 2/2
issue_750: ../src/fullcalendar/src/agenda/AgendaEventRenderer.js 2/317
issue_750: ../src/fullcalendar/src/agenda/AgendaView.js 2/411
issue_750: ../src/fullcalendar/src/agenda/AgendaWeekView.js 2/25
issue_750: ../src/fullcalendar/src/basic/BasicWeekView.js 2/25
issue_750: ../src/fullcalendar/src/agenda/AgendaDayView.js 2/19
issue_750: ../src/fullcalendar/src/basic/BasicDayView.js 2/17
issue_750: ../src/fullcalendar/src/common/CoordinateGrid.js 7/24
issue_750: ../src/fullcalendar/src/common/HoverListener.js 10/30
issue_750: ../src/fullcalendar/src/common/SelectionManager.js 18/54
issue_750: ../src/fullcalendar/src/common/OverlayManager.js 8/18
issue_750: ../src/fullcalendar/src/EventManager.js 94/205
issue_750: ../src/fullcalendar/src/date_util.js 109/205
issue_750: ../src/fullcalendar/src/main.js 18/31
issue_750: ../src/fullcalendar/src/common/View.js 62/102
issue_750: ../src/fullcalendar/src/Calendar.js 156/250
issue_750: ../src/fullcalendar/src/basic/BasicEventRenderer.js 47/71
issue_750: ../src/fullcalendar/src/common/DayEventRenderer.js 226/324
issue_750: ../src/fullcalendar/src/basic/BasicView.js 186/251
issue_750: ../src/fullcalendar/src/util.js 109/146
issue_750: ../src/fullcalendar/src/Header.js 56/68
issue_750: ../src/fullcalendar/src/basic/MonthView.js 30/34
issue_750: ../src/fullcalendar/src/_loader.js?debug 78/81
issue_750: ../src/fullcalendar/lib/jquery-1.7.1.min.js 3/3
issue_750: ../src/fullcalendar/lib/jquery-ui-1.8.17.custom.min.js 5/5
issue_750: ../src/fullcalendar/src/common/HorizontalPositionCache.js 12/12
issue_750: ../src/fullcalendar/src/defaults.js 2/2
issue_757_removeEvents: ../src/fullcalendar/src/agenda/AgendaEventRenderer.js 2/317
issue_757_removeEvents: ../src/fullcalendar/src/agenda/AgendaView.js 2/411
issue_757_removeEvents: ../src/fullcalendar/src/agenda/AgendaWeekView.js 2/25
issue_757_removeEvents: ../src/fullcalendar/src/basic/BasicWeekView.js 2/25
issue_757_removeEvents: ../src/fullcalendar/src/agenda/AgendaDayView.js 2/19
issue_757_removeEvents: ../src/fullcalendar/src/basic/BasicDayView.js 2/17
issue_757_removeEvents: ../src/fullcalendar/src/common/CoordinateGrid.js 7/24
issue_757_removeEvents: ../src/fullcalendar/src/common/HoverListener.js 10/30
issue_757_removeEvents: ../src/fullcalendar/src/common/SelectionManager.js 18/54
issue_757_removeEvents: ../src/fullcalendar/src/date_util.js 87/205
issue_757_removeEvents: ../src/fullcalendar/src/common/DayEventRenderer.js 145/324
issue_757_removeEvents: ../src/fullcalendar/src/common/OverlayManager.js 8/18
issue_757_removeEvents: ../src/fullcalendar/src/EventManager.js 94/205
issue_757_removeEvents: ../src/fullcalendar/src/util.js 75/146
issue_757_removeEvents: ../src/fullcalendar/src/common/View.js 56/102
issue_757_removeEvents: ../src/fullcalendar/src/basic/BasicEventRenderer.js 41/71
issue_757_removeEvents: ../src/fullcalendar/src/main.js 18/31
issue_757_removeEvents: ../src/fullcalendar/src/Calendar.js 156/250
issue_757_removeEvents: ../src/fullcalendar/src/basic/BasicView.js 182/251
issue_757_removeEvents: ../src/fullcalendar/src/common/HorizontalPositionCache.js 9/12
issue_757_removeEvents: ../src/fullcalendar/src/Header.js 56/68
issue_757_removeEvents: ../src/fullcalendar/src/basic/MonthView.js 30/34
issue_757_removeEvents: ../src/fullcalendar/src/_loader.js?debug 78/81
issue_757_removeEvents: ../src/fullcalendar/lib/jquery-1.7.1.min.js 3/3
issue_757_removeEvents: ../src/fullcalendar/lib/jquery-ui-1.8.17.custom.min.js 5/5
issue_757_removeEvents: ../src/fullcalendar/src/defaults.js 2/2
liquidwidth: ../src/fullcalendar/src/agenda/AgendaEventRenderer.js 2/317
liquidwidth: ../src/fullcalendar/src/agenda/AgendaView.js 2/411
liquidwidth: ../src/fullcalendar/src/agenda/AgendaWeekView.js 2/25
liquidwidth: ../src/fullcalendar/src/basic/BasicWeekView.js 2/25
liquidwidth: ../src/fullcalendar/src/agenda/AgendaDayView.js 2/19
liquidwidth: ../src/fullcalendar/src/basic/BasicDayView.js 2/17
liquidwidth: ../src/fullcalendar/src/common/DayEventRenderer.js 42/324
liquidwidth: ../src/fullcalendar/src/date_util.js 28/205
liquidwidth: ../src/fullcalendar/src/EventManager.js 54/205
liquidwidth: ../src/fullcalendar/src/basic/MonthView.js 9/34
liquidwidth: ../src/fullcalendar/src/common/CoordinateGrid.js 7/24
liquidwidth: ../src/fullcalendar/src/util.js 43/146
liquidwidth: ../src/fullcalendar/src/common/SelectionManager.js 17/54
liquidwidth: ../src/fullcalendar/src/common/HoverListener.js 10/30
liquidwidth: ../src/fullcalendar/src/basic/BasicView.js 88/251
liquidwidth: ../src/fullcalendar/src/basic/BasicEventRenderer.js 30/71
liquidwidth: ../src/fullcalendar/src/common/OverlayManager.js 8/18
liquidwidth: ../src/fullcalendar/src/common/View.js 45/102
liquidwidth: ../src/fullcalendar/src/Calendar.js 113/250
liquidwidth: ../src/fullcalendar/src/common/HorizontalPositionCache.js 6/12
liquidwidth: ../src/fullcalendar/src/main.js 18/31
liquidwidth: ../src/fullcalendar/src/Header.js 54/68
liquidwidth: ../src/fullcalendar/src/_loader.js?debug 78/81
liquidwidth: ../src/fullcalendar/lib/jquery-1.7.1.min.js 3/3
liquidwidth: ../src/fullcalendar/lib/jquery-ui-1.8.17.custom.min.js 5/5
liquidwidth: ../src/fullcalendar/src/defaults.js 2/2
locale: ../src/fullcalendar/src/agenda/AgendaEventRenderer.js 2/317
locale: ../src/fullcalendar/src/agenda/AgendaView.js 2/411
locale: ../src/fullcalendar/src/agenda/AgendaWeekView.js 2/25
locale: ../src/fullcalendar/src/basic/BasicWeekView.js 2/25
locale: ../src/fullcalendar/src/agenda/AgendaDayView.js 2/19
locale: ../src/fullcalendar/src/basic/BasicDayView.js 2/17
locale: ../src/fullcalendar/src/common/CoordinateGrid.js 7/24
locale: ../src/fullcalendar/src/common/HoverListener.js 10/30
locale: ../src/fullcalendar/src/common/SelectionManager.js 18/54
locale: ../src/fullcalendar/src/common/OverlayManager.js 8/18
locale: ../src/fullcalendar/src/EventManager.js 94/205
locale: ../src/fullcalendar/src/date_util.js 98/205
locale: ../src/fullcalendar/src/main.js 18/31
locale: ../src/fullcalendar/src/common/View.js 63/102
locale: ../src/fullcalendar/src/Calendar.js 157/250
locale: ../src/fullcalendar/src/basic/BasicEventRenderer.js 47/71
locale: ../src/fullcalendar/src/common/DayEventRenderer.js 226/324
locale: ../src/fullcalendar/src/basic/BasicView.js 187/251
locale: ../src/fullcalendar/src/util.js 119/146
locale: ../src/fullcalendar/src/Header.js 56/68
locale: ../src/fullcalendar/src/basic/MonthView.js 30/34
locale: ../src/fullcalendar/src/_loader.js?debug 78/81
locale: ../src/fullcalendar/lib/jquery-1.7.1.min.js 3/3
locale: ../src/fullcalendar/lib/jquery-ui-1.8.17.custom.min.js 5/5
locale: ../src/fullcalendar/src/common/HorizontalPositionCache.js 12/12
locale: ../src/fullcalendar/src/defaults.js 2/2
many_agenda_events: ../src/fullcalendar/src/basic/BasicView.js 2/251
many_agenda_events: ../src/fullcalendar/src/basic/BasicEventRenderer.js 1/71
many_agenda_events: ../src/fullcalendar/src/basic/MonthView.js 2/34
many_agenda_events: ../src/fullcalendar/src/basic/BasicWeekView.js 2/25
many_agenda_events: ../src/fullcalendar/src/agenda/AgendaDayView.js 2/19
many_agenda_events: ../src/fullcalendar/src/basic/BasicDayView.js 2/17
many_agenda_events: ../src/fullcalendar/src/common/CoordinateGrid.js 7/24
many_agenda_events: ../src/fullcalendar/src/common/HoverListener.js 10/30
many_agenda_events: ../src/fullcalendar/src/common/SelectionManager.js 18/54
many_agenda_events: ../src/fullcalendar/src/common/OverlayManager.js 8/18
many_agenda_events: ../src/fullcalendar/src/agenda/AgendaEventRenderer.js 179/317
many_agenda_events: ../src/fullcalendar/src/EventManager.js 119/205
many_agenda_events: ../src/fullcalendar/src/main.js 18/31
many_agenda_events: ../src/fullcalendar/src/common/View.js 62/102
many_agenda_events: ../src/fullcalendar/src/Calendar.js 156/250
many_agenda_events: ../src/fullcalendar/src/agenda/AgendaView.js 258/411
many_agenda_events: ../src/fullcalendar/src/date_util.js 141/205
many_agenda_events: ../src/fullcalendar/src/common/DayEventRenderer.js 225/324
many_agenda_events: ../src/fullcalendar/src/util.js 119/146
many_agenda_events: ../src/fullcalendar/src/Header.js 56/68
many_agenda_events: ../src/fullcalendar/src/agenda/AgendaWeekView.js 22/25
many_agenda_events: ../src/fullcalendar/src/_loader.js?debug 78/81
many_agenda_events: ../src/fullcalendar/lib/jquery-1.7.1.min.js 3/3
many_agenda_events: ../src/fullcalendar/lib/jquery-ui-1.8.17.custom.min.js 5/5
many_agenda_events: ../src/fullcalendar/src/common/HorizontalPositionCache.js 12/12
many_agenda_events: ../src/fullcalendar/src/defaults.js 2/2
many_events: ../src/fullcalendar/src/agenda/AgendaEventRenderer.js 2/317
many_events: ../src/fullcalendar/src/agenda/AgendaView.js 2/411
many_events: ../src/fullcalendar/src/agenda/AgendaWeekView.js 2/25
many_events: ../src/fullcalendar/src/basic/BasicWeekView.js 2/25
many_events: ../src/fullcalendar/src/agenda/AgendaDayView.js 2/19
many_events: ../src/fullcalendar/src/basic/BasicDayView.js 2/17
many_events: ../src/fullcalendar/src/common/CoordinateGrid.js 7/24
many_events: ../src/fullcalendar/src/common/HoverListener.js 10/30
many_events: ../src/fullcalendar/src/common/SelectionManager.js 18/54
many_events: ../src/fullcalendar/src/common/OverlayManager.js 8/18
many_events: ../src/fullcalendar/src/date_util.js 95/205
many_events: ../src/fullcalendar/src/EventManager.js 118/205
many_events: ../src/fullcalendar/src/main.js 18/31
many_events: ../src/fullcalendar/src/common/View.js 62/102
many_events: ../src/fullcalendar/src/Calendar.js 156/250
many_events: ../src/fullcalendar/src/basic/BasicEventRenderer.js 47/71
many_events: ../src/fullcalendar/src/common/DayEventRenderer.js 226/324
many_events: ../src/fullcalendar/src/basic/BasicView.js 186/251
many_events: ../src/fullcalendar/src/Header.js 56/68
many_events: ../src/fullcalendar/src/util.js 122/146
many_events: ../src/fullcalendar/src/basic/MonthView.js 30/34
many_events: ../src/fullcalendar/src/_loader.js?debug 78/81
many_events: ../src/fullcalendar/lib/jquery-1.7.1.min.js 3/3
many_events: ../src/fullcalendar/lib/jquery-ui-1.8.17.custom.min.js 5/5
many_events: ../src/fullcalendar/src/common/HorizontalPositionCache.js 12/12
many_events: ../src/fullcalendar/src/defaults.js 2/2
method_destroy: ../src/fullcalendar/src/agenda/AgendaEventRenderer.js 2/317
method_destroy: ../src/fullcalendar/src/agenda/AgendaView.js 2/411
method_destroy: ../src/fullcalendar/src/agenda/AgendaWeekView.js 2/25
method_destroy: ../src/fullcalendar/src/basic/BasicWeekView.js 2/25
method_destroy: ../src/fullcalendar/src/agenda/AgendaDayView.js 2/19
method_destroy: ../src/fullcalendar/src/basic/BasicDayView.js 2/17
method_destroy: ../src/fullcalendar/src/common/CoordinateGrid.js 7/24
method_destroy: ../src/fullcalendar/src/EventManager.js 69/205
method_destroy: ../src/fullcalendar/src/common/HoverListener.js 10/30
method_destroy: ../src/fullcalendar/src/common/SelectionManager.js 18/54
method_destroy: ../src/fullcalendar/src/date_util.js 79/205
method_destroy: ../src/fullcalendar/src/util.js 64/146
method_destroy: ../src/fullcalendar/src/common/DayEventRenderer.js 145/324
method_destroy: ../src/fullcalendar/src/common/OverlayManager.js 8/18
method_destroy: ../src/fullcalendar/src/common/View.js 52/102
method_destroy: ../src/fullcalendar/src/basic/BasicEventRenderer.js 41/71
method_destroy: ../src/fullcalendar/src/Calendar.js 161/250
method_destroy: ../src/fullcalendar/src/basic/BasicView.js 183/251
method_destroy: ../src/fullcalendar/src/common/HorizontalPositionCache.js 9/12
method_destroy: ../src/fullcalendar/src/Header.js 57/68
method_destroy: ../src/fullcalendar/src/basic/MonthView.js 30/34
method_destroy: ../src/fullcalendar/src/main.js 28/31
method_destroy: ../src/fullcalendar/src/_loader.js?debug 78/81
method_destroy: ../src/fullcalendar/lib/jquery-1.7.1.min.js 3/3
method_destroy: ../src/fullcalendar/lib/jquery-ui-1.8.17.custom.min.js 5/5
method_destroy: ../src/fullcalendar/src/defaults.js 2/2
methods: ../src/fullcalendar/src/agenda/AgendaEventRenderer.js 2/317
methods: ../src/fullcalendar/src/agenda/AgendaView.js 2/411
methods: ../src/fullcalendar/src/agenda/AgendaWeekView.js 2/25
methods: ../src/fullcalendar/src/basic/BasicWeekView.js 2/25
methods: ../src/fullcalendar/src/agenda/AgendaDayView.js 2/19
methods: ../src/fullcalendar/src/basic/BasicDayView.js 2/17
methods: ../src/fullcalendar/src/common/DayEventRenderer.js 42/324
methods: ../src/fullcalendar/src/date_util.js 28/205
methods: ../src/fullcalendar/src/EventManager.js 55/205
methods: ../src/fullcalendar/src/basic/MonthView.js 9/34
methods: ../src/fullcalendar/src/gcal/gcal.js 12/44
methods: ../src/fullcalendar/src/common/CoordinateGrid.js 7/24
methods: ../src/fullcalendar/src/util.js 43/146
methods: ../src/fullcalendar/src/common/SelectionManager.js 17/54
methods: ../src/fullcalendar/src/common/HoverListener.js 10/30
methods: ../src/fullcalendar/src/basic/BasicView.js 88/251
methods: ../src/fullcalendar/src/basic/BasicEventRenderer.js 30/71
methods: ../src/fullcalendar/src/common/OverlayManager.js 8/18
methods: ../src/fullcalendar/src/common/View.js 45/102
methods: ../src/fullcalendar/src/Calendar.js 113/250
methods: ../src/fullcalendar/src/common/HorizontalPositionCache.js 6/12
methods: ../src/fullcalendar/src/main.js 18/31
methods: ../src/fullcalendar/src/Header.js 54/68
methods: ../src/fullcalendar/src/_loader.js?debug 78/81
methods: ../src/fullcalendar/lib/jquery-1.7.1.min.js 3/3
methods: ../src/fullcalendar/lib/jquery-ui-1.8.17.custom.min.js 5/5
methods: ../src/fullcalendar/src/defaults.js 2/2
methods: ../src/fullcalendar/src/gcal/_loader.js 3/3
options: ../src/fullcalendar/src/agenda/AgendaEventRenderer.js 2/317
options: ../src/fullcalendar/src/agenda/AgendaView.js 2/411
options: ../src/fullcalendar/src/agenda/AgendaWeekView.js 2/25
options: ../src/fullcalendar/src/basic/BasicWeekView.js 2/25
options: ../src/fullcalendar/src/agenda/AgendaDayView.js 2/19
options: ../src/fullcalendar/src/basic/BasicDayView.js 2/17
options: ../src/fullcalendar/src/common/DayEventRenderer.js 42/324
options: ../src/fullcalendar/src/date_util.js 28/205
options: ../src/fullcalendar/src/EventManager.js 54/205
options: ../src/fullcalendar/src/basic/MonthView.js 9/34
options: ../src/fullcalendar/src/common/CoordinateGrid.js 7/24
options: ../src/fullcalendar/src/util.js 43/146
options: ../src/fullcalendar/src/common/HoverListener.js 10/30
options: ../src/fullcalendar/src/common/SelectionManager.js 18/54
options: ../src/fullcalendar/src/basic/BasicView.js 88/251
options: ../src/fullcalendar/src/basic/BasicEventRenderer.js 30/71
options: ../src/fullcalendar/src/common/OverlayManager.js 8/18
options: ../src/fullcalendar/src/common/View.js 45/102
options: ../src/fullcalendar/src/Calendar.js 113/250
options: ../src/fullcalendar/src/common/HorizontalPositionCache.js 6/12
options: ../src/fullcalendar/src/main.js 18/31
options: ../src/fullcalendar/src/Header.js 54/68
options: ../src/fullcalendar/src/_loader.js?debug 78/81
options: ../src/fullcalendar/lib/jquery-1.7.1.min.js 3/3
options: ../src/fullcalendar/lib/jquery-ui-1.8.17.custom.min.js 5/5
options: ../src/fullcalendar/src/defaults.js 2/2
plain: ../src/fullcalendar/src/agenda/AgendaEventRenderer.js 2/317
plain: ../src/fullcalendar/src/agenda/AgendaView.js 2/411
plain: ../src/fullcalendar/src/agenda/AgendaWeekView.js 2/25
plain: ../src/fullcalendar/src/basic/BasicWeekView.js 2/25
plain: ../src/fullcalendar/src/agenda/AgendaDayView.js 2/19
plain: ../src/fullcalendar/src/basic/BasicDayView.js 2/17
plain: ../src/fullcalendar/src/common/CoordinateGrid.js 7/24
plain: ../src/fullcalendar/src/common/HoverListener.js 10/30
plain: ../src/fullcalendar/src/common/SelectionManager.js 18/54
plain: ../src/fullcalendar/src/common/OverlayManager.js 8/18
plain: ../src/fullcalendar/src/EventManager.js 94/205
plain: ../src/fullcalendar/src/date_util.js 94/205
plain: ../src/fullcalendar/src/main.js 18/31
plain: ../src/fullcalendar/src/common/View.js 63/102
plain: ../src/fullcalendar/src/Calendar.js 156/250
plain: ../src/fullcalendar/src/basic/BasicEventRenderer.js 47/71
plain: ../src/fullcalendar/src/common/DayEventRenderer.js 227/324
plain: ../src/fullcalendar/src/basic/BasicView.js 187/251
plain: ../src/fullcalendar/src/Header.js 56/68
plain: ../src/fullcalendar/src/util.js 121/146
plain: ../src/fullcalendar/src/basic/MonthView.js 30/34
plain: ../src/fullcalendar/src/_loader.js?debug 78/81
plain: ../src/fullcalendar/lib/jquery-1.7.1.min.js 3/3
plain: ../src/fullcalendar/lib/jquery-ui-1.8.17.custom.min.js 5/5
plain: ../src/fullcalendar/src/common/HorizontalPositionCache.js 12/12
plain: ../src/fullcalendar/src/defaults.js 2/2
selectable: ../src/fullcalendar/src/agenda/AgendaEventRenderer.js 2/317
selectable: ../src/fullcalendar/src/agenda/AgendaView.js 2/411
selectable: ../src/fullcalendar/src/agenda/AgendaWeekView.js 2/25
selectable: ../src/fullcalendar/src/basic/BasicWeekView.js 2/25
selectable: ../src/fullcalendar/src/agenda/AgendaDayView.js 2/19
selectable: ../src/fullcalendar/src/basic/BasicDayView.js 2/17
selectable: ../src/fullcalendar/src/common/CoordinateGrid.js 7/24
selectable: ../src/fullcalendar/src/common/HoverListener.js 10/30
selectable: ../src/fullcalendar/src/common/SelectionManager.js 19/54
selectable: ../src/fullcalendar/src/common/OverlayManager.js 8/18
selectable: ../src/fullcalendar/src/EventManager.js 94/205
selectable: ../src/fullcalendar/src/date_util.js 94/205
selectable: ../src/fullcalendar/src/main.js 18/31
selectable: ../src/fullcalendar/src/common/View.js 63/102
selectable: ../src/fullcalendar/src/Calendar.js 156/250
selectable: ../src/fullcalendar/src/basic/BasicEventRenderer.js 47/71
selectable: ../src/fullcalendar/src/common/DayEventRenderer.js 227/324
selectable: ../src/fullcalendar/src/basic/BasicView.js 187/251
selectable: ../src/fullcalendar/src/Header.js 56/68
selectable: ../src/fullcalendar/src/util.js 121/146
selectable: ../src/fullcalendar/src/basic/MonthView.js 30/34
selectable: ../src/fullcalendar/src/_loader.js?debug 78/81
selectable: ../src/fullcalendar/lib/jquery-1.7.1.min.js 3/3
selectable: ../src/fullcalendar/lib/jquery-ui-1.8.17.custom.min.js 5/5
selectable: ../src/fullcalendar/src/common/HorizontalPositionCache.js 12/12
selectable: ../src/fullcalendar/src/defaults.js 2/2
short_agenda: ../src/fullcalendar/src/basic/BasicView.js 2/251
short_agenda: ../src/fullcalendar/src/basic/BasicEventRenderer.js 1/71
short_agenda: ../src/fullcalendar/src/basic/MonthView.js 2/34
short_agenda: ../src/fullcalendar/src/basic/BasicWeekView.js 2/25
short_agenda: ../src/fullcalendar/src/agenda/AgendaDayView.js 2/19
short_agenda: ../src/fullcalendar/src/basic/BasicDayView.js 2/17
short_agenda: ../src/fullcalendar/src/common/DayEventRenderer.js 42/324
short_agenda: ../src/fullcalendar/src/date_util.js 28/205
short_agenda: ../src/fullcalendar/src/agenda/AgendaEventRenderer.js 54/317
short_agenda: ../src/fullcalendar/src/EventManager.js 54/205
short_agenda: ../src/fullcalendar/src/common/CoordinateGrid.js 7/24
short_agenda: ../src/fullcalendar/src/util.js 43/146
short_agenda: ../src/fullcalendar/src/agenda/AgendaView.js 126/411
short_agenda: ../src/fullcalendar/src/common/SelectionManager.js 17/54
short_agenda: ../src/fullcalendar/src/common/HoverListener.js 10/30
short_agenda: ../src/fullcalendar/src/agenda/AgendaWeekView.js 9/25
short_agenda: ../src/fullcalendar/src/common/OverlayManager.js 8/18
short_agenda: ../src/fullcalendar/src/common/View.js 45/102
short_agenda: ../src/fullcalendar/src/Calendar.js 113/250
short_agenda: ../src/fullcalendar/src/common/HorizontalPositionCache.js 6/12
short_agenda: ../src/fullcalendar/src/main.js 18/31
short_agenda: ../src/fullcalendar/src/Header.js 54/68
short_agenda: ../src/fullcalendar/src/_loader.js 75/81
short_agenda: ../src/fullcalendar/lib/jquery-1.7.1.min.js 3/3
short_agenda: ../src/fullcalendar/lib/jquery-ui-1.8.17.custom.min.js 5/5
short_agenda: ../src/fullcalendar/src/defaults.js 2/2
skip-redraw-test: ../src/fullcalendar/src/agenda/AgendaEventRenderer.js 2/317
skip-redraw-test: ../src/fullcalendar/src/agenda/AgendaView.js 2/411
skip-redraw-test: ../src/fullcalendar/src/agenda/AgendaWeekView.js 2/25
skip-redraw-test: ../src/fullcalendar/src/basic/BasicWeekView.js 2/25
skip-redraw-test: ../src/fullcalendar/src/agenda/AgendaDayView.js 2/19
skip-redraw-test: ../src/fullcalendar/src/basic/BasicDayView.js 2/17
skip-redraw-test: ../src/fullcalendar/src/common/CoordinateGrid.js 7/24
skip-redraw-test: ../src/fullcalendar/src/common/HoverListener.js 10/30
skip-redraw-test: ../src/fullcalendar/src/common/SelectionManager.js 18/54
skip-redraw-test: ../src/fullcalendar/src/common/OverlayManager.js 8/18
skip-redraw-test: ../src/fullcalendar/src/EventManager.js 94/205
skip-redraw-test: ../src/fullcalendar/src/date_util.js 94/205
skip-redraw-test: ../src/fullcalendar/src/main.js 18/31
skip-redraw-test: ../src/fullcalendar/src/common/View.js 63/102
skip-redraw-test: ../src/fullcalendar/src/Calendar.js 156/250
skip-redraw-test: ../src/fullcalendar/src/basic/BasicEventRenderer.js 47/71
skip-redraw-test: ../src/fullcalendar/src/common/DayEventRenderer.js 227/324
skip-redraw-test: ../src/fullcalendar/src/basic/BasicView.js 187/251
skip-redraw-test: ../src/fullcalendar/src/Header.js 56/68
skip-redraw-test: ../src/fullcalendar/src/util.js 121/146
skip-redraw-test: ../src/fullcalendar/src/basic/MonthView.js 30/34
skip-redraw-test: ../src/fullcalendar/src/_loader.js?debug 78/81
skip-redraw-test: ../src/fullcalendar/lib/jquery-1.7.1.min.js 3/3
skip-redraw-test: ../src/fullcalendar/lib/jquery-ui-1.8.17.custom.min.js 5/5
skip-redraw-test: ../src/fullcalendar/src/common/HorizontalPositionCache.js 12/12
skip-redraw-test: ../src/fullcalendar/src/defaults.js 2/2
sources: ../src/fullcalendar/src/agenda/AgendaEventRenderer.js 2/317
sources: ../src/fullcalendar/src/agenda/AgendaView.js 2/411
sources: ../src/fullcalendar/src/agenda/AgendaWeekView.js 2/25
sources: ../src/fullcalendar/src/basic/BasicWeekView.js 2/25
sources: ../src/fullcalendar/src/agenda/AgendaDayView.js 2/19
sources: ../src/fullcalendar/src/basic/BasicDayView.js 2/17
sources: ../src/fullcalendar/src/common/CoordinateGrid.js 7/24
sources: ../src/fullcalendar/src/common/HoverListener.js 10/30
sources: ../src/fullcalendar/src/common/SelectionManager.js 18/54
sources: ../src/fullcalendar/src/common/OverlayManager.js 8/18
sources: ../src/fullcalendar/src/main.js 16/31
sources: ../src/fullcalendar/src/common/View.js 63/102
sources: ../src/fullcalendar/src/Calendar.js 157/250
sources: ../src/fullcalendar/src/EventManager.js 135/205
sources: ../src/fullcalendar/src/basic/BasicEventRenderer.js 47/71
sources: ../src/fullcalendar/src/date_util.js 137/205
sources: ../src/fullcalendar/src/common/DayEventRenderer.js 227/324
sources: ../src/fullcalendar/src/basic/BasicView.js 187/251
sources: ../src/fullcalendar/src/Header.js 56/68
sources: ../src/fullcalendar/src/basic/MonthView.js 30/34
sources: ../src/fullcalendar/src/util.js 129/146
sources: ../src/fullcalendar/src/gcal/gcal.js 41/44
sources: ../src/fullcalendar/src/_loader.js?debug 78/81
sources: ../src/fullcalendar/lib/jquery-1.7.1.min.js 3/3
sources: ../src/fullcalendar/lib/jquery-ui-1.8.17.custom.min.js 5/5
sources: ../src/fullcalendar/src/common/HorizontalPositionCache.js 12/12
sources: ../src/fullcalendar/src/defaults.js 2/2
sources: ../src/fullcalendar/src/gcal/_loader.js 3/3
sources: http:/www.google.com/calendar/feeds/usa__en%40holiday.calendar.google.com/public/full?alt=json-in-script&callback=jQuery17104838015822876851_1342766119280&start-min=2012-07-01T00%3A00%3A00Z&start-max=2012-08-12T00%3A00%3A00Z&singleevents=true&max-results=9999&_=1342766126284 1/1
sources_new: ../src/fullcalendar/src/agenda/AgendaEventRenderer.js 2/317
sources_new: ../src/fullcalendar/src/agenda/AgendaView.js 2/411
sources_new: ../src/fullcalendar/src/agenda/AgendaWeekView.js 2/25
sources_new: ../src/fullcalendar/src/basic/BasicWeekView.js 2/25
sources_new: ../src/fullcalendar/src/agenda/AgendaDayView.js 2/19
sources_new: ../src/fullcalendar/src/basic/BasicDayView.js 2/17
sources_new: ../src/fullcalendar/src/common/CoordinateGrid.js 7/24
sources_new: ../src/fullcalendar/src/common/HoverListener.js 10/30
sources_new: ../src/fullcalendar/src/common/SelectionManager.js 19/54
sources_new: ../src/fullcalendar/src/common/OverlayManager.js 8/18
sources_new: ../src/fullcalendar/src/main.js 16/31
sources_new: ../src/fullcalendar/src/date_util.js 124/205
sources_new: ../src/fullcalendar/src/common/View.js 63/102
sources_new: ../src/fullcalendar/src/Calendar.js 156/250
sources_new: ../src/fullcalendar/src/EventManager.js 130/205
sources_new: ../src/fullcalendar/src/basic/BasicEventRenderer.js 47/71
sources_new: ../src/fullcalendar/src/common/DayEventRenderer.js 227/324
sources_new: ../src/fullcalendar/src/basic/BasicView.js 187/251
sources_new: ../src/fullcalendar/src/Header.js 56/68
sources_new: ../src/fullcalendar/src/basic/MonthView.js 30/34
sources_new: ../src/fullcalendar/src/gcal/gcal.js 39/44
sources_new: ../src/fullcalendar/src/util.js 131/146
sources_new: ../src/fullcalendar/src/_loader.js?debug 78/81
sources_new: ../src/fullcalendar/lib/jquery-1.7.1.min.js 3/3
sources_new: ../src/fullcalendar/lib/jquery-ui-1.8.17.custom.min.js 5/5
sources_new: ../src/fullcalendar/src/common/HorizontalPositionCache.js 12/12
sources_new: ../src/fullcalendar/src/defaults.js 2/2
sources_new: ../src/fullcalendar/src/gcal/_loader.js 3/3
sources_new: http:/www.google.com/calendar/feeds/usa__en%40holiday.calendar.google.com/public/full?alt=json-in-script&callback=jQuery17109506509300740557_1342766143537&start-min=2012-07-01T00%3A00%3A00Z&start-max=2012-08-12T00%3A00%3A00Z&singleevents=true&max-results=9999&_=1342766149970 1/1
stacking: ../src/fullcalendar/src/agenda/AgendaEventRenderer.js 2/317
stacking: ../src/fullcalendar/src/agenda/AgendaView.js 2/411
stacking: ../src/fullcalendar/src/agenda/AgendaWeekView.js 2/25
stacking: ../src/fullcalendar/src/basic/BasicWeekView.js 2/25
stacking: ../src/fullcalendar/src/agenda/AgendaDayView.js 2/19
stacking: ../src/fullcalendar/src/basic/BasicDayView.js 2/17
stacking: ../src/fullcalendar/src/common/CoordinateGrid.js 7/24
stacking: ../src/fullcalendar/src/common/HoverListener.js 10/30
stacking: ../src/fullcalendar/src/common/SelectionManager.js 18/54
stacking: ../src/fullcalendar/src/common/OverlayManager.js 8/18
stacking: ../src/fullcalendar/src/EventManager.js 94/205
stacking: ../src/fullcalendar/src/date_util.js 110/205
stacking: ../src/fullcalendar/src/main.js 18/31
stacking: ../src/fullcalendar/src/common/View.js 61/102
stacking: ../src/fullcalendar/src/Calendar.js 156/250
stacking: ../src/fullcalendar/src/basic/BasicEventRenderer.js 47/71
stacking: ../src/fullcalendar/src/common/DayEventRenderer.js 225/324
stacking: ../src/fullcalendar/src/basic/BasicView.js 186/251
stacking: ../src/fullcalendar/src/util.js 115/146
stacking: ../src/fullcalendar/src/Header.js 56/68
stacking: ../src/fullcalendar/src/basic/MonthView.js 30/34
stacking: ../src/fullcalendar/src/_loader.js?debug 78/81
stacking: ../src/fullcalendar/lib/jquery-1.7.1.min.js 3/3
stacking: ../src/fullcalendar/lib/jquery-ui-1.8.17.custom.min.js 5/5
stacking: ../src/fullcalendar/src/common/HorizontalPositionCache.js 12/12
stacking: ../src/fullcalendar/src/defaults.js 2/2
tabs: ../src/fullcalendar/src/agenda/AgendaEventRenderer.js 2/317
tabs: ../src/fullcalendar/src/agenda/AgendaView.js 2/411
tabs: ../src/fullcalendar/src/agenda/AgendaWeekView.js 2/25
tabs: ../src/fullcalendar/src/basic/BasicWeekView.js 2/25
tabs: ../src/fullcalendar/src/agenda/AgendaDayView.js 2/19
tabs: ../src/fullcalendar/src/basic/BasicDayView.js 2/17
tabs: ../src/fullcalendar/src/common/DayEventRenderer.js 42/324
tabs: ../src/fullcalendar/src/date_util.js 28/205
tabs: ../src/fullcalendar/src/EventManager.js 54/205
tabs: ../src/fullcalendar/src/basic/MonthView.js 9/34
tabs: ../src/fullcalendar/src/common/CoordinateGrid.js 7/24
tabs: ../src/fullcalendar/src/util.js 44/146
tabs: ../src/fullcalendar/src/common/SelectionManager.js 17/54
tabs: ../src/fullcalendar/src/common/HoverListener.js 10/30
tabs: ../src/fullcalendar/src/basic/BasicView.js 88/251
tabs: ../src/fullcalendar/src/basic/BasicEventRenderer.js 30/71
tabs: ../src/fullcalendar/src/common/OverlayManager.js 8/18
tabs: ../src/fullcalendar/src/common/View.js 45/102
tabs: ../src/fullcalendar/src/Calendar.js 114/250
tabs: ../src/fullcalendar/src/common/HorizontalPositionCache.js 6/12
tabs: ../src/fullcalendar/src/Header.js 54/68
tabs: ../src/fullcalendar/src/main.js 25/31
tabs: ../src/fullcalendar/src/_loader.js?debug 78/81
tabs: ../src/fullcalendar/lib/jquery-1.7.1.min.js 3/3
tabs: ../src/fullcalendar/lib/jquery-ui-1.8.17.custom.min.js 5/5
tabs: ../src/fullcalendar/src/defaults.js 2/2
theming: ../src/fullcalendar/src/agenda/AgendaEventRenderer.js 2/317
theming: ../src/fullcalendar/src/agenda/AgendaView.js 2/411
theming: ../src/fullcalendar/src/agenda/AgendaWeekView.js 2/25
theming: ../src/fullcalendar/src/basic/BasicWeekView.js 2/25
theming: ../src/fullcalendar/src/agenda/AgendaDayView.js 2/19
theming: ../src/fullcalendar/src/basic/BasicDayView.js 2/17
theming: ../src/fullcalendar/src/common/CoordinateGrid.js 7/24
theming: ../src/fullcalendar/src/common/HoverListener.js 10/30
theming: ../src/fullcalendar/src/common/SelectionManager.js 18/54
theming: ../src/fullcalendar/src/common/OverlayManager.js 8/18
theming: ../src/fullcalendar/src/date_util.js 94/205
theming: ../src/fullcalendar/src/EventManager.js 95/205
theming: ../src/fullcalendar/src/common/View.js 63/102
theming: ../src/fullcalendar/src/basic/BasicEventRenderer.js 47/71
theming: http:/jqueryui.com/themeroller/themeswitchertool 45/68
theming: ../src/fullcalendar/src/Calendar.js 169/250
theming: ../src/fullcalendar/src/common/DayEventRenderer.js 227/324
theming: ../src/fullcalendar/src/basic/BasicView.js 187/251
theming: ../src/fullcalendar/src/Header.js 56/68
theming: ../src/fullcalendar/src/util.js 121/146
theming: ../src/fullcalendar/src/basic/MonthView.js 30/34
theming: ../src/fullcalendar/src/main.js 29/31
theming: ../src/fullcalendar/src/_loader.js?debug 78/81
theming: ../src/fullcalendar/lib/jquery-1.7.1.min.js 3/3
theming: ../src/fullcalendar/lib/jquery-ui-1.8.17.custom.min.js 5/5
theming: ../src/fullcalendar/src/common/HorizontalPositionCache.js 12/12
theming: ../src/fullcalendar/src/defaults.js 2/2
triggers: ../src/fullcalendar/src/agenda/AgendaEventRenderer.js 2/317
triggers: ../src/fullcalendar/src/agenda/AgendaView.js 2/411
triggers: ../src/fullcalendar/src/agenda/AgendaWeekView.js 2/25
triggers: ../src/fullcalendar/src/basic/BasicWeekView.js 2/25
triggers: ../src/fullcalendar/src/agenda/AgendaDayView.js 2/19
triggers: ../src/fullcalendar/src/basic/BasicDayView.js 2/17
triggers: ../src/fullcalendar/src/common/DayEventRenderer.js 42/324
triggers: ../src/fullcalendar/src/date_util.js 28/205
triggers: ../src/fullcalendar/src/EventManager.js 54/205
triggers: ../src/fullcalendar/src/basic/MonthView.js 9/34
triggers: ../src/fullcalendar/src/common/CoordinateGrid.js 7/24
triggers: ../src/fullcalendar/src/util.js 43/146
triggers: ../src/fullcalendar/src/common/HoverListener.js 10/30
triggers: ../src/fullcalendar/src/common/SelectionManager.js 18/54
triggers: ../src/fullcalendar/src/basic/BasicView.js 88/251
triggers: ../src/fullcalendar/src/basic/BasicEventRenderer.js 30/71
triggers: ../src/fullcalendar/src/common/OverlayManager.js 8/18
triggers: ../src/fullcalendar/src/common/View.js 45/102
triggers: ../src/fullcalendar/src/Calendar.js 113/250
triggers: ../src/fullcalendar/src/common/HorizontalPositionCache.js 6/12
triggers: ../src/fullcalendar/src/main.js 18/31
triggers: ../src/fullcalendar/src/Header.js 54/68
triggers: ../src/fullcalendar/src/_loader.js?debug 78/81
triggers: ../src/fullcalendar/lib/jquery-1.7.1.min.js 3/3
triggers: ../src/fullcalendar/lib/jquery-ui-1.8.17.custom.min.js 5/5
triggers: ../src/fullcalendar/src/defaults.js 2/2
