barchart: ../src/g.raphael/g.raphael.js 1/244
barchart: ../src/g.raphael/g.bar.js 7/304
barchart: ../src/g.raphael/raphael-min.js 1/1
barchart: ../src/g.raphael/g.raphael.js 1/244
barchart: ../src/g.raphael/g.bar.js 7/304
barchart: ../src/g.raphael/raphael-min.js 1/1
barchart2: ../src/g.raphael/g.raphael.js 1/244
barchart2: ../src/g.raphael/g.bar.js 7/304
barchart2: ../src/g.raphael/raphael-min.js 1/1
barchart: ../src/g.raphael/g.raphael.js 1/244
barchart: ../src/g.raphael/g.bar.js 7/304
barchart: ../src/g.raphael/raphael-min.js 1/1
barchart2: ../src/g.raphael/g.raphael.js 1/244
barchart2: ../src/g.raphael/g.bar.js 7/304
barchart2: ../src/g.raphael/raphael-min.js 1/1
brightness: ../src/g.raphael/g.raphael.js 1/244
brightness: ../src/g.raphael/raphael-min.js 1/1
barchart: ../src/g.raphael/g.raphael.js 1/244
barchart: ../src/g.raphael/g.bar.js 7/304
barchart: ../src/g.raphael/raphael-min.js 1/1
barchart2: ../src/g.raphael/g.raphael.js 1/244
barchart2: ../src/g.raphael/g.bar.js 7/304
barchart2: ../src/g.raphael/raphael-min.js 1/1
brightness: ../src/g.raphael/g.raphael.js 1/244
brightness: ../src/g.raphael/raphael-min.js 1/1
dotchart: ../src/g.raphael/g.raphael.js 1/244
dotchart: ../src/g.raphael/g.dot.js 5/75
dotchart: ../src/g.raphael/raphael-min.js 1/1
barchart: ../src/g.raphael/g.raphael.js 1/244
barchart: ../src/g.raphael/g.bar.js 7/304
barchart: ../src/g.raphael/raphael-min.js 1/1
barchart2: ../src/g.raphael/g.raphael.js 1/244
barchart2: ../src/g.raphael/g.bar.js 7/304
barchart2: ../src/g.raphael/raphael-min.js 1/1
brightness: ../src/g.raphael/g.raphael.js 1/244
brightness: ../src/g.raphael/raphael-min.js 1/1
dotchart: ../src/g.raphael/g.raphael.js 1/244
dotchart: ../src/g.raphael/g.dot.js 5/75
dotchart: ../src/g.raphael/raphael-min.js 1/1
linechart: ../src/g.raphael/g.raphael.js 1/244
linechart: ../src/g.raphael/g.line.js 6/154
linechart: ../src/g.raphael/raphael-min.js 1/1
barchart: ../src/g.raphael/g.raphael.js 1/244
barchart: ../src/g.raphael/g.bar.js 7/304
barchart: ../src/g.raphael/raphael-min.js 1/1
barchart2: ../src/g.raphael/g.raphael.js 1/244
barchart2: ../src/g.raphael/g.bar.js 7/304
barchart2: ../src/g.raphael/raphael-min.js 1/1
brightness: ../src/g.raphael/g.raphael.js 1/244
brightness: ../src/g.raphael/raphael-min.js 1/1
dotchart: ../src/g.raphael/g.raphael.js 1/244
dotchart: ../src/g.raphael/g.dot.js 5/75
dotchart: ../src/g.raphael/raphael-min.js 1/1
linechart: ../src/g.raphael/g.raphael.js 1/244
linechart: ../src/g.raphael/g.line.js 6/154
linechart: ../src/g.raphael/raphael-min.js 1/1
piechart: ../src/g.raphael/g.raphael.js 1/244
piechart: ../src/g.raphael/g.pie.js 4/108
piechart: ../src/g.raphael/raphael-min.js 1/1
barchart: ../src/g.raphael/g.raphael.js 1/244
barchart: ../src/g.raphael/g.bar.js 7/304
barchart: ../src/g.raphael/raphael-min.js 1/1
barchart2: ../src/g.raphael/g.raphael.js 1/244
barchart2: ../src/g.raphael/g.bar.js 7/304
barchart2: ../src/g.raphael/raphael-min.js 1/1
brightness: ../src/g.raphael/g.raphael.js 1/244
brightness: ../src/g.raphael/raphael-min.js 1/1
dotchart: ../src/g.raphael/g.raphael.js 1/244
dotchart: ../src/g.raphael/g.dot.js 5/75
dotchart: ../src/g.raphael/raphael-min.js 1/1
linechart: ../src/g.raphael/g.raphael.js 1/244
linechart: ../src/g.raphael/g.line.js 6/154
linechart: ../src/g.raphael/raphael-min.js 1/1
piechart: ../src/g.raphael/g.raphael.js 1/244
piechart: ../src/g.raphael/g.pie.js 4/108
piechart: ../src/g.raphael/raphael-min.js 1/1
piechart2: ../src/g.raphael/g.raphael.js 1/244
piechart2: ../src/g.raphael/g.pie.js 4/108
piechart2: ../src/g.raphael/raphael-min.js 1/1
barchart: ../src/g.raphael/g.raphael.js 1/244
barchart: ../src/g.raphael/g.bar.js 7/304
barchart: ../src/g.raphael/raphael-min.js 1/1
barchart2: ../src/g.raphael/g.raphael.js 1/244
barchart2: ../src/g.raphael/g.bar.js 7/304
barchart2: ../src/g.raphael/raphael-min.js 1/1
brightness: ../src/g.raphael/g.raphael.js 1/244
brightness: ../src/g.raphael/raphael-min.js 1/1
dotchart: ../src/g.raphael/g.raphael.js 1/244
dotchart: ../src/g.raphael/g.dot.js 5/75
dotchart: ../src/g.raphael/raphael-min.js 1/1
linechart: ../src/g.raphael/g.raphael.js 1/244
linechart: ../src/g.raphael/g.line.js 6/154
linechart: ../src/g.raphael/raphael-min.js 1/1
piechart: ../src/g.raphael/g.raphael.js 1/244
piechart: ../src/g.raphael/g.pie.js 4/108
piechart: ../src/g.raphael/raphael-min.js 1/1
piechart2: ../src/g.raphael/g.raphael.js 1/244
piechart2: ../src/g.raphael/g.pie.js 4/108
piechart2: ../src/g.raphael/raphael-min.js 1/1
tooltips: ../src/g.raphael/g.raphael.js 1/244
tooltips: ../src/g.raphael/raphael-min.js 1/1
