composite-demo-test: ../src/gladius-core/node_modules/qunit/deps/qunit/qunit/qunit.js 230/699
composite-demo-test: ../src/gladius-core/node_modules/qunit/deps/qunit/addons/composite/qunit-composite.js 19/31
composite-demo-test: ../src/gladius-core/node_modules/qunit/deps/qunit/qunit/qunit.js 230/699
composite-demo-test: ../src/gladius-core/node_modules/qunit/deps/qunit/addons/composite/qunit-composite.js 19/31
composite-test: ../src/gladius-core/node_modules/qunit/deps/qunit/addons/composite/qunit-composite.js 11/31
composite-test: ../src/gladius-core/node_modules/qunit/deps/qunit/qunit/qunit.js 295/699
composite-demo-test: ../src/gladius-core/node_modules/qunit/deps/qunit/qunit/qunit.js 230/699
composite-demo-test: ../src/gladius-core/node_modules/qunit/deps/qunit/addons/composite/qunit-composite.js 19/31
composite-test: ../src/gladius-core/node_modules/qunit/deps/qunit/addons/composite/qunit-composite.js 11/31
composite-test: ../src/gladius-core/node_modules/qunit/deps/qunit/qunit/qunit.js 295/699
dummy-qunit-test: ../src/gladius-core/node_modules/qunit/deps/qunit/qunit/qunit.js 529/699
composite-demo-test: ../src/gladius-core/node_modules/qunit/deps/qunit/qunit/qunit.js 230/699
composite-demo-test: ../src/gladius-core/node_modules/qunit/deps/qunit/addons/composite/qunit-composite.js 19/31
composite-test: ../src/gladius-core/node_modules/qunit/deps/qunit/addons/composite/qunit-composite.js 11/31
composite-test: ../src/gladius-core/node_modules/qunit/deps/qunit/qunit/qunit.js 295/699
dummy-qunit-test: ../src/gladius-core/node_modules/qunit/deps/qunit/qunit/qunit.js 529/699
dummy-same-test: ../src/gladius-core/node_modules/qunit/deps/qunit/qunit/qunit.js 412/699
composite-demo-test: ../src/gladius-core/node_modules/qunit/deps/qunit/qunit/qunit.js 230/699
composite-demo-test: ../src/gladius-core/node_modules/qunit/deps/qunit/addons/composite/qunit-composite.js 19/31
composite-test: ../src/gladius-core/node_modules/qunit/deps/qunit/addons/composite/qunit-composite.js 11/31
composite-test: ../src/gladius-core/node_modules/qunit/deps/qunit/qunit/qunit.js 295/699
dummy-qunit-test: ../src/gladius-core/node_modules/qunit/deps/qunit/qunit/qunit.js 529/699
dummy-same-test: ../src/gladius-core/node_modules/qunit/deps/qunit/qunit/qunit.js 412/699
headless: ../src/gladius-core/node_modules/qunit/deps/qunit/qunit/qunit.js 123/699
composite-demo-test: ../src/gladius-core/node_modules/qunit/deps/qunit/qunit/qunit.js 230/699
composite-demo-test: ../src/gladius-core/node_modules/qunit/deps/qunit/addons/composite/qunit-composite.js 19/31
composite-test: ../src/gladius-core/node_modules/qunit/deps/qunit/addons/composite/qunit-composite.js 11/31
composite-test: ../src/gladius-core/node_modules/qunit/deps/qunit/qunit/qunit.js 295/699
dummy-qunit-test: ../src/gladius-core/node_modules/qunit/deps/qunit/qunit/qunit.js 529/699
dummy-same-test: ../src/gladius-core/node_modules/qunit/deps/qunit/qunit/qunit.js 412/699
headless: ../src/gladius-core/node_modules/qunit/deps/qunit/qunit/qunit.js 123/699
index: ../src/gladius-core/node_modules/qunit/deps/qunit/qunit/qunit.js 551/699
composite-demo-test: ../src/gladius-core/node_modules/qunit/deps/qunit/qunit/qunit.js 230/699
composite-demo-test: ../src/gladius-core/node_modules/qunit/deps/qunit/addons/composite/qunit-composite.js 19/31
composite-test: ../src/gladius-core/node_modules/qunit/deps/qunit/addons/composite/qunit-composite.js 11/31
composite-test: ../src/gladius-core/node_modules/qunit/deps/qunit/qunit/qunit.js 295/699
dummy-qunit-test: ../src/gladius-core/node_modules/qunit/deps/qunit/qunit/qunit.js 529/699
dummy-same-test: ../src/gladius-core/node_modules/qunit/deps/qunit/qunit/qunit.js 412/699
headless: ../src/gladius-core/node_modules/qunit/deps/qunit/qunit/qunit.js 123/699
index: ../src/gladius-core/node_modules/qunit/deps/qunit/qunit/qunit.js 551/699
logs: ../src/gladius-core/node_modules/qunit/deps/qunit/qunit/qunit.js 119/699
composite-demo-test: ../src/gladius-core/node_modules/qunit/deps/qunit/qunit/qunit.js 230/699
composite-demo-test: ../src/gladius-core/node_modules/qunit/deps/qunit/addons/composite/qunit-composite.js 19/31
composite-test: ../src/gladius-core/node_modules/qunit/deps/qunit/addons/composite/qunit-composite.js 11/31
composite-test: ../src/gladius-core/node_modules/qunit/deps/qunit/qunit/qunit.js 295/699
dummy-qunit-test: ../src/gladius-core/node_modules/qunit/deps/qunit/qunit/qunit.js 529/699
dummy-same-test: ../src/gladius-core/node_modules/qunit/deps/qunit/qunit/qunit.js 412/699
headless: ../src/gladius-core/node_modules/qunit/deps/qunit/qunit/qunit.js 123/699
index: ../src/gladius-core/node_modules/qunit/deps/qunit/qunit/qunit.js 551/699
logs: ../src/gladius-core/node_modules/qunit/deps/qunit/qunit/qunit.js 119/699
index: ../src/gladius-core/src/core/engine.js 2/128
index: ../src/gladius-core/src/core/components/transform.js 2/45
index: ../src/gladius-core/src/base/extension.js 4/44
index: ../src/gladius-core/lib/_math.js 104/765
index: ../src/gladius-core/src/core/entity.js 18/137
index: ../src/gladius-core/src/common/graph.js 14/98
index: ../src/gladius-core/src/core/get.js 4/28
index: ../src/gladius-core/src/core/space.js 16/101
index: ../src/gladius-core/lib/when.js 31/183
index: ../src/gladius-core/tools/sinon.js 287/1597
index: ../src/gladius-core/src/core/event.js 5/24
index: ../src/gladius-core/src/core/function-task.js 19/93
index: ../src/gladius-core/src/common/multicast-delegate.js 7/33
index: ../src/gladius-core/src/core/dependency-scheduler.js 14/64
index: ../src/gladius-core/src/core/loaders/default.js 4/18
index: ../src/gladius-core/tools/qunit/qunit.js 170/748
index: ../src/gladius-core/src/core/resources/event-map.js 5/19
index: ../src/gladius-core/src/base/service.js 16/52
index: ../src/gladius-core/src/common/get-url-params.js 5/16
index: ../src/gladius-core/src/core/clock.js 15/47
index: ../src/gladius-core/src/core/timer.js 11/31
index: ../src/gladius-core/src/core/components/actor.js 13/35
index: ../src/gladius-core/src/base/component.js 14/35
index: ../src/gladius-core/src/common/decode-data-uri.js 5/12
index: ../src/gladius-core/src/core/loaders/procedural.js 5/12
index: ../src/gladius-core/src/core/resources/script.js 3/7
index: ../src/gladius-core/src/core/services/updater.js 10/22
index: ../src/gladius-core/src/common/guid.js 5/9
index: ../src/gladius-core/src/core/loop.js 20/36
index: ../src/gladius-core/lib/require.js 371/642
index: ../src/gladius-core/src/common/assert.js 5/8
index: ../src/gladius-core/src/common/decode-javascript-uri.js 5/8
index: ../src/gladius-core/src/core/request-animation-frame-loop.js 11/15
index: ../src/gladius-core/src/core/set-timeout-loop.js 9/12
index: ../src/gladius-core/tools/sinon-qunit.js 10/12
index: ../src/gladius-core/src/common/extend.js 9/10
