index: ../src/glow1/src/widgets/overlay/overlay.js 13/230
index: ../src/glow1/src/dragdrop/dragdrop.js 26/392
index: ../src/glow1/src/tweens/tweens.js 3/44
index: ../src/glow1/src/anim/anim.js 26/354
index: ../src/glow1/src/forms/forms.js 23/289
index: ../src/glow1/src/widgets/carousel/carousel.js 32/442
index: ../src/glow1/src/widgets/slider/slider.js 23/303
index: ../src/glow1/src/widgets/autosuggest/autosuggest.js 32/397
index: ../src/glow1/src/widgets/mask/mask.js 5/50
index: ../src/glow1/src/widgets/timetable/timetable.js 67/648
index: ../src/glow1/src/widgets/editor/editor.js 75/665
index: ../src/glow1/src/widgets/infopanel/infopanel.js 10/73
index: ../src/glow1/src/widgets/sortable/sortable.js 9/52
index: ../src/glow1/src/widgets/autocomplete/autocomplete.js 3/14
index: ../src/glow1/src/embed/embed.js 27/95
index: ../src/glow1/src/i18n/i18n.js 57/163
index: ../src/glow1/src/widgets/panel/panel.js 35/93
index: ../src/glow1/src/events/events.js 153/295
index: ../src/glow1/src/net/net.js 126/236
index: ../src/glow1/src/glow/glow.js 121/184
index: ../src/glow1/srcloader/srcloader.js 47/67
index: ../src/glow1/src/widgets/widgets.js 16/22
index: ../src/glow1/src/dom/dom.js 744/901
index: ../src/glow1/src/data/data.js 95/110
index: ../src/glow1/test/testdata/xhr/jsoncallback.js?callback=_glow531021990loadScriptCbs.c0&cachebuster=1343014370770 4/4
index: ../src/glow1/test/testdata/xhr/loadscriptfail.js?callback=_glow531021990loadScriptCbs.c1&cachebuster=1343014373825 1/1
index: ../src/glow1/src/widgets/overlay/overlay.js 13/230
index: ../src/glow1/src/dragdrop/dragdrop.js 26/392
index: ../src/glow1/src/tweens/tweens.js 3/44
index: ../src/glow1/src/anim/anim.js 26/354
index: ../src/glow1/src/forms/forms.js 23/289
index: ../src/glow1/src/widgets/carousel/carousel.js 32/442
index: ../src/glow1/src/widgets/slider/slider.js 23/303
index: ../src/glow1/src/widgets/autosuggest/autosuggest.js 32/397
index: ../src/glow1/src/widgets/mask/mask.js 5/50
index: ../src/glow1/src/widgets/timetable/timetable.js 67/648
index: ../src/glow1/src/widgets/editor/editor.js 75/665
index: ../src/glow1/src/widgets/infopanel/infopanel.js 10/73
index: ../src/glow1/src/widgets/sortable/sortable.js 9/52
index: ../src/glow1/src/widgets/autocomplete/autocomplete.js 3/14
index: ../src/glow1/src/embed/embed.js 27/95
index: ../src/glow1/src/i18n/i18n.js 57/163
index: ../src/glow1/src/widgets/panel/panel.js 35/93
index: ../src/glow1/src/events/events.js 153/295
index: ../src/glow1/src/net/net.js 126/236
index: ../src/glow1/src/glow/glow.js 121/184
index: ../src/glow1/srcloader/srcloader.js 47/67
index: ../src/glow1/src/widgets/widgets.js 16/22
index: ../src/glow1/src/dom/dom.js 744/901
index: ../src/glow1/src/data/data.js 95/110
index: ../src/glow1/test/testdata/xhr/jsoncallback.js?callback=_glow531021990loadScriptCbs.c0&cachebuster=1343014370770 4/4
index: ../src/glow1/test/testdata/xhr/loadscriptfail.js?callback=_glow531021990loadScriptCbs.c1&cachebuster=1343014373825 1/1
index: ../src/glow1/src/widgets/overlay/overlay.js 13/230
index: ../src/glow1/src/dragdrop/dragdrop.js 26/392
index: ../src/glow1/src/tweens/tweens.js 3/44
index: ../src/glow1/src/anim/anim.js 26/354
index: ../src/glow1/src/forms/forms.js 23/289
index: ../src/glow1/src/widgets/carousel/carousel.js 32/442
index: ../src/glow1/src/widgets/slider/slider.js 23/303
index: ../src/glow1/src/widgets/autosuggest/autosuggest.js 32/397
index: ../src/glow1/src/widgets/mask/mask.js 5/50
index: ../src/glow1/src/widgets/timetable/timetable.js 67/648
index: ../src/glow1/src/widgets/editor/editor.js 75/665
index: ../src/glow1/src/widgets/infopanel/infopanel.js 10/73
index: ../src/glow1/src/widgets/sortable/sortable.js 9/52
index: ../src/glow1/src/widgets/autocomplete/autocomplete.js 3/14
index: ../src/glow1/src/embed/embed.js 27/95
index: ../src/glow1/src/i18n/i18n.js 57/163
index: ../src/glow1/src/widgets/panel/panel.js 35/93
index: ../src/glow1/src/events/events.js 153/295
index: ../src/glow1/src/net/net.js 126/236
index: ../src/glow1/src/glow/glow.js 121/184
index: ../src/glow1/srcloader/srcloader.js 47/67
index: ../src/glow1/src/widgets/widgets.js 16/22
index: ../src/glow1/src/dom/dom.js 744/901
index: ../src/glow1/src/data/data.js 95/110
index: ../src/glow1/test/testdata/xhr/jsoncallback.js?callback=_glow531021990loadScriptCbs.c0&cachebuster=1343014370770 4/4
index: ../src/glow1/test/testdata/xhr/loadscriptfail.js?callback=_glow531021990loadScriptCbs.c1&cachebuster=1343014373825 1/1
