html4+html5.jquery: ../src/history.js/vendor/jquery.js 614/3335
html4+html5.jquery: ../src/history.js/vendor/qunit/qunit/qunit.js 363/638
html4+html5.jquery: ../src/history.js/scripts/bundled/html4+html5/jquery.history.js 1/1
html4+html5.mootools: ../src/history.js/vendor/mootools.js 644/2445
html4+html5.mootools: ../src/history.js/vendor/qunit/qunit/qunit.js 361/638
html4+html5.mootools: ../src/history.js/scripts/bundled/html4+html5/mootools.history.js 1/1
html4+html5.native: ../src/history.js/vendor/qunit/qunit/qunit.js 365/638
html4+html5.native: ../src/history.js/scripts/bundled/html4+html5/native.history.js 1/1
html4+html5.right: ../src/history.js/vendor/right.js 344/1438
html4+html5.right: ../src/history.js/vendor/qunit/qunit/qunit.js 361/638
html4+html5.right: ../src/history.js/scripts/bundled/html4+html5/right.history.js 1/1
html4+html5.zepto: ../src/history.js/vendor/zepto.js 151/512
html4+html5.zepto: ../src/history.js/vendor/qunit/qunit/qunit.js 361/638
html4+html5.zepto: ../src/history.js/scripts/bundled/html4+html5/zepto.history.js 1/1
html5.jquery: ../src/history.js/vendor/jquery.js 568/3335
html5.jquery: ../src/history.js/vendor/qunit/qunit/qunit.js 133/638
html5.jquery: ../src/history.js/scripts/bundled/html5/jquery.history.js 1/1
html5.mootools: ../src/history.js/vendor/qunit/qunit/qunit.js 133/638
html5.mootools: ../src/history.js/vendor/mootools.js 638/2445
html5.mootools: ../src/history.js/scripts/bundled/html5/mootools.history.js 1/1
html5.native: ../src/history.js/vendor/qunit/qunit/qunit.js 133/638
html5.native: ../src/history.js/scripts/bundled/html5/native.history.js 1/1
html5.right: ../src/history.js/vendor/qunit/qunit/qunit.js 133/638
html5.right: ../src/history.js/vendor/right.js 297/1438
html5.right: ../src/history.js/scripts/bundled/html5/right.history.js 1/1
html5.zepto: ../src/history.js/vendor/qunit/qunit/qunit.js 133/638
html5.zepto: ../src/history.js/vendor/zepto.js 144/512
html5.zepto: ../src/history.js/scripts/bundled/html5/zepto.history.js 1/1
html4+html5.jquery: ../src/history.js/vendor/jquery.js 614/3335
html4+html5.jquery: ../src/history.js/vendor/qunit/qunit/qunit.js 363/638
html4+html5.jquery: ../src/history.js/scripts/bundled/html4+html5/jquery.history.js 1/1
html4+html5.mootools: ../src/history.js/vendor/mootools.js 644/2445
html4+html5.mootools: ../src/history.js/vendor/qunit/qunit/qunit.js 365/638
html4+html5.mootools: ../src/history.js/scripts/bundled/html4+html5/mootools.history.js 1/1
html4+html5.native: ../src/history.js/vendor/qunit/qunit/qunit.js 361/638
html4+html5.native: ../src/history.js/scripts/bundled/html4+html5/native.history.js 1/1
html4+html5.right: ../src/history.js/vendor/right.js 344/1438
html4+html5.right: ../src/history.js/vendor/qunit/qunit/qunit.js 361/638
html4+html5.right: ../src/history.js/scripts/bundled/html4+html5/right.history.js 1/1
html4+html5.zepto: ../src/history.js/vendor/zepto.js 151/512
html4+html5.zepto: ../src/history.js/vendor/qunit/qunit/qunit.js 361/638
html4+html5.zepto: ../src/history.js/scripts/bundled/html4+html5/zepto.history.js 1/1
html5.jquery: ../src/history.js/vendor/jquery.js 568/3335
html5.jquery: ../src/history.js/vendor/qunit/qunit/qunit.js 133/638
html5.jquery: ../src/history.js/scripts/bundled/html5/jquery.history.js 1/1
html5.mootools: ../src/history.js/vendor/qunit/qunit/qunit.js 133/638
html5.mootools: ../src/history.js/vendor/mootools.js 638/2445
html5.mootools: ../src/history.js/scripts/bundled/html5/mootools.history.js 1/1
html5.native: ../src/history.js/vendor/qunit/qunit/qunit.js 133/638
html5.native: ../src/history.js/scripts/bundled/html5/native.history.js 1/1
html5.right: ../src/history.js/vendor/qunit/qunit/qunit.js 133/638
html5.right: ../src/history.js/vendor/right.js 297/1438
html5.right: ../src/history.js/scripts/bundled/html5/right.history.js 1/1
html5.zepto: ../src/history.js/vendor/qunit/qunit/qunit.js 133/638
html5.zepto: ../src/history.js/vendor/zepto.js 144/512
html5.zepto: ../src/history.js/scripts/bundled/html5/zepto.history.js 1/1
