composite-demo-test: ../src/html5-game-template/node_modules/qunit/deps/qunit/qunit/qunit.js 230/699
composite-demo-test: ../src/html5-game-template/node_modules/qunit/deps/qunit/addons/composite/qunit-composite.js 19/31
composite-demo-test: ../src/html5-game-template/node_modules/qunit/deps/qunit/qunit/qunit.js 230/699
composite-demo-test: ../src/html5-game-template/node_modules/qunit/deps/qunit/addons/composite/qunit-composite.js 19/31
composite-test: ../src/html5-game-template/node_modules/qunit/deps/qunit/addons/composite/qunit-composite.js 11/31
composite-test: ../src/html5-game-template/node_modules/qunit/deps/qunit/qunit/qunit.js 295/699
composite-demo-test: ../src/html5-game-template/node_modules/qunit/deps/qunit/qunit/qunit.js 230/699
composite-demo-test: ../src/html5-game-template/node_modules/qunit/deps/qunit/addons/composite/qunit-composite.js 19/31
composite-test: ../src/html5-game-template/node_modules/qunit/deps/qunit/addons/composite/qunit-composite.js 11/31
composite-test: ../src/html5-game-template/node_modules/qunit/deps/qunit/qunit/qunit.js 295/699
dummy-qunit-test: ../src/html5-game-template/node_modules/qunit/deps/qunit/qunit/qunit.js 532/699
composite-demo-test: ../src/html5-game-template/node_modules/qunit/deps/qunit/qunit/qunit.js 230/699
composite-demo-test: ../src/html5-game-template/node_modules/qunit/deps/qunit/addons/composite/qunit-composite.js 19/31
composite-test: ../src/html5-game-template/node_modules/qunit/deps/qunit/addons/composite/qunit-composite.js 11/31
composite-test: ../src/html5-game-template/node_modules/qunit/deps/qunit/qunit/qunit.js 295/699
dummy-qunit-test: ../src/html5-game-template/node_modules/qunit/deps/qunit/qunit/qunit.js 532/699
dummy-same-test: ../src/html5-game-template/node_modules/qunit/deps/qunit/qunit/qunit.js 412/699
composite-demo-test: ../src/html5-game-template/node_modules/qunit/deps/qunit/qunit/qunit.js 230/699
composite-demo-test: ../src/html5-game-template/node_modules/qunit/deps/qunit/addons/composite/qunit-composite.js 19/31
composite-test: ../src/html5-game-template/node_modules/qunit/deps/qunit/addons/composite/qunit-composite.js 11/31
composite-test: ../src/html5-game-template/node_modules/qunit/deps/qunit/qunit/qunit.js 295/699
dummy-qunit-test: ../src/html5-game-template/node_modules/qunit/deps/qunit/qunit/qunit.js 532/699
dummy-same-test: ../src/html5-game-template/node_modules/qunit/deps/qunit/qunit/qunit.js 412/699
headless: ../src/html5-game-template/node_modules/qunit/deps/qunit/qunit/qunit.js 123/699
composite-demo-test: ../src/html5-game-template/node_modules/qunit/deps/qunit/qunit/qunit.js 230/699
composite-demo-test: ../src/html5-game-template/node_modules/qunit/deps/qunit/addons/composite/qunit-composite.js 19/31
composite-test: ../src/html5-game-template/node_modules/qunit/deps/qunit/addons/composite/qunit-composite.js 11/31
composite-test: ../src/html5-game-template/node_modules/qunit/deps/qunit/qunit/qunit.js 295/699
dummy-qunit-test: ../src/html5-game-template/node_modules/qunit/deps/qunit/qunit/qunit.js 532/699
dummy-same-test: ../src/html5-game-template/node_modules/qunit/deps/qunit/qunit/qunit.js 412/699
headless: ../src/html5-game-template/node_modules/qunit/deps/qunit/qunit/qunit.js 123/699
index: ../src/html5-game-template/node_modules/qunit/deps/qunit/qunit/qunit.js 551/699
composite-demo-test: ../src/html5-game-template/node_modules/qunit/deps/qunit/qunit/qunit.js 230/699
composite-demo-test: ../src/html5-game-template/node_modules/qunit/deps/qunit/addons/composite/qunit-composite.js 19/31
composite-test: ../src/html5-game-template/node_modules/qunit/deps/qunit/addons/composite/qunit-composite.js 11/31
composite-test: ../src/html5-game-template/node_modules/qunit/deps/qunit/qunit/qunit.js 295/699
dummy-qunit-test: ../src/html5-game-template/node_modules/qunit/deps/qunit/qunit/qunit.js 532/699
dummy-same-test: ../src/html5-game-template/node_modules/qunit/deps/qunit/qunit/qunit.js 412/699
headless: ../src/html5-game-template/node_modules/qunit/deps/qunit/qunit/qunit.js 123/699
index: ../src/html5-game-template/node_modules/qunit/deps/qunit/qunit/qunit.js 551/699
logs: ../src/html5-game-template/node_modules/qunit/deps/qunit/qunit/qunit.js 119/699
composite-demo-test: ../src/html5-game-template/node_modules/qunit/deps/qunit/qunit/qunit.js 230/699
composite-demo-test: ../src/html5-game-template/node_modules/qunit/deps/qunit/addons/composite/qunit-composite.js 19/31
composite-test: ../src/html5-game-template/node_modules/qunit/deps/qunit/addons/composite/qunit-composite.js 11/31
composite-test: ../src/html5-game-template/node_modules/qunit/deps/qunit/qunit/qunit.js 295/699
dummy-qunit-test: ../src/html5-game-template/node_modules/qunit/deps/qunit/qunit/qunit.js 532/699
dummy-same-test: ../src/html5-game-template/node_modules/qunit/deps/qunit/qunit/qunit.js 412/699
headless: ../src/html5-game-template/node_modules/qunit/deps/qunit/qunit/qunit.js 123/699
index: ../src/html5-game-template/node_modules/qunit/deps/qunit/qunit/qunit.js 551/699
logs: ../src/html5-game-template/node_modules/qunit/deps/qunit/qunit/qunit.js 119/699
index: ../src/html5-game-template/tools/qunit/qunit.js 248/748
index: ../src/html5-game-template/www/js/lib/require.js 285/683
