background: ../src/html2canvas/src/Parse.js 2/478
background: ../src/html2canvas/src/Generate.js 9/190
background: ../src/html2canvas/src/Renderer.js 1/23
background: ../src/html2canvas/src/Queue.js 1/14
background: ../src/html2canvas/src/renderers/Canvas.js 8/100
background: ../src/html2canvas/external/jquery-1.6.2.js 499/3318
background: ../src/html2canvas/src/plugins/jquery.plugin.html2canvas.js 8/31
background: ../src/html2canvas/src/Preload.js 55/164
background: ../src/html2canvas/src/Util.js 12/28
background: ../src/html2canvas/src/Core.js 48/110
borders: ../src/html2canvas/src/Parse.js 2/478
borders: ../src/html2canvas/src/Generate.js 7/190
borders: ../src/html2canvas/src/Renderer.js 1/23
borders: ../src/html2canvas/src/Queue.js 1/14
borders: ../src/html2canvas/src/renderers/Canvas.js 8/100
borders: ../src/html2canvas/external/jquery-1.6.2.js 499/3318
borders: ../src/html2canvas/src/plugins/jquery.plugin.html2canvas.js 8/31
borders: ../src/html2canvas/src/Preload.js 50/164
borders: ../src/html2canvas/src/Core.js 43/110
borders: ../src/html2canvas/src/Util.js 12/28
forms: ../src/html2canvas/src/Generate.js 7/190
forms: ../src/html2canvas/src/Renderer.js 1/23
forms: ../src/html2canvas/src/Parse.js 34/478
forms: ../src/html2canvas/src/Queue.js 1/14
forms: ../src/html2canvas/src/renderers/Canvas.js 8/100
forms: ../src/html2canvas/external/jquery-1.6.2.js 499/3318
forms: ../src/html2canvas/src/Preload.js 37/164
forms: ../src/html2canvas/src/plugins/jquery.plugin.html2canvas.js 8/31
forms: ../src/html2canvas/src/Core.js 40/110
forms: ../src/html2canvas/src/Util.js 14/28
images: ../src/html2canvas/src/Parse.js 2/478
images: ../src/html2canvas/src/Generate.js 7/190
images: ../src/html2canvas/src/Renderer.js 1/23
images: ../src/html2canvas/src/Queue.js 1/14
images: ../src/html2canvas/src/renderers/Canvas.js 8/100
images: ../src/html2canvas/external/jquery-1.6.2.js 511/3318
images: ../src/html2canvas/src/plugins/jquery.plugin.html2canvas.js 8/31
images: ../src/html2canvas/src/Preload.js 48/164
images: ../src/html2canvas/src/Core.js 38/110
images: ../src/html2canvas/src/Util.js 12/28
lists: ../src/html2canvas/src/Generate.js 7/190
lists: ../src/html2canvas/src/Renderer.js 1/23
lists: ../src/html2canvas/src/Parse.js 34/478
lists: ../src/html2canvas/src/Queue.js 1/14
lists: ../src/html2canvas/src/renderers/Canvas.js 8/100
lists: ../src/html2canvas/external/jquery-1.6.2.js 609/3318
lists: ../src/html2canvas/src/Preload.js 37/164
lists: ../src/html2canvas/src/plugins/jquery.plugin.html2canvas.js 8/31
lists: ../src/html2canvas/src/Core.js 40/110
lists: ../src/html2canvas/src/Util.js 14/28
origin: ../src/html2canvas/src/Generate.js 7/190
origin: ../src/html2canvas/src/Renderer.js 1/23
origin: ../src/html2canvas/src/Parse.js 34/478
origin: ../src/html2canvas/src/Queue.js 1/14
origin: ../src/html2canvas/src/renderers/Canvas.js 8/100
origin: ../src/html2canvas/external/jquery-1.6.2.js 497/3318
origin: ../src/html2canvas/src/Preload.js 37/164
origin: ../src/html2canvas/src/plugins/jquery.plugin.html2canvas.js 8/31
origin: ../src/html2canvas/src/Core.js 40/110
origin: ../src/html2canvas/src/Util.js 14/28
overflow: ../src/html2canvas/src/Parse.js 2/478
overflow: ../src/html2canvas/src/Generate.js 7/190
overflow: ../src/html2canvas/src/Renderer.js 1/23
overflow: ../src/html2canvas/src/Queue.js 1/14
overflow: ../src/html2canvas/src/renderers/Canvas.js 8/100
overflow: ../src/html2canvas/external/jquery-1.6.2.js 499/3318
overflow: ../src/html2canvas/src/plugins/jquery.plugin.html2canvas.js 8/31
overflow: ../src/html2canvas/src/Preload.js 48/164
overflow: ../src/html2canvas/src/Core.js 38/110
overflow: ../src/html2canvas/src/Util.js 12/28
proxy: ../src/html2canvas/src/Parse.js 2/478
proxy: ../src/html2canvas/src/Generate.js 7/190
proxy: ../src/html2canvas/src/Renderer.js 1/23
proxy: ../src/html2canvas/src/Queue.js 1/14
proxy: ../src/html2canvas/src/renderers/Canvas.js 8/100
proxy: ../src/html2canvas/external/jquery-1.6.2.js 499/3318
proxy: ../src/html2canvas/src/plugins/jquery.plugin.html2canvas.js 8/31
proxy: ../src/html2canvas/src/Core.js 38/110
proxy: ../src/html2canvas/src/Util.js 12/28
proxy: ../src/html2canvas/src/Preload.js 80/164
proxy: http:/html2canvas.appspot.com/?url=http%3A%2F%2Fpublishmydata.com%2Fassets%2Fhome%2Fblue_bg.png&callback=html2canvas_2 1/1
proxy: http:/html2canvas.appspot.com/?url=http%3A%2F%2Fwww.google.com%2Flogos%2F2011%2Fgregormendel11-hp.jpg&callback=html2canvas_0 1/1
proxy: http:/html2canvas.appspot.com/?url=http%3A%2F%2Fwww.google.com%2Flogos%2F2011%2Fgregormendel11-res.jpg&callback=html2canvas_1 1/1
text: ../src/html2canvas/src/Generate.js 7/190
text: ../src/html2canvas/src/Renderer.js 1/23
text: ../src/html2canvas/src/Parse.js 34/478
text: ../src/html2canvas/src/Queue.js 1/14
text: ../src/html2canvas/src/renderers/Canvas.js 8/100
text: ../src/html2canvas/external/jquery-1.6.2.js 499/3318
text: ../src/html2canvas/src/Preload.js 37/164
text: ../src/html2canvas/src/plugins/jquery.plugin.html2canvas.js 8/31
text: ../src/html2canvas/src/Core.js 40/110
text: ../src/html2canvas/src/Util.js 14/28
text-linethrough: ../src/html2canvas/src/Generate.js 7/190
text-linethrough: ../src/html2canvas/src/Renderer.js 1/23
text-linethrough: ../src/html2canvas/src/Parse.js 34/478
text-linethrough: ../src/html2canvas/src/Queue.js 1/14
text-linethrough: ../src/html2canvas/src/renderers/Canvas.js 8/100
text-linethrough: ../src/html2canvas/external/jquery-1.6.2.js 627/3318
text-linethrough: ../src/html2canvas/src/Preload.js 37/164
text-linethrough: ../src/html2canvas/src/plugins/jquery.plugin.html2canvas.js 8/31
text-linethrough: ../src/html2canvas/src/Core.js 40/110
text-linethrough: ../src/html2canvas/src/Util.js 14/28
text-underline: ../src/html2canvas/src/Generate.js 7/190
text-underline: ../src/html2canvas/src/Renderer.js 1/23
text-underline: ../src/html2canvas/src/Parse.js 34/478
text-underline: ../src/html2canvas/src/Queue.js 1/14
text-underline: ../src/html2canvas/src/renderers/Canvas.js 8/100
text-underline: ../src/html2canvas/external/jquery-1.6.2.js 627/3318
text-underline: ../src/html2canvas/src/Preload.js 37/164
text-underline: ../src/html2canvas/src/plugins/jquery.plugin.html2canvas.js 8/31
text-underline: ../src/html2canvas/src/Core.js 40/110
text-underline: ../src/html2canvas/src/Util.js 14/28
text-underline-lineheight: ../src/html2canvas/src/Generate.js 7/190
text-underline-lineheight: ../src/html2canvas/src/Renderer.js 1/23
text-underline-lineheight: ../src/html2canvas/src/Parse.js 34/478
text-underline-lineheight: ../src/html2canvas/src/Queue.js 1/14
text-underline-lineheight: ../src/html2canvas/src/renderers/Canvas.js 8/100
text-underline-lineheight: ../src/html2canvas/external/jquery-1.6.2.js 627/3318
text-underline-lineheight: ../src/html2canvas/src/Preload.js 37/164
text-underline-lineheight: ../src/html2canvas/src/plugins/jquery.plugin.html2canvas.js 8/31
text-underline-lineheight: ../src/html2canvas/src/Core.js 40/110
text-underline-lineheight: ../src/html2canvas/src/Util.js 14/28
visible-elements: ../src/html2canvas/src/Generate.js 7/190
visible-elements: ../src/html2canvas/src/Renderer.js 1/23
visible-elements: ../src/html2canvas/src/Parse.js 34/478
visible-elements: ../src/html2canvas/src/Queue.js 1/14
visible-elements: ../src/html2canvas/src/renderers/Canvas.js 8/100
visible-elements: ../src/html2canvas/external/jquery-1.6.2.js 499/3318
visible-elements: ../src/html2canvas/src/Preload.js 37/164
visible-elements: ../src/html2canvas/src/plugins/jquery.plugin.html2canvas.js 8/31
visible-elements: ../src/html2canvas/src/Core.js 40/110
visible-elements: ../src/html2canvas/src/Util.js 14/28
z-index1: ../src/html2canvas/src/Generate.js 7/190
z-index1: ../src/html2canvas/src/Renderer.js 1/23
z-index1: ../src/html2canvas/src/Parse.js 34/478
z-index1: ../src/html2canvas/src/Queue.js 1/14
z-index1: ../src/html2canvas/src/renderers/Canvas.js 8/100
z-index1: ../src/html2canvas/external/jquery-1.6.2.js 499/3318
z-index1: ../src/html2canvas/src/Preload.js 37/164
z-index1: ../src/html2canvas/src/plugins/jquery.plugin.html2canvas.js 8/31
z-index1: ../src/html2canvas/src/Core.js 40/110
z-index1: ../src/html2canvas/src/Util.js 14/28
z-index2: ../src/html2canvas/src/Generate.js 7/190
z-index2: ../src/html2canvas/src/Renderer.js 1/23
z-index2: ../src/html2canvas/src/Parse.js 34/478
z-index2: ../src/html2canvas/src/Queue.js 1/14
z-index2: ../src/html2canvas/src/renderers/Canvas.js 8/100
z-index2: ../src/html2canvas/external/jquery-1.6.2.js 499/3318
z-index2: ../src/html2canvas/src/Preload.js 37/164
z-index2: ../src/html2canvas/src/plugins/jquery.plugin.html2canvas.js 8/31
z-index2: ../src/html2canvas/src/Core.js 40/110
z-index2: ../src/html2canvas/src/Util.js 14/28
z-index3: ../src/html2canvas/src/Generate.js 7/190
z-index3: ../src/html2canvas/src/Renderer.js 1/23
z-index3: ../src/html2canvas/src/Parse.js 34/478
z-index3: ../src/html2canvas/src/Queue.js 1/14
z-index3: ../src/html2canvas/src/renderers/Canvas.js 8/100
z-index3: ../src/html2canvas/external/jquery-1.6.2.js 499/3318
z-index3: ../src/html2canvas/src/Preload.js 37/164
z-index3: ../src/html2canvas/src/plugins/jquery.plugin.html2canvas.js 8/31
z-index3: ../src/html2canvas/src/Core.js 40/110
z-index3: ../src/html2canvas/src/Util.js 14/28
