contextmenu_test: ../src/instiki/public/svg-edit/editor/contextmenu.js 21/33
contextmenu_test: ../src/instiki/public/svg-edit/editor/jquery.js 3/3
contextmenu_test: ../src/instiki/public/svg-edit/editor/contextmenu.js 21/33
contextmenu_test: ../src/instiki/public/svg-edit/editor/jquery.js 3/3
draw_test: ../src/instiki/public/svg-edit/editor/browser.js 9/115
draw_test: ../src/instiki/public/svg-edit/editor/svgutils.js 33/269
draw_test: ../src/instiki/public/svg-edit/editor/draw.js 37/202
draw_test: ../src/instiki/public/svg-edit/editor/jquery.js 3/3
contextmenu_test: ../src/instiki/public/svg-edit/editor/contextmenu.js 21/33
contextmenu_test: ../src/instiki/public/svg-edit/editor/jquery.js 3/3
draw_test: ../src/instiki/public/svg-edit/editor/browser.js 9/115
draw_test: ../src/instiki/public/svg-edit/editor/svgutils.js 33/269
draw_test: ../src/instiki/public/svg-edit/editor/draw.js 37/202
draw_test: ../src/instiki/public/svg-edit/editor/jquery.js 3/3
history_test: ../src/instiki/public/svg-edit/editor/history.js 164/239
history_test: ../src/instiki/public/svg-edit/editor/jquery.js 3/3
contextmenu_test: ../src/instiki/public/svg-edit/editor/contextmenu.js 21/33
contextmenu_test: ../src/instiki/public/svg-edit/editor/jquery.js 3/3
draw_test: ../src/instiki/public/svg-edit/editor/browser.js 9/115
draw_test: ../src/instiki/public/svg-edit/editor/svgutils.js 33/269
draw_test: ../src/instiki/public/svg-edit/editor/draw.js 37/202
draw_test: ../src/instiki/public/svg-edit/editor/jquery.js 3/3
history_test: ../src/instiki/public/svg-edit/editor/history.js 164/239
history_test: ../src/instiki/public/svg-edit/editor/jquery.js 3/3
math_test: ../src/instiki/public/svg-edit/editor/math.js 15/78
math_test: ../src/instiki/public/svg-edit/editor/jquery.js 3/3
contextmenu_test: ../src/instiki/public/svg-edit/editor/contextmenu.js 21/33
contextmenu_test: ../src/instiki/public/svg-edit/editor/jquery.js 3/3
draw_test: ../src/instiki/public/svg-edit/editor/browser.js 9/115
draw_test: ../src/instiki/public/svg-edit/editor/svgutils.js 33/269
draw_test: ../src/instiki/public/svg-edit/editor/draw.js 37/202
draw_test: ../src/instiki/public/svg-edit/editor/jquery.js 3/3
history_test: ../src/instiki/public/svg-edit/editor/history.js 164/239
history_test: ../src/instiki/public/svg-edit/editor/jquery.js 3/3
math_test: ../src/instiki/public/svg-edit/editor/math.js 15/78
math_test: ../src/instiki/public/svg-edit/editor/jquery.js 3/3
path_test: ../src/instiki/public/svg-edit/editor/path.js 58/504
path_test: ../src/instiki/public/svg-edit/editor/jquery.js 3/3
contextmenu_test: ../src/instiki/public/svg-edit/editor/contextmenu.js 21/33
contextmenu_test: ../src/instiki/public/svg-edit/editor/jquery.js 3/3
draw_test: ../src/instiki/public/svg-edit/editor/browser.js 9/115
draw_test: ../src/instiki/public/svg-edit/editor/svgutils.js 33/269
draw_test: ../src/instiki/public/svg-edit/editor/draw.js 37/202
draw_test: ../src/instiki/public/svg-edit/editor/jquery.js 3/3
history_test: ../src/instiki/public/svg-edit/editor/history.js 164/239
history_test: ../src/instiki/public/svg-edit/editor/jquery.js 3/3
math_test: ../src/instiki/public/svg-edit/editor/math.js 15/78
math_test: ../src/instiki/public/svg-edit/editor/jquery.js 3/3
path_test: ../src/instiki/public/svg-edit/editor/path.js 58/504
path_test: ../src/instiki/public/svg-edit/editor/jquery.js 3/3
select_test: ../src/instiki/public/svg-edit/editor/browser.js 9/115
select_test: ../src/instiki/public/svg-edit/editor/select.js 19/173
select_test: ../src/instiki/public/svg-edit/editor/svgutils.js 33/269
select_test: ../src/instiki/public/svg-edit/editor/math.js 15/78
select_test: ../src/instiki/public/svg-edit/editor/jquery.js 3/3
contextmenu_test: ../src/instiki/public/svg-edit/editor/contextmenu.js 21/33
contextmenu_test: ../src/instiki/public/svg-edit/editor/jquery.js 3/3
draw_test: ../src/instiki/public/svg-edit/editor/browser.js 9/115
draw_test: ../src/instiki/public/svg-edit/editor/svgutils.js 33/269
draw_test: ../src/instiki/public/svg-edit/editor/draw.js 37/202
draw_test: ../src/instiki/public/svg-edit/editor/jquery.js 3/3
history_test: ../src/instiki/public/svg-edit/editor/history.js 164/239
history_test: ../src/instiki/public/svg-edit/editor/jquery.js 3/3
math_test: ../src/instiki/public/svg-edit/editor/math.js 15/78
math_test: ../src/instiki/public/svg-edit/editor/jquery.js 3/3
path_test: ../src/instiki/public/svg-edit/editor/path.js 58/504
path_test: ../src/instiki/public/svg-edit/editor/jquery.js 3/3
select_test: ../src/instiki/public/svg-edit/editor/browser.js 9/115
select_test: ../src/instiki/public/svg-edit/editor/select.js 19/173
select_test: ../src/instiki/public/svg-edit/editor/svgutils.js 33/269
select_test: ../src/instiki/public/svg-edit/editor/math.js 15/78
select_test: ../src/instiki/public/svg-edit/editor/jquery.js 3/3
svgtransformlist_test: ../src/instiki/public/svg-edit/editor/svgtransformlist.js 39/160
svgtransformlist_test: ../src/instiki/public/svg-edit/editor/jquery.js 3/3
contextmenu_test: ../src/instiki/public/svg-edit/editor/contextmenu.js 21/33
contextmenu_test: ../src/instiki/public/svg-edit/editor/jquery.js 3/3
draw_test: ../src/instiki/public/svg-edit/editor/browser.js 9/115
draw_test: ../src/instiki/public/svg-edit/editor/svgutils.js 33/269
draw_test: ../src/instiki/public/svg-edit/editor/draw.js 37/202
draw_test: ../src/instiki/public/svg-edit/editor/jquery.js 3/3
history_test: ../src/instiki/public/svg-edit/editor/history.js 164/239
history_test: ../src/instiki/public/svg-edit/editor/jquery.js 3/3
math_test: ../src/instiki/public/svg-edit/editor/math.js 15/78
math_test: ../src/instiki/public/svg-edit/editor/jquery.js 3/3
path_test: ../src/instiki/public/svg-edit/editor/path.js 58/504
path_test: ../src/instiki/public/svg-edit/editor/jquery.js 3/3
select_test: ../src/instiki/public/svg-edit/editor/browser.js 9/115
select_test: ../src/instiki/public/svg-edit/editor/select.js 19/173
select_test: ../src/instiki/public/svg-edit/editor/svgutils.js 33/269
select_test: ../src/instiki/public/svg-edit/editor/math.js 15/78
select_test: ../src/instiki/public/svg-edit/editor/jquery.js 3/3
svgtransformlist_test: ../src/instiki/public/svg-edit/editor/svgtransformlist.js 39/160
svgtransformlist_test: ../src/instiki/public/svg-edit/editor/jquery.js 3/3
svgutils_test: ../src/instiki/public/svg-edit/editor/svgtransformlist.js 11/160
svgutils_test: ../src/instiki/public/svg-edit/editor/browser.js 9/115
svgutils_test: ../src/instiki/public/svg-edit/editor/svgutils.js 51/269
svgutils_test: ../src/instiki/public/svg-edit/editor/jquery.js 3/3
contextmenu_test: ../src/instiki/public/svg-edit/editor/contextmenu.js 21/33
contextmenu_test: ../src/instiki/public/svg-edit/editor/jquery.js 3/3
draw_test: ../src/instiki/public/svg-edit/editor/browser.js 9/115
draw_test: ../src/instiki/public/svg-edit/editor/svgutils.js 33/269
draw_test: ../src/instiki/public/svg-edit/editor/draw.js 37/202
draw_test: ../src/instiki/public/svg-edit/editor/jquery.js 3/3
history_test: ../src/instiki/public/svg-edit/editor/history.js 164/239
history_test: ../src/instiki/public/svg-edit/editor/jquery.js 3/3
math_test: ../src/instiki/public/svg-edit/editor/math.js 15/78
math_test: ../src/instiki/public/svg-edit/editor/jquery.js 3/3
path_test: ../src/instiki/public/svg-edit/editor/path.js 58/504
path_test: ../src/instiki/public/svg-edit/editor/jquery.js 3/3
select_test: ../src/instiki/public/svg-edit/editor/browser.js 9/115
select_test: ../src/instiki/public/svg-edit/editor/select.js 19/173
select_test: ../src/instiki/public/svg-edit/editor/svgutils.js 33/269
select_test: ../src/instiki/public/svg-edit/editor/math.js 15/78
select_test: ../src/instiki/public/svg-edit/editor/jquery.js 3/3
svgtransformlist_test: ../src/instiki/public/svg-edit/editor/svgtransformlist.js 39/160
svgtransformlist_test: ../src/instiki/public/svg-edit/editor/jquery.js 3/3
svgutils_test: ../src/instiki/public/svg-edit/editor/svgtransformlist.js 11/160
svgutils_test: ../src/instiki/public/svg-edit/editor/browser.js 9/115
svgutils_test: ../src/instiki/public/svg-edit/editor/svgutils.js 51/269
svgutils_test: ../src/instiki/public/svg-edit/editor/jquery.js 3/3
test1: ../src/instiki/public/svg-edit/editor/svgcanvas.js 9/4018
test1: ../src/instiki/public/svg-edit/editor/svg-editor.js 53/2331
test1: ../src/instiki/public/svg-edit/editor/svgicons/jquery.svgicons.js 5/197
test1: ../src/instiki/public/svg-edit/editor/svgtransformlist.js 11/160
test1: ../src/instiki/public/svg-edit/editor/browser.js 9/115
test1: ../src/instiki/public/svg-edit/editor/select.js 19/173
test1: ../src/instiki/public/svg-edit/editor/path.js 58/504
test1: ../src/instiki/public/svg-edit/editor/svgutils.js 33/269
test1: ../src/instiki/public/svg-edit/editor/draw.js 37/202
test1: ../src/instiki/public/svg-edit/editor/math.js 15/78
test1: ../src/instiki/public/svg-edit/editor/units.js 20/93
test1: ../src/instiki/public/svg-edit/editor/history.js 54/239
test1: ../src/instiki/public/svg-edit/editor/locale/locale.js 16/66
test1: ../src/instiki/public/svg-edit/editor/sanitize.js 27/84
test1: ../src/instiki/public/svg-edit/editor/jquery-ui/jquery-ui-1.8.custom.min.js 5/5
test1: ../src/instiki/public/svg-edit/editor/jquery.js 3/3
test1: ../src/instiki/public/svg-edit/editor/jquerybbq/jquery.bbq.min.js 2/2
contextmenu_test: ../src/instiki/public/svg-edit/editor/contextmenu.js 21/33
contextmenu_test: ../src/instiki/public/svg-edit/editor/jquery.js 3/3
draw_test: ../src/instiki/public/svg-edit/editor/browser.js 9/115
draw_test: ../src/instiki/public/svg-edit/editor/svgutils.js 33/269
draw_test: ../src/instiki/public/svg-edit/editor/draw.js 37/202
draw_test: ../src/instiki/public/svg-edit/editor/jquery.js 3/3
history_test: ../src/instiki/public/svg-edit/editor/history.js 164/239
history_test: ../src/instiki/public/svg-edit/editor/jquery.js 3/3
math_test: ../src/instiki/public/svg-edit/editor/math.js 15/78
math_test: ../src/instiki/public/svg-edit/editor/jquery.js 3/3
path_test: ../src/instiki/public/svg-edit/editor/path.js 58/504
path_test: ../src/instiki/public/svg-edit/editor/jquery.js 3/3
select_test: ../src/instiki/public/svg-edit/editor/browser.js 9/115
select_test: ../src/instiki/public/svg-edit/editor/select.js 19/173
select_test: ../src/instiki/public/svg-edit/editor/svgutils.js 33/269
select_test: ../src/instiki/public/svg-edit/editor/math.js 15/78
select_test: ../src/instiki/public/svg-edit/editor/jquery.js 3/3
svgtransformlist_test: ../src/instiki/public/svg-edit/editor/svgtransformlist.js 39/160
svgtransformlist_test: ../src/instiki/public/svg-edit/editor/jquery.js 3/3
svgutils_test: ../src/instiki/public/svg-edit/editor/svgtransformlist.js 11/160
svgutils_test: ../src/instiki/public/svg-edit/editor/browser.js 9/115
svgutils_test: ../src/instiki/public/svg-edit/editor/svgutils.js 51/269
svgutils_test: ../src/instiki/public/svg-edit/editor/jquery.js 3/3
test1: ../src/instiki/public/svg-edit/editor/svgcanvas.js 9/4018
test1: ../src/instiki/public/svg-edit/editor/svg-editor.js 53/2331
test1: ../src/instiki/public/svg-edit/editor/svgicons/jquery.svgicons.js 5/197
test1: ../src/instiki/public/svg-edit/editor/svgtransformlist.js 11/160
test1: ../src/instiki/public/svg-edit/editor/browser.js 9/115
test1: ../src/instiki/public/svg-edit/editor/select.js 19/173
test1: ../src/instiki/public/svg-edit/editor/path.js 58/504
test1: ../src/instiki/public/svg-edit/editor/svgutils.js 33/269
test1: ../src/instiki/public/svg-edit/editor/draw.js 37/202
test1: ../src/instiki/public/svg-edit/editor/math.js 15/78
test1: ../src/instiki/public/svg-edit/editor/units.js 20/93
test1: ../src/instiki/public/svg-edit/editor/history.js 54/239
test1: ../src/instiki/public/svg-edit/editor/locale/locale.js 16/66
test1: ../src/instiki/public/svg-edit/editor/sanitize.js 27/84
test1: ../src/instiki/public/svg-edit/editor/jquery-ui/jquery-ui-1.8.custom.min.js 5/5
test1: ../src/instiki/public/svg-edit/editor/jquery.js 3/3
test1: ../src/instiki/public/svg-edit/editor/jquerybbq/jquery.bbq.min.js 2/2
units_test: ../src/instiki/public/svg-edit/editor/units.js 30/93
units_test: ../src/instiki/public/svg-edit/editor/jquery.js 3/3
contextmenu_test: ../src/instiki/public/svg-edit/editor/contextmenu.js 21/33
contextmenu_test: ../src/instiki/public/svg-edit/editor/jquery.js 3/3
draw_test: ../src/instiki/public/svg-edit/editor/browser.js 9/115
draw_test: ../src/instiki/public/svg-edit/editor/svgutils.js 33/269
draw_test: ../src/instiki/public/svg-edit/editor/draw.js 37/202
draw_test: ../src/instiki/public/svg-edit/editor/jquery.js 3/3
history_test: ../src/instiki/public/svg-edit/editor/history.js 164/239
history_test: ../src/instiki/public/svg-edit/editor/jquery.js 3/3
math_test: ../src/instiki/public/svg-edit/editor/math.js 15/78
math_test: ../src/instiki/public/svg-edit/editor/jquery.js 3/3
path_test: ../src/instiki/public/svg-edit/editor/path.js 58/504
path_test: ../src/instiki/public/svg-edit/editor/jquery.js 3/3
select_test: ../src/instiki/public/svg-edit/editor/browser.js 9/115
select_test: ../src/instiki/public/svg-edit/editor/select.js 19/173
select_test: ../src/instiki/public/svg-edit/editor/svgutils.js 33/269
select_test: ../src/instiki/public/svg-edit/editor/math.js 15/78
select_test: ../src/instiki/public/svg-edit/editor/jquery.js 3/3
svgtransformlist_test: ../src/instiki/public/svg-edit/editor/svgtransformlist.js 39/160
svgtransformlist_test: ../src/instiki/public/svg-edit/editor/jquery.js 3/3
svgutils_test: ../src/instiki/public/svg-edit/editor/svgtransformlist.js 11/160
svgutils_test: ../src/instiki/public/svg-edit/editor/browser.js 9/115
svgutils_test: ../src/instiki/public/svg-edit/editor/svgutils.js 51/269
svgutils_test: ../src/instiki/public/svg-edit/editor/jquery.js 3/3
test1: ../src/instiki/public/svg-edit/editor/svgcanvas.js 9/4018
test1: ../src/instiki/public/svg-edit/editor/svg-editor.js 53/2331
test1: ../src/instiki/public/svg-edit/editor/svgicons/jquery.svgicons.js 5/197
test1: ../src/instiki/public/svg-edit/editor/svgtransformlist.js 11/160
test1: ../src/instiki/public/svg-edit/editor/browser.js 9/115
test1: ../src/instiki/public/svg-edit/editor/select.js 19/173
test1: ../src/instiki/public/svg-edit/editor/path.js 58/504
test1: ../src/instiki/public/svg-edit/editor/svgutils.js 33/269
test1: ../src/instiki/public/svg-edit/editor/draw.js 37/202
test1: ../src/instiki/public/svg-edit/editor/math.js 15/78
test1: ../src/instiki/public/svg-edit/editor/units.js 20/93
test1: ../src/instiki/public/svg-edit/editor/history.js 54/239
test1: ../src/instiki/public/svg-edit/editor/locale/locale.js 16/66
test1: ../src/instiki/public/svg-edit/editor/sanitize.js 27/84
test1: ../src/instiki/public/svg-edit/editor/jquery-ui/jquery-ui-1.8.custom.min.js 5/5
test1: ../src/instiki/public/svg-edit/editor/jquery.js 3/3
test1: ../src/instiki/public/svg-edit/editor/jquerybbq/jquery.bbq.min.js 2/2
units_test: ../src/instiki/public/svg-edit/editor/units.js 30/93
units_test: ../src/instiki/public/svg-edit/editor/jquery.js 3/3
contextmenu_test: ../src/instiki/public/svg-edit/editor/contextmenu.js 21/33
contextmenu_test: ../src/instiki/public/svg-edit/editor/jquery.js 3/3
draw_test: ../src/instiki/public/svg-edit/editor/browser.js 9/115
draw_test: ../src/instiki/public/svg-edit/editor/svgutils.js 33/269
draw_test: ../src/instiki/public/svg-edit/editor/draw.js 37/202
draw_test: ../src/instiki/public/svg-edit/editor/jquery.js 3/3
history_test: ../src/instiki/public/svg-edit/editor/history.js 164/239
history_test: ../src/instiki/public/svg-edit/editor/jquery.js 3/3
math_test: ../src/instiki/public/svg-edit/editor/math.js 15/78
math_test: ../src/instiki/public/svg-edit/editor/jquery.js 3/3
path_test: ../src/instiki/public/svg-edit/editor/path.js 58/504
path_test: ../src/instiki/public/svg-edit/editor/jquery.js 3/3
select_test: ../src/instiki/public/svg-edit/editor/browser.js 9/115
select_test: ../src/instiki/public/svg-edit/editor/select.js 19/173
select_test: ../src/instiki/public/svg-edit/editor/svgutils.js 33/269
select_test: ../src/instiki/public/svg-edit/editor/math.js 15/78
select_test: ../src/instiki/public/svg-edit/editor/jquery.js 3/3
svgtransformlist_test: ../src/instiki/public/svg-edit/editor/svgtransformlist.js 39/160
svgtransformlist_test: ../src/instiki/public/svg-edit/editor/jquery.js 3/3
svgutils_test: ../src/instiki/public/svg-edit/editor/svgtransformlist.js 11/160
svgutils_test: ../src/instiki/public/svg-edit/editor/browser.js 9/115
svgutils_test: ../src/instiki/public/svg-edit/editor/svgutils.js 51/269
svgutils_test: ../src/instiki/public/svg-edit/editor/jquery.js 3/3
test1: ../src/instiki/public/svg-edit/editor/svgcanvas.js 9/4018
test1: ../src/instiki/public/svg-edit/editor/svg-editor.js 53/2331
test1: ../src/instiki/public/svg-edit/editor/svgicons/jquery.svgicons.js 5/197
test1: ../src/instiki/public/svg-edit/editor/svgtransformlist.js 11/160
test1: ../src/instiki/public/svg-edit/editor/browser.js 9/115
test1: ../src/instiki/public/svg-edit/editor/select.js 19/173
test1: ../src/instiki/public/svg-edit/editor/path.js 58/504
test1: ../src/instiki/public/svg-edit/editor/svgutils.js 33/269
test1: ../src/instiki/public/svg-edit/editor/draw.js 37/202
test1: ../src/instiki/public/svg-edit/editor/math.js 15/78
test1: ../src/instiki/public/svg-edit/editor/units.js 20/93
test1: ../src/instiki/public/svg-edit/editor/history.js 54/239
test1: ../src/instiki/public/svg-edit/editor/locale/locale.js 16/66
test1: ../src/instiki/public/svg-edit/editor/sanitize.js 27/84
test1: ../src/instiki/public/svg-edit/editor/jquery-ui/jquery-ui-1.8.custom.min.js 5/5
test1: ../src/instiki/public/svg-edit/editor/jquery.js 3/3
test1: ../src/instiki/public/svg-edit/editor/jquerybbq/jquery.bbq.min.js 2/2
units_test: ../src/instiki/public/svg-edit/editor/units.js 30/93
units_test: ../src/instiki/public/svg-edit/editor/jquery.js 3/3
contextmenu_test: ../src/instiki/public/svg-edit/editor/contextmenu.js 21/33
contextmenu_test: ../src/instiki/public/svg-edit/editor/jquery.js 3/3
draw_test: ../src/instiki/public/svg-edit/editor/browser.js 9/115
draw_test: ../src/instiki/public/svg-edit/editor/svgutils.js 33/269
draw_test: ../src/instiki/public/svg-edit/editor/draw.js 37/202
draw_test: ../src/instiki/public/svg-edit/editor/jquery.js 3/3
history_test: ../src/instiki/public/svg-edit/editor/history.js 164/239
history_test: ../src/instiki/public/svg-edit/editor/jquery.js 3/3
math_test: ../src/instiki/public/svg-edit/editor/math.js 15/78
math_test: ../src/instiki/public/svg-edit/editor/jquery.js 3/3
path_test: ../src/instiki/public/svg-edit/editor/path.js 58/504
path_test: ../src/instiki/public/svg-edit/editor/jquery.js 3/3
select_test: ../src/instiki/public/svg-edit/editor/browser.js 9/115
select_test: ../src/instiki/public/svg-edit/editor/select.js 19/173
select_test: ../src/instiki/public/svg-edit/editor/svgutils.js 33/269
select_test: ../src/instiki/public/svg-edit/editor/math.js 15/78
select_test: ../src/instiki/public/svg-edit/editor/jquery.js 3/3
svgtransformlist_test: ../src/instiki/public/svg-edit/editor/svgtransformlist.js 39/160
svgtransformlist_test: ../src/instiki/public/svg-edit/editor/jquery.js 3/3
svgutils_test: ../src/instiki/public/svg-edit/editor/svgtransformlist.js 11/160
svgutils_test: ../src/instiki/public/svg-edit/editor/browser.js 9/115
svgutils_test: ../src/instiki/public/svg-edit/editor/svgutils.js 51/269
svgutils_test: ../src/instiki/public/svg-edit/editor/jquery.js 3/3
test1: ../src/instiki/public/svg-edit/editor/svgcanvas.js 9/4018
test1: ../src/instiki/public/svg-edit/editor/svg-editor.js 53/2331
test1: ../src/instiki/public/svg-edit/editor/svgicons/jquery.svgicons.js 5/197
test1: ../src/instiki/public/svg-edit/editor/svgtransformlist.js 11/160
test1: ../src/instiki/public/svg-edit/editor/browser.js 9/115
test1: ../src/instiki/public/svg-edit/editor/select.js 19/173
test1: ../src/instiki/public/svg-edit/editor/path.js 58/504
test1: ../src/instiki/public/svg-edit/editor/svgutils.js 33/269
test1: ../src/instiki/public/svg-edit/editor/draw.js 37/202
test1: ../src/instiki/public/svg-edit/editor/math.js 15/78
test1: ../src/instiki/public/svg-edit/editor/units.js 20/93
test1: ../src/instiki/public/svg-edit/editor/history.js 54/239
test1: ../src/instiki/public/svg-edit/editor/locale/locale.js 16/66
test1: ../src/instiki/public/svg-edit/editor/sanitize.js 27/84
test1: ../src/instiki/public/svg-edit/editor/jquery-ui/jquery-ui-1.8.custom.min.js 5/5
test1: ../src/instiki/public/svg-edit/editor/jquery.js 3/3
test1: ../src/instiki/public/svg-edit/editor/jquerybbq/jquery.bbq.min.js 2/2
units_test: ../src/instiki/public/svg-edit/editor/units.js 30/93
units_test: ../src/instiki/public/svg-edit/editor/jquery.js 3/3
contextmenu_test: ../src/instiki/public/svg-edit/editor/contextmenu.js 21/33
contextmenu_test: ../src/instiki/public/svg-edit/editor/jquery.js 3/3
draw_test: ../src/instiki/public/svg-edit/editor/browser.js 9/115
draw_test: ../src/instiki/public/svg-edit/editor/svgutils.js 33/269
draw_test: ../src/instiki/public/svg-edit/editor/draw.js 37/202
draw_test: ../src/instiki/public/svg-edit/editor/jquery.js 3/3
history_test: ../src/instiki/public/svg-edit/editor/history.js 164/239
history_test: ../src/instiki/public/svg-edit/editor/jquery.js 3/3
math_test: ../src/instiki/public/svg-edit/editor/math.js 15/78
math_test: ../src/instiki/public/svg-edit/editor/jquery.js 3/3
path_test: ../src/instiki/public/svg-edit/editor/path.js 58/504
path_test: ../src/instiki/public/svg-edit/editor/jquery.js 3/3
select_test: ../src/instiki/public/svg-edit/editor/browser.js 9/115
select_test: ../src/instiki/public/svg-edit/editor/select.js 19/173
select_test: ../src/instiki/public/svg-edit/editor/svgutils.js 33/269
select_test: ../src/instiki/public/svg-edit/editor/math.js 15/78
select_test: ../src/instiki/public/svg-edit/editor/jquery.js 3/3
svgtransformlist_test: ../src/instiki/public/svg-edit/editor/svgtransformlist.js 39/160
svgtransformlist_test: ../src/instiki/public/svg-edit/editor/jquery.js 3/3
svgutils_test: ../src/instiki/public/svg-edit/editor/svgtransformlist.js 11/160
svgutils_test: ../src/instiki/public/svg-edit/editor/browser.js 9/115
svgutils_test: ../src/instiki/public/svg-edit/editor/svgutils.js 51/269
svgutils_test: ../src/instiki/public/svg-edit/editor/jquery.js 3/3
test1: ../src/instiki/public/svg-edit/editor/svgcanvas.js 9/4018
test1: ../src/instiki/public/svg-edit/editor/svg-editor.js 53/2331
test1: ../src/instiki/public/svg-edit/editor/svgicons/jquery.svgicons.js 5/197
test1: ../src/instiki/public/svg-edit/editor/svgtransformlist.js 11/160
test1: ../src/instiki/public/svg-edit/editor/browser.js 9/115
test1: ../src/instiki/public/svg-edit/editor/select.js 19/173
test1: ../src/instiki/public/svg-edit/editor/path.js 58/504
test1: ../src/instiki/public/svg-edit/editor/svgutils.js 33/269
test1: ../src/instiki/public/svg-edit/editor/draw.js 37/202
test1: ../src/instiki/public/svg-edit/editor/math.js 15/78
test1: ../src/instiki/public/svg-edit/editor/units.js 20/93
test1: ../src/instiki/public/svg-edit/editor/history.js 54/239
test1: ../src/instiki/public/svg-edit/editor/locale/locale.js 16/66
test1: ../src/instiki/public/svg-edit/editor/sanitize.js 27/84
test1: ../src/instiki/public/svg-edit/editor/jquery-ui/jquery-ui-1.8.custom.min.js 5/5
test1: ../src/instiki/public/svg-edit/editor/jquery.js 3/3
test1: ../src/instiki/public/svg-edit/editor/jquerybbq/jquery.bbq.min.js 2/2
units_test: ../src/instiki/public/svg-edit/editor/units.js 30/93
units_test: ../src/instiki/public/svg-edit/editor/jquery.js 3/3
contextmenu_test: ../src/instiki/public/svg-edit/editor/contextmenu.js 21/33
contextmenu_test: ../src/instiki/public/svg-edit/editor/jquery.js 3/3
draw_test: ../src/instiki/public/svg-edit/editor/browser.js 9/115
draw_test: ../src/instiki/public/svg-edit/editor/svgutils.js 33/269
draw_test: ../src/instiki/public/svg-edit/editor/draw.js 37/202
draw_test: ../src/instiki/public/svg-edit/editor/jquery.js 3/3
history_test: ../src/instiki/public/svg-edit/editor/history.js 164/239
history_test: ../src/instiki/public/svg-edit/editor/jquery.js 3/3
math_test: ../src/instiki/public/svg-edit/editor/math.js 15/78
math_test: ../src/instiki/public/svg-edit/editor/jquery.js 3/3
path_test: ../src/instiki/public/svg-edit/editor/path.js 58/504
path_test: ../src/instiki/public/svg-edit/editor/jquery.js 3/3
select_test: ../src/instiki/public/svg-edit/editor/browser.js 9/115
select_test: ../src/instiki/public/svg-edit/editor/select.js 19/173
select_test: ../src/instiki/public/svg-edit/editor/svgutils.js 33/269
select_test: ../src/instiki/public/svg-edit/editor/math.js 15/78
select_test: ../src/instiki/public/svg-edit/editor/jquery.js 3/3
svgtransformlist_test: ../src/instiki/public/svg-edit/editor/svgtransformlist.js 39/160
svgtransformlist_test: ../src/instiki/public/svg-edit/editor/jquery.js 3/3
svgutils_test: ../src/instiki/public/svg-edit/editor/svgtransformlist.js 11/160
svgutils_test: ../src/instiki/public/svg-edit/editor/browser.js 9/115
svgutils_test: ../src/instiki/public/svg-edit/editor/svgutils.js 51/269
svgutils_test: ../src/instiki/public/svg-edit/editor/jquery.js 3/3
test1: ../src/instiki/public/svg-edit/editor/svgcanvas.js 9/4018
test1: ../src/instiki/public/svg-edit/editor/svg-editor.js 53/2331
test1: ../src/instiki/public/svg-edit/editor/svgicons/jquery.svgicons.js 5/197
test1: ../src/instiki/public/svg-edit/editor/svgtransformlist.js 11/160
test1: ../src/instiki/public/svg-edit/editor/browser.js 9/115
test1: ../src/instiki/public/svg-edit/editor/select.js 19/173
test1: ../src/instiki/public/svg-edit/editor/path.js 58/504
test1: ../src/instiki/public/svg-edit/editor/svgutils.js 33/269
test1: ../src/instiki/public/svg-edit/editor/draw.js 37/202
test1: ../src/instiki/public/svg-edit/editor/math.js 15/78
test1: ../src/instiki/public/svg-edit/editor/units.js 20/93
test1: ../src/instiki/public/svg-edit/editor/history.js 54/239
test1: ../src/instiki/public/svg-edit/editor/locale/locale.js 16/66
test1: ../src/instiki/public/svg-edit/editor/sanitize.js 27/84
test1: ../src/instiki/public/svg-edit/editor/jquery-ui/jquery-ui-1.8.custom.min.js 5/5
test1: ../src/instiki/public/svg-edit/editor/jquery.js 3/3
test1: ../src/instiki/public/svg-edit/editor/jquerybbq/jquery.bbq.min.js 2/2
units_test: ../src/instiki/public/svg-edit/editor/units.js 30/93
units_test: ../src/instiki/public/svg-edit/editor/jquery.js 3/3
contextmenu_test: ../src/instiki/public/svg-edit/editor/contextmenu.js 21/33
contextmenu_test: ../src/instiki/public/svg-edit/editor/jquery.js 3/3
draw_test: ../src/instiki/public/svg-edit/editor/browser.js 9/115
draw_test: ../src/instiki/public/svg-edit/editor/svgutils.js 33/269
draw_test: ../src/instiki/public/svg-edit/editor/draw.js 37/202
draw_test: ../src/instiki/public/svg-edit/editor/jquery.js 3/3
history_test: ../src/instiki/public/svg-edit/editor/history.js 164/239
history_test: ../src/instiki/public/svg-edit/editor/jquery.js 3/3
math_test: ../src/instiki/public/svg-edit/editor/math.js 15/78
math_test: ../src/instiki/public/svg-edit/editor/jquery.js 3/3
path_test: ../src/instiki/public/svg-edit/editor/path.js 58/504
path_test: ../src/instiki/public/svg-edit/editor/jquery.js 3/3
select_test: ../src/instiki/public/svg-edit/editor/browser.js 9/115
select_test: ../src/instiki/public/svg-edit/editor/select.js 19/173
select_test: ../src/instiki/public/svg-edit/editor/svgutils.js 33/269
select_test: ../src/instiki/public/svg-edit/editor/math.js 15/78
select_test: ../src/instiki/public/svg-edit/editor/jquery.js 3/3
svgtransformlist_test: ../src/instiki/public/svg-edit/editor/svgtransformlist.js 39/160
svgtransformlist_test: ../src/instiki/public/svg-edit/editor/jquery.js 3/3
svgutils_test: ../src/instiki/public/svg-edit/editor/svgtransformlist.js 11/160
svgutils_test: ../src/instiki/public/svg-edit/editor/browser.js 9/115
svgutils_test: ../src/instiki/public/svg-edit/editor/svgutils.js 51/269
svgutils_test: ../src/instiki/public/svg-edit/editor/jquery.js 3/3
test1: ../src/instiki/public/svg-edit/editor/svgcanvas.js 9/4018
test1: ../src/instiki/public/svg-edit/editor/svg-editor.js 53/2331
test1: ../src/instiki/public/svg-edit/editor/svgicons/jquery.svgicons.js 5/197
test1: ../src/instiki/public/svg-edit/editor/svgtransformlist.js 11/160
test1: ../src/instiki/public/svg-edit/editor/browser.js 9/115
test1: ../src/instiki/public/svg-edit/editor/select.js 19/173
test1: ../src/instiki/public/svg-edit/editor/path.js 58/504
test1: ../src/instiki/public/svg-edit/editor/svgutils.js 33/269
test1: ../src/instiki/public/svg-edit/editor/draw.js 37/202
test1: ../src/instiki/public/svg-edit/editor/math.js 15/78
test1: ../src/instiki/public/svg-edit/editor/units.js 20/93
test1: ../src/instiki/public/svg-edit/editor/history.js 54/239
test1: ../src/instiki/public/svg-edit/editor/locale/locale.js 16/66
test1: ../src/instiki/public/svg-edit/editor/sanitize.js 27/84
test1: ../src/instiki/public/svg-edit/editor/jquery-ui/jquery-ui-1.8.custom.min.js 5/5
test1: ../src/instiki/public/svg-edit/editor/jquery.js 3/3
test1: ../src/instiki/public/svg-edit/editor/jquerybbq/jquery.bbq.min.js 2/2
units_test: ../src/instiki/public/svg-edit/editor/units.js 30/93
units_test: ../src/instiki/public/svg-edit/editor/jquery.js 3/3
contextmenu_test: ../src/instiki/public/svg-edit/editor/contextmenu.js 21/33
contextmenu_test: ../src/instiki/public/svg-edit/editor/jquery.js 3/3
draw_test: ../src/instiki/public/svg-edit/editor/browser.js 9/115
draw_test: ../src/instiki/public/svg-edit/editor/svgutils.js 33/269
draw_test: ../src/instiki/public/svg-edit/editor/draw.js 37/202
draw_test: ../src/instiki/public/svg-edit/editor/jquery.js 3/3
history_test: ../src/instiki/public/svg-edit/editor/history.js 164/239
history_test: ../src/instiki/public/svg-edit/editor/jquery.js 3/3
math_test: ../src/instiki/public/svg-edit/editor/math.js 15/78
math_test: ../src/instiki/public/svg-edit/editor/jquery.js 3/3
path_test: ../src/instiki/public/svg-edit/editor/path.js 58/504
path_test: ../src/instiki/public/svg-edit/editor/jquery.js 3/3
select_test: ../src/instiki/public/svg-edit/editor/browser.js 9/115
select_test: ../src/instiki/public/svg-edit/editor/select.js 19/173
select_test: ../src/instiki/public/svg-edit/editor/svgutils.js 33/269
select_test: ../src/instiki/public/svg-edit/editor/math.js 15/78
select_test: ../src/instiki/public/svg-edit/editor/jquery.js 3/3
svgtransformlist_test: ../src/instiki/public/svg-edit/editor/svgtransformlist.js 39/160
svgtransformlist_test: ../src/instiki/public/svg-edit/editor/jquery.js 3/3
svgutils_test: ../src/instiki/public/svg-edit/editor/svgtransformlist.js 11/160
svgutils_test: ../src/instiki/public/svg-edit/editor/browser.js 9/115
svgutils_test: ../src/instiki/public/svg-edit/editor/svgutils.js 51/269
svgutils_test: ../src/instiki/public/svg-edit/editor/jquery.js 3/3
test1: ../src/instiki/public/svg-edit/editor/svgcanvas.js 9/4018
test1: ../src/instiki/public/svg-edit/editor/svg-editor.js 53/2331
test1: ../src/instiki/public/svg-edit/editor/svgicons/jquery.svgicons.js 5/197
test1: ../src/instiki/public/svg-edit/editor/svgtransformlist.js 11/160
test1: ../src/instiki/public/svg-edit/editor/browser.js 9/115
test1: ../src/instiki/public/svg-edit/editor/select.js 19/173
test1: ../src/instiki/public/svg-edit/editor/path.js 58/504
test1: ../src/instiki/public/svg-edit/editor/svgutils.js 33/269
test1: ../src/instiki/public/svg-edit/editor/draw.js 37/202
test1: ../src/instiki/public/svg-edit/editor/math.js 15/78
test1: ../src/instiki/public/svg-edit/editor/units.js 20/93
test1: ../src/instiki/public/svg-edit/editor/history.js 54/239
test1: ../src/instiki/public/svg-edit/editor/locale/locale.js 16/66
test1: ../src/instiki/public/svg-edit/editor/sanitize.js 27/84
test1: ../src/instiki/public/svg-edit/editor/jquery-ui/jquery-ui-1.8.custom.min.js 5/5
test1: ../src/instiki/public/svg-edit/editor/jquery.js 3/3
test1: ../src/instiki/public/svg-edit/editor/jquerybbq/jquery.bbq.min.js 2/2
units_test: ../src/instiki/public/svg-edit/editor/units.js 30/93
units_test: ../src/instiki/public/svg-edit/editor/jquery.js 3/3
contextmenu_test: ../src/instiki/public/svg-edit/editor/contextmenu.js 21/33
contextmenu_test: ../src/instiki/public/svg-edit/editor/jquery.js 3/3
draw_test: ../src/instiki/public/svg-edit/editor/browser.js 9/115
draw_test: ../src/instiki/public/svg-edit/editor/svgutils.js 33/269
draw_test: ../src/instiki/public/svg-edit/editor/draw.js 37/202
draw_test: ../src/instiki/public/svg-edit/editor/jquery.js 3/3
history_test: ../src/instiki/public/svg-edit/editor/history.js 164/239
history_test: ../src/instiki/public/svg-edit/editor/jquery.js 3/3
math_test: ../src/instiki/public/svg-edit/editor/math.js 15/78
math_test: ../src/instiki/public/svg-edit/editor/jquery.js 3/3
path_test: ../src/instiki/public/svg-edit/editor/path.js 58/504
path_test: ../src/instiki/public/svg-edit/editor/jquery.js 3/3
select_test: ../src/instiki/public/svg-edit/editor/browser.js 9/115
select_test: ../src/instiki/public/svg-edit/editor/select.js 19/173
select_test: ../src/instiki/public/svg-edit/editor/svgutils.js 33/269
select_test: ../src/instiki/public/svg-edit/editor/math.js 15/78
select_test: ../src/instiki/public/svg-edit/editor/jquery.js 3/3
svgtransformlist_test: ../src/instiki/public/svg-edit/editor/svgtransformlist.js 39/160
svgtransformlist_test: ../src/instiki/public/svg-edit/editor/jquery.js 3/3
svgutils_test: ../src/instiki/public/svg-edit/editor/svgtransformlist.js 11/160
svgutils_test: ../src/instiki/public/svg-edit/editor/browser.js 9/115
svgutils_test: ../src/instiki/public/svg-edit/editor/svgutils.js 51/269
svgutils_test: ../src/instiki/public/svg-edit/editor/jquery.js 3/3
test1: ../src/instiki/public/svg-edit/editor/svgcanvas.js 9/4018
test1: ../src/instiki/public/svg-edit/editor/svg-editor.js 53/2331
test1: ../src/instiki/public/svg-edit/editor/svgicons/jquery.svgicons.js 5/197
test1: ../src/instiki/public/svg-edit/editor/svgtransformlist.js 11/160
test1: ../src/instiki/public/svg-edit/editor/browser.js 9/115
test1: ../src/instiki/public/svg-edit/editor/select.js 19/173
test1: ../src/instiki/public/svg-edit/editor/path.js 58/504
test1: ../src/instiki/public/svg-edit/editor/svgutils.js 33/269
test1: ../src/instiki/public/svg-edit/editor/draw.js 37/202
test1: ../src/instiki/public/svg-edit/editor/math.js 15/78
test1: ../src/instiki/public/svg-edit/editor/units.js 20/93
test1: ../src/instiki/public/svg-edit/editor/history.js 54/239
test1: ../src/instiki/public/svg-edit/editor/locale/locale.js 16/66
test1: ../src/instiki/public/svg-edit/editor/sanitize.js 27/84
test1: ../src/instiki/public/svg-edit/editor/jquery-ui/jquery-ui-1.8.custom.min.js 5/5
test1: ../src/instiki/public/svg-edit/editor/jquery.js 3/3
test1: ../src/instiki/public/svg-edit/editor/jquerybbq/jquery.bbq.min.js 2/2
units_test: ../src/instiki/public/svg-edit/editor/units.js 30/93
units_test: ../src/instiki/public/svg-edit/editor/jquery.js 3/3
contextmenu_test: ../src/instiki/public/svg-edit/editor/contextmenu.js 21/33
contextmenu_test: ../src/instiki/public/svg-edit/editor/jquery.js 3/3
draw_test: ../src/instiki/public/svg-edit/editor/browser.js 9/115
draw_test: ../src/instiki/public/svg-edit/editor/svgutils.js 33/269
draw_test: ../src/instiki/public/svg-edit/editor/draw.js 37/202
draw_test: ../src/instiki/public/svg-edit/editor/jquery.js 3/3
history_test: ../src/instiki/public/svg-edit/editor/history.js 164/239
history_test: ../src/instiki/public/svg-edit/editor/jquery.js 3/3
math_test: ../src/instiki/public/svg-edit/editor/math.js 15/78
math_test: ../src/instiki/public/svg-edit/editor/jquery.js 3/3
path_test: ../src/instiki/public/svg-edit/editor/path.js 58/504
path_test: ../src/instiki/public/svg-edit/editor/jquery.js 3/3
select_test: ../src/instiki/public/svg-edit/editor/browser.js 9/115
select_test: ../src/instiki/public/svg-edit/editor/select.js 19/173
select_test: ../src/instiki/public/svg-edit/editor/svgutils.js 33/269
select_test: ../src/instiki/public/svg-edit/editor/math.js 15/78
select_test: ../src/instiki/public/svg-edit/editor/jquery.js 3/3
svgtransformlist_test: ../src/instiki/public/svg-edit/editor/svgtransformlist.js 39/160
svgtransformlist_test: ../src/instiki/public/svg-edit/editor/jquery.js 3/3
svgutils_test: ../src/instiki/public/svg-edit/editor/svgtransformlist.js 11/160
svgutils_test: ../src/instiki/public/svg-edit/editor/browser.js 9/115
svgutils_test: ../src/instiki/public/svg-edit/editor/svgutils.js 51/269
svgutils_test: ../src/instiki/public/svg-edit/editor/jquery.js 3/3
test1: ../src/instiki/public/svg-edit/editor/svgcanvas.js 9/4018
test1: ../src/instiki/public/svg-edit/editor/svg-editor.js 53/2331
test1: ../src/instiki/public/svg-edit/editor/svgicons/jquery.svgicons.js 5/197
test1: ../src/instiki/public/svg-edit/editor/svgtransformlist.js 11/160
test1: ../src/instiki/public/svg-edit/editor/browser.js 9/115
test1: ../src/instiki/public/svg-edit/editor/select.js 19/173
test1: ../src/instiki/public/svg-edit/editor/path.js 58/504
test1: ../src/instiki/public/svg-edit/editor/svgutils.js 33/269
test1: ../src/instiki/public/svg-edit/editor/draw.js 37/202
test1: ../src/instiki/public/svg-edit/editor/math.js 15/78
test1: ../src/instiki/public/svg-edit/editor/units.js 20/93
test1: ../src/instiki/public/svg-edit/editor/history.js 54/239
test1: ../src/instiki/public/svg-edit/editor/locale/locale.js 16/66
test1: ../src/instiki/public/svg-edit/editor/sanitize.js 27/84
test1: ../src/instiki/public/svg-edit/editor/jquery-ui/jquery-ui-1.8.custom.min.js 5/5
test1: ../src/instiki/public/svg-edit/editor/jquery.js 3/3
test1: ../src/instiki/public/svg-edit/editor/jquerybbq/jquery.bbq.min.js 2/2
units_test: ../src/instiki/public/svg-edit/editor/units.js 30/93
units_test: ../src/instiki/public/svg-edit/editor/jquery.js 3/3
contextmenu_test: ../src/instiki/public/svg-edit/editor/contextmenu.js 21/33
contextmenu_test: ../src/instiki/public/svg-edit/editor/jquery.js 3/3
draw_test: ../src/instiki/public/svg-edit/editor/browser.js 9/115
draw_test: ../src/instiki/public/svg-edit/editor/svgutils.js 33/269
draw_test: ../src/instiki/public/svg-edit/editor/draw.js 37/202
draw_test: ../src/instiki/public/svg-edit/editor/jquery.js 3/3
history_test: ../src/instiki/public/svg-edit/editor/history.js 164/239
history_test: ../src/instiki/public/svg-edit/editor/jquery.js 3/3
math_test: ../src/instiki/public/svg-edit/editor/math.js 15/78
math_test: ../src/instiki/public/svg-edit/editor/jquery.js 3/3
path_test: ../src/instiki/public/svg-edit/editor/path.js 58/504
path_test: ../src/instiki/public/svg-edit/editor/jquery.js 3/3
select_test: ../src/instiki/public/svg-edit/editor/browser.js 9/115
select_test: ../src/instiki/public/svg-edit/editor/select.js 19/173
select_test: ../src/instiki/public/svg-edit/editor/svgutils.js 33/269
select_test: ../src/instiki/public/svg-edit/editor/math.js 15/78
select_test: ../src/instiki/public/svg-edit/editor/jquery.js 3/3
svgtransformlist_test: ../src/instiki/public/svg-edit/editor/svgtransformlist.js 39/160
svgtransformlist_test: ../src/instiki/public/svg-edit/editor/jquery.js 3/3
svgutils_test: ../src/instiki/public/svg-edit/editor/svgtransformlist.js 11/160
svgutils_test: ../src/instiki/public/svg-edit/editor/browser.js 9/115
svgutils_test: ../src/instiki/public/svg-edit/editor/svgutils.js 51/269
svgutils_test: ../src/instiki/public/svg-edit/editor/jquery.js 3/3
test1: ../src/instiki/public/svg-edit/editor/svgcanvas.js 9/4018
test1: ../src/instiki/public/svg-edit/editor/svg-editor.js 53/2331
test1: ../src/instiki/public/svg-edit/editor/svgicons/jquery.svgicons.js 5/197
test1: ../src/instiki/public/svg-edit/editor/svgtransformlist.js 11/160
test1: ../src/instiki/public/svg-edit/editor/browser.js 9/115
test1: ../src/instiki/public/svg-edit/editor/select.js 19/173
test1: ../src/instiki/public/svg-edit/editor/path.js 58/504
test1: ../src/instiki/public/svg-edit/editor/svgutils.js 33/269
test1: ../src/instiki/public/svg-edit/editor/draw.js 37/202
test1: ../src/instiki/public/svg-edit/editor/math.js 15/78
test1: ../src/instiki/public/svg-edit/editor/units.js 20/93
test1: ../src/instiki/public/svg-edit/editor/history.js 54/239
test1: ../src/instiki/public/svg-edit/editor/locale/locale.js 16/66
test1: ../src/instiki/public/svg-edit/editor/sanitize.js 27/84
test1: ../src/instiki/public/svg-edit/editor/jquery-ui/jquery-ui-1.8.custom.min.js 5/5
test1: ../src/instiki/public/svg-edit/editor/jquery.js 3/3
test1: ../src/instiki/public/svg-edit/editor/jquerybbq/jquery.bbq.min.js 2/2
units_test: ../src/instiki/public/svg-edit/editor/units.js 30/93
units_test: ../src/instiki/public/svg-edit/editor/jquery.js 3/3
