test: ../src/javascript-book/engine/clientlibs/syntaxhighlighter/sh/scripts/shBrushCss.js 3/12
test: ../src/javascript-book/engine/clientlibs/syntaxhighlighter/sh/scripts/shBrushBash.js 3/10
test: ../src/javascript-book/engine/clientlibs/syntaxhighlighter/sh/scripts/shBrushCSharp.js 3/9
test: ../src/javascript-book/engine/clientlibs/syntaxhighlighter/sh/scripts/shBrushGroovy.js 3/9
test: ../src/javascript-book/engine/clientlibs/syntaxhighlighter/sh/scripts/shBrushXml.js 5/14
test: ../src/javascript-book/engine/clientlibs/syntaxhighlighter/sh/scripts/shBrushPhp.js 3/8
test: ../src/javascript-book/engine/clientlibs/syntaxhighlighter/sh/scripts/shBrushPython.js 3/8
test: ../src/javascript-book/engine/clientlibs/syntaxhighlighter/sh/scripts/shCore.js 305/779
test: ../src/javascript-book/engine/clientlibs/syntaxhighlighter/sh/scripts/shBrushCpp.js 3/7
test: ../src/javascript-book/engine/clientlibs/syntaxhighlighter/sh/scripts/shBrushRuby.js 3/7
test: ../src/javascript-book/engine/clientlibs/syntaxhighlighter/sh/scripts/shBrushSql.js 3/7
test: ../src/javascript-book/engine/clientlibs/syntaxhighlighter/sh/scripts/shBrushJava.js 3/6
test: ../src/javascript-book/engine/clientlibs/syntaxhighlighter/sh/scripts/shBrushScala.js 3/6
test: ../src/javascript-book/engine/clientlibs/syntaxhighlighter/sh/scripts/shBrushVb.js 3/6
test: ../src/javascript-book/engine/clientlibs/syntaxhighlighter/sh/scripts/shBrushDelphi.js 3/5
test: ../src/javascript-book/engine/clientlibs/syntaxhighlighter/sh/scripts/shBrushDiff.js 3/4
test: ../src/javascript-book/engine/clientlibs/syntaxhighlighter/sh/scripts/shBrushJScript.js 6/6
test: ../src/javascript-book/engine/clientlibs/syntaxhighlighter/sh/scripts/shBrushPlain.js 3/3
test: ../src/javascript-book/engine/clientlibs/syntaxhighlighter/sh/scripts/shBrushCss.js 3/12
test: ../src/javascript-book/engine/clientlibs/syntaxhighlighter/sh/scripts/shBrushBash.js 3/10
test: ../src/javascript-book/engine/clientlibs/syntaxhighlighter/sh/scripts/shBrushCSharp.js 3/9
test: ../src/javascript-book/engine/clientlibs/syntaxhighlighter/sh/scripts/shBrushGroovy.js 3/9
test: ../src/javascript-book/engine/clientlibs/syntaxhighlighter/sh/scripts/shBrushXml.js 5/14
test: ../src/javascript-book/engine/clientlibs/syntaxhighlighter/sh/scripts/shBrushPhp.js 3/8
test: ../src/javascript-book/engine/clientlibs/syntaxhighlighter/sh/scripts/shBrushPython.js 3/8
test: ../src/javascript-book/engine/clientlibs/syntaxhighlighter/sh/scripts/shCore.js 305/779
test: ../src/javascript-book/engine/clientlibs/syntaxhighlighter/sh/scripts/shBrushCpp.js 3/7
test: ../src/javascript-book/engine/clientlibs/syntaxhighlighter/sh/scripts/shBrushRuby.js 3/7
test: ../src/javascript-book/engine/clientlibs/syntaxhighlighter/sh/scripts/shBrushSql.js 3/7
test: ../src/javascript-book/engine/clientlibs/syntaxhighlighter/sh/scripts/shBrushJava.js 3/6
test: ../src/javascript-book/engine/clientlibs/syntaxhighlighter/sh/scripts/shBrushScala.js 3/6
test: ../src/javascript-book/engine/clientlibs/syntaxhighlighter/sh/scripts/shBrushVb.js 3/6
test: ../src/javascript-book/engine/clientlibs/syntaxhighlighter/sh/scripts/shBrushDelphi.js 3/5
test: ../src/javascript-book/engine/clientlibs/syntaxhighlighter/sh/scripts/shBrushDiff.js 3/4
test: ../src/javascript-book/engine/clientlibs/syntaxhighlighter/sh/scripts/shBrushJScript.js 6/6
test: ../src/javascript-book/engine/clientlibs/syntaxhighlighter/sh/scripts/shBrushPlain.js 3/3
test: ../src/javascript-book/engine/clientlibs/syntaxhighlighter/sh/scripts/shBrushCss.js 3/12
test: ../src/javascript-book/engine/clientlibs/syntaxhighlighter/sh/scripts/shBrushBash.js 3/10
test: ../src/javascript-book/engine/clientlibs/syntaxhighlighter/sh/scripts/shBrushCSharp.js 3/9
test: ../src/javascript-book/engine/clientlibs/syntaxhighlighter/sh/scripts/shBrushGroovy.js 3/9
test: ../src/javascript-book/engine/clientlibs/syntaxhighlighter/sh/scripts/shBrushXml.js 5/14
test: ../src/javascript-book/engine/clientlibs/syntaxhighlighter/sh/scripts/shBrushPhp.js 3/8
test: ../src/javascript-book/engine/clientlibs/syntaxhighlighter/sh/scripts/shBrushPython.js 3/8
test: ../src/javascript-book/engine/clientlibs/syntaxhighlighter/sh/scripts/shCore.js 305/779
test: ../src/javascript-book/engine/clientlibs/syntaxhighlighter/sh/scripts/shBrushCpp.js 3/7
test: ../src/javascript-book/engine/clientlibs/syntaxhighlighter/sh/scripts/shBrushRuby.js 3/7
test: ../src/javascript-book/engine/clientlibs/syntaxhighlighter/sh/scripts/shBrushSql.js 3/7
test: ../src/javascript-book/engine/clientlibs/syntaxhighlighter/sh/scripts/shBrushJava.js 3/6
test: ../src/javascript-book/engine/clientlibs/syntaxhighlighter/sh/scripts/shBrushScala.js 3/6
test: ../src/javascript-book/engine/clientlibs/syntaxhighlighter/sh/scripts/shBrushVb.js 3/6
test: ../src/javascript-book/engine/clientlibs/syntaxhighlighter/sh/scripts/shBrushDelphi.js 3/5
test: ../src/javascript-book/engine/clientlibs/syntaxhighlighter/sh/scripts/shBrushDiff.js 3/4
test: ../src/javascript-book/engine/clientlibs/syntaxhighlighter/sh/scripts/shBrushJScript.js 6/6
test: ../src/javascript-book/engine/clientlibs/syntaxhighlighter/sh/scripts/shBrushPlain.js 3/3
simpleDownTest: ../src/javascript-book/engine/libs/simpleDown.js 71/99
simpleDownTest: ../src/javascript-book/engine/libs/metadata.js 18/25
