TestStacktrace: ../src/javascript-stacktrace/stacktrace.js 103/161
TestStacktrace: ../src/javascript-stacktrace/stacktrace.js 103/161
ExceptionLab: ../src/javascript-stacktrace/stacktrace.js 3/161
TestStacktrace: ../src/javascript-stacktrace/stacktrace.js 103/161
ExceptionLab: ../src/javascript-stacktrace/stacktrace.js 3/161
TestStacktrace: ../src/javascript-stacktrace/stacktrace.js 103/161
ExceptionLab: ../src/javascript-stacktrace/stacktrace.js 3/161
testcase1: ../src/javascript-stacktrace/stacktrace.js 23/161
TestStacktrace: ../src/javascript-stacktrace/stacktrace.js 103/161
ExceptionLab: ../src/javascript-stacktrace/stacktrace.js 3/161
testcase1: ../src/javascript-stacktrace/stacktrace.js 23/161
testcase2: ../src/javascript-stacktrace/stacktrace.js 16/161
TestStacktrace: ../src/javascript-stacktrace/stacktrace.js 103/161
ExceptionLab: ../src/javascript-stacktrace/stacktrace.js 3/161
testcase1: ../src/javascript-stacktrace/stacktrace.js 23/161
testcase2: ../src/javascript-stacktrace/stacktrace.js 16/161
testcase3: ../src/javascript-stacktrace/stacktrace.js 23/161
TestStacktrace: ../src/javascript-stacktrace/stacktrace.js 103/161
ExceptionLab: ../src/javascript-stacktrace/stacktrace.js 3/161
testcase1: ../src/javascript-stacktrace/stacktrace.js 23/161
testcase2: ../src/javascript-stacktrace/stacktrace.js 16/161
testcase3: ../src/javascript-stacktrace/stacktrace.js 23/161
testcase4: ../src/javascript-stacktrace/stacktrace.js 30/161
TestStacktrace: ../src/javascript-stacktrace/stacktrace.js 103/161
ExceptionLab: ../src/javascript-stacktrace/stacktrace.js 3/161
testcase1: ../src/javascript-stacktrace/stacktrace.js 23/161
testcase2: ../src/javascript-stacktrace/stacktrace.js 16/161
testcase3: ../src/javascript-stacktrace/stacktrace.js 23/161
testcase4: ../src/javascript-stacktrace/stacktrace.js 30/161
27-1: ../src/javascript-stacktrace/stacktrace.js 23/161
TestStacktrace: ../src/javascript-stacktrace/stacktrace.js 103/161
ExceptionLab: ../src/javascript-stacktrace/stacktrace.js 3/161
testcase1: ../src/javascript-stacktrace/stacktrace.js 23/161
testcase2: ../src/javascript-stacktrace/stacktrace.js 16/161
testcase3: ../src/javascript-stacktrace/stacktrace.js 23/161
testcase4: ../src/javascript-stacktrace/stacktrace.js 30/161
27-1: ../src/javascript-stacktrace/stacktrace.js 23/161
27-2: ../src/javascript-stacktrace/stacktrace.js 23/161
TestStacktrace: ../src/javascript-stacktrace/stacktrace.js 103/161
ExceptionLab: ../src/javascript-stacktrace/stacktrace.js 3/161
testcase1: ../src/javascript-stacktrace/stacktrace.js 23/161
testcase2: ../src/javascript-stacktrace/stacktrace.js 16/161
testcase3: ../src/javascript-stacktrace/stacktrace.js 23/161
testcase4: ../src/javascript-stacktrace/stacktrace.js 30/161
27-1: ../src/javascript-stacktrace/stacktrace.js 23/161
27-2: ../src/javascript-stacktrace/stacktrace.js 23/161
32: ../src/javascript-stacktrace/stacktrace.js 3/161
