historytest: ../src/javelin/src/core/Event.js 2/28
historytest: ../src/javelin/src/lib/DOM.js 41/196
historytest: ../src/javelin/src/core/util.js 13/61
historytest: ../src/javelin/src/lib/History.js 22/69
historytest: ../src/javelin/src/core/install.js 70/140
historytest: ../src/javelin/src/core/Stratcom.js 93/178
historytest: ../src/javelin/src/lib/URI.js 32/54
historytest: ../src/javelin/src/core/init.js 56/83
historytest: ../src/javelin/src/core/Event.js 2/28
historytest: ../src/javelin/src/lib/DOM.js 41/196
historytest: ../src/javelin/src/core/util.js 13/61
historytest: ../src/javelin/src/lib/History.js 22/69
historytest: ../src/javelin/src/core/install.js 70/140
historytest: ../src/javelin/src/core/Stratcom.js 93/178
historytest: ../src/javelin/src/lib/URI.js 32/54
historytest: ../src/javelin/src/core/init.js 56/83
resourcetest: ../src/javelin/src/core/Event.js 2/28
resourcetest: http:/mootools.net/releases/mootools-core-1.3.2/Source/Types/Object.js 6/78
resourcetest: http:/mootools.net/releases/mootools-core-1.3.2/Source/Types/Array.js 9/73
resourcetest: http:/mootools.net/releases/mootools-core-1.3.2/Source/Slick/Slick.Parser.js 14/95
resourcetest: http:/mootools.net/releases/mootools-core-1.3.2/Source/Types/String.js 3/21
resourcetest: ../src/javelin/src/core/Stratcom.js 27/178
resourcetest: http:/mootools.net/releases/mootools-core-1.3.2/Source/Types/Function.js 8/44
resourcetest: http:/mootools.net/releases/mootools-core-1.3.2/Source/Slick/Slick.Finder.js 137/467
resourcetest: http:/mootools.net/releases/mootools-core-1.3.2/Source/Element/Element.js 122/384
resourcetest: ../src/javelin/src/core/util.js 25/61
resourcetest: ../src/javelin/src/core/install.js 70/140
resourcetest: http:/mootools.net/releases/mootools-core-1.3.2/Source/Browser/Browser.js 58/116
resourcetest: http:/mootools.net/releases/mootools-core-1.3.2/Source/Types/Number.js 7/14
resourcetest: ../src/javelin/src/lib/URI.js 32/54
resourcetest: ../src/javelin/src/core/init.js 53/83
resourcetest: http:/mootools.net/releases/mootools-core-1.3.2/Source/Core/Core.js 151/238
resourcetest: ../src/javelin/src/lib/Resource.js 59/69
