default: ../src/jcarousel/libs/jquery.js 1357/3447
default: ../src/jcarousel/src/jquery.jcarousel.js 200/376
default: ../src/jcarousel/plugins/autoscroll/src/jquery.jcarousel.autoscroll.js 17/19
default: ../src/jcarousel/libs/jquery.js 1357/3447
default: ../src/jcarousel/src/jquery.jcarousel.js 200/376
default: ../src/jcarousel/plugins/autoscroll/src/jquery.jcarousel.autoscroll.js 17/19
default: ../src/jcarousel/libs/jquery.js 1058/3447
default: ../src/jcarousel/src/jquery.jcarousel.js 154/376
default: ../src/jcarousel/plugins/control/src/jquery.jcarousel.control.js 19/26
default: ../src/jcarousel/libs/jquery.js 1357/3447
default: ../src/jcarousel/src/jquery.jcarousel.js 200/376
default: ../src/jcarousel/plugins/autoscroll/src/jquery.jcarousel.autoscroll.js 17/19
default: ../src/jcarousel/libs/jquery.js 1058/3447
default: ../src/jcarousel/src/jquery.jcarousel.js 154/376
default: ../src/jcarousel/plugins/control/src/jquery.jcarousel.control.js 19/26
event: ../src/jcarousel/libs/jquery.js 1060/3447
event: ../src/jcarousel/src/jquery.jcarousel.js 150/376
event: ../src/jcarousel/plugins/control/src/jquery.jcarousel.control.js 16/26
default: ../src/jcarousel/libs/jquery.js 1357/3447
default: ../src/jcarousel/src/jquery.jcarousel.js 200/376
default: ../src/jcarousel/plugins/autoscroll/src/jquery.jcarousel.autoscroll.js 17/19
default: ../src/jcarousel/libs/jquery.js 1058/3447
default: ../src/jcarousel/src/jquery.jcarousel.js 154/376
default: ../src/jcarousel/plugins/control/src/jquery.jcarousel.control.js 19/26
event: ../src/jcarousel/libs/jquery.js 1060/3447
event: ../src/jcarousel/src/jquery.jcarousel.js 150/376
event: ../src/jcarousel/plugins/control/src/jquery.jcarousel.control.js 16/26
default: ../src/jcarousel/libs/jquery.js 1149/3447
default: ../src/jcarousel/src/jquery.jcarousel.js 141/376
default: ../src/jcarousel/plugins/pagination/src/jquery.jcarousel.pagination.js 38/60
default: ../src/jcarousel/libs/jquery.js 1357/3447
default: ../src/jcarousel/src/jquery.jcarousel.js 200/376
default: ../src/jcarousel/plugins/autoscroll/src/jquery.jcarousel.autoscroll.js 17/19
default: ../src/jcarousel/libs/jquery.js 1058/3447
default: ../src/jcarousel/src/jquery.jcarousel.js 154/376
default: ../src/jcarousel/plugins/control/src/jquery.jcarousel.control.js 19/26
event: ../src/jcarousel/libs/jquery.js 1060/3447
event: ../src/jcarousel/src/jquery.jcarousel.js 150/376
event: ../src/jcarousel/plugins/control/src/jquery.jcarousel.control.js 16/26
default: ../src/jcarousel/libs/jquery.js 1149/3447
default: ../src/jcarousel/src/jquery.jcarousel.js 141/376
default: ../src/jcarousel/plugins/pagination/src/jquery.jcarousel.pagination.js 38/60
animation: ../src/jcarousel/libs/jquery.js 1041/3447
animation: ../src/jcarousel/src/jquery.jcarousel.js 118/376
default: ../src/jcarousel/libs/jquery.js 1357/3447
default: ../src/jcarousel/src/jquery.jcarousel.js 200/376
default: ../src/jcarousel/plugins/autoscroll/src/jquery.jcarousel.autoscroll.js 17/19
default: ../src/jcarousel/libs/jquery.js 1058/3447
default: ../src/jcarousel/src/jquery.jcarousel.js 154/376
default: ../src/jcarousel/plugins/control/src/jquery.jcarousel.control.js 19/26
event: ../src/jcarousel/libs/jquery.js 1060/3447
event: ../src/jcarousel/src/jquery.jcarousel.js 150/376
event: ../src/jcarousel/plugins/control/src/jquery.jcarousel.control.js 16/26
default: ../src/jcarousel/libs/jquery.js 1149/3447
default: ../src/jcarousel/src/jquery.jcarousel.js 141/376
default: ../src/jcarousel/plugins/pagination/src/jquery.jcarousel.pagination.js 38/60
animation: ../src/jcarousel/libs/jquery.js 1041/3447
animation: ../src/jcarousel/src/jquery.jcarousel.js 118/376
dynamic: ../src/jcarousel/libs/jquery.js 1047/3447
dynamic: ../src/jcarousel/src/jquery.jcarousel.js 118/376
default: ../src/jcarousel/libs/jquery.js 1357/3447
default: ../src/jcarousel/src/jquery.jcarousel.js 200/376
default: ../src/jcarousel/plugins/autoscroll/src/jquery.jcarousel.autoscroll.js 17/19
default: ../src/jcarousel/libs/jquery.js 1058/3447
default: ../src/jcarousel/src/jquery.jcarousel.js 154/376
default: ../src/jcarousel/plugins/control/src/jquery.jcarousel.control.js 19/26
event: ../src/jcarousel/libs/jquery.js 1060/3447
event: ../src/jcarousel/src/jquery.jcarousel.js 150/376
event: ../src/jcarousel/plugins/control/src/jquery.jcarousel.control.js 16/26
default: ../src/jcarousel/libs/jquery.js 1149/3447
default: ../src/jcarousel/src/jquery.jcarousel.js 141/376
default: ../src/jcarousel/plugins/pagination/src/jquery.jcarousel.pagination.js 38/60
animation: ../src/jcarousel/libs/jquery.js 1041/3447
animation: ../src/jcarousel/src/jquery.jcarousel.js 118/376
dynamic: ../src/jcarousel/libs/jquery.js 1047/3447
dynamic: ../src/jcarousel/src/jquery.jcarousel.js 118/376
event: ../src/jcarousel/src/jquery.jcarousel.js 44/376
event: ../src/jcarousel/libs/jquery.js 743/3447
default: ../src/jcarousel/libs/jquery.js 1357/3447
default: ../src/jcarousel/src/jquery.jcarousel.js 200/376
default: ../src/jcarousel/plugins/autoscroll/src/jquery.jcarousel.autoscroll.js 17/19
default: ../src/jcarousel/libs/jquery.js 1058/3447
default: ../src/jcarousel/src/jquery.jcarousel.js 154/376
default: ../src/jcarousel/plugins/control/src/jquery.jcarousel.control.js 19/26
event: ../src/jcarousel/libs/jquery.js 1060/3447
event: ../src/jcarousel/src/jquery.jcarousel.js 150/376
event: ../src/jcarousel/plugins/control/src/jquery.jcarousel.control.js 16/26
default: ../src/jcarousel/libs/jquery.js 1149/3447
default: ../src/jcarousel/src/jquery.jcarousel.js 141/376
default: ../src/jcarousel/plugins/pagination/src/jquery.jcarousel.pagination.js 38/60
animation: ../src/jcarousel/libs/jquery.js 1041/3447
animation: ../src/jcarousel/src/jquery.jcarousel.js 118/376
dynamic: ../src/jcarousel/libs/jquery.js 1047/3447
dynamic: ../src/jcarousel/src/jquery.jcarousel.js 118/376
event: ../src/jcarousel/src/jquery.jcarousel.js 44/376
event: ../src/jcarousel/libs/jquery.js 743/3447
focus: ../src/jcarousel/libs/jquery.js 1049/3447
focus: ../src/jcarousel/src/jquery.jcarousel.js 118/376
default: ../src/jcarousel/libs/jquery.js 1357/3447
default: ../src/jcarousel/src/jquery.jcarousel.js 200/376
default: ../src/jcarousel/plugins/autoscroll/src/jquery.jcarousel.autoscroll.js 17/19
default: ../src/jcarousel/libs/jquery.js 1058/3447
default: ../src/jcarousel/src/jquery.jcarousel.js 154/376
default: ../src/jcarousel/plugins/control/src/jquery.jcarousel.control.js 19/26
event: ../src/jcarousel/libs/jquery.js 1060/3447
event: ../src/jcarousel/src/jquery.jcarousel.js 150/376
event: ../src/jcarousel/plugins/control/src/jquery.jcarousel.control.js 16/26
default: ../src/jcarousel/libs/jquery.js 1149/3447
default: ../src/jcarousel/src/jquery.jcarousel.js 141/376
default: ../src/jcarousel/plugins/pagination/src/jquery.jcarousel.pagination.js 38/60
animation: ../src/jcarousel/libs/jquery.js 1041/3447
animation: ../src/jcarousel/src/jquery.jcarousel.js 118/376
dynamic: ../src/jcarousel/libs/jquery.js 1047/3447
dynamic: ../src/jcarousel/src/jquery.jcarousel.js 118/376
event: ../src/jcarousel/src/jquery.jcarousel.js 44/376
event: ../src/jcarousel/libs/jquery.js 743/3447
focus: ../src/jcarousel/libs/jquery.js 1049/3447
focus: ../src/jcarousel/src/jquery.jcarousel.js 118/376
hidden: ../src/jcarousel/libs/jquery.js 1030/3447
hidden: ../src/jcarousel/src/jquery.jcarousel.js 118/376
default: ../src/jcarousel/libs/jquery.js 1357/3447
default: ../src/jcarousel/src/jquery.jcarousel.js 200/376
default: ../src/jcarousel/plugins/autoscroll/src/jquery.jcarousel.autoscroll.js 17/19
default: ../src/jcarousel/libs/jquery.js 1058/3447
default: ../src/jcarousel/src/jquery.jcarousel.js 154/376
default: ../src/jcarousel/plugins/control/src/jquery.jcarousel.control.js 19/26
event: ../src/jcarousel/libs/jquery.js 1060/3447
event: ../src/jcarousel/src/jquery.jcarousel.js 150/376
event: ../src/jcarousel/plugins/control/src/jquery.jcarousel.control.js 16/26
default: ../src/jcarousel/libs/jquery.js 1149/3447
default: ../src/jcarousel/src/jquery.jcarousel.js 141/376
default: ../src/jcarousel/plugins/pagination/src/jquery.jcarousel.pagination.js 38/60
animation: ../src/jcarousel/libs/jquery.js 1041/3447
animation: ../src/jcarousel/src/jquery.jcarousel.js 118/376
dynamic: ../src/jcarousel/libs/jquery.js 1047/3447
dynamic: ../src/jcarousel/src/jquery.jcarousel.js 118/376
event: ../src/jcarousel/src/jquery.jcarousel.js 44/376
event: ../src/jcarousel/libs/jquery.js 743/3447
focus: ../src/jcarousel/libs/jquery.js 1049/3447
focus: ../src/jcarousel/src/jquery.jcarousel.js 118/376
hidden: ../src/jcarousel/libs/jquery.js 1030/3447
hidden: ../src/jcarousel/src/jquery.jcarousel.js 118/376
plugin: ../src/jcarousel/libs/jquery.js 1377/3447
plugin: ../src/jcarousel/src/jquery.jcarousel.js 205/376
plugin: ../src/jcarousel/plugins/control/src/jquery.jcarousel.control.js 19/26
plugin: ../src/jcarousel/plugins/autoscroll/src/jquery.jcarousel.autoscroll.js 17/19
plugin: ../src/jcarousel/plugins/pagination/src/jquery.jcarousel.pagination.js 54/60
default: ../src/jcarousel/libs/jquery.js 1357/3447
default: ../src/jcarousel/src/jquery.jcarousel.js 200/376
default: ../src/jcarousel/plugins/autoscroll/src/jquery.jcarousel.autoscroll.js 17/19
default: ../src/jcarousel/libs/jquery.js 1058/3447
default: ../src/jcarousel/src/jquery.jcarousel.js 154/376
default: ../src/jcarousel/plugins/control/src/jquery.jcarousel.control.js 19/26
event: ../src/jcarousel/libs/jquery.js 1060/3447
event: ../src/jcarousel/src/jquery.jcarousel.js 150/376
event: ../src/jcarousel/plugins/control/src/jquery.jcarousel.control.js 16/26
default: ../src/jcarousel/libs/jquery.js 1149/3447
default: ../src/jcarousel/src/jquery.jcarousel.js 141/376
default: ../src/jcarousel/plugins/pagination/src/jquery.jcarousel.pagination.js 38/60
animation: ../src/jcarousel/libs/jquery.js 1041/3447
animation: ../src/jcarousel/src/jquery.jcarousel.js 118/376
dynamic: ../src/jcarousel/libs/jquery.js 1047/3447
dynamic: ../src/jcarousel/src/jquery.jcarousel.js 118/376
event: ../src/jcarousel/src/jquery.jcarousel.js 44/376
event: ../src/jcarousel/libs/jquery.js 743/3447
focus: ../src/jcarousel/libs/jquery.js 1049/3447
focus: ../src/jcarousel/src/jquery.jcarousel.js 118/376
hidden: ../src/jcarousel/libs/jquery.js 1030/3447
hidden: ../src/jcarousel/src/jquery.jcarousel.js 118/376
plugin: ../src/jcarousel/libs/jquery.js 1377/3447
plugin: ../src/jcarousel/src/jquery.jcarousel.js 205/376
plugin: ../src/jcarousel/plugins/control/src/jquery.jcarousel.control.js 19/26
plugin: ../src/jcarousel/plugins/autoscroll/src/jquery.jcarousel.autoscroll.js 17/19
plugin: ../src/jcarousel/plugins/pagination/src/jquery.jcarousel.pagination.js 54/60
requirejs: ../src/jcarousel/src/jquery.jcarousel.js 26/376
requirejs: ../src/jcarousel/libs/require-jquery.js 923/4166
default: ../src/jcarousel/libs/jquery.js 1357/3447
default: ../src/jcarousel/src/jquery.jcarousel.js 200/376
default: ../src/jcarousel/plugins/autoscroll/src/jquery.jcarousel.autoscroll.js 17/19
default: ../src/jcarousel/libs/jquery.js 1058/3447
default: ../src/jcarousel/src/jquery.jcarousel.js 154/376
default: ../src/jcarousel/plugins/control/src/jquery.jcarousel.control.js 19/26
event: ../src/jcarousel/libs/jquery.js 1060/3447
event: ../src/jcarousel/src/jquery.jcarousel.js 150/376
event: ../src/jcarousel/plugins/control/src/jquery.jcarousel.control.js 16/26
default: ../src/jcarousel/libs/jquery.js 1149/3447
default: ../src/jcarousel/src/jquery.jcarousel.js 141/376
default: ../src/jcarousel/plugins/pagination/src/jquery.jcarousel.pagination.js 38/60
animation: ../src/jcarousel/libs/jquery.js 1041/3447
animation: ../src/jcarousel/src/jquery.jcarousel.js 118/376
dynamic: ../src/jcarousel/libs/jquery.js 1047/3447
dynamic: ../src/jcarousel/src/jquery.jcarousel.js 118/376
event: ../src/jcarousel/src/jquery.jcarousel.js 44/376
event: ../src/jcarousel/libs/jquery.js 743/3447
focus: ../src/jcarousel/libs/jquery.js 1049/3447
focus: ../src/jcarousel/src/jquery.jcarousel.js 118/376
hidden: ../src/jcarousel/libs/jquery.js 1030/3447
hidden: ../src/jcarousel/src/jquery.jcarousel.js 118/376
plugin: ../src/jcarousel/libs/jquery.js 1377/3447
plugin: ../src/jcarousel/src/jquery.jcarousel.js 205/376
plugin: ../src/jcarousel/plugins/control/src/jquery.jcarousel.control.js 19/26
plugin: ../src/jcarousel/plugins/autoscroll/src/jquery.jcarousel.autoscroll.js 17/19
plugin: ../src/jcarousel/plugins/pagination/src/jquery.jcarousel.pagination.js 54/60
requirejs: ../src/jcarousel/src/jquery.jcarousel.js 26/376
requirejs: ../src/jcarousel/libs/require-jquery.js 923/4166
wrap: ../src/jcarousel/libs/jquery.js 1041/3447
wrap: ../src/jcarousel/src/jquery.jcarousel.js 118/376
default: ../src/jcarousel/libs/jquery.js 1357/3447
default: ../src/jcarousel/src/jquery.jcarousel.js 200/376
default: ../src/jcarousel/plugins/autoscroll/src/jquery.jcarousel.autoscroll.js 17/19
default: ../src/jcarousel/libs/jquery.js 1058/3447
default: ../src/jcarousel/src/jquery.jcarousel.js 154/376
default: ../src/jcarousel/plugins/control/src/jquery.jcarousel.control.js 19/26
event: ../src/jcarousel/libs/jquery.js 1060/3447
event: ../src/jcarousel/src/jquery.jcarousel.js 150/376
event: ../src/jcarousel/plugins/control/src/jquery.jcarousel.control.js 16/26
default: ../src/jcarousel/libs/jquery.js 1149/3447
default: ../src/jcarousel/src/jquery.jcarousel.js 141/376
default: ../src/jcarousel/plugins/pagination/src/jquery.jcarousel.pagination.js 38/60
animation: ../src/jcarousel/libs/jquery.js 1041/3447
animation: ../src/jcarousel/src/jquery.jcarousel.js 118/376
dynamic: ../src/jcarousel/libs/jquery.js 1047/3447
dynamic: ../src/jcarousel/src/jquery.jcarousel.js 118/376
event: ../src/jcarousel/src/jquery.jcarousel.js 44/376
event: ../src/jcarousel/libs/jquery.js 743/3447
focus: ../src/jcarousel/libs/jquery.js 1049/3447
focus: ../src/jcarousel/src/jquery.jcarousel.js 118/376
hidden: ../src/jcarousel/libs/jquery.js 1030/3447
hidden: ../src/jcarousel/src/jquery.jcarousel.js 118/376
plugin: ../src/jcarousel/libs/jquery.js 1377/3447
plugin: ../src/jcarousel/src/jquery.jcarousel.js 205/376
plugin: ../src/jcarousel/plugins/control/src/jquery.jcarousel.control.js 19/26
plugin: ../src/jcarousel/plugins/autoscroll/src/jquery.jcarousel.autoscroll.js 17/19
plugin: ../src/jcarousel/plugins/pagination/src/jquery.jcarousel.pagination.js 54/60
requirejs: ../src/jcarousel/src/jquery.jcarousel.js 26/376
requirejs: ../src/jcarousel/libs/require-jquery.js 923/4166
wrap: ../src/jcarousel/libs/jquery.js 1041/3447
wrap: ../src/jcarousel/src/jquery.jcarousel.js 118/376
index: ../src/jcarousel/libs/jquery.js 1197/3447
index: ../src/jcarousel/src/jquery.jcarousel.js 152/376
index: ../src/jcarousel/libs/qunit/qunit.js 369/779
