visual-absolute: ../src/jQuery-Animate-Enhanced/scripts/src/jquery.animate-enhanced.js 24/165
visual-absolute: ../src/jQuery-Animate-Enhanced/scripts/contrib/jquery-1.6.1.js 917/3302
visual-absolute: ../src/jQuery-Animate-Enhanced/scripts/src/jquery.animate-enhanced.js 24/165
visual-absolute: ../src/jQuery-Animate-Enhanced/scripts/contrib/jquery-1.6.1.js 917/3302
visual-animated: ../src/jQuery-Animate-Enhanced/scripts/src/jquery.animate-enhanced.js 20/165
visual-animated: ../src/jQuery-Animate-Enhanced/scripts/contrib/jquery-1.4.3.js 547/2653
visual-animated: script in file:/home/rahul/research/clone-unit-coverage/src/jQuery-Animate-Enhanced/tests/visual-animated.html from (-1, -1) to (-1, -1) 1/1
visual-absolute: ../src/jQuery-Animate-Enhanced/scripts/src/jquery.animate-enhanced.js 24/165
visual-absolute: ../src/jQuery-Animate-Enhanced/scripts/contrib/jquery-1.6.1.js 917/3302
visual-animated: ../src/jQuery-Animate-Enhanced/scripts/src/jquery.animate-enhanced.js 20/165
visual-animated: ../src/jQuery-Animate-Enhanced/scripts/contrib/jquery-1.4.3.js 547/2653
visual-animated: script in file:/home/rahul/research/clone-unit-coverage/src/jQuery-Animate-Enhanced/tests/visual-animated.html from (-1, -1) to (-1, -1) 1/1
visual-avoidCSSTransitions: ../src/jQuery-Animate-Enhanced/scripts/src/jquery.animate-enhanced.js 20/165
visual-avoidCSSTransitions: ../src/jQuery-Animate-Enhanced/scripts/contrib/jquery-1.4.3.js 547/2653
visual-avoidCSSTransitions: script in file:/home/rahul/research/clone-unit-coverage/src/jQuery-Animate-Enhanced/tests/visual-avoidCSSTransitions.html from (-1, -1) to (-1, -1) 1/1
visual-absolute: ../src/jQuery-Animate-Enhanced/scripts/src/jquery.animate-enhanced.js 24/165
visual-absolute: ../src/jQuery-Animate-Enhanced/scripts/contrib/jquery-1.6.1.js 917/3302
visual-animated: ../src/jQuery-Animate-Enhanced/scripts/src/jquery.animate-enhanced.js 20/165
visual-animated: ../src/jQuery-Animate-Enhanced/scripts/contrib/jquery-1.4.3.js 547/2653
visual-animated: script in file:/home/rahul/research/clone-unit-coverage/src/jQuery-Animate-Enhanced/tests/visual-animated.html from (-1, -1) to (-1, -1) 1/1
visual-avoidCSSTransitions: ../src/jQuery-Animate-Enhanced/scripts/src/jquery.animate-enhanced.js 20/165
visual-avoidCSSTransitions: ../src/jQuery-Animate-Enhanced/scripts/contrib/jquery-1.4.3.js 547/2653
visual-avoidCSSTransitions: script in file:/home/rahul/research/clone-unit-coverage/src/jQuery-Animate-Enhanced/tests/visual-avoidCSSTransitions.html from (-1, -1) to (-1, -1) 1/1
visual-context: ../src/jQuery-Animate-Enhanced/scripts/src/jquery.animate-enhanced.js 20/165
visual-context: ../src/jQuery-Animate-Enhanced/scripts/contrib/jquery-1.4.3.js 547/2653
visual-context: script in file:/home/rahul/research/clone-unit-coverage/src/jQuery-Animate-Enhanced/tests/visual-context.html from (-1, -1) to (-1, -1) 1/1
visual-absolute: ../src/jQuery-Animate-Enhanced/scripts/src/jquery.animate-enhanced.js 24/165
visual-absolute: ../src/jQuery-Animate-Enhanced/scripts/contrib/jquery-1.6.1.js 917/3302
visual-animated: ../src/jQuery-Animate-Enhanced/scripts/src/jquery.animate-enhanced.js 20/165
visual-animated: ../src/jQuery-Animate-Enhanced/scripts/contrib/jquery-1.4.3.js 547/2653
visual-animated: script in file:/home/rahul/research/clone-unit-coverage/src/jQuery-Animate-Enhanced/tests/visual-animated.html from (-1, -1) to (-1, -1) 1/1
visual-avoidCSSTransitions: ../src/jQuery-Animate-Enhanced/scripts/src/jquery.animate-enhanced.js 20/165
visual-avoidCSSTransitions: ../src/jQuery-Animate-Enhanced/scripts/contrib/jquery-1.4.3.js 547/2653
visual-avoidCSSTransitions: script in file:/home/rahul/research/clone-unit-coverage/src/jQuery-Animate-Enhanced/tests/visual-avoidCSSTransitions.html from (-1, -1) to (-1, -1) 1/1
visual-context: ../src/jQuery-Animate-Enhanced/scripts/src/jquery.animate-enhanced.js 20/165
visual-context: ../src/jQuery-Animate-Enhanced/scripts/contrib/jquery-1.4.3.js 547/2653
visual-context: script in file:/home/rahul/research/clone-unit-coverage/src/jQuery-Animate-Enhanced/tests/visual-context.html from (-1, -1) to (-1, -1) 1/1
visual-default3d: ../src/jQuery-Animate-Enhanced/scripts/src/jquery.animate-enhanced.js 20/165
visual-default3d: ../src/jQuery-Animate-Enhanced/scripts/contrib/jquery-1.4.3.js 547/2653
visual-default3d: script in file:/home/rahul/research/clone-unit-coverage/src/jQuery-Animate-Enhanced/tests/visual-default3d.html from (-1, -1) to (-1, -1) 1/1
visual-absolute: ../src/jQuery-Animate-Enhanced/scripts/src/jquery.animate-enhanced.js 24/165
visual-absolute: ../src/jQuery-Animate-Enhanced/scripts/contrib/jquery-1.6.1.js 917/3302
visual-animated: ../src/jQuery-Animate-Enhanced/scripts/src/jquery.animate-enhanced.js 20/165
visual-animated: ../src/jQuery-Animate-Enhanced/scripts/contrib/jquery-1.4.3.js 547/2653
visual-animated: script in file:/home/rahul/research/clone-unit-coverage/src/jQuery-Animate-Enhanced/tests/visual-animated.html from (-1, -1) to (-1, -1) 1/1
visual-avoidCSSTransitions: ../src/jQuery-Animate-Enhanced/scripts/src/jquery.animate-enhanced.js 20/165
visual-avoidCSSTransitions: ../src/jQuery-Animate-Enhanced/scripts/contrib/jquery-1.4.3.js 547/2653
visual-avoidCSSTransitions: script in file:/home/rahul/research/clone-unit-coverage/src/jQuery-Animate-Enhanced/tests/visual-avoidCSSTransitions.html from (-1, -1) to (-1, -1) 1/1
visual-context: ../src/jQuery-Animate-Enhanced/scripts/src/jquery.animate-enhanced.js 20/165
visual-context: ../src/jQuery-Animate-Enhanced/scripts/contrib/jquery-1.4.3.js 547/2653
visual-context: script in file:/home/rahul/research/clone-unit-coverage/src/jQuery-Animate-Enhanced/tests/visual-context.html from (-1, -1) to (-1, -1) 1/1
visual-default3d: ../src/jQuery-Animate-Enhanced/scripts/src/jquery.animate-enhanced.js 20/165
visual-default3d: ../src/jQuery-Animate-Enhanced/scripts/contrib/jquery-1.4.3.js 547/2653
visual-default3d: script in file:/home/rahul/research/clone-unit-coverage/src/jQuery-Animate-Enhanced/tests/visual-default3d.html from (-1, -1) to (-1, -1) 1/1
visual-disabledByDefault: ../src/jQuery-Animate-Enhanced/scripts/src/jquery.animate-enhanced.js 20/165
visual-disabledByDefault: ../src/jQuery-Animate-Enhanced/scripts/contrib/jquery-1.4.3.js 382/2653
visual-disabledByDefault: script in file:/home/rahul/research/clone-unit-coverage/src/jQuery-Animate-Enhanced/tests/visual-disabledByDefault.html from (-1, -1) to (-1, -1) 1/1
visual-absolute: ../src/jQuery-Animate-Enhanced/scripts/src/jquery.animate-enhanced.js 24/165
visual-absolute: ../src/jQuery-Animate-Enhanced/scripts/contrib/jquery-1.6.1.js 917/3302
visual-animated: ../src/jQuery-Animate-Enhanced/scripts/src/jquery.animate-enhanced.js 20/165
visual-animated: ../src/jQuery-Animate-Enhanced/scripts/contrib/jquery-1.4.3.js 547/2653
visual-animated: script in file:/home/rahul/research/clone-unit-coverage/src/jQuery-Animate-Enhanced/tests/visual-animated.html from (-1, -1) to (-1, -1) 1/1
visual-avoidCSSTransitions: ../src/jQuery-Animate-Enhanced/scripts/src/jquery.animate-enhanced.js 20/165
visual-avoidCSSTransitions: ../src/jQuery-Animate-Enhanced/scripts/contrib/jquery-1.4.3.js 547/2653
visual-avoidCSSTransitions: script in file:/home/rahul/research/clone-unit-coverage/src/jQuery-Animate-Enhanced/tests/visual-avoidCSSTransitions.html from (-1, -1) to (-1, -1) 1/1
visual-context: ../src/jQuery-Animate-Enhanced/scripts/src/jquery.animate-enhanced.js 20/165
visual-context: ../src/jQuery-Animate-Enhanced/scripts/contrib/jquery-1.4.3.js 547/2653
visual-context: script in file:/home/rahul/research/clone-unit-coverage/src/jQuery-Animate-Enhanced/tests/visual-context.html from (-1, -1) to (-1, -1) 1/1
visual-default3d: ../src/jQuery-Animate-Enhanced/scripts/src/jquery.animate-enhanced.js 20/165
visual-default3d: ../src/jQuery-Animate-Enhanced/scripts/contrib/jquery-1.4.3.js 547/2653
visual-default3d: script in file:/home/rahul/research/clone-unit-coverage/src/jQuery-Animate-Enhanced/tests/visual-default3d.html from (-1, -1) to (-1, -1) 1/1
visual-disabledByDefault: ../src/jQuery-Animate-Enhanced/scripts/src/jquery.animate-enhanced.js 20/165
visual-disabledByDefault: ../src/jQuery-Animate-Enhanced/scripts/contrib/jquery-1.4.3.js 382/2653
visual-disabledByDefault: script in file:/home/rahul/research/clone-unit-coverage/src/jQuery-Animate-Enhanced/tests/visual-disabledByDefault.html from (-1, -1) to (-1, -1) 1/1
visual-easing: ../src/jQuery-Animate-Enhanced/scripts/src/jquery.animate-enhanced.js 20/165
visual-easing: ../src/jQuery-Animate-Enhanced/scripts/contrib/jquery-1.4.3.js 547/2653
visual-easing: script in file:/home/rahul/research/clone-unit-coverage/src/jQuery-Animate-Enhanced/tests/visual-easing.html from (-1, -1) to (-1, -1) 1/1
visual-absolute: ../src/jQuery-Animate-Enhanced/scripts/src/jquery.animate-enhanced.js 24/165
visual-absolute: ../src/jQuery-Animate-Enhanced/scripts/contrib/jquery-1.6.1.js 917/3302
visual-animated: ../src/jQuery-Animate-Enhanced/scripts/src/jquery.animate-enhanced.js 20/165
visual-animated: ../src/jQuery-Animate-Enhanced/scripts/contrib/jquery-1.4.3.js 547/2653
visual-animated: script in file:/home/rahul/research/clone-unit-coverage/src/jQuery-Animate-Enhanced/tests/visual-animated.html from (-1, -1) to (-1, -1) 1/1
visual-avoidCSSTransitions: ../src/jQuery-Animate-Enhanced/scripts/src/jquery.animate-enhanced.js 20/165
visual-avoidCSSTransitions: ../src/jQuery-Animate-Enhanced/scripts/contrib/jquery-1.4.3.js 547/2653
visual-avoidCSSTransitions: script in file:/home/rahul/research/clone-unit-coverage/src/jQuery-Animate-Enhanced/tests/visual-avoidCSSTransitions.html from (-1, -1) to (-1, -1) 1/1
visual-context: ../src/jQuery-Animate-Enhanced/scripts/src/jquery.animate-enhanced.js 20/165
visual-context: ../src/jQuery-Animate-Enhanced/scripts/contrib/jquery-1.4.3.js 547/2653
visual-context: script in file:/home/rahul/research/clone-unit-coverage/src/jQuery-Animate-Enhanced/tests/visual-context.html from (-1, -1) to (-1, -1) 1/1
visual-default3d: ../src/jQuery-Animate-Enhanced/scripts/src/jquery.animate-enhanced.js 20/165
visual-default3d: ../src/jQuery-Animate-Enhanced/scripts/contrib/jquery-1.4.3.js 547/2653
visual-default3d: script in file:/home/rahul/research/clone-unit-coverage/src/jQuery-Animate-Enhanced/tests/visual-default3d.html from (-1, -1) to (-1, -1) 1/1
visual-disabledByDefault: ../src/jQuery-Animate-Enhanced/scripts/src/jquery.animate-enhanced.js 20/165
visual-disabledByDefault: ../src/jQuery-Animate-Enhanced/scripts/contrib/jquery-1.4.3.js 382/2653
visual-disabledByDefault: script in file:/home/rahul/research/clone-unit-coverage/src/jQuery-Animate-Enhanced/tests/visual-disabledByDefault.html from (-1, -1) to (-1, -1) 1/1
visual-easing: ../src/jQuery-Animate-Enhanced/scripts/src/jquery.animate-enhanced.js 20/165
visual-easing: ../src/jQuery-Animate-Enhanced/scripts/contrib/jquery-1.4.3.js 547/2653
visual-easing: script in file:/home/rahul/research/clone-unit-coverage/src/jQuery-Animate-Enhanced/tests/visual-easing.html from (-1, -1) to (-1, -1) 1/1
visual-fadeOutZero: ../src/jQuery-Animate-Enhanced/scripts/src/jquery.animate-enhanced.js 20/165
visual-fadeOutZero: ../src/jQuery-Animate-Enhanced/scripts/contrib/jquery-1.4.3.js 547/2653
visual-fadeOutZero: script in file:/home/rahul/research/clone-unit-coverage/src/jQuery-Animate-Enhanced/tests/visual-fadeOutZero.html from (-1, -1) to (-1, -1) 1/1
visual-absolute: ../src/jQuery-Animate-Enhanced/scripts/src/jquery.animate-enhanced.js 24/165
visual-absolute: ../src/jQuery-Animate-Enhanced/scripts/contrib/jquery-1.6.1.js 917/3302
visual-animated: ../src/jQuery-Animate-Enhanced/scripts/src/jquery.animate-enhanced.js 20/165
visual-animated: ../src/jQuery-Animate-Enhanced/scripts/contrib/jquery-1.4.3.js 547/2653
visual-animated: script in file:/home/rahul/research/clone-unit-coverage/src/jQuery-Animate-Enhanced/tests/visual-animated.html from (-1, -1) to (-1, -1) 1/1
visual-avoidCSSTransitions: ../src/jQuery-Animate-Enhanced/scripts/src/jquery.animate-enhanced.js 20/165
visual-avoidCSSTransitions: ../src/jQuery-Animate-Enhanced/scripts/contrib/jquery-1.4.3.js 547/2653
visual-avoidCSSTransitions: script in file:/home/rahul/research/clone-unit-coverage/src/jQuery-Animate-Enhanced/tests/visual-avoidCSSTransitions.html from (-1, -1) to (-1, -1) 1/1
visual-context: ../src/jQuery-Animate-Enhanced/scripts/src/jquery.animate-enhanced.js 20/165
visual-context: ../src/jQuery-Animate-Enhanced/scripts/contrib/jquery-1.4.3.js 547/2653
visual-context: script in file:/home/rahul/research/clone-unit-coverage/src/jQuery-Animate-Enhanced/tests/visual-context.html from (-1, -1) to (-1, -1) 1/1
visual-default3d: ../src/jQuery-Animate-Enhanced/scripts/src/jquery.animate-enhanced.js 20/165
visual-default3d: ../src/jQuery-Animate-Enhanced/scripts/contrib/jquery-1.4.3.js 547/2653
visual-default3d: script in file:/home/rahul/research/clone-unit-coverage/src/jQuery-Animate-Enhanced/tests/visual-default3d.html from (-1, -1) to (-1, -1) 1/1
visual-disabledByDefault: ../src/jQuery-Animate-Enhanced/scripts/src/jquery.animate-enhanced.js 20/165
visual-disabledByDefault: ../src/jQuery-Animate-Enhanced/scripts/contrib/jquery-1.4.3.js 382/2653
visual-disabledByDefault: script in file:/home/rahul/research/clone-unit-coverage/src/jQuery-Animate-Enhanced/tests/visual-disabledByDefault.html from (-1, -1) to (-1, -1) 1/1
visual-easing: ../src/jQuery-Animate-Enhanced/scripts/src/jquery.animate-enhanced.js 20/165
visual-easing: ../src/jQuery-Animate-Enhanced/scripts/contrib/jquery-1.4.3.js 547/2653
visual-easing: script in file:/home/rahul/research/clone-unit-coverage/src/jQuery-Animate-Enhanced/tests/visual-easing.html from (-1, -1) to (-1, -1) 1/1
visual-fadeOutZero: ../src/jQuery-Animate-Enhanced/scripts/src/jquery.animate-enhanced.js 20/165
visual-fadeOutZero: ../src/jQuery-Animate-Enhanced/scripts/contrib/jquery-1.4.3.js 547/2653
visual-fadeOutZero: script in file:/home/rahul/research/clone-unit-coverage/src/jQuery-Animate-Enhanced/tests/visual-fadeOutZero.html from (-1, -1) to (-1, -1) 1/1
visual-highcharts: http:/code.highcharts.com/2.2.5/modules/canvas-tools.js?_=1342939786295 6/109
visual-highcharts: ../src/jQuery-Animate-Enhanced/scripts/src/jquery.animate-enhanced.js 20/165
visual-highcharts: https:/bit.ly/jqsource 792/3447
visual-highcharts: JavaScriptStringJob 1/1
visual-absolute: ../src/jQuery-Animate-Enhanced/scripts/src/jquery.animate-enhanced.js 24/165
visual-absolute: ../src/jQuery-Animate-Enhanced/scripts/contrib/jquery-1.6.1.js 917/3302
visual-animated: ../src/jQuery-Animate-Enhanced/scripts/src/jquery.animate-enhanced.js 20/165
visual-animated: ../src/jQuery-Animate-Enhanced/scripts/contrib/jquery-1.4.3.js 547/2653
visual-animated: script in file:/home/rahul/research/clone-unit-coverage/src/jQuery-Animate-Enhanced/tests/visual-animated.html from (-1, -1) to (-1, -1) 1/1
visual-avoidCSSTransitions: ../src/jQuery-Animate-Enhanced/scripts/src/jquery.animate-enhanced.js 20/165
visual-avoidCSSTransitions: ../src/jQuery-Animate-Enhanced/scripts/contrib/jquery-1.4.3.js 547/2653
visual-avoidCSSTransitions: script in file:/home/rahul/research/clone-unit-coverage/src/jQuery-Animate-Enhanced/tests/visual-avoidCSSTransitions.html from (-1, -1) to (-1, -1) 1/1
visual-context: ../src/jQuery-Animate-Enhanced/scripts/src/jquery.animate-enhanced.js 20/165
visual-context: ../src/jQuery-Animate-Enhanced/scripts/contrib/jquery-1.4.3.js 547/2653
visual-context: script in file:/home/rahul/research/clone-unit-coverage/src/jQuery-Animate-Enhanced/tests/visual-context.html from (-1, -1) to (-1, -1) 1/1
visual-default3d: ../src/jQuery-Animate-Enhanced/scripts/src/jquery.animate-enhanced.js 20/165
visual-default3d: ../src/jQuery-Animate-Enhanced/scripts/contrib/jquery-1.4.3.js 547/2653
visual-default3d: script in file:/home/rahul/research/clone-unit-coverage/src/jQuery-Animate-Enhanced/tests/visual-default3d.html from (-1, -1) to (-1, -1) 1/1
visual-disabledByDefault: ../src/jQuery-Animate-Enhanced/scripts/src/jquery.animate-enhanced.js 20/165
visual-disabledByDefault: ../src/jQuery-Animate-Enhanced/scripts/contrib/jquery-1.4.3.js 382/2653
visual-disabledByDefault: script in file:/home/rahul/research/clone-unit-coverage/src/jQuery-Animate-Enhanced/tests/visual-disabledByDefault.html from (-1, -1) to (-1, -1) 1/1
visual-easing: ../src/jQuery-Animate-Enhanced/scripts/src/jquery.animate-enhanced.js 20/165
visual-easing: ../src/jQuery-Animate-Enhanced/scripts/contrib/jquery-1.4.3.js 547/2653
visual-easing: script in file:/home/rahul/research/clone-unit-coverage/src/jQuery-Animate-Enhanced/tests/visual-easing.html from (-1, -1) to (-1, -1) 1/1
visual-fadeOutZero: ../src/jQuery-Animate-Enhanced/scripts/src/jquery.animate-enhanced.js 20/165
visual-fadeOutZero: ../src/jQuery-Animate-Enhanced/scripts/contrib/jquery-1.4.3.js 547/2653
visual-fadeOutZero: script in file:/home/rahul/research/clone-unit-coverage/src/jQuery-Animate-Enhanced/tests/visual-fadeOutZero.html from (-1, -1) to (-1, -1) 1/1
visual-highcharts: http:/code.highcharts.com/2.2.5/modules/canvas-tools.js?_=1342939786295 6/109
visual-highcharts: ../src/jQuery-Animate-Enhanced/scripts/src/jquery.animate-enhanced.js 20/165
visual-highcharts: https:/bit.ly/jqsource 792/3447
visual-highcharts: JavaScriptStringJob 1/1
visual-right: ../src/jQuery-Animate-Enhanced/scripts/src/jquery.animate-enhanced.js 20/165
visual-right: ../src/jQuery-Animate-Enhanced/scripts/contrib/jquery-1.4.3.js 547/2653
visual-right: script in file:/home/rahul/research/clone-unit-coverage/src/jQuery-Animate-Enhanced/tests/visual-right.html from (-1, -1) to (-1, -1) 1/1
visual-absolute: ../src/jQuery-Animate-Enhanced/scripts/src/jquery.animate-enhanced.js 24/165
visual-absolute: ../src/jQuery-Animate-Enhanced/scripts/contrib/jquery-1.6.1.js 917/3302
visual-animated: ../src/jQuery-Animate-Enhanced/scripts/src/jquery.animate-enhanced.js 20/165
visual-animated: ../src/jQuery-Animate-Enhanced/scripts/contrib/jquery-1.4.3.js 547/2653
visual-animated: script in file:/home/rahul/research/clone-unit-coverage/src/jQuery-Animate-Enhanced/tests/visual-animated.html from (-1, -1) to (-1, -1) 1/1
visual-avoidCSSTransitions: ../src/jQuery-Animate-Enhanced/scripts/src/jquery.animate-enhanced.js 20/165
visual-avoidCSSTransitions: ../src/jQuery-Animate-Enhanced/scripts/contrib/jquery-1.4.3.js 547/2653
visual-avoidCSSTransitions: script in file:/home/rahul/research/clone-unit-coverage/src/jQuery-Animate-Enhanced/tests/visual-avoidCSSTransitions.html from (-1, -1) to (-1, -1) 1/1
visual-context: ../src/jQuery-Animate-Enhanced/scripts/src/jquery.animate-enhanced.js 20/165
visual-context: ../src/jQuery-Animate-Enhanced/scripts/contrib/jquery-1.4.3.js 547/2653
visual-context: script in file:/home/rahul/research/clone-unit-coverage/src/jQuery-Animate-Enhanced/tests/visual-context.html from (-1, -1) to (-1, -1) 1/1
visual-default3d: ../src/jQuery-Animate-Enhanced/scripts/src/jquery.animate-enhanced.js 20/165
visual-default3d: ../src/jQuery-Animate-Enhanced/scripts/contrib/jquery-1.4.3.js 547/2653
visual-default3d: script in file:/home/rahul/research/clone-unit-coverage/src/jQuery-Animate-Enhanced/tests/visual-default3d.html from (-1, -1) to (-1, -1) 1/1
visual-disabledByDefault: ../src/jQuery-Animate-Enhanced/scripts/src/jquery.animate-enhanced.js 20/165
visual-disabledByDefault: ../src/jQuery-Animate-Enhanced/scripts/contrib/jquery-1.4.3.js 382/2653
visual-disabledByDefault: script in file:/home/rahul/research/clone-unit-coverage/src/jQuery-Animate-Enhanced/tests/visual-disabledByDefault.html from (-1, -1) to (-1, -1) 1/1
visual-easing: ../src/jQuery-Animate-Enhanced/scripts/src/jquery.animate-enhanced.js 20/165
visual-easing: ../src/jQuery-Animate-Enhanced/scripts/contrib/jquery-1.4.3.js 547/2653
visual-easing: script in file:/home/rahul/research/clone-unit-coverage/src/jQuery-Animate-Enhanced/tests/visual-easing.html from (-1, -1) to (-1, -1) 1/1
visual-fadeOutZero: ../src/jQuery-Animate-Enhanced/scripts/src/jquery.animate-enhanced.js 20/165
visual-fadeOutZero: ../src/jQuery-Animate-Enhanced/scripts/contrib/jquery-1.4.3.js 547/2653
visual-fadeOutZero: script in file:/home/rahul/research/clone-unit-coverage/src/jQuery-Animate-Enhanced/tests/visual-fadeOutZero.html from (-1, -1) to (-1, -1) 1/1
visual-highcharts: http:/code.highcharts.com/2.2.5/modules/canvas-tools.js?_=1342939786295 6/109
visual-highcharts: ../src/jQuery-Animate-Enhanced/scripts/src/jquery.animate-enhanced.js 20/165
visual-highcharts: https:/bit.ly/jqsource 792/3447
visual-highcharts: JavaScriptStringJob 1/1
visual-right: ../src/jQuery-Animate-Enhanced/scripts/src/jquery.animate-enhanced.js 20/165
visual-right: ../src/jQuery-Animate-Enhanced/scripts/contrib/jquery-1.4.3.js 547/2653
visual-right: script in file:/home/rahul/research/clone-unit-coverage/src/jQuery-Animate-Enhanced/tests/visual-right.html from (-1, -1) to (-1, -1) 1/1
visual-slideToggle: ../src/jQuery-Animate-Enhanced/scripts/src/jquery.animate-enhanced.js 20/165
visual-slideToggle: ../src/jQuery-Animate-Enhanced/scripts/contrib/jquery-1.4.3.js 547/2653
visual-slideToggle: script in file:/home/rahul/research/clone-unit-coverage/src/jQuery-Animate-Enhanced/tests/visual-slideToggle.html from (-1, -1) to (-1, -1) 1/1
visual-absolute: ../src/jQuery-Animate-Enhanced/scripts/src/jquery.animate-enhanced.js 24/165
visual-absolute: ../src/jQuery-Animate-Enhanced/scripts/contrib/jquery-1.6.1.js 917/3302
visual-animated: ../src/jQuery-Animate-Enhanced/scripts/src/jquery.animate-enhanced.js 20/165
visual-animated: ../src/jQuery-Animate-Enhanced/scripts/contrib/jquery-1.4.3.js 547/2653
visual-animated: script in file:/home/rahul/research/clone-unit-coverage/src/jQuery-Animate-Enhanced/tests/visual-animated.html from (-1, -1) to (-1, -1) 1/1
visual-avoidCSSTransitions: ../src/jQuery-Animate-Enhanced/scripts/src/jquery.animate-enhanced.js 20/165
visual-avoidCSSTransitions: ../src/jQuery-Animate-Enhanced/scripts/contrib/jquery-1.4.3.js 547/2653
visual-avoidCSSTransitions: script in file:/home/rahul/research/clone-unit-coverage/src/jQuery-Animate-Enhanced/tests/visual-avoidCSSTransitions.html from (-1, -1) to (-1, -1) 1/1
visual-context: ../src/jQuery-Animate-Enhanced/scripts/src/jquery.animate-enhanced.js 20/165
visual-context: ../src/jQuery-Animate-Enhanced/scripts/contrib/jquery-1.4.3.js 547/2653
visual-context: script in file:/home/rahul/research/clone-unit-coverage/src/jQuery-Animate-Enhanced/tests/visual-context.html from (-1, -1) to (-1, -1) 1/1
visual-default3d: ../src/jQuery-Animate-Enhanced/scripts/src/jquery.animate-enhanced.js 20/165
visual-default3d: ../src/jQuery-Animate-Enhanced/scripts/contrib/jquery-1.4.3.js 547/2653
visual-default3d: script in file:/home/rahul/research/clone-unit-coverage/src/jQuery-Animate-Enhanced/tests/visual-default3d.html from (-1, -1) to (-1, -1) 1/1
visual-disabledByDefault: ../src/jQuery-Animate-Enhanced/scripts/src/jquery.animate-enhanced.js 20/165
visual-disabledByDefault: ../src/jQuery-Animate-Enhanced/scripts/contrib/jquery-1.4.3.js 382/2653
visual-disabledByDefault: script in file:/home/rahul/research/clone-unit-coverage/src/jQuery-Animate-Enhanced/tests/visual-disabledByDefault.html from (-1, -1) to (-1, -1) 1/1
visual-easing: ../src/jQuery-Animate-Enhanced/scripts/src/jquery.animate-enhanced.js 20/165
visual-easing: ../src/jQuery-Animate-Enhanced/scripts/contrib/jquery-1.4.3.js 547/2653
visual-easing: script in file:/home/rahul/research/clone-unit-coverage/src/jQuery-Animate-Enhanced/tests/visual-easing.html from (-1, -1) to (-1, -1) 1/1
visual-fadeOutZero: ../src/jQuery-Animate-Enhanced/scripts/src/jquery.animate-enhanced.js 20/165
visual-fadeOutZero: ../src/jQuery-Animate-Enhanced/scripts/contrib/jquery-1.4.3.js 547/2653
visual-fadeOutZero: script in file:/home/rahul/research/clone-unit-coverage/src/jQuery-Animate-Enhanced/tests/visual-fadeOutZero.html from (-1, -1) to (-1, -1) 1/1
visual-highcharts: http:/code.highcharts.com/2.2.5/modules/canvas-tools.js?_=1342939786295 6/109
visual-highcharts: ../src/jQuery-Animate-Enhanced/scripts/src/jquery.animate-enhanced.js 20/165
visual-highcharts: https:/bit.ly/jqsource 792/3447
visual-highcharts: JavaScriptStringJob 1/1
visual-right: ../src/jQuery-Animate-Enhanced/scripts/src/jquery.animate-enhanced.js 20/165
visual-right: ../src/jQuery-Animate-Enhanced/scripts/contrib/jquery-1.4.3.js 547/2653
visual-right: script in file:/home/rahul/research/clone-unit-coverage/src/jQuery-Animate-Enhanced/tests/visual-right.html from (-1, -1) to (-1, -1) 1/1
visual-slideToggle: ../src/jQuery-Animate-Enhanced/scripts/src/jquery.animate-enhanced.js 20/165
visual-slideToggle: ../src/jQuery-Animate-Enhanced/scripts/contrib/jquery-1.4.3.js 547/2653
visual-slideToggle: script in file:/home/rahul/research/clone-unit-coverage/src/jQuery-Animate-Enhanced/tests/visual-slideToggle.html from (-1, -1) to (-1, -1) 1/1
visual-startPosition: ../src/jQuery-Animate-Enhanced/scripts/src/jquery.animate-enhanced.js 20/165
visual-startPosition: http:/ajax.googleapis.com/ajax/libs/jqueryui/1.8.13/jquery-ui.min.js 81/395
visual-startPosition: ../src/jQuery-Animate-Enhanced/scripts/contrib/jquery-1.6.1.js 778/3302
