apple: ../src/jquerytools/src/overlay/overlay.apple.js 7/43
apple: ../src/jquerytools/lib/jquery-1.7.1.js 904/3402
apple: ../src/jquerytools/src/overlay/overlay.js 34/99
apple: ../src/jquerytools/src/overlay/overlay.apple.js 7/43
apple: ../src/jquerytools/lib/jquery-1.7.1.js 904/3402
apple: ../src/jquerytools/src/overlay/overlay.js 34/99
autoscroll: ../src/jquerytools/lib/jquery-1.7.1.js 1254/3402
autoscroll: ../src/jquerytools/src/scrollable/scrollable.js 77/134
autoscroll: ../src/jquerytools/src/scrollable/scrollable.autoscroll.js 26/32
apple: ../src/jquerytools/src/overlay/overlay.apple.js 7/43
apple: ../src/jquerytools/lib/jquery-1.7.1.js 904/3402
apple: ../src/jquerytools/src/overlay/overlay.js 34/99
autoscroll: ../src/jquerytools/lib/jquery-1.7.1.js 1254/3402
autoscroll: ../src/jquerytools/src/scrollable/scrollable.js 77/134
autoscroll: ../src/jquerytools/src/scrollable/scrollable.autoscroll.js 26/32
history: ../src/jquerytools/lib/jquery-1.7.1.js 1206/3402
history: ../src/jquerytools/src/scrollable/scrollable.js 65/134
history: ../src/jquerytools/src/scrollable/scrollable.navigator.js 25/48
apple: ../src/jquerytools/src/overlay/overlay.apple.js 7/43
apple: ../src/jquerytools/lib/jquery-1.7.1.js 904/3402
apple: ../src/jquerytools/src/overlay/overlay.js 34/99
autoscroll: ../src/jquerytools/lib/jquery-1.7.1.js 1254/3402
autoscroll: ../src/jquerytools/src/scrollable/scrollable.js 77/134
autoscroll: ../src/jquerytools/src/scrollable/scrollable.autoscroll.js 26/32
history: ../src/jquerytools/lib/jquery-1.7.1.js 1206/3402
history: ../src/jquerytools/src/scrollable/scrollable.js 65/134
history: ../src/jquerytools/src/scrollable/scrollable.navigator.js 25/48
index: ../src/jquerytools/src/scrollable/scrollable.autoscroll.js 4/32
index: ../src/jquerytools/lib/jquery-1.7.1.js 1001/3402
index: ../src/jquerytools/src/scrollable/scrollable.js 47/134
index: ../src/jquerytools/src/scrollable/scrollable.navigator.js 30/48
apple: ../src/jquerytools/src/overlay/overlay.apple.js 7/43
apple: ../src/jquerytools/lib/jquery-1.7.1.js 904/3402
apple: ../src/jquerytools/src/overlay/overlay.js 34/99
autoscroll: ../src/jquerytools/lib/jquery-1.7.1.js 1254/3402
autoscroll: ../src/jquerytools/src/scrollable/scrollable.js 77/134
autoscroll: ../src/jquerytools/src/scrollable/scrollable.autoscroll.js 26/32
history: ../src/jquerytools/lib/jquery-1.7.1.js 1206/3402
history: ../src/jquerytools/src/scrollable/scrollable.js 65/134
history: ../src/jquerytools/src/scrollable/scrollable.navigator.js 25/48
index: ../src/jquerytools/src/scrollable/scrollable.autoscroll.js 4/32
index: ../src/jquerytools/lib/jquery-1.7.1.js 1001/3402
index: ../src/jquerytools/src/scrollable/scrollable.js 47/134
index: ../src/jquerytools/src/scrollable/scrollable.navigator.js 30/48
single: ../src/jquerytools/lib/jquery-1.7.1.js 901/3402
single: ../src/jquerytools/src/scrollable/scrollable.js 45/134
apple: ../src/jquerytools/src/overlay/overlay.apple.js 7/43
apple: ../src/jquerytools/lib/jquery-1.7.1.js 904/3402
apple: ../src/jquerytools/src/overlay/overlay.js 34/99
autoscroll: ../src/jquerytools/lib/jquery-1.7.1.js 1254/3402
autoscroll: ../src/jquerytools/src/scrollable/scrollable.js 77/134
autoscroll: ../src/jquerytools/src/scrollable/scrollable.autoscroll.js 26/32
history: ../src/jquerytools/lib/jquery-1.7.1.js 1206/3402
history: ../src/jquerytools/src/scrollable/scrollable.js 65/134
history: ../src/jquerytools/src/scrollable/scrollable.navigator.js 25/48
index: ../src/jquerytools/src/scrollable/scrollable.autoscroll.js 4/32
index: ../src/jquerytools/lib/jquery-1.7.1.js 1001/3402
index: ../src/jquerytools/src/scrollable/scrollable.js 47/134
index: ../src/jquerytools/src/scrollable/scrollable.navigator.js 30/48
single: ../src/jquerytools/lib/jquery-1.7.1.js 901/3402
single: ../src/jquerytools/src/scrollable/scrollable.js 45/134
size2: ../src/jquerytools/lib/jquery-1.7.1.js 904/3402
size2: ../src/jquerytools/src/scrollable/scrollable.js 44/134
apple: ../src/jquerytools/src/overlay/overlay.apple.js 7/43
apple: ../src/jquerytools/lib/jquery-1.7.1.js 904/3402
apple: ../src/jquerytools/src/overlay/overlay.js 34/99
autoscroll: ../src/jquerytools/lib/jquery-1.7.1.js 1254/3402
autoscroll: ../src/jquerytools/src/scrollable/scrollable.js 77/134
autoscroll: ../src/jquerytools/src/scrollable/scrollable.autoscroll.js 26/32
history: ../src/jquerytools/lib/jquery-1.7.1.js 1206/3402
history: ../src/jquerytools/src/scrollable/scrollable.js 65/134
history: ../src/jquerytools/src/scrollable/scrollable.navigator.js 25/48
index: ../src/jquerytools/src/scrollable/scrollable.autoscroll.js 4/32
index: ../src/jquerytools/lib/jquery-1.7.1.js 1001/3402
index: ../src/jquerytools/src/scrollable/scrollable.js 47/134
index: ../src/jquerytools/src/scrollable/scrollable.navigator.js 30/48
single: ../src/jquerytools/lib/jquery-1.7.1.js 901/3402
single: ../src/jquerytools/src/scrollable/scrollable.js 45/134
size2: ../src/jquerytools/lib/jquery-1.7.1.js 904/3402
size2: ../src/jquerytools/src/scrollable/scrollable.js 44/134
effect: ../src/jquerytools/lib/jquery-1.7.1.js 877/3402
effect: ../src/jquerytools/src/tabs/tabs.js 54/104
apple: ../src/jquerytools/src/overlay/overlay.apple.js 7/43
apple: ../src/jquerytools/lib/jquery-1.7.1.js 904/3402
apple: ../src/jquerytools/src/overlay/overlay.js 34/99
autoscroll: ../src/jquerytools/lib/jquery-1.7.1.js 1254/3402
autoscroll: ../src/jquerytools/src/scrollable/scrollable.js 77/134
autoscroll: ../src/jquerytools/src/scrollable/scrollable.autoscroll.js 26/32
history: ../src/jquerytools/lib/jquery-1.7.1.js 1206/3402
history: ../src/jquerytools/src/scrollable/scrollable.js 65/134
history: ../src/jquerytools/src/scrollable/scrollable.navigator.js 25/48
index: ../src/jquerytools/src/scrollable/scrollable.autoscroll.js 4/32
index: ../src/jquerytools/lib/jquery-1.7.1.js 1001/3402
index: ../src/jquerytools/src/scrollable/scrollable.js 47/134
index: ../src/jquerytools/src/scrollable/scrollable.navigator.js 30/48
single: ../src/jquerytools/lib/jquery-1.7.1.js 901/3402
single: ../src/jquerytools/src/scrollable/scrollable.js 45/134
size2: ../src/jquerytools/lib/jquery-1.7.1.js 904/3402
size2: ../src/jquerytools/src/scrollable/scrollable.js 44/134
effect: ../src/jquerytools/lib/jquery-1.7.1.js 877/3402
effect: ../src/jquerytools/src/tabs/tabs.js 54/104
index: ../src/jquerytools/lib/jquery-1.7.1.js 876/3402
index: ../src/jquerytools/src/tabs/tabs.js 50/104
apple: ../src/jquerytools/src/overlay/overlay.apple.js 7/43
apple: ../src/jquerytools/lib/jquery-1.7.1.js 904/3402
apple: ../src/jquerytools/src/overlay/overlay.js 34/99
autoscroll: ../src/jquerytools/lib/jquery-1.7.1.js 1254/3402
autoscroll: ../src/jquerytools/src/scrollable/scrollable.js 77/134
autoscroll: ../src/jquerytools/src/scrollable/scrollable.autoscroll.js 26/32
history: ../src/jquerytools/lib/jquery-1.7.1.js 1206/3402
history: ../src/jquerytools/src/scrollable/scrollable.js 65/134
history: ../src/jquerytools/src/scrollable/scrollable.navigator.js 25/48
index: ../src/jquerytools/src/scrollable/scrollable.autoscroll.js 4/32
index: ../src/jquerytools/lib/jquery-1.7.1.js 1001/3402
index: ../src/jquerytools/src/scrollable/scrollable.js 47/134
index: ../src/jquerytools/src/scrollable/scrollable.navigator.js 30/48
single: ../src/jquerytools/lib/jquery-1.7.1.js 901/3402
single: ../src/jquerytools/src/scrollable/scrollable.js 45/134
size2: ../src/jquerytools/lib/jquery-1.7.1.js 904/3402
size2: ../src/jquerytools/src/scrollable/scrollable.js 44/134
effect: ../src/jquerytools/lib/jquery-1.7.1.js 877/3402
effect: ../src/jquerytools/src/tabs/tabs.js 54/104
index: ../src/jquerytools/lib/jquery-1.7.1.js 876/3402
index: ../src/jquerytools/src/tabs/tabs.js 50/104
expose: ../src/jquerytools/src/toolbox/toolbox.expose.js 10/74
expose: ../src/jquerytools/lib/jquery-1.7.1.js 697/3402
apple: ../src/jquerytools/src/overlay/overlay.apple.js 7/43
apple: ../src/jquerytools/lib/jquery-1.7.1.js 904/3402
apple: ../src/jquerytools/src/overlay/overlay.js 34/99
autoscroll: ../src/jquerytools/lib/jquery-1.7.1.js 1254/3402
autoscroll: ../src/jquerytools/src/scrollable/scrollable.js 77/134
autoscroll: ../src/jquerytools/src/scrollable/scrollable.autoscroll.js 26/32
history: ../src/jquerytools/lib/jquery-1.7.1.js 1206/3402
history: ../src/jquerytools/src/scrollable/scrollable.js 65/134
history: ../src/jquerytools/src/scrollable/scrollable.navigator.js 25/48
index: ../src/jquerytools/src/scrollable/scrollable.autoscroll.js 4/32
index: ../src/jquerytools/lib/jquery-1.7.1.js 1001/3402
index: ../src/jquerytools/src/scrollable/scrollable.js 47/134
index: ../src/jquerytools/src/scrollable/scrollable.navigator.js 30/48
single: ../src/jquerytools/lib/jquery-1.7.1.js 901/3402
single: ../src/jquerytools/src/scrollable/scrollable.js 45/134
size2: ../src/jquerytools/lib/jquery-1.7.1.js 904/3402
size2: ../src/jquerytools/src/scrollable/scrollable.js 44/134
effect: ../src/jquerytools/lib/jquery-1.7.1.js 877/3402
effect: ../src/jquerytools/src/tabs/tabs.js 54/104
index: ../src/jquerytools/lib/jquery-1.7.1.js 876/3402
index: ../src/jquerytools/src/tabs/tabs.js 50/104
expose: ../src/jquerytools/src/toolbox/toolbox.expose.js 10/74
expose: ../src/jquerytools/lib/jquery-1.7.1.js 697/3402
click: ../src/jquerytools/src/tooltip/tooltip.js 28/120
click: ../src/jquerytools/lib/jquery-1.7.1.js 845/3402
apple: ../src/jquerytools/src/overlay/overlay.apple.js 7/43
apple: ../src/jquerytools/lib/jquery-1.7.1.js 904/3402
apple: ../src/jquerytools/src/overlay/overlay.js 34/99
autoscroll: ../src/jquerytools/lib/jquery-1.7.1.js 1254/3402
autoscroll: ../src/jquerytools/src/scrollable/scrollable.js 77/134
autoscroll: ../src/jquerytools/src/scrollable/scrollable.autoscroll.js 26/32
history: ../src/jquerytools/lib/jquery-1.7.1.js 1206/3402
history: ../src/jquerytools/src/scrollable/scrollable.js 65/134
history: ../src/jquerytools/src/scrollable/scrollable.navigator.js 25/48
index: ../src/jquerytools/src/scrollable/scrollable.autoscroll.js 4/32
index: ../src/jquerytools/lib/jquery-1.7.1.js 1001/3402
index: ../src/jquerytools/src/scrollable/scrollable.js 47/134
index: ../src/jquerytools/src/scrollable/scrollable.navigator.js 30/48
single: ../src/jquerytools/lib/jquery-1.7.1.js 901/3402
single: ../src/jquerytools/src/scrollable/scrollable.js 45/134
size2: ../src/jquerytools/lib/jquery-1.7.1.js 904/3402
size2: ../src/jquerytools/src/scrollable/scrollable.js 44/134
effect: ../src/jquerytools/lib/jquery-1.7.1.js 877/3402
effect: ../src/jquerytools/src/tabs/tabs.js 54/104
index: ../src/jquerytools/lib/jquery-1.7.1.js 876/3402
index: ../src/jquerytools/src/tabs/tabs.js 50/104
expose: ../src/jquerytools/src/toolbox/toolbox.expose.js 10/74
expose: ../src/jquerytools/lib/jquery-1.7.1.js 697/3402
click: ../src/jquerytools/src/tooltip/tooltip.js 28/120
click: ../src/jquerytools/lib/jquery-1.7.1.js 845/3402
dynamic: ../src/jquerytools/lib/jquery-1.7.1.js 834/3402
dynamic: ../src/jquerytools/src/tooltip/tooltip.js 29/120
dynamic: ../src/jquerytools/src/tooltip/tooltip.dynamic.js 15/45
apple: ../src/jquerytools/src/overlay/overlay.apple.js 7/43
apple: ../src/jquerytools/lib/jquery-1.7.1.js 904/3402
apple: ../src/jquerytools/src/overlay/overlay.js 34/99
autoscroll: ../src/jquerytools/lib/jquery-1.7.1.js 1254/3402
autoscroll: ../src/jquerytools/src/scrollable/scrollable.js 77/134
autoscroll: ../src/jquerytools/src/scrollable/scrollable.autoscroll.js 26/32
history: ../src/jquerytools/lib/jquery-1.7.1.js 1206/3402
history: ../src/jquerytools/src/scrollable/scrollable.js 65/134
history: ../src/jquerytools/src/scrollable/scrollable.navigator.js 25/48
index: ../src/jquerytools/src/scrollable/scrollable.autoscroll.js 4/32
index: ../src/jquerytools/lib/jquery-1.7.1.js 1001/3402
index: ../src/jquerytools/src/scrollable/scrollable.js 47/134
index: ../src/jquerytools/src/scrollable/scrollable.navigator.js 30/48
single: ../src/jquerytools/lib/jquery-1.7.1.js 901/3402
single: ../src/jquerytools/src/scrollable/scrollable.js 45/134
size2: ../src/jquerytools/lib/jquery-1.7.1.js 904/3402
size2: ../src/jquerytools/src/scrollable/scrollable.js 44/134
effect: ../src/jquerytools/lib/jquery-1.7.1.js 877/3402
effect: ../src/jquerytools/src/tabs/tabs.js 54/104
index: ../src/jquerytools/lib/jquery-1.7.1.js 876/3402
index: ../src/jquerytools/src/tabs/tabs.js 50/104
expose: ../src/jquerytools/src/toolbox/toolbox.expose.js 10/74
expose: ../src/jquerytools/lib/jquery-1.7.1.js 697/3402
click: ../src/jquerytools/src/tooltip/tooltip.js 28/120
click: ../src/jquerytools/lib/jquery-1.7.1.js 845/3402
dynamic: ../src/jquerytools/lib/jquery-1.7.1.js 834/3402
dynamic: ../src/jquerytools/src/tooltip/tooltip.js 29/120
dynamic: ../src/jquerytools/src/tooltip/tooltip.dynamic.js 15/45
index: ../src/jquerytools/src/tooltip/tooltip.js 28/120
index: ../src/jquerytools/lib/jquery-1.7.1.js 827/3402
index: ../src/jquerytools/src/tooltip/tooltip.slide.js 5/16
apple: ../src/jquerytools/src/overlay/overlay.apple.js 7/43
apple: ../src/jquerytools/lib/jquery-1.7.1.js 904/3402
apple: ../src/jquerytools/src/overlay/overlay.js 34/99
autoscroll: ../src/jquerytools/lib/jquery-1.7.1.js 1254/3402
autoscroll: ../src/jquerytools/src/scrollable/scrollable.js 77/134
autoscroll: ../src/jquerytools/src/scrollable/scrollable.autoscroll.js 26/32
history: ../src/jquerytools/lib/jquery-1.7.1.js 1206/3402
history: ../src/jquerytools/src/scrollable/scrollable.js 65/134
history: ../src/jquerytools/src/scrollable/scrollable.navigator.js 25/48
index: ../src/jquerytools/src/scrollable/scrollable.autoscroll.js 4/32
index: ../src/jquerytools/lib/jquery-1.7.1.js 1001/3402
index: ../src/jquerytools/src/scrollable/scrollable.js 47/134
index: ../src/jquerytools/src/scrollable/scrollable.navigator.js 30/48
single: ../src/jquerytools/lib/jquery-1.7.1.js 901/3402
single: ../src/jquerytools/src/scrollable/scrollable.js 45/134
size2: ../src/jquerytools/lib/jquery-1.7.1.js 904/3402
size2: ../src/jquerytools/src/scrollable/scrollable.js 44/134
effect: ../src/jquerytools/lib/jquery-1.7.1.js 877/3402
effect: ../src/jquerytools/src/tabs/tabs.js 54/104
index: ../src/jquerytools/lib/jquery-1.7.1.js 876/3402
index: ../src/jquerytools/src/tabs/tabs.js 50/104
expose: ../src/jquerytools/src/toolbox/toolbox.expose.js 10/74
expose: ../src/jquerytools/lib/jquery-1.7.1.js 697/3402
click: ../src/jquerytools/src/tooltip/tooltip.js 28/120
click: ../src/jquerytools/lib/jquery-1.7.1.js 845/3402
dynamic: ../src/jquerytools/lib/jquery-1.7.1.js 834/3402
dynamic: ../src/jquerytools/src/tooltip/tooltip.js 29/120
dynamic: ../src/jquerytools/src/tooltip/tooltip.dynamic.js 15/45
index: ../src/jquerytools/src/tooltip/tooltip.js 28/120
index: ../src/jquerytools/lib/jquery-1.7.1.js 827/3402
index: ../src/jquerytools/src/tooltip/tooltip.slide.js 5/16
many: ../src/jquerytools/src/tooltip/tooltip.js 28/120
many: ../src/jquerytools/lib/jquery-1.7.1.js 818/3402
apple: ../src/jquerytools/src/overlay/overlay.apple.js 7/43
apple: ../src/jquerytools/lib/jquery-1.7.1.js 904/3402
apple: ../src/jquerytools/src/overlay/overlay.js 34/99
autoscroll: ../src/jquerytools/lib/jquery-1.7.1.js 1254/3402
autoscroll: ../src/jquerytools/src/scrollable/scrollable.js 77/134
autoscroll: ../src/jquerytools/src/scrollable/scrollable.autoscroll.js 26/32
history: ../src/jquerytools/lib/jquery-1.7.1.js 1206/3402
history: ../src/jquerytools/src/scrollable/scrollable.js 65/134
history: ../src/jquerytools/src/scrollable/scrollable.navigator.js 25/48
index: ../src/jquerytools/src/scrollable/scrollable.autoscroll.js 4/32
index: ../src/jquerytools/lib/jquery-1.7.1.js 1001/3402
index: ../src/jquerytools/src/scrollable/scrollable.js 47/134
index: ../src/jquerytools/src/scrollable/scrollable.navigator.js 30/48
single: ../src/jquerytools/lib/jquery-1.7.1.js 901/3402
single: ../src/jquerytools/src/scrollable/scrollable.js 45/134
size2: ../src/jquerytools/lib/jquery-1.7.1.js 904/3402
size2: ../src/jquerytools/src/scrollable/scrollable.js 44/134
effect: ../src/jquerytools/lib/jquery-1.7.1.js 877/3402
effect: ../src/jquerytools/src/tabs/tabs.js 54/104
index: ../src/jquerytools/lib/jquery-1.7.1.js 876/3402
index: ../src/jquerytools/src/tabs/tabs.js 50/104
expose: ../src/jquerytools/src/toolbox/toolbox.expose.js 10/74
expose: ../src/jquerytools/lib/jquery-1.7.1.js 697/3402
click: ../src/jquerytools/src/tooltip/tooltip.js 28/120
click: ../src/jquerytools/lib/jquery-1.7.1.js 845/3402
dynamic: ../src/jquerytools/lib/jquery-1.7.1.js 834/3402
dynamic: ../src/jquerytools/src/tooltip/tooltip.js 29/120
dynamic: ../src/jquerytools/src/tooltip/tooltip.dynamic.js 15/45
index: ../src/jquerytools/src/tooltip/tooltip.js 28/120
index: ../src/jquerytools/lib/jquery-1.7.1.js 827/3402
index: ../src/jquerytools/src/tooltip/tooltip.slide.js 5/16
many: ../src/jquerytools/src/tooltip/tooltip.js 28/120
many: ../src/jquerytools/lib/jquery-1.7.1.js 818/3402
vertical_form: ../src/jquerytools/src/tooltip/tooltip.js 27/120
vertical_form: ../src/jquerytools/lib/jquery-1.7.1.js 873/3402
