jquery: ../src/jquery.kinetic/jquery.kinetic.js 45/177
jquery: ../src/jquery.kinetic/lib/jquery-1.5.1.min.js 1/1
jquery: ../src/jquery.kinetic/jquery.kinetic.js 45/177
jquery: ../src/jquery.kinetic/lib/jquery-1.5.1.min.js 1/1
lotsofelements: ../src/jquery.kinetic/jquery.kinetic.js 44/177
lotsofelements: ../src/jquery.kinetic/lib/jquery-1.5.1.min.js 1/1
jquery: ../src/jquery.kinetic/jquery.kinetic.js 45/177
jquery: ../src/jquery.kinetic/lib/jquery-1.5.1.min.js 1/1
lotsofelements: ../src/jquery.kinetic/jquery.kinetic.js 44/177
lotsofelements: ../src/jquery.kinetic/lib/jquery-1.5.1.min.js 1/1
mousewheel: ../src/jquery.kinetic/lib/jquery.mousewheel.js 5/28
mousewheel: ../src/jquery.kinetic/lib/jquery-ui/jquery-ui-1.8.16.custom.min.js 61/336
mousewheel: ../src/jquery.kinetic/jquery.kinetic.js 44/177
mousewheel: ../src/jquery.kinetic/lib/jquery-1.5.1.min.js 1/1
jquery: ../src/jquery.kinetic/jquery.kinetic.js 45/177
jquery: ../src/jquery.kinetic/lib/jquery-1.5.1.min.js 1/1
lotsofelements: ../src/jquery.kinetic/jquery.kinetic.js 44/177
lotsofelements: ../src/jquery.kinetic/lib/jquery-1.5.1.min.js 1/1
mousewheel: ../src/jquery.kinetic/lib/jquery.mousewheel.js 5/28
mousewheel: ../src/jquery.kinetic/lib/jquery-ui/jquery-ui-1.8.16.custom.min.js 61/336
mousewheel: ../src/jquery.kinetic/jquery.kinetic.js 44/177
mousewheel: ../src/jquery.kinetic/lib/jquery-1.5.1.min.js 1/1
nested: ../src/jquery.kinetic/jquery.kinetic.js 44/177
nested: ../src/jquery.kinetic/lib/jquery-1.5.1.min.js 1/1
jquery: ../src/jquery.kinetic/jquery.kinetic.js 45/177
jquery: ../src/jquery.kinetic/lib/jquery-1.5.1.min.js 1/1
lotsofelements: ../src/jquery.kinetic/jquery.kinetic.js 44/177
lotsofelements: ../src/jquery.kinetic/lib/jquery-1.5.1.min.js 1/1
mousewheel: ../src/jquery.kinetic/lib/jquery.mousewheel.js 5/28
mousewheel: ../src/jquery.kinetic/lib/jquery-ui/jquery-ui-1.8.16.custom.min.js 61/336
mousewheel: ../src/jquery.kinetic/jquery.kinetic.js 44/177
mousewheel: ../src/jquery.kinetic/lib/jquery-1.5.1.min.js 1/1
nested: ../src/jquery.kinetic/jquery.kinetic.js 44/177
nested: ../src/jquery.kinetic/lib/jquery-1.5.1.min.js 1/1
ui-draggable: ../src/jquery.kinetic/lib/jquery-ui/jquery-ui-1.8.16.custom.min.js 65/336
ui-draggable: ../src/jquery.kinetic/jquery.kinetic.js 44/177
ui-draggable: ../src/jquery.kinetic/lib/jquery-1.5.1.min.js 1/1
jquery: ../src/jquery.kinetic/jquery.kinetic.js 45/177
jquery: ../src/jquery.kinetic/lib/jquery-1.5.1.min.js 1/1
lotsofelements: ../src/jquery.kinetic/jquery.kinetic.js 44/177
lotsofelements: ../src/jquery.kinetic/lib/jquery-1.5.1.min.js 1/1
mousewheel: ../src/jquery.kinetic/lib/jquery.mousewheel.js 5/28
mousewheel: ../src/jquery.kinetic/lib/jquery-ui/jquery-ui-1.8.16.custom.min.js 61/336
mousewheel: ../src/jquery.kinetic/jquery.kinetic.js 44/177
mousewheel: ../src/jquery.kinetic/lib/jquery-1.5.1.min.js 1/1
nested: ../src/jquery.kinetic/jquery.kinetic.js 44/177
nested: ../src/jquery.kinetic/lib/jquery-1.5.1.min.js 1/1
ui-draggable: ../src/jquery.kinetic/lib/jquery-ui/jquery-ui-1.8.16.custom.min.js 65/336
ui-draggable: ../src/jquery.kinetic/jquery.kinetic.js 44/177
ui-draggable: ../src/jquery.kinetic/lib/jquery-1.5.1.min.js 1/1
zepto: ../src/jquery.kinetic/jquery.kinetic.js 45/177
zepto: ../src/jquery.kinetic/lib/zepto.js 168/512
