example3d: https:/github.com/louisremi/jquery.transition.js/raw/master/jquery.transition.js 12/220
example3d: http:/ajax.googleapis.com/ajax/libs/jquery/1.4.3/jquery.js 467/2653
example3d: ../src/jquery.transform.js/jquery.transform3d.js 7/19
example3d: script in file:/home/rahul/research/clone-unit-coverage/src/jquery.transform.js/test/example3d.html from (-1, -1) to (-1, -1) 1/1
example3d: https:/github.com/louisremi/jquery.transition.js/raw/master/jquery.transition.js 12/220
example3d: http:/ajax.googleapis.com/ajax/libs/jquery/1.4.3/jquery.js 467/2653
example3d: ../src/jquery.transform.js/jquery.transform3d.js 7/19
example3d: script in file:/home/rahul/research/clone-unit-coverage/src/jquery.transform.js/test/example3d.html from (-1, -1) to (-1, -1) 1/1
transform2d: http:/ajax.googleapis.com/ajax/libs/jquery/1.7.1/jquery.js 843/3402
transform2d: ../src/jquery.transform.js/jquery.transform2d.js 95/197
transform2d: JavaScriptStringJob 1/1
example3d: https:/github.com/louisremi/jquery.transition.js/raw/master/jquery.transition.js 12/220
example3d: http:/ajax.googleapis.com/ajax/libs/jquery/1.4.3/jquery.js 467/2653
example3d: ../src/jquery.transform.js/jquery.transform3d.js 7/19
example3d: script in file:/home/rahul/research/clone-unit-coverage/src/jquery.transform.js/test/example3d.html from (-1, -1) to (-1, -1) 1/1
transform2d: http:/ajax.googleapis.com/ajax/libs/jquery/1.7.1/jquery.js 843/3402
transform2d: ../src/jquery.transform.js/jquery.transform2d.js 95/197
transform2d: JavaScriptStringJob 1/1
transform3d: http:/ajax.googleapis.com/ajax/libs/jquery/1.7.1/jquery.js 768/3402
transform3d: ../src/jquery.transform.js/jquery.transform3d.js 7/19
transform3d: https:/github.com/louisremi/jquery.transition.js/raw/master/jquery.transition.js 98/220
transform3d: JavaScriptStringJob 1/1
example3d: https:/github.com/louisremi/jquery.transition.js/raw/master/jquery.transition.js 12/220
example3d: http:/ajax.googleapis.com/ajax/libs/jquery/1.4.3/jquery.js 467/2653
example3d: ../src/jquery.transform.js/jquery.transform3d.js 7/19
example3d: script in file:/home/rahul/research/clone-unit-coverage/src/jquery.transform.js/test/example3d.html from (-1, -1) to (-1, -1) 1/1
transform2d: http:/ajax.googleapis.com/ajax/libs/jquery/1.7.1/jquery.js 843/3402
transform2d: ../src/jquery.transform.js/jquery.transform2d.js 95/197
transform2d: JavaScriptStringJob 1/1
transform3d: http:/ajax.googleapis.com/ajax/libs/jquery/1.7.1/jquery.js 768/3402
transform3d: ../src/jquery.transform.js/jquery.transform3d.js 7/19
transform3d: https:/github.com/louisremi/jquery.transition.js/raw/master/jquery.transition.js 98/220
transform3d: JavaScriptStringJob 1/1
transformOrigin: ../src/jquery.transform.js/jquery.transform2d.js 22/197
transformOrigin: http:/ajax.googleapis.com/ajax/libs/jquery/1.7.1/jquery.js 588/3402
