dev: http:/yui.yahooapis.com/3.2.0/build/loader/loader-min.js 4/5
dev: ../src/js-signals/dev/src/Signal.js 57/58
dev: ../src/js-signals/dev/src/SignalBinding.js 22/22
dev: ../src/js-signals/dev/src/signals.js 1/1
dev: http:/yui.yahooapis.com/3.2.0/build/yui/yui-min.js 5/5
dev: http:/yui.yahooapis.com/3.2.0/build/loader/loader-min.js 4/5
dev: ../src/js-signals/dev/src/Signal.js 57/58
dev: ../src/js-signals/dev/src/SignalBinding.js 22/22
dev: ../src/js-signals/dev/src/signals.js 1/1
dev: http:/yui.yahooapis.com/3.2.0/build/yui/yui-min.js 5/5
dist: http:/yui.yahooapis.com/3.2.0/build/loader/loader-min.js 4/5
dist: ../src/js-signals/dist/signals.js 84/87
dist: http:/yui.yahooapis.com/3.2.0/build/yui/yui-min.js 5/5
dev: http:/yui.yahooapis.com/3.2.0/build/loader/loader-min.js 4/5
dev: ../src/js-signals/dev/src/Signal.js 57/58
dev: ../src/js-signals/dev/src/SignalBinding.js 22/22
dev: ../src/js-signals/dev/src/signals.js 1/1
dev: http:/yui.yahooapis.com/3.2.0/build/yui/yui-min.js 5/5
dist: http:/yui.yahooapis.com/3.2.0/build/loader/loader-min.js 4/5
dist: ../src/js-signals/dist/signals.js 84/87
dist: http:/yui.yahooapis.com/3.2.0/build/yui/yui-min.js 5/5
dist_min: http:/yui.yahooapis.com/3.2.0/build/loader/loader-min.js 4/5
dist_min: ../src/js-signals/dist/signals.min.js 6/6
dist_min: http:/yui.yahooapis.com/3.2.0/build/yui/yui-min.js 5/5
