runner: ../src/jscex/src/jscex-builderbase.js 16/150
runner: ../src/jscex/src/jscex-async-powerpack.js 60/232
runner: ../src/jscex/src/jscex-async.js 60/138
runner: ../src/jscex/lib/chai.js 323/700
runner: ../src/jscex/lib/mocha/mocha.js 649/1361
runner: ../src/jscex/src/jscex.js 83/159
runner: ../src/jscex/src/jscex-builderbase.js 16/150
runner: ../src/jscex/src/jscex-async-powerpack.js 60/232
runner: ../src/jscex/src/jscex-async.js 60/138
runner: ../src/jscex/lib/chai.js 323/700
runner: ../src/jscex/lib/mocha/mocha.js 649/1361
runner: ../src/jscex/src/jscex.js 83/159
amd: ../src/jscex/lib/require.js 276/708
amd: ../src/jscex/lib/mocha/mocha.js 687/1361
amd: ../src/jscex/lib/chai.js 362/700
amd: ../src/jscex/lib/script-loader.js 7/12
amd: ../src/jscex/src/jscex.js 94/159
runner: ../src/jscex/src/jscex-builderbase.js 16/150
runner: ../src/jscex/src/jscex-async-powerpack.js 60/232
runner: ../src/jscex/src/jscex-async.js 60/138
runner: ../src/jscex/lib/chai.js 323/700
runner: ../src/jscex/lib/mocha/mocha.js 649/1361
runner: ../src/jscex/src/jscex.js 83/159
amd: ../src/jscex/lib/require.js 276/708
amd: ../src/jscex/lib/mocha/mocha.js 687/1361
amd: ../src/jscex/lib/chai.js 362/700
amd: ../src/jscex/lib/script-loader.js 7/12
amd: ../src/jscex/src/jscex.js 94/159
browser: ../src/jscex/src/jscex.js 74/159
browser: ../src/jscex/lib/mocha/mocha.js 694/1361
browser: ../src/jscex/lib/chai.js 361/700
browser: ../src/jscex/lib/script-loader.js 7/12
runner: ../src/jscex/src/jscex-builderbase.js 16/150
runner: ../src/jscex/src/jscex-async-powerpack.js 60/232
runner: ../src/jscex/src/jscex-async.js 60/138
runner: ../src/jscex/lib/chai.js 323/700
runner: ../src/jscex/lib/mocha/mocha.js 649/1361
runner: ../src/jscex/src/jscex.js 83/159
amd: ../src/jscex/lib/require.js 276/708
amd: ../src/jscex/lib/mocha/mocha.js 687/1361
amd: ../src/jscex/lib/chai.js 362/700
amd: ../src/jscex/lib/script-loader.js 7/12
amd: ../src/jscex/src/jscex.js 94/159
browser: ../src/jscex/src/jscex.js 74/159
browser: ../src/jscex/lib/mocha/mocha.js 694/1361
browser: ../src/jscex/lib/chai.js 361/700
browser: ../src/jscex/lib/script-loader.js 7/12
runner: ../src/jscex/src/jscex.js 39/159
runner: ../src/jscex/lib/chai.js 286/700
runner: ../src/jscex/lib/mocha/mocha.js 649/1361
