test: ../src/jsPDF/libs/downloadify/js/downloadify.min.js 1/1
test: ../src/jsPDF/libs/downloadify/js/swfobject.js 1/1
test: ../src/jsPDF/libs/downloadify/js/downloadify.min.js 1/1
test: ../src/jsPDF/libs/downloadify/js/swfobject.js 1/1
test: ../src/jsPDF/jspdf.plugin.split_text_to_size.js 8/91
test: ../src/jsPDF/jspdf.plugin.addimage.js 23/83
test: ../src/jsPDF/jspdf.js 351/442
test: ../src/jsPDF/jspdf.plugin.sillysvgrenderer.js 53/59
test: ../src/jsPDF/jspdf.plugin.standard_fonts_metrics.js 63/65
test: ../src/jsPDF/examples/js/jquery/jquery-1.7.1.min.js 3/3
test: ../src/jsPDF/libs/downloadify/js/downloadify.min.js 1/1
test: ../src/jsPDF/libs/downloadify/js/swfobject.js 1/1
test: ../src/jsPDF/jspdf.plugin.split_text_to_size.js 8/91
test: ../src/jsPDF/jspdf.plugin.addimage.js 23/83
test: ../src/jsPDF/jspdf.js 351/442
test: ../src/jsPDF/jspdf.plugin.sillysvgrenderer.js 53/59
test: ../src/jsPDF/jspdf.plugin.standard_fonts_metrics.js 63/65
test: ../src/jsPDF/examples/js/jquery/jquery-1.7.1.min.js 3/3
test_min: ../src/jsPDF/jspdf.plugin.sillysvgrenderer.js 53/59
test_min: ../src/jsPDF/jspdf.min.js 29/31
test_min: ../src/jsPDF/examples/js/jquery/jquery-1.7.1.min.js 3/3
