SpecRunner: ../src/jsts/src/jsts/noding/NodingValidator.js 0/0
SpecRunner: ../src/jsts/src/jsts/algorithm/RobustDeterminant.js 3/128
SpecRunner: ../src/jsts/src/jsts/io/GeoJSONParser.js 6/120
SpecRunner: ../src/jsts/src/jsts/algorithm/RobustLineIntersector.js 13/156
SpecRunner: ../src/jsts/src/jsts/operation/valid/IsValidOp.js 27/272
SpecRunner: ../src/jsts/src/jsts/noding/Octant.js 3/30
SpecRunner: ../src/jsts/src/jsts/index/DoubleBits.js 4/35
SpecRunner: ../src/jsts/src/jsts/index/kdtree/KdTree.js 8/70
SpecRunner: ../src/jsts/src/jsts/noding/SegmentPointComparator.js 4/32
SpecRunner: ../src/jsts/src/jsts/operation/valid/ConnectedInteriorTester.js 10/82
SpecRunner: ../src/jsts/src/jsts/triangulate/IncrementalDelaunayTriangulator.js 4/31
SpecRunner: ../src/jsts/src/jsts/algorithm/CGAlgorithms.js 21/153
SpecRunner: ../src/jsts/src/jsts/geomgraph/DirectedEdgeStar.js 27/194
SpecRunner: ../src/jsts/src/jsts/operation/buffer/OffsetCurveBuilder.js 17/126
SpecRunner: ../src/jsts/src/jsts/operation/distance/DistanceOp.js 24/181
SpecRunner: ../src/jsts/src/jsts/operation/relate/EdgeEndBuilder.js 7/52
SpecRunner: ../src/jsts/src/jsts/operation/valid/IndexedNestedRingTester.js 5/38
SpecRunner: ../src/jsts/src/jsts/triangulate/quadedge/QuadEdgeSubdivision.js 47/358
SpecRunner: ../src/jsts/src/jsts/triangulate/quadedge/TrianglePredicate.js 11/80
SpecRunner: ../src/jsts/src/jsts/algorithm/ConvexHull.js 25/168
SpecRunner: ../src/jsts/src/jsts/algorithm/HCoordinate.js 11/78
SpecRunner: ../src/jsts/src/jsts/algorithm/PointLocator.js 12/83
SpecRunner: ../src/jsts/src/jsts/index/chain/MonotoneChainBuilder.js 6/42
SpecRunner: ../src/jsts/src/jsts/index/quadtree/Node.js 11/76
SpecRunner: ../src/jsts/src/jsts/io/OpenLayersParser.js 19/135
SpecRunner: ../src/jsts/src/jsts/operation/overlay/PolygonBuilder.js 15/105
SpecRunner: ../src/jsts/src/jsts/operation/polygonize/PolygonizeGraph.js 33/228
SpecRunner: ../src/jsts/src/jsts/index/strtree/AbstractSTRtree.js 35/221
SpecRunner: ../src/jsts/src/jsts/noding/SegmentNodeList.js 14/90
SpecRunner: ../src/jsts/src/jsts/operation/buffer/OffsetCurveSetBuilder.js 15/98
SpecRunner: ../src/jsts/src/jsts/operation/buffer/BufferBuilder.js 18/109
SpecRunner: ../src/jsts/src/jsts/operation/buffer/SubgraphDepthLocater.js 12/73
SpecRunner: ../src/jsts/src/jsts/operation/overlay/snap/LineStringSnapper.js 12/71
SpecRunner: ../src/jsts/src/jsts/operation/valid/ConsistentAreaTester.js 5/30
SpecRunner: ../src/jsts/src/jsts/algorithm/RayCrossingCounter.js 9/52
SpecRunner: ../src/jsts/src/jsts/geom/CoordinateArrays.js 8/45
SpecRunner: ../src/jsts/src/jsts/geom/Triangle.js 13/76
SpecRunner: ../src/jsts/src/jsts/geomgraph/EdgeEndStar.js 21/121
SpecRunner: ../src/jsts/src/jsts/operation/union/CascadedPolygonUnion.js 15/84
SpecRunner: ../src/jsts/src/jsts/operation/union/PointGeometryUnion.js 6/35
SpecRunner: ../src/jsts/src/jsts/algorithm/CentroidLine.js 6/32
SpecRunner: ../src/jsts/src/jsts/algorithm/MCPointInRing.js 9/50
SpecRunner: ../src/jsts/src/jsts/noding/OrientedCoordinateArray.js 6/33
SpecRunner: ../src/jsts/src/jsts/operation/IsSimpleOp.js 17/91
SpecRunner: ../src/jsts/src/jsts/operation/buffer/BufferSubgraph.js 20/107
SpecRunner: ../src/jsts/src/jsts/operation/buffer/OffsetSegmentGenerator.js 43/231
SpecRunner: ../src/jsts/src/jsts/operation/buffer/RightmostEdgeFinder.js 13/69
SpecRunner: ../src/jsts/src/jsts/operation/relate/EdgeEndBundle.js 11/61
SpecRunner: ../src/jsts/src/jsts/operation/relate/RelateComputer.js 25/138
SpecRunner: ../src/jsts/src/jsts/triangulate/VoronoiDiagramBuilder.js 10/55
SpecRunner: ../src/jsts/src/jsts/algorithm/distance/DistanceToPoint.js 5/26
SpecRunner: ../src/jsts/src/jsts/geom/CoordinateList.js 8/42
SpecRunner: ../src/jsts/src/jsts/operation/BoundaryOp.js 11/57
SpecRunner: ../src/jsts/src/jsts/algorithm/locate/SimplePointInAreaLocator.js 7/35
SpecRunner: ../src/jsts/src/jsts/geom/IntersectionMatrix.js 28/140
SpecRunner: ../src/jsts/src/jsts/geom/LineSegment.js 19/94
SpecRunner: ../src/jsts/src/jsts/index/quadtree/NodeBase.js 22/110
SpecRunner: ../src/jsts/src/jsts/index/quadtree/Root.js 5/24
SpecRunner: ../src/jsts/src/jsts/io/GeoJSONReader.js 4/20
SpecRunner: ../src/jsts/src/jsts/geomgraph/Quadrant.js 11/51
SpecRunner: ../src/jsts/src/jsts/geomgraph/index/SimpleEdgeSetIntersector.js 6/28
SpecRunner: ../src/jsts/src/jsts/operation/polygonize/EdgeRing.js 20/94
SpecRunner: ../src/jsts/src/jsts/geom/Polygon.js 27/122
SpecRunner: ../src/jsts/src/jsts/index/bintree/NodeBase.js 17/76
SpecRunner: ../src/jsts/src/jsts/index/quadtree/Quadtree.js 11/50
SpecRunner: ../src/jsts/src/jsts/noding/snapround/HotPixel.js 25/111
SpecRunner: ../src/jsts/src/jsts/operation/buffer/BufferInputLineSimplifier.js 19/83
SpecRunner: ../src/jsts/src/jsts/operation/union/UnionInteracting.js 11/49
SpecRunner: ../src/jsts/src/jsts/geom/Geometry.js 66/282
SpecRunner: ../src/jsts/src/jsts/index/chain/MonotoneChain.js 19/80
SpecRunner: ../src/jsts/src/jsts/index/quadtree/Key.js 9/39
SpecRunner: ../src/jsts/src/jsts/operation/buffer/BufferOp.js 19/82
SpecRunner: ../src/jsts/src/jsts/operation/overlay/OverlayOp.js 54/228
SpecRunner: ../src/jsts/src/jsts/geom/util/LinearComponentExtracter.js 12/49
SpecRunner: ../src/jsts/src/jsts/geomgraph/EdgeIntersectionList.js 12/49
SpecRunner: ../src/jsts/src/jsts/geomgraph/GeometryGraph.js 38/155
SpecRunner: ../src/jsts/src/jsts/index/bintree/Node.js 17/70
SpecRunner: ../src/jsts/src/jsts/operation/overlay/LineBuilder.js 18/74
SpecRunner: ../src/jsts/src/jsts/triangulate/DelaunayTriangulationBuilder.js 13/53
SpecRunner: ../src/jsts/src/jsts/algorithm/CentralEndpointIntersector.js 8/32
SpecRunner: ../src/jsts/src/jsts/algorithm/CentroidArea.js 18/71
SpecRunner: ../src/jsts/src/jsts/geom/GeometryCollection.js 25/100
SpecRunner: ../src/jsts/src/jsts/operation/union/UnaryUnionOp.js 17/66
SpecRunner: ../src/jsts/src/jsts/geom/util/GeometryCombiner.js 9/34
SpecRunner: ../src/jsts/src/jsts/index/strtree/STRtree.js 27/102
SpecRunner: ../src/jsts/src/jsts/triangulate/quadedge/LastFoundQuadEdgeLocator.js 4/15
SpecRunner: ../src/jsts/src/jsts/geom/Envelope.js 64/229
SpecRunner: ../src/jsts/src/jsts/geomgraph/Depth.js 18/66
SpecRunner: ../src/jsts/src/jsts/index/IntervalSize.js 3/11
SpecRunner: ../src/jsts/src/jsts/operation/buffer/OffsetSegmentString.js 12/43
SpecRunner: ../src/jsts/src/jsts/operation/relate/RelateNodeGraph.js 9/33
SpecRunner: ../src/jsts/src/jsts/geom/LineString.js 33/117
SpecRunner: ../src/jsts/src/jsts/geomgraph/index/SegmentIntersector.js 23/80
SpecRunner: ../src/jsts/src/jsts/index/bintree/Bintree.js 16/57
SpecRunner: ../src/jsts/src/jsts/index/bintree/Interval.js 14/49
SpecRunner: ../src/jsts/src/jsts/triangulate/quadedge/QuadEdge.js 32/113
SpecRunner: ../src/jsts/src/jsts/index/strtree/Interval.js 7/24
SpecRunner: ../src/jsts/src/jsts/planargraph/DirectedEdgeStar.js 18/61
SpecRunner: ../src/jsts/src/jsts/algorithm/CentroidPoint.js 6/20
SpecRunner: ../src/jsts/src/jsts/algorithm/distance/PointPairDistance.js 13/43
SpecRunner: ../src/jsts/src/jsts/geomgraph/EdgeRing.js 39/129
SpecRunner: ../src/jsts/src/jsts/noding/ScaledNoder.js 15/50
SpecRunner: ../src/jsts/src/jsts/operation/overlay/MaximalEdgeRing.js 7/23
SpecRunner: ../src/jsts/src/jsts/operation/polygonize/Polygonizer.js 28/92
SpecRunner: ../src/jsts/src/jsts/operation/relate/EdgeEndBundleStar.js 4/13
SpecRunner: ../src/jsts/src/jsts/geomgraph/PlanarGraph.js 23/72
SpecRunner: ../src/jsts/src/jsts/index/strtree/SIRtree.js 10/32
SpecRunner: ../src/jsts/src/jsts/noding/IntersectionFinderAdder.js 8/25
SpecRunner: ../src/jsts/src/jsts/planargraph/PlanarGraph.js 25/76
SpecRunner: ../src/jsts/src/jsts/triangulate/quadedge/Vertex.js 36/112
SpecRunner: ../src/jsts/src/jsts/algorithm/LineIntersector.js 38/112
SpecRunner: ../src/jsts/src/jsts/geom/util/PointExtracter.js 5/15
SpecRunner: ../src/jsts/src/jsts/geom/util/PolygonExtracter.js 5/15
SpecRunner: ../src/jsts/src/jsts/geomgraph/EdgeIntersection.js 11/33
SpecRunner: ../src/jsts/src/jsts/io/WKTWriter.js 3/9
SpecRunner: ../src/jsts/src/jsts/noding/NodedSegmentString.js 22/65
SpecRunner: ../src/jsts/src/jsts/noding/snapround/MCIndexSnapRounder.js 16/48
SpecRunner: ../src/jsts/src/jsts/geomgraph/NodeMap.js 15/44
SpecRunner: ../src/jsts/src/jsts/operation/overlay/PointBuilder.js 10/29
SpecRunner: ../src/jsts/src/jsts/operation/overlay/snap/SnapIfNeededOverlayOp.js 12/35
SpecRunner: ../src/jsts/src/jsts/geomgraph/Edge.js 31/87
SpecRunner: ../src/jsts/src/jsts/geomgraph/Node.js 14/39
SpecRunner: ../src/jsts/src/jsts/noding/InteriorIntersectionFinder.js 21/60
SpecRunner: ../src/jsts/src/jsts/geom/Dimension.js 9/25
SpecRunner: ../src/jsts/src/jsts/geomgraph/TopologyLocation.js 31/85
SpecRunner: ../src/jsts/src/jsts/simplify/LineSegmentIndex.js 12/33
SpecRunner: ../src/jsts/src/jsts/geom/Coordinate.js 17/45
SpecRunner: ../src/jsts/src/jsts/geom/util/GeometryExtracter.js 6/16
SpecRunner: ../src/jsts/src/jsts/geomgraph/Label.js 36/95
SpecRunner: ../src/jsts/src/jsts/index/bintree/Key.js 11/29
SpecRunner: ../src/jsts/src/jsts/planargraph/Edge.js 14/37
SpecRunner: ../src/jsts/src/jsts/algorithm/distance/DiscreteHausdorffDistance.js 33/85
SpecRunner: ../src/jsts/src/jsts/index/kdtree/KdNode.js 14/36
SpecRunner: ../src/jsts/src/jsts/noding/IntersectionAdder.js 24/63
SpecRunner: ../src/jsts/src/jsts/geomgraph/DirectedEdge.js 41/103
SpecRunner: ../src/jsts/src/jsts/index/bintree/Root.js 11/27
SpecRunner: ../src/jsts/src/jsts/noding/FastNodingValidator.js 17/42
SpecRunner: ../src/jsts/src/jsts/operation/overlay/snap/SnapOverlayOp.js 19/47
SpecRunner: ../src/jsts/src/jsts/geom/GeometryFactory.js 28/67
SpecRunner: ../src/jsts/src/jsts/noding/SegmentNode.js 10/24
SpecRunner: ../src/jsts/src/jsts/geom/MultiPolygon.js 9/21
SpecRunner: ../src/jsts/src/jsts/noding/snapround/MCIndexPointSnapper.js 14/33
SpecRunner: ../src/jsts/src/jsts/geomgraph/EdgeList.js 14/32
SpecRunner: ../src/jsts/src/jsts/operation/GeometryGraphOperation.js 10/23
SpecRunner: ../src/jsts/src/jsts/noding/MCIndexNoder.js 25/55
SpecRunner: ../src/jsts/src/jsts/operation/distance/ConnectedElementLocationFilter.js 5/11
SpecRunner: ../src/jsts/src/jsts/operation/relate/RelateOp.js 5/11
SpecRunner: ../src/jsts/src/jsts/geom/Point.js 29/62
SpecRunner: ../src/jsts/src/jsts/operation/buffer/BufferParameters.js 26/56
SpecRunner: ../src/jsts/src/jsts/util/Assert.js 6/13
SpecRunner: ../src/jsts/src/jsts/planargraph/GraphComponent.js 18/38
SpecRunner: ../src/jsts/src/jsts/planargraph/DirectedEdge.js 33/67
SpecRunner: ../src/jsts/src/jsts/geom/Location.js 6/12
SpecRunner: ../src/jsts/src/jsts/geomgraph/EdgeNodingValidator.js 9/18
SpecRunner: ../src/jsts/src/jsts/index/ArrayListVisitor.js 3/6
SpecRunner: ../src/jsts/src/jsts/io/GeoJSONWriter.js 3/6
SpecRunner: ../src/jsts/src/jsts/planargraph/Node.js 17/34
SpecRunner: ../src/jsts/src/jsts.js 16/31
SpecRunner: ../src/jsts/src/jsts/geomgraph/EdgeEnd.js 27/52
SpecRunner: ../src/jsts/src/jsts/noding/BasicSegmentString.js 12/23
SpecRunner: ../src/jsts/src/jsts/geomgraph/Position.js 6/11
SpecRunner: ../src/jsts/src/jsts/geomgraph/GraphComponent.js 22/40
SpecRunner: ../src/jsts/src/jsts/index/strtree/AbstractNode.js 11/20
SpecRunner: ../src/jsts/src/jsts/operation/distance/GeometryLocation.js 9/16
SpecRunner: ../src/jsts/src/jsts/index/SpatialIndex.js 4/7
SpecRunner: ../src/jsts/src/jsts/operation/relate/RelateNode.js 4/7
SpecRunner: ../src/jsts/src/jsts/operation/valid/TopologyValidationError.js 16/28
SpecRunner: ../src/jsts/src/jsts/geomgraph/index/EdgeSetIntersector.js 3/5
SpecRunner: ../src/jsts/src/jsts/operation/overlay/MinimalEdgeRing.js 5/8
SpecRunner: ../src/jsts/src/jsts/planargraph/NodeMap.js 10/16
SpecRunner: ../src/jsts/src/jsts/util/UniqueCoordinateArrayFilter.js 10/16
SpecRunner: ../src/jsts/src/jsts/index/strtree/ItemBoundable.js 7/11
SpecRunner: ../src/jsts/src/jsts/geom/CoordinateFilter.js 2/3
SpecRunner: ../src/jsts/src/jsts/geom/GeometryComponentFilter.js 2/3
SpecRunner: ../src/jsts/src/jsts/geom/GeometryFilter.js 2/3
SpecRunner: ../src/jsts/src/jsts/geom/MultiPoint.js 10/15
SpecRunner: ../src/jsts/src/jsts/geomgraph/NodeFactory.js 2/3
SpecRunner: ../src/jsts/src/jsts/geomgraph/index/SimpleMCSweepLineIntersector.js 2/3
SpecRunner: ../src/jsts/src/jsts/index/ItemVisitor.js 2/3
SpecRunner: ../src/jsts/src/jsts/index/strtree/Boundable.js 2/3
SpecRunner: ../src/jsts/src/jsts/operation/polygonize/PolygonizeDirectedEdge.js 14/21
SpecRunner: ../src/jsts/src/jsts/operation/polygonize/PolygonizeEdge.js 4/6
SpecRunner: ../src/jsts/src/jsts/io/WKTParser.js 88/130
SpecRunner: ../src/jsts/src/jsts/geom/MultiLineString.js 9/13
SpecRunner: ../src/jsts/src/jsts/geom/PrecisionModel.js 29/42
SpecRunner: ../src/jsts/src/jsts/operation/relate/RelateNodeFactory.js 3/4
SpecRunner: ../src/jsts/src/jsts/geom/LinearRing.js 10/13
SpecRunner: ../src/jsts/src/jsts/algorithm/BoundaryNodeRule.js 7/9
SpecRunner: ../src/jsts/src/jsts/index/chain/MonotoneChainSelectAction.js 7/9
SpecRunner: ../src/jsts/src/jsts/index/chain/MonotoneChainOverlapAction.js 11/14
SpecRunner: ../src/jsts/src/jsts/operation/overlay/OverlayNodeFactory.js 4/5
SpecRunner: ../src/jsts/src/jsts/util/AssertionFailedException.js 5/6
SpecRunner: ../src/jsts/src/jsts/noding/SinglePassNoder.js 7/8
SpecRunner: ../src/jsts/lib/javascript.util.js 1/1
SpecRunner: ../src/jsts/src/jsts/geom/CoordinateSequenceFilter.js 4/4
SpecRunner: ../src/jsts/src/jsts/io/WKTReader.js 19/19
SpecRunner: ../src/jsts/src/jsts/noding/NodableSegmentString.js 3/3
SpecRunner: ../src/jsts/src/jsts/noding/Noder.js 4/4
SpecRunner: ../src/jsts/src/jsts/noding/SegmentIntersector.js 3/3
SpecRunner: ../src/jsts/src/jsts/noding/SegmentString.js 7/7
SpecRunner: http:/ajax.googleapis.com/ajax/libs/jquery/1.7.1/jquery.min.js 3/3
