divisibility_tests: ../src/khan-exercises/utils/math-format.js 1/239
divisibility_tests: ../src/khan-exercises/utils/raphael.js 12/2394
divisibility_tests: ../src/khan-exercises/utils/expressions.js 2/184
divisibility_tests: ../src/khan-exercises/utils/math.js 2/197
divisibility_tests: ../src/khan-exercises/utils/jquery.adhesion.js 2/59
divisibility_tests: ../src/khan-exercises/jquery-ui.js 209/4539
divisibility_tests: ../src/khan-exercises/utils/answer-types.js 45/513
divisibility_tests: ../src/khan-exercises/jquery.qtip.js 152/1121
divisibility_tests: ../src/khan-exercises/utils/subhints.js 5/22
divisibility_tests: ../src/khan-exercises/utils/MathJax/1.1a/config/KAthJax-62e7a7b628ba168df6b9cd3de8feac38.js 383/1458
divisibility_tests: ../src/khan-exercises/utils/word-problems.js 38/142
divisibility_tests: ../src/khan-exercises/khan-exercise.js 292/1003
divisibility_tests: ../src/khan-exercises/utils/underscore.js 132/445
divisibility_tests: ../src/khan-exercises/jquery.js 1619/3402
divisibility_tests: ../src/khan-exercises/utils/tmpl.js 116/225
divisibility_tests: ../src/khan-exercises/utils/hints.js 7/10
divisibility_tests: ../src/khan-exercises/utils/MathJax/1.1a/MathJax.js?config=KAthJax-62e7a7b628ba168df6b9cd3de8feac38 3/3
divisibility_tests: ../src/khan-exercises/utils/math-format.js 1/239
divisibility_tests: ../src/khan-exercises/utils/raphael.js 12/2394
divisibility_tests: ../src/khan-exercises/utils/expressions.js 2/184
divisibility_tests: ../src/khan-exercises/utils/math.js 2/197
divisibility_tests: ../src/khan-exercises/utils/jquery.adhesion.js 2/59
divisibility_tests: ../src/khan-exercises/jquery-ui.js 209/4539
divisibility_tests: ../src/khan-exercises/utils/answer-types.js 45/513
divisibility_tests: ../src/khan-exercises/jquery.qtip.js 152/1121
divisibility_tests: ../src/khan-exercises/utils/subhints.js 5/22
divisibility_tests: ../src/khan-exercises/utils/MathJax/1.1a/config/KAthJax-62e7a7b628ba168df6b9cd3de8feac38.js 383/1458
divisibility_tests: ../src/khan-exercises/utils/word-problems.js 38/142
divisibility_tests: ../src/khan-exercises/khan-exercise.js 292/1003
divisibility_tests: ../src/khan-exercises/utils/underscore.js 132/445
divisibility_tests: ../src/khan-exercises/jquery.js 1619/3402
divisibility_tests: ../src/khan-exercises/utils/tmpl.js 116/225
divisibility_tests: ../src/khan-exercises/utils/hints.js 7/10
divisibility_tests: ../src/khan-exercises/utils/MathJax/1.1a/MathJax.js?config=KAthJax-62e7a7b628ba168df6b9cd3de8feac38 3/3
greatest_common_divisor: ../src/khan-exercises/utils/raphael.js 12/2394
greatest_common_divisor: ../src/khan-exercises/utils/jquery.adhesion.js 2/59
greatest_common_divisor: ../src/khan-exercises/utils/math.js 6/197
greatest_common_divisor: ../src/khan-exercises/jquery-ui.js 209/4539
greatest_common_divisor: ../src/khan-exercises/utils/answer-types.js 32/513
greatest_common_divisor: ../src/khan-exercises/jquery.qtip.js 152/1121
greatest_common_divisor: ../src/khan-exercises/utils/word-problems.js 38/142
greatest_common_divisor: ../src/khan-exercises/utils/MathJax/1.1a/config/KAthJax-62e7a7b628ba168df6b9cd3de8feac38.js 422/1458
greatest_common_divisor: ../src/khan-exercises/khan-exercise.js 299/1003
greatest_common_divisor: ../src/khan-exercises/utils/underscore.js 132/445
greatest_common_divisor: ../src/khan-exercises/utils/tmpl.js 105/225
greatest_common_divisor: ../src/khan-exercises/jquery.js 1609/3402
greatest_common_divisor: ../src/khan-exercises/utils/hints.js 7/10
greatest_common_divisor: ../src/khan-exercises/utils/MathJax/1.1a/MathJax.js?config=KAthJax-62e7a7b628ba168df6b9cd3de8feac38 3/3
greatest_common_divisor: ../src/khan-exercises/utils/MathJax/1.1a/jax/element/mml/optable/BasicLatin.js 1/1
divisibility_tests: ../src/khan-exercises/utils/math-format.js 1/239
divisibility_tests: ../src/khan-exercises/utils/raphael.js 12/2394
divisibility_tests: ../src/khan-exercises/utils/expressions.js 2/184
divisibility_tests: ../src/khan-exercises/utils/math.js 2/197
divisibility_tests: ../src/khan-exercises/utils/jquery.adhesion.js 2/59
divisibility_tests: ../src/khan-exercises/jquery-ui.js 209/4539
divisibility_tests: ../src/khan-exercises/utils/answer-types.js 45/513
divisibility_tests: ../src/khan-exercises/jquery.qtip.js 152/1121
divisibility_tests: ../src/khan-exercises/utils/subhints.js 5/22
divisibility_tests: ../src/khan-exercises/utils/MathJax/1.1a/config/KAthJax-62e7a7b628ba168df6b9cd3de8feac38.js 383/1458
divisibility_tests: ../src/khan-exercises/utils/word-problems.js 38/142
divisibility_tests: ../src/khan-exercises/khan-exercise.js 292/1003
divisibility_tests: ../src/khan-exercises/utils/underscore.js 132/445
divisibility_tests: ../src/khan-exercises/jquery.js 1619/3402
divisibility_tests: ../src/khan-exercises/utils/tmpl.js 116/225
divisibility_tests: ../src/khan-exercises/utils/hints.js 7/10
divisibility_tests: ../src/khan-exercises/utils/MathJax/1.1a/MathJax.js?config=KAthJax-62e7a7b628ba168df6b9cd3de8feac38 3/3
greatest_common_divisor: ../src/khan-exercises/utils/raphael.js 12/2394
greatest_common_divisor: ../src/khan-exercises/utils/jquery.adhesion.js 2/59
greatest_common_divisor: ../src/khan-exercises/utils/math.js 6/197
greatest_common_divisor: ../src/khan-exercises/jquery-ui.js 209/4539
greatest_common_divisor: ../src/khan-exercises/utils/answer-types.js 32/513
greatest_common_divisor: ../src/khan-exercises/jquery.qtip.js 152/1121
greatest_common_divisor: ../src/khan-exercises/utils/word-problems.js 38/142
greatest_common_divisor: ../src/khan-exercises/utils/MathJax/1.1a/config/KAthJax-62e7a7b628ba168df6b9cd3de8feac38.js 422/1458
greatest_common_divisor: ../src/khan-exercises/khan-exercise.js 299/1003
greatest_common_divisor: ../src/khan-exercises/utils/underscore.js 132/445
greatest_common_divisor: ../src/khan-exercises/utils/tmpl.js 105/225
greatest_common_divisor: ../src/khan-exercises/jquery.js 1609/3402
greatest_common_divisor: ../src/khan-exercises/utils/hints.js 7/10
greatest_common_divisor: ../src/khan-exercises/utils/MathJax/1.1a/MathJax.js?config=KAthJax-62e7a7b628ba168df6b9cd3de8feac38 3/3
greatest_common_divisor: ../src/khan-exercises/utils/MathJax/1.1a/jax/element/mml/optable/BasicLatin.js 1/1
least_common_multiple_and_greatest_common_divisor_word_problems: ../src/khan-exercises/utils/raphael.js 12/2394
least_common_multiple_and_greatest_common_divisor_word_problems: ../src/khan-exercises/utils/jquery.adhesion.js 2/59
least_common_multiple_and_greatest_common_divisor_word_problems: ../src/khan-exercises/jquery-ui.js 209/4539
least_common_multiple_and_greatest_common_divisor_word_problems: ../src/khan-exercises/utils/math.js 8/197
least_common_multiple_and_greatest_common_divisor_word_problems: ../src/khan-exercises/utils/answer-types.js 32/513
least_common_multiple_and_greatest_common_divisor_word_problems: ../src/khan-exercises/jquery.qtip.js 152/1121
least_common_multiple_and_greatest_common_divisor_word_problems: ../src/khan-exercises/utils/MathJax/1.1a/config/KAthJax-62e7a7b628ba168df6b9cd3de8feac38.js 331/1458
least_common_multiple_and_greatest_common_divisor_word_problems: ../src/khan-exercises/utils/word-problems.js 38/142
least_common_multiple_and_greatest_common_divisor_word_problems: ../src/khan-exercises/khan-exercise.js 300/1003
least_common_multiple_and_greatest_common_divisor_word_problems: ../src/khan-exercises/utils/underscore.js 132/445
least_common_multiple_and_greatest_common_divisor_word_problems: ../src/khan-exercises/jquery.js 1641/3402
least_common_multiple_and_greatest_common_divisor_word_problems: ../src/khan-exercises/utils/tmpl.js 141/225
least_common_multiple_and_greatest_common_divisor_word_problems: ../src/khan-exercises/utils/hints.js 7/10
least_common_multiple_and_greatest_common_divisor_word_problems: ../src/khan-exercises/utils/spin.js 18/20
least_common_multiple_and_greatest_common_divisor_word_problems: ../src/khan-exercises/utils/MathJax/1.1a/MathJax.js?config=KAthJax-62e7a7b628ba168df6b9cd3de8feac38 3/3
divisibility_tests: ../src/khan-exercises/utils/math-format.js 1/239
divisibility_tests: ../src/khan-exercises/utils/raphael.js 12/2394
divisibility_tests: ../src/khan-exercises/utils/expressions.js 2/184
divisibility_tests: ../src/khan-exercises/utils/math.js 2/197
divisibility_tests: ../src/khan-exercises/utils/jquery.adhesion.js 2/59
divisibility_tests: ../src/khan-exercises/jquery-ui.js 209/4539
divisibility_tests: ../src/khan-exercises/utils/answer-types.js 45/513
divisibility_tests: ../src/khan-exercises/jquery.qtip.js 152/1121
divisibility_tests: ../src/khan-exercises/utils/subhints.js 5/22
divisibility_tests: ../src/khan-exercises/utils/MathJax/1.1a/config/KAthJax-62e7a7b628ba168df6b9cd3de8feac38.js 383/1458
divisibility_tests: ../src/khan-exercises/utils/word-problems.js 38/142
divisibility_tests: ../src/khan-exercises/khan-exercise.js 292/1003
divisibility_tests: ../src/khan-exercises/utils/underscore.js 132/445
divisibility_tests: ../src/khan-exercises/jquery.js 1619/3402
divisibility_tests: ../src/khan-exercises/utils/tmpl.js 116/225
divisibility_tests: ../src/khan-exercises/utils/hints.js 7/10
divisibility_tests: ../src/khan-exercises/utils/MathJax/1.1a/MathJax.js?config=KAthJax-62e7a7b628ba168df6b9cd3de8feac38 3/3
greatest_common_divisor: ../src/khan-exercises/utils/raphael.js 12/2394
greatest_common_divisor: ../src/khan-exercises/utils/jquery.adhesion.js 2/59
greatest_common_divisor: ../src/khan-exercises/utils/math.js 6/197
greatest_common_divisor: ../src/khan-exercises/jquery-ui.js 209/4539
greatest_common_divisor: ../src/khan-exercises/utils/answer-types.js 32/513
greatest_common_divisor: ../src/khan-exercises/jquery.qtip.js 152/1121
greatest_common_divisor: ../src/khan-exercises/utils/word-problems.js 38/142
greatest_common_divisor: ../src/khan-exercises/utils/MathJax/1.1a/config/KAthJax-62e7a7b628ba168df6b9cd3de8feac38.js 422/1458
greatest_common_divisor: ../src/khan-exercises/khan-exercise.js 299/1003
greatest_common_divisor: ../src/khan-exercises/utils/underscore.js 132/445
greatest_common_divisor: ../src/khan-exercises/utils/tmpl.js 105/225
greatest_common_divisor: ../src/khan-exercises/jquery.js 1609/3402
greatest_common_divisor: ../src/khan-exercises/utils/hints.js 7/10
greatest_common_divisor: ../src/khan-exercises/utils/MathJax/1.1a/MathJax.js?config=KAthJax-62e7a7b628ba168df6b9cd3de8feac38 3/3
greatest_common_divisor: ../src/khan-exercises/utils/MathJax/1.1a/jax/element/mml/optable/BasicLatin.js 1/1
least_common_multiple_and_greatest_common_divisor_word_problems: ../src/khan-exercises/utils/raphael.js 12/2394
least_common_multiple_and_greatest_common_divisor_word_problems: ../src/khan-exercises/utils/jquery.adhesion.js 2/59
least_common_multiple_and_greatest_common_divisor_word_problems: ../src/khan-exercises/jquery-ui.js 209/4539
least_common_multiple_and_greatest_common_divisor_word_problems: ../src/khan-exercises/utils/math.js 8/197
least_common_multiple_and_greatest_common_divisor_word_problems: ../src/khan-exercises/utils/answer-types.js 32/513
least_common_multiple_and_greatest_common_divisor_word_problems: ../src/khan-exercises/jquery.qtip.js 152/1121
least_common_multiple_and_greatest_common_divisor_word_problems: ../src/khan-exercises/utils/MathJax/1.1a/config/KAthJax-62e7a7b628ba168df6b9cd3de8feac38.js 331/1458
least_common_multiple_and_greatest_common_divisor_word_problems: ../src/khan-exercises/utils/word-problems.js 38/142
least_common_multiple_and_greatest_common_divisor_word_problems: ../src/khan-exercises/khan-exercise.js 300/1003
least_common_multiple_and_greatest_common_divisor_word_problems: ../src/khan-exercises/utils/underscore.js 132/445
least_common_multiple_and_greatest_common_divisor_word_problems: ../src/khan-exercises/jquery.js 1641/3402
least_common_multiple_and_greatest_common_divisor_word_problems: ../src/khan-exercises/utils/tmpl.js 141/225
least_common_multiple_and_greatest_common_divisor_word_problems: ../src/khan-exercises/utils/hints.js 7/10
least_common_multiple_and_greatest_common_divisor_word_problems: ../src/khan-exercises/utils/spin.js 18/20
least_common_multiple_and_greatest_common_divisor_word_problems: ../src/khan-exercises/utils/MathJax/1.1a/MathJax.js?config=KAthJax-62e7a7b628ba168df6b9cd3de8feac38 3/3
index: https:/ajax.googleapis.com/ajax/libs/jquery/1.6.2/jquery.min.js 3/3
divisibility_tests: ../src/khan-exercises/utils/math-format.js 1/239
divisibility_tests: ../src/khan-exercises/utils/raphael.js 12/2394
divisibility_tests: ../src/khan-exercises/utils/expressions.js 2/184
divisibility_tests: ../src/khan-exercises/utils/math.js 2/197
divisibility_tests: ../src/khan-exercises/utils/jquery.adhesion.js 2/59
divisibility_tests: ../src/khan-exercises/jquery-ui.js 209/4539
divisibility_tests: ../src/khan-exercises/utils/answer-types.js 45/513
divisibility_tests: ../src/khan-exercises/jquery.qtip.js 152/1121
divisibility_tests: ../src/khan-exercises/utils/subhints.js 5/22
divisibility_tests: ../src/khan-exercises/utils/MathJax/1.1a/config/KAthJax-62e7a7b628ba168df6b9cd3de8feac38.js 383/1458
divisibility_tests: ../src/khan-exercises/utils/word-problems.js 38/142
divisibility_tests: ../src/khan-exercises/khan-exercise.js 292/1003
divisibility_tests: ../src/khan-exercises/utils/underscore.js 132/445
divisibility_tests: ../src/khan-exercises/jquery.js 1619/3402
divisibility_tests: ../src/khan-exercises/utils/tmpl.js 116/225
divisibility_tests: ../src/khan-exercises/utils/hints.js 7/10
divisibility_tests: ../src/khan-exercises/utils/MathJax/1.1a/MathJax.js?config=KAthJax-62e7a7b628ba168df6b9cd3de8feac38 3/3
greatest_common_divisor: ../src/khan-exercises/utils/raphael.js 12/2394
greatest_common_divisor: ../src/khan-exercises/utils/jquery.adhesion.js 2/59
greatest_common_divisor: ../src/khan-exercises/utils/math.js 6/197
greatest_common_divisor: ../src/khan-exercises/jquery-ui.js 209/4539
greatest_common_divisor: ../src/khan-exercises/utils/answer-types.js 32/513
greatest_common_divisor: ../src/khan-exercises/jquery.qtip.js 152/1121
greatest_common_divisor: ../src/khan-exercises/utils/word-problems.js 38/142
greatest_common_divisor: ../src/khan-exercises/utils/MathJax/1.1a/config/KAthJax-62e7a7b628ba168df6b9cd3de8feac38.js 422/1458
greatest_common_divisor: ../src/khan-exercises/khan-exercise.js 299/1003
greatest_common_divisor: ../src/khan-exercises/utils/underscore.js 132/445
greatest_common_divisor: ../src/khan-exercises/utils/tmpl.js 105/225
greatest_common_divisor: ../src/khan-exercises/jquery.js 1609/3402
greatest_common_divisor: ../src/khan-exercises/utils/hints.js 7/10
greatest_common_divisor: ../src/khan-exercises/utils/MathJax/1.1a/MathJax.js?config=KAthJax-62e7a7b628ba168df6b9cd3de8feac38 3/3
greatest_common_divisor: ../src/khan-exercises/utils/MathJax/1.1a/jax/element/mml/optable/BasicLatin.js 1/1
least_common_multiple_and_greatest_common_divisor_word_problems: ../src/khan-exercises/utils/raphael.js 12/2394
least_common_multiple_and_greatest_common_divisor_word_problems: ../src/khan-exercises/utils/jquery.adhesion.js 2/59
least_common_multiple_and_greatest_common_divisor_word_problems: ../src/khan-exercises/jquery-ui.js 209/4539
least_common_multiple_and_greatest_common_divisor_word_problems: ../src/khan-exercises/utils/math.js 8/197
least_common_multiple_and_greatest_common_divisor_word_problems: ../src/khan-exercises/utils/answer-types.js 32/513
least_common_multiple_and_greatest_common_divisor_word_problems: ../src/khan-exercises/jquery.qtip.js 152/1121
least_common_multiple_and_greatest_common_divisor_word_problems: ../src/khan-exercises/utils/MathJax/1.1a/config/KAthJax-62e7a7b628ba168df6b9cd3de8feac38.js 331/1458
least_common_multiple_and_greatest_common_divisor_word_problems: ../src/khan-exercises/utils/word-problems.js 38/142
least_common_multiple_and_greatest_common_divisor_word_problems: ../src/khan-exercises/khan-exercise.js 300/1003
least_common_multiple_and_greatest_common_divisor_word_problems: ../src/khan-exercises/utils/underscore.js 132/445
least_common_multiple_and_greatest_common_divisor_word_problems: ../src/khan-exercises/jquery.js 1641/3402
least_common_multiple_and_greatest_common_divisor_word_problems: ../src/khan-exercises/utils/tmpl.js 141/225
least_common_multiple_and_greatest_common_divisor_word_problems: ../src/khan-exercises/utils/hints.js 7/10
least_common_multiple_and_greatest_common_divisor_word_problems: ../src/khan-exercises/utils/spin.js 18/20
least_common_multiple_and_greatest_common_divisor_word_problems: ../src/khan-exercises/utils/MathJax/1.1a/MathJax.js?config=KAthJax-62e7a7b628ba168df6b9cd3de8feac38 3/3
index: https:/ajax.googleapis.com/ajax/libs/jquery/1.6.2/jquery.min.js 3/3
index: ../src/khan-exercises/utils/calculus.js 1/140
index: ../src/khan-exercises/utils/math.js 1/197
index: ../src/khan-exercises/utils/polynomials.js 1/145
index: ../src/khan-exercises/utils/expressions.js 2/184
index: ../src/khan-exercises/utils/tmpl.js 11/225
index: ../src/khan-exercises/utils/underscore.js 116/445
index: https:/ajax.googleapis.com/ajax/libs/jquery/1.6.2/jquery.min.js 3/3
divisibility_tests: ../src/khan-exercises/utils/math-format.js 1/239
divisibility_tests: ../src/khan-exercises/utils/raphael.js 12/2394
divisibility_tests: ../src/khan-exercises/utils/expressions.js 2/184
divisibility_tests: ../src/khan-exercises/utils/math.js 2/197
divisibility_tests: ../src/khan-exercises/utils/jquery.adhesion.js 2/59
divisibility_tests: ../src/khan-exercises/jquery-ui.js 209/4539
divisibility_tests: ../src/khan-exercises/utils/answer-types.js 45/513
divisibility_tests: ../src/khan-exercises/jquery.qtip.js 152/1121
divisibility_tests: ../src/khan-exercises/utils/subhints.js 5/22
divisibility_tests: ../src/khan-exercises/utils/MathJax/1.1a/config/KAthJax-62e7a7b628ba168df6b9cd3de8feac38.js 383/1458
divisibility_tests: ../src/khan-exercises/utils/word-problems.js 38/142
divisibility_tests: ../src/khan-exercises/khan-exercise.js 292/1003
divisibility_tests: ../src/khan-exercises/utils/underscore.js 132/445
divisibility_tests: ../src/khan-exercises/jquery.js 1619/3402
divisibility_tests: ../src/khan-exercises/utils/tmpl.js 116/225
divisibility_tests: ../src/khan-exercises/utils/hints.js 7/10
divisibility_tests: ../src/khan-exercises/utils/MathJax/1.1a/MathJax.js?config=KAthJax-62e7a7b628ba168df6b9cd3de8feac38 3/3
greatest_common_divisor: ../src/khan-exercises/utils/raphael.js 12/2394
greatest_common_divisor: ../src/khan-exercises/utils/jquery.adhesion.js 2/59
greatest_common_divisor: ../src/khan-exercises/utils/math.js 6/197
greatest_common_divisor: ../src/khan-exercises/jquery-ui.js 209/4539
greatest_common_divisor: ../src/khan-exercises/utils/answer-types.js 32/513
greatest_common_divisor: ../src/khan-exercises/jquery.qtip.js 152/1121
greatest_common_divisor: ../src/khan-exercises/utils/word-problems.js 38/142
greatest_common_divisor: ../src/khan-exercises/utils/MathJax/1.1a/config/KAthJax-62e7a7b628ba168df6b9cd3de8feac38.js 422/1458
greatest_common_divisor: ../src/khan-exercises/khan-exercise.js 299/1003
greatest_common_divisor: ../src/khan-exercises/utils/underscore.js 132/445
greatest_common_divisor: ../src/khan-exercises/utils/tmpl.js 105/225
greatest_common_divisor: ../src/khan-exercises/jquery.js 1609/3402
greatest_common_divisor: ../src/khan-exercises/utils/hints.js 7/10
greatest_common_divisor: ../src/khan-exercises/utils/MathJax/1.1a/MathJax.js?config=KAthJax-62e7a7b628ba168df6b9cd3de8feac38 3/3
greatest_common_divisor: ../src/khan-exercises/utils/MathJax/1.1a/jax/element/mml/optable/BasicLatin.js 1/1
least_common_multiple_and_greatest_common_divisor_word_problems: ../src/khan-exercises/utils/raphael.js 12/2394
least_common_multiple_and_greatest_common_divisor_word_problems: ../src/khan-exercises/utils/jquery.adhesion.js 2/59
least_common_multiple_and_greatest_common_divisor_word_problems: ../src/khan-exercises/jquery-ui.js 209/4539
least_common_multiple_and_greatest_common_divisor_word_problems: ../src/khan-exercises/utils/math.js 8/197
least_common_multiple_and_greatest_common_divisor_word_problems: ../src/khan-exercises/utils/answer-types.js 32/513
least_common_multiple_and_greatest_common_divisor_word_problems: ../src/khan-exercises/jquery.qtip.js 152/1121
least_common_multiple_and_greatest_common_divisor_word_problems: ../src/khan-exercises/utils/MathJax/1.1a/config/KAthJax-62e7a7b628ba168df6b9cd3de8feac38.js 331/1458
least_common_multiple_and_greatest_common_divisor_word_problems: ../src/khan-exercises/utils/word-problems.js 38/142
least_common_multiple_and_greatest_common_divisor_word_problems: ../src/khan-exercises/khan-exercise.js 300/1003
least_common_multiple_and_greatest_common_divisor_word_problems: ../src/khan-exercises/utils/underscore.js 132/445
least_common_multiple_and_greatest_common_divisor_word_problems: ../src/khan-exercises/jquery.js 1641/3402
least_common_multiple_and_greatest_common_divisor_word_problems: ../src/khan-exercises/utils/tmpl.js 141/225
least_common_multiple_and_greatest_common_divisor_word_problems: ../src/khan-exercises/utils/hints.js 7/10
least_common_multiple_and_greatest_common_divisor_word_problems: ../src/khan-exercises/utils/spin.js 18/20
least_common_multiple_and_greatest_common_divisor_word_problems: ../src/khan-exercises/utils/MathJax/1.1a/MathJax.js?config=KAthJax-62e7a7b628ba168df6b9cd3de8feac38 3/3
index: https:/ajax.googleapis.com/ajax/libs/jquery/1.6.2/jquery.min.js 3/3
index: ../src/khan-exercises/utils/calculus.js 1/140
index: ../src/khan-exercises/utils/math.js 1/197
index: ../src/khan-exercises/utils/polynomials.js 1/145
index: ../src/khan-exercises/utils/expressions.js 2/184
index: ../src/khan-exercises/utils/tmpl.js 11/225
index: ../src/khan-exercises/utils/underscore.js 116/445
index: https:/ajax.googleapis.com/ajax/libs/jquery/1.6.2/jquery.min.js 3/3
latex_output_tests: ../src/khan-exercises/utils/math.js 1/197
latex_output_tests: ../src/khan-exercises/utils/tmpl.js 11/225
latex_output_tests: ../src/khan-exercises/utils/simplify.js 24/443
latex_output_tests: ../src/khan-exercises/utils/math-model.js 47/782
latex_output_tests: ../src/khan-exercises/utils/expr-normal-form.js 12/166
latex_output_tests: ../src/khan-exercises/utils/steps-helpers.js 18/235
latex_output_tests: ../src/khan-exercises/khan-exercise.js 83/1003
latex_output_tests: ../src/khan-exercises/utils/ast.js 7/83
latex_output_tests: ../src/khan-exercises/utils/expr-helpers.js 30/241
latex_output_tests: ../src/khan-exercises/jquery.js 449/3402
latex_output_tests: ../src/khan-exercises/utils/MathJax/1.1a/MathJax.js?config=KAthJax-a5c67e8a5046db2ff8dfc2229a228836 3/3
divisibility_tests: ../src/khan-exercises/utils/math-format.js 1/239
divisibility_tests: ../src/khan-exercises/utils/raphael.js 12/2394
divisibility_tests: ../src/khan-exercises/utils/expressions.js 2/184
divisibility_tests: ../src/khan-exercises/utils/math.js 2/197
divisibility_tests: ../src/khan-exercises/utils/jquery.adhesion.js 2/59
divisibility_tests: ../src/khan-exercises/jquery-ui.js 209/4539
divisibility_tests: ../src/khan-exercises/utils/answer-types.js 45/513
divisibility_tests: ../src/khan-exercises/jquery.qtip.js 152/1121
divisibility_tests: ../src/khan-exercises/utils/subhints.js 5/22
divisibility_tests: ../src/khan-exercises/utils/MathJax/1.1a/config/KAthJax-62e7a7b628ba168df6b9cd3de8feac38.js 383/1458
divisibility_tests: ../src/khan-exercises/utils/word-problems.js 38/142
divisibility_tests: ../src/khan-exercises/khan-exercise.js 292/1003
divisibility_tests: ../src/khan-exercises/utils/underscore.js 132/445
divisibility_tests: ../src/khan-exercises/jquery.js 1619/3402
divisibility_tests: ../src/khan-exercises/utils/tmpl.js 116/225
divisibility_tests: ../src/khan-exercises/utils/hints.js 7/10
divisibility_tests: ../src/khan-exercises/utils/MathJax/1.1a/MathJax.js?config=KAthJax-62e7a7b628ba168df6b9cd3de8feac38 3/3
greatest_common_divisor: ../src/khan-exercises/utils/raphael.js 12/2394
greatest_common_divisor: ../src/khan-exercises/utils/jquery.adhesion.js 2/59
greatest_common_divisor: ../src/khan-exercises/utils/math.js 6/197
greatest_common_divisor: ../src/khan-exercises/jquery-ui.js 209/4539
greatest_common_divisor: ../src/khan-exercises/utils/answer-types.js 32/513
greatest_common_divisor: ../src/khan-exercises/jquery.qtip.js 152/1121
greatest_common_divisor: ../src/khan-exercises/utils/word-problems.js 38/142
greatest_common_divisor: ../src/khan-exercises/utils/MathJax/1.1a/config/KAthJax-62e7a7b628ba168df6b9cd3de8feac38.js 422/1458
greatest_common_divisor: ../src/khan-exercises/khan-exercise.js 299/1003
greatest_common_divisor: ../src/khan-exercises/utils/underscore.js 132/445
greatest_common_divisor: ../src/khan-exercises/utils/tmpl.js 105/225
greatest_common_divisor: ../src/khan-exercises/jquery.js 1609/3402
greatest_common_divisor: ../src/khan-exercises/utils/hints.js 7/10
greatest_common_divisor: ../src/khan-exercises/utils/MathJax/1.1a/MathJax.js?config=KAthJax-62e7a7b628ba168df6b9cd3de8feac38 3/3
greatest_common_divisor: ../src/khan-exercises/utils/MathJax/1.1a/jax/element/mml/optable/BasicLatin.js 1/1
least_common_multiple_and_greatest_common_divisor_word_problems: ../src/khan-exercises/utils/raphael.js 12/2394
least_common_multiple_and_greatest_common_divisor_word_problems: ../src/khan-exercises/utils/jquery.adhesion.js 2/59
least_common_multiple_and_greatest_common_divisor_word_problems: ../src/khan-exercises/jquery-ui.js 209/4539
least_common_multiple_and_greatest_common_divisor_word_problems: ../src/khan-exercises/utils/math.js 8/197
least_common_multiple_and_greatest_common_divisor_word_problems: ../src/khan-exercises/utils/answer-types.js 32/513
least_common_multiple_and_greatest_common_divisor_word_problems: ../src/khan-exercises/jquery.qtip.js 152/1121
least_common_multiple_and_greatest_common_divisor_word_problems: ../src/khan-exercises/utils/MathJax/1.1a/config/KAthJax-62e7a7b628ba168df6b9cd3de8feac38.js 331/1458
least_common_multiple_and_greatest_common_divisor_word_problems: ../src/khan-exercises/utils/word-problems.js 38/142
least_common_multiple_and_greatest_common_divisor_word_problems: ../src/khan-exercises/khan-exercise.js 300/1003
least_common_multiple_and_greatest_common_divisor_word_problems: ../src/khan-exercises/utils/underscore.js 132/445
least_common_multiple_and_greatest_common_divisor_word_problems: ../src/khan-exercises/jquery.js 1641/3402
least_common_multiple_and_greatest_common_divisor_word_problems: ../src/khan-exercises/utils/tmpl.js 141/225
least_common_multiple_and_greatest_common_divisor_word_problems: ../src/khan-exercises/utils/hints.js 7/10
least_common_multiple_and_greatest_common_divisor_word_problems: ../src/khan-exercises/utils/spin.js 18/20
least_common_multiple_and_greatest_common_divisor_word_problems: ../src/khan-exercises/utils/MathJax/1.1a/MathJax.js?config=KAthJax-62e7a7b628ba168df6b9cd3de8feac38 3/3
index: https:/ajax.googleapis.com/ajax/libs/jquery/1.6.2/jquery.min.js 3/3
index: ../src/khan-exercises/utils/calculus.js 1/140
index: ../src/khan-exercises/utils/math.js 1/197
index: ../src/khan-exercises/utils/polynomials.js 1/145
index: ../src/khan-exercises/utils/expressions.js 2/184
index: ../src/khan-exercises/utils/tmpl.js 11/225
index: ../src/khan-exercises/utils/underscore.js 116/445
index: https:/ajax.googleapis.com/ajax/libs/jquery/1.6.2/jquery.min.js 3/3
latex_output_tests: ../src/khan-exercises/utils/math.js 1/197
latex_output_tests: ../src/khan-exercises/utils/tmpl.js 11/225
latex_output_tests: ../src/khan-exercises/utils/simplify.js 24/443
latex_output_tests: ../src/khan-exercises/utils/math-model.js 47/782
latex_output_tests: ../src/khan-exercises/utils/expr-normal-form.js 12/166
latex_output_tests: ../src/khan-exercises/utils/steps-helpers.js 18/235
latex_output_tests: ../src/khan-exercises/khan-exercise.js 83/1003
latex_output_tests: ../src/khan-exercises/utils/ast.js 7/83
latex_output_tests: ../src/khan-exercises/utils/expr-helpers.js 30/241
latex_output_tests: ../src/khan-exercises/jquery.js 449/3402
latex_output_tests: ../src/khan-exercises/utils/MathJax/1.1a/MathJax.js?config=KAthJax-a5c67e8a5046db2ff8dfc2229a228836 3/3
simplification_tests: ../src/khan-exercises/utils/math.js 1/197
simplification_tests: ../src/khan-exercises/utils/tmpl.js 11/225
simplification_tests: ../src/khan-exercises/utils/simplify.js 24/443
simplification_tests: ../src/khan-exercises/utils/math-model.js 47/782
simplification_tests: ../src/khan-exercises/utils/expr-normal-form.js 12/166
simplification_tests: ../src/khan-exercises/utils/factoring-expressions.js 27/367
simplification_tests: ../src/khan-exercises/utils/steps-helpers.js 18/235
simplification_tests: ../src/khan-exercises/khan-exercise.js 83/1003
simplification_tests: ../src/khan-exercises/utils/ast.js 7/83
simplification_tests: ../src/khan-exercises/utils/expr-helpers.js 30/241
simplification_tests: ../src/khan-exercises/jquery.js 449/3402
simplification_tests: ../src/khan-exercises/utils/MathJax/1.1a/MathJax.js?config=KAthJax-a5c67e8a5046db2ff8dfc2229a228836 3/3
