big: ../src/kindeditor/kindeditor.js 1151/3575
big: ../src/kindeditor/lang/en.js 1/1
big: ../src/kindeditor/lang/zh_CN.js 1/1
big: ../src/kindeditor/kindeditor.js 1151/3575
big: ../src/kindeditor/lang/en.js 1/1
big: ../src/kindeditor/lang/zh_CN.js 1/1
big: ../src/kindeditor/kindeditor.js 1151/3575
big: ../src/kindeditor/lang/en.js 1/1
big: ../src/kindeditor/lang/zh_CN.js 1/1
big: ../src/kindeditor/kindeditor.js 1151/3575
big: ../src/kindeditor/lang/en.js 1/1
big: ../src/kindeditor/lang/zh_CN.js 1/1
big: ../src/kindeditor/kindeditor.js 1151/3575
big: ../src/kindeditor/lang/en.js 1/1
big: ../src/kindeditor/lang/zh_CN.js 1/1
big: ../src/kindeditor/kindeditor.js 1151/3575
big: ../src/kindeditor/lang/en.js 1/1
big: ../src/kindeditor/lang/zh_CN.js 1/1
big: ../src/kindeditor/kindeditor.js 1151/3575
big: ../src/kindeditor/lang/en.js 1/1
big: ../src/kindeditor/lang/zh_CN.js 1/1
big: ../src/kindeditor/kindeditor.js 1151/3575
big: ../src/kindeditor/lang/en.js 1/1
big: ../src/kindeditor/lang/zh_CN.js 1/1
big: ../src/kindeditor/kindeditor.js 1151/3575
big: ../src/kindeditor/lang/en.js 1/1
big: ../src/kindeditor/lang/zh_CN.js 1/1
big: ../src/kindeditor/kindeditor.js 1151/3575
big: ../src/kindeditor/lang/en.js 1/1
big: ../src/kindeditor/lang/zh_CN.js 1/1
big: ../src/kindeditor/kindeditor.js 1151/3575
big: ../src/kindeditor/lang/en.js 1/1
big: ../src/kindeditor/lang/zh_CN.js 1/1
big: ../src/kindeditor/kindeditor.js 1151/3575
big: ../src/kindeditor/lang/en.js 1/1
big: ../src/kindeditor/lang/zh_CN.js 1/1
big: ../src/kindeditor/kindeditor.js 1151/3575
big: ../src/kindeditor/lang/en.js 1/1
big: ../src/kindeditor/lang/zh_CN.js 1/1
big: ../src/kindeditor/kindeditor.js 1151/3575
big: ../src/kindeditor/lang/en.js 1/1
big: ../src/kindeditor/lang/zh_CN.js 1/1
big: ../src/kindeditor/kindeditor.js 1151/3575
big: ../src/kindeditor/lang/en.js 1/1
big: ../src/kindeditor/lang/zh_CN.js 1/1
big: ../src/kindeditor/kindeditor.js 1151/3575
big: ../src/kindeditor/lang/en.js 1/1
big: ../src/kindeditor/lang/zh_CN.js 1/1
quirkmode: ../src/kindeditor/kindeditor.js 1073/3575
quirkmode: ../src/kindeditor/lang/en.js 1/1
quirkmode: ../src/kindeditor/lang/zh_CN.js 1/1
big: ../src/kindeditor/kindeditor.js 1151/3575
big: ../src/kindeditor/lang/en.js 1/1
big: ../src/kindeditor/lang/zh_CN.js 1/1
quirkmode: ../src/kindeditor/kindeditor.js 1073/3575
quirkmode: ../src/kindeditor/lang/en.js 1/1
quirkmode: ../src/kindeditor/lang/zh_CN.js 1/1
big: ../src/kindeditor/kindeditor.js 1151/3575
big: ../src/kindeditor/lang/en.js 1/1
big: ../src/kindeditor/lang/zh_CN.js 1/1
quirkmode: ../src/kindeditor/kindeditor.js 1073/3575
quirkmode: ../src/kindeditor/lang/en.js 1/1
quirkmode: ../src/kindeditor/lang/zh_CN.js 1/1
remote: http:/www.kindsoft.net/ke4/kindeditor-min.js 69/170
big: ../src/kindeditor/kindeditor.js 1151/3575
big: ../src/kindeditor/lang/en.js 1/1
big: ../src/kindeditor/lang/zh_CN.js 1/1
quirkmode: ../src/kindeditor/kindeditor.js 1073/3575
quirkmode: ../src/kindeditor/lang/en.js 1/1
quirkmode: ../src/kindeditor/lang/zh_CN.js 1/1
remote: http:/www.kindsoft.net/ke4/kindeditor-min.js 69/170
big: ../src/kindeditor/kindeditor.js 1151/3575
big: ../src/kindeditor/lang/en.js 1/1
big: ../src/kindeditor/lang/zh_CN.js 1/1
quirkmode: ../src/kindeditor/kindeditor.js 1073/3575
quirkmode: ../src/kindeditor/lang/en.js 1/1
quirkmode: ../src/kindeditor/lang/zh_CN.js 1/1
remote: http:/www.kindsoft.net/ke4/kindeditor-min.js 69/170
big: ../src/kindeditor/kindeditor.js 1151/3575
big: ../src/kindeditor/lang/en.js 1/1
big: ../src/kindeditor/lang/zh_CN.js 1/1
quirkmode: ../src/kindeditor/kindeditor.js 1073/3575
quirkmode: ../src/kindeditor/lang/en.js 1/1
quirkmode: ../src/kindeditor/lang/zh_CN.js 1/1
remote: http:/www.kindsoft.net/ke4/kindeditor-min.js 69/170
big: ../src/kindeditor/kindeditor.js 1151/3575
big: ../src/kindeditor/lang/en.js 1/1
big: ../src/kindeditor/lang/zh_CN.js 1/1
quirkmode: ../src/kindeditor/kindeditor.js 1073/3575
quirkmode: ../src/kindeditor/lang/en.js 1/1
quirkmode: ../src/kindeditor/lang/zh_CN.js 1/1
remote: http:/www.kindsoft.net/ke4/kindeditor-min.js 69/170
total: ../src/kindeditor/kindeditor.js 1084/3575
total: ../src/kindeditor/lang/en.js 1/1
total: ../src/kindeditor/lang/zh_CN.js 1/1
big: ../src/kindeditor/kindeditor.js 1151/3575
big: ../src/kindeditor/lang/en.js 1/1
big: ../src/kindeditor/lang/zh_CN.js 1/1
quirkmode: ../src/kindeditor/kindeditor.js 1073/3575
quirkmode: ../src/kindeditor/lang/en.js 1/1
quirkmode: ../src/kindeditor/lang/zh_CN.js 1/1
remote: http:/www.kindsoft.net/ke4/kindeditor-min.js 69/170
total: ../src/kindeditor/kindeditor.js 1084/3575
total: ../src/kindeditor/lang/en.js 1/1
total: ../src/kindeditor/lang/zh_CN.js 1/1
