runner: ../src/knockout/spec/nativeTemplateEngineBehaviors.js 1/71
runner: ../src/knockout/spec/editDetectionBehaviors.js 3/138
runner: ../src/knockout/spec/jsonPostingBehaviors.js 1/26
runner: ../src/knockout/spec/lib/json2.js 11/89
runner: ../src/knockout/src/templating/jquery.tmpl/jqueryTmplTemplateEngine.js 15/41
runner: ../src/knockout/spec/templatingBehaviors.js 207/392
runner: ../src/knockout/src/templating/templateSources.js 20/37
runner: ../src/knockout/spec/lib/JSSpec.js 522/861
runner: ../src/knockout/src/utils.js 158/263
runner: ../src/knockout/src/subscribables/extenders.js 13/19
runner: ../src/knockout/src/utils.domManipulation.js 25/36
runner: ../src/knockout/src/templating/templateEngine.js 20/28
runner: ../src/knockout/spec/lib/JSSpec.extensions.js 21/26
runner: ../src/knockout/src/templating/native/nativeTemplateEngine.js 10/12
runner: ../src/knockout/src/templating/templateRewriting.js 28/32
runner: ../src/knockout/src/binding/bindingProvider.js 25/27
runner: ../src/knockout/src/binding/defaultBindings.js 263/280
runner: ../src/knockout/src/subscribables/dependencyDetection.js 16/17
runner: ../src/knockout/src/subscribables/observableArray.js 63/67
runner: ../src/knockout/src/templating/templating.js 115/122
runner: ../src/knockout/build/knockout-raw.js 19/20
runner: ../src/knockout/src/binding/expressionRewriting.js 114/118
runner: ../src/knockout/src/binding/selectExtensions.js 32/33
runner: ../src/knockout/src/subscribables/dependentObservable.js 91/94
runner: ../src/knockout/src/utils.domNodeDisposal.js 53/55
runner: ../src/knockout/spec/defaultBindingsBehaviors.js 947/974
runner: ../src/knockout/src/memoization.js 46/47
runner: ../src/knockout/spec/subscribableBehaviors.js 57/58
runner: ../src/knockout/src/binding/bindingAttributeSyntax.js 105/107
runner: ../src/knockout/src/binding/editDetection/arrayToDomNodeChildren.js 86/87
runner: ../src/knockout/src/subscribables/mappingHelpers.js 50/51
runner: ../src/knockout/src/virtualElements.js 98/99
runner: ../src/knockout/spec/bindingAttributeBehaviors.js 230/231
runner: ../src/knockout/build/fragments/source-references.js 1/1
runner: ../src/knockout/spec/dependentObservableBehaviors.js 169/169
runner: ../src/knockout/spec/domNodeDisposalBehaviors.js 32/32
runner: ../src/knockout/spec/expressionRewritingBehaviors.js 50/50
runner: ../src/knockout/spec/extenderBehaviors.js 12/12
runner: ../src/knockout/spec/lib/diff_match_patch.js 1/1
runner: ../src/knockout/spec/lib/innershiv.js 1/1
runner: ../src/knockout/spec/mappingHelperBehaviors.js 56/56
runner: ../src/knockout/spec/memoizationBehaviors.js 33/33
runner: ../src/knockout/spec/observableArrayBehaviors.js 152/152
runner: ../src/knockout/spec/observableBehaviors.js 143/143
runner: ../src/knockout/src/binding/editDetection/compareArrays.js 54/54
runner: ../src/knockout/src/google-closure-compiler-utils.js 8/8
runner: ../src/knockout/src/namespace.js 1/1
runner: ../src/knockout/src/subscribables/observable.js 43/43
runner: ../src/knockout/src/subscribables/subscribable.js 39/39
runner: ../src/knockout/src/utils.domData.js 26/26
runner: ../src/knockout/src/version.js 2/2
runner.qunit: ../src/knockout/src/binding/editDetection/arrayToDomNodeChildren.js 6/87
runner.qunit: ../src/knockout/src/binding/editDetection/compareArrays.js 5/54
runner.qunit: ../src/knockout/src/subscribables/observableArray.js 7/67
runner.qunit: ../src/knockout/src/binding/expressionRewriting.js 14/118
runner.qunit: ../src/knockout/src/binding/defaultBindings.js 37/280
runner.qunit: ../src/knockout/src/templating/templating.js 18/122
runner.qunit: ../src/knockout/src/subscribables/mappingHelpers.js 9/51
runner.qunit: ../src/knockout/src/virtualElements.js 17/99
runner.qunit: ../src/knockout/src/binding/selectExtensions.js 6/33
runner.qunit: ../src/knockout/src/binding/bindingAttributeSyntax.js 22/107
runner.qunit: ../src/knockout/src/templating/templateRewriting.js 7/32
runner.qunit: ../src/knockout/src/utils.js 57/263
runner.qunit: ../src/knockout/src/utils.domManipulation.js 8/36
runner.qunit: ../src/knockout/src/memoization.js 11/47
runner.qunit: ../src/knockout/src/utils.domData.js 7/26
runner.qunit: ../src/knockout/src/templating/templateEngine.js 8/28
runner.qunit: ../src/knockout/src/utils.domNodeDisposal.js 16/55
runner.qunit: ../src/knockout/src/binding/bindingProvider.js 9/27
runner.qunit: ../src/knockout/src/templating/jquery.tmpl/jqueryTmplTemplateEngine.js 15/41
runner.qunit: ../src/knockout/src/templating/templateSources.js 14/37
runner.qunit: ../src/knockout/spec/lib/qunit/qunit.js 337/663
runner.qunit: ../src/knockout/src/templating/native/nativeTemplateEngine.js 7/12
runner.qunit: ../src/knockout/src/subscribables/dependentObservable.js 72/94
runner.qunit: ../src/knockout/src/subscribables/observable.js 34/43
runner.qunit: ../src/knockout/src/subscribables/subscribable.js 31/39
runner.qunit: ../src/knockout/src/subscribables/extenders.js 16/19
runner.qunit: ../src/knockout/src/subscribables/dependencyDetection.js 15/17
runner.qunit: ../src/knockout/build/knockout-raw.js 19/20
runner.qunit: ../src/knockout/build/fragments/source-references.js 1/1
runner.qunit: ../src/knockout/spec/asyncBehaviors.js 68/68
runner.qunit: ../src/knockout/src/google-closure-compiler-utils.js 8/8
runner.qunit: ../src/knockout/src/namespace.js 1/1
runner.qunit: ../src/knockout/src/version.js 2/2
