runner: ../src/Leaflet/src/layer/tile/TileLayer.js 2/172
runner: ../src/Leaflet/src/control/Control.Layers.js 2/79
runner: ../src/Leaflet/src/dom/transition/Transition.Timer.js 1/41
runner: ../src/Leaflet/src/layer/Popup.js 3/109
runner: ../src/Leaflet/src/layer/marker/Marker.js 2/88
runner: ../src/Leaflet/src/map/anim/Map.ZoomAnimation.js 2/74
runner: ../src/Leaflet/src/layer/vector/Polyline.Edit.js 3/93
runner: ../src/Leaflet/src/dom/DomEvent.DoubleTap.js 1/21
runner: ../src/Leaflet/src/geo/LatLngBounds.js 2/49
runner: ../src/Leaflet/src/layer/marker/Marker.Popup.js 1/21
runner: ../src/Leaflet/src/map/ext/Map.Geolocation.js 1/21
runner: ../src/Leaflet/src/control/Control.Scale.js 2/36
runner: ../src/Leaflet/src/layer/GeoJSON.js 3/53
runner: ../src/Leaflet/src/layer/ImageOverlay.js 2/36
runner: ../src/Leaflet/src/layer/LayerGroup.js 2/36
runner: ../src/Leaflet/src/layer/vector/Path.SVG.js 4/78
runner: ../src/Leaflet/src/layer/marker/Marker.Drag.js 1/15
runner: ../src/Leaflet/src/layer/vector/Circle.js 2/31
runner: ../src/Leaflet/src/layer/vector/Path.Popup.js 1/14
runner: ../src/Leaflet/src/layer/vector/Polygon.js 2/27
runner: ../src/Leaflet/src/layer/vector/canvas/Polyline.Canvas.js 1/13
runner: ../src/Leaflet/src/map/handler/Map.TouchZoom.js 3/39
runner: ../src/Leaflet/src/geo/projection/Projection.Mercator.js 1/12
runner: ../src/Leaflet/src/geometry/PolyUtil.js 2/23
runner: ../src/Leaflet/src/layer/FeatureGroup.js 2/23
runner: ../src/Leaflet/src/layer/marker/Icon.js 3/35
runner: ../src/Leaflet/src/layer/tile/TileLayer.Canvas.js 2/23
runner: ../src/Leaflet/src/layer/vector/canvas/Polygon.Canvas.js 1/12
runner: ../src/Leaflet/src/dom/Draggable.js 6/66
runner: ../src/Leaflet/src/layer/tile/TileLayer.WMS.js 2/22
runner: ../src/Leaflet/src/dom/transition/Transition.Native.js 6/45
runner: ../src/Leaflet/src/map/ext/Map.Popup.js 1/7
runner: ../src/Leaflet/src/layer/vector/Path.VML.js 9/58
runner: ../src/Leaflet/src/layer/vector/canvas/Circle.Canvas.js 1/6
runner: ../src/Leaflet/src/layer/marker/DivIcon.js 2/11
runner: ../src/Leaflet/src/map/anim/Map.PanAnimation.js 6/28
runner: ../src/Leaflet/src/map/handler/Map.ScrollWheelZoom.js 5/21
runner: ../src/Leaflet/src/layer/vector/CircleMarker.js 2/8
runner: ../src/Leaflet/src/map/handler/Map.BoxZoom.js 7/28
runner: ../src/Leaflet/src/layer/vector/Rectangle.js 2/7
runner: ../src/Leaflet/src/map/handler/Map.Drag.js 13/43
runner: ../src/Leaflet/src/dom/transition/Transition.js 2/6
runner: ../src/Leaflet/src/geo/projection/Projection.LonLat.js 1/3
runner: ../src/Leaflet/src/layer/vector/MultiPoly.js 7/20
runner: ../src/Leaflet/src/layer/vector/Polyline.js 32/77
runner: ../src/Leaflet/src/dom/DomUtil.js 31/70
runner: ../src/Leaflet/src/map/Map.js 109/247
runner: ../src/Leaflet/src/control/Control.js 11/24
runner: ../src/Leaflet/src/layer/vector/Path.js 11/24
runner: ../src/Leaflet/src/dom/DomEvent.js 37/75
runner: ../src/Leaflet/src/geo/crs/CRS.EPSG3857.js 2/4
runner: ../src/Leaflet/src/geometry/LineUtil.js 44/82
runner: ../src/Leaflet/src/control/Control.Attribution.js 22/40
runner: ../src/Leaflet/src/core/Util.js 35/62
runner: ../src/Leaflet/src/layer/marker/Icon.Default.js 9/16
runner: ../src/Leaflet/src/geo/crs/CRS.js 4/7
runner: ../src/Leaflet/src/geo/LatLng.js 17/28
runner: ../src/Leaflet/src/core/Handler.js 6/9
runner: ../src/Leaflet/src/geo/projection/Projection.SphericalMercator.js 4/6
runner: ../src/Leaflet/src/map/handler/Map.DoubleClickZoom.js 4/6
runner: ../src/Leaflet/src/geometry/Point.js 21/31
runner: ../src/Leaflet/src/layer/vector/canvas/Path.Canvas.js 59/78
runner: ../src/Leaflet/src/geometry/Bounds.js 27/34
runner: ../src/Leaflet/src/core/Browser.js 13/16
runner: ../src/Leaflet/src/map/ext/Map.Control.js 11/13
runner: ../src/Leaflet/debug/leaflet-include.js 15/17
runner: ../src/Leaflet/src/Leaflet.js 9/10
runner: ../src/Leaflet/src/control/Control.Zoom.js 16/17
runner: ../src/Leaflet/src/core/Class.js 27/27
runner: ../src/Leaflet/src/core/Events.js 39/39
runner: ../src/Leaflet/src/geo/crs/CRS.EPSG3395.js 3/3
runner: ../src/Leaflet/src/geo/crs/CRS.EPSG4326.js 1/1
runner: ../src/Leaflet/src/geo/projection/Projection.js 1/1
runner: ../src/Leaflet/src/geometry/Transformation.js 12/12
