test: ../src/lernanta/lernanta/static/js/libs/farbtastic/src/farbtastic.js 76/233
test: http:/ajax.googleapis.com/ajax/libs/jquery/1.4.2/jquery.min.js 81/139
test: script in file:/home/rahul/research/clone-unit-coverage/src/lernanta/lernanta/static/js/libs/farbtastic/demo/test.html from (-1, -1) to (-1, -1) 1/1
test: ../src/lernanta/lernanta/static/js/libs/farbtastic/src/farbtastic.js 76/233
test: http:/ajax.googleapis.com/ajax/libs/jquery/1.4.2/jquery.min.js 81/139
test: script in file:/home/rahul/research/clone-unit-coverage/src/lernanta/lernanta/static/js/libs/farbtastic/demo/test.html from (-1, -1) to (-1, -1) 1/1
html4+html5.jquery: ../src/lernanta/lernanta/static/js/libs/history.js/vendor/jquery.js 669/3335
html4+html5.jquery: ../src/lernanta/lernanta/static/js/libs/history.js/vendor/qunit/qunit/qunit.js 363/638
html4+html5.jquery: ../src/lernanta/lernanta/static/js/libs/history.js/scripts/bundled/html4+html5/jquery.history.js 1/1
test: ../src/lernanta/lernanta/static/js/libs/farbtastic/src/farbtastic.js 76/233
test: http:/ajax.googleapis.com/ajax/libs/jquery/1.4.2/jquery.min.js 81/139
test: script in file:/home/rahul/research/clone-unit-coverage/src/lernanta/lernanta/static/js/libs/farbtastic/demo/test.html from (-1, -1) to (-1, -1) 1/1
html4+html5.jquery: ../src/lernanta/lernanta/static/js/libs/history.js/vendor/jquery.js 669/3335
html4+html5.jquery: ../src/lernanta/lernanta/static/js/libs/history.js/vendor/qunit/qunit/qunit.js 363/638
html4+html5.jquery: ../src/lernanta/lernanta/static/js/libs/history.js/scripts/bundled/html4+html5/jquery.history.js 1/1
html4+html5.mootools: ../src/lernanta/lernanta/static/js/libs/history.js/vendor/mootools.js 647/2445
html4+html5.mootools: ../src/lernanta/lernanta/static/js/libs/history.js/vendor/qunit/qunit/qunit.js 365/638
html4+html5.mootools: ../src/lernanta/lernanta/static/js/libs/history.js/scripts/bundled/html4+html5/mootools.history.js 1/1
test: ../src/lernanta/lernanta/static/js/libs/farbtastic/src/farbtastic.js 76/233
test: http:/ajax.googleapis.com/ajax/libs/jquery/1.4.2/jquery.min.js 81/139
test: script in file:/home/rahul/research/clone-unit-coverage/src/lernanta/lernanta/static/js/libs/farbtastic/demo/test.html from (-1, -1) to (-1, -1) 1/1
html4+html5.jquery: ../src/lernanta/lernanta/static/js/libs/history.js/vendor/jquery.js 669/3335
html4+html5.jquery: ../src/lernanta/lernanta/static/js/libs/history.js/vendor/qunit/qunit/qunit.js 363/638
html4+html5.jquery: ../src/lernanta/lernanta/static/js/libs/history.js/scripts/bundled/html4+html5/jquery.history.js 1/1
html4+html5.mootools: ../src/lernanta/lernanta/static/js/libs/history.js/vendor/mootools.js 647/2445
html4+html5.mootools: ../src/lernanta/lernanta/static/js/libs/history.js/vendor/qunit/qunit/qunit.js 365/638
html4+html5.mootools: ../src/lernanta/lernanta/static/js/libs/history.js/scripts/bundled/html4+html5/mootools.history.js 1/1
html4+html5.native: ../src/lernanta/lernanta/static/js/libs/history.js/vendor/qunit/qunit/qunit.js 365/638
html4+html5.native: ../src/lernanta/lernanta/static/js/libs/history.js/scripts/bundled/html4+html5/native.history.js 1/1
test: ../src/lernanta/lernanta/static/js/libs/farbtastic/src/farbtastic.js 76/233
test: http:/ajax.googleapis.com/ajax/libs/jquery/1.4.2/jquery.min.js 81/139
test: script in file:/home/rahul/research/clone-unit-coverage/src/lernanta/lernanta/static/js/libs/farbtastic/demo/test.html from (-1, -1) to (-1, -1) 1/1
html4+html5.jquery: ../src/lernanta/lernanta/static/js/libs/history.js/vendor/jquery.js 669/3335
html4+html5.jquery: ../src/lernanta/lernanta/static/js/libs/history.js/vendor/qunit/qunit/qunit.js 363/638
html4+html5.jquery: ../src/lernanta/lernanta/static/js/libs/history.js/scripts/bundled/html4+html5/jquery.history.js 1/1
html4+html5.mootools: ../src/lernanta/lernanta/static/js/libs/history.js/vendor/mootools.js 647/2445
html4+html5.mootools: ../src/lernanta/lernanta/static/js/libs/history.js/vendor/qunit/qunit/qunit.js 365/638
html4+html5.mootools: ../src/lernanta/lernanta/static/js/libs/history.js/scripts/bundled/html4+html5/mootools.history.js 1/1
html4+html5.native: ../src/lernanta/lernanta/static/js/libs/history.js/vendor/qunit/qunit/qunit.js 365/638
html4+html5.native: ../src/lernanta/lernanta/static/js/libs/history.js/scripts/bundled/html4+html5/native.history.js 1/1
html4+html5.right: ../src/lernanta/lernanta/static/js/libs/history.js/vendor/right.js 344/1438
html4+html5.right: ../src/lernanta/lernanta/static/js/libs/history.js/vendor/qunit/qunit/qunit.js 361/638
html4+html5.right: ../src/lernanta/lernanta/static/js/libs/history.js/scripts/bundled/html4+html5/right.history.js 1/1
test: ../src/lernanta/lernanta/static/js/libs/farbtastic/src/farbtastic.js 76/233
test: http:/ajax.googleapis.com/ajax/libs/jquery/1.4.2/jquery.min.js 81/139
test: script in file:/home/rahul/research/clone-unit-coverage/src/lernanta/lernanta/static/js/libs/farbtastic/demo/test.html from (-1, -1) to (-1, -1) 1/1
html4+html5.jquery: ../src/lernanta/lernanta/static/js/libs/history.js/vendor/jquery.js 669/3335
html4+html5.jquery: ../src/lernanta/lernanta/static/js/libs/history.js/vendor/qunit/qunit/qunit.js 363/638
html4+html5.jquery: ../src/lernanta/lernanta/static/js/libs/history.js/scripts/bundled/html4+html5/jquery.history.js 1/1
html4+html5.mootools: ../src/lernanta/lernanta/static/js/libs/history.js/vendor/mootools.js 647/2445
html4+html5.mootools: ../src/lernanta/lernanta/static/js/libs/history.js/vendor/qunit/qunit/qunit.js 365/638
html4+html5.mootools: ../src/lernanta/lernanta/static/js/libs/history.js/scripts/bundled/html4+html5/mootools.history.js 1/1
html4+html5.native: ../src/lernanta/lernanta/static/js/libs/history.js/vendor/qunit/qunit/qunit.js 365/638
html4+html5.native: ../src/lernanta/lernanta/static/js/libs/history.js/scripts/bundled/html4+html5/native.history.js 1/1
html4+html5.right: ../src/lernanta/lernanta/static/js/libs/history.js/vendor/right.js 344/1438
html4+html5.right: ../src/lernanta/lernanta/static/js/libs/history.js/vendor/qunit/qunit/qunit.js 361/638
html4+html5.right: ../src/lernanta/lernanta/static/js/libs/history.js/scripts/bundled/html4+html5/right.history.js 1/1
html4+html5.zepto: ../src/lernanta/lernanta/static/js/libs/history.js/vendor/zepto.js 151/512
html4+html5.zepto: ../src/lernanta/lernanta/static/js/libs/history.js/vendor/qunit/qunit/qunit.js 361/638
html4+html5.zepto: ../src/lernanta/lernanta/static/js/libs/history.js/scripts/bundled/html4+html5/zepto.history.js 1/1
test: ../src/lernanta/lernanta/static/js/libs/farbtastic/src/farbtastic.js 76/233
test: http:/ajax.googleapis.com/ajax/libs/jquery/1.4.2/jquery.min.js 81/139
test: script in file:/home/rahul/research/clone-unit-coverage/src/lernanta/lernanta/static/js/libs/farbtastic/demo/test.html from (-1, -1) to (-1, -1) 1/1
html4+html5.jquery: ../src/lernanta/lernanta/static/js/libs/history.js/vendor/jquery.js 669/3335
html4+html5.jquery: ../src/lernanta/lernanta/static/js/libs/history.js/vendor/qunit/qunit/qunit.js 363/638
html4+html5.jquery: ../src/lernanta/lernanta/static/js/libs/history.js/scripts/bundled/html4+html5/jquery.history.js 1/1
html4+html5.mootools: ../src/lernanta/lernanta/static/js/libs/history.js/vendor/mootools.js 647/2445
html4+html5.mootools: ../src/lernanta/lernanta/static/js/libs/history.js/vendor/qunit/qunit/qunit.js 365/638
html4+html5.mootools: ../src/lernanta/lernanta/static/js/libs/history.js/scripts/bundled/html4+html5/mootools.history.js 1/1
html4+html5.native: ../src/lernanta/lernanta/static/js/libs/history.js/vendor/qunit/qunit/qunit.js 365/638
html4+html5.native: ../src/lernanta/lernanta/static/js/libs/history.js/scripts/bundled/html4+html5/native.history.js 1/1
html4+html5.right: ../src/lernanta/lernanta/static/js/libs/history.js/vendor/right.js 344/1438
html4+html5.right: ../src/lernanta/lernanta/static/js/libs/history.js/vendor/qunit/qunit/qunit.js 361/638
html4+html5.right: ../src/lernanta/lernanta/static/js/libs/history.js/scripts/bundled/html4+html5/right.history.js 1/1
html4+html5.zepto: ../src/lernanta/lernanta/static/js/libs/history.js/vendor/zepto.js 151/512
html4+html5.zepto: ../src/lernanta/lernanta/static/js/libs/history.js/vendor/qunit/qunit/qunit.js 361/638
html4+html5.zepto: ../src/lernanta/lernanta/static/js/libs/history.js/scripts/bundled/html4+html5/zepto.history.js 1/1
html5.jquery: ../src/lernanta/lernanta/static/js/libs/history.js/vendor/jquery.js 568/3335
html5.jquery: ../src/lernanta/lernanta/static/js/libs/history.js/vendor/qunit/qunit/qunit.js 133/638
html5.jquery: ../src/lernanta/lernanta/static/js/libs/history.js/scripts/bundled/html5/jquery.history.js 1/1
test: ../src/lernanta/lernanta/static/js/libs/farbtastic/src/farbtastic.js 76/233
test: http:/ajax.googleapis.com/ajax/libs/jquery/1.4.2/jquery.min.js 81/139
test: script in file:/home/rahul/research/clone-unit-coverage/src/lernanta/lernanta/static/js/libs/farbtastic/demo/test.html from (-1, -1) to (-1, -1) 1/1
html4+html5.jquery: ../src/lernanta/lernanta/static/js/libs/history.js/vendor/jquery.js 669/3335
html4+html5.jquery: ../src/lernanta/lernanta/static/js/libs/history.js/vendor/qunit/qunit/qunit.js 363/638
html4+html5.jquery: ../src/lernanta/lernanta/static/js/libs/history.js/scripts/bundled/html4+html5/jquery.history.js 1/1
html4+html5.mootools: ../src/lernanta/lernanta/static/js/libs/history.js/vendor/mootools.js 647/2445
html4+html5.mootools: ../src/lernanta/lernanta/static/js/libs/history.js/vendor/qunit/qunit/qunit.js 365/638
html4+html5.mootools: ../src/lernanta/lernanta/static/js/libs/history.js/scripts/bundled/html4+html5/mootools.history.js 1/1
html4+html5.native: ../src/lernanta/lernanta/static/js/libs/history.js/vendor/qunit/qunit/qunit.js 365/638
html4+html5.native: ../src/lernanta/lernanta/static/js/libs/history.js/scripts/bundled/html4+html5/native.history.js 1/1
html4+html5.right: ../src/lernanta/lernanta/static/js/libs/history.js/vendor/right.js 344/1438
html4+html5.right: ../src/lernanta/lernanta/static/js/libs/history.js/vendor/qunit/qunit/qunit.js 361/638
html4+html5.right: ../src/lernanta/lernanta/static/js/libs/history.js/scripts/bundled/html4+html5/right.history.js 1/1
html4+html5.zepto: ../src/lernanta/lernanta/static/js/libs/history.js/vendor/zepto.js 151/512
html4+html5.zepto: ../src/lernanta/lernanta/static/js/libs/history.js/vendor/qunit/qunit/qunit.js 361/638
html4+html5.zepto: ../src/lernanta/lernanta/static/js/libs/history.js/scripts/bundled/html4+html5/zepto.history.js 1/1
html5.jquery: ../src/lernanta/lernanta/static/js/libs/history.js/vendor/jquery.js 568/3335
html5.jquery: ../src/lernanta/lernanta/static/js/libs/history.js/vendor/qunit/qunit/qunit.js 133/638
html5.jquery: ../src/lernanta/lernanta/static/js/libs/history.js/scripts/bundled/html5/jquery.history.js 1/1
html5.mootools: ../src/lernanta/lernanta/static/js/libs/history.js/vendor/qunit/qunit/qunit.js 133/638
html5.mootools: ../src/lernanta/lernanta/static/js/libs/history.js/vendor/mootools.js 638/2445
html5.mootools: ../src/lernanta/lernanta/static/js/libs/history.js/scripts/bundled/html5/mootools.history.js 1/1
test: ../src/lernanta/lernanta/static/js/libs/farbtastic/src/farbtastic.js 76/233
test: http:/ajax.googleapis.com/ajax/libs/jquery/1.4.2/jquery.min.js 81/139
test: script in file:/home/rahul/research/clone-unit-coverage/src/lernanta/lernanta/static/js/libs/farbtastic/demo/test.html from (-1, -1) to (-1, -1) 1/1
html4+html5.jquery: ../src/lernanta/lernanta/static/js/libs/history.js/vendor/jquery.js 669/3335
html4+html5.jquery: ../src/lernanta/lernanta/static/js/libs/history.js/vendor/qunit/qunit/qunit.js 363/638
html4+html5.jquery: ../src/lernanta/lernanta/static/js/libs/history.js/scripts/bundled/html4+html5/jquery.history.js 1/1
html4+html5.mootools: ../src/lernanta/lernanta/static/js/libs/history.js/vendor/mootools.js 647/2445
html4+html5.mootools: ../src/lernanta/lernanta/static/js/libs/history.js/vendor/qunit/qunit/qunit.js 365/638
html4+html5.mootools: ../src/lernanta/lernanta/static/js/libs/history.js/scripts/bundled/html4+html5/mootools.history.js 1/1
html4+html5.native: ../src/lernanta/lernanta/static/js/libs/history.js/vendor/qunit/qunit/qunit.js 365/638
html4+html5.native: ../src/lernanta/lernanta/static/js/libs/history.js/scripts/bundled/html4+html5/native.history.js 1/1
html4+html5.right: ../src/lernanta/lernanta/static/js/libs/history.js/vendor/right.js 344/1438
html4+html5.right: ../src/lernanta/lernanta/static/js/libs/history.js/vendor/qunit/qunit/qunit.js 361/638
html4+html5.right: ../src/lernanta/lernanta/static/js/libs/history.js/scripts/bundled/html4+html5/right.history.js 1/1
html4+html5.zepto: ../src/lernanta/lernanta/static/js/libs/history.js/vendor/zepto.js 151/512
html4+html5.zepto: ../src/lernanta/lernanta/static/js/libs/history.js/vendor/qunit/qunit/qunit.js 361/638
html4+html5.zepto: ../src/lernanta/lernanta/static/js/libs/history.js/scripts/bundled/html4+html5/zepto.history.js 1/1
html5.jquery: ../src/lernanta/lernanta/static/js/libs/history.js/vendor/jquery.js 568/3335
html5.jquery: ../src/lernanta/lernanta/static/js/libs/history.js/vendor/qunit/qunit/qunit.js 133/638
html5.jquery: ../src/lernanta/lernanta/static/js/libs/history.js/scripts/bundled/html5/jquery.history.js 1/1
html5.mootools: ../src/lernanta/lernanta/static/js/libs/history.js/vendor/qunit/qunit/qunit.js 133/638
html5.mootools: ../src/lernanta/lernanta/static/js/libs/history.js/vendor/mootools.js 638/2445
html5.mootools: ../src/lernanta/lernanta/static/js/libs/history.js/scripts/bundled/html5/mootools.history.js 1/1
html5.native: ../src/lernanta/lernanta/static/js/libs/history.js/vendor/qunit/qunit/qunit.js 133/638
html5.native: ../src/lernanta/lernanta/static/js/libs/history.js/scripts/bundled/html5/native.history.js 1/1
test: ../src/lernanta/lernanta/static/js/libs/farbtastic/src/farbtastic.js 76/233
test: http:/ajax.googleapis.com/ajax/libs/jquery/1.4.2/jquery.min.js 81/139
test: script in file:/home/rahul/research/clone-unit-coverage/src/lernanta/lernanta/static/js/libs/farbtastic/demo/test.html from (-1, -1) to (-1, -1) 1/1
html4+html5.jquery: ../src/lernanta/lernanta/static/js/libs/history.js/vendor/jquery.js 669/3335
html4+html5.jquery: ../src/lernanta/lernanta/static/js/libs/history.js/vendor/qunit/qunit/qunit.js 363/638
html4+html5.jquery: ../src/lernanta/lernanta/static/js/libs/history.js/scripts/bundled/html4+html5/jquery.history.js 1/1
html4+html5.mootools: ../src/lernanta/lernanta/static/js/libs/history.js/vendor/mootools.js 647/2445
html4+html5.mootools: ../src/lernanta/lernanta/static/js/libs/history.js/vendor/qunit/qunit/qunit.js 365/638
html4+html5.mootools: ../src/lernanta/lernanta/static/js/libs/history.js/scripts/bundled/html4+html5/mootools.history.js 1/1
html4+html5.native: ../src/lernanta/lernanta/static/js/libs/history.js/vendor/qunit/qunit/qunit.js 365/638
html4+html5.native: ../src/lernanta/lernanta/static/js/libs/history.js/scripts/bundled/html4+html5/native.history.js 1/1
html4+html5.right: ../src/lernanta/lernanta/static/js/libs/history.js/vendor/right.js 344/1438
html4+html5.right: ../src/lernanta/lernanta/static/js/libs/history.js/vendor/qunit/qunit/qunit.js 361/638
html4+html5.right: ../src/lernanta/lernanta/static/js/libs/history.js/scripts/bundled/html4+html5/right.history.js 1/1
html4+html5.zepto: ../src/lernanta/lernanta/static/js/libs/history.js/vendor/zepto.js 151/512
html4+html5.zepto: ../src/lernanta/lernanta/static/js/libs/history.js/vendor/qunit/qunit/qunit.js 361/638
html4+html5.zepto: ../src/lernanta/lernanta/static/js/libs/history.js/scripts/bundled/html4+html5/zepto.history.js 1/1
html5.jquery: ../src/lernanta/lernanta/static/js/libs/history.js/vendor/jquery.js 568/3335
html5.jquery: ../src/lernanta/lernanta/static/js/libs/history.js/vendor/qunit/qunit/qunit.js 133/638
html5.jquery: ../src/lernanta/lernanta/static/js/libs/history.js/scripts/bundled/html5/jquery.history.js 1/1
html5.mootools: ../src/lernanta/lernanta/static/js/libs/history.js/vendor/qunit/qunit/qunit.js 133/638
html5.mootools: ../src/lernanta/lernanta/static/js/libs/history.js/vendor/mootools.js 638/2445
html5.mootools: ../src/lernanta/lernanta/static/js/libs/history.js/scripts/bundled/html5/mootools.history.js 1/1
html5.native: ../src/lernanta/lernanta/static/js/libs/history.js/vendor/qunit/qunit/qunit.js 133/638
html5.native: ../src/lernanta/lernanta/static/js/libs/history.js/scripts/bundled/html5/native.history.js 1/1
html5.right: ../src/lernanta/lernanta/static/js/libs/history.js/vendor/qunit/qunit/qunit.js 133/638
html5.right: ../src/lernanta/lernanta/static/js/libs/history.js/vendor/right.js 297/1438
html5.right: ../src/lernanta/lernanta/static/js/libs/history.js/scripts/bundled/html5/right.history.js 1/1
test: ../src/lernanta/lernanta/static/js/libs/farbtastic/src/farbtastic.js 76/233
test: http:/ajax.googleapis.com/ajax/libs/jquery/1.4.2/jquery.min.js 81/139
test: script in file:/home/rahul/research/clone-unit-coverage/src/lernanta/lernanta/static/js/libs/farbtastic/demo/test.html from (-1, -1) to (-1, -1) 1/1
html4+html5.jquery: ../src/lernanta/lernanta/static/js/libs/history.js/vendor/jquery.js 669/3335
html4+html5.jquery: ../src/lernanta/lernanta/static/js/libs/history.js/vendor/qunit/qunit/qunit.js 363/638
html4+html5.jquery: ../src/lernanta/lernanta/static/js/libs/history.js/scripts/bundled/html4+html5/jquery.history.js 1/1
html4+html5.mootools: ../src/lernanta/lernanta/static/js/libs/history.js/vendor/mootools.js 647/2445
html4+html5.mootools: ../src/lernanta/lernanta/static/js/libs/history.js/vendor/qunit/qunit/qunit.js 365/638
html4+html5.mootools: ../src/lernanta/lernanta/static/js/libs/history.js/scripts/bundled/html4+html5/mootools.history.js 1/1
html4+html5.native: ../src/lernanta/lernanta/static/js/libs/history.js/vendor/qunit/qunit/qunit.js 365/638
html4+html5.native: ../src/lernanta/lernanta/static/js/libs/history.js/scripts/bundled/html4+html5/native.history.js 1/1
html4+html5.right: ../src/lernanta/lernanta/static/js/libs/history.js/vendor/right.js 344/1438
html4+html5.right: ../src/lernanta/lernanta/static/js/libs/history.js/vendor/qunit/qunit/qunit.js 361/638
html4+html5.right: ../src/lernanta/lernanta/static/js/libs/history.js/scripts/bundled/html4+html5/right.history.js 1/1
html4+html5.zepto: ../src/lernanta/lernanta/static/js/libs/history.js/vendor/zepto.js 151/512
html4+html5.zepto: ../src/lernanta/lernanta/static/js/libs/history.js/vendor/qunit/qunit/qunit.js 361/638
html4+html5.zepto: ../src/lernanta/lernanta/static/js/libs/history.js/scripts/bundled/html4+html5/zepto.history.js 1/1
html5.jquery: ../src/lernanta/lernanta/static/js/libs/history.js/vendor/jquery.js 568/3335
html5.jquery: ../src/lernanta/lernanta/static/js/libs/history.js/vendor/qunit/qunit/qunit.js 133/638
html5.jquery: ../src/lernanta/lernanta/static/js/libs/history.js/scripts/bundled/html5/jquery.history.js 1/1
html5.mootools: ../src/lernanta/lernanta/static/js/libs/history.js/vendor/qunit/qunit/qunit.js 133/638
html5.mootools: ../src/lernanta/lernanta/static/js/libs/history.js/vendor/mootools.js 638/2445
html5.mootools: ../src/lernanta/lernanta/static/js/libs/history.js/scripts/bundled/html5/mootools.history.js 1/1
html5.native: ../src/lernanta/lernanta/static/js/libs/history.js/vendor/qunit/qunit/qunit.js 133/638
html5.native: ../src/lernanta/lernanta/static/js/libs/history.js/scripts/bundled/html5/native.history.js 1/1
html5.right: ../src/lernanta/lernanta/static/js/libs/history.js/vendor/qunit/qunit/qunit.js 133/638
html5.right: ../src/lernanta/lernanta/static/js/libs/history.js/vendor/right.js 297/1438
html5.right: ../src/lernanta/lernanta/static/js/libs/history.js/scripts/bundled/html5/right.history.js 1/1
html5.zepto: ../src/lernanta/lernanta/static/js/libs/history.js/vendor/qunit/qunit/qunit.js 133/638
html5.zepto: ../src/lernanta/lernanta/static/js/libs/history.js/vendor/zepto.js 144/512
html5.zepto: ../src/lernanta/lernanta/static/js/libs/history.js/scripts/bundled/html5/zepto.history.js 1/1
test: ../src/lernanta/lernanta/static/js/libs/farbtastic/src/farbtastic.js 76/233
test: http:/ajax.googleapis.com/ajax/libs/jquery/1.4.2/jquery.min.js 81/139
test: script in file:/home/rahul/research/clone-unit-coverage/src/lernanta/lernanta/static/js/libs/farbtastic/demo/test.html from (-1, -1) to (-1, -1) 1/1
html4+html5.jquery: ../src/lernanta/lernanta/static/js/libs/history.js/vendor/jquery.js 669/3335
html4+html5.jquery: ../src/lernanta/lernanta/static/js/libs/history.js/vendor/qunit/qunit/qunit.js 363/638
html4+html5.jquery: ../src/lernanta/lernanta/static/js/libs/history.js/scripts/bundled/html4+html5/jquery.history.js 1/1
html4+html5.mootools: ../src/lernanta/lernanta/static/js/libs/history.js/vendor/mootools.js 647/2445
html4+html5.mootools: ../src/lernanta/lernanta/static/js/libs/history.js/vendor/qunit/qunit/qunit.js 365/638
html4+html5.mootools: ../src/lernanta/lernanta/static/js/libs/history.js/scripts/bundled/html4+html5/mootools.history.js 1/1
html4+html5.native: ../src/lernanta/lernanta/static/js/libs/history.js/vendor/qunit/qunit/qunit.js 365/638
html4+html5.native: ../src/lernanta/lernanta/static/js/libs/history.js/scripts/bundled/html4+html5/native.history.js 1/1
html4+html5.right: ../src/lernanta/lernanta/static/js/libs/history.js/vendor/right.js 344/1438
html4+html5.right: ../src/lernanta/lernanta/static/js/libs/history.js/vendor/qunit/qunit/qunit.js 361/638
html4+html5.right: ../src/lernanta/lernanta/static/js/libs/history.js/scripts/bundled/html4+html5/right.history.js 1/1
html4+html5.zepto: ../src/lernanta/lernanta/static/js/libs/history.js/vendor/zepto.js 151/512
html4+html5.zepto: ../src/lernanta/lernanta/static/js/libs/history.js/vendor/qunit/qunit/qunit.js 361/638
html4+html5.zepto: ../src/lernanta/lernanta/static/js/libs/history.js/scripts/bundled/html4+html5/zepto.history.js 1/1
html5.jquery: ../src/lernanta/lernanta/static/js/libs/history.js/vendor/jquery.js 568/3335
html5.jquery: ../src/lernanta/lernanta/static/js/libs/history.js/vendor/qunit/qunit/qunit.js 133/638
html5.jquery: ../src/lernanta/lernanta/static/js/libs/history.js/scripts/bundled/html5/jquery.history.js 1/1
html5.mootools: ../src/lernanta/lernanta/static/js/libs/history.js/vendor/qunit/qunit/qunit.js 133/638
html5.mootools: ../src/lernanta/lernanta/static/js/libs/history.js/vendor/mootools.js 638/2445
html5.mootools: ../src/lernanta/lernanta/static/js/libs/history.js/scripts/bundled/html5/mootools.history.js 1/1
html5.native: ../src/lernanta/lernanta/static/js/libs/history.js/vendor/qunit/qunit/qunit.js 133/638
html5.native: ../src/lernanta/lernanta/static/js/libs/history.js/scripts/bundled/html5/native.history.js 1/1
html5.right: ../src/lernanta/lernanta/static/js/libs/history.js/vendor/qunit/qunit/qunit.js 133/638
html5.right: ../src/lernanta/lernanta/static/js/libs/history.js/vendor/right.js 297/1438
html5.right: ../src/lernanta/lernanta/static/js/libs/history.js/scripts/bundled/html5/right.history.js 1/1
html5.zepto: ../src/lernanta/lernanta/static/js/libs/history.js/vendor/qunit/qunit/qunit.js 133/638
html5.zepto: ../src/lernanta/lernanta/static/js/libs/history.js/vendor/zepto.js 144/512
html5.zepto: ../src/lernanta/lernanta/static/js/libs/history.js/scripts/bundled/html5/zepto.history.js 1/1
test: ../src/lernanta/lernanta/static/js/libs/farbtastic/src/farbtastic.js 76/233
test: http:/ajax.googleapis.com/ajax/libs/jquery/1.4.2/jquery.min.js 81/139
test: script in file:/home/rahul/research/clone-unit-coverage/src/lernanta/lernanta/static/js/libs/farbtastic/demo/test.html from (-1, -1) to (-1, -1) 1/1
html4+html5.jquery: ../src/lernanta/lernanta/static/js/libs/history.js/vendor/jquery.js 669/3335
html4+html5.jquery: ../src/lernanta/lernanta/static/js/libs/history.js/vendor/qunit/qunit/qunit.js 363/638
html4+html5.jquery: ../src/lernanta/lernanta/static/js/libs/history.js/scripts/bundled/html4+html5/jquery.history.js 1/1
html4+html5.mootools: ../src/lernanta/lernanta/static/js/libs/history.js/vendor/mootools.js 647/2445
html4+html5.mootools: ../src/lernanta/lernanta/static/js/libs/history.js/vendor/qunit/qunit/qunit.js 365/638
html4+html5.mootools: ../src/lernanta/lernanta/static/js/libs/history.js/scripts/bundled/html4+html5/mootools.history.js 1/1
html4+html5.native: ../src/lernanta/lernanta/static/js/libs/history.js/vendor/qunit/qunit/qunit.js 365/638
html4+html5.native: ../src/lernanta/lernanta/static/js/libs/history.js/scripts/bundled/html4+html5/native.history.js 1/1
html4+html5.right: ../src/lernanta/lernanta/static/js/libs/history.js/vendor/right.js 344/1438
html4+html5.right: ../src/lernanta/lernanta/static/js/libs/history.js/vendor/qunit/qunit/qunit.js 361/638
html4+html5.right: ../src/lernanta/lernanta/static/js/libs/history.js/scripts/bundled/html4+html5/right.history.js 1/1
html4+html5.zepto: ../src/lernanta/lernanta/static/js/libs/history.js/vendor/zepto.js 151/512
html4+html5.zepto: ../src/lernanta/lernanta/static/js/libs/history.js/vendor/qunit/qunit/qunit.js 361/638
html4+html5.zepto: ../src/lernanta/lernanta/static/js/libs/history.js/scripts/bundled/html4+html5/zepto.history.js 1/1
html5.jquery: ../src/lernanta/lernanta/static/js/libs/history.js/vendor/jquery.js 568/3335
html5.jquery: ../src/lernanta/lernanta/static/js/libs/history.js/vendor/qunit/qunit/qunit.js 133/638
html5.jquery: ../src/lernanta/lernanta/static/js/libs/history.js/scripts/bundled/html5/jquery.history.js 1/1
html5.mootools: ../src/lernanta/lernanta/static/js/libs/history.js/vendor/qunit/qunit/qunit.js 133/638
html5.mootools: ../src/lernanta/lernanta/static/js/libs/history.js/vendor/mootools.js 638/2445
html5.mootools: ../src/lernanta/lernanta/static/js/libs/history.js/scripts/bundled/html5/mootools.history.js 1/1
html5.native: ../src/lernanta/lernanta/static/js/libs/history.js/vendor/qunit/qunit/qunit.js 133/638
html5.native: ../src/lernanta/lernanta/static/js/libs/history.js/scripts/bundled/html5/native.history.js 1/1
html5.right: ../src/lernanta/lernanta/static/js/libs/history.js/vendor/qunit/qunit/qunit.js 133/638
html5.right: ../src/lernanta/lernanta/static/js/libs/history.js/vendor/right.js 297/1438
html5.right: ../src/lernanta/lernanta/static/js/libs/history.js/scripts/bundled/html5/right.history.js 1/1
html5.zepto: ../src/lernanta/lernanta/static/js/libs/history.js/vendor/qunit/qunit/qunit.js 133/638
html5.zepto: ../src/lernanta/lernanta/static/js/libs/history.js/vendor/zepto.js 144/512
html5.zepto: ../src/lernanta/lernanta/static/js/libs/history.js/scripts/bundled/html5/zepto.history.js 1/1
headless: ../src/lernanta/lernanta/static/js/libs/history.js/vendor/qunit/qunit/qunit.js 103/638
test: ../src/lernanta/lernanta/static/js/libs/farbtastic/src/farbtastic.js 76/233
test: http:/ajax.googleapis.com/ajax/libs/jquery/1.4.2/jquery.min.js 81/139
test: script in file:/home/rahul/research/clone-unit-coverage/src/lernanta/lernanta/static/js/libs/farbtastic/demo/test.html from (-1, -1) to (-1, -1) 1/1
html4+html5.jquery: ../src/lernanta/lernanta/static/js/libs/history.js/vendor/jquery.js 669/3335
html4+html5.jquery: ../src/lernanta/lernanta/static/js/libs/history.js/vendor/qunit/qunit/qunit.js 363/638
html4+html5.jquery: ../src/lernanta/lernanta/static/js/libs/history.js/scripts/bundled/html4+html5/jquery.history.js 1/1
html4+html5.mootools: ../src/lernanta/lernanta/static/js/libs/history.js/vendor/mootools.js 647/2445
html4+html5.mootools: ../src/lernanta/lernanta/static/js/libs/history.js/vendor/qunit/qunit/qunit.js 365/638
html4+html5.mootools: ../src/lernanta/lernanta/static/js/libs/history.js/scripts/bundled/html4+html5/mootools.history.js 1/1
html4+html5.native: ../src/lernanta/lernanta/static/js/libs/history.js/vendor/qunit/qunit/qunit.js 365/638
html4+html5.native: ../src/lernanta/lernanta/static/js/libs/history.js/scripts/bundled/html4+html5/native.history.js 1/1
html4+html5.right: ../src/lernanta/lernanta/static/js/libs/history.js/vendor/right.js 344/1438
html4+html5.right: ../src/lernanta/lernanta/static/js/libs/history.js/vendor/qunit/qunit/qunit.js 361/638
html4+html5.right: ../src/lernanta/lernanta/static/js/libs/history.js/scripts/bundled/html4+html5/right.history.js 1/1
html4+html5.zepto: ../src/lernanta/lernanta/static/js/libs/history.js/vendor/zepto.js 151/512
html4+html5.zepto: ../src/lernanta/lernanta/static/js/libs/history.js/vendor/qunit/qunit/qunit.js 361/638
html4+html5.zepto: ../src/lernanta/lernanta/static/js/libs/history.js/scripts/bundled/html4+html5/zepto.history.js 1/1
html5.jquery: ../src/lernanta/lernanta/static/js/libs/history.js/vendor/jquery.js 568/3335
html5.jquery: ../src/lernanta/lernanta/static/js/libs/history.js/vendor/qunit/qunit/qunit.js 133/638
html5.jquery: ../src/lernanta/lernanta/static/js/libs/history.js/scripts/bundled/html5/jquery.history.js 1/1
html5.mootools: ../src/lernanta/lernanta/static/js/libs/history.js/vendor/qunit/qunit/qunit.js 133/638
html5.mootools: ../src/lernanta/lernanta/static/js/libs/history.js/vendor/mootools.js 638/2445
html5.mootools: ../src/lernanta/lernanta/static/js/libs/history.js/scripts/bundled/html5/mootools.history.js 1/1
html5.native: ../src/lernanta/lernanta/static/js/libs/history.js/vendor/qunit/qunit/qunit.js 133/638
html5.native: ../src/lernanta/lernanta/static/js/libs/history.js/scripts/bundled/html5/native.history.js 1/1
html5.right: ../src/lernanta/lernanta/static/js/libs/history.js/vendor/qunit/qunit/qunit.js 133/638
html5.right: ../src/lernanta/lernanta/static/js/libs/history.js/vendor/right.js 297/1438
html5.right: ../src/lernanta/lernanta/static/js/libs/history.js/scripts/bundled/html5/right.history.js 1/1
html5.zepto: ../src/lernanta/lernanta/static/js/libs/history.js/vendor/qunit/qunit/qunit.js 133/638
html5.zepto: ../src/lernanta/lernanta/static/js/libs/history.js/vendor/zepto.js 144/512
html5.zepto: ../src/lernanta/lernanta/static/js/libs/history.js/scripts/bundled/html5/zepto.history.js 1/1
headless: ../src/lernanta/lernanta/static/js/libs/history.js/vendor/qunit/qunit/qunit.js 103/638
index: ../src/lernanta/lernanta/static/js/libs/history.js/vendor/qunit/qunit/qunit.js 453/638
test: ../src/lernanta/lernanta/static/js/libs/farbtastic/src/farbtastic.js 76/233
test: http:/ajax.googleapis.com/ajax/libs/jquery/1.4.2/jquery.min.js 81/139
test: script in file:/home/rahul/research/clone-unit-coverage/src/lernanta/lernanta/static/js/libs/farbtastic/demo/test.html from (-1, -1) to (-1, -1) 1/1
html4+html5.jquery: ../src/lernanta/lernanta/static/js/libs/history.js/vendor/jquery.js 669/3335
html4+html5.jquery: ../src/lernanta/lernanta/static/js/libs/history.js/vendor/qunit/qunit/qunit.js 363/638
html4+html5.jquery: ../src/lernanta/lernanta/static/js/libs/history.js/scripts/bundled/html4+html5/jquery.history.js 1/1
html4+html5.mootools: ../src/lernanta/lernanta/static/js/libs/history.js/vendor/mootools.js 647/2445
html4+html5.mootools: ../src/lernanta/lernanta/static/js/libs/history.js/vendor/qunit/qunit/qunit.js 365/638
html4+html5.mootools: ../src/lernanta/lernanta/static/js/libs/history.js/scripts/bundled/html4+html5/mootools.history.js 1/1
html4+html5.native: ../src/lernanta/lernanta/static/js/libs/history.js/vendor/qunit/qunit/qunit.js 365/638
html4+html5.native: ../src/lernanta/lernanta/static/js/libs/history.js/scripts/bundled/html4+html5/native.history.js 1/1
html4+html5.right: ../src/lernanta/lernanta/static/js/libs/history.js/vendor/right.js 344/1438
html4+html5.right: ../src/lernanta/lernanta/static/js/libs/history.js/vendor/qunit/qunit/qunit.js 361/638
html4+html5.right: ../src/lernanta/lernanta/static/js/libs/history.js/scripts/bundled/html4+html5/right.history.js 1/1
html4+html5.zepto: ../src/lernanta/lernanta/static/js/libs/history.js/vendor/zepto.js 151/512
html4+html5.zepto: ../src/lernanta/lernanta/static/js/libs/history.js/vendor/qunit/qunit/qunit.js 361/638
html4+html5.zepto: ../src/lernanta/lernanta/static/js/libs/history.js/scripts/bundled/html4+html5/zepto.history.js 1/1
html5.jquery: ../src/lernanta/lernanta/static/js/libs/history.js/vendor/jquery.js 568/3335
html5.jquery: ../src/lernanta/lernanta/static/js/libs/history.js/vendor/qunit/qunit/qunit.js 133/638
html5.jquery: ../src/lernanta/lernanta/static/js/libs/history.js/scripts/bundled/html5/jquery.history.js 1/1
html5.mootools: ../src/lernanta/lernanta/static/js/libs/history.js/vendor/qunit/qunit/qunit.js 133/638
html5.mootools: ../src/lernanta/lernanta/static/js/libs/history.js/vendor/mootools.js 638/2445
html5.mootools: ../src/lernanta/lernanta/static/js/libs/history.js/scripts/bundled/html5/mootools.history.js 1/1
html5.native: ../src/lernanta/lernanta/static/js/libs/history.js/vendor/qunit/qunit/qunit.js 133/638
html5.native: ../src/lernanta/lernanta/static/js/libs/history.js/scripts/bundled/html5/native.history.js 1/1
html5.right: ../src/lernanta/lernanta/static/js/libs/history.js/vendor/qunit/qunit/qunit.js 133/638
html5.right: ../src/lernanta/lernanta/static/js/libs/history.js/vendor/right.js 297/1438
html5.right: ../src/lernanta/lernanta/static/js/libs/history.js/scripts/bundled/html5/right.history.js 1/1
html5.zepto: ../src/lernanta/lernanta/static/js/libs/history.js/vendor/qunit/qunit/qunit.js 133/638
html5.zepto: ../src/lernanta/lernanta/static/js/libs/history.js/vendor/zepto.js 144/512
html5.zepto: ../src/lernanta/lernanta/static/js/libs/history.js/scripts/bundled/html5/zepto.history.js 1/1
headless: ../src/lernanta/lernanta/static/js/libs/history.js/vendor/qunit/qunit/qunit.js 103/638
index: ../src/lernanta/lernanta/static/js/libs/history.js/vendor/qunit/qunit/qunit.js 453/638
logs: ../src/lernanta/lernanta/static/js/libs/history.js/vendor/qunit/qunit/qunit.js 95/638
