amd_test: ../src/loadrunner/vendor/qunit/qunit.js 370/640
amd_test: ../src/loadrunner/src/loadrunner.js 231/381
amd_test: ../src/loadrunner/plugins/amd.js 55/59
amd_test: ../src/loadrunner/vendor/qunit/qunit.js 370/640
amd_test: ../src/loadrunner/src/loadrunner.js 231/381
amd_test: ../src/loadrunner/plugins/amd.js 55/59
commonjs_test: ../src/loadrunner/vendor/qunit/qunit.js 329/640
commonjs_test: ../src/loadrunner/src/loadrunner.js 201/381
commonjs_test: ../src/loadrunner/plugins/amd.js 48/59
commonjs_test: ../src/loadrunner/plugins/commonjs.js 29/30
amd_test: ../src/loadrunner/vendor/qunit/qunit.js 370/640
amd_test: ../src/loadrunner/src/loadrunner.js 231/381
amd_test: ../src/loadrunner/plugins/amd.js 55/59
commonjs_test: ../src/loadrunner/vendor/qunit/qunit.js 329/640
commonjs_test: ../src/loadrunner/src/loadrunner.js 201/381
commonjs_test: ../src/loadrunner/plugins/amd.js 48/59
commonjs_test: ../src/loadrunner/plugins/commonjs.js 29/30
deferred_test: ../src/loadrunner/vendor/qunit/qunit.js 268/640
deferred_test: ../src/loadrunner/src/loadrunner.js 206/381
deferred_test: ../src/loadrunner/plugins/defer.js 15/15
amd_test: ../src/loadrunner/vendor/qunit/qunit.js 370/640
amd_test: ../src/loadrunner/src/loadrunner.js 231/381
amd_test: ../src/loadrunner/plugins/amd.js 55/59
commonjs_test: ../src/loadrunner/vendor/qunit/qunit.js 329/640
commonjs_test: ../src/loadrunner/src/loadrunner.js 201/381
commonjs_test: ../src/loadrunner/plugins/amd.js 48/59
commonjs_test: ../src/loadrunner/plugins/commonjs.js 29/30
deferred_test: ../src/loadrunner/vendor/qunit/qunit.js 268/640
deferred_test: ../src/loadrunner/src/loadrunner.js 206/381
deferred_test: ../src/loadrunner/plugins/defer.js 15/15
amd_test: ../src/loadrunner/vendor/qunit/qunit.js 370/640
amd_test: ../src/loadrunner/src/loadrunner.js 231/381
amd_test: ../src/loadrunner/plugins/amd.js 55/59
commonjs_test: ../src/loadrunner/vendor/qunit/qunit.js 329/640
commonjs_test: ../src/loadrunner/src/loadrunner.js 201/381
commonjs_test: ../src/loadrunner/plugins/amd.js 48/59
commonjs_test: ../src/loadrunner/plugins/commonjs.js 29/30
deferred_test: ../src/loadrunner/vendor/qunit/qunit.js 268/640
deferred_test: ../src/loadrunner/src/loadrunner.js 206/381
deferred_test: ../src/loadrunner/plugins/defer.js 15/15
json_test: ../src/loadrunner/vendor/qunit/qunit.js 269/640
json_test: ../src/loadrunner/src/loadrunner.js 176/381
json_test: ../src/loadrunner/plugins/json.js 12/12
amd_test: ../src/loadrunner/vendor/qunit/qunit.js 370/640
amd_test: ../src/loadrunner/src/loadrunner.js 231/381
amd_test: ../src/loadrunner/plugins/amd.js 55/59
commonjs_test: ../src/loadrunner/vendor/qunit/qunit.js 329/640
commonjs_test: ../src/loadrunner/src/loadrunner.js 201/381
commonjs_test: ../src/loadrunner/plugins/amd.js 48/59
commonjs_test: ../src/loadrunner/plugins/commonjs.js 29/30
deferred_test: ../src/loadrunner/vendor/qunit/qunit.js 268/640
deferred_test: ../src/loadrunner/src/loadrunner.js 206/381
deferred_test: ../src/loadrunner/plugins/defer.js 15/15
json_test: ../src/loadrunner/vendor/qunit/qunit.js 269/640
json_test: ../src/loadrunner/src/loadrunner.js 176/381
json_test: ../src/loadrunner/plugins/json.js 12/12
test: ../src/loadrunner/vendor/qunit/qunit.js 355/640
test: ../src/loadrunner/src/loadrunner.js 331/381
