index-images: ../src/MathJax/MathJax.js 3/3
index-images: ../src/MathJax/extensions/MathMenu.js 1/1
index-images: ../src/MathJax/extensions/MathZoom.js 1/1
index-images: ../src/MathJax/extensions/v1.0-warning.js 1/1
index-images: ../src/MathJax/MathJax.js 3/3
index-images: ../src/MathJax/extensions/MathMenu.js 1/1
index-images: ../src/MathJax/extensions/MathZoom.js 1/1
index-images: ../src/MathJax/extensions/v1.0-warning.js 1/1
index: ../src/MathJax/MathJax.js 3/3
index: ../src/MathJax/extensions/MathMenu.js 1/1
index: ../src/MathJax/extensions/MathZoom.js 1/1
index: ../src/MathJax/extensions/v1.0-warning.js 1/1
index-images: ../src/MathJax/MathJax.js 3/3
index-images: ../src/MathJax/extensions/MathMenu.js 1/1
index-images: ../src/MathJax/extensions/MathZoom.js 1/1
index-images: ../src/MathJax/extensions/v1.0-warning.js 1/1
index: ../src/MathJax/MathJax.js 3/3
index: ../src/MathJax/extensions/MathMenu.js 1/1
index: ../src/MathJax/extensions/MathZoom.js 1/1
index: ../src/MathJax/extensions/v1.0-warning.js 1/1
sample-all-at-once: ../src/MathJax/MathJax.js?config=TeX-AMS_HTML-full 3/3
sample-all-at-once: ../src/MathJax/config/TeX-AMS_HTML-full.js 18/18
sample-all-at-once: ../src/MathJax/fonts/HTML-CSS/TeX/png/imagedata.js 1/1
sample-all-at-once: ../src/MathJax/jax/output/HTML-CSS/fonts/TeX/fontdata.js 1/1
sample-all-at-once: ../src/MathJax/jax/output/HTML-CSS/imageFonts.js 1/1
index-images: ../src/MathJax/MathJax.js 3/3
index-images: ../src/MathJax/extensions/MathMenu.js 1/1
index-images: ../src/MathJax/extensions/MathZoom.js 1/1
index-images: ../src/MathJax/extensions/v1.0-warning.js 1/1
index: ../src/MathJax/MathJax.js 3/3
index: ../src/MathJax/extensions/MathMenu.js 1/1
index: ../src/MathJax/extensions/MathZoom.js 1/1
index: ../src/MathJax/extensions/v1.0-warning.js 1/1
sample-all-at-once: ../src/MathJax/MathJax.js?config=TeX-AMS_HTML-full 3/3
sample-all-at-once: ../src/MathJax/config/TeX-AMS_HTML-full.js 18/18
sample-all-at-once: ../src/MathJax/fonts/HTML-CSS/TeX/png/imagedata.js 1/1
sample-all-at-once: ../src/MathJax/jax/output/HTML-CSS/fonts/TeX/fontdata.js 1/1
sample-all-at-once: ../src/MathJax/jax/output/HTML-CSS/imageFonts.js 1/1
sample-asciimath: ../src/MathJax/MathJax.js?config=AM_HTMLorMML-full 3/3
sample-asciimath: ../src/MathJax/config/AM_HTMLorMML-full.js 18/18
sample-asciimath: ../src/MathJax/fonts/HTML-CSS/TeX/png/imagedata.js 1/1
sample-asciimath: ../src/MathJax/jax/output/HTML-CSS/fonts/TeX/fontdata.js 1/1
sample-asciimath: ../src/MathJax/jax/output/HTML-CSS/imageFonts.js 1/1
index-images: ../src/MathJax/MathJax.js 3/3
index-images: ../src/MathJax/extensions/MathMenu.js 1/1
index-images: ../src/MathJax/extensions/MathZoom.js 1/1
index-images: ../src/MathJax/extensions/v1.0-warning.js 1/1
index: ../src/MathJax/MathJax.js 3/3
index: ../src/MathJax/extensions/MathMenu.js 1/1
index: ../src/MathJax/extensions/MathZoom.js 1/1
index: ../src/MathJax/extensions/v1.0-warning.js 1/1
sample-all-at-once: ../src/MathJax/MathJax.js?config=TeX-AMS_HTML-full 3/3
sample-all-at-once: ../src/MathJax/config/TeX-AMS_HTML-full.js 18/18
sample-all-at-once: ../src/MathJax/fonts/HTML-CSS/TeX/png/imagedata.js 1/1
sample-all-at-once: ../src/MathJax/jax/output/HTML-CSS/fonts/TeX/fontdata.js 1/1
sample-all-at-once: ../src/MathJax/jax/output/HTML-CSS/imageFonts.js 1/1
sample-asciimath: ../src/MathJax/MathJax.js?config=AM_HTMLorMML-full 3/3
sample-asciimath: ../src/MathJax/config/AM_HTMLorMML-full.js 18/18
sample-asciimath: ../src/MathJax/fonts/HTML-CSS/TeX/png/imagedata.js 1/1
sample-asciimath: ../src/MathJax/jax/output/HTML-CSS/fonts/TeX/fontdata.js 1/1
sample-asciimath: ../src/MathJax/jax/output/HTML-CSS/imageFonts.js 1/1
sample-autoload: ../src/MathJax/MathJax.js?config=TeX-AMS_HTML-full 3/3
sample-autoload: ../src/MathJax/config/TeX-AMS_HTML-full.js 18/18
sample-autoload: ../src/MathJax/fonts/HTML-CSS/TeX/png/imagedata.js 1/1
sample-autoload: ../src/MathJax/jax/output/HTML-CSS/fonts/TeX/fontdata.js 1/1
sample-autoload: ../src/MathJax/jax/output/HTML-CSS/imageFonts.js 1/1
index-images: ../src/MathJax/MathJax.js 3/3
index-images: ../src/MathJax/extensions/MathMenu.js 1/1
index-images: ../src/MathJax/extensions/MathZoom.js 1/1
index-images: ../src/MathJax/extensions/v1.0-warning.js 1/1
index: ../src/MathJax/MathJax.js 3/3
index: ../src/MathJax/extensions/MathMenu.js 1/1
index: ../src/MathJax/extensions/MathZoom.js 1/1
index: ../src/MathJax/extensions/v1.0-warning.js 1/1
sample-all-at-once: ../src/MathJax/MathJax.js?config=TeX-AMS_HTML-full 3/3
sample-all-at-once: ../src/MathJax/config/TeX-AMS_HTML-full.js 18/18
sample-all-at-once: ../src/MathJax/fonts/HTML-CSS/TeX/png/imagedata.js 1/1
sample-all-at-once: ../src/MathJax/jax/output/HTML-CSS/fonts/TeX/fontdata.js 1/1
sample-all-at-once: ../src/MathJax/jax/output/HTML-CSS/imageFonts.js 1/1
sample-asciimath: ../src/MathJax/MathJax.js?config=AM_HTMLorMML-full 3/3
sample-asciimath: ../src/MathJax/config/AM_HTMLorMML-full.js 18/18
sample-asciimath: ../src/MathJax/fonts/HTML-CSS/TeX/png/imagedata.js 1/1
sample-asciimath: ../src/MathJax/jax/output/HTML-CSS/fonts/TeX/fontdata.js 1/1
sample-asciimath: ../src/MathJax/jax/output/HTML-CSS/imageFonts.js 1/1
sample-autoload: ../src/MathJax/MathJax.js?config=TeX-AMS_HTML-full 3/3
sample-autoload: ../src/MathJax/config/TeX-AMS_HTML-full.js 18/18
sample-autoload: ../src/MathJax/fonts/HTML-CSS/TeX/png/imagedata.js 1/1
sample-autoload: ../src/MathJax/jax/output/HTML-CSS/fonts/TeX/fontdata.js 1/1
sample-autoload: ../src/MathJax/jax/output/HTML-CSS/imageFonts.js 1/1
sample-dynamic-2: ../src/MathJax/MathJax.js?config=TeX-AMS-MML_HTMLorMML 3/3
sample-dynamic-2: ../src/MathJax/config/TeX-AMS-MML_HTMLorMML.js 22/22
index-images: ../src/MathJax/MathJax.js 3/3
index-images: ../src/MathJax/extensions/MathMenu.js 1/1
index-images: ../src/MathJax/extensions/MathZoom.js 1/1
index-images: ../src/MathJax/extensions/v1.0-warning.js 1/1
index: ../src/MathJax/MathJax.js 3/3
index: ../src/MathJax/extensions/MathMenu.js 1/1
index: ../src/MathJax/extensions/MathZoom.js 1/1
index: ../src/MathJax/extensions/v1.0-warning.js 1/1
sample-all-at-once: ../src/MathJax/MathJax.js?config=TeX-AMS_HTML-full 3/3
sample-all-at-once: ../src/MathJax/config/TeX-AMS_HTML-full.js 18/18
sample-all-at-once: ../src/MathJax/fonts/HTML-CSS/TeX/png/imagedata.js 1/1
sample-all-at-once: ../src/MathJax/jax/output/HTML-CSS/fonts/TeX/fontdata.js 1/1
sample-all-at-once: ../src/MathJax/jax/output/HTML-CSS/imageFonts.js 1/1
sample-asciimath: ../src/MathJax/MathJax.js?config=AM_HTMLorMML-full 3/3
sample-asciimath: ../src/MathJax/config/AM_HTMLorMML-full.js 18/18
sample-asciimath: ../src/MathJax/fonts/HTML-CSS/TeX/png/imagedata.js 1/1
sample-asciimath: ../src/MathJax/jax/output/HTML-CSS/fonts/TeX/fontdata.js 1/1
sample-asciimath: ../src/MathJax/jax/output/HTML-CSS/imageFonts.js 1/1
sample-autoload: ../src/MathJax/MathJax.js?config=TeX-AMS_HTML-full 3/3
sample-autoload: ../src/MathJax/config/TeX-AMS_HTML-full.js 18/18
sample-autoload: ../src/MathJax/fonts/HTML-CSS/TeX/png/imagedata.js 1/1
sample-autoload: ../src/MathJax/jax/output/HTML-CSS/fonts/TeX/fontdata.js 1/1
sample-autoload: ../src/MathJax/jax/output/HTML-CSS/imageFonts.js 1/1
sample-dynamic-2: ../src/MathJax/MathJax.js?config=TeX-AMS-MML_HTMLorMML 3/3
sample-dynamic-2: ../src/MathJax/config/TeX-AMS-MML_HTMLorMML.js 22/22
sample-dynamic-steps: ../src/MathJax/MathJax.js?config=TeX-AMS_HTML-full 3/3
sample-dynamic-steps: ../src/MathJax/config/TeX-AMS_HTML-full.js 18/18
sample-dynamic-steps: ../src/MathJax/extensions/TeX/HTML.js 1/1
sample-dynamic-steps: ../src/MathJax/fonts/HTML-CSS/TeX/png/imagedata.js 1/1
sample-dynamic-steps: ../src/MathJax/jax/output/HTML-CSS/fonts/TeX/fontdata.js 1/1
sample-dynamic-steps: ../src/MathJax/jax/output/HTML-CSS/imageFonts.js 1/1
index-images: ../src/MathJax/MathJax.js 3/3
index-images: ../src/MathJax/extensions/MathMenu.js 1/1
index-images: ../src/MathJax/extensions/MathZoom.js 1/1
index-images: ../src/MathJax/extensions/v1.0-warning.js 1/1
index: ../src/MathJax/MathJax.js 3/3
index: ../src/MathJax/extensions/MathMenu.js 1/1
index: ../src/MathJax/extensions/MathZoom.js 1/1
index: ../src/MathJax/extensions/v1.0-warning.js 1/1
sample-all-at-once: ../src/MathJax/MathJax.js?config=TeX-AMS_HTML-full 3/3
sample-all-at-once: ../src/MathJax/config/TeX-AMS_HTML-full.js 18/18
sample-all-at-once: ../src/MathJax/fonts/HTML-CSS/TeX/png/imagedata.js 1/1
sample-all-at-once: ../src/MathJax/jax/output/HTML-CSS/fonts/TeX/fontdata.js 1/1
sample-all-at-once: ../src/MathJax/jax/output/HTML-CSS/imageFonts.js 1/1
sample-asciimath: ../src/MathJax/MathJax.js?config=AM_HTMLorMML-full 3/3
sample-asciimath: ../src/MathJax/config/AM_HTMLorMML-full.js 18/18
sample-asciimath: ../src/MathJax/fonts/HTML-CSS/TeX/png/imagedata.js 1/1
sample-asciimath: ../src/MathJax/jax/output/HTML-CSS/fonts/TeX/fontdata.js 1/1
sample-asciimath: ../src/MathJax/jax/output/HTML-CSS/imageFonts.js 1/1
sample-autoload: ../src/MathJax/MathJax.js?config=TeX-AMS_HTML-full 3/3
sample-autoload: ../src/MathJax/config/TeX-AMS_HTML-full.js 18/18
sample-autoload: ../src/MathJax/fonts/HTML-CSS/TeX/png/imagedata.js 1/1
sample-autoload: ../src/MathJax/jax/output/HTML-CSS/fonts/TeX/fontdata.js 1/1
sample-autoload: ../src/MathJax/jax/output/HTML-CSS/imageFonts.js 1/1
sample-dynamic-2: ../src/MathJax/MathJax.js?config=TeX-AMS-MML_HTMLorMML 3/3
sample-dynamic-2: ../src/MathJax/config/TeX-AMS-MML_HTMLorMML.js 22/22
sample-dynamic-steps: ../src/MathJax/MathJax.js?config=TeX-AMS_HTML-full 3/3
sample-dynamic-steps: ../src/MathJax/config/TeX-AMS_HTML-full.js 18/18
sample-dynamic-steps: ../src/MathJax/extensions/TeX/HTML.js 1/1
sample-dynamic-steps: ../src/MathJax/fonts/HTML-CSS/TeX/png/imagedata.js 1/1
sample-dynamic-steps: ../src/MathJax/jax/output/HTML-CSS/fonts/TeX/fontdata.js 1/1
sample-dynamic-steps: ../src/MathJax/jax/output/HTML-CSS/imageFonts.js 1/1
sample-dynamic: ../src/MathJax/MathJax.js?config=TeX-AMS-MML_HTMLorMML 3/3
sample-dynamic: ../src/MathJax/config/TeX-AMS-MML_HTMLorMML.js 22/22
sample-dynamic: ../src/MathJax/fonts/HTML-CSS/TeX/png/imagedata.js 1/1
sample-dynamic: ../src/MathJax/jax/output/HTML-CSS/fonts/TeX/fontdata.js 1/1
sample-dynamic: ../src/MathJax/jax/output/HTML-CSS/imageFonts.js 1/1
sample-dynamic: ../src/MathJax/jax/output/HTML-CSS/jax.js 1/1
index-images: ../src/MathJax/MathJax.js 3/3
index-images: ../src/MathJax/extensions/MathMenu.js 1/1
index-images: ../src/MathJax/extensions/MathZoom.js 1/1
index-images: ../src/MathJax/extensions/v1.0-warning.js 1/1
index: ../src/MathJax/MathJax.js 3/3
index: ../src/MathJax/extensions/MathMenu.js 1/1
index: ../src/MathJax/extensions/MathZoom.js 1/1
index: ../src/MathJax/extensions/v1.0-warning.js 1/1
sample-all-at-once: ../src/MathJax/MathJax.js?config=TeX-AMS_HTML-full 3/3
sample-all-at-once: ../src/MathJax/config/TeX-AMS_HTML-full.js 18/18
sample-all-at-once: ../src/MathJax/fonts/HTML-CSS/TeX/png/imagedata.js 1/1
sample-all-at-once: ../src/MathJax/jax/output/HTML-CSS/fonts/TeX/fontdata.js 1/1
sample-all-at-once: ../src/MathJax/jax/output/HTML-CSS/imageFonts.js 1/1
sample-asciimath: ../src/MathJax/MathJax.js?config=AM_HTMLorMML-full 3/3
sample-asciimath: ../src/MathJax/config/AM_HTMLorMML-full.js 18/18
sample-asciimath: ../src/MathJax/fonts/HTML-CSS/TeX/png/imagedata.js 1/1
sample-asciimath: ../src/MathJax/jax/output/HTML-CSS/fonts/TeX/fontdata.js 1/1
sample-asciimath: ../src/MathJax/jax/output/HTML-CSS/imageFonts.js 1/1
sample-autoload: ../src/MathJax/MathJax.js?config=TeX-AMS_HTML-full 3/3
sample-autoload: ../src/MathJax/config/TeX-AMS_HTML-full.js 18/18
sample-autoload: ../src/MathJax/fonts/HTML-CSS/TeX/png/imagedata.js 1/1
sample-autoload: ../src/MathJax/jax/output/HTML-CSS/fonts/TeX/fontdata.js 1/1
sample-autoload: ../src/MathJax/jax/output/HTML-CSS/imageFonts.js 1/1
sample-dynamic-2: ../src/MathJax/MathJax.js?config=TeX-AMS-MML_HTMLorMML 3/3
sample-dynamic-2: ../src/MathJax/config/TeX-AMS-MML_HTMLorMML.js 22/22
sample-dynamic-steps: ../src/MathJax/MathJax.js?config=TeX-AMS_HTML-full 3/3
sample-dynamic-steps: ../src/MathJax/config/TeX-AMS_HTML-full.js 18/18
sample-dynamic-steps: ../src/MathJax/extensions/TeX/HTML.js 1/1
sample-dynamic-steps: ../src/MathJax/fonts/HTML-CSS/TeX/png/imagedata.js 1/1
sample-dynamic-steps: ../src/MathJax/jax/output/HTML-CSS/fonts/TeX/fontdata.js 1/1
sample-dynamic-steps: ../src/MathJax/jax/output/HTML-CSS/imageFonts.js 1/1
sample-dynamic: ../src/MathJax/MathJax.js?config=TeX-AMS-MML_HTMLorMML 3/3
sample-dynamic: ../src/MathJax/config/TeX-AMS-MML_HTMLorMML.js 22/22
sample-dynamic: ../src/MathJax/fonts/HTML-CSS/TeX/png/imagedata.js 1/1
sample-dynamic: ../src/MathJax/jax/output/HTML-CSS/fonts/TeX/fontdata.js 1/1
sample-dynamic: ../src/MathJax/jax/output/HTML-CSS/imageFonts.js 1/1
sample-dynamic: ../src/MathJax/jax/output/HTML-CSS/jax.js 1/1
sample-eqnum: ../src/MathJax/MathJax.js?config=TeX-AMS_HTML 3/3
sample-eqnum: ../src/MathJax/config/TeX-AMS_HTML.js 16/16
sample-eqnum: ../src/MathJax/fonts/HTML-CSS/TeX/png/imagedata.js 1/1
sample-eqnum: ../src/MathJax/jax/output/HTML-CSS/autoload/mtable.js 1/1
sample-eqnum: ../src/MathJax/jax/output/HTML-CSS/fonts/TeX/fontdata.js 1/1
sample-eqnum: ../src/MathJax/jax/output/HTML-CSS/imageFonts.js 1/1
sample-eqnum: ../src/MathJax/jax/output/HTML-CSS/jax.js 1/1
index-images: ../src/MathJax/MathJax.js 3/3
index-images: ../src/MathJax/extensions/MathMenu.js 1/1
index-images: ../src/MathJax/extensions/MathZoom.js 1/1
index-images: ../src/MathJax/extensions/v1.0-warning.js 1/1
index: ../src/MathJax/MathJax.js 3/3
index: ../src/MathJax/extensions/MathMenu.js 1/1
index: ../src/MathJax/extensions/MathZoom.js 1/1
index: ../src/MathJax/extensions/v1.0-warning.js 1/1
sample-all-at-once: ../src/MathJax/MathJax.js?config=TeX-AMS_HTML-full 3/3
sample-all-at-once: ../src/MathJax/config/TeX-AMS_HTML-full.js 18/18
sample-all-at-once: ../src/MathJax/fonts/HTML-CSS/TeX/png/imagedata.js 1/1
sample-all-at-once: ../src/MathJax/jax/output/HTML-CSS/fonts/TeX/fontdata.js 1/1
sample-all-at-once: ../src/MathJax/jax/output/HTML-CSS/imageFonts.js 1/1
sample-asciimath: ../src/MathJax/MathJax.js?config=AM_HTMLorMML-full 3/3
sample-asciimath: ../src/MathJax/config/AM_HTMLorMML-full.js 18/18
sample-asciimath: ../src/MathJax/fonts/HTML-CSS/TeX/png/imagedata.js 1/1
sample-asciimath: ../src/MathJax/jax/output/HTML-CSS/fonts/TeX/fontdata.js 1/1
sample-asciimath: ../src/MathJax/jax/output/HTML-CSS/imageFonts.js 1/1
sample-autoload: ../src/MathJax/MathJax.js?config=TeX-AMS_HTML-full 3/3
sample-autoload: ../src/MathJax/config/TeX-AMS_HTML-full.js 18/18
sample-autoload: ../src/MathJax/fonts/HTML-CSS/TeX/png/imagedata.js 1/1
sample-autoload: ../src/MathJax/jax/output/HTML-CSS/fonts/TeX/fontdata.js 1/1
sample-autoload: ../src/MathJax/jax/output/HTML-CSS/imageFonts.js 1/1
sample-dynamic-2: ../src/MathJax/MathJax.js?config=TeX-AMS-MML_HTMLorMML 3/3
sample-dynamic-2: ../src/MathJax/config/TeX-AMS-MML_HTMLorMML.js 22/22
sample-dynamic-steps: ../src/MathJax/MathJax.js?config=TeX-AMS_HTML-full 3/3
sample-dynamic-steps: ../src/MathJax/config/TeX-AMS_HTML-full.js 18/18
sample-dynamic-steps: ../src/MathJax/extensions/TeX/HTML.js 1/1
sample-dynamic-steps: ../src/MathJax/fonts/HTML-CSS/TeX/png/imagedata.js 1/1
sample-dynamic-steps: ../src/MathJax/jax/output/HTML-CSS/fonts/TeX/fontdata.js 1/1
sample-dynamic-steps: ../src/MathJax/jax/output/HTML-CSS/imageFonts.js 1/1
sample-dynamic: ../src/MathJax/MathJax.js?config=TeX-AMS-MML_HTMLorMML 3/3
sample-dynamic: ../src/MathJax/config/TeX-AMS-MML_HTMLorMML.js 22/22
sample-dynamic: ../src/MathJax/fonts/HTML-CSS/TeX/png/imagedata.js 1/1
sample-dynamic: ../src/MathJax/jax/output/HTML-CSS/fonts/TeX/fontdata.js 1/1
sample-dynamic: ../src/MathJax/jax/output/HTML-CSS/imageFonts.js 1/1
sample-dynamic: ../src/MathJax/jax/output/HTML-CSS/jax.js 1/1
sample-eqnum: ../src/MathJax/MathJax.js?config=TeX-AMS_HTML 3/3
sample-eqnum: ../src/MathJax/config/TeX-AMS_HTML.js 16/16
sample-eqnum: ../src/MathJax/fonts/HTML-CSS/TeX/png/imagedata.js 1/1
sample-eqnum: ../src/MathJax/jax/output/HTML-CSS/autoload/mtable.js 1/1
sample-eqnum: ../src/MathJax/jax/output/HTML-CSS/fonts/TeX/fontdata.js 1/1
sample-eqnum: ../src/MathJax/jax/output/HTML-CSS/imageFonts.js 1/1
sample-eqnum: ../src/MathJax/jax/output/HTML-CSS/jax.js 1/1
sample-eqrefs: ../src/MathJax/MathJax.js?config=TeX-AMS_HTML 3/3
sample-eqrefs: ../src/MathJax/config/TeX-AMS_HTML.js 16/16
sample-eqrefs: ../src/MathJax/fonts/HTML-CSS/TeX/png/imagedata.js 1/1
sample-eqrefs: ../src/MathJax/jax/output/HTML-CSS/autoload/mtable.js 1/1
sample-eqrefs: ../src/MathJax/jax/output/HTML-CSS/fonts/TeX/fontdata.js 1/1
sample-eqrefs: ../src/MathJax/jax/output/HTML-CSS/imageFonts.js 1/1
sample-eqrefs: ../src/MathJax/jax/output/HTML-CSS/jax.js 1/1
index-images: ../src/MathJax/MathJax.js 3/3
index-images: ../src/MathJax/extensions/MathMenu.js 1/1
index-images: ../src/MathJax/extensions/MathZoom.js 1/1
index-images: ../src/MathJax/extensions/v1.0-warning.js 1/1
index: ../src/MathJax/MathJax.js 3/3
index: ../src/MathJax/extensions/MathMenu.js 1/1
index: ../src/MathJax/extensions/MathZoom.js 1/1
index: ../src/MathJax/extensions/v1.0-warning.js 1/1
sample-all-at-once: ../src/MathJax/MathJax.js?config=TeX-AMS_HTML-full 3/3
sample-all-at-once: ../src/MathJax/config/TeX-AMS_HTML-full.js 18/18
sample-all-at-once: ../src/MathJax/fonts/HTML-CSS/TeX/png/imagedata.js 1/1
sample-all-at-once: ../src/MathJax/jax/output/HTML-CSS/fonts/TeX/fontdata.js 1/1
sample-all-at-once: ../src/MathJax/jax/output/HTML-CSS/imageFonts.js 1/1
sample-asciimath: ../src/MathJax/MathJax.js?config=AM_HTMLorMML-full 3/3
sample-asciimath: ../src/MathJax/config/AM_HTMLorMML-full.js 18/18
sample-asciimath: ../src/MathJax/fonts/HTML-CSS/TeX/png/imagedata.js 1/1
sample-asciimath: ../src/MathJax/jax/output/HTML-CSS/fonts/TeX/fontdata.js 1/1
sample-asciimath: ../src/MathJax/jax/output/HTML-CSS/imageFonts.js 1/1
sample-autoload: ../src/MathJax/MathJax.js?config=TeX-AMS_HTML-full 3/3
sample-autoload: ../src/MathJax/config/TeX-AMS_HTML-full.js 18/18
sample-autoload: ../src/MathJax/fonts/HTML-CSS/TeX/png/imagedata.js 1/1
sample-autoload: ../src/MathJax/jax/output/HTML-CSS/fonts/TeX/fontdata.js 1/1
sample-autoload: ../src/MathJax/jax/output/HTML-CSS/imageFonts.js 1/1
sample-dynamic-2: ../src/MathJax/MathJax.js?config=TeX-AMS-MML_HTMLorMML 3/3
sample-dynamic-2: ../src/MathJax/config/TeX-AMS-MML_HTMLorMML.js 22/22
sample-dynamic-steps: ../src/MathJax/MathJax.js?config=TeX-AMS_HTML-full 3/3
sample-dynamic-steps: ../src/MathJax/config/TeX-AMS_HTML-full.js 18/18
sample-dynamic-steps: ../src/MathJax/extensions/TeX/HTML.js 1/1
sample-dynamic-steps: ../src/MathJax/fonts/HTML-CSS/TeX/png/imagedata.js 1/1
sample-dynamic-steps: ../src/MathJax/jax/output/HTML-CSS/fonts/TeX/fontdata.js 1/1
sample-dynamic-steps: ../src/MathJax/jax/output/HTML-CSS/imageFonts.js 1/1
sample-dynamic: ../src/MathJax/MathJax.js?config=TeX-AMS-MML_HTMLorMML 3/3
sample-dynamic: ../src/MathJax/config/TeX-AMS-MML_HTMLorMML.js 22/22
sample-dynamic: ../src/MathJax/fonts/HTML-CSS/TeX/png/imagedata.js 1/1
sample-dynamic: ../src/MathJax/jax/output/HTML-CSS/fonts/TeX/fontdata.js 1/1
sample-dynamic: ../src/MathJax/jax/output/HTML-CSS/imageFonts.js 1/1
sample-dynamic: ../src/MathJax/jax/output/HTML-CSS/jax.js 1/1
sample-eqnum: ../src/MathJax/MathJax.js?config=TeX-AMS_HTML 3/3
sample-eqnum: ../src/MathJax/config/TeX-AMS_HTML.js 16/16
sample-eqnum: ../src/MathJax/fonts/HTML-CSS/TeX/png/imagedata.js 1/1
sample-eqnum: ../src/MathJax/jax/output/HTML-CSS/autoload/mtable.js 1/1
sample-eqnum: ../src/MathJax/jax/output/HTML-CSS/fonts/TeX/fontdata.js 1/1
sample-eqnum: ../src/MathJax/jax/output/HTML-CSS/imageFonts.js 1/1
sample-eqnum: ../src/MathJax/jax/output/HTML-CSS/jax.js 1/1
sample-eqrefs: ../src/MathJax/MathJax.js?config=TeX-AMS_HTML 3/3
sample-eqrefs: ../src/MathJax/config/TeX-AMS_HTML.js 16/16
sample-eqrefs: ../src/MathJax/fonts/HTML-CSS/TeX/png/imagedata.js 1/1
sample-eqrefs: ../src/MathJax/jax/output/HTML-CSS/autoload/mtable.js 1/1
sample-eqrefs: ../src/MathJax/jax/output/HTML-CSS/fonts/TeX/fontdata.js 1/1
sample-eqrefs: ../src/MathJax/jax/output/HTML-CSS/imageFonts.js 1/1
sample-eqrefs: ../src/MathJax/jax/output/HTML-CSS/jax.js 1/1
sample-loader-config: ../src/MathJax/MathJax.js?config=TeX-AMS-MML_HTMLorMML 3/3
sample-loader-config: ../src/MathJax/config/TeX-AMS-MML_HTMLorMML.js 22/22
index-images: ../src/MathJax/MathJax.js 3/3
index-images: ../src/MathJax/extensions/MathMenu.js 1/1
index-images: ../src/MathJax/extensions/MathZoom.js 1/1
index-images: ../src/MathJax/extensions/v1.0-warning.js 1/1
index: ../src/MathJax/MathJax.js 3/3
index: ../src/MathJax/extensions/MathMenu.js 1/1
index: ../src/MathJax/extensions/MathZoom.js 1/1
index: ../src/MathJax/extensions/v1.0-warning.js 1/1
sample-all-at-once: ../src/MathJax/MathJax.js?config=TeX-AMS_HTML-full 3/3
sample-all-at-once: ../src/MathJax/config/TeX-AMS_HTML-full.js 18/18
sample-all-at-once: ../src/MathJax/fonts/HTML-CSS/TeX/png/imagedata.js 1/1
sample-all-at-once: ../src/MathJax/jax/output/HTML-CSS/fonts/TeX/fontdata.js 1/1
sample-all-at-once: ../src/MathJax/jax/output/HTML-CSS/imageFonts.js 1/1
sample-asciimath: ../src/MathJax/MathJax.js?config=AM_HTMLorMML-full 3/3
sample-asciimath: ../src/MathJax/config/AM_HTMLorMML-full.js 18/18
sample-asciimath: ../src/MathJax/fonts/HTML-CSS/TeX/png/imagedata.js 1/1
sample-asciimath: ../src/MathJax/jax/output/HTML-CSS/fonts/TeX/fontdata.js 1/1
sample-asciimath: ../src/MathJax/jax/output/HTML-CSS/imageFonts.js 1/1
sample-autoload: ../src/MathJax/MathJax.js?config=TeX-AMS_HTML-full 3/3
sample-autoload: ../src/MathJax/config/TeX-AMS_HTML-full.js 18/18
sample-autoload: ../src/MathJax/fonts/HTML-CSS/TeX/png/imagedata.js 1/1
sample-autoload: ../src/MathJax/jax/output/HTML-CSS/fonts/TeX/fontdata.js 1/1
sample-autoload: ../src/MathJax/jax/output/HTML-CSS/imageFonts.js 1/1
sample-dynamic-2: ../src/MathJax/MathJax.js?config=TeX-AMS-MML_HTMLorMML 3/3
sample-dynamic-2: ../src/MathJax/config/TeX-AMS-MML_HTMLorMML.js 22/22
sample-dynamic-steps: ../src/MathJax/MathJax.js?config=TeX-AMS_HTML-full 3/3
sample-dynamic-steps: ../src/MathJax/config/TeX-AMS_HTML-full.js 18/18
sample-dynamic-steps: ../src/MathJax/extensions/TeX/HTML.js 1/1
sample-dynamic-steps: ../src/MathJax/fonts/HTML-CSS/TeX/png/imagedata.js 1/1
sample-dynamic-steps: ../src/MathJax/jax/output/HTML-CSS/fonts/TeX/fontdata.js 1/1
sample-dynamic-steps: ../src/MathJax/jax/output/HTML-CSS/imageFonts.js 1/1
sample-dynamic: ../src/MathJax/MathJax.js?config=TeX-AMS-MML_HTMLorMML 3/3
sample-dynamic: ../src/MathJax/config/TeX-AMS-MML_HTMLorMML.js 22/22
sample-dynamic: ../src/MathJax/fonts/HTML-CSS/TeX/png/imagedata.js 1/1
sample-dynamic: ../src/MathJax/jax/output/HTML-CSS/fonts/TeX/fontdata.js 1/1
sample-dynamic: ../src/MathJax/jax/output/HTML-CSS/imageFonts.js 1/1
sample-dynamic: ../src/MathJax/jax/output/HTML-CSS/jax.js 1/1
sample-eqnum: ../src/MathJax/MathJax.js?config=TeX-AMS_HTML 3/3
sample-eqnum: ../src/MathJax/config/TeX-AMS_HTML.js 16/16
sample-eqnum: ../src/MathJax/fonts/HTML-CSS/TeX/png/imagedata.js 1/1
sample-eqnum: ../src/MathJax/jax/output/HTML-CSS/autoload/mtable.js 1/1
sample-eqnum: ../src/MathJax/jax/output/HTML-CSS/fonts/TeX/fontdata.js 1/1
sample-eqnum: ../src/MathJax/jax/output/HTML-CSS/imageFonts.js 1/1
sample-eqnum: ../src/MathJax/jax/output/HTML-CSS/jax.js 1/1
sample-eqrefs: ../src/MathJax/MathJax.js?config=TeX-AMS_HTML 3/3
sample-eqrefs: ../src/MathJax/config/TeX-AMS_HTML.js 16/16
sample-eqrefs: ../src/MathJax/fonts/HTML-CSS/TeX/png/imagedata.js 1/1
sample-eqrefs: ../src/MathJax/jax/output/HTML-CSS/autoload/mtable.js 1/1
sample-eqrefs: ../src/MathJax/jax/output/HTML-CSS/fonts/TeX/fontdata.js 1/1
sample-eqrefs: ../src/MathJax/jax/output/HTML-CSS/imageFonts.js 1/1
sample-eqrefs: ../src/MathJax/jax/output/HTML-CSS/jax.js 1/1
sample-loader-config: ../src/MathJax/MathJax.js?config=TeX-AMS-MML_HTMLorMML 3/3
sample-loader-config: ../src/MathJax/config/TeX-AMS-MML_HTMLorMML.js 22/22
sample-loader: ../src/MathJax/MathJax.js?config=TeX-AMS-MML_HTMLorMML 3/3
sample-loader: ../src/MathJax/config/TeX-AMS-MML_HTMLorMML.js 22/22
index-images: ../src/MathJax/MathJax.js 3/3
index-images: ../src/MathJax/extensions/MathMenu.js 1/1
index-images: ../src/MathJax/extensions/MathZoom.js 1/1
index-images: ../src/MathJax/extensions/v1.0-warning.js 1/1
index: ../src/MathJax/MathJax.js 3/3
index: ../src/MathJax/extensions/MathMenu.js 1/1
index: ../src/MathJax/extensions/MathZoom.js 1/1
index: ../src/MathJax/extensions/v1.0-warning.js 1/1
sample-all-at-once: ../src/MathJax/MathJax.js?config=TeX-AMS_HTML-full 3/3
sample-all-at-once: ../src/MathJax/config/TeX-AMS_HTML-full.js 18/18
sample-all-at-once: ../src/MathJax/fonts/HTML-CSS/TeX/png/imagedata.js 1/1
sample-all-at-once: ../src/MathJax/jax/output/HTML-CSS/fonts/TeX/fontdata.js 1/1
sample-all-at-once: ../src/MathJax/jax/output/HTML-CSS/imageFonts.js 1/1
sample-asciimath: ../src/MathJax/MathJax.js?config=AM_HTMLorMML-full 3/3
sample-asciimath: ../src/MathJax/config/AM_HTMLorMML-full.js 18/18
sample-asciimath: ../src/MathJax/fonts/HTML-CSS/TeX/png/imagedata.js 1/1
sample-asciimath: ../src/MathJax/jax/output/HTML-CSS/fonts/TeX/fontdata.js 1/1
sample-asciimath: ../src/MathJax/jax/output/HTML-CSS/imageFonts.js 1/1
sample-autoload: ../src/MathJax/MathJax.js?config=TeX-AMS_HTML-full 3/3
sample-autoload: ../src/MathJax/config/TeX-AMS_HTML-full.js 18/18
sample-autoload: ../src/MathJax/fonts/HTML-CSS/TeX/png/imagedata.js 1/1
sample-autoload: ../src/MathJax/jax/output/HTML-CSS/fonts/TeX/fontdata.js 1/1
sample-autoload: ../src/MathJax/jax/output/HTML-CSS/imageFonts.js 1/1
sample-dynamic-2: ../src/MathJax/MathJax.js?config=TeX-AMS-MML_HTMLorMML 3/3
sample-dynamic-2: ../src/MathJax/config/TeX-AMS-MML_HTMLorMML.js 22/22
sample-dynamic-steps: ../src/MathJax/MathJax.js?config=TeX-AMS_HTML-full 3/3
sample-dynamic-steps: ../src/MathJax/config/TeX-AMS_HTML-full.js 18/18
sample-dynamic-steps: ../src/MathJax/extensions/TeX/HTML.js 1/1
sample-dynamic-steps: ../src/MathJax/fonts/HTML-CSS/TeX/png/imagedata.js 1/1
sample-dynamic-steps: ../src/MathJax/jax/output/HTML-CSS/fonts/TeX/fontdata.js 1/1
sample-dynamic-steps: ../src/MathJax/jax/output/HTML-CSS/imageFonts.js 1/1
sample-dynamic: ../src/MathJax/MathJax.js?config=TeX-AMS-MML_HTMLorMML 3/3
sample-dynamic: ../src/MathJax/config/TeX-AMS-MML_HTMLorMML.js 22/22
sample-dynamic: ../src/MathJax/fonts/HTML-CSS/TeX/png/imagedata.js 1/1
sample-dynamic: ../src/MathJax/jax/output/HTML-CSS/fonts/TeX/fontdata.js 1/1
sample-dynamic: ../src/MathJax/jax/output/HTML-CSS/imageFonts.js 1/1
sample-dynamic: ../src/MathJax/jax/output/HTML-CSS/jax.js 1/1
sample-eqnum: ../src/MathJax/MathJax.js?config=TeX-AMS_HTML 3/3
sample-eqnum: ../src/MathJax/config/TeX-AMS_HTML.js 16/16
sample-eqnum: ../src/MathJax/fonts/HTML-CSS/TeX/png/imagedata.js 1/1
sample-eqnum: ../src/MathJax/jax/output/HTML-CSS/autoload/mtable.js 1/1
sample-eqnum: ../src/MathJax/jax/output/HTML-CSS/fonts/TeX/fontdata.js 1/1
sample-eqnum: ../src/MathJax/jax/output/HTML-CSS/imageFonts.js 1/1
sample-eqnum: ../src/MathJax/jax/output/HTML-CSS/jax.js 1/1
sample-eqrefs: ../src/MathJax/MathJax.js?config=TeX-AMS_HTML 3/3
sample-eqrefs: ../src/MathJax/config/TeX-AMS_HTML.js 16/16
sample-eqrefs: ../src/MathJax/fonts/HTML-CSS/TeX/png/imagedata.js 1/1
sample-eqrefs: ../src/MathJax/jax/output/HTML-CSS/autoload/mtable.js 1/1
sample-eqrefs: ../src/MathJax/jax/output/HTML-CSS/fonts/TeX/fontdata.js 1/1
sample-eqrefs: ../src/MathJax/jax/output/HTML-CSS/imageFonts.js 1/1
sample-eqrefs: ../src/MathJax/jax/output/HTML-CSS/jax.js 1/1
sample-loader-config: ../src/MathJax/MathJax.js?config=TeX-AMS-MML_HTMLorMML 3/3
sample-loader-config: ../src/MathJax/config/TeX-AMS-MML_HTMLorMML.js 22/22
sample-loader: ../src/MathJax/MathJax.js?config=TeX-AMS-MML_HTMLorMML 3/3
sample-loader: ../src/MathJax/config/TeX-AMS-MML_HTMLorMML.js 22/22
sample-macros: ../src/MathJax/MathJax.js?config=TeX-AMS_HTML-full 3/3
sample-macros: ../src/MathJax/config/TeX-AMS_HTML-full.js 18/18
sample-macros: ../src/MathJax/extensions/TeX/newcommand.js 1/1
sample-macros: ../src/MathJax/fonts/HTML-CSS/TeX/png/imagedata.js 1/1
sample-macros: ../src/MathJax/jax/output/HTML-CSS/fonts/TeX/fontdata.js 1/1
sample-macros: ../src/MathJax/jax/output/HTML-CSS/imageFonts.js 1/1
index-images: ../src/MathJax/MathJax.js 3/3
index-images: ../src/MathJax/extensions/MathMenu.js 1/1
index-images: ../src/MathJax/extensions/MathZoom.js 1/1
index-images: ../src/MathJax/extensions/v1.0-warning.js 1/1
index: ../src/MathJax/MathJax.js 3/3
index: ../src/MathJax/extensions/MathMenu.js 1/1
index: ../src/MathJax/extensions/MathZoom.js 1/1
index: ../src/MathJax/extensions/v1.0-warning.js 1/1
sample-all-at-once: ../src/MathJax/MathJax.js?config=TeX-AMS_HTML-full 3/3
sample-all-at-once: ../src/MathJax/config/TeX-AMS_HTML-full.js 18/18
sample-all-at-once: ../src/MathJax/fonts/HTML-CSS/TeX/png/imagedata.js 1/1
sample-all-at-once: ../src/MathJax/jax/output/HTML-CSS/fonts/TeX/fontdata.js 1/1
sample-all-at-once: ../src/MathJax/jax/output/HTML-CSS/imageFonts.js 1/1
sample-asciimath: ../src/MathJax/MathJax.js?config=AM_HTMLorMML-full 3/3
sample-asciimath: ../src/MathJax/config/AM_HTMLorMML-full.js 18/18
sample-asciimath: ../src/MathJax/fonts/HTML-CSS/TeX/png/imagedata.js 1/1
sample-asciimath: ../src/MathJax/jax/output/HTML-CSS/fonts/TeX/fontdata.js 1/1
sample-asciimath: ../src/MathJax/jax/output/HTML-CSS/imageFonts.js 1/1
sample-autoload: ../src/MathJax/MathJax.js?config=TeX-AMS_HTML-full 3/3
sample-autoload: ../src/MathJax/config/TeX-AMS_HTML-full.js 18/18
sample-autoload: ../src/MathJax/fonts/HTML-CSS/TeX/png/imagedata.js 1/1
sample-autoload: ../src/MathJax/jax/output/HTML-CSS/fonts/TeX/fontdata.js 1/1
sample-autoload: ../src/MathJax/jax/output/HTML-CSS/imageFonts.js 1/1
sample-dynamic-2: ../src/MathJax/MathJax.js?config=TeX-AMS-MML_HTMLorMML 3/3
sample-dynamic-2: ../src/MathJax/config/TeX-AMS-MML_HTMLorMML.js 22/22
sample-dynamic-steps: ../src/MathJax/MathJax.js?config=TeX-AMS_HTML-full 3/3
sample-dynamic-steps: ../src/MathJax/config/TeX-AMS_HTML-full.js 18/18
sample-dynamic-steps: ../src/MathJax/extensions/TeX/HTML.js 1/1
sample-dynamic-steps: ../src/MathJax/fonts/HTML-CSS/TeX/png/imagedata.js 1/1
sample-dynamic-steps: ../src/MathJax/jax/output/HTML-CSS/fonts/TeX/fontdata.js 1/1
sample-dynamic-steps: ../src/MathJax/jax/output/HTML-CSS/imageFonts.js 1/1
sample-dynamic: ../src/MathJax/MathJax.js?config=TeX-AMS-MML_HTMLorMML 3/3
sample-dynamic: ../src/MathJax/config/TeX-AMS-MML_HTMLorMML.js 22/22
sample-dynamic: ../src/MathJax/fonts/HTML-CSS/TeX/png/imagedata.js 1/1
sample-dynamic: ../src/MathJax/jax/output/HTML-CSS/fonts/TeX/fontdata.js 1/1
sample-dynamic: ../src/MathJax/jax/output/HTML-CSS/imageFonts.js 1/1
sample-dynamic: ../src/MathJax/jax/output/HTML-CSS/jax.js 1/1
sample-eqnum: ../src/MathJax/MathJax.js?config=TeX-AMS_HTML 3/3
sample-eqnum: ../src/MathJax/config/TeX-AMS_HTML.js 16/16
sample-eqnum: ../src/MathJax/fonts/HTML-CSS/TeX/png/imagedata.js 1/1
sample-eqnum: ../src/MathJax/jax/output/HTML-CSS/autoload/mtable.js 1/1
sample-eqnum: ../src/MathJax/jax/output/HTML-CSS/fonts/TeX/fontdata.js 1/1
sample-eqnum: ../src/MathJax/jax/output/HTML-CSS/imageFonts.js 1/1
sample-eqnum: ../src/MathJax/jax/output/HTML-CSS/jax.js 1/1
sample-eqrefs: ../src/MathJax/MathJax.js?config=TeX-AMS_HTML 3/3
sample-eqrefs: ../src/MathJax/config/TeX-AMS_HTML.js 16/16
sample-eqrefs: ../src/MathJax/fonts/HTML-CSS/TeX/png/imagedata.js 1/1
sample-eqrefs: ../src/MathJax/jax/output/HTML-CSS/autoload/mtable.js 1/1
sample-eqrefs: ../src/MathJax/jax/output/HTML-CSS/fonts/TeX/fontdata.js 1/1
sample-eqrefs: ../src/MathJax/jax/output/HTML-CSS/imageFonts.js 1/1
sample-eqrefs: ../src/MathJax/jax/output/HTML-CSS/jax.js 1/1
sample-loader-config: ../src/MathJax/MathJax.js?config=TeX-AMS-MML_HTMLorMML 3/3
sample-loader-config: ../src/MathJax/config/TeX-AMS-MML_HTMLorMML.js 22/22
sample-loader: ../src/MathJax/MathJax.js?config=TeX-AMS-MML_HTMLorMML 3/3
sample-loader: ../src/MathJax/config/TeX-AMS-MML_HTMLorMML.js 22/22
sample-macros: ../src/MathJax/MathJax.js?config=TeX-AMS_HTML-full 3/3
sample-macros: ../src/MathJax/config/TeX-AMS_HTML-full.js 18/18
sample-macros: ../src/MathJax/extensions/TeX/newcommand.js 1/1
sample-macros: ../src/MathJax/fonts/HTML-CSS/TeX/png/imagedata.js 1/1
sample-macros: ../src/MathJax/jax/output/HTML-CSS/fonts/TeX/fontdata.js 1/1
sample-macros: ../src/MathJax/jax/output/HTML-CSS/imageFonts.js 1/1
sample-mml: ../src/MathJax/MathJax.js?config=MML_HTMLorMML-full 3/3
sample-mml: ../src/MathJax/config/MML_HTMLorMML-full.js 18/18
sample-mml: ../src/MathJax/fonts/HTML-CSS/TeX/png/imagedata.js 1/1
sample-mml: ../src/MathJax/jax/output/HTML-CSS/fonts/TeX/fontdata.js 1/1
sample-mml: ../src/MathJax/jax/output/HTML-CSS/imageFonts.js 1/1
index-images: ../src/MathJax/MathJax.js 3/3
index-images: ../src/MathJax/extensions/MathMenu.js 1/1
index-images: ../src/MathJax/extensions/MathZoom.js 1/1
index-images: ../src/MathJax/extensions/v1.0-warning.js 1/1
index: ../src/MathJax/MathJax.js 3/3
index: ../src/MathJax/extensions/MathMenu.js 1/1
index: ../src/MathJax/extensions/MathZoom.js 1/1
index: ../src/MathJax/extensions/v1.0-warning.js 1/1
sample-all-at-once: ../src/MathJax/MathJax.js?config=TeX-AMS_HTML-full 3/3
sample-all-at-once: ../src/MathJax/config/TeX-AMS_HTML-full.js 18/18
sample-all-at-once: ../src/MathJax/fonts/HTML-CSS/TeX/png/imagedata.js 1/1
sample-all-at-once: ../src/MathJax/jax/output/HTML-CSS/fonts/TeX/fontdata.js 1/1
sample-all-at-once: ../src/MathJax/jax/output/HTML-CSS/imageFonts.js 1/1
sample-asciimath: ../src/MathJax/MathJax.js?config=AM_HTMLorMML-full 3/3
sample-asciimath: ../src/MathJax/config/AM_HTMLorMML-full.js 18/18
sample-asciimath: ../src/MathJax/fonts/HTML-CSS/TeX/png/imagedata.js 1/1
sample-asciimath: ../src/MathJax/jax/output/HTML-CSS/fonts/TeX/fontdata.js 1/1
sample-asciimath: ../src/MathJax/jax/output/HTML-CSS/imageFonts.js 1/1
sample-autoload: ../src/MathJax/MathJax.js?config=TeX-AMS_HTML-full 3/3
sample-autoload: ../src/MathJax/config/TeX-AMS_HTML-full.js 18/18
sample-autoload: ../src/MathJax/fonts/HTML-CSS/TeX/png/imagedata.js 1/1
sample-autoload: ../src/MathJax/jax/output/HTML-CSS/fonts/TeX/fontdata.js 1/1
sample-autoload: ../src/MathJax/jax/output/HTML-CSS/imageFonts.js 1/1
sample-dynamic-2: ../src/MathJax/MathJax.js?config=TeX-AMS-MML_HTMLorMML 3/3
sample-dynamic-2: ../src/MathJax/config/TeX-AMS-MML_HTMLorMML.js 22/22
sample-dynamic-steps: ../src/MathJax/MathJax.js?config=TeX-AMS_HTML-full 3/3
sample-dynamic-steps: ../src/MathJax/config/TeX-AMS_HTML-full.js 18/18
sample-dynamic-steps: ../src/MathJax/extensions/TeX/HTML.js 1/1
sample-dynamic-steps: ../src/MathJax/fonts/HTML-CSS/TeX/png/imagedata.js 1/1
sample-dynamic-steps: ../src/MathJax/jax/output/HTML-CSS/fonts/TeX/fontdata.js 1/1
sample-dynamic-steps: ../src/MathJax/jax/output/HTML-CSS/imageFonts.js 1/1
sample-dynamic: ../src/MathJax/MathJax.js?config=TeX-AMS-MML_HTMLorMML 3/3
sample-dynamic: ../src/MathJax/config/TeX-AMS-MML_HTMLorMML.js 22/22
sample-dynamic: ../src/MathJax/fonts/HTML-CSS/TeX/png/imagedata.js 1/1
sample-dynamic: ../src/MathJax/jax/output/HTML-CSS/fonts/TeX/fontdata.js 1/1
sample-dynamic: ../src/MathJax/jax/output/HTML-CSS/imageFonts.js 1/1
sample-dynamic: ../src/MathJax/jax/output/HTML-CSS/jax.js 1/1
sample-eqnum: ../src/MathJax/MathJax.js?config=TeX-AMS_HTML 3/3
sample-eqnum: ../src/MathJax/config/TeX-AMS_HTML.js 16/16
sample-eqnum: ../src/MathJax/fonts/HTML-CSS/TeX/png/imagedata.js 1/1
sample-eqnum: ../src/MathJax/jax/output/HTML-CSS/autoload/mtable.js 1/1
sample-eqnum: ../src/MathJax/jax/output/HTML-CSS/fonts/TeX/fontdata.js 1/1
sample-eqnum: ../src/MathJax/jax/output/HTML-CSS/imageFonts.js 1/1
sample-eqnum: ../src/MathJax/jax/output/HTML-CSS/jax.js 1/1
sample-eqrefs: ../src/MathJax/MathJax.js?config=TeX-AMS_HTML 3/3
sample-eqrefs: ../src/MathJax/config/TeX-AMS_HTML.js 16/16
sample-eqrefs: ../src/MathJax/fonts/HTML-CSS/TeX/png/imagedata.js 1/1
sample-eqrefs: ../src/MathJax/jax/output/HTML-CSS/autoload/mtable.js 1/1
sample-eqrefs: ../src/MathJax/jax/output/HTML-CSS/fonts/TeX/fontdata.js 1/1
sample-eqrefs: ../src/MathJax/jax/output/HTML-CSS/imageFonts.js 1/1
sample-eqrefs: ../src/MathJax/jax/output/HTML-CSS/jax.js 1/1
sample-loader-config: ../src/MathJax/MathJax.js?config=TeX-AMS-MML_HTMLorMML 3/3
sample-loader-config: ../src/MathJax/config/TeX-AMS-MML_HTMLorMML.js 22/22
sample-loader: ../src/MathJax/MathJax.js?config=TeX-AMS-MML_HTMLorMML 3/3
sample-loader: ../src/MathJax/config/TeX-AMS-MML_HTMLorMML.js 22/22
sample-macros: ../src/MathJax/MathJax.js?config=TeX-AMS_HTML-full 3/3
sample-macros: ../src/MathJax/config/TeX-AMS_HTML-full.js 18/18
sample-macros: ../src/MathJax/extensions/TeX/newcommand.js 1/1
sample-macros: ../src/MathJax/fonts/HTML-CSS/TeX/png/imagedata.js 1/1
sample-macros: ../src/MathJax/jax/output/HTML-CSS/fonts/TeX/fontdata.js 1/1
sample-macros: ../src/MathJax/jax/output/HTML-CSS/imageFonts.js 1/1
sample-mml: ../src/MathJax/MathJax.js?config=MML_HTMLorMML-full 3/3
sample-mml: ../src/MathJax/config/MML_HTMLorMML-full.js 18/18
sample-mml: ../src/MathJax/fonts/HTML-CSS/TeX/png/imagedata.js 1/1
sample-mml: ../src/MathJax/jax/output/HTML-CSS/fonts/TeX/fontdata.js 1/1
sample-mml: ../src/MathJax/jax/output/HTML-CSS/imageFonts.js 1/1
sample-signals: ../src/MathJax/MathJax.js 3/3
sample-signals: ../src/MathJax/extensions/MathMenu.js 1/1
sample-signals: ../src/MathJax/extensions/MathZoom.js 1/1
sample-signals: ../src/MathJax/extensions/v1.0-warning.js 1/1
index-images: ../src/MathJax/MathJax.js 3/3
index-images: ../src/MathJax/extensions/MathMenu.js 1/1
index-images: ../src/MathJax/extensions/MathZoom.js 1/1
index-images: ../src/MathJax/extensions/v1.0-warning.js 1/1
index: ../src/MathJax/MathJax.js 3/3
index: ../src/MathJax/extensions/MathMenu.js 1/1
index: ../src/MathJax/extensions/MathZoom.js 1/1
index: ../src/MathJax/extensions/v1.0-warning.js 1/1
sample-all-at-once: ../src/MathJax/MathJax.js?config=TeX-AMS_HTML-full 3/3
sample-all-at-once: ../src/MathJax/config/TeX-AMS_HTML-full.js 18/18
sample-all-at-once: ../src/MathJax/fonts/HTML-CSS/TeX/png/imagedata.js 1/1
sample-all-at-once: ../src/MathJax/jax/output/HTML-CSS/fonts/TeX/fontdata.js 1/1
sample-all-at-once: ../src/MathJax/jax/output/HTML-CSS/imageFonts.js 1/1
sample-asciimath: ../src/MathJax/MathJax.js?config=AM_HTMLorMML-full 3/3
sample-asciimath: ../src/MathJax/config/AM_HTMLorMML-full.js 18/18
sample-asciimath: ../src/MathJax/fonts/HTML-CSS/TeX/png/imagedata.js 1/1
sample-asciimath: ../src/MathJax/jax/output/HTML-CSS/fonts/TeX/fontdata.js 1/1
sample-asciimath: ../src/MathJax/jax/output/HTML-CSS/imageFonts.js 1/1
sample-autoload: ../src/MathJax/MathJax.js?config=TeX-AMS_HTML-full 3/3
sample-autoload: ../src/MathJax/config/TeX-AMS_HTML-full.js 18/18
sample-autoload: ../src/MathJax/fonts/HTML-CSS/TeX/png/imagedata.js 1/1
sample-autoload: ../src/MathJax/jax/output/HTML-CSS/fonts/TeX/fontdata.js 1/1
sample-autoload: ../src/MathJax/jax/output/HTML-CSS/imageFonts.js 1/1
sample-dynamic-2: ../src/MathJax/MathJax.js?config=TeX-AMS-MML_HTMLorMML 3/3
sample-dynamic-2: ../src/MathJax/config/TeX-AMS-MML_HTMLorMML.js 22/22
sample-dynamic-steps: ../src/MathJax/MathJax.js?config=TeX-AMS_HTML-full 3/3
sample-dynamic-steps: ../src/MathJax/config/TeX-AMS_HTML-full.js 18/18
sample-dynamic-steps: ../src/MathJax/extensions/TeX/HTML.js 1/1
sample-dynamic-steps: ../src/MathJax/fonts/HTML-CSS/TeX/png/imagedata.js 1/1
sample-dynamic-steps: ../src/MathJax/jax/output/HTML-CSS/fonts/TeX/fontdata.js 1/1
sample-dynamic-steps: ../src/MathJax/jax/output/HTML-CSS/imageFonts.js 1/1
sample-dynamic: ../src/MathJax/MathJax.js?config=TeX-AMS-MML_HTMLorMML 3/3
sample-dynamic: ../src/MathJax/config/TeX-AMS-MML_HTMLorMML.js 22/22
sample-dynamic: ../src/MathJax/fonts/HTML-CSS/TeX/png/imagedata.js 1/1
sample-dynamic: ../src/MathJax/jax/output/HTML-CSS/fonts/TeX/fontdata.js 1/1
sample-dynamic: ../src/MathJax/jax/output/HTML-CSS/imageFonts.js 1/1
sample-dynamic: ../src/MathJax/jax/output/HTML-CSS/jax.js 1/1
sample-eqnum: ../src/MathJax/MathJax.js?config=TeX-AMS_HTML 3/3
sample-eqnum: ../src/MathJax/config/TeX-AMS_HTML.js 16/16
sample-eqnum: ../src/MathJax/fonts/HTML-CSS/TeX/png/imagedata.js 1/1
sample-eqnum: ../src/MathJax/jax/output/HTML-CSS/autoload/mtable.js 1/1
sample-eqnum: ../src/MathJax/jax/output/HTML-CSS/fonts/TeX/fontdata.js 1/1
sample-eqnum: ../src/MathJax/jax/output/HTML-CSS/imageFonts.js 1/1
sample-eqnum: ../src/MathJax/jax/output/HTML-CSS/jax.js 1/1
sample-eqrefs: ../src/MathJax/MathJax.js?config=TeX-AMS_HTML 3/3
sample-eqrefs: ../src/MathJax/config/TeX-AMS_HTML.js 16/16
sample-eqrefs: ../src/MathJax/fonts/HTML-CSS/TeX/png/imagedata.js 1/1
sample-eqrefs: ../src/MathJax/jax/output/HTML-CSS/autoload/mtable.js 1/1
sample-eqrefs: ../src/MathJax/jax/output/HTML-CSS/fonts/TeX/fontdata.js 1/1
sample-eqrefs: ../src/MathJax/jax/output/HTML-CSS/imageFonts.js 1/1
sample-eqrefs: ../src/MathJax/jax/output/HTML-CSS/jax.js 1/1
sample-loader-config: ../src/MathJax/MathJax.js?config=TeX-AMS-MML_HTMLorMML 3/3
sample-loader-config: ../src/MathJax/config/TeX-AMS-MML_HTMLorMML.js 22/22
sample-loader: ../src/MathJax/MathJax.js?config=TeX-AMS-MML_HTMLorMML 3/3
sample-loader: ../src/MathJax/config/TeX-AMS-MML_HTMLorMML.js 22/22
sample-macros: ../src/MathJax/MathJax.js?config=TeX-AMS_HTML-full 3/3
sample-macros: ../src/MathJax/config/TeX-AMS_HTML-full.js 18/18
sample-macros: ../src/MathJax/extensions/TeX/newcommand.js 1/1
sample-macros: ../src/MathJax/fonts/HTML-CSS/TeX/png/imagedata.js 1/1
sample-macros: ../src/MathJax/jax/output/HTML-CSS/fonts/TeX/fontdata.js 1/1
sample-macros: ../src/MathJax/jax/output/HTML-CSS/imageFonts.js 1/1
sample-mml: ../src/MathJax/MathJax.js?config=MML_HTMLorMML-full 3/3
sample-mml: ../src/MathJax/config/MML_HTMLorMML-full.js 18/18
sample-mml: ../src/MathJax/fonts/HTML-CSS/TeX/png/imagedata.js 1/1
sample-mml: ../src/MathJax/jax/output/HTML-CSS/fonts/TeX/fontdata.js 1/1
sample-mml: ../src/MathJax/jax/output/HTML-CSS/imageFonts.js 1/1
sample-signals: ../src/MathJax/MathJax.js 3/3
sample-signals: ../src/MathJax/extensions/MathMenu.js 1/1
sample-signals: ../src/MathJax/extensions/MathZoom.js 1/1
sample-signals: ../src/MathJax/extensions/v1.0-warning.js 1/1
sample-tex: ../src/MathJax/MathJax.js?config=TeX-AMS_HTML-full 3/3
sample-tex: ../src/MathJax/config/TeX-AMS_HTML-full.js 18/18
sample-tex: ../src/MathJax/fonts/HTML-CSS/TeX/png/imagedata.js 1/1
sample-tex: ../src/MathJax/jax/output/HTML-CSS/fonts/TeX/fontdata.js 1/1
sample-tex: ../src/MathJax/jax/output/HTML-CSS/imageFonts.js 1/1
index-images: ../src/MathJax/MathJax.js 3/3
index-images: ../src/MathJax/extensions/MathMenu.js 1/1
index-images: ../src/MathJax/extensions/MathZoom.js 1/1
index-images: ../src/MathJax/extensions/v1.0-warning.js 1/1
index: ../src/MathJax/MathJax.js 3/3
index: ../src/MathJax/extensions/MathMenu.js 1/1
index: ../src/MathJax/extensions/MathZoom.js 1/1
index: ../src/MathJax/extensions/v1.0-warning.js 1/1
sample-all-at-once: ../src/MathJax/MathJax.js?config=TeX-AMS_HTML-full 3/3
sample-all-at-once: ../src/MathJax/config/TeX-AMS_HTML-full.js 18/18
sample-all-at-once: ../src/MathJax/fonts/HTML-CSS/TeX/png/imagedata.js 1/1
sample-all-at-once: ../src/MathJax/jax/output/HTML-CSS/fonts/TeX/fontdata.js 1/1
sample-all-at-once: ../src/MathJax/jax/output/HTML-CSS/imageFonts.js 1/1
sample-asciimath: ../src/MathJax/MathJax.js?config=AM_HTMLorMML-full 3/3
sample-asciimath: ../src/MathJax/config/AM_HTMLorMML-full.js 18/18
sample-asciimath: ../src/MathJax/fonts/HTML-CSS/TeX/png/imagedata.js 1/1
sample-asciimath: ../src/MathJax/jax/output/HTML-CSS/fonts/TeX/fontdata.js 1/1
sample-asciimath: ../src/MathJax/jax/output/HTML-CSS/imageFonts.js 1/1
sample-autoload: ../src/MathJax/MathJax.js?config=TeX-AMS_HTML-full 3/3
sample-autoload: ../src/MathJax/config/TeX-AMS_HTML-full.js 18/18
sample-autoload: ../src/MathJax/fonts/HTML-CSS/TeX/png/imagedata.js 1/1
sample-autoload: ../src/MathJax/jax/output/HTML-CSS/fonts/TeX/fontdata.js 1/1
sample-autoload: ../src/MathJax/jax/output/HTML-CSS/imageFonts.js 1/1
sample-dynamic-2: ../src/MathJax/MathJax.js?config=TeX-AMS-MML_HTMLorMML 3/3
sample-dynamic-2: ../src/MathJax/config/TeX-AMS-MML_HTMLorMML.js 22/22
sample-dynamic-steps: ../src/MathJax/MathJax.js?config=TeX-AMS_HTML-full 3/3
sample-dynamic-steps: ../src/MathJax/config/TeX-AMS_HTML-full.js 18/18
sample-dynamic-steps: ../src/MathJax/extensions/TeX/HTML.js 1/1
sample-dynamic-steps: ../src/MathJax/fonts/HTML-CSS/TeX/png/imagedata.js 1/1
sample-dynamic-steps: ../src/MathJax/jax/output/HTML-CSS/fonts/TeX/fontdata.js 1/1
sample-dynamic-steps: ../src/MathJax/jax/output/HTML-CSS/imageFonts.js 1/1
sample-dynamic: ../src/MathJax/MathJax.js?config=TeX-AMS-MML_HTMLorMML 3/3
sample-dynamic: ../src/MathJax/config/TeX-AMS-MML_HTMLorMML.js 22/22
sample-dynamic: ../src/MathJax/fonts/HTML-CSS/TeX/png/imagedata.js 1/1
sample-dynamic: ../src/MathJax/jax/output/HTML-CSS/fonts/TeX/fontdata.js 1/1
sample-dynamic: ../src/MathJax/jax/output/HTML-CSS/imageFonts.js 1/1
sample-dynamic: ../src/MathJax/jax/output/HTML-CSS/jax.js 1/1
sample-eqnum: ../src/MathJax/MathJax.js?config=TeX-AMS_HTML 3/3
sample-eqnum: ../src/MathJax/config/TeX-AMS_HTML.js 16/16
sample-eqnum: ../src/MathJax/fonts/HTML-CSS/TeX/png/imagedata.js 1/1
sample-eqnum: ../src/MathJax/jax/output/HTML-CSS/autoload/mtable.js 1/1
sample-eqnum: ../src/MathJax/jax/output/HTML-CSS/fonts/TeX/fontdata.js 1/1
sample-eqnum: ../src/MathJax/jax/output/HTML-CSS/imageFonts.js 1/1
sample-eqnum: ../src/MathJax/jax/output/HTML-CSS/jax.js 1/1
sample-eqrefs: ../src/MathJax/MathJax.js?config=TeX-AMS_HTML 3/3
sample-eqrefs: ../src/MathJax/config/TeX-AMS_HTML.js 16/16
sample-eqrefs: ../src/MathJax/fonts/HTML-CSS/TeX/png/imagedata.js 1/1
sample-eqrefs: ../src/MathJax/jax/output/HTML-CSS/autoload/mtable.js 1/1
sample-eqrefs: ../src/MathJax/jax/output/HTML-CSS/fonts/TeX/fontdata.js 1/1
sample-eqrefs: ../src/MathJax/jax/output/HTML-CSS/imageFonts.js 1/1
sample-eqrefs: ../src/MathJax/jax/output/HTML-CSS/jax.js 1/1
sample-loader-config: ../src/MathJax/MathJax.js?config=TeX-AMS-MML_HTMLorMML 3/3
sample-loader-config: ../src/MathJax/config/TeX-AMS-MML_HTMLorMML.js 22/22
sample-loader: ../src/MathJax/MathJax.js?config=TeX-AMS-MML_HTMLorMML 3/3
sample-loader: ../src/MathJax/config/TeX-AMS-MML_HTMLorMML.js 22/22
sample-macros: ../src/MathJax/MathJax.js?config=TeX-AMS_HTML-full 3/3
sample-macros: ../src/MathJax/config/TeX-AMS_HTML-full.js 18/18
sample-macros: ../src/MathJax/extensions/TeX/newcommand.js 1/1
sample-macros: ../src/MathJax/fonts/HTML-CSS/TeX/png/imagedata.js 1/1
sample-macros: ../src/MathJax/jax/output/HTML-CSS/fonts/TeX/fontdata.js 1/1
sample-macros: ../src/MathJax/jax/output/HTML-CSS/imageFonts.js 1/1
sample-mml: ../src/MathJax/MathJax.js?config=MML_HTMLorMML-full 3/3
sample-mml: ../src/MathJax/config/MML_HTMLorMML-full.js 18/18
sample-mml: ../src/MathJax/fonts/HTML-CSS/TeX/png/imagedata.js 1/1
sample-mml: ../src/MathJax/jax/output/HTML-CSS/fonts/TeX/fontdata.js 1/1
sample-mml: ../src/MathJax/jax/output/HTML-CSS/imageFonts.js 1/1
sample-signals: ../src/MathJax/MathJax.js 3/3
sample-signals: ../src/MathJax/extensions/MathMenu.js 1/1
sample-signals: ../src/MathJax/extensions/MathZoom.js 1/1
sample-signals: ../src/MathJax/extensions/v1.0-warning.js 1/1
sample-tex: ../src/MathJax/MathJax.js?config=TeX-AMS_HTML-full 3/3
sample-tex: ../src/MathJax/config/TeX-AMS_HTML-full.js 18/18
sample-tex: ../src/MathJax/fonts/HTML-CSS/TeX/png/imagedata.js 1/1
sample-tex: ../src/MathJax/jax/output/HTML-CSS/fonts/TeX/fontdata.js 1/1
sample-tex: ../src/MathJax/jax/output/HTML-CSS/imageFonts.js 1/1
sample: ../src/MathJax/MathJax.js 3/3
sample: ../src/MathJax/extensions/MathMenu.js 1/1
sample: ../src/MathJax/extensions/MathZoom.js 1/1
sample: ../src/MathJax/extensions/v1.0-warning.js 1/1
