test-arrays: ../src/minimal.js/minimal.js 46/80
test-arrays: ../src/minimal.js/minimal.js 46/80
test-attr: ../src/minimal.js/minimal.js 50/80
test-arrays: ../src/minimal.js/minimal.js 46/80
test-attr: ../src/minimal.js/minimal.js 50/80
test-children-attr: ../src/minimal.js/minimal.js 46/80
test-arrays: ../src/minimal.js/minimal.js 46/80
test-attr: ../src/minimal.js/minimal.js 50/80
test-children-attr: ../src/minimal.js/minimal.js 46/80
test-children-auto: ../src/minimal.js/minimal.js 50/80
test-arrays: ../src/minimal.js/minimal.js 46/80
test-attr: ../src/minimal.js/minimal.js 50/80
test-children-attr: ../src/minimal.js/minimal.js 46/80
test-children-auto: ../src/minimal.js/minimal.js 50/80
test-children: ../src/minimal.js/minimal.js 46/80
test-arrays: ../src/minimal.js/minimal.js 46/80
test-attr: ../src/minimal.js/minimal.js 50/80
test-children-attr: ../src/minimal.js/minimal.js 46/80
test-children-auto: ../src/minimal.js/minimal.js 50/80
test-children: ../src/minimal.js/minimal.js 46/80
test-complex-2: ../src/minimal.js/minimal.js 50/80
test-arrays: ../src/minimal.js/minimal.js 46/80
test-attr: ../src/minimal.js/minimal.js 50/80
test-children-attr: ../src/minimal.js/minimal.js 46/80
test-children-auto: ../src/minimal.js/minimal.js 50/80
test-children: ../src/minimal.js/minimal.js 46/80
test-complex-2: ../src/minimal.js/minimal.js 50/80
test-complex: ../src/minimal.js/minimal.js 50/80
test-arrays: ../src/minimal.js/minimal.js 46/80
test-attr: ../src/minimal.js/minimal.js 50/80
test-children-attr: ../src/minimal.js/minimal.js 46/80
test-children-auto: ../src/minimal.js/minimal.js 50/80
test-children: ../src/minimal.js/minimal.js 46/80
test-complex-2: ../src/minimal.js/minimal.js 50/80
test-complex: ../src/minimal.js/minimal.js 50/80
test-css-selectors: ../src/minimal.js/minimal.js 48/80
test-arrays: ../src/minimal.js/minimal.js 46/80
test-attr: ../src/minimal.js/minimal.js 50/80
test-children-attr: ../src/minimal.js/minimal.js 46/80
test-children-auto: ../src/minimal.js/minimal.js 50/80
test-children: ../src/minimal.js/minimal.js 46/80
test-complex-2: ../src/minimal.js/minimal.js 50/80
test-complex: ../src/minimal.js/minimal.js 50/80
test-css-selectors: ../src/minimal.js/minimal.js 48/80
test-exception: ../src/minimal.js/minimal.js 45/80
test-arrays: ../src/minimal.js/minimal.js 46/80
test-attr: ../src/minimal.js/minimal.js 50/80
test-children-attr: ../src/minimal.js/minimal.js 46/80
test-children-auto: ../src/minimal.js/minimal.js 50/80
test-children: ../src/minimal.js/minimal.js 46/80
test-complex-2: ../src/minimal.js/minimal.js 50/80
test-complex: ../src/minimal.js/minimal.js 50/80
test-css-selectors: ../src/minimal.js/minimal.js 48/80
test-exception: ../src/minimal.js/minimal.js 45/80
test-filters-2: ../src/minimal.js/minimal.js 47/80
test-arrays: ../src/minimal.js/minimal.js 46/80
test-attr: ../src/minimal.js/minimal.js 50/80
test-children-attr: ../src/minimal.js/minimal.js 46/80
test-children-auto: ../src/minimal.js/minimal.js 50/80
test-children: ../src/minimal.js/minimal.js 46/80
test-complex-2: ../src/minimal.js/minimal.js 50/80
test-complex: ../src/minimal.js/minimal.js 50/80
test-css-selectors: ../src/minimal.js/minimal.js 48/80
test-exception: ../src/minimal.js/minimal.js 45/80
test-filters-2: ../src/minimal.js/minimal.js 47/80
test-filters: ../src/minimal.js/minimal.js 47/80
test-arrays: ../src/minimal.js/minimal.js 46/80
test-attr: ../src/minimal.js/minimal.js 50/80
test-children-attr: ../src/minimal.js/minimal.js 46/80
test-children-auto: ../src/minimal.js/minimal.js 50/80
test-children: ../src/minimal.js/minimal.js 46/80
test-complex-2: ../src/minimal.js/minimal.js 50/80
test-complex: ../src/minimal.js/minimal.js 50/80
test-css-selectors: ../src/minimal.js/minimal.js 48/80
test-exception: ../src/minimal.js/minimal.js 45/80
test-filters-2: ../src/minimal.js/minimal.js 47/80
test-filters: ../src/minimal.js/minimal.js 47/80
test-minimal: ../src/minimal.js/minimal.js 48/80
test-arrays: ../src/minimal.js/minimal.js 46/80
test-attr: ../src/minimal.js/minimal.js 50/80
test-children-attr: ../src/minimal.js/minimal.js 46/80
test-children-auto: ../src/minimal.js/minimal.js 50/80
test-children: ../src/minimal.js/minimal.js 46/80
test-complex-2: ../src/minimal.js/minimal.js 50/80
test-complex: ../src/minimal.js/minimal.js 50/80
test-css-selectors: ../src/minimal.js/minimal.js 48/80
test-exception: ../src/minimal.js/minimal.js 45/80
test-filters-2: ../src/minimal.js/minimal.js 47/80
test-filters: ../src/minimal.js/minimal.js 47/80
test-minimal: ../src/minimal.js/minimal.js 48/80
test-modes: ../src/minimal.js/minimal.js 49/80
test-arrays: ../src/minimal.js/minimal.js 46/80
test-attr: ../src/minimal.js/minimal.js 50/80
test-children-attr: ../src/minimal.js/minimal.js 46/80
test-children-auto: ../src/minimal.js/minimal.js 50/80
test-children: ../src/minimal.js/minimal.js 46/80
test-complex-2: ../src/minimal.js/minimal.js 50/80
test-complex: ../src/minimal.js/minimal.js 50/80
test-css-selectors: ../src/minimal.js/minimal.js 48/80
test-exception: ../src/minimal.js/minimal.js 45/80
test-filters-2: ../src/minimal.js/minimal.js 47/80
test-filters: ../src/minimal.js/minimal.js 47/80
test-minimal: ../src/minimal.js/minimal.js 48/80
test-modes: ../src/minimal.js/minimal.js 49/80
test-nano: ../src/minimal.js/minimal.js 51/80
