
test_MochiKit-Async: ../src/mochikit/MochiKit/Style.js 21/286
test_MochiKit-Async: ../src/mochikit/MochiKit/Iter.js 52/391
test_MochiKit-Async: ../src/mochikit/MochiKit/DOM.js 189/619
test_MochiKit-Async: ../src/mochikit/MochiKit/Base.js 236/730
test_MochiKit-Async: ../src/mochikit/MochiKit/Async.js 263/335
test_MochiKit-Base: ../src/mochikit/MochiKit/Style.js 21/286
test_MochiKit-Base: ../src/mochikit/MochiKit/Iter.js 52/391
test_MochiKit-Base: ../src/mochikit/MochiKit/DOM.js 189/619
test_MochiKit-Base: ../src/mochikit/MochiKit/Base.js 601/730
test_MochiKit-Color: ../src/mochikit/MochiKit/Style.js 37/286
test_MochiKit-Color: ../src/mochikit/MochiKit/Iter.js 52/391
test_MochiKit-Color: ../src/mochikit/MochiKit/Base.js 206/730
test_MochiKit-Color: ../src/mochikit/MochiKit/Logging.js 34/110
test_MochiKit-Color: ../src/mochikit/MochiKit/DOM.js 193/619
test_MochiKit-Color: ../src/mochikit/MochiKit/Color.js 259/322
test_MochiKit-DateTime: ../src/mochikit/MochiKit/Style.js 21/286
test_MochiKit-DateTime: ../src/mochikit/MochiKit/Iter.js 52/391
test_MochiKit-DateTime: ../src/mochikit/MochiKit/Base.js 214/730
test_MochiKit-DateTime: ../src/mochikit/MochiKit/DOM.js 189/619
test_MochiKit-DateTime: ../src/mochikit/MochiKit/DateTime.js 76/95
test_MochiKit-DOM: ../src/mochikit/MochiKit/Style.js 21/286
test_MochiKit-DOM: ../src/mochikit/MochiKit/Iter.js 69/391
test_MochiKit-DOM: ../src/mochikit/MochiKit/Base.js 237/730
test_MochiKit-DOM: ../src/mochikit/MochiKit/MockDOM.js 35/48
test_MochiKit-DOM: ../src/mochikit/MochiKit/DOM.js 507/619
test_MochiKit-DOM-Safari: ../src/mochikit/MochiKit/Style.js 21/286
test_MochiKit-DOM-Safari: ../src/mochikit/MochiKit/Iter.js 52/391
test_MochiKit-DOM-Safari: ../src/mochikit/MochiKit/Base.js 184/730
test_MochiKit-DOM-Safari: ../src/mochikit/MochiKit/DOM.js 196/619
test_MochiKit-DOM-Safari: ../src/mochikit/MochiKit/MockDOM.js 30/48
test_MochiKit-DragAndDrop: ../src/mochikit/MochiKit/Color.js 27/322
test_MochiKit-DragAndDrop: ../src/mochikit/MochiKit/Visual.js 81/836
test_MochiKit-DragAndDrop: ../src/mochikit/MochiKit/Iter.js 60/391
test_MochiKit-DragAndDrop: ../src/mochikit/MochiKit/Position.js 21/99
test_MochiKit-DragAndDrop: ../src/mochikit/MochiKit/DragAndDrop.js 89/320
test_MochiKit-DragAndDrop: ../src/mochikit/MochiKit/Signal.js 102/377
test_MochiKit-DragAndDrop: ../src/mochikit/MochiKit/Style.js 81/286
test_MochiKit-DragAndDrop: ../src/mochikit/MochiKit/Base.js 223/730
test_MochiKit-DragAndDrop: ../src/mochikit/MochiKit/DOM.js 226/619
test_MochiKit-Format: ../src/mochikit/MochiKit/Style.js 21/286
test_MochiKit-Format: ../src/mochikit/MochiKit/Iter.js 52/391
test_MochiKit-Format: ../src/mochikit/MochiKit/Base.js 191/730
test_MochiKit-Format: ../src/mochikit/MochiKit/DOM.js 189/619
test_MochiKit-Format: ../src/mochikit/MochiKit/Format.js 160/167
test_MochiKit-Iter: ../src/mochikit/MochiKit/Style.js 21/286
test_MochiKit-Iter: ../src/mochikit/MochiKit/DOM.js 189/619
test_MochiKit-Iter: ../src/mochikit/MochiKit/Base.js 255/730
test_MochiKit-Iter: ../src/mochikit/MochiKit/Iter.js 330/391
test_MochiKit-Logging: ../src/mochikit/MochiKit/Style.js 21/286
test_MochiKit-Logging: ../src/mochikit/MochiKit/Iter.js 52/391
test_MochiKit-Logging: ../src/mochikit/MochiKit/Base.js 218/730
test_MochiKit-Logging: ../src/mochikit/MochiKit/DOM.js 189/619
test_MochiKit-Logging: ../src/mochikit/MochiKit/Logging.js 81/110
test_MochiKit-MochiKit: ../src/mochikit/MochiKit/DragAndDrop.js 11/320
test_MochiKit-MochiKit: ../src/mochikit/MochiKit/Selector.js 8/216
test_MochiKit-MochiKit: ../src/mochikit/MochiKit/Sortable.js 7/224
test_MochiKit-MochiKit: ../src/mochikit/MochiKit/LoggingPane.js 9/179
test_MochiKit-MochiKit: ../src/mochikit/MochiKit/Position.js 6/99
test_MochiKit-MochiKit: ../src/mochikit/MochiKit/Style.js 21/286
test_MochiKit-MochiKit: ../src/mochikit/MochiKit/Color.js 27/322
test_MochiKit-MochiKit: ../src/mochikit/MochiKit/Async.js 32/335
test_MochiKit-MochiKit: ../src/mochikit/MochiKit/Text.js 23/240
test_MochiKit-MochiKit: ../src/mochikit/MochiKit/Visual.js 81/836
test_MochiKit-MochiKit: ../src/mochikit/MochiKit/Iter.js 51/391
test_MochiKit-MochiKit: ../src/mochikit/MochiKit/Format.js 26/167
test_MochiKit-MochiKit: ../src/mochikit/MochiKit/DateTime.js 16/95
test_MochiKit-MochiKit: ../src/mochikit/MochiKit/Signal.js 75/377
test_MochiKit-MochiKit: ../src/mochikit/MochiKit/Base.js 181/730
test_MochiKit-MochiKit: ../src/mochikit/MochiKit/DOM.js 168/619
test_MochiKit-MochiKit: ../src/mochikit/MochiKit/Logging.js 34/110
test_MochiKit-MochiKit: ../src/mochikit/MochiKit/MochiKit.js 39/54
test_MochiKit-Selector: ../src/mochikit/MochiKit/Selector.js 15/216
test_MochiKit-Selector: ../src/mochikit/MochiKit/Style.js 21/286
test_MochiKit-Selector: ../src/mochikit/MochiKit/Iter.js 52/391
test_MochiKit-Selector: ../src/mochikit/MochiKit/Base.js 198/730
test_MochiKit-Selector: ../src/mochikit/MochiKit/DOM.js 193/619
test_MochiKit-Selector: ../src/mochikit/MochiKit/MockDOM.js 30/48
test_MochiKit-Signal: ../src/mochikit/MochiKit/Iter.js 52/391
test_MochiKit-Signal: ../src/mochikit/MochiKit/Base.js 224/730
test_MochiKit-Signal: ../src/mochikit/MochiKit/Logging.js 34/110
test_MochiKit-Signal: ../src/mochikit/MochiKit/DOM.js 192/619
test_MochiKit-Signal: ../src/mochikit/MochiKit/Signal.js 265/377
test_MochiKit-Style: ../src/mochikit/MochiKit/Iter.js 52/391
test_MochiKit-Style: ../src/mochikit/MochiKit/Color.js 80/322
test_MochiKit-Style: ../src/mochikit/MochiKit/Base.js 204/730
test_MochiKit-Style: ../src/mochikit/MochiKit/Logging.js 34/110
test_MochiKit-Style: ../src/mochikit/MochiKit/DOM.js 196/619
test_MochiKit-Style: ../src/mochikit/MochiKit/MockDOM.js 30/48
test_MochiKit-Style: ../src/mochikit/MochiKit/Style.js 217/286
test_MochiKit-Text: ../src/mochikit/MochiKit/Style.js 21/286
test_MochiKit-Text: ../src/mochikit/MochiKit/Base.js 217/730
test_MochiKit-Text: ../src/mochikit/MochiKit/DOM.js 185/619
test_MochiKit-Text: ../src/mochikit/MochiKit/Format.js 65/167
test_MochiKit-Text: ../src/mochikit/MochiKit/Text.js 239/240
test_MochiKit-Visual: ../src/mochikit/MochiKit/Async.js 32/335
test_MochiKit-Visual: ../src/mochikit/MochiKit/Iter.js 52/391
test_MochiKit-Visual: ../src/mochikit/MochiKit/Signal.js 79/377
test_MochiKit-Visual: ../src/mochikit/MochiKit/Color.js 85/322
test_MochiKit-Visual: ../src/mochikit/MochiKit/Base.js 229/730
test_MochiKit-Visual: ../src/mochikit/MochiKit/DOM.js 213/619
test_MochiKit-Visual: ../src/mochikit/MochiKit/Position.js 38/99
test_MochiKit-Visual: ../src/mochikit/MochiKit/Style.js 127/286
test_MochiKit-Visual: ../src/mochikit/MochiKit/Visual.js 667/836
