upcoming: http:/us.js2.yimg.com/us.js.yimg.com/lib/common/utils/2/connection_2.0.1-b4.js 1/58
upcoming: http:/us.js2.yimg.com/us.js.yimg.com/lib/common/widgets/2/calendar/calendar_2.0.0-b4.js 71/205
upcoming: http:/us.js2.yimg.com/us.js.yimg.com/lib/common/widgets/2/container/container_2.0.1-b4.js 101/261
upcoming: http:/us.js2.yimg.com/us.js.yimg.com/lib/common/utils/2/animation_2.0.0-b4.js 1/1
upcoming: http:/us.js2.yimg.com/us.js.yimg.com/lib/common/utils/2/dom_2.0.0-b4.js 1/1
upcoming: http:/us.js2.yimg.com/us.js.yimg.com/lib/common/utils/2/dragdrop_2.0.0-b4.js 1/1
upcoming: http:/us.js2.yimg.com/us.js.yimg.com/lib/common/utils/2/event_2.0.0-b4.js 1/1
upcoming: http:/us.js2.yimg.com/us.js.yimg.com/lib/common/utils/2/yahoo_2.0.0-b4.js 1/1
upcoming: http:/us.js2.yimg.com/us.js.yimg.com/lib/common/utils/2/connection_2.0.1-b4.js 1/58
upcoming: http:/us.js2.yimg.com/us.js.yimg.com/lib/common/widgets/2/calendar/calendar_2.0.0-b4.js 71/205
upcoming: http:/us.js2.yimg.com/us.js.yimg.com/lib/common/widgets/2/container/container_2.0.1-b4.js 101/261
upcoming: http:/us.js2.yimg.com/us.js.yimg.com/lib/common/utils/2/animation_2.0.0-b4.js 1/1
upcoming: http:/us.js2.yimg.com/us.js.yimg.com/lib/common/utils/2/dom_2.0.0-b4.js 1/1
upcoming: http:/us.js2.yimg.com/us.js.yimg.com/lib/common/utils/2/dragdrop_2.0.0-b4.js 1/1
upcoming: http:/us.js2.yimg.com/us.js.yimg.com/lib/common/utils/2/event_2.0.0-b4.js 1/1
upcoming: http:/us.js2.yimg.com/us.js.yimg.com/lib/common/utils/2/yahoo_2.0.0-b4.js 1/1
upcoming_single: http:/us.js2.yimg.com/us.js.yimg.com/lib/common/utils/2/connection_2.1.0.js 1/88
upcoming_single: http:/us.js2.yimg.com/us.js.yimg.com/lib/common/widgets/2/autocomplete/autocomplete_2.1.0.js 42/176
upcoming_single: http:/us.js2.yimg.com/us.js.yimg.com/lib/common/widgets/2/container/container_2.1.0.js 44/146
upcoming_single: http:/us.js2.yimg.com/us.js.yimg.com/lib/common/widgets/2/calendar/calendar_2.1.0.js 42/106
upcoming_single: http:/us.js2.yimg.com/us.js.yimg.com/lib/common/utils/2/animation_2.1.0.js 1/1
upcoming_single: http:/us.js2.yimg.com/us.js.yimg.com/lib/common/utils/2/dragdrop_2.1.0.js 1/1
upcoming_single: http:/us.js2.yimg.com/us.js.yimg.com/lib/common/utils/2/yahoo-dom-event_2.1.0.js 1/1
upcoming: http:/us.js2.yimg.com/us.js.yimg.com/lib/common/utils/2/connection_2.0.1-b4.js 1/58
upcoming: http:/us.js2.yimg.com/us.js.yimg.com/lib/common/widgets/2/calendar/calendar_2.0.0-b4.js 71/205
upcoming: http:/us.js2.yimg.com/us.js.yimg.com/lib/common/widgets/2/container/container_2.0.1-b4.js 101/261
upcoming: http:/us.js2.yimg.com/us.js.yimg.com/lib/common/utils/2/animation_2.0.0-b4.js 1/1
upcoming: http:/us.js2.yimg.com/us.js.yimg.com/lib/common/utils/2/dom_2.0.0-b4.js 1/1
upcoming: http:/us.js2.yimg.com/us.js.yimg.com/lib/common/utils/2/dragdrop_2.0.0-b4.js 1/1
upcoming: http:/us.js2.yimg.com/us.js.yimg.com/lib/common/utils/2/event_2.0.0-b4.js 1/1
upcoming: http:/us.js2.yimg.com/us.js.yimg.com/lib/common/utils/2/yahoo_2.0.0-b4.js 1/1
upcoming_single: http:/us.js2.yimg.com/us.js.yimg.com/lib/common/utils/2/connection_2.1.0.js 1/88
upcoming_single: http:/us.js2.yimg.com/us.js.yimg.com/lib/common/widgets/2/autocomplete/autocomplete_2.1.0.js 42/176
upcoming_single: http:/us.js2.yimg.com/us.js.yimg.com/lib/common/widgets/2/container/container_2.1.0.js 44/146
upcoming_single: http:/us.js2.yimg.com/us.js.yimg.com/lib/common/widgets/2/calendar/calendar_2.1.0.js 42/106
upcoming_single: http:/us.js2.yimg.com/us.js.yimg.com/lib/common/utils/2/animation_2.1.0.js 1/1
upcoming_single: http:/us.js2.yimg.com/us.js.yimg.com/lib/common/utils/2/dragdrop_2.1.0.js 1/1
upcoming_single: http:/us.js2.yimg.com/us.js.yimg.com/lib/common/utils/2/yahoo-dom-event_2.1.0.js 1/1
