nytime: http:/pixel.quantserve.com/pixel/p-d1OIneAMAoamk.gif?media=ad&labels=_imp.adserver.doubleclick,_imp.publisher.52844009,_imp.placement.229311767,_imp.creative.38235888)(IT2@http:/pixel.quantserve.com/pixel/p-d1OIneAMAoamk.gif?media=ad&labels=_imp.adserver.doubleclick,_imp.publisher.52844009,_imp.placement.229311767,_imp.creative.38235888 0/0
nytime: http:/graphics8.nytimes.com/js/app/moth/moth.js 1/4
nytime: http:/graphics8.nytimes.com/js/app/analytics/wtbase.js 200/495
nytime: http:/ad.doubleclick.net/adj/N5364.nytimes/B4744290;sz=468x648;pc=nyt144379_243820;ord=2010.11.08.11.10.45;click=http:/www.nytimes.com/adx/bin/adx_click.html?type=goto&opzn&page=www.nytimes.com/yr/mo/day/business/media&pos=XXL&camp=Intel_US10q4CONCPre-1480628-nyt2&ad=US10q4CONCPre.Biz.Style.dart468x648&sn2=e8cd4b75/e2f4a291&snr=doubleclick&snx=1289214349&sn1=84e0f53e/b10ae845&goto= 328/757
nytime: http:/graphics8.nytimes.com/js/app/analytics/controller_v1.1.js 311/589
nytime: http:/graphics8.nytimes.com/js/app/analytics/trackingTags_v1.1.js 109/170
nytime: http:/graphics8.nytimes.com/js/app/analytics/revenuescience_all.js 116/165
nytime: http:/s0.2mdn.net/1873234/plcr_1394743_229311767_1291750291252.js 183/224
nytime: http:/www.google-analytics.com/ga.js 51/60
nytime: http:/graphics8.nytimes.com/js/app/analytics/wtinit.js 24/26
nytime: http:/s0.2mdn.net/879366/expandingGlobalTemplate_v2_57_05.js 117/122
nytime: JavaScriptStringJob 1/1
nytime: http:/b.scorecardresearch.com/beacon.js 1/1
nytime: http:/graphics8.nytimes.com/js/app/analytics/googleAnalytics/controller.js 7/7
nytime: http:/graphics8.nytimes.com/js/app/analytics/googleAnalytics/initialize.js 8/8
nytime: http:/static.chartbeat.com/js/chartbeat.js 12/12
nytime: http:/wt.o.nytimes.com/dcsym57yw10000s1s8g0boozt_9t1x/wtid.js 1/1
nytime: http:/pixel.quantserve.com/pixel/p-d1OIneAMAoamk.gif?media=ad&labels=_imp.adserver.doubleclick,_imp.publisher.52844009,_imp.placement.229311767,_imp.creative.38235888)(IT2@http:/pixel.quantserve.com/pixel/p-d1OIneAMAoamk.gif?media=ad&labels=_imp.adserver.doubleclick,_imp.publisher.52844009,_imp.placement.229311767,_imp.creative.38235888 0/0
nytime: http:/graphics8.nytimes.com/js/app/moth/moth.js 1/4
nytime: http:/graphics8.nytimes.com/js/app/analytics/wtbase.js 200/495
nytime: http:/ad.doubleclick.net/adj/N5364.nytimes/B4744290;sz=468x648;pc=nyt144379_243820;ord=2010.11.08.11.10.45;click=http:/www.nytimes.com/adx/bin/adx_click.html?type=goto&opzn&page=www.nytimes.com/yr/mo/day/business/media&pos=XXL&camp=Intel_US10q4CONCPre-1480628-nyt2&ad=US10q4CONCPre.Biz.Style.dart468x648&sn2=e8cd4b75/e2f4a291&snr=doubleclick&snx=1289214349&sn1=84e0f53e/b10ae845&goto= 328/757
nytime: http:/graphics8.nytimes.com/js/app/analytics/controller_v1.1.js 311/589
nytime: http:/graphics8.nytimes.com/js/app/analytics/trackingTags_v1.1.js 109/170
nytime: http:/graphics8.nytimes.com/js/app/analytics/revenuescience_all.js 116/165
nytime: http:/s0.2mdn.net/1873234/plcr_1394743_229311767_1291750291252.js 183/224
nytime: http:/www.google-analytics.com/ga.js 51/60
nytime: http:/graphics8.nytimes.com/js/app/analytics/wtinit.js 24/26
nytime: http:/s0.2mdn.net/879366/expandingGlobalTemplate_v2_57_05.js 117/122
nytime: JavaScriptStringJob 1/1
nytime: http:/b.scorecardresearch.com/beacon.js 1/1
nytime: http:/graphics8.nytimes.com/js/app/analytics/googleAnalytics/controller.js 7/7
nytime: http:/graphics8.nytimes.com/js/app/analytics/googleAnalytics/initialize.js 8/8
nytime: http:/static.chartbeat.com/js/chartbeat.js 12/12
nytime: http:/wt.o.nytimes.com/dcsym57yw10000s1s8g0boozt_9t1x/wtid.js 1/1
