arrays: ../src/noVNC/include/webutil.js 17/67
arrays: ../src/noVNC/include/util.js 42/145
arrays: ../src/noVNC/include/webutil.js 17/67
arrays: ../src/noVNC/include/util.js 42/145
base64: ../src/noVNC/include/base64.js 1/40
base64: ../src/noVNC/include/webutil.js 17/67
base64: ../src/noVNC/include/util.js 42/145
arrays: ../src/noVNC/include/webutil.js 17/67
arrays: ../src/noVNC/include/util.js 42/145
base64: ../src/noVNC/include/base64.js 1/40
base64: ../src/noVNC/include/webutil.js 17/67
base64: ../src/noVNC/include/util.js 42/145
canvas: ../src/noVNC/include/base64.js 1/40
canvas: ../src/noVNC/include/display.js 86/375
canvas: ../src/noVNC/include/webutil.js 17/67
canvas: ../src/noVNC/include/util.js 68/145
arrays: ../src/noVNC/include/webutil.js 17/67
arrays: ../src/noVNC/include/util.js 42/145
base64: ../src/noVNC/include/base64.js 1/40
base64: ../src/noVNC/include/webutil.js 17/67
base64: ../src/noVNC/include/util.js 42/145
canvas: ../src/noVNC/include/base64.js 1/40
canvas: ../src/noVNC/include/display.js 86/375
canvas: ../src/noVNC/include/webutil.js 17/67
canvas: ../src/noVNC/include/util.js 68/145
cursor: ../src/noVNC/include/base64.js 1/40
cursor: ../src/noVNC/include/webutil.js 17/67
cursor: ../src/noVNC/include/util.js 42/145
arrays: ../src/noVNC/include/webutil.js 17/67
arrays: ../src/noVNC/include/util.js 42/145
base64: ../src/noVNC/include/base64.js 1/40
base64: ../src/noVNC/include/webutil.js 17/67
base64: ../src/noVNC/include/util.js 42/145
canvas: ../src/noVNC/include/base64.js 1/40
canvas: ../src/noVNC/include/display.js 86/375
canvas: ../src/noVNC/include/webutil.js 17/67
canvas: ../src/noVNC/include/util.js 68/145
cursor: ../src/noVNC/include/base64.js 1/40
cursor: ../src/noVNC/include/webutil.js 17/67
cursor: ../src/noVNC/include/util.js 42/145
input: ../src/noVNC/include/input.js 3/302
input: ../src/noVNC/include/base64.js 1/40
input: ../src/noVNC/include/display.js 86/375
input: ../src/noVNC/include/webutil.js 17/67
input: ../src/noVNC/include/util.js 68/145
arrays: ../src/noVNC/include/webutil.js 17/67
arrays: ../src/noVNC/include/util.js 42/145
base64: ../src/noVNC/include/base64.js 1/40
base64: ../src/noVNC/include/webutil.js 17/67
base64: ../src/noVNC/include/util.js 42/145
canvas: ../src/noVNC/include/base64.js 1/40
canvas: ../src/noVNC/include/display.js 86/375
canvas: ../src/noVNC/include/webutil.js 17/67
canvas: ../src/noVNC/include/util.js 68/145
cursor: ../src/noVNC/include/base64.js 1/40
cursor: ../src/noVNC/include/webutil.js 17/67
cursor: ../src/noVNC/include/util.js 42/145
input: ../src/noVNC/include/input.js 3/302
input: ../src/noVNC/include/base64.js 1/40
input: ../src/noVNC/include/display.js 86/375
input: ../src/noVNC/include/webutil.js 17/67
input: ../src/noVNC/include/util.js 68/145
viewport: ../src/noVNC/include/input.js 3/302
viewport: ../src/noVNC/include/base64.js 1/40
viewport: ../src/noVNC/include/display.js 86/375
viewport: ../src/noVNC/include/webutil.js 17/67
viewport: ../src/noVNC/include/util.js 68/145
arrays: ../src/noVNC/include/webutil.js 17/67
arrays: ../src/noVNC/include/util.js 42/145
base64: ../src/noVNC/include/base64.js 1/40
base64: ../src/noVNC/include/webutil.js 17/67
base64: ../src/noVNC/include/util.js 42/145
canvas: ../src/noVNC/include/base64.js 1/40
canvas: ../src/noVNC/include/display.js 86/375
canvas: ../src/noVNC/include/webutil.js 17/67
canvas: ../src/noVNC/include/util.js 68/145
cursor: ../src/noVNC/include/base64.js 1/40
cursor: ../src/noVNC/include/webutil.js 17/67
cursor: ../src/noVNC/include/util.js 42/145
input: ../src/noVNC/include/input.js 3/302
input: ../src/noVNC/include/base64.js 1/40
input: ../src/noVNC/include/display.js 86/375
input: ../src/noVNC/include/webutil.js 17/67
input: ../src/noVNC/include/util.js 68/145
viewport: ../src/noVNC/include/input.js 3/302
viewport: ../src/noVNC/include/base64.js 1/40
viewport: ../src/noVNC/include/display.js 86/375
viewport: ../src/noVNC/include/webutil.js 17/67
viewport: ../src/noVNC/include/util.js 68/145
arrays: ../src/noVNC/include/webutil.js 17/67
arrays: ../src/noVNC/include/util.js 42/145
base64: ../src/noVNC/include/base64.js 1/40
base64: ../src/noVNC/include/webutil.js 17/67
base64: ../src/noVNC/include/util.js 42/145
canvas: ../src/noVNC/include/base64.js 1/40
canvas: ../src/noVNC/include/display.js 86/375
canvas: ../src/noVNC/include/webutil.js 17/67
canvas: ../src/noVNC/include/util.js 68/145
cursor: ../src/noVNC/include/base64.js 1/40
cursor: ../src/noVNC/include/webutil.js 17/67
cursor: ../src/noVNC/include/util.js 42/145
input: ../src/noVNC/include/input.js 3/302
input: ../src/noVNC/include/base64.js 1/40
input: ../src/noVNC/include/display.js 86/375
input: ../src/noVNC/include/webutil.js 17/67
input: ../src/noVNC/include/util.js 68/145
viewport: ../src/noVNC/include/input.js 3/302
viewport: ../src/noVNC/include/base64.js 1/40
viewport: ../src/noVNC/include/display.js 86/375
viewport: ../src/noVNC/include/webutil.js 17/67
viewport: ../src/noVNC/include/util.js 68/145
