W3C-Selector-tests-nwmatcher: ../src/nwmatcher/src/nwmatcher.js 313/471
W3C-Selector-tests-nwmatcher: ../src/nwmatcher/src/nwmatcher.js 313/471
W3C-Selector-tests-nwmatcher: ../src/nwmatcher/src/nwmatcher.js 313/471
W3C-Selector-tests-nwmatcher: ../src/nwmatcher/src/nwmatcher.js 313/471
W3C-Selector-tests-nwmatcher: ../src/nwmatcher/src/nwmatcher.js 313/471
html5test: ../src/nwmatcher/src/nwmatcher.js 109/471
W3C-Selector-tests-nwmatcher: ../src/nwmatcher/src/nwmatcher.js 313/471
html5test: ../src/nwmatcher/src/nwmatcher.js 109/471
W3C-Selector-tests-nwmatcher: ../src/nwmatcher/src/nwmatcher.js 313/471
html5test: ../src/nwmatcher/src/nwmatcher.js 109/471
jquery: ../src/nwmatcher/src/modules/nwmatcher-jquery.js 7/42
jquery: ../src/nwmatcher/src/nwmatcher.js 212/471
W3C-Selector-tests-nwmatcher: ../src/nwmatcher/src/nwmatcher.js 313/471
html5test: ../src/nwmatcher/src/nwmatcher.js 109/471
jquery: ../src/nwmatcher/src/modules/nwmatcher-jquery.js 7/42
jquery: ../src/nwmatcher/src/nwmatcher.js 212/471
W3C-Selector-tests-nwmatcher: ../src/nwmatcher/src/nwmatcher.js 313/471
html5test: ../src/nwmatcher/src/nwmatcher.js 109/471
jquery: ../src/nwmatcher/src/modules/nwmatcher-jquery.js 7/42
jquery: ../src/nwmatcher/src/nwmatcher.js 212/471
nwmatcher-proto-test: ../src/nwmatcher/src/nwmatcher.js 255/471
W3C-Selector-tests-nwmatcher: ../src/nwmatcher/src/nwmatcher.js 313/471
html5test: ../src/nwmatcher/src/nwmatcher.js 109/471
jquery: ../src/nwmatcher/src/modules/nwmatcher-jquery.js 7/42
jquery: ../src/nwmatcher/src/nwmatcher.js 212/471
nwmatcher-proto-test: ../src/nwmatcher/src/nwmatcher.js 255/471
selector_engine_test: ../src/nwmatcher/src/nwmatcher.js 93/471
selector_engine_test: ../src/nwmatcher/test/prototype/assets/prototype.js?1267715612 810/2811
selector_engine_test: ../src/nwmatcher/test/prototype/lib_assets/unittest.js?1267715612 147/282
selector_engine_test: ../src/nwmatcher/test/prototype/tests/selector_engine_test.js?1267715612 20/20
W3C-Selector-tests-nwmatcher: ../src/nwmatcher/src/nwmatcher.js 313/471
html5test: ../src/nwmatcher/src/nwmatcher.js 109/471
jquery: ../src/nwmatcher/src/modules/nwmatcher-jquery.js 7/42
jquery: ../src/nwmatcher/src/nwmatcher.js 212/471
nwmatcher-proto-test: ../src/nwmatcher/src/nwmatcher.js 255/471
selector_engine_test: ../src/nwmatcher/src/nwmatcher.js 93/471
selector_engine_test: ../src/nwmatcher/test/prototype/assets/prototype.js?1267715612 810/2811
selector_engine_test: ../src/nwmatcher/test/prototype/lib_assets/unittest.js?1267715612 147/282
selector_engine_test: ../src/nwmatcher/test/prototype/tests/selector_engine_test.js?1267715612 20/20
selector_test: ../src/nwmatcher/test/prototype/assets/prototype.js?1267715612 1046/2811
selector_test: ../src/nwmatcher/src/nwmatcher.js 207/471
selector_test: ../src/nwmatcher/test/prototype/lib_assets/unittest.js?1267715612 173/282
selector_test: ../src/nwmatcher/test/prototype/tests/selector_test.js?1267715612 234/245
W3C-Selector-tests-nwmatcher: ../src/nwmatcher/src/nwmatcher.js 313/471
html5test: ../src/nwmatcher/src/nwmatcher.js 109/471
jquery: ../src/nwmatcher/src/modules/nwmatcher-jquery.js 7/42
jquery: ../src/nwmatcher/src/nwmatcher.js 212/471
nwmatcher-proto-test: ../src/nwmatcher/src/nwmatcher.js 255/471
selector_engine_test: ../src/nwmatcher/src/nwmatcher.js 93/471
selector_engine_test: ../src/nwmatcher/test/prototype/assets/prototype.js?1267715612 810/2811
selector_engine_test: ../src/nwmatcher/test/prototype/lib_assets/unittest.js?1267715612 147/282
selector_engine_test: ../src/nwmatcher/test/prototype/tests/selector_engine_test.js?1267715612 20/20
selector_test: ../src/nwmatcher/test/prototype/assets/prototype.js?1267715612 1046/2811
selector_test: ../src/nwmatcher/src/nwmatcher.js 207/471
selector_test: ../src/nwmatcher/test/prototype/lib_assets/unittest.js?1267715612 173/282
selector_test: ../src/nwmatcher/test/prototype/tests/selector_test.js?1267715612 234/245
W3C-Selector-tests-nwmatcher: ../src/nwmatcher/src/nwmatcher.js 313/471
html5test: ../src/nwmatcher/src/nwmatcher.js 109/471
jquery: ../src/nwmatcher/src/modules/nwmatcher-jquery.js 7/42
jquery: ../src/nwmatcher/src/nwmatcher.js 212/471
nwmatcher-proto-test: ../src/nwmatcher/src/nwmatcher.js 255/471
selector_engine_test: ../src/nwmatcher/src/nwmatcher.js 93/471
selector_engine_test: ../src/nwmatcher/test/prototype/assets/prototype.js?1267715612 810/2811
selector_engine_test: ../src/nwmatcher/test/prototype/lib_assets/unittest.js?1267715612 147/282
selector_engine_test: ../src/nwmatcher/test/prototype/tests/selector_engine_test.js?1267715612 20/20
selector_test: ../src/nwmatcher/test/prototype/assets/prototype.js?1267715612 1046/2811
selector_test: ../src/nwmatcher/src/nwmatcher.js 207/471
selector_test: ../src/nwmatcher/test/prototype/lib_assets/unittest.js?1267715612 173/282
selector_test: ../src/nwmatcher/test/prototype/tests/selector_test.js?1267715612 234/245
test: ../src/nwmatcher/src/nwmatcher.js 257/471
