test-obviel-forms: ../src/obviel/src/dependencies/jquery-ui.js 233/4734
test-obviel-forms: ../src/obviel/src/dependencies/json2.js 11/89
test-obviel-forms: ../src/obviel/src/dependencies/Gettext.js 48/361
test-obviel-forms: ../src/obviel/src/obviel/obviel-forms-autocomplete.js 14/106
test-obviel-forms: ../src/obviel/src/obviel/obviel-forms-datepicker.js 14/39
test-obviel-forms: ../src/obviel/src/dependencies/jquery.js 1382/3447
test-obviel-forms: ../src/obviel/src/obviel/obviel-template.js 561/1162
test-obviel-forms: ../src/obviel/src/dependencies/qunit.js 365/740
test-obviel-forms: ../src/obviel/src/obviel/obviel.js 372/545
test-obviel-forms: ../src/obviel/src/dependencies/jquery.datalink.js 97/119
test-obviel-forms: ../src/obviel/src/obviel/obviel-forms.js 665/820
test-obviel: ../src/obviel/src/dependencies/Gettext.js 141/361
test-obviel: ../src/obviel/src/dependencies/jquery.js 1349/3447
test-obviel: ../src/obviel/src/dependencies/jquery.mockjax.js 90/216
test-obviel: ../src/obviel/src/dependencies/json-template.js 169/395
test-obviel: ../src/obviel/src/dependencies/qunit.js 380/740
test-obviel: ../src/obviel/src/obviel/obviel-i18n.js 81/122
test-obviel: ../src/obviel/src/obviel/obviel-template.js 862/1162
test-obviel: ../src/obviel/src/obviel/obviel.js 486/545
test-obviel-i18n: ../src/obviel/src/dependencies/json2.js 11/89
test-obviel-i18n: ../src/obviel/src/obviel/obviel-template.js 191/1162
test-obviel-i18n: ../src/obviel/src/obviel/obviel.js 112/545
test-obviel-i18n: ../src/obviel/src/dependencies/jquery.js 1024/3447
test-obviel-i18n: ../src/obviel/src/dependencies/Gettext.js 143/361
test-obviel-i18n: ../src/obviel/src/dependencies/jquery.mockjax.js 89/216
test-obviel-i18n: ../src/obviel/src/dependencies/qunit.js 353/740
test-obviel-i18n: ../src/obviel/src/obviel/obviel-i18n.js 112/122
test-obviel-patterns: ../src/obviel/src/dependencies/json-template.js 41/395
test-obviel-patterns: ../src/obviel/src/dependencies/jquery.js 855/3447
test-obviel-patterns: ../src/obviel/src/dependencies/qunit.js 362/740
test-obviel-patterns: ../src/obviel/src/obviel/obviel.js 288/545
test-obviel-patterns: ../src/obviel/src/obviel/obviel-patterns.js 10/10
test-obviel-template: ../src/obviel/src/dependencies/json-template.js 41/395
test-obviel-template: ../src/obviel/src/dependencies/json2.js 11/89
test-obviel-template: ../src/obviel/src/dependencies/jquery.js 1296/3447
test-obviel-template: ../src/obviel/src/dependencies/jquery.mockjax.js 86/216
test-obviel-template: ../src/obviel/src/obviel/obviel.js 277/545
test-obviel-template: ../src/obviel/src/dependencies/qunit.js 474/740
test-obviel-template: ../src/obviel/src/obviel/obviel-template.js 1112/1162
test-obviel-template-perf: ../src/obviel/src/dependencies/json-template.js 41/395
test-obviel-template-perf: ../src/obviel/src/obviel/obviel.js 130/545
test-obviel-template-perf: ../src/obviel/src/dependencies/jquery.js 857/3447
test-obviel-template-perf: ../src/obviel/src/dependencies/qunit.js 290/740
test-obviel-template-perf: ../src/obviel/src/obviel/obviel-template.js 551/1162
test-obviel-traject: ../src/obviel/src/dependencies/jshint.js 259/1919
test-obviel-traject: ../src/obviel/src/dependencies/jquery.js 574/3447
test-obviel-traject: ../src/obviel/src/dependencies/qunit.js 372/740
test-obviel-traject: ../src/obviel/src/obviel/obviel-traject.js 209/210
