index-images: ../src/olelo/static/mathjax/MathJax.js 11/11
index-images: ../src/olelo/static/mathjax/MathJax.js 11/11
index: ../src/olelo/static/mathjax/MathJax.js 11/11
index-images: ../src/olelo/static/mathjax/MathJax.js 11/11
index: ../src/olelo/static/mathjax/MathJax.js 11/11
sample-dynamic: ../src/olelo/static/mathjax/MathJax.js 11/11
index-images: ../src/olelo/static/mathjax/MathJax.js 11/11
index: ../src/olelo/static/mathjax/MathJax.js 11/11
sample-dynamic: ../src/olelo/static/mathjax/MathJax.js 11/11
sample-mml: ../src/olelo/static/mathjax/MathJax.js 11/11
index-images: ../src/olelo/static/mathjax/MathJax.js 11/11
index: ../src/olelo/static/mathjax/MathJax.js 11/11
sample-dynamic: ../src/olelo/static/mathjax/MathJax.js 11/11
sample-mml: ../src/olelo/static/mathjax/MathJax.js 11/11
sample-signals: ../src/olelo/static/mathjax/MathJax.js 11/11
index-images: ../src/olelo/static/mathjax/MathJax.js 11/11
index: ../src/olelo/static/mathjax/MathJax.js 11/11
sample-dynamic: ../src/olelo/static/mathjax/MathJax.js 11/11
sample-mml: ../src/olelo/static/mathjax/MathJax.js 11/11
sample-signals: ../src/olelo/static/mathjax/MathJax.js 11/11
sample-tex: ../src/olelo/static/mathjax/MathJax.js 11/11
index-images: ../src/olelo/static/mathjax/MathJax.js 11/11
index: ../src/olelo/static/mathjax/MathJax.js 11/11
sample-dynamic: ../src/olelo/static/mathjax/MathJax.js 11/11
sample-mml: ../src/olelo/static/mathjax/MathJax.js 11/11
sample-signals: ../src/olelo/static/mathjax/MathJax.js 11/11
sample-tex: ../src/olelo/static/mathjax/MathJax.js 11/11
sample-tex2mml: ../src/olelo/static/mathjax/MathJax.js 11/11
index-images: ../src/olelo/static/mathjax/MathJax.js 11/11
index: ../src/olelo/static/mathjax/MathJax.js 11/11
sample-dynamic: ../src/olelo/static/mathjax/MathJax.js 11/11
sample-mml: ../src/olelo/static/mathjax/MathJax.js 11/11
sample-signals: ../src/olelo/static/mathjax/MathJax.js 11/11
sample-tex: ../src/olelo/static/mathjax/MathJax.js 11/11
sample-tex2mml: ../src/olelo/static/mathjax/MathJax.js 11/11
sample: ../src/olelo/static/mathjax/MathJax.js 11/11
