appstore: ../src/openwebapps/site/jsapi/include.js 53/460
appstore: ../src/openwebapps/site/jsapi/include.js 53/460
appstore: ../src/openwebapps/site/jsapi/include.js 53/460
appstore: ../src/openwebapps/site/jsapi/include.js 53/460
appstore: ../src/openwebapps/site/jsapi/include.js 53/460
appstore: ../src/openwebapps/site/jsapi/include.js 53/460
appstore: ../src/openwebapps/site/jsapi/include.js 53/460
appstore: ../src/openwebapps/site/jsapi/include.js 53/460
appstore: ../src/openwebapps/site/jsapi/include.js 53/460
appstore: ../src/openwebapps/site/jsapi/include.js 53/460
appstore: ../src/openwebapps/site/jsapi/include.js 53/460
appstore: ../src/openwebapps/site/jsapi/include.js 53/460
appstore: ../src/openwebapps/site/jsapi/include.js 53/460
appstore: ../src/openwebapps/site/jsapi/include.js 53/460
appstore: ../src/openwebapps/site/jsapi/include.js 53/460
appstore: ../src/openwebapps/site/jsapi/include.js 53/460
appstore: ../src/openwebapps/site/jsapi/include.js 53/460
appstore: ../src/openwebapps/site/jsapi/include.js 53/460
appstore: ../src/openwebapps/site/jsapi/include.js 53/460
mock-server: ../src/openwebapps/sync/sync.js 53/610
mock-server: ../src/openwebapps/sync/mock-server.js 9/70
appstore: ../src/openwebapps/site/jsapi/include.js 53/460
mock-server: ../src/openwebapps/sync/sync.js 53/610
mock-server: ../src/openwebapps/sync/mock-server.js 9/70
scheduler: ../src/openwebapps/sync/sync.js 53/610
scheduler: ../src/openwebapps/sync/mock-server.js 9/70
appstore: ../src/openwebapps/site/jsapi/include.js 53/460
mock-server: ../src/openwebapps/sync/sync.js 53/610
mock-server: ../src/openwebapps/sync/mock-server.js 9/70
scheduler: ../src/openwebapps/sync/sync.js 53/610
scheduler: ../src/openwebapps/sync/mock-server.js 9/70
sync-service: ../src/openwebapps/sync/sync.js 53/610
sync-service: ../src/openwebapps/sync/mock-server.js 9/70
