index: ../src/paper.js/src/item/Raster.js 1/126
index: ../src/paper.js/src/util/BlendMode.js 1/115
index: ../src/paper.js/src/path/PathFitter.js 1/90
index: ../src/paper.js/src/tool/Tool.js 1/85
index: ../src/paper.js/src/color/Gradient.js 1/38
index: ../src/paper.js/src/color/GradientColor.js 1/44
index: ../src/paper.js/src/core/PaperScope.js 1/34
index: ../src/paper.js/src/item/Item.js 12/416
index: ../src/paper.js/src/path/CurveLocation.js 1/45
index: ../src/paper.js/src/path/Path.js 15/595
index: ../src/paper.js/src/path/PathFlattener.js 1/48
index: ../src/paper.js/src/project/Project.js 2/68
index: ../src/paper.js/src/basic/Matrix.js 5/149
index: ../src/paper.js/src/color/GradientStop.js 1/31
index: ../src/paper.js/src/item/Group.js 1/29
index: ../src/paper.js/src/tool/ToolEvent.js 1/30
index: ../src/paper.js/src/basic/Point.js 8/134
index: ../src/paper.js/src/browser/DomElement.js 1/18
index: ../src/paper.js/src/path/Curve.js 12/229
index: ../src/paper.js/src/project/Symbol.js 1/19
index: ../src/paper.js/src/text/TextItem.js 1/16
index: ../src/paper.js/src/util/CanvasProvider.js 1/15
index: ../src/paper.js/src/basic/Size.js 5/69
index: ../src/paper.js/src/path/Path.Constructors.js 4/54
index: ../src/paper.js/src/ui/CanvasView.js 7/99
index: ../src/paper.js/src/item/PlacedSymbol.js 1/12
index: ../src/paper.js/src/ui/View.js 15/171
index: ../src/paper.js/src/util/Numerical.js 5/59
index: ../src/paper.js/src/text/PointText.js 3/33
index: ../src/paper.js/src/path/Segment.js 12/112
index: ../src/paper.js/src/ui/Event.js 1/10
index: ../src/paper.js/lib/prepro.js 1/9
index: ../src/paper.js/lib/stats.js 1/8
index: ../src/paper.js/src/basic/Rectangle.js 18/136
index: ../src/paper.js/src/path/CompoundPath.js 6/46
index: ../src/paper.js/src/ui/MouseEvent.js 1/7
index: ../src/paper.js/src/item/HitResult.js 1/6
index: ../src/paper.js/src/item/Layer.js 4/25
index: ../src/paper.js/src/ui/Key.js 5/31
index: ../src/paper.js/src/ui/KeyEvent.js 1/6
index: ../src/paper.js/src/color/Color.js 26/141
index: ../src/paper.js/src/core/PaperScopeItem.js 3/16
index: ../src/paper.js/src/browser/DomEvent.js 11/48
index: ../src/paper.js/src/core/Base.js 10/42
index: ../src/paper.js/src/style/Style.js 12/50
index: ../src/paper.js/src/core/PaperScript.js 23/90
index: ../src/paper.js/src/style/CharacterStyle.js 1/4
index: ../src/paper.js/src/basic/Line.js 7/26
index: ../src/paper.js/src/core/Callback.js 14/53
index: ../src/paper.js/src/core/initialize.js 2/7
index: ../src/paper.js/src/path/SegmentPoint.js 11/31
index: ../src/paper.js/src/util/ProxyContext.js 11/28
index: ../src/paper.js/lib/bootstrap.js 85/116
index: ../src/paper.js/src/paper.js 65/67
index: ../src/paper.js/lib/parse-js-min.js 1/1
index: ../src/paper.js/src/item/ChangeFlag.js 2/2
index: ../src/paper.js/src/item/PlacedItem.js 1/1
index: ../src/paper.js/src/load.js 2/2
index: ../src/paper.js/src/path/PathItem.js 1/1
index: ../src/paper.js/src/path/SelectionState.js 1/1
index: ../src/paper.js/src/style/ParagraphStyle.js 1/1
index: ../src/paper.js/src/style/PathStyle.js 1/1
