test: ../src/phpjs/_workbench/session/$_SESSION.js 2/14
test: ../src/phpjs/_workbench/session/php.default.min.js 253/869
test: http:/github.com/jquery/qunit/raw/master/qunit/qunit.js 384/779
test: ../src/phpjs/_workbench/session/session_start.js 26/37
test: ../src/phpjs/_workbench/session/session_utils.js 5/6
test: ../src/phpjs/_workbench/session/session_encode.js 7/8
test: ../src/phpjs/_workbench/session/session_destroy.js 12/13
test: ../src/phpjs/_workbench/session/$_SESSION.js 2/14
test: ../src/phpjs/_workbench/session/php.default.min.js 253/869
test: http:/github.com/jquery/qunit/raw/master/qunit/qunit.js 384/779
test: ../src/phpjs/_workbench/session/session_start.js 26/37
test: ../src/phpjs/_workbench/session/session_utils.js 5/6
test: ../src/phpjs/_workbench/session/session_encode.js 7/8
test: ../src/phpjs/_workbench/session/session_destroy.js 12/13
test2: ../src/phpjs/_workbench/session/php.default.min.js 253/869
test2: http:/github.com/jquery/qunit/raw/master/qunit/qunit.js 364/779
test2: ../src/phpjs/_workbench/session/session_start.js 26/37
test2: ../src/phpjs/_workbench/session/session_utils.js 5/6
test: ../src/phpjs/_workbench/session/$_SESSION.js 2/14
test: ../src/phpjs/_workbench/session/php.default.min.js 253/869
test: http:/github.com/jquery/qunit/raw/master/qunit/qunit.js 384/779
test: ../src/phpjs/_workbench/session/session_start.js 26/37
test: ../src/phpjs/_workbench/session/session_utils.js 5/6
test: ../src/phpjs/_workbench/session/session_encode.js 7/8
test: ../src/phpjs/_workbench/session/session_destroy.js 12/13
test2: ../src/phpjs/_workbench/session/php.default.min.js 253/869
test2: http:/github.com/jquery/qunit/raw/master/qunit/qunit.js 364/779
test2: ../src/phpjs/_workbench/session/session_start.js 26/37
test2: ../src/phpjs/_workbench/session/session_utils.js 5/6
test: http:/github.com/jquery/qunit/raw/master/qunit/qunit.js 364/779
test: ../src/phpjs/_workbench/session/$_SESSION.js 2/14
test: ../src/phpjs/_workbench/session/php.default.min.js 253/869
test: http:/github.com/jquery/qunit/raw/master/qunit/qunit.js 384/779
test: ../src/phpjs/_workbench/session/session_start.js 26/37
test: ../src/phpjs/_workbench/session/session_utils.js 5/6
test: ../src/phpjs/_workbench/session/session_encode.js 7/8
test: ../src/phpjs/_workbench/session/session_destroy.js 12/13
test2: ../src/phpjs/_workbench/session/php.default.min.js 253/869
test2: http:/github.com/jquery/qunit/raw/master/qunit/qunit.js 364/779
test2: ../src/phpjs/_workbench/session/session_start.js 26/37
test2: ../src/phpjs/_workbench/session/session_utils.js 5/6
test: http:/github.com/jquery/qunit/raw/master/qunit/qunit.js 364/779
test2: http:/github.com/jquery/qunit/raw/master/qunit/qunit.js 364/779
