array.extensions: ../src/protolicious/lib/prototype.js 543/2049
array.extensions: ../src/protolicious/array.extensions.js 7/17
array.extensions: ../src/protolicious/lib/prototype.js 543/2049
array.extensions: ../src/protolicious/array.extensions.js 7/17
element.methods: ../src/protolicious/lib/prototype.js 557/2049
element.methods: ../src/protolicious/element.methods.js 41/118
array.extensions: ../src/protolicious/lib/prototype.js 543/2049
array.extensions: ../src/protolicious/array.extensions.js 7/17
element.methods: ../src/protolicious/lib/prototype.js 557/2049
element.methods: ../src/protolicious/element.methods.js 41/118
form.element.methods: ../src/protolicious/lib/prototype.js 550/2049
form.element.methods: ../src/protolicious/form.element.methods.js 12/17
array.extensions: ../src/protolicious/lib/prototype.js 543/2049
array.extensions: ../src/protolicious/array.extensions.js 7/17
element.methods: ../src/protolicious/lib/prototype.js 557/2049
element.methods: ../src/protolicious/element.methods.js 41/118
form.element.methods: ../src/protolicious/lib/prototype.js 550/2049
form.element.methods: ../src/protolicious/form.element.methods.js 12/17
function.extensions: ../src/protolicious/lib/prototype.js 571/2049
function.extensions: ../src/protolicious/function.extensions.js 31/32
array.extensions: ../src/protolicious/lib/prototype.js 543/2049
array.extensions: ../src/protolicious/array.extensions.js 7/17
element.methods: ../src/protolicious/lib/prototype.js 557/2049
element.methods: ../src/protolicious/element.methods.js 41/118
form.element.methods: ../src/protolicious/lib/prototype.js 550/2049
form.element.methods: ../src/protolicious/form.element.methods.js 12/17
function.extensions: ../src/protolicious/lib/prototype.js 571/2049
function.extensions: ../src/protolicious/function.extensions.js 31/32
object.extensions: ../src/protolicious/lib/prototype.js 546/2049
object.extensions: ../src/protolicious/object.extensions.js 26/44
array.extensions: ../src/protolicious/lib/prototype.js 543/2049
array.extensions: ../src/protolicious/array.extensions.js 7/17
element.methods: ../src/protolicious/lib/prototype.js 557/2049
element.methods: ../src/protolicious/element.methods.js 41/118
form.element.methods: ../src/protolicious/lib/prototype.js 550/2049
form.element.methods: ../src/protolicious/form.element.methods.js 12/17
function.extensions: ../src/protolicious/lib/prototype.js 571/2049
function.extensions: ../src/protolicious/function.extensions.js 31/32
object.extensions: ../src/protolicious/lib/prototype.js 546/2049
object.extensions: ../src/protolicious/object.extensions.js 26/44
protoquery: ../src/protolicious/protoquery/jquery_adapter.js 1/7
protoquery: ../src/protolicious/lib/prototype.js 524/2049
protoquery: ../src/protolicious/protoquery/protoquery.js 25/50
array.extensions: ../src/protolicious/lib/prototype.js 543/2049
array.extensions: ../src/protolicious/array.extensions.js 7/17
element.methods: ../src/protolicious/lib/prototype.js 557/2049
element.methods: ../src/protolicious/element.methods.js 41/118
form.element.methods: ../src/protolicious/lib/prototype.js 550/2049
form.element.methods: ../src/protolicious/form.element.methods.js 12/17
function.extensions: ../src/protolicious/lib/prototype.js 571/2049
function.extensions: ../src/protolicious/function.extensions.js 31/32
object.extensions: ../src/protolicious/lib/prototype.js 546/2049
object.extensions: ../src/protolicious/object.extensions.js 26/44
protoquery: ../src/protolicious/protoquery/jquery_adapter.js 1/7
protoquery: ../src/protolicious/lib/prototype.js 524/2049
protoquery: ../src/protolicious/protoquery/protoquery.js 25/50
string.extensions: ../src/protolicious/lib/prototype.js 528/2049
string.extensions: ../src/protolicious/string.extensions.js 9/17
