manual: ../src/pusher-js/src/pusher_connection.js 21/219
manual: ../src/pusher-js/src/pusher_channels.js 12/83
manual: ../src/pusher-js/src/pusher_machine.js 10/32
manual: ../src/pusher-js/src/pusher.js 35/97
manual: ../src/pusher-js/src/pusher_event_dispatcher.js 16/39
manual: ../src/pusher-js/src/dependencies.js 33/60
manual: ../src/pusher-js/src/pusher_connection.js 21/219
manual: ../src/pusher-js/src/pusher_channels.js 12/83
manual: ../src/pusher-js/src/pusher_machine.js 10/32
manual: ../src/pusher-js/src/pusher.js 35/97
manual: ../src/pusher-js/src/pusher_event_dispatcher.js 16/39
manual: ../src/pusher-js/src/dependencies.js 33/60
index: ../src/pusher-js/src/pusher_connection.js 17/219
index: ../src/pusher-js/src/pusher_authorizer.js 5/44
index: ../src/pusher-js/src/pusher_channels.js 11/83
index: ../src/pusher-js/src/pusher.js 27/97
index: ../src/pusher-js/src/pusher_event_dispatcher.js 12/39
index: ../src/pusher-js/src/pusher_machine.js 10/32
index: ../src/pusher-js/src/net_info.js 5/15
index: ../src/pusher-js/src/dependencies.js 33/60
