ChildrenHandling: ../src/qooxdoo/application/demobrowser/source/demo/helper.js 39/41
ChildrenHandling: ../src/qooxdoo/application/demobrowser/source/demo/helper.js 39/41
Decoration_UseCases: ../src/qooxdoo/application/demobrowser/source/demo/helper.js 39/41
ChildrenHandling: ../src/qooxdoo/application/demobrowser/source/demo/helper.js 39/41
Decoration_UseCases: ../src/qooxdoo/application/demobrowser/source/demo/helper.js 39/41
Decorator_Box: ../src/qooxdoo/application/demobrowser/source/demo/helper.js 39/41
ChildrenHandling: ../src/qooxdoo/application/demobrowser/source/demo/helper.js 39/41
Decoration_UseCases: ../src/qooxdoo/application/demobrowser/source/demo/helper.js 39/41
Decorator_Box: ../src/qooxdoo/application/demobrowser/source/demo/helper.js 39/41
Destructor: ../src/qooxdoo/application/demobrowser/source/demo/helper.js 39/41
ChildrenHandling: ../src/qooxdoo/application/demobrowser/source/demo/helper.js 39/41
Decoration_UseCases: ../src/qooxdoo/application/demobrowser/source/demo/helper.js 39/41
Decorator_Box: ../src/qooxdoo/application/demobrowser/source/demo/helper.js 39/41
Destructor: ../src/qooxdoo/application/demobrowser/source/demo/helper.js 39/41
Destructor_Flash: ../src/qooxdoo/application/demobrowser/source/demo/helper.js 39/41
ChildrenHandling: ../src/qooxdoo/application/demobrowser/source/demo/helper.js 39/41
Decoration_UseCases: ../src/qooxdoo/application/demobrowser/source/demo/helper.js 39/41
Decorator_Box: ../src/qooxdoo/application/demobrowser/source/demo/helper.js 39/41
Destructor: ../src/qooxdoo/application/demobrowser/source/demo/helper.js 39/41
Destructor_Flash: ../src/qooxdoo/application/demobrowser/source/demo/helper.js 39/41
Element_1: ../src/qooxdoo/application/demobrowser/source/demo/helper.js 39/41
ChildrenHandling: ../src/qooxdoo/application/demobrowser/source/demo/helper.js 39/41
Decoration_UseCases: ../src/qooxdoo/application/demobrowser/source/demo/helper.js 39/41
Decorator_Box: ../src/qooxdoo/application/demobrowser/source/demo/helper.js 39/41
Destructor: ../src/qooxdoo/application/demobrowser/source/demo/helper.js 39/41
Destructor_Flash: ../src/qooxdoo/application/demobrowser/source/demo/helper.js 39/41
Element_1: ../src/qooxdoo/application/demobrowser/source/demo/helper.js 39/41
Element_2: ../src/qooxdoo/application/demobrowser/source/demo/helper.js 39/41
ChildrenHandling: ../src/qooxdoo/application/demobrowser/source/demo/helper.js 39/41
Decoration_UseCases: ../src/qooxdoo/application/demobrowser/source/demo/helper.js 39/41
Decorator_Box: ../src/qooxdoo/application/demobrowser/source/demo/helper.js 39/41
Destructor: ../src/qooxdoo/application/demobrowser/source/demo/helper.js 39/41
Destructor_Flash: ../src/qooxdoo/application/demobrowser/source/demo/helper.js 39/41
Element_1: ../src/qooxdoo/application/demobrowser/source/demo/helper.js 39/41
Element_2: ../src/qooxdoo/application/demobrowser/source/demo/helper.js 39/41
Element_3: ../src/qooxdoo/application/demobrowser/source/demo/helper.js 39/41
ChildrenHandling: ../src/qooxdoo/application/demobrowser/source/demo/helper.js 39/41
Decoration_UseCases: ../src/qooxdoo/application/demobrowser/source/demo/helper.js 39/41
Decorator_Box: ../src/qooxdoo/application/demobrowser/source/demo/helper.js 39/41
Destructor: ../src/qooxdoo/application/demobrowser/source/demo/helper.js 39/41
Destructor_Flash: ../src/qooxdoo/application/demobrowser/source/demo/helper.js 39/41
Element_1: ../src/qooxdoo/application/demobrowser/source/demo/helper.js 39/41
Element_2: ../src/qooxdoo/application/demobrowser/source/demo/helper.js 39/41
Element_3: ../src/qooxdoo/application/demobrowser/source/demo/helper.js 39/41
Element_4: ../src/qooxdoo/application/demobrowser/source/demo/helper.js 39/41
ChildrenHandling: ../src/qooxdoo/application/demobrowser/source/demo/helper.js 39/41
Decoration_UseCases: ../src/qooxdoo/application/demobrowser/source/demo/helper.js 39/41
Decorator_Box: ../src/qooxdoo/application/demobrowser/source/demo/helper.js 39/41
Destructor: ../src/qooxdoo/application/demobrowser/source/demo/helper.js 39/41
Destructor_Flash: ../src/qooxdoo/application/demobrowser/source/demo/helper.js 39/41
Element_1: ../src/qooxdoo/application/demobrowser/source/demo/helper.js 39/41
Element_2: ../src/qooxdoo/application/demobrowser/source/demo/helper.js 39/41
Element_3: ../src/qooxdoo/application/demobrowser/source/demo/helper.js 39/41
Element_4: ../src/qooxdoo/application/demobrowser/source/demo/helper.js 39/41
Element_5: ../src/qooxdoo/application/demobrowser/source/demo/helper.js 39/41
ChildrenHandling: ../src/qooxdoo/application/demobrowser/source/demo/helper.js 39/41
Decoration_UseCases: ../src/qooxdoo/application/demobrowser/source/demo/helper.js 39/41
Decorator_Box: ../src/qooxdoo/application/demobrowser/source/demo/helper.js 39/41
Destructor: ../src/qooxdoo/application/demobrowser/source/demo/helper.js 39/41
Destructor_Flash: ../src/qooxdoo/application/demobrowser/source/demo/helper.js 39/41
Element_1: ../src/qooxdoo/application/demobrowser/source/demo/helper.js 39/41
Element_2: ../src/qooxdoo/application/demobrowser/source/demo/helper.js 39/41
Element_3: ../src/qooxdoo/application/demobrowser/source/demo/helper.js 39/41
Element_4: ../src/qooxdoo/application/demobrowser/source/demo/helper.js 39/41
Element_5: ../src/qooxdoo/application/demobrowser/source/demo/helper.js 39/41
Hiding_Scrollbar: ../src/qooxdoo/application/demobrowser/source/demo/helper.js 39/41
ChildrenHandling: ../src/qooxdoo/application/demobrowser/source/demo/helper.js 39/41
Decoration_UseCases: ../src/qooxdoo/application/demobrowser/source/demo/helper.js 39/41
Decorator_Box: ../src/qooxdoo/application/demobrowser/source/demo/helper.js 39/41
Destructor: ../src/qooxdoo/application/demobrowser/source/demo/helper.js 39/41
Destructor_Flash: ../src/qooxdoo/application/demobrowser/source/demo/helper.js 39/41
Element_1: ../src/qooxdoo/application/demobrowser/source/demo/helper.js 39/41
Element_2: ../src/qooxdoo/application/demobrowser/source/demo/helper.js 39/41
Element_3: ../src/qooxdoo/application/demobrowser/source/demo/helper.js 39/41
Element_4: ../src/qooxdoo/application/demobrowser/source/demo/helper.js 39/41
Element_5: ../src/qooxdoo/application/demobrowser/source/demo/helper.js 39/41
Hiding_Scrollbar: ../src/qooxdoo/application/demobrowser/source/demo/helper.js 39/41
Opacity: ../src/qooxdoo/application/demobrowser/source/demo/helper.js 39/41
ChildrenHandling: ../src/qooxdoo/application/demobrowser/source/demo/helper.js 39/41
Decoration_UseCases: ../src/qooxdoo/application/demobrowser/source/demo/helper.js 39/41
Decorator_Box: ../src/qooxdoo/application/demobrowser/source/demo/helper.js 39/41
Destructor: ../src/qooxdoo/application/demobrowser/source/demo/helper.js 39/41
Destructor_Flash: ../src/qooxdoo/application/demobrowser/source/demo/helper.js 39/41
Element_1: ../src/qooxdoo/application/demobrowser/source/demo/helper.js 39/41
Element_2: ../src/qooxdoo/application/demobrowser/source/demo/helper.js 39/41
Element_3: ../src/qooxdoo/application/demobrowser/source/demo/helper.js 39/41
Element_4: ../src/qooxdoo/application/demobrowser/source/demo/helper.js 39/41
Element_5: ../src/qooxdoo/application/demobrowser/source/demo/helper.js 39/41
Hiding_Scrollbar: ../src/qooxdoo/application/demobrowser/source/demo/helper.js 39/41
Opacity: ../src/qooxdoo/application/demobrowser/source/demo/helper.js 39/41
ResizeEvent: ../src/qooxdoo/application/demobrowser/source/demo/helper.js 39/41
ChildrenHandling: ../src/qooxdoo/application/demobrowser/source/demo/helper.js 39/41
Decoration_UseCases: ../src/qooxdoo/application/demobrowser/source/demo/helper.js 39/41
Decorator_Box: ../src/qooxdoo/application/demobrowser/source/demo/helper.js 39/41
Destructor: ../src/qooxdoo/application/demobrowser/source/demo/helper.js 39/41
Destructor_Flash: ../src/qooxdoo/application/demobrowser/source/demo/helper.js 39/41
Element_1: ../src/qooxdoo/application/demobrowser/source/demo/helper.js 39/41
Element_2: ../src/qooxdoo/application/demobrowser/source/demo/helper.js 39/41
Element_3: ../src/qooxdoo/application/demobrowser/source/demo/helper.js 39/41
Element_4: ../src/qooxdoo/application/demobrowser/source/demo/helper.js 39/41
Element_5: ../src/qooxdoo/application/demobrowser/source/demo/helper.js 39/41
Hiding_Scrollbar: ../src/qooxdoo/application/demobrowser/source/demo/helper.js 39/41
Opacity: ../src/qooxdoo/application/demobrowser/source/demo/helper.js 39/41
ResizeEvent: ../src/qooxdoo/application/demobrowser/source/demo/helper.js 39/41
ScrollContainer_EdgeCaseHeight: ../src/qooxdoo/application/demobrowser/source/demo/helper.js 39/41
ChildrenHandling: ../src/qooxdoo/application/demobrowser/source/demo/helper.js 39/41
Decoration_UseCases: ../src/qooxdoo/application/demobrowser/source/demo/helper.js 39/41
Decorator_Box: ../src/qooxdoo/application/demobrowser/source/demo/helper.js 39/41
Destructor: ../src/qooxdoo/application/demobrowser/source/demo/helper.js 39/41
Destructor_Flash: ../src/qooxdoo/application/demobrowser/source/demo/helper.js 39/41
Element_1: ../src/qooxdoo/application/demobrowser/source/demo/helper.js 39/41
Element_2: ../src/qooxdoo/application/demobrowser/source/demo/helper.js 39/41
Element_3: ../src/qooxdoo/application/demobrowser/source/demo/helper.js 39/41
Element_4: ../src/qooxdoo/application/demobrowser/source/demo/helper.js 39/41
Element_5: ../src/qooxdoo/application/demobrowser/source/demo/helper.js 39/41
Hiding_Scrollbar: ../src/qooxdoo/application/demobrowser/source/demo/helper.js 39/41
Opacity: ../src/qooxdoo/application/demobrowser/source/demo/helper.js 39/41
ResizeEvent: ../src/qooxdoo/application/demobrowser/source/demo/helper.js 39/41
ScrollContainer_EdgeCaseHeight: ../src/qooxdoo/application/demobrowser/source/demo/helper.js 39/41
ScrollContainer_EdgeCaseWidth: ../src/qooxdoo/application/demobrowser/source/demo/helper.js 39/41
ChildrenHandling: ../src/qooxdoo/application/demobrowser/source/demo/helper.js 39/41
Decoration_UseCases: ../src/qooxdoo/application/demobrowser/source/demo/helper.js 39/41
Decorator_Box: ../src/qooxdoo/application/demobrowser/source/demo/helper.js 39/41
Destructor: ../src/qooxdoo/application/demobrowser/source/demo/helper.js 39/41
Destructor_Flash: ../src/qooxdoo/application/demobrowser/source/demo/helper.js 39/41
Element_1: ../src/qooxdoo/application/demobrowser/source/demo/helper.js 39/41
Element_2: ../src/qooxdoo/application/demobrowser/source/demo/helper.js 39/41
Element_3: ../src/qooxdoo/application/demobrowser/source/demo/helper.js 39/41
Element_4: ../src/qooxdoo/application/demobrowser/source/demo/helper.js 39/41
Element_5: ../src/qooxdoo/application/demobrowser/source/demo/helper.js 39/41
Hiding_Scrollbar: ../src/qooxdoo/application/demobrowser/source/demo/helper.js 39/41
Opacity: ../src/qooxdoo/application/demobrowser/source/demo/helper.js 39/41
ResizeEvent: ../src/qooxdoo/application/demobrowser/source/demo/helper.js 39/41
ScrollContainer_EdgeCaseHeight: ../src/qooxdoo/application/demobrowser/source/demo/helper.js 39/41
ScrollContainer_EdgeCaseWidth: ../src/qooxdoo/application/demobrowser/source/demo/helper.js 39/41
ScrollContainer_ResizeMatch: ../src/qooxdoo/application/demobrowser/source/demo/helper.js 39/41
ChildrenHandling: ../src/qooxdoo/application/demobrowser/source/demo/helper.js 39/41
Decoration_UseCases: ../src/qooxdoo/application/demobrowser/source/demo/helper.js 39/41
Decorator_Box: ../src/qooxdoo/application/demobrowser/source/demo/helper.js 39/41
Destructor: ../src/qooxdoo/application/demobrowser/source/demo/helper.js 39/41
Destructor_Flash: ../src/qooxdoo/application/demobrowser/source/demo/helper.js 39/41
Element_1: ../src/qooxdoo/application/demobrowser/source/demo/helper.js 39/41
Element_2: ../src/qooxdoo/application/demobrowser/source/demo/helper.js 39/41
Element_3: ../src/qooxdoo/application/demobrowser/source/demo/helper.js 39/41
Element_4: ../src/qooxdoo/application/demobrowser/source/demo/helper.js 39/41
Element_5: ../src/qooxdoo/application/demobrowser/source/demo/helper.js 39/41
Hiding_Scrollbar: ../src/qooxdoo/application/demobrowser/source/demo/helper.js 39/41
Opacity: ../src/qooxdoo/application/demobrowser/source/demo/helper.js 39/41
ResizeEvent: ../src/qooxdoo/application/demobrowser/source/demo/helper.js 39/41
ScrollContainer_EdgeCaseHeight: ../src/qooxdoo/application/demobrowser/source/demo/helper.js 39/41
ScrollContainer_EdgeCaseWidth: ../src/qooxdoo/application/demobrowser/source/demo/helper.js 39/41
ScrollContainer_ResizeMatch: ../src/qooxdoo/application/demobrowser/source/demo/helper.js 39/41
SelectBox_EdgeCases: ../src/qooxdoo/application/demobrowser/source/demo/helper.js 39/41
ChildrenHandling: ../src/qooxdoo/application/demobrowser/source/demo/helper.js 39/41
Decoration_UseCases: ../src/qooxdoo/application/demobrowser/source/demo/helper.js 39/41
Decorator_Box: ../src/qooxdoo/application/demobrowser/source/demo/helper.js 39/41
Destructor: ../src/qooxdoo/application/demobrowser/source/demo/helper.js 39/41
Destructor_Flash: ../src/qooxdoo/application/demobrowser/source/demo/helper.js 39/41
Element_1: ../src/qooxdoo/application/demobrowser/source/demo/helper.js 39/41
Element_2: ../src/qooxdoo/application/demobrowser/source/demo/helper.js 39/41
Element_3: ../src/qooxdoo/application/demobrowser/source/demo/helper.js 39/41
Element_4: ../src/qooxdoo/application/demobrowser/source/demo/helper.js 39/41
Element_5: ../src/qooxdoo/application/demobrowser/source/demo/helper.js 39/41
Hiding_Scrollbar: ../src/qooxdoo/application/demobrowser/source/demo/helper.js 39/41
Opacity: ../src/qooxdoo/application/demobrowser/source/demo/helper.js 39/41
ResizeEvent: ../src/qooxdoo/application/demobrowser/source/demo/helper.js 39/41
ScrollContainer_EdgeCaseHeight: ../src/qooxdoo/application/demobrowser/source/demo/helper.js 39/41
ScrollContainer_EdgeCaseWidth: ../src/qooxdoo/application/demobrowser/source/demo/helper.js 39/41
ScrollContainer_ResizeMatch: ../src/qooxdoo/application/demobrowser/source/demo/helper.js 39/41
SelectBox_EdgeCases: ../src/qooxdoo/application/demobrowser/source/demo/helper.js 39/41
Style: ../src/qooxdoo/application/demobrowser/source/demo/helper.js 39/41
ChildrenHandling: ../src/qooxdoo/application/demobrowser/source/demo/helper.js 39/41
Decoration_UseCases: ../src/qooxdoo/application/demobrowser/source/demo/helper.js 39/41
Decorator_Box: ../src/qooxdoo/application/demobrowser/source/demo/helper.js 39/41
Destructor: ../src/qooxdoo/application/demobrowser/source/demo/helper.js 39/41
Destructor_Flash: ../src/qooxdoo/application/demobrowser/source/demo/helper.js 39/41
Element_1: ../src/qooxdoo/application/demobrowser/source/demo/helper.js 39/41
Element_2: ../src/qooxdoo/application/demobrowser/source/demo/helper.js 39/41
Element_3: ../src/qooxdoo/application/demobrowser/source/demo/helper.js 39/41
Element_4: ../src/qooxdoo/application/demobrowser/source/demo/helper.js 39/41
Element_5: ../src/qooxdoo/application/demobrowser/source/demo/helper.js 39/41
Hiding_Scrollbar: ../src/qooxdoo/application/demobrowser/source/demo/helper.js 39/41
Opacity: ../src/qooxdoo/application/demobrowser/source/demo/helper.js 39/41
ResizeEvent: ../src/qooxdoo/application/demobrowser/source/demo/helper.js 39/41
ScrollContainer_EdgeCaseHeight: ../src/qooxdoo/application/demobrowser/source/demo/helper.js 39/41
ScrollContainer_EdgeCaseWidth: ../src/qooxdoo/application/demobrowser/source/demo/helper.js 39/41
ScrollContainer_ResizeMatch: ../src/qooxdoo/application/demobrowser/source/demo/helper.js 39/41
SelectBox_EdgeCases: ../src/qooxdoo/application/demobrowser/source/demo/helper.js 39/41
Style: ../src/qooxdoo/application/demobrowser/source/demo/helper.js 39/41
Table_CellEditor: ../src/qooxdoo/application/demobrowser/source/demo/helper.js 39/41
ChildrenHandling: ../src/qooxdoo/application/demobrowser/source/demo/helper.js 39/41
Decoration_UseCases: ../src/qooxdoo/application/demobrowser/source/demo/helper.js 39/41
Decorator_Box: ../src/qooxdoo/application/demobrowser/source/demo/helper.js 39/41
Destructor: ../src/qooxdoo/application/demobrowser/source/demo/helper.js 39/41
Destructor_Flash: ../src/qooxdoo/application/demobrowser/source/demo/helper.js 39/41
Element_1: ../src/qooxdoo/application/demobrowser/source/demo/helper.js 39/41
Element_2: ../src/qooxdoo/application/demobrowser/source/demo/helper.js 39/41
Element_3: ../src/qooxdoo/application/demobrowser/source/demo/helper.js 39/41
Element_4: ../src/qooxdoo/application/demobrowser/source/demo/helper.js 39/41
Element_5: ../src/qooxdoo/application/demobrowser/source/demo/helper.js 39/41
Hiding_Scrollbar: ../src/qooxdoo/application/demobrowser/source/demo/helper.js 39/41
Opacity: ../src/qooxdoo/application/demobrowser/source/demo/helper.js 39/41
ResizeEvent: ../src/qooxdoo/application/demobrowser/source/demo/helper.js 39/41
ScrollContainer_EdgeCaseHeight: ../src/qooxdoo/application/demobrowser/source/demo/helper.js 39/41
ScrollContainer_EdgeCaseWidth: ../src/qooxdoo/application/demobrowser/source/demo/helper.js 39/41
ScrollContainer_ResizeMatch: ../src/qooxdoo/application/demobrowser/source/demo/helper.js 39/41
SelectBox_EdgeCases: ../src/qooxdoo/application/demobrowser/source/demo/helper.js 39/41
Style: ../src/qooxdoo/application/demobrowser/source/demo/helper.js 39/41
Table_CellEditor: ../src/qooxdoo/application/demobrowser/source/demo/helper.js 39/41
Table_CellRenderer: ../src/qooxdoo/application/demobrowser/source/demo/helper.js 39/41
ChildrenHandling: ../src/qooxdoo/application/demobrowser/source/demo/helper.js 39/41
Decoration_UseCases: ../src/qooxdoo/application/demobrowser/source/demo/helper.js 39/41
Decorator_Box: ../src/qooxdoo/application/demobrowser/source/demo/helper.js 39/41
Destructor: ../src/qooxdoo/application/demobrowser/source/demo/helper.js 39/41
Destructor_Flash: ../src/qooxdoo/application/demobrowser/source/demo/helper.js 39/41
Element_1: ../src/qooxdoo/application/demobrowser/source/demo/helper.js 39/41
Element_2: ../src/qooxdoo/application/demobrowser/source/demo/helper.js 39/41
Element_3: ../src/qooxdoo/application/demobrowser/source/demo/helper.js 39/41
Element_4: ../src/qooxdoo/application/demobrowser/source/demo/helper.js 39/41
Element_5: ../src/qooxdoo/application/demobrowser/source/demo/helper.js 39/41
Hiding_Scrollbar: ../src/qooxdoo/application/demobrowser/source/demo/helper.js 39/41
Opacity: ../src/qooxdoo/application/demobrowser/source/demo/helper.js 39/41
ResizeEvent: ../src/qooxdoo/application/demobrowser/source/demo/helper.js 39/41
ScrollContainer_EdgeCaseHeight: ../src/qooxdoo/application/demobrowser/source/demo/helper.js 39/41
ScrollContainer_EdgeCaseWidth: ../src/qooxdoo/application/demobrowser/source/demo/helper.js 39/41
ScrollContainer_ResizeMatch: ../src/qooxdoo/application/demobrowser/source/demo/helper.js 39/41
SelectBox_EdgeCases: ../src/qooxdoo/application/demobrowser/source/demo/helper.js 39/41
Style: ../src/qooxdoo/application/demobrowser/source/demo/helper.js 39/41
Table_CellEditor: ../src/qooxdoo/application/demobrowser/source/demo/helper.js 39/41
Table_CellRenderer: ../src/qooxdoo/application/demobrowser/source/demo/helper.js 39/41
Table_FocusIndicator: ../src/qooxdoo/application/demobrowser/source/demo/helper.js 39/41
ChildrenHandling: ../src/qooxdoo/application/demobrowser/source/demo/helper.js 39/41
Decoration_UseCases: ../src/qooxdoo/application/demobrowser/source/demo/helper.js 39/41
Decorator_Box: ../src/qooxdoo/application/demobrowser/source/demo/helper.js 39/41
Destructor: ../src/qooxdoo/application/demobrowser/source/demo/helper.js 39/41
Destructor_Flash: ../src/qooxdoo/application/demobrowser/source/demo/helper.js 39/41
Element_1: ../src/qooxdoo/application/demobrowser/source/demo/helper.js 39/41
Element_2: ../src/qooxdoo/application/demobrowser/source/demo/helper.js 39/41
Element_3: ../src/qooxdoo/application/demobrowser/source/demo/helper.js 39/41
Element_4: ../src/qooxdoo/application/demobrowser/source/demo/helper.js 39/41
Element_5: ../src/qooxdoo/application/demobrowser/source/demo/helper.js 39/41
Hiding_Scrollbar: ../src/qooxdoo/application/demobrowser/source/demo/helper.js 39/41
Opacity: ../src/qooxdoo/application/demobrowser/source/demo/helper.js 39/41
ResizeEvent: ../src/qooxdoo/application/demobrowser/source/demo/helper.js 39/41
ScrollContainer_EdgeCaseHeight: ../src/qooxdoo/application/demobrowser/source/demo/helper.js 39/41
ScrollContainer_EdgeCaseWidth: ../src/qooxdoo/application/demobrowser/source/demo/helper.js 39/41
ScrollContainer_ResizeMatch: ../src/qooxdoo/application/demobrowser/source/demo/helper.js 39/41
SelectBox_EdgeCases: ../src/qooxdoo/application/demobrowser/source/demo/helper.js 39/41
Style: ../src/qooxdoo/application/demobrowser/source/demo/helper.js 39/41
Table_CellEditor: ../src/qooxdoo/application/demobrowser/source/demo/helper.js 39/41
Table_CellRenderer: ../src/qooxdoo/application/demobrowser/source/demo/helper.js 39/41
Table_FocusIndicator: ../src/qooxdoo/application/demobrowser/source/demo/helper.js 39/41
Table_Header: ../src/qooxdoo/application/demobrowser/source/demo/helper.js 39/41
ChildrenHandling: ../src/qooxdoo/application/demobrowser/source/demo/helper.js 39/41
Decoration_UseCases: ../src/qooxdoo/application/demobrowser/source/demo/helper.js 39/41
Decorator_Box: ../src/qooxdoo/application/demobrowser/source/demo/helper.js 39/41
Destructor: ../src/qooxdoo/application/demobrowser/source/demo/helper.js 39/41
Destructor_Flash: ../src/qooxdoo/application/demobrowser/source/demo/helper.js 39/41
Element_1: ../src/qooxdoo/application/demobrowser/source/demo/helper.js 39/41
Element_2: ../src/qooxdoo/application/demobrowser/source/demo/helper.js 39/41
Element_3: ../src/qooxdoo/application/demobrowser/source/demo/helper.js 39/41
Element_4: ../src/qooxdoo/application/demobrowser/source/demo/helper.js 39/41
Element_5: ../src/qooxdoo/application/demobrowser/source/demo/helper.js 39/41
Hiding_Scrollbar: ../src/qooxdoo/application/demobrowser/source/demo/helper.js 39/41
Opacity: ../src/qooxdoo/application/demobrowser/source/demo/helper.js 39/41
ResizeEvent: ../src/qooxdoo/application/demobrowser/source/demo/helper.js 39/41
ScrollContainer_EdgeCaseHeight: ../src/qooxdoo/application/demobrowser/source/demo/helper.js 39/41
ScrollContainer_EdgeCaseWidth: ../src/qooxdoo/application/demobrowser/source/demo/helper.js 39/41
ScrollContainer_ResizeMatch: ../src/qooxdoo/application/demobrowser/source/demo/helper.js 39/41
SelectBox_EdgeCases: ../src/qooxdoo/application/demobrowser/source/demo/helper.js 39/41
Style: ../src/qooxdoo/application/demobrowser/source/demo/helper.js 39/41
Table_CellEditor: ../src/qooxdoo/application/demobrowser/source/demo/helper.js 39/41
Table_CellRenderer: ../src/qooxdoo/application/demobrowser/source/demo/helper.js 39/41
Table_FocusIndicator: ../src/qooxdoo/application/demobrowser/source/demo/helper.js 39/41
Table_Header: ../src/qooxdoo/application/demobrowser/source/demo/helper.js 39/41
Table_HeaderRenderer: ../src/qooxdoo/application/demobrowser/source/demo/helper.js 39/41
ChildrenHandling: ../src/qooxdoo/application/demobrowser/source/demo/helper.js 39/41
Decoration_UseCases: ../src/qooxdoo/application/demobrowser/source/demo/helper.js 39/41
Decorator_Box: ../src/qooxdoo/application/demobrowser/source/demo/helper.js 39/41
Destructor: ../src/qooxdoo/application/demobrowser/source/demo/helper.js 39/41
Destructor_Flash: ../src/qooxdoo/application/demobrowser/source/demo/helper.js 39/41
Element_1: ../src/qooxdoo/application/demobrowser/source/demo/helper.js 39/41
Element_2: ../src/qooxdoo/application/demobrowser/source/demo/helper.js 39/41
Element_3: ../src/qooxdoo/application/demobrowser/source/demo/helper.js 39/41
Element_4: ../src/qooxdoo/application/demobrowser/source/demo/helper.js 39/41
Element_5: ../src/qooxdoo/application/demobrowser/source/demo/helper.js 39/41
Hiding_Scrollbar: ../src/qooxdoo/application/demobrowser/source/demo/helper.js 39/41
Opacity: ../src/qooxdoo/application/demobrowser/source/demo/helper.js 39/41
ResizeEvent: ../src/qooxdoo/application/demobrowser/source/demo/helper.js 39/41
ScrollContainer_EdgeCaseHeight: ../src/qooxdoo/application/demobrowser/source/demo/helper.js 39/41
ScrollContainer_EdgeCaseWidth: ../src/qooxdoo/application/demobrowser/source/demo/helper.js 39/41
ScrollContainer_ResizeMatch: ../src/qooxdoo/application/demobrowser/source/demo/helper.js 39/41
SelectBox_EdgeCases: ../src/qooxdoo/application/demobrowser/source/demo/helper.js 39/41
Style: ../src/qooxdoo/application/demobrowser/source/demo/helper.js 39/41
Table_CellEditor: ../src/qooxdoo/application/demobrowser/source/demo/helper.js 39/41
Table_CellRenderer: ../src/qooxdoo/application/demobrowser/source/demo/helper.js 39/41
Table_FocusIndicator: ../src/qooxdoo/application/demobrowser/source/demo/helper.js 39/41
Table_Header: ../src/qooxdoo/application/demobrowser/source/demo/helper.js 39/41
Table_HeaderRenderer: ../src/qooxdoo/application/demobrowser/source/demo/helper.js 39/41
Table_Pane: ../src/qooxdoo/application/demobrowser/source/demo/helper.js 39/41
ChildrenHandling: ../src/qooxdoo/application/demobrowser/source/demo/helper.js 39/41
Decoration_UseCases: ../src/qooxdoo/application/demobrowser/source/demo/helper.js 39/41
Decorator_Box: ../src/qooxdoo/application/demobrowser/source/demo/helper.js 39/41
Destructor: ../src/qooxdoo/application/demobrowser/source/demo/helper.js 39/41
Destructor_Flash: ../src/qooxdoo/application/demobrowser/source/demo/helper.js 39/41
Element_1: ../src/qooxdoo/application/demobrowser/source/demo/helper.js 39/41
Element_2: ../src/qooxdoo/application/demobrowser/source/demo/helper.js 39/41
Element_3: ../src/qooxdoo/application/demobrowser/source/demo/helper.js 39/41
Element_4: ../src/qooxdoo/application/demobrowser/source/demo/helper.js 39/41
Element_5: ../src/qooxdoo/application/demobrowser/source/demo/helper.js 39/41
Hiding_Scrollbar: ../src/qooxdoo/application/demobrowser/source/demo/helper.js 39/41
Opacity: ../src/qooxdoo/application/demobrowser/source/demo/helper.js 39/41
ResizeEvent: ../src/qooxdoo/application/demobrowser/source/demo/helper.js 39/41
ScrollContainer_EdgeCaseHeight: ../src/qooxdoo/application/demobrowser/source/demo/helper.js 39/41
ScrollContainer_EdgeCaseWidth: ../src/qooxdoo/application/demobrowser/source/demo/helper.js 39/41
ScrollContainer_ResizeMatch: ../src/qooxdoo/application/demobrowser/source/demo/helper.js 39/41
SelectBox_EdgeCases: ../src/qooxdoo/application/demobrowser/source/demo/helper.js 39/41
Style: ../src/qooxdoo/application/demobrowser/source/demo/helper.js 39/41
Table_CellEditor: ../src/qooxdoo/application/demobrowser/source/demo/helper.js 39/41
Table_CellRenderer: ../src/qooxdoo/application/demobrowser/source/demo/helper.js 39/41
Table_FocusIndicator: ../src/qooxdoo/application/demobrowser/source/demo/helper.js 39/41
Table_Header: ../src/qooxdoo/application/demobrowser/source/demo/helper.js 39/41
Table_HeaderRenderer: ../src/qooxdoo/application/demobrowser/source/demo/helper.js 39/41
Table_Pane: ../src/qooxdoo/application/demobrowser/source/demo/helper.js 39/41
Table_RowRenderer: ../src/qooxdoo/application/demobrowser/source/demo/helper.js 39/41
ChildrenHandling: ../src/qooxdoo/application/demobrowser/source/demo/helper.js 39/41
Decoration_UseCases: ../src/qooxdoo/application/demobrowser/source/demo/helper.js 39/41
Decorator_Box: ../src/qooxdoo/application/demobrowser/source/demo/helper.js 39/41
Destructor: ../src/qooxdoo/application/demobrowser/source/demo/helper.js 39/41
Destructor_Flash: ../src/qooxdoo/application/demobrowser/source/demo/helper.js 39/41
Element_1: ../src/qooxdoo/application/demobrowser/source/demo/helper.js 39/41
Element_2: ../src/qooxdoo/application/demobrowser/source/demo/helper.js 39/41
Element_3: ../src/qooxdoo/application/demobrowser/source/demo/helper.js 39/41
Element_4: ../src/qooxdoo/application/demobrowser/source/demo/helper.js 39/41
Element_5: ../src/qooxdoo/application/demobrowser/source/demo/helper.js 39/41
Hiding_Scrollbar: ../src/qooxdoo/application/demobrowser/source/demo/helper.js 39/41
Opacity: ../src/qooxdoo/application/demobrowser/source/demo/helper.js 39/41
ResizeEvent: ../src/qooxdoo/application/demobrowser/source/demo/helper.js 39/41
ScrollContainer_EdgeCaseHeight: ../src/qooxdoo/application/demobrowser/source/demo/helper.js 39/41
ScrollContainer_EdgeCaseWidth: ../src/qooxdoo/application/demobrowser/source/demo/helper.js 39/41
ScrollContainer_ResizeMatch: ../src/qooxdoo/application/demobrowser/source/demo/helper.js 39/41
SelectBox_EdgeCases: ../src/qooxdoo/application/demobrowser/source/demo/helper.js 39/41
Style: ../src/qooxdoo/application/demobrowser/source/demo/helper.js 39/41
Table_CellEditor: ../src/qooxdoo/application/demobrowser/source/demo/helper.js 39/41
Table_CellRenderer: ../src/qooxdoo/application/demobrowser/source/demo/helper.js 39/41
Table_FocusIndicator: ../src/qooxdoo/application/demobrowser/source/demo/helper.js 39/41
Table_Header: ../src/qooxdoo/application/demobrowser/source/demo/helper.js 39/41
Table_HeaderRenderer: ../src/qooxdoo/application/demobrowser/source/demo/helper.js 39/41
Table_Pane: ../src/qooxdoo/application/demobrowser/source/demo/helper.js 39/41
Table_RowRenderer: ../src/qooxdoo/application/demobrowser/source/demo/helper.js 39/41
Table_Scroller: ../src/qooxdoo/application/demobrowser/source/demo/helper.js 39/41
ChildrenHandling: ../src/qooxdoo/application/demobrowser/source/demo/helper.js 39/41
Decoration_UseCases: ../src/qooxdoo/application/demobrowser/source/demo/helper.js 39/41
Decorator_Box: ../src/qooxdoo/application/demobrowser/source/demo/helper.js 39/41
Destructor: ../src/qooxdoo/application/demobrowser/source/demo/helper.js 39/41
Destructor_Flash: ../src/qooxdoo/application/demobrowser/source/demo/helper.js 39/41
Element_1: ../src/qooxdoo/application/demobrowser/source/demo/helper.js 39/41
Element_2: ../src/qooxdoo/application/demobrowser/source/demo/helper.js 39/41
Element_3: ../src/qooxdoo/application/demobrowser/source/demo/helper.js 39/41
Element_4: ../src/qooxdoo/application/demobrowser/source/demo/helper.js 39/41
Element_5: ../src/qooxdoo/application/demobrowser/source/demo/helper.js 39/41
Hiding_Scrollbar: ../src/qooxdoo/application/demobrowser/source/demo/helper.js 39/41
Opacity: ../src/qooxdoo/application/demobrowser/source/demo/helper.js 39/41
ResizeEvent: ../src/qooxdoo/application/demobrowser/source/demo/helper.js 39/41
ScrollContainer_EdgeCaseHeight: ../src/qooxdoo/application/demobrowser/source/demo/helper.js 39/41
ScrollContainer_EdgeCaseWidth: ../src/qooxdoo/application/demobrowser/source/demo/helper.js 39/41
ScrollContainer_ResizeMatch: ../src/qooxdoo/application/demobrowser/source/demo/helper.js 39/41
SelectBox_EdgeCases: ../src/qooxdoo/application/demobrowser/source/demo/helper.js 39/41
Style: ../src/qooxdoo/application/demobrowser/source/demo/helper.js 39/41
Table_CellEditor: ../src/qooxdoo/application/demobrowser/source/demo/helper.js 39/41
Table_CellRenderer: ../src/qooxdoo/application/demobrowser/source/demo/helper.js 39/41
Table_FocusIndicator: ../src/qooxdoo/application/demobrowser/source/demo/helper.js 39/41
Table_Header: ../src/qooxdoo/application/demobrowser/source/demo/helper.js 39/41
Table_HeaderRenderer: ../src/qooxdoo/application/demobrowser/source/demo/helper.js 39/41
Table_Pane: ../src/qooxdoo/application/demobrowser/source/demo/helper.js 39/41
Table_RowRenderer: ../src/qooxdoo/application/demobrowser/source/demo/helper.js 39/41
Table_Scroller: ../src/qooxdoo/application/demobrowser/source/demo/helper.js 39/41
TimerManager: ../src/qooxdoo/application/demobrowser/source/demo/helper.js 39/41
ChildrenHandling: ../src/qooxdoo/application/demobrowser/source/demo/helper.js 39/41
Decoration_UseCases: ../src/qooxdoo/application/demobrowser/source/demo/helper.js 39/41
Decorator_Box: ../src/qooxdoo/application/demobrowser/source/demo/helper.js 39/41
Destructor: ../src/qooxdoo/application/demobrowser/source/demo/helper.js 39/41
Destructor_Flash: ../src/qooxdoo/application/demobrowser/source/demo/helper.js 39/41
Element_1: ../src/qooxdoo/application/demobrowser/source/demo/helper.js 39/41
Element_2: ../src/qooxdoo/application/demobrowser/source/demo/helper.js 39/41
Element_3: ../src/qooxdoo/application/demobrowser/source/demo/helper.js 39/41
Element_4: ../src/qooxdoo/application/demobrowser/source/demo/helper.js 39/41
Element_5: ../src/qooxdoo/application/demobrowser/source/demo/helper.js 39/41
Hiding_Scrollbar: ../src/qooxdoo/application/demobrowser/source/demo/helper.js 39/41
Opacity: ../src/qooxdoo/application/demobrowser/source/demo/helper.js 39/41
ResizeEvent: ../src/qooxdoo/application/demobrowser/source/demo/helper.js 39/41
ScrollContainer_EdgeCaseHeight: ../src/qooxdoo/application/demobrowser/source/demo/helper.js 39/41
ScrollContainer_EdgeCaseWidth: ../src/qooxdoo/application/demobrowser/source/demo/helper.js 39/41
ScrollContainer_ResizeMatch: ../src/qooxdoo/application/demobrowser/source/demo/helper.js 39/41
SelectBox_EdgeCases: ../src/qooxdoo/application/demobrowser/source/demo/helper.js 39/41
Style: ../src/qooxdoo/application/demobrowser/source/demo/helper.js 39/41
Table_CellEditor: ../src/qooxdoo/application/demobrowser/source/demo/helper.js 39/41
Table_CellRenderer: ../src/qooxdoo/application/demobrowser/source/demo/helper.js 39/41
Table_FocusIndicator: ../src/qooxdoo/application/demobrowser/source/demo/helper.js 39/41
Table_Header: ../src/qooxdoo/application/demobrowser/source/demo/helper.js 39/41
Table_HeaderRenderer: ../src/qooxdoo/application/demobrowser/source/demo/helper.js 39/41
Table_Pane: ../src/qooxdoo/application/demobrowser/source/demo/helper.js 39/41
Table_RowRenderer: ../src/qooxdoo/application/demobrowser/source/demo/helper.js 39/41
Table_Scroller: ../src/qooxdoo/application/demobrowser/source/demo/helper.js 39/41
TimerManager: ../src/qooxdoo/application/demobrowser/source/demo/helper.js 39/41
Tokenizer: ../src/qooxdoo/application/demobrowser/source/demo/helper.js 39/41
ChildrenHandling: ../src/qooxdoo/application/demobrowser/source/demo/helper.js 39/41
Decoration_UseCases: ../src/qooxdoo/application/demobrowser/source/demo/helper.js 39/41
Decorator_Box: ../src/qooxdoo/application/demobrowser/source/demo/helper.js 39/41
Destructor: ../src/qooxdoo/application/demobrowser/source/demo/helper.js 39/41
Destructor_Flash: ../src/qooxdoo/application/demobrowser/source/demo/helper.js 39/41
Element_1: ../src/qooxdoo/application/demobrowser/source/demo/helper.js 39/41
Element_2: ../src/qooxdoo/application/demobrowser/source/demo/helper.js 39/41
Element_3: ../src/qooxdoo/application/demobrowser/source/demo/helper.js 39/41
Element_4: ../src/qooxdoo/application/demobrowser/source/demo/helper.js 39/41
Element_5: ../src/qooxdoo/application/demobrowser/source/demo/helper.js 39/41
Hiding_Scrollbar: ../src/qooxdoo/application/demobrowser/source/demo/helper.js 39/41
Opacity: ../src/qooxdoo/application/demobrowser/source/demo/helper.js 39/41
ResizeEvent: ../src/qooxdoo/application/demobrowser/source/demo/helper.js 39/41
ScrollContainer_EdgeCaseHeight: ../src/qooxdoo/application/demobrowser/source/demo/helper.js 39/41
ScrollContainer_EdgeCaseWidth: ../src/qooxdoo/application/demobrowser/source/demo/helper.js 39/41
ScrollContainer_ResizeMatch: ../src/qooxdoo/application/demobrowser/source/demo/helper.js 39/41
SelectBox_EdgeCases: ../src/qooxdoo/application/demobrowser/source/demo/helper.js 39/41
Style: ../src/qooxdoo/application/demobrowser/source/demo/helper.js 39/41
Table_CellEditor: ../src/qooxdoo/application/demobrowser/source/demo/helper.js 39/41
Table_CellRenderer: ../src/qooxdoo/application/demobrowser/source/demo/helper.js 39/41
Table_FocusIndicator: ../src/qooxdoo/application/demobrowser/source/demo/helper.js 39/41
Table_Header: ../src/qooxdoo/application/demobrowser/source/demo/helper.js 39/41
Table_HeaderRenderer: ../src/qooxdoo/application/demobrowser/source/demo/helper.js 39/41
Table_Pane: ../src/qooxdoo/application/demobrowser/source/demo/helper.js 39/41
Table_RowRenderer: ../src/qooxdoo/application/demobrowser/source/demo/helper.js 39/41
Table_Scroller: ../src/qooxdoo/application/demobrowser/source/demo/helper.js 39/41
TimerManager: ../src/qooxdoo/application/demobrowser/source/demo/helper.js 39/41
Tokenizer: ../src/qooxdoo/application/demobrowser/source/demo/helper.js 39/41
Touch: ../src/qooxdoo/application/demobrowser/source/demo/helper.js 39/41
ChildrenHandling: ../src/qooxdoo/application/demobrowser/source/demo/helper.js 39/41
Decoration_UseCases: ../src/qooxdoo/application/demobrowser/source/demo/helper.js 39/41
Decorator_Box: ../src/qooxdoo/application/demobrowser/source/demo/helper.js 39/41
Destructor: ../src/qooxdoo/application/demobrowser/source/demo/helper.js 39/41
Destructor_Flash: ../src/qooxdoo/application/demobrowser/source/demo/helper.js 39/41
Element_1: ../src/qooxdoo/application/demobrowser/source/demo/helper.js 39/41
Element_2: ../src/qooxdoo/application/demobrowser/source/demo/helper.js 39/41
Element_3: ../src/qooxdoo/application/demobrowser/source/demo/helper.js 39/41
Element_4: ../src/qooxdoo/application/demobrowser/source/demo/helper.js 39/41
Element_5: ../src/qooxdoo/application/demobrowser/source/demo/helper.js 39/41
Hiding_Scrollbar: ../src/qooxdoo/application/demobrowser/source/demo/helper.js 39/41
Opacity: ../src/qooxdoo/application/demobrowser/source/demo/helper.js 39/41
ResizeEvent: ../src/qooxdoo/application/demobrowser/source/demo/helper.js 39/41
ScrollContainer_EdgeCaseHeight: ../src/qooxdoo/application/demobrowser/source/demo/helper.js 39/41
ScrollContainer_EdgeCaseWidth: ../src/qooxdoo/application/demobrowser/source/demo/helper.js 39/41
ScrollContainer_ResizeMatch: ../src/qooxdoo/application/demobrowser/source/demo/helper.js 39/41
SelectBox_EdgeCases: ../src/qooxdoo/application/demobrowser/source/demo/helper.js 39/41
Style: ../src/qooxdoo/application/demobrowser/source/demo/helper.js 39/41
Table_CellEditor: ../src/qooxdoo/application/demobrowser/source/demo/helper.js 39/41
Table_CellRenderer: ../src/qooxdoo/application/demobrowser/source/demo/helper.js 39/41
Table_FocusIndicator: ../src/qooxdoo/application/demobrowser/source/demo/helper.js 39/41
Table_Header: ../src/qooxdoo/application/demobrowser/source/demo/helper.js 39/41
Table_HeaderRenderer: ../src/qooxdoo/application/demobrowser/source/demo/helper.js 39/41
Table_Pane: ../src/qooxdoo/application/demobrowser/source/demo/helper.js 39/41
Table_RowRenderer: ../src/qooxdoo/application/demobrowser/source/demo/helper.js 39/41
Table_Scroller: ../src/qooxdoo/application/demobrowser/source/demo/helper.js 39/41
TimerManager: ../src/qooxdoo/application/demobrowser/source/demo/helper.js 39/41
Tokenizer: ../src/qooxdoo/application/demobrowser/source/demo/helper.js 39/41
Touch: ../src/qooxdoo/application/demobrowser/source/demo/helper.js 39/41
UIDeclaration: ../src/qooxdoo/application/demobrowser/source/demo/helper.js 39/41
ChildrenHandling: ../src/qooxdoo/application/demobrowser/source/demo/helper.js 39/41
Decoration_UseCases: ../src/qooxdoo/application/demobrowser/source/demo/helper.js 39/41
Decorator_Box: ../src/qooxdoo/application/demobrowser/source/demo/helper.js 39/41
Destructor: ../src/qooxdoo/application/demobrowser/source/demo/helper.js 39/41
Destructor_Flash: ../src/qooxdoo/application/demobrowser/source/demo/helper.js 39/41
Element_1: ../src/qooxdoo/application/demobrowser/source/demo/helper.js 39/41
Element_2: ../src/qooxdoo/application/demobrowser/source/demo/helper.js 39/41
Element_3: ../src/qooxdoo/application/demobrowser/source/demo/helper.js 39/41
Element_4: ../src/qooxdoo/application/demobrowser/source/demo/helper.js 39/41
Element_5: ../src/qooxdoo/application/demobrowser/source/demo/helper.js 39/41
Hiding_Scrollbar: ../src/qooxdoo/application/demobrowser/source/demo/helper.js 39/41
Opacity: ../src/qooxdoo/application/demobrowser/source/demo/helper.js 39/41
ResizeEvent: ../src/qooxdoo/application/demobrowser/source/demo/helper.js 39/41
ScrollContainer_EdgeCaseHeight: ../src/qooxdoo/application/demobrowser/source/demo/helper.js 39/41
ScrollContainer_EdgeCaseWidth: ../src/qooxdoo/application/demobrowser/source/demo/helper.js 39/41
ScrollContainer_ResizeMatch: ../src/qooxdoo/application/demobrowser/source/demo/helper.js 39/41
SelectBox_EdgeCases: ../src/qooxdoo/application/demobrowser/source/demo/helper.js 39/41
Style: ../src/qooxdoo/application/demobrowser/source/demo/helper.js 39/41
Table_CellEditor: ../src/qooxdoo/application/demobrowser/source/demo/helper.js 39/41
Table_CellRenderer: ../src/qooxdoo/application/demobrowser/source/demo/helper.js 39/41
Table_FocusIndicator: ../src/qooxdoo/application/demobrowser/source/demo/helper.js 39/41
Table_Header: ../src/qooxdoo/application/demobrowser/source/demo/helper.js 39/41
Table_HeaderRenderer: ../src/qooxdoo/application/demobrowser/source/demo/helper.js 39/41
Table_Pane: ../src/qooxdoo/application/demobrowser/source/demo/helper.js 39/41
Table_RowRenderer: ../src/qooxdoo/application/demobrowser/source/demo/helper.js 39/41
Table_Scroller: ../src/qooxdoo/application/demobrowser/source/demo/helper.js 39/41
TimerManager: ../src/qooxdoo/application/demobrowser/source/demo/helper.js 39/41
Tokenizer: ../src/qooxdoo/application/demobrowser/source/demo/helper.js 39/41
Touch: ../src/qooxdoo/application/demobrowser/source/demo/helper.js 39/41
UIDeclaration: ../src/qooxdoo/application/demobrowser/source/demo/helper.js 39/41
Validation: ../src/qooxdoo/application/demobrowser/source/demo/helper.js 39/41
ChildrenHandling: ../src/qooxdoo/application/demobrowser/source/demo/helper.js 39/41
Decoration_UseCases: ../src/qooxdoo/application/demobrowser/source/demo/helper.js 39/41
Decorator_Box: ../src/qooxdoo/application/demobrowser/source/demo/helper.js 39/41
Destructor: ../src/qooxdoo/application/demobrowser/source/demo/helper.js 39/41
Destructor_Flash: ../src/qooxdoo/application/demobrowser/source/demo/helper.js 39/41
Element_1: ../src/qooxdoo/application/demobrowser/source/demo/helper.js 39/41
Element_2: ../src/qooxdoo/application/demobrowser/source/demo/helper.js 39/41
Element_3: ../src/qooxdoo/application/demobrowser/source/demo/helper.js 39/41
Element_4: ../src/qooxdoo/application/demobrowser/source/demo/helper.js 39/41
Element_5: ../src/qooxdoo/application/demobrowser/source/demo/helper.js 39/41
Hiding_Scrollbar: ../src/qooxdoo/application/demobrowser/source/demo/helper.js 39/41
Opacity: ../src/qooxdoo/application/demobrowser/source/demo/helper.js 39/41
ResizeEvent: ../src/qooxdoo/application/demobrowser/source/demo/helper.js 39/41
ScrollContainer_EdgeCaseHeight: ../src/qooxdoo/application/demobrowser/source/demo/helper.js 39/41
ScrollContainer_EdgeCaseWidth: ../src/qooxdoo/application/demobrowser/source/demo/helper.js 39/41
ScrollContainer_ResizeMatch: ../src/qooxdoo/application/demobrowser/source/demo/helper.js 39/41
SelectBox_EdgeCases: ../src/qooxdoo/application/demobrowser/source/demo/helper.js 39/41
Style: ../src/qooxdoo/application/demobrowser/source/demo/helper.js 39/41
Table_CellEditor: ../src/qooxdoo/application/demobrowser/source/demo/helper.js 39/41
Table_CellRenderer: ../src/qooxdoo/application/demobrowser/source/demo/helper.js 39/41
Table_FocusIndicator: ../src/qooxdoo/application/demobrowser/source/demo/helper.js 39/41
Table_Header: ../src/qooxdoo/application/demobrowser/source/demo/helper.js 39/41
Table_HeaderRenderer: ../src/qooxdoo/application/demobrowser/source/demo/helper.js 39/41
Table_Pane: ../src/qooxdoo/application/demobrowser/source/demo/helper.js 39/41
Table_RowRenderer: ../src/qooxdoo/application/demobrowser/source/demo/helper.js 39/41
Table_Scroller: ../src/qooxdoo/application/demobrowser/source/demo/helper.js 39/41
TimerManager: ../src/qooxdoo/application/demobrowser/source/demo/helper.js 39/41
Tokenizer: ../src/qooxdoo/application/demobrowser/source/demo/helper.js 39/41
Touch: ../src/qooxdoo/application/demobrowser/source/demo/helper.js 39/41
UIDeclaration: ../src/qooxdoo/application/demobrowser/source/demo/helper.js 39/41
Validation: ../src/qooxdoo/application/demobrowser/source/demo/helper.js 39/41
Virtual_List: ../src/qooxdoo/application/demobrowser/source/demo/helper.js 39/41
ChildrenHandling: ../src/qooxdoo/application/demobrowser/source/demo/helper.js 39/41
Decoration_UseCases: ../src/qooxdoo/application/demobrowser/source/demo/helper.js 39/41
Decorator_Box: ../src/qooxdoo/application/demobrowser/source/demo/helper.js 39/41
Destructor: ../src/qooxdoo/application/demobrowser/source/demo/helper.js 39/41
Destructor_Flash: ../src/qooxdoo/application/demobrowser/source/demo/helper.js 39/41
Element_1: ../src/qooxdoo/application/demobrowser/source/demo/helper.js 39/41
Element_2: ../src/qooxdoo/application/demobrowser/source/demo/helper.js 39/41
Element_3: ../src/qooxdoo/application/demobrowser/source/demo/helper.js 39/41
Element_4: ../src/qooxdoo/application/demobrowser/source/demo/helper.js 39/41
Element_5: ../src/qooxdoo/application/demobrowser/source/demo/helper.js 39/41
Hiding_Scrollbar: ../src/qooxdoo/application/demobrowser/source/demo/helper.js 39/41
Opacity: ../src/qooxdoo/application/demobrowser/source/demo/helper.js 39/41
ResizeEvent: ../src/qooxdoo/application/demobrowser/source/demo/helper.js 39/41
ScrollContainer_EdgeCaseHeight: ../src/qooxdoo/application/demobrowser/source/demo/helper.js 39/41
ScrollContainer_EdgeCaseWidth: ../src/qooxdoo/application/demobrowser/source/demo/helper.js 39/41
ScrollContainer_ResizeMatch: ../src/qooxdoo/application/demobrowser/source/demo/helper.js 39/41
SelectBox_EdgeCases: ../src/qooxdoo/application/demobrowser/source/demo/helper.js 39/41
Style: ../src/qooxdoo/application/demobrowser/source/demo/helper.js 39/41
Table_CellEditor: ../src/qooxdoo/application/demobrowser/source/demo/helper.js 39/41
Table_CellRenderer: ../src/qooxdoo/application/demobrowser/source/demo/helper.js 39/41
Table_FocusIndicator: ../src/qooxdoo/application/demobrowser/source/demo/helper.js 39/41
Table_Header: ../src/qooxdoo/application/demobrowser/source/demo/helper.js 39/41
Table_HeaderRenderer: ../src/qooxdoo/application/demobrowser/source/demo/helper.js 39/41
Table_Pane: ../src/qooxdoo/application/demobrowser/source/demo/helper.js 39/41
Table_RowRenderer: ../src/qooxdoo/application/demobrowser/source/demo/helper.js 39/41
Table_Scroller: ../src/qooxdoo/application/demobrowser/source/demo/helper.js 39/41
TimerManager: ../src/qooxdoo/application/demobrowser/source/demo/helper.js 39/41
Tokenizer: ../src/qooxdoo/application/demobrowser/source/demo/helper.js 39/41
Touch: ../src/qooxdoo/application/demobrowser/source/demo/helper.js 39/41
UIDeclaration: ../src/qooxdoo/application/demobrowser/source/demo/helper.js 39/41
Validation: ../src/qooxdoo/application/demobrowser/source/demo/helper.js 39/41
Virtual_List: ../src/qooxdoo/application/demobrowser/source/demo/helper.js 39/41
io_ImageLoader: ../src/qooxdoo/application/demobrowser/source/demo/helper.js 39/41
ChildrenHandling: ../src/qooxdoo/application/demobrowser/source/demo/helper.js 39/41
Decoration_UseCases: ../src/qooxdoo/application/demobrowser/source/demo/helper.js 39/41
Decorator_Box: ../src/qooxdoo/application/demobrowser/source/demo/helper.js 39/41
Destructor: ../src/qooxdoo/application/demobrowser/source/demo/helper.js 39/41
Destructor_Flash: ../src/qooxdoo/application/demobrowser/source/demo/helper.js 39/41
Element_1: ../src/qooxdoo/application/demobrowser/source/demo/helper.js 39/41
Element_2: ../src/qooxdoo/application/demobrowser/source/demo/helper.js 39/41
Element_3: ../src/qooxdoo/application/demobrowser/source/demo/helper.js 39/41
Element_4: ../src/qooxdoo/application/demobrowser/source/demo/helper.js 39/41
Element_5: ../src/qooxdoo/application/demobrowser/source/demo/helper.js 39/41
Hiding_Scrollbar: ../src/qooxdoo/application/demobrowser/source/demo/helper.js 39/41
Opacity: ../src/qooxdoo/application/demobrowser/source/demo/helper.js 39/41
ResizeEvent: ../src/qooxdoo/application/demobrowser/source/demo/helper.js 39/41
ScrollContainer_EdgeCaseHeight: ../src/qooxdoo/application/demobrowser/source/demo/helper.js 39/41
ScrollContainer_EdgeCaseWidth: ../src/qooxdoo/application/demobrowser/source/demo/helper.js 39/41
ScrollContainer_ResizeMatch: ../src/qooxdoo/application/demobrowser/source/demo/helper.js 39/41
SelectBox_EdgeCases: ../src/qooxdoo/application/demobrowser/source/demo/helper.js 39/41
Style: ../src/qooxdoo/application/demobrowser/source/demo/helper.js 39/41
Table_CellEditor: ../src/qooxdoo/application/demobrowser/source/demo/helper.js 39/41
Table_CellRenderer: ../src/qooxdoo/application/demobrowser/source/demo/helper.js 39/41
Table_FocusIndicator: ../src/qooxdoo/application/demobrowser/source/demo/helper.js 39/41
Table_Header: ../src/qooxdoo/application/demobrowser/source/demo/helper.js 39/41
Table_HeaderRenderer: ../src/qooxdoo/application/demobrowser/source/demo/helper.js 39/41
Table_Pane: ../src/qooxdoo/application/demobrowser/source/demo/helper.js 39/41
Table_RowRenderer: ../src/qooxdoo/application/demobrowser/source/demo/helper.js 39/41
Table_Scroller: ../src/qooxdoo/application/demobrowser/source/demo/helper.js 39/41
TimerManager: ../src/qooxdoo/application/demobrowser/source/demo/helper.js 39/41
Tokenizer: ../src/qooxdoo/application/demobrowser/source/demo/helper.js 39/41
Touch: ../src/qooxdoo/application/demobrowser/source/demo/helper.js 39/41
UIDeclaration: ../src/qooxdoo/application/demobrowser/source/demo/helper.js 39/41
Validation: ../src/qooxdoo/application/demobrowser/source/demo/helper.js 39/41
Virtual_List: ../src/qooxdoo/application/demobrowser/source/demo/helper.js 39/41
io_ImageLoader: ../src/qooxdoo/application/demobrowser/source/demo/helper.js 39/41
ChildrenHandling: ../src/qooxdoo/application/demobrowser/source/demo/helper.js 39/41
Decoration_UseCases: ../src/qooxdoo/application/demobrowser/source/demo/helper.js 39/41
Decorator_Box: ../src/qooxdoo/application/demobrowser/source/demo/helper.js 39/41
Destructor: ../src/qooxdoo/application/demobrowser/source/demo/helper.js 39/41
Destructor_Flash: ../src/qooxdoo/application/demobrowser/source/demo/helper.js 39/41
Element_1: ../src/qooxdoo/application/demobrowser/source/demo/helper.js 39/41
Element_2: ../src/qooxdoo/application/demobrowser/source/demo/helper.js 39/41
Element_3: ../src/qooxdoo/application/demobrowser/source/demo/helper.js 39/41
Element_4: ../src/qooxdoo/application/demobrowser/source/demo/helper.js 39/41
Element_5: ../src/qooxdoo/application/demobrowser/source/demo/helper.js 39/41
Hiding_Scrollbar: ../src/qooxdoo/application/demobrowser/source/demo/helper.js 39/41
Opacity: ../src/qooxdoo/application/demobrowser/source/demo/helper.js 39/41
ResizeEvent: ../src/qooxdoo/application/demobrowser/source/demo/helper.js 39/41
ScrollContainer_EdgeCaseHeight: ../src/qooxdoo/application/demobrowser/source/demo/helper.js 39/41
ScrollContainer_EdgeCaseWidth: ../src/qooxdoo/application/demobrowser/source/demo/helper.js 39/41
ScrollContainer_ResizeMatch: ../src/qooxdoo/application/demobrowser/source/demo/helper.js 39/41
SelectBox_EdgeCases: ../src/qooxdoo/application/demobrowser/source/demo/helper.js 39/41
Style: ../src/qooxdoo/application/demobrowser/source/demo/helper.js 39/41
Table_CellEditor: ../src/qooxdoo/application/demobrowser/source/demo/helper.js 39/41
Table_CellRenderer: ../src/qooxdoo/application/demobrowser/source/demo/helper.js 39/41
Table_FocusIndicator: ../src/qooxdoo/application/demobrowser/source/demo/helper.js 39/41
Table_Header: ../src/qooxdoo/application/demobrowser/source/demo/helper.js 39/41
Table_HeaderRenderer: ../src/qooxdoo/application/demobrowser/source/demo/helper.js 39/41
Table_Pane: ../src/qooxdoo/application/demobrowser/source/demo/helper.js 39/41
Table_RowRenderer: ../src/qooxdoo/application/demobrowser/source/demo/helper.js 39/41
Table_Scroller: ../src/qooxdoo/application/demobrowser/source/demo/helper.js 39/41
TimerManager: ../src/qooxdoo/application/demobrowser/source/demo/helper.js 39/41
Tokenizer: ../src/qooxdoo/application/demobrowser/source/demo/helper.js 39/41
Touch: ../src/qooxdoo/application/demobrowser/source/demo/helper.js 39/41
UIDeclaration: ../src/qooxdoo/application/demobrowser/source/demo/helper.js 39/41
Validation: ../src/qooxdoo/application/demobrowser/source/demo/helper.js 39/41
Virtual_List: ../src/qooxdoo/application/demobrowser/source/demo/helper.js 39/41
io_ImageLoader: ../src/qooxdoo/application/demobrowser/source/demo/helper.js 39/41
ChildrenHandling: ../src/qooxdoo/application/demobrowser/source/demo/helper.js 39/41
Decoration_UseCases: ../src/qooxdoo/application/demobrowser/source/demo/helper.js 39/41
Decorator_Box: ../src/qooxdoo/application/demobrowser/source/demo/helper.js 39/41
Destructor: ../src/qooxdoo/application/demobrowser/source/demo/helper.js 39/41
Destructor_Flash: ../src/qooxdoo/application/demobrowser/source/demo/helper.js 39/41
Element_1: ../src/qooxdoo/application/demobrowser/source/demo/helper.js 39/41
Element_2: ../src/qooxdoo/application/demobrowser/source/demo/helper.js 39/41
Element_3: ../src/qooxdoo/application/demobrowser/source/demo/helper.js 39/41
Element_4: ../src/qooxdoo/application/demobrowser/source/demo/helper.js 39/41
Element_5: ../src/qooxdoo/application/demobrowser/source/demo/helper.js 39/41
Hiding_Scrollbar: ../src/qooxdoo/application/demobrowser/source/demo/helper.js 39/41
Opacity: ../src/qooxdoo/application/demobrowser/source/demo/helper.js 39/41
ResizeEvent: ../src/qooxdoo/application/demobrowser/source/demo/helper.js 39/41
ScrollContainer_EdgeCaseHeight: ../src/qooxdoo/application/demobrowser/source/demo/helper.js 39/41
ScrollContainer_EdgeCaseWidth: ../src/qooxdoo/application/demobrowser/source/demo/helper.js 39/41
ScrollContainer_ResizeMatch: ../src/qooxdoo/application/demobrowser/source/demo/helper.js 39/41
SelectBox_EdgeCases: ../src/qooxdoo/application/demobrowser/source/demo/helper.js 39/41
Style: ../src/qooxdoo/application/demobrowser/source/demo/helper.js 39/41
Table_CellEditor: ../src/qooxdoo/application/demobrowser/source/demo/helper.js 39/41
Table_CellRenderer: ../src/qooxdoo/application/demobrowser/source/demo/helper.js 39/41
Table_FocusIndicator: ../src/qooxdoo/application/demobrowser/source/demo/helper.js 39/41
Table_Header: ../src/qooxdoo/application/demobrowser/source/demo/helper.js 39/41
Table_HeaderRenderer: ../src/qooxdoo/application/demobrowser/source/demo/helper.js 39/41
Table_Pane: ../src/qooxdoo/application/demobrowser/source/demo/helper.js 39/41
Table_RowRenderer: ../src/qooxdoo/application/demobrowser/source/demo/helper.js 39/41
Table_Scroller: ../src/qooxdoo/application/demobrowser/source/demo/helper.js 39/41
TimerManager: ../src/qooxdoo/application/demobrowser/source/demo/helper.js 39/41
Tokenizer: ../src/qooxdoo/application/demobrowser/source/demo/helper.js 39/41
Touch: ../src/qooxdoo/application/demobrowser/source/demo/helper.js 39/41
UIDeclaration: ../src/qooxdoo/application/demobrowser/source/demo/helper.js 39/41
Validation: ../src/qooxdoo/application/demobrowser/source/demo/helper.js 39/41
Virtual_List: ../src/qooxdoo/application/demobrowser/source/demo/helper.js 39/41
io_ImageLoader: ../src/qooxdoo/application/demobrowser/source/demo/helper.js 39/41
ChildrenHandling: ../src/qooxdoo/application/demobrowser/source/demo/helper.js 39/41
Decoration_UseCases: ../src/qooxdoo/application/demobrowser/source/demo/helper.js 39/41
Decorator_Box: ../src/qooxdoo/application/demobrowser/source/demo/helper.js 39/41
Destructor: ../src/qooxdoo/application/demobrowser/source/demo/helper.js 39/41
Destructor_Flash: ../src/qooxdoo/application/demobrowser/source/demo/helper.js 39/41
Element_1: ../src/qooxdoo/application/demobrowser/source/demo/helper.js 39/41
Element_2: ../src/qooxdoo/application/demobrowser/source/demo/helper.js 39/41
Element_3: ../src/qooxdoo/application/demobrowser/source/demo/helper.js 39/41
Element_4: ../src/qooxdoo/application/demobrowser/source/demo/helper.js 39/41
Element_5: ../src/qooxdoo/application/demobrowser/source/demo/helper.js 39/41
Hiding_Scrollbar: ../src/qooxdoo/application/demobrowser/source/demo/helper.js 39/41
Opacity: ../src/qooxdoo/application/demobrowser/source/demo/helper.js 39/41
ResizeEvent: ../src/qooxdoo/application/demobrowser/source/demo/helper.js 39/41
ScrollContainer_EdgeCaseHeight: ../src/qooxdoo/application/demobrowser/source/demo/helper.js 39/41
ScrollContainer_EdgeCaseWidth: ../src/qooxdoo/application/demobrowser/source/demo/helper.js 39/41
ScrollContainer_ResizeMatch: ../src/qooxdoo/application/demobrowser/source/demo/helper.js 39/41
SelectBox_EdgeCases: ../src/qooxdoo/application/demobrowser/source/demo/helper.js 39/41
Style: ../src/qooxdoo/application/demobrowser/source/demo/helper.js 39/41
Table_CellEditor: ../src/qooxdoo/application/demobrowser/source/demo/helper.js 39/41
Table_CellRenderer: ../src/qooxdoo/application/demobrowser/source/demo/helper.js 39/41
Table_FocusIndicator: ../src/qooxdoo/application/demobrowser/source/demo/helper.js 39/41
Table_Header: ../src/qooxdoo/application/demobrowser/source/demo/helper.js 39/41
Table_HeaderRenderer: ../src/qooxdoo/application/demobrowser/source/demo/helper.js 39/41
Table_Pane: ../src/qooxdoo/application/demobrowser/source/demo/helper.js 39/41
Table_RowRenderer: ../src/qooxdoo/application/demobrowser/source/demo/helper.js 39/41
Table_Scroller: ../src/qooxdoo/application/demobrowser/source/demo/helper.js 39/41
TimerManager: ../src/qooxdoo/application/demobrowser/source/demo/helper.js 39/41
Tokenizer: ../src/qooxdoo/application/demobrowser/source/demo/helper.js 39/41
Touch: ../src/qooxdoo/application/demobrowser/source/demo/helper.js 39/41
UIDeclaration: ../src/qooxdoo/application/demobrowser/source/demo/helper.js 39/41
Validation: ../src/qooxdoo/application/demobrowser/source/demo/helper.js 39/41
Virtual_List: ../src/qooxdoo/application/demobrowser/source/demo/helper.js 39/41
io_ImageLoader: ../src/qooxdoo/application/demobrowser/source/demo/helper.js 39/41
ChildrenHandling: ../src/qooxdoo/application/demobrowser/source/demo/helper.js 39/41
Decoration_UseCases: ../src/qooxdoo/application/demobrowser/source/demo/helper.js 39/41
Decorator_Box: ../src/qooxdoo/application/demobrowser/source/demo/helper.js 39/41
Destructor: ../src/qooxdoo/application/demobrowser/source/demo/helper.js 39/41
Destructor_Flash: ../src/qooxdoo/application/demobrowser/source/demo/helper.js 39/41
Element_1: ../src/qooxdoo/application/demobrowser/source/demo/helper.js 39/41
Element_2: ../src/qooxdoo/application/demobrowser/source/demo/helper.js 39/41
Element_3: ../src/qooxdoo/application/demobrowser/source/demo/helper.js 39/41
Element_4: ../src/qooxdoo/application/demobrowser/source/demo/helper.js 39/41
Element_5: ../src/qooxdoo/application/demobrowser/source/demo/helper.js 39/41
Hiding_Scrollbar: ../src/qooxdoo/application/demobrowser/source/demo/helper.js 39/41
Opacity: ../src/qooxdoo/application/demobrowser/source/demo/helper.js 39/41
ResizeEvent: ../src/qooxdoo/application/demobrowser/source/demo/helper.js 39/41
ScrollContainer_EdgeCaseHeight: ../src/qooxdoo/application/demobrowser/source/demo/helper.js 39/41
ScrollContainer_EdgeCaseWidth: ../src/qooxdoo/application/demobrowser/source/demo/helper.js 39/41
ScrollContainer_ResizeMatch: ../src/qooxdoo/application/demobrowser/source/demo/helper.js 39/41
SelectBox_EdgeCases: ../src/qooxdoo/application/demobrowser/source/demo/helper.js 39/41
Style: ../src/qooxdoo/application/demobrowser/source/demo/helper.js 39/41
Table_CellEditor: ../src/qooxdoo/application/demobrowser/source/demo/helper.js 39/41
Table_CellRenderer: ../src/qooxdoo/application/demobrowser/source/demo/helper.js 39/41
Table_FocusIndicator: ../src/qooxdoo/application/demobrowser/source/demo/helper.js 39/41
Table_Header: ../src/qooxdoo/application/demobrowser/source/demo/helper.js 39/41
Table_HeaderRenderer: ../src/qooxdoo/application/demobrowser/source/demo/helper.js 39/41
Table_Pane: ../src/qooxdoo/application/demobrowser/source/demo/helper.js 39/41
Table_RowRenderer: ../src/qooxdoo/application/demobrowser/source/demo/helper.js 39/41
Table_Scroller: ../src/qooxdoo/application/demobrowser/source/demo/helper.js 39/41
TimerManager: ../src/qooxdoo/application/demobrowser/source/demo/helper.js 39/41
Tokenizer: ../src/qooxdoo/application/demobrowser/source/demo/helper.js 39/41
Touch: ../src/qooxdoo/application/demobrowser/source/demo/helper.js 39/41
UIDeclaration: ../src/qooxdoo/application/demobrowser/source/demo/helper.js 39/41
Validation: ../src/qooxdoo/application/demobrowser/source/demo/helper.js 39/41
Virtual_List: ../src/qooxdoo/application/demobrowser/source/demo/helper.js 39/41
io_ImageLoader: ../src/qooxdoo/application/demobrowser/source/demo/helper.js 39/41
ChildrenHandling: ../src/qooxdoo/application/demobrowser/source/demo/helper.js 39/41
Decoration_UseCases: ../src/qooxdoo/application/demobrowser/source/demo/helper.js 39/41
Decorator_Box: ../src/qooxdoo/application/demobrowser/source/demo/helper.js 39/41
Destructor: ../src/qooxdoo/application/demobrowser/source/demo/helper.js 39/41
Destructor_Flash: ../src/qooxdoo/application/demobrowser/source/demo/helper.js 39/41
Element_1: ../src/qooxdoo/application/demobrowser/source/demo/helper.js 39/41
Element_2: ../src/qooxdoo/application/demobrowser/source/demo/helper.js 39/41
Element_3: ../src/qooxdoo/application/demobrowser/source/demo/helper.js 39/41
Element_4: ../src/qooxdoo/application/demobrowser/source/demo/helper.js 39/41
Element_5: ../src/qooxdoo/application/demobrowser/source/demo/helper.js 39/41
Hiding_Scrollbar: ../src/qooxdoo/application/demobrowser/source/demo/helper.js 39/41
Opacity: ../src/qooxdoo/application/demobrowser/source/demo/helper.js 39/41
ResizeEvent: ../src/qooxdoo/application/demobrowser/source/demo/helper.js 39/41
ScrollContainer_EdgeCaseHeight: ../src/qooxdoo/application/demobrowser/source/demo/helper.js 39/41
ScrollContainer_EdgeCaseWidth: ../src/qooxdoo/application/demobrowser/source/demo/helper.js 39/41
ScrollContainer_ResizeMatch: ../src/qooxdoo/application/demobrowser/source/demo/helper.js 39/41
SelectBox_EdgeCases: ../src/qooxdoo/application/demobrowser/source/demo/helper.js 39/41
Style: ../src/qooxdoo/application/demobrowser/source/demo/helper.js 39/41
Table_CellEditor: ../src/qooxdoo/application/demobrowser/source/demo/helper.js 39/41
Table_CellRenderer: ../src/qooxdoo/application/demobrowser/source/demo/helper.js 39/41
Table_FocusIndicator: ../src/qooxdoo/application/demobrowser/source/demo/helper.js 39/41
Table_Header: ../src/qooxdoo/application/demobrowser/source/demo/helper.js 39/41
Table_HeaderRenderer: ../src/qooxdoo/application/demobrowser/source/demo/helper.js 39/41
Table_Pane: ../src/qooxdoo/application/demobrowser/source/demo/helper.js 39/41
Table_RowRenderer: ../src/qooxdoo/application/demobrowser/source/demo/helper.js 39/41
Table_Scroller: ../src/qooxdoo/application/demobrowser/source/demo/helper.js 39/41
TimerManager: ../src/qooxdoo/application/demobrowser/source/demo/helper.js 39/41
Tokenizer: ../src/qooxdoo/application/demobrowser/source/demo/helper.js 39/41
Touch: ../src/qooxdoo/application/demobrowser/source/demo/helper.js 39/41
UIDeclaration: ../src/qooxdoo/application/demobrowser/source/demo/helper.js 39/41
Validation: ../src/qooxdoo/application/demobrowser/source/demo/helper.js 39/41
Virtual_List: ../src/qooxdoo/application/demobrowser/source/demo/helper.js 39/41
io_ImageLoader: ../src/qooxdoo/application/demobrowser/source/demo/helper.js 39/41
ChildrenHandling: ../src/qooxdoo/application/demobrowser/source/demo/helper.js 39/41
Decoration_UseCases: ../src/qooxdoo/application/demobrowser/source/demo/helper.js 39/41
Decorator_Box: ../src/qooxdoo/application/demobrowser/source/demo/helper.js 39/41
Destructor: ../src/qooxdoo/application/demobrowser/source/demo/helper.js 39/41
Destructor_Flash: ../src/qooxdoo/application/demobrowser/source/demo/helper.js 39/41
Element_1: ../src/qooxdoo/application/demobrowser/source/demo/helper.js 39/41
Element_2: ../src/qooxdoo/application/demobrowser/source/demo/helper.js 39/41
Element_3: ../src/qooxdoo/application/demobrowser/source/demo/helper.js 39/41
Element_4: ../src/qooxdoo/application/demobrowser/source/demo/helper.js 39/41
Element_5: ../src/qooxdoo/application/demobrowser/source/demo/helper.js 39/41
Hiding_Scrollbar: ../src/qooxdoo/application/demobrowser/source/demo/helper.js 39/41
Opacity: ../src/qooxdoo/application/demobrowser/source/demo/helper.js 39/41
ResizeEvent: ../src/qooxdoo/application/demobrowser/source/demo/helper.js 39/41
ScrollContainer_EdgeCaseHeight: ../src/qooxdoo/application/demobrowser/source/demo/helper.js 39/41
ScrollContainer_EdgeCaseWidth: ../src/qooxdoo/application/demobrowser/source/demo/helper.js 39/41
ScrollContainer_ResizeMatch: ../src/qooxdoo/application/demobrowser/source/demo/helper.js 39/41
SelectBox_EdgeCases: ../src/qooxdoo/application/demobrowser/source/demo/helper.js 39/41
Style: ../src/qooxdoo/application/demobrowser/source/demo/helper.js 39/41
Table_CellEditor: ../src/qooxdoo/application/demobrowser/source/demo/helper.js 39/41
Table_CellRenderer: ../src/qooxdoo/application/demobrowser/source/demo/helper.js 39/41
Table_FocusIndicator: ../src/qooxdoo/application/demobrowser/source/demo/helper.js 39/41
Table_Header: ../src/qooxdoo/application/demobrowser/source/demo/helper.js 39/41
Table_HeaderRenderer: ../src/qooxdoo/application/demobrowser/source/demo/helper.js 39/41
Table_Pane: ../src/qooxdoo/application/demobrowser/source/demo/helper.js 39/41
Table_RowRenderer: ../src/qooxdoo/application/demobrowser/source/demo/helper.js 39/41
Table_Scroller: ../src/qooxdoo/application/demobrowser/source/demo/helper.js 39/41
TimerManager: ../src/qooxdoo/application/demobrowser/source/demo/helper.js 39/41
Tokenizer: ../src/qooxdoo/application/demobrowser/source/demo/helper.js 39/41
Touch: ../src/qooxdoo/application/demobrowser/source/demo/helper.js 39/41
UIDeclaration: ../src/qooxdoo/application/demobrowser/source/demo/helper.js 39/41
Validation: ../src/qooxdoo/application/demobrowser/source/demo/helper.js 39/41
Virtual_List: ../src/qooxdoo/application/demobrowser/source/demo/helper.js 39/41
io_ImageLoader: ../src/qooxdoo/application/demobrowser/source/demo/helper.js 39/41
ChildrenHandling: ../src/qooxdoo/application/demobrowser/source/demo/helper.js 39/41
Decoration_UseCases: ../src/qooxdoo/application/demobrowser/source/demo/helper.js 39/41
Decorator_Box: ../src/qooxdoo/application/demobrowser/source/demo/helper.js 39/41
Destructor: ../src/qooxdoo/application/demobrowser/source/demo/helper.js 39/41
Destructor_Flash: ../src/qooxdoo/application/demobrowser/source/demo/helper.js 39/41
Element_1: ../src/qooxdoo/application/demobrowser/source/demo/helper.js 39/41
Element_2: ../src/qooxdoo/application/demobrowser/source/demo/helper.js 39/41
Element_3: ../src/qooxdoo/application/demobrowser/source/demo/helper.js 39/41
Element_4: ../src/qooxdoo/application/demobrowser/source/demo/helper.js 39/41
Element_5: ../src/qooxdoo/application/demobrowser/source/demo/helper.js 39/41
Hiding_Scrollbar: ../src/qooxdoo/application/demobrowser/source/demo/helper.js 39/41
Opacity: ../src/qooxdoo/application/demobrowser/source/demo/helper.js 39/41
ResizeEvent: ../src/qooxdoo/application/demobrowser/source/demo/helper.js 39/41
ScrollContainer_EdgeCaseHeight: ../src/qooxdoo/application/demobrowser/source/demo/helper.js 39/41
ScrollContainer_EdgeCaseWidth: ../src/qooxdoo/application/demobrowser/source/demo/helper.js 39/41
ScrollContainer_ResizeMatch: ../src/qooxdoo/application/demobrowser/source/demo/helper.js 39/41
SelectBox_EdgeCases: ../src/qooxdoo/application/demobrowser/source/demo/helper.js 39/41
Style: ../src/qooxdoo/application/demobrowser/source/demo/helper.js 39/41
Table_CellEditor: ../src/qooxdoo/application/demobrowser/source/demo/helper.js 39/41
Table_CellRenderer: ../src/qooxdoo/application/demobrowser/source/demo/helper.js 39/41
Table_FocusIndicator: ../src/qooxdoo/application/demobrowser/source/demo/helper.js 39/41
Table_Header: ../src/qooxdoo/application/demobrowser/source/demo/helper.js 39/41
Table_HeaderRenderer: ../src/qooxdoo/application/demobrowser/source/demo/helper.js 39/41
Table_Pane: ../src/qooxdoo/application/demobrowser/source/demo/helper.js 39/41
Table_RowRenderer: ../src/qooxdoo/application/demobrowser/source/demo/helper.js 39/41
Table_Scroller: ../src/qooxdoo/application/demobrowser/source/demo/helper.js 39/41
TimerManager: ../src/qooxdoo/application/demobrowser/source/demo/helper.js 39/41
Tokenizer: ../src/qooxdoo/application/demobrowser/source/demo/helper.js 39/41
Touch: ../src/qooxdoo/application/demobrowser/source/demo/helper.js 39/41
UIDeclaration: ../src/qooxdoo/application/demobrowser/source/demo/helper.js 39/41
Validation: ../src/qooxdoo/application/demobrowser/source/demo/helper.js 39/41
Virtual_List: ../src/qooxdoo/application/demobrowser/source/demo/helper.js 39/41
io_ImageLoader: ../src/qooxdoo/application/demobrowser/source/demo/helper.js 39/41
ChildrenHandling: ../src/qooxdoo/application/demobrowser/source/demo/helper.js 39/41
Decoration_UseCases: ../src/qooxdoo/application/demobrowser/source/demo/helper.js 39/41
Decorator_Box: ../src/qooxdoo/application/demobrowser/source/demo/helper.js 39/41
Destructor: ../src/qooxdoo/application/demobrowser/source/demo/helper.js 39/41
Destructor_Flash: ../src/qooxdoo/application/demobrowser/source/demo/helper.js 39/41
Element_1: ../src/qooxdoo/application/demobrowser/source/demo/helper.js 39/41
Element_2: ../src/qooxdoo/application/demobrowser/source/demo/helper.js 39/41
Element_3: ../src/qooxdoo/application/demobrowser/source/demo/helper.js 39/41
Element_4: ../src/qooxdoo/application/demobrowser/source/demo/helper.js 39/41
Element_5: ../src/qooxdoo/application/demobrowser/source/demo/helper.js 39/41
Hiding_Scrollbar: ../src/qooxdoo/application/demobrowser/source/demo/helper.js 39/41
Opacity: ../src/qooxdoo/application/demobrowser/source/demo/helper.js 39/41
ResizeEvent: ../src/qooxdoo/application/demobrowser/source/demo/helper.js 39/41
ScrollContainer_EdgeCaseHeight: ../src/qooxdoo/application/demobrowser/source/demo/helper.js 39/41
ScrollContainer_EdgeCaseWidth: ../src/qooxdoo/application/demobrowser/source/demo/helper.js 39/41
ScrollContainer_ResizeMatch: ../src/qooxdoo/application/demobrowser/source/demo/helper.js 39/41
SelectBox_EdgeCases: ../src/qooxdoo/application/demobrowser/source/demo/helper.js 39/41
Style: ../src/qooxdoo/application/demobrowser/source/demo/helper.js 39/41
Table_CellEditor: ../src/qooxdoo/application/demobrowser/source/demo/helper.js 39/41
Table_CellRenderer: ../src/qooxdoo/application/demobrowser/source/demo/helper.js 39/41
Table_FocusIndicator: ../src/qooxdoo/application/demobrowser/source/demo/helper.js 39/41
Table_Header: ../src/qooxdoo/application/demobrowser/source/demo/helper.js 39/41
Table_HeaderRenderer: ../src/qooxdoo/application/demobrowser/source/demo/helper.js 39/41
Table_Pane: ../src/qooxdoo/application/demobrowser/source/demo/helper.js 39/41
Table_RowRenderer: ../src/qooxdoo/application/demobrowser/source/demo/helper.js 39/41
Table_Scroller: ../src/qooxdoo/application/demobrowser/source/demo/helper.js 39/41
TimerManager: ../src/qooxdoo/application/demobrowser/source/demo/helper.js 39/41
Tokenizer: ../src/qooxdoo/application/demobrowser/source/demo/helper.js 39/41
Touch: ../src/qooxdoo/application/demobrowser/source/demo/helper.js 39/41
UIDeclaration: ../src/qooxdoo/application/demobrowser/source/demo/helper.js 39/41
Validation: ../src/qooxdoo/application/demobrowser/source/demo/helper.js 39/41
Virtual_List: ../src/qooxdoo/application/demobrowser/source/demo/helper.js 39/41
io_ImageLoader: ../src/qooxdoo/application/demobrowser/source/demo/helper.js 39/41
ChildrenHandling: ../src/qooxdoo/application/demobrowser/source/demo/helper.js 39/41
Decoration_UseCases: ../src/qooxdoo/application/demobrowser/source/demo/helper.js 39/41
Decorator_Box: ../src/qooxdoo/application/demobrowser/source/demo/helper.js 39/41
Destructor: ../src/qooxdoo/application/demobrowser/source/demo/helper.js 39/41
Destructor_Flash: ../src/qooxdoo/application/demobrowser/source/demo/helper.js 39/41
Element_1: ../src/qooxdoo/application/demobrowser/source/demo/helper.js 39/41
Element_2: ../src/qooxdoo/application/demobrowser/source/demo/helper.js 39/41
Element_3: ../src/qooxdoo/application/demobrowser/source/demo/helper.js 39/41
Element_4: ../src/qooxdoo/application/demobrowser/source/demo/helper.js 39/41
Element_5: ../src/qooxdoo/application/demobrowser/source/demo/helper.js 39/41
Hiding_Scrollbar: ../src/qooxdoo/application/demobrowser/source/demo/helper.js 39/41
Opacity: ../src/qooxdoo/application/demobrowser/source/demo/helper.js 39/41
ResizeEvent: ../src/qooxdoo/application/demobrowser/source/demo/helper.js 39/41
ScrollContainer_EdgeCaseHeight: ../src/qooxdoo/application/demobrowser/source/demo/helper.js 39/41
ScrollContainer_EdgeCaseWidth: ../src/qooxdoo/application/demobrowser/source/demo/helper.js 39/41
ScrollContainer_ResizeMatch: ../src/qooxdoo/application/demobrowser/source/demo/helper.js 39/41
SelectBox_EdgeCases: ../src/qooxdoo/application/demobrowser/source/demo/helper.js 39/41
Style: ../src/qooxdoo/application/demobrowser/source/demo/helper.js 39/41
Table_CellEditor: ../src/qooxdoo/application/demobrowser/source/demo/helper.js 39/41
Table_CellRenderer: ../src/qooxdoo/application/demobrowser/source/demo/helper.js 39/41
Table_FocusIndicator: ../src/qooxdoo/application/demobrowser/source/demo/helper.js 39/41
Table_Header: ../src/qooxdoo/application/demobrowser/source/demo/helper.js 39/41
Table_HeaderRenderer: ../src/qooxdoo/application/demobrowser/source/demo/helper.js 39/41
Table_Pane: ../src/qooxdoo/application/demobrowser/source/demo/helper.js 39/41
Table_RowRenderer: ../src/qooxdoo/application/demobrowser/source/demo/helper.js 39/41
Table_Scroller: ../src/qooxdoo/application/demobrowser/source/demo/helper.js 39/41
TimerManager: ../src/qooxdoo/application/demobrowser/source/demo/helper.js 39/41
Tokenizer: ../src/qooxdoo/application/demobrowser/source/demo/helper.js 39/41
Touch: ../src/qooxdoo/application/demobrowser/source/demo/helper.js 39/41
UIDeclaration: ../src/qooxdoo/application/demobrowser/source/demo/helper.js 39/41
Validation: ../src/qooxdoo/application/demobrowser/source/demo/helper.js 39/41
Virtual_List: ../src/qooxdoo/application/demobrowser/source/demo/helper.js 39/41
io_ImageLoader: ../src/qooxdoo/application/demobrowser/source/demo/helper.js 39/41
ChildrenHandling: ../src/qooxdoo/application/demobrowser/source/demo/helper.js 39/41
Decoration_UseCases: ../src/qooxdoo/application/demobrowser/source/demo/helper.js 39/41
Decorator_Box: ../src/qooxdoo/application/demobrowser/source/demo/helper.js 39/41
Destructor: ../src/qooxdoo/application/demobrowser/source/demo/helper.js 39/41
Destructor_Flash: ../src/qooxdoo/application/demobrowser/source/demo/helper.js 39/41
Element_1: ../src/qooxdoo/application/demobrowser/source/demo/helper.js 39/41
Element_2: ../src/qooxdoo/application/demobrowser/source/demo/helper.js 39/41
Element_3: ../src/qooxdoo/application/demobrowser/source/demo/helper.js 39/41
Element_4: ../src/qooxdoo/application/demobrowser/source/demo/helper.js 39/41
Element_5: ../src/qooxdoo/application/demobrowser/source/demo/helper.js 39/41
Hiding_Scrollbar: ../src/qooxdoo/application/demobrowser/source/demo/helper.js 39/41
Opacity: ../src/qooxdoo/application/demobrowser/source/demo/helper.js 39/41
ResizeEvent: ../src/qooxdoo/application/demobrowser/source/demo/helper.js 39/41
ScrollContainer_EdgeCaseHeight: ../src/qooxdoo/application/demobrowser/source/demo/helper.js 39/41
ScrollContainer_EdgeCaseWidth: ../src/qooxdoo/application/demobrowser/source/demo/helper.js 39/41
ScrollContainer_ResizeMatch: ../src/qooxdoo/application/demobrowser/source/demo/helper.js 39/41
SelectBox_EdgeCases: ../src/qooxdoo/application/demobrowser/source/demo/helper.js 39/41
Style: ../src/qooxdoo/application/demobrowser/source/demo/helper.js 39/41
Table_CellEditor: ../src/qooxdoo/application/demobrowser/source/demo/helper.js 39/41
Table_CellRenderer: ../src/qooxdoo/application/demobrowser/source/demo/helper.js 39/41
Table_FocusIndicator: ../src/qooxdoo/application/demobrowser/source/demo/helper.js 39/41
Table_Header: ../src/qooxdoo/application/demobrowser/source/demo/helper.js 39/41
Table_HeaderRenderer: ../src/qooxdoo/application/demobrowser/source/demo/helper.js 39/41
Table_Pane: ../src/qooxdoo/application/demobrowser/source/demo/helper.js 39/41
Table_RowRenderer: ../src/qooxdoo/application/demobrowser/source/demo/helper.js 39/41
Table_Scroller: ../src/qooxdoo/application/demobrowser/source/demo/helper.js 39/41
TimerManager: ../src/qooxdoo/application/demobrowser/source/demo/helper.js 39/41
Tokenizer: ../src/qooxdoo/application/demobrowser/source/demo/helper.js 39/41
Touch: ../src/qooxdoo/application/demobrowser/source/demo/helper.js 39/41
UIDeclaration: ../src/qooxdoo/application/demobrowser/source/demo/helper.js 39/41
Validation: ../src/qooxdoo/application/demobrowser/source/demo/helper.js 39/41
Virtual_List: ../src/qooxdoo/application/demobrowser/source/demo/helper.js 39/41
io_ImageLoader: ../src/qooxdoo/application/demobrowser/source/demo/helper.js 39/41
ChildrenHandling: ../src/qooxdoo/application/demobrowser/source/demo/helper.js 39/41
Decoration_UseCases: ../src/qooxdoo/application/demobrowser/source/demo/helper.js 39/41
Decorator_Box: ../src/qooxdoo/application/demobrowser/source/demo/helper.js 39/41
Destructor: ../src/qooxdoo/application/demobrowser/source/demo/helper.js 39/41
Destructor_Flash: ../src/qooxdoo/application/demobrowser/source/demo/helper.js 39/41
Element_1: ../src/qooxdoo/application/demobrowser/source/demo/helper.js 39/41
Element_2: ../src/qooxdoo/application/demobrowser/source/demo/helper.js 39/41
Element_3: ../src/qooxdoo/application/demobrowser/source/demo/helper.js 39/41
Element_4: ../src/qooxdoo/application/demobrowser/source/demo/helper.js 39/41
Element_5: ../src/qooxdoo/application/demobrowser/source/demo/helper.js 39/41
Hiding_Scrollbar: ../src/qooxdoo/application/demobrowser/source/demo/helper.js 39/41
Opacity: ../src/qooxdoo/application/demobrowser/source/demo/helper.js 39/41
ResizeEvent: ../src/qooxdoo/application/demobrowser/source/demo/helper.js 39/41
ScrollContainer_EdgeCaseHeight: ../src/qooxdoo/application/demobrowser/source/demo/helper.js 39/41
ScrollContainer_EdgeCaseWidth: ../src/qooxdoo/application/demobrowser/source/demo/helper.js 39/41
ScrollContainer_ResizeMatch: ../src/qooxdoo/application/demobrowser/source/demo/helper.js 39/41
SelectBox_EdgeCases: ../src/qooxdoo/application/demobrowser/source/demo/helper.js 39/41
Style: ../src/qooxdoo/application/demobrowser/source/demo/helper.js 39/41
Table_CellEditor: ../src/qooxdoo/application/demobrowser/source/demo/helper.js 39/41
Table_CellRenderer: ../src/qooxdoo/application/demobrowser/source/demo/helper.js 39/41
Table_FocusIndicator: ../src/qooxdoo/application/demobrowser/source/demo/helper.js 39/41
Table_Header: ../src/qooxdoo/application/demobrowser/source/demo/helper.js 39/41
Table_HeaderRenderer: ../src/qooxdoo/application/demobrowser/source/demo/helper.js 39/41
Table_Pane: ../src/qooxdoo/application/demobrowser/source/demo/helper.js 39/41
Table_RowRenderer: ../src/qooxdoo/application/demobrowser/source/demo/helper.js 39/41
Table_Scroller: ../src/qooxdoo/application/demobrowser/source/demo/helper.js 39/41
TimerManager: ../src/qooxdoo/application/demobrowser/source/demo/helper.js 39/41
Tokenizer: ../src/qooxdoo/application/demobrowser/source/demo/helper.js 39/41
Touch: ../src/qooxdoo/application/demobrowser/source/demo/helper.js 39/41
UIDeclaration: ../src/qooxdoo/application/demobrowser/source/demo/helper.js 39/41
Validation: ../src/qooxdoo/application/demobrowser/source/demo/helper.js 39/41
Virtual_List: ../src/qooxdoo/application/demobrowser/source/demo/helper.js 39/41
io_ImageLoader: ../src/qooxdoo/application/demobrowser/source/demo/helper.js 39/41
ChildrenHandling: ../src/qooxdoo/application/demobrowser/source/demo/helper.js 39/41
Decoration_UseCases: ../src/qooxdoo/application/demobrowser/source/demo/helper.js 39/41
Decorator_Box: ../src/qooxdoo/application/demobrowser/source/demo/helper.js 39/41
Destructor: ../src/qooxdoo/application/demobrowser/source/demo/helper.js 39/41
Destructor_Flash: ../src/qooxdoo/application/demobrowser/source/demo/helper.js 39/41
Element_1: ../src/qooxdoo/application/demobrowser/source/demo/helper.js 39/41
Element_2: ../src/qooxdoo/application/demobrowser/source/demo/helper.js 39/41
Element_3: ../src/qooxdoo/application/demobrowser/source/demo/helper.js 39/41
Element_4: ../src/qooxdoo/application/demobrowser/source/demo/helper.js 39/41
Element_5: ../src/qooxdoo/application/demobrowser/source/demo/helper.js 39/41
Hiding_Scrollbar: ../src/qooxdoo/application/demobrowser/source/demo/helper.js 39/41
Opacity: ../src/qooxdoo/application/demobrowser/source/demo/helper.js 39/41
ResizeEvent: ../src/qooxdoo/application/demobrowser/source/demo/helper.js 39/41
ScrollContainer_EdgeCaseHeight: ../src/qooxdoo/application/demobrowser/source/demo/helper.js 39/41
ScrollContainer_EdgeCaseWidth: ../src/qooxdoo/application/demobrowser/source/demo/helper.js 39/41
ScrollContainer_ResizeMatch: ../src/qooxdoo/application/demobrowser/source/demo/helper.js 39/41
SelectBox_EdgeCases: ../src/qooxdoo/application/demobrowser/source/demo/helper.js 39/41
Style: ../src/qooxdoo/application/demobrowser/source/demo/helper.js 39/41
Table_CellEditor: ../src/qooxdoo/application/demobrowser/source/demo/helper.js 39/41
Table_CellRenderer: ../src/qooxdoo/application/demobrowser/source/demo/helper.js 39/41
Table_FocusIndicator: ../src/qooxdoo/application/demobrowser/source/demo/helper.js 39/41
Table_Header: ../src/qooxdoo/application/demobrowser/source/demo/helper.js 39/41
Table_HeaderRenderer: ../src/qooxdoo/application/demobrowser/source/demo/helper.js 39/41
Table_Pane: ../src/qooxdoo/application/demobrowser/source/demo/helper.js 39/41
Table_RowRenderer: ../src/qooxdoo/application/demobrowser/source/demo/helper.js 39/41
Table_Scroller: ../src/qooxdoo/application/demobrowser/source/demo/helper.js 39/41
TimerManager: ../src/qooxdoo/application/demobrowser/source/demo/helper.js 39/41
Tokenizer: ../src/qooxdoo/application/demobrowser/source/demo/helper.js 39/41
Touch: ../src/qooxdoo/application/demobrowser/source/demo/helper.js 39/41
UIDeclaration: ../src/qooxdoo/application/demobrowser/source/demo/helper.js 39/41
Validation: ../src/qooxdoo/application/demobrowser/source/demo/helper.js 39/41
Virtual_List: ../src/qooxdoo/application/demobrowser/source/demo/helper.js 39/41
io_ImageLoader: ../src/qooxdoo/application/demobrowser/source/demo/helper.js 39/41
ChildrenHandling: ../src/qooxdoo/application/demobrowser/source/demo/helper.js 39/41
Decoration_UseCases: ../src/qooxdoo/application/demobrowser/source/demo/helper.js 39/41
Decorator_Box: ../src/qooxdoo/application/demobrowser/source/demo/helper.js 39/41
Destructor: ../src/qooxdoo/application/demobrowser/source/demo/helper.js 39/41
Destructor_Flash: ../src/qooxdoo/application/demobrowser/source/demo/helper.js 39/41
Element_1: ../src/qooxdoo/application/demobrowser/source/demo/helper.js 39/41
Element_2: ../src/qooxdoo/application/demobrowser/source/demo/helper.js 39/41
Element_3: ../src/qooxdoo/application/demobrowser/source/demo/helper.js 39/41
Element_4: ../src/qooxdoo/application/demobrowser/source/demo/helper.js 39/41
Element_5: ../src/qooxdoo/application/demobrowser/source/demo/helper.js 39/41
Hiding_Scrollbar: ../src/qooxdoo/application/demobrowser/source/demo/helper.js 39/41
Opacity: ../src/qooxdoo/application/demobrowser/source/demo/helper.js 39/41
ResizeEvent: ../src/qooxdoo/application/demobrowser/source/demo/helper.js 39/41
ScrollContainer_EdgeCaseHeight: ../src/qooxdoo/application/demobrowser/source/demo/helper.js 39/41
ScrollContainer_EdgeCaseWidth: ../src/qooxdoo/application/demobrowser/source/demo/helper.js 39/41
ScrollContainer_ResizeMatch: ../src/qooxdoo/application/demobrowser/source/demo/helper.js 39/41
SelectBox_EdgeCases: ../src/qooxdoo/application/demobrowser/source/demo/helper.js 39/41
Style: ../src/qooxdoo/application/demobrowser/source/demo/helper.js 39/41
Table_CellEditor: ../src/qooxdoo/application/demobrowser/source/demo/helper.js 39/41
Table_CellRenderer: ../src/qooxdoo/application/demobrowser/source/demo/helper.js 39/41
Table_FocusIndicator: ../src/qooxdoo/application/demobrowser/source/demo/helper.js 39/41
Table_Header: ../src/qooxdoo/application/demobrowser/source/demo/helper.js 39/41
Table_HeaderRenderer: ../src/qooxdoo/application/demobrowser/source/demo/helper.js 39/41
Table_Pane: ../src/qooxdoo/application/demobrowser/source/demo/helper.js 39/41
Table_RowRenderer: ../src/qooxdoo/application/demobrowser/source/demo/helper.js 39/41
Table_Scroller: ../src/qooxdoo/application/demobrowser/source/demo/helper.js 39/41
TimerManager: ../src/qooxdoo/application/demobrowser/source/demo/helper.js 39/41
Tokenizer: ../src/qooxdoo/application/demobrowser/source/demo/helper.js 39/41
Touch: ../src/qooxdoo/application/demobrowser/source/demo/helper.js 39/41
UIDeclaration: ../src/qooxdoo/application/demobrowser/source/demo/helper.js 39/41
Validation: ../src/qooxdoo/application/demobrowser/source/demo/helper.js 39/41
Virtual_List: ../src/qooxdoo/application/demobrowser/source/demo/helper.js 39/41
io_ImageLoader: ../src/qooxdoo/application/demobrowser/source/demo/helper.js 39/41
ChildrenHandling: ../src/qooxdoo/application/demobrowser/source/demo/helper.js 39/41
Decoration_UseCases: ../src/qooxdoo/application/demobrowser/source/demo/helper.js 39/41
Decorator_Box: ../src/qooxdoo/application/demobrowser/source/demo/helper.js 39/41
Destructor: ../src/qooxdoo/application/demobrowser/source/demo/helper.js 39/41
Destructor_Flash: ../src/qooxdoo/application/demobrowser/source/demo/helper.js 39/41
Element_1: ../src/qooxdoo/application/demobrowser/source/demo/helper.js 39/41
Element_2: ../src/qooxdoo/application/demobrowser/source/demo/helper.js 39/41
Element_3: ../src/qooxdoo/application/demobrowser/source/demo/helper.js 39/41
Element_4: ../src/qooxdoo/application/demobrowser/source/demo/helper.js 39/41
Element_5: ../src/qooxdoo/application/demobrowser/source/demo/helper.js 39/41
Hiding_Scrollbar: ../src/qooxdoo/application/demobrowser/source/demo/helper.js 39/41
Opacity: ../src/qooxdoo/application/demobrowser/source/demo/helper.js 39/41
ResizeEvent: ../src/qooxdoo/application/demobrowser/source/demo/helper.js 39/41
ScrollContainer_EdgeCaseHeight: ../src/qooxdoo/application/demobrowser/source/demo/helper.js 39/41
ScrollContainer_EdgeCaseWidth: ../src/qooxdoo/application/demobrowser/source/demo/helper.js 39/41
ScrollContainer_ResizeMatch: ../src/qooxdoo/application/demobrowser/source/demo/helper.js 39/41
SelectBox_EdgeCases: ../src/qooxdoo/application/demobrowser/source/demo/helper.js 39/41
Style: ../src/qooxdoo/application/demobrowser/source/demo/helper.js 39/41
Table_CellEditor: ../src/qooxdoo/application/demobrowser/source/demo/helper.js 39/41
Table_CellRenderer: ../src/qooxdoo/application/demobrowser/source/demo/helper.js 39/41
Table_FocusIndicator: ../src/qooxdoo/application/demobrowser/source/demo/helper.js 39/41
Table_Header: ../src/qooxdoo/application/demobrowser/source/demo/helper.js 39/41
Table_HeaderRenderer: ../src/qooxdoo/application/demobrowser/source/demo/helper.js 39/41
Table_Pane: ../src/qooxdoo/application/demobrowser/source/demo/helper.js 39/41
Table_RowRenderer: ../src/qooxdoo/application/demobrowser/source/demo/helper.js 39/41
Table_Scroller: ../src/qooxdoo/application/demobrowser/source/demo/helper.js 39/41
TimerManager: ../src/qooxdoo/application/demobrowser/source/demo/helper.js 39/41
Tokenizer: ../src/qooxdoo/application/demobrowser/source/demo/helper.js 39/41
Touch: ../src/qooxdoo/application/demobrowser/source/demo/helper.js 39/41
UIDeclaration: ../src/qooxdoo/application/demobrowser/source/demo/helper.js 39/41
Validation: ../src/qooxdoo/application/demobrowser/source/demo/helper.js 39/41
Virtual_List: ../src/qooxdoo/application/demobrowser/source/demo/helper.js 39/41
io_ImageLoader: ../src/qooxdoo/application/demobrowser/source/demo/helper.js 39/41
ChildrenHandling: ../src/qooxdoo/application/demobrowser/source/demo/helper.js 39/41
Decoration_UseCases: ../src/qooxdoo/application/demobrowser/source/demo/helper.js 39/41
Decorator_Box: ../src/qooxdoo/application/demobrowser/source/demo/helper.js 39/41
Destructor: ../src/qooxdoo/application/demobrowser/source/demo/helper.js 39/41
Destructor_Flash: ../src/qooxdoo/application/demobrowser/source/demo/helper.js 39/41
Element_1: ../src/qooxdoo/application/demobrowser/source/demo/helper.js 39/41
Element_2: ../src/qooxdoo/application/demobrowser/source/demo/helper.js 39/41
Element_3: ../src/qooxdoo/application/demobrowser/source/demo/helper.js 39/41
Element_4: ../src/qooxdoo/application/demobrowser/source/demo/helper.js 39/41
Element_5: ../src/qooxdoo/application/demobrowser/source/demo/helper.js 39/41
Hiding_Scrollbar: ../src/qooxdoo/application/demobrowser/source/demo/helper.js 39/41
Opacity: ../src/qooxdoo/application/demobrowser/source/demo/helper.js 39/41
ResizeEvent: ../src/qooxdoo/application/demobrowser/source/demo/helper.js 39/41
ScrollContainer_EdgeCaseHeight: ../src/qooxdoo/application/demobrowser/source/demo/helper.js 39/41
ScrollContainer_EdgeCaseWidth: ../src/qooxdoo/application/demobrowser/source/demo/helper.js 39/41
ScrollContainer_ResizeMatch: ../src/qooxdoo/application/demobrowser/source/demo/helper.js 39/41
SelectBox_EdgeCases: ../src/qooxdoo/application/demobrowser/source/demo/helper.js 39/41
Style: ../src/qooxdoo/application/demobrowser/source/demo/helper.js 39/41
Table_CellEditor: ../src/qooxdoo/application/demobrowser/source/demo/helper.js 39/41
Table_CellRenderer: ../src/qooxdoo/application/demobrowser/source/demo/helper.js 39/41
Table_FocusIndicator: ../src/qooxdoo/application/demobrowser/source/demo/helper.js 39/41
Table_Header: ../src/qooxdoo/application/demobrowser/source/demo/helper.js 39/41
Table_HeaderRenderer: ../src/qooxdoo/application/demobrowser/source/demo/helper.js 39/41
Table_Pane: ../src/qooxdoo/application/demobrowser/source/demo/helper.js 39/41
Table_RowRenderer: ../src/qooxdoo/application/demobrowser/source/demo/helper.js 39/41
Table_Scroller: ../src/qooxdoo/application/demobrowser/source/demo/helper.js 39/41
TimerManager: ../src/qooxdoo/application/demobrowser/source/demo/helper.js 39/41
Tokenizer: ../src/qooxdoo/application/demobrowser/source/demo/helper.js 39/41
Touch: ../src/qooxdoo/application/demobrowser/source/demo/helper.js 39/41
UIDeclaration: ../src/qooxdoo/application/demobrowser/source/demo/helper.js 39/41
Validation: ../src/qooxdoo/application/demobrowser/source/demo/helper.js 39/41
Virtual_List: ../src/qooxdoo/application/demobrowser/source/demo/helper.js 39/41
io_ImageLoader: ../src/qooxdoo/application/demobrowser/source/demo/helper.js 39/41
ChildrenHandling: ../src/qooxdoo/application/demobrowser/source/demo/helper.js 39/41
Decoration_UseCases: ../src/qooxdoo/application/demobrowser/source/demo/helper.js 39/41
Decorator_Box: ../src/qooxdoo/application/demobrowser/source/demo/helper.js 39/41
Destructor: ../src/qooxdoo/application/demobrowser/source/demo/helper.js 39/41
Destructor_Flash: ../src/qooxdoo/application/demobrowser/source/demo/helper.js 39/41
Element_1: ../src/qooxdoo/application/demobrowser/source/demo/helper.js 39/41
Element_2: ../src/qooxdoo/application/demobrowser/source/demo/helper.js 39/41
Element_3: ../src/qooxdoo/application/demobrowser/source/demo/helper.js 39/41
Element_4: ../src/qooxdoo/application/demobrowser/source/demo/helper.js 39/41
Element_5: ../src/qooxdoo/application/demobrowser/source/demo/helper.js 39/41
Hiding_Scrollbar: ../src/qooxdoo/application/demobrowser/source/demo/helper.js 39/41
Opacity: ../src/qooxdoo/application/demobrowser/source/demo/helper.js 39/41
ResizeEvent: ../src/qooxdoo/application/demobrowser/source/demo/helper.js 39/41
ScrollContainer_EdgeCaseHeight: ../src/qooxdoo/application/demobrowser/source/demo/helper.js 39/41
ScrollContainer_EdgeCaseWidth: ../src/qooxdoo/application/demobrowser/source/demo/helper.js 39/41
ScrollContainer_ResizeMatch: ../src/qooxdoo/application/demobrowser/source/demo/helper.js 39/41
SelectBox_EdgeCases: ../src/qooxdoo/application/demobrowser/source/demo/helper.js 39/41
Style: ../src/qooxdoo/application/demobrowser/source/demo/helper.js 39/41
Table_CellEditor: ../src/qooxdoo/application/demobrowser/source/demo/helper.js 39/41
Table_CellRenderer: ../src/qooxdoo/application/demobrowser/source/demo/helper.js 39/41
Table_FocusIndicator: ../src/qooxdoo/application/demobrowser/source/demo/helper.js 39/41
Table_Header: ../src/qooxdoo/application/demobrowser/source/demo/helper.js 39/41
Table_HeaderRenderer: ../src/qooxdoo/application/demobrowser/source/demo/helper.js 39/41
Table_Pane: ../src/qooxdoo/application/demobrowser/source/demo/helper.js 39/41
Table_RowRenderer: ../src/qooxdoo/application/demobrowser/source/demo/helper.js 39/41
Table_Scroller: ../src/qooxdoo/application/demobrowser/source/demo/helper.js 39/41
TimerManager: ../src/qooxdoo/application/demobrowser/source/demo/helper.js 39/41
Tokenizer: ../src/qooxdoo/application/demobrowser/source/demo/helper.js 39/41
Touch: ../src/qooxdoo/application/demobrowser/source/demo/helper.js 39/41
UIDeclaration: ../src/qooxdoo/application/demobrowser/source/demo/helper.js 39/41
Validation: ../src/qooxdoo/application/demobrowser/source/demo/helper.js 39/41
Virtual_List: ../src/qooxdoo/application/demobrowser/source/demo/helper.js 39/41
io_ImageLoader: ../src/qooxdoo/application/demobrowser/source/demo/helper.js 39/41
ChildrenHandling: ../src/qooxdoo/application/demobrowser/source/demo/helper.js 39/41
Decoration_UseCases: ../src/qooxdoo/application/demobrowser/source/demo/helper.js 39/41
Decorator_Box: ../src/qooxdoo/application/demobrowser/source/demo/helper.js 39/41
Destructor: ../src/qooxdoo/application/demobrowser/source/demo/helper.js 39/41
Destructor_Flash: ../src/qooxdoo/application/demobrowser/source/demo/helper.js 39/41
Element_1: ../src/qooxdoo/application/demobrowser/source/demo/helper.js 39/41
Element_2: ../src/qooxdoo/application/demobrowser/source/demo/helper.js 39/41
Element_3: ../src/qooxdoo/application/demobrowser/source/demo/helper.js 39/41
Element_4: ../src/qooxdoo/application/demobrowser/source/demo/helper.js 39/41
Element_5: ../src/qooxdoo/application/demobrowser/source/demo/helper.js 39/41
Hiding_Scrollbar: ../src/qooxdoo/application/demobrowser/source/demo/helper.js 39/41
Opacity: ../src/qooxdoo/application/demobrowser/source/demo/helper.js 39/41
ResizeEvent: ../src/qooxdoo/application/demobrowser/source/demo/helper.js 39/41
ScrollContainer_EdgeCaseHeight: ../src/qooxdoo/application/demobrowser/source/demo/helper.js 39/41
ScrollContainer_EdgeCaseWidth: ../src/qooxdoo/application/demobrowser/source/demo/helper.js 39/41
ScrollContainer_ResizeMatch: ../src/qooxdoo/application/demobrowser/source/demo/helper.js 39/41
SelectBox_EdgeCases: ../src/qooxdoo/application/demobrowser/source/demo/helper.js 39/41
Style: ../src/qooxdoo/application/demobrowser/source/demo/helper.js 39/41
Table_CellEditor: ../src/qooxdoo/application/demobrowser/source/demo/helper.js 39/41
Table_CellRenderer: ../src/qooxdoo/application/demobrowser/source/demo/helper.js 39/41
Table_FocusIndicator: ../src/qooxdoo/application/demobrowser/source/demo/helper.js 39/41
Table_Header: ../src/qooxdoo/application/demobrowser/source/demo/helper.js 39/41
Table_HeaderRenderer: ../src/qooxdoo/application/demobrowser/source/demo/helper.js 39/41
Table_Pane: ../src/qooxdoo/application/demobrowser/source/demo/helper.js 39/41
Table_RowRenderer: ../src/qooxdoo/application/demobrowser/source/demo/helper.js 39/41
Table_Scroller: ../src/qooxdoo/application/demobrowser/source/demo/helper.js 39/41
TimerManager: ../src/qooxdoo/application/demobrowser/source/demo/helper.js 39/41
Tokenizer: ../src/qooxdoo/application/demobrowser/source/demo/helper.js 39/41
Touch: ../src/qooxdoo/application/demobrowser/source/demo/helper.js 39/41
UIDeclaration: ../src/qooxdoo/application/demobrowser/source/demo/helper.js 39/41
Validation: ../src/qooxdoo/application/demobrowser/source/demo/helper.js 39/41
Virtual_List: ../src/qooxdoo/application/demobrowser/source/demo/helper.js 39/41
io_ImageLoader: ../src/qooxdoo/application/demobrowser/source/demo/helper.js 39/41
runner: ../src/qooxdoo/tool/admin/www/resources/javascripts/q.sticky.js 3/58
runner: ../src/qooxdoo/tool/admin/www/resources/javascripts/q.js 562/4268
ChildrenHandling: ../src/qooxdoo/application/demobrowser/source/demo/helper.js 39/41
Decoration_UseCases: ../src/qooxdoo/application/demobrowser/source/demo/helper.js 39/41
Decorator_Box: ../src/qooxdoo/application/demobrowser/source/demo/helper.js 39/41
Destructor: ../src/qooxdoo/application/demobrowser/source/demo/helper.js 39/41
Destructor_Flash: ../src/qooxdoo/application/demobrowser/source/demo/helper.js 39/41
Element_1: ../src/qooxdoo/application/demobrowser/source/demo/helper.js 39/41
Element_2: ../src/qooxdoo/application/demobrowser/source/demo/helper.js 39/41
Element_3: ../src/qooxdoo/application/demobrowser/source/demo/helper.js 39/41
Element_4: ../src/qooxdoo/application/demobrowser/source/demo/helper.js 39/41
Element_5: ../src/qooxdoo/application/demobrowser/source/demo/helper.js 39/41
Hiding_Scrollbar: ../src/qooxdoo/application/demobrowser/source/demo/helper.js 39/41
Opacity: ../src/qooxdoo/application/demobrowser/source/demo/helper.js 39/41
ResizeEvent: ../src/qooxdoo/application/demobrowser/source/demo/helper.js 39/41
ScrollContainer_EdgeCaseHeight: ../src/qooxdoo/application/demobrowser/source/demo/helper.js 39/41
ScrollContainer_EdgeCaseWidth: ../src/qooxdoo/application/demobrowser/source/demo/helper.js 39/41
ScrollContainer_ResizeMatch: ../src/qooxdoo/application/demobrowser/source/demo/helper.js 39/41
SelectBox_EdgeCases: ../src/qooxdoo/application/demobrowser/source/demo/helper.js 39/41
Style: ../src/qooxdoo/application/demobrowser/source/demo/helper.js 39/41
Table_CellEditor: ../src/qooxdoo/application/demobrowser/source/demo/helper.js 39/41
Table_CellRenderer: ../src/qooxdoo/application/demobrowser/source/demo/helper.js 39/41
Table_FocusIndicator: ../src/qooxdoo/application/demobrowser/source/demo/helper.js 39/41
Table_Header: ../src/qooxdoo/application/demobrowser/source/demo/helper.js 39/41
Table_HeaderRenderer: ../src/qooxdoo/application/demobrowser/source/demo/helper.js 39/41
Table_Pane: ../src/qooxdoo/application/demobrowser/source/demo/helper.js 39/41
Table_RowRenderer: ../src/qooxdoo/application/demobrowser/source/demo/helper.js 39/41
Table_Scroller: ../src/qooxdoo/application/demobrowser/source/demo/helper.js 39/41
TimerManager: ../src/qooxdoo/application/demobrowser/source/demo/helper.js 39/41
Tokenizer: ../src/qooxdoo/application/demobrowser/source/demo/helper.js 39/41
Touch: ../src/qooxdoo/application/demobrowser/source/demo/helper.js 39/41
UIDeclaration: ../src/qooxdoo/application/demobrowser/source/demo/helper.js 39/41
Validation: ../src/qooxdoo/application/demobrowser/source/demo/helper.js 39/41
Virtual_List: ../src/qooxdoo/application/demobrowser/source/demo/helper.js 39/41
io_ImageLoader: ../src/qooxdoo/application/demobrowser/source/demo/helper.js 39/41
runner: ../src/qooxdoo/tool/admin/www/resources/javascripts/q.sticky.js 3/58
runner: ../src/qooxdoo/tool/admin/www/resources/javascripts/q.js 562/4268
