W3C-Selector-tests: ../src/qwery/src/qwery.js 86/177
W3C-Selector-tests: ../src/qwery/src/qwery.js 86/177
benchmarks: ../src/qwery/vendor/nw.js 146/492
benchmarks: ../src/qwery/qwery.js 59/177
benchmarks: ../src/qwery/src/qwery.js 59/177
benchmarks: ../src/qwery/vendor/sizzle.js 266/552
W3C-Selector-tests: ../src/qwery/src/qwery.js 86/177
benchmarks: ../src/qwery/vendor/nw.js 146/492
benchmarks: ../src/qwery/qwery.js 59/177
benchmarks: ../src/qwery/src/qwery.js 59/177
benchmarks: ../src/qwery/vendor/sizzle.js 266/552
index: ../src/qwery/src/qwery.js 39/177
index: ../src/qwery/pseudos/qwery-pseudos.js 27/59
W3C-Selector-tests: ../src/qwery/src/qwery.js 86/177
benchmarks: ../src/qwery/vendor/nw.js 146/492
benchmarks: ../src/qwery/qwery.js 59/177
benchmarks: ../src/qwery/src/qwery.js 59/177
benchmarks: ../src/qwery/vendor/sizzle.js 266/552
index: ../src/qwery/src/qwery.js 39/177
index: ../src/qwery/pseudos/qwery-pseudos.js 27/59
mobile: ../src/qwery/mobile/qwery-mobile.js 11/35
