effects: ../src/rightjs-core/src/dom/element/commons.js 1/61
effects: ../src/rightjs-core/src/olds/css.js 3/171
effects: ../src/rightjs-core/src/dom/element/dimensions.js 1/35
effects: ../src/rightjs-core/src/dom/input.js 1/45
effects: ../src/rightjs-core/src/xhr/xhr.js 2/89
effects: ../src/rightjs-core/src/dom/cookie.js 1/26
effects: ../src/rightjs-core/src/lang/json.js 1/29
effects: ../src/rightjs-core/src/dom/element/styles.js 2/44
effects: ../src/rightjs-core/src/dom/event.js 1/23
effects: ../src/rightjs-core/src/dom/form.js 2/50
effects: ../src/rightjs-core/src/lang/function.js 1/22
effects: ../src/rightjs-core/src/lang/number.js 1/24
effects: ../src/rightjs-core/src/dom/selector.js 1/19
effects: ../src/rightjs-core/src/dom/element/structs.js 6/87
effects: ../src/rightjs-core/src/dom/window.js 1/16
effects: ../src/rightjs-core/src/fx/fx/slide.js 2/29
effects: ../src/rightjs-core/src/xhr/xhr/iframed.js 1/13
effects: ../src/rightjs-core/src/xhr/xhr/jsonp.js 1/14
effects: ../src/rightjs-core/src/core/options.js 1/11
effects: ../src/rightjs-core/src/dom/event/delegation.js 4/37
effects: ../src/rightjs-core/src/fx/element.js 2/17
effects: ../src/rightjs-core/src/fx/fx/attr.js 1/9
effects: ../src/rightjs-core/src/fx/fx.js 11/85
effects: ../src/rightjs-core/src/fx/fx/morph.js 14/113
effects: ../src/rightjs-core/src/fx/string.js 2/16
effects: ../src/rightjs-core/src/lang/string.js 4/32
effects: ../src/rightjs-core/src/xhr/form.js 3/24
effects: ../src/rightjs-core/src/fx/fx/highlight.js 1/7
effects: ../src/rightjs-core/src/fx/fx/scroll.js 1/7
effects: ../src/rightjs-core/src/fx/fx/twin.js 1/7
effects: ../src/rightjs-core/src/olds/ie.js 1/7
effects: ../src/rightjs-core/src/dom/event/mouseio.js 6/40
effects: ../src/rightjs-core/src/dom/ready.js 2/12
effects: ../src/rightjs-core/src/olds/events.js 6/35
effects: ../src/rightjs-core/src/dom/element/events.js 8/43
effects: ../src/rightjs-core/src/fx/fx/fade.js 1/5
effects: ../src/rightjs-core/src/lang/array.js 28/108
effects: ../src/rightjs-core/src/lang/math.js 2/8
effects: ../src/rightjs-core/src/olds/konq.js 2/8
effects: ../src/rightjs-core/src/lang/object.js 16/53
effects: ../src/rightjs-core/src/xhr/element.js 1/3
effects: ../src/rightjs-core/src/dom/string.js 10/29
effects: ../src/rightjs-core/src/dom/element.js 8/22
effects: ../src/rightjs-core/src/core/observer.js 23/53
effects: ../src/rightjs-core/src/dom/event/focusin.js 4/9
effects: ../src/rightjs-core/src/dom/wrapper.js 26/57
effects: ../src/rightjs-core/util/tools.js?core 36/74
effects: ../src/rightjs-core/src/dom/document.js 1/2
effects: ../src/rightjs-core/src/lang/regexp.js 1/2
effects: ../src/rightjs-core/src/core/util.js 34/54
effects: ../src/rightjs-core/src/dom/browser.js 3/4
effects: ../src/rightjs-core/src/right.js 3/4
effects: ../src/rightjs-core/src/core/class.js 48/56
effects: ../src/rightjs-core/src/__init__.js 1/1
effects: ../src/rightjs-core/src/xhr/xhr/dummy.js 1/1
effects: ../src/rightjs-core/src/dom/element/commons.js 1/61
effects: ../src/rightjs-core/src/olds/css.js 3/171
effects: ../src/rightjs-core/src/dom/element/dimensions.js 1/35
effects: ../src/rightjs-core/src/dom/input.js 1/45
effects: ../src/rightjs-core/src/xhr/xhr.js 2/89
effects: ../src/rightjs-core/src/dom/cookie.js 1/26
effects: ../src/rightjs-core/src/lang/json.js 1/29
effects: ../src/rightjs-core/src/dom/element/styles.js 2/44
effects: ../src/rightjs-core/src/dom/event.js 1/23
effects: ../src/rightjs-core/src/dom/form.js 2/50
effects: ../src/rightjs-core/src/lang/function.js 1/22
effects: ../src/rightjs-core/src/lang/number.js 1/24
effects: ../src/rightjs-core/src/dom/selector.js 1/19
effects: ../src/rightjs-core/src/dom/element/structs.js 6/87
effects: ../src/rightjs-core/src/dom/window.js 1/16
effects: ../src/rightjs-core/src/fx/fx/slide.js 2/29
effects: ../src/rightjs-core/src/xhr/xhr/iframed.js 1/13
effects: ../src/rightjs-core/src/xhr/xhr/jsonp.js 1/14
effects: ../src/rightjs-core/src/core/options.js 1/11
effects: ../src/rightjs-core/src/dom/event/delegation.js 4/37
effects: ../src/rightjs-core/src/fx/element.js 2/17
effects: ../src/rightjs-core/src/fx/fx/attr.js 1/9
effects: ../src/rightjs-core/src/fx/fx.js 11/85
effects: ../src/rightjs-core/src/fx/fx/morph.js 14/113
effects: ../src/rightjs-core/src/fx/string.js 2/16
effects: ../src/rightjs-core/src/lang/string.js 4/32
effects: ../src/rightjs-core/src/xhr/form.js 3/24
effects: ../src/rightjs-core/src/fx/fx/highlight.js 1/7
effects: ../src/rightjs-core/src/fx/fx/scroll.js 1/7
effects: ../src/rightjs-core/src/fx/fx/twin.js 1/7
effects: ../src/rightjs-core/src/olds/ie.js 1/7
effects: ../src/rightjs-core/src/dom/event/mouseio.js 6/40
effects: ../src/rightjs-core/src/dom/ready.js 2/12
effects: ../src/rightjs-core/src/olds/events.js 6/35
effects: ../src/rightjs-core/src/dom/element/events.js 8/43
effects: ../src/rightjs-core/src/fx/fx/fade.js 1/5
effects: ../src/rightjs-core/src/lang/array.js 28/108
effects: ../src/rightjs-core/src/lang/math.js 2/8
effects: ../src/rightjs-core/src/olds/konq.js 2/8
effects: ../src/rightjs-core/src/lang/object.js 16/53
effects: ../src/rightjs-core/src/xhr/element.js 1/3
effects: ../src/rightjs-core/src/dom/string.js 10/29
effects: ../src/rightjs-core/src/dom/element.js 8/22
effects: ../src/rightjs-core/src/core/observer.js 23/53
effects: ../src/rightjs-core/src/dom/event/focusin.js 4/9
effects: ../src/rightjs-core/src/dom/wrapper.js 26/57
effects: ../src/rightjs-core/util/tools.js?core 36/74
effects: ../src/rightjs-core/src/dom/document.js 1/2
effects: ../src/rightjs-core/src/lang/regexp.js 1/2
effects: ../src/rightjs-core/src/core/util.js 34/54
effects: ../src/rightjs-core/src/dom/browser.js 3/4
effects: ../src/rightjs-core/src/right.js 3/4
effects: ../src/rightjs-core/src/core/class.js 48/56
effects: ../src/rightjs-core/src/__init__.js 1/1
effects: ../src/rightjs-core/src/xhr/xhr/dummy.js 1/1
effects: ../src/rightjs-core/src/dom/element/commons.js 1/61
effects: ../src/rightjs-core/src/olds/css.js 3/171
effects: ../src/rightjs-core/src/dom/element/dimensions.js 1/35
effects: ../src/rightjs-core/src/dom/input.js 1/45
effects: ../src/rightjs-core/src/xhr/xhr.js 2/89
effects: ../src/rightjs-core/src/dom/cookie.js 1/26
effects: ../src/rightjs-core/src/lang/json.js 1/29
effects: ../src/rightjs-core/src/dom/element/styles.js 2/44
effects: ../src/rightjs-core/src/dom/event.js 1/23
effects: ../src/rightjs-core/src/dom/form.js 2/50
effects: ../src/rightjs-core/src/lang/function.js 1/22
effects: ../src/rightjs-core/src/lang/number.js 1/24
effects: ../src/rightjs-core/src/dom/selector.js 1/19
effects: ../src/rightjs-core/src/dom/element/structs.js 6/87
effects: ../src/rightjs-core/src/dom/window.js 1/16
effects: ../src/rightjs-core/src/fx/fx/slide.js 2/29
effects: ../src/rightjs-core/src/xhr/xhr/iframed.js 1/13
effects: ../src/rightjs-core/src/xhr/xhr/jsonp.js 1/14
effects: ../src/rightjs-core/src/core/options.js 1/11
effects: ../src/rightjs-core/src/dom/event/delegation.js 4/37
effects: ../src/rightjs-core/src/fx/element.js 2/17
effects: ../src/rightjs-core/src/fx/fx/attr.js 1/9
effects: ../src/rightjs-core/src/fx/fx.js 11/85
effects: ../src/rightjs-core/src/fx/fx/morph.js 14/113
effects: ../src/rightjs-core/src/fx/string.js 2/16
effects: ../src/rightjs-core/src/lang/string.js 4/32
effects: ../src/rightjs-core/src/xhr/form.js 3/24
effects: ../src/rightjs-core/src/fx/fx/highlight.js 1/7
effects: ../src/rightjs-core/src/fx/fx/scroll.js 1/7
effects: ../src/rightjs-core/src/fx/fx/twin.js 1/7
effects: ../src/rightjs-core/src/olds/ie.js 1/7
effects: ../src/rightjs-core/src/dom/event/mouseio.js 6/40
effects: ../src/rightjs-core/src/dom/ready.js 2/12
effects: ../src/rightjs-core/src/olds/events.js 6/35
effects: ../src/rightjs-core/src/dom/element/events.js 8/43
effects: ../src/rightjs-core/src/fx/fx/fade.js 1/5
effects: ../src/rightjs-core/src/lang/array.js 28/108
effects: ../src/rightjs-core/src/lang/math.js 2/8
effects: ../src/rightjs-core/src/olds/konq.js 2/8
effects: ../src/rightjs-core/src/lang/object.js 16/53
effects: ../src/rightjs-core/src/xhr/element.js 1/3
effects: ../src/rightjs-core/src/dom/string.js 10/29
effects: ../src/rightjs-core/src/dom/element.js 8/22
effects: ../src/rightjs-core/src/core/observer.js 23/53
effects: ../src/rightjs-core/src/dom/event/focusin.js 4/9
effects: ../src/rightjs-core/src/dom/wrapper.js 26/57
effects: ../src/rightjs-core/util/tools.js?core 36/74
effects: ../src/rightjs-core/src/dom/document.js 1/2
effects: ../src/rightjs-core/src/lang/regexp.js 1/2
effects: ../src/rightjs-core/src/core/util.js 34/54
effects: ../src/rightjs-core/src/dom/browser.js 3/4
effects: ../src/rightjs-core/src/right.js 3/4
effects: ../src/rightjs-core/src/core/class.js 48/56
effects: ../src/rightjs-core/src/__init__.js 1/1
effects: ../src/rightjs-core/src/xhr/xhr/dummy.js 1/1
index: ../src/rightjs-core/src/olds/css.js 3/171
index: ../src/rightjs-core/src/dom/element/dimensions.js 1/35
index: ../src/rightjs-core/src/xhr/xhr.js 2/89
index: ../src/rightjs-core/src/lang/json.js 1/29
index: ../src/rightjs-core/src/dom/window.js 1/16
index: ../src/rightjs-core/src/fx/fx/slide.js 2/29
index: ../src/rightjs-core/src/xhr/xhr/iframed.js 1/13
index: ../src/rightjs-core/src/xhr/xhr/jsonp.js 1/14
index: ../src/rightjs-core/src/fx/fx/attr.js 1/9
index: ../src/rightjs-core/src/dom/form.js 6/50
index: ../src/rightjs-core/src/fx/fx.js 11/85
index: ../src/rightjs-core/src/fx/fx/morph.js 14/113
index: ../src/rightjs-core/src/xhr/form.js 3/24
index: ../src/rightjs-core/src/fx/fx/highlight.js 1/7
index: ../src/rightjs-core/src/fx/fx/scroll.js 1/7
index: ../src/rightjs-core/src/fx/fx/twin.js 1/7
index: ../src/rightjs-core/src/olds/ie.js 1/7
index: ../src/rightjs-core/src/dom/event/mouseio.js 6/40
index: ../src/rightjs-core/src/dom/input.js 8/45
index: ../src/rightjs-core/src/olds/events.js 6/35
index: ../src/rightjs-core/src/fx/fx/fade.js 1/5
index: ../src/rightjs-core/src/olds/konq.js 2/8
index: ../src/rightjs-core/src/xhr/element.js 1/3
index: ../src/rightjs-core/src/fx/element.js 6/17
index: ../src/rightjs-core/src/dom/event/focusin.js 4/9
index: ../src/rightjs-core/src/dom/document.js 1/2
index: ../src/rightjs-core/src/dom/element/structs.js 45/87
index: ../src/rightjs-core/util/tools.js?core 43/74
index: ../src/rightjs-core/src/dom/ready.js 8/12
index: ../src/rightjs-core/src/dom/string.js 20/29
index: ../src/rightjs-core/src/dom/element.js 16/22
index: ../src/rightjs-core/src/dom/browser.js 3/4
index: ../src/rightjs-core/src/lang/array.js 82/108
index: ../src/rightjs-core/src/right.js 3/4
index: ../src/rightjs-core/src/dom/element/events.js 33/43
index: ../src/rightjs-core/src/core/util.js 45/54
index: ../src/rightjs-core/src/dom/event.js 20/23
index: ../src/rightjs-core/src/dom/wrapper.js 50/57
index: ../src/rightjs-core/src/dom/element/styles.js 40/44
index: ../src/rightjs-core/src/lang/object.js 48/53
index: ../src/rightjs-core/src/lang/string.js 29/32
index: ../src/rightjs-core/src/dom/selector.js 18/19
index: ../src/rightjs-core/src/dom/element/commons.js 60/61
index: ../src/rightjs-core/src/__init__.js 1/1
index: ../src/rightjs-core/src/core/class.js 56/56
index: ../src/rightjs-core/src/core/observer.js 53/53
index: ../src/rightjs-core/src/core/options.js 11/11
index: ../src/rightjs-core/src/dom/cookie.js 26/26
index: ../src/rightjs-core/src/dom/event/delegation.js 37/37
index: ../src/rightjs-core/src/fx/string.js 16/16
index: ../src/rightjs-core/src/lang/function.js 22/22
index: ../src/rightjs-core/src/lang/math.js 8/8
index: ../src/rightjs-core/src/lang/number.js 24/24
index: ../src/rightjs-core/src/lang/regexp.js 2/2
index: ../src/rightjs-core/src/xhr/xhr/dummy.js 1/1
index: script in file:/home/rahul/research/clone-unit-coverage/src/rightjs-core/test/index.html from (-1, -1) to (-1, -1) 1/1
effects: ../src/rightjs-core/src/dom/element/commons.js 1/61
effects: ../src/rightjs-core/src/olds/css.js 3/171
effects: ../src/rightjs-core/src/dom/element/dimensions.js 1/35
effects: ../src/rightjs-core/src/dom/input.js 1/45
effects: ../src/rightjs-core/src/xhr/xhr.js 2/89
effects: ../src/rightjs-core/src/dom/cookie.js 1/26
effects: ../src/rightjs-core/src/lang/json.js 1/29
effects: ../src/rightjs-core/src/dom/element/styles.js 2/44
effects: ../src/rightjs-core/src/dom/event.js 1/23
effects: ../src/rightjs-core/src/dom/form.js 2/50
effects: ../src/rightjs-core/src/lang/function.js 1/22
effects: ../src/rightjs-core/src/lang/number.js 1/24
effects: ../src/rightjs-core/src/dom/selector.js 1/19
effects: ../src/rightjs-core/src/dom/element/structs.js 6/87
effects: ../src/rightjs-core/src/dom/window.js 1/16
effects: ../src/rightjs-core/src/fx/fx/slide.js 2/29
effects: ../src/rightjs-core/src/xhr/xhr/iframed.js 1/13
effects: ../src/rightjs-core/src/xhr/xhr/jsonp.js 1/14
effects: ../src/rightjs-core/src/core/options.js 1/11
effects: ../src/rightjs-core/src/dom/event/delegation.js 4/37
effects: ../src/rightjs-core/src/fx/element.js 2/17
effects: ../src/rightjs-core/src/fx/fx/attr.js 1/9
effects: ../src/rightjs-core/src/fx/fx.js 11/85
effects: ../src/rightjs-core/src/fx/fx/morph.js 14/113
effects: ../src/rightjs-core/src/fx/string.js 2/16
effects: ../src/rightjs-core/src/lang/string.js 4/32
effects: ../src/rightjs-core/src/xhr/form.js 3/24
effects: ../src/rightjs-core/src/fx/fx/highlight.js 1/7
effects: ../src/rightjs-core/src/fx/fx/scroll.js 1/7
effects: ../src/rightjs-core/src/fx/fx/twin.js 1/7
effects: ../src/rightjs-core/src/olds/ie.js 1/7
effects: ../src/rightjs-core/src/dom/event/mouseio.js 6/40
effects: ../src/rightjs-core/src/dom/ready.js 2/12
effects: ../src/rightjs-core/src/olds/events.js 6/35
effects: ../src/rightjs-core/src/dom/element/events.js 8/43
effects: ../src/rightjs-core/src/fx/fx/fade.js 1/5
effects: ../src/rightjs-core/src/lang/array.js 28/108
effects: ../src/rightjs-core/src/lang/math.js 2/8
effects: ../src/rightjs-core/src/olds/konq.js 2/8
effects: ../src/rightjs-core/src/lang/object.js 16/53
effects: ../src/rightjs-core/src/xhr/element.js 1/3
effects: ../src/rightjs-core/src/dom/string.js 10/29
effects: ../src/rightjs-core/src/dom/element.js 8/22
effects: ../src/rightjs-core/src/core/observer.js 23/53
effects: ../src/rightjs-core/src/dom/event/focusin.js 4/9
effects: ../src/rightjs-core/src/dom/wrapper.js 26/57
effects: ../src/rightjs-core/util/tools.js?core 36/74
effects: ../src/rightjs-core/src/dom/document.js 1/2
effects: ../src/rightjs-core/src/lang/regexp.js 1/2
effects: ../src/rightjs-core/src/core/util.js 34/54
effects: ../src/rightjs-core/src/dom/browser.js 3/4
effects: ../src/rightjs-core/src/right.js 3/4
effects: ../src/rightjs-core/src/core/class.js 48/56
effects: ../src/rightjs-core/src/__init__.js 1/1
effects: ../src/rightjs-core/src/xhr/xhr/dummy.js 1/1
index: ../src/rightjs-core/src/olds/css.js 3/171
index: ../src/rightjs-core/src/dom/element/dimensions.js 1/35
index: ../src/rightjs-core/src/xhr/xhr.js 2/89
index: ../src/rightjs-core/src/lang/json.js 1/29
index: ../src/rightjs-core/src/dom/window.js 1/16
index: ../src/rightjs-core/src/fx/fx/slide.js 2/29
index: ../src/rightjs-core/src/xhr/xhr/iframed.js 1/13
index: ../src/rightjs-core/src/xhr/xhr/jsonp.js 1/14
index: ../src/rightjs-core/src/fx/fx/attr.js 1/9
index: ../src/rightjs-core/src/dom/form.js 6/50
index: ../src/rightjs-core/src/fx/fx.js 11/85
index: ../src/rightjs-core/src/fx/fx/morph.js 14/113
index: ../src/rightjs-core/src/xhr/form.js 3/24
index: ../src/rightjs-core/src/fx/fx/highlight.js 1/7
index: ../src/rightjs-core/src/fx/fx/scroll.js 1/7
index: ../src/rightjs-core/src/fx/fx/twin.js 1/7
index: ../src/rightjs-core/src/olds/ie.js 1/7
index: ../src/rightjs-core/src/dom/event/mouseio.js 6/40
index: ../src/rightjs-core/src/dom/input.js 8/45
index: ../src/rightjs-core/src/olds/events.js 6/35
index: ../src/rightjs-core/src/fx/fx/fade.js 1/5
index: ../src/rightjs-core/src/olds/konq.js 2/8
index: ../src/rightjs-core/src/xhr/element.js 1/3
index: ../src/rightjs-core/src/fx/element.js 6/17
index: ../src/rightjs-core/src/dom/event/focusin.js 4/9
index: ../src/rightjs-core/src/dom/document.js 1/2
index: ../src/rightjs-core/src/dom/element/structs.js 45/87
index: ../src/rightjs-core/util/tools.js?core 43/74
index: ../src/rightjs-core/src/dom/ready.js 8/12
index: ../src/rightjs-core/src/dom/string.js 20/29
index: ../src/rightjs-core/src/dom/element.js 16/22
index: ../src/rightjs-core/src/dom/browser.js 3/4
index: ../src/rightjs-core/src/lang/array.js 82/108
index: ../src/rightjs-core/src/right.js 3/4
index: ../src/rightjs-core/src/dom/element/events.js 33/43
index: ../src/rightjs-core/src/core/util.js 45/54
index: ../src/rightjs-core/src/dom/event.js 20/23
index: ../src/rightjs-core/src/dom/wrapper.js 50/57
index: ../src/rightjs-core/src/dom/element/styles.js 40/44
index: ../src/rightjs-core/src/lang/object.js 48/53
index: ../src/rightjs-core/src/lang/string.js 29/32
index: ../src/rightjs-core/src/dom/selector.js 18/19
index: ../src/rightjs-core/src/dom/element/commons.js 60/61
index: ../src/rightjs-core/src/__init__.js 1/1
index: ../src/rightjs-core/src/core/class.js 56/56
index: ../src/rightjs-core/src/core/observer.js 53/53
index: ../src/rightjs-core/src/core/options.js 11/11
index: ../src/rightjs-core/src/dom/cookie.js 26/26
index: ../src/rightjs-core/src/dom/event/delegation.js 37/37
index: ../src/rightjs-core/src/fx/string.js 16/16
index: ../src/rightjs-core/src/lang/function.js 22/22
index: ../src/rightjs-core/src/lang/math.js 8/8
index: ../src/rightjs-core/src/lang/number.js 24/24
index: ../src/rightjs-core/src/lang/regexp.js 2/2
index: ../src/rightjs-core/src/xhr/xhr/dummy.js 1/1
index: script in file:/home/rahul/research/clone-unit-coverage/src/rightjs-core/test/index.html from (-1, -1) to (-1, -1) 1/1
mouseio: ../src/rightjs-core/src/dom/element/commons.js 1/61
mouseio: ../src/rightjs-core/src/olds/css.js 3/171
mouseio: ../src/rightjs-core/src/dom/element/dimensions.js 1/35
mouseio: ../src/rightjs-core/src/dom/input.js 1/45
mouseio: ../src/rightjs-core/src/xhr/xhr.js 2/89
mouseio: ../src/rightjs-core/src/dom/cookie.js 1/26
mouseio: ../src/rightjs-core/src/lang/json.js 1/29
mouseio: ../src/rightjs-core/src/dom/element/styles.js 2/44
mouseio: ../src/rightjs-core/src/dom/event.js 1/23
mouseio: ../src/rightjs-core/src/dom/form.js 2/50
mouseio: ../src/rightjs-core/src/lang/number.js 1/24
mouseio: ../src/rightjs-core/src/dom/selector.js 1/19
mouseio: ../src/rightjs-core/src/dom/element/structs.js 6/87
mouseio: ../src/rightjs-core/src/dom/window.js 1/16
mouseio: ../src/rightjs-core/src/fx/fx/slide.js 2/29
mouseio: ../src/rightjs-core/src/xhr/xhr/iframed.js 1/13
mouseio: ../src/rightjs-core/src/xhr/xhr/jsonp.js 1/14
mouseio: ../src/rightjs-core/src/core/options.js 1/11
mouseio: ../src/rightjs-core/src/fx/element.js 2/17
mouseio: ../src/rightjs-core/src/fx/fx/attr.js 1/9
mouseio: ../src/rightjs-core/src/fx/fx.js 11/85
mouseio: ../src/rightjs-core/src/fx/fx/morph.js 14/113
mouseio: ../src/rightjs-core/src/fx/string.js 2/16
mouseio: ../src/rightjs-core/src/lang/string.js 4/32
mouseio: ../src/rightjs-core/src/xhr/form.js 3/24
mouseio: ../src/rightjs-core/src/fx/fx/highlight.js 1/7
mouseio: ../src/rightjs-core/src/fx/fx/scroll.js 1/7
mouseio: ../src/rightjs-core/src/fx/fx/twin.js 1/7
mouseio: ../src/rightjs-core/src/olds/ie.js 1/7
mouseio: ../src/rightjs-core/src/olds/events.js 6/35
mouseio: ../src/rightjs-core/src/lang/function.js 4/22
mouseio: ../src/rightjs-core/src/fx/fx/fade.js 1/5
mouseio: ../src/rightjs-core/src/lang/math.js 2/8
mouseio: ../src/rightjs-core/src/olds/konq.js 2/8
mouseio: ../src/rightjs-core/src/lang/array.js 29/108
mouseio: ../src/rightjs-core/src/dom/event/mouseio.js 11/40
mouseio: ../src/rightjs-core/src/lang/object.js 16/53
mouseio: ../src/rightjs-core/src/xhr/element.js 1/3
mouseio: ../src/rightjs-core/src/dom/element.js 8/22
mouseio: ../src/rightjs-core/src/dom/event/focusin.js 4/9
mouseio: ../src/rightjs-core/src/core/observer.js 24/53
mouseio: ../src/rightjs-core/util/tools.js?core 36/74
mouseio: ../src/rightjs-core/src/dom/document.js 1/2
mouseio: ../src/rightjs-core/src/lang/regexp.js 1/2
mouseio: ../src/rightjs-core/src/dom/event/delegation.js 20/37
mouseio: ../src/rightjs-core/src/core/util.js 33/54
mouseio: ../src/rightjs-core/src/dom/string.js 18/29
mouseio: ../src/rightjs-core/src/dom/ready.js 8/12
mouseio: ../src/rightjs-core/src/dom/element/events.js 29/43
mouseio: ../src/rightjs-core/src/dom/browser.js 3/4
mouseio: ../src/rightjs-core/src/dom/wrapper.js 43/57
mouseio: ../src/rightjs-core/src/right.js 3/4
mouseio: ../src/rightjs-core/src/core/class.js 50/56
mouseio: ../src/rightjs-core/src/__init__.js 1/1
mouseio: ../src/rightjs-core/src/xhr/xhr/dummy.js 1/1
effects: ../src/rightjs-core/src/dom/element/commons.js 1/61
effects: ../src/rightjs-core/src/olds/css.js 3/171
effects: ../src/rightjs-core/src/dom/element/dimensions.js 1/35
effects: ../src/rightjs-core/src/dom/input.js 1/45
effects: ../src/rightjs-core/src/xhr/xhr.js 2/89
effects: ../src/rightjs-core/src/dom/cookie.js 1/26
effects: ../src/rightjs-core/src/lang/json.js 1/29
effects: ../src/rightjs-core/src/dom/element/styles.js 2/44
effects: ../src/rightjs-core/src/dom/event.js 1/23
effects: ../src/rightjs-core/src/dom/form.js 2/50
effects: ../src/rightjs-core/src/lang/function.js 1/22
effects: ../src/rightjs-core/src/lang/number.js 1/24
effects: ../src/rightjs-core/src/dom/selector.js 1/19
effects: ../src/rightjs-core/src/dom/element/structs.js 6/87
effects: ../src/rightjs-core/src/dom/window.js 1/16
effects: ../src/rightjs-core/src/fx/fx/slide.js 2/29
effects: ../src/rightjs-core/src/xhr/xhr/iframed.js 1/13
effects: ../src/rightjs-core/src/xhr/xhr/jsonp.js 1/14
effects: ../src/rightjs-core/src/core/options.js 1/11
effects: ../src/rightjs-core/src/dom/event/delegation.js 4/37
effects: ../src/rightjs-core/src/fx/element.js 2/17
effects: ../src/rightjs-core/src/fx/fx/attr.js 1/9
effects: ../src/rightjs-core/src/fx/fx.js 11/85
effects: ../src/rightjs-core/src/fx/fx/morph.js 14/113
effects: ../src/rightjs-core/src/fx/string.js 2/16
effects: ../src/rightjs-core/src/lang/string.js 4/32
effects: ../src/rightjs-core/src/xhr/form.js 3/24
effects: ../src/rightjs-core/src/fx/fx/highlight.js 1/7
effects: ../src/rightjs-core/src/fx/fx/scroll.js 1/7
effects: ../src/rightjs-core/src/fx/fx/twin.js 1/7
effects: ../src/rightjs-core/src/olds/ie.js 1/7
effects: ../src/rightjs-core/src/dom/event/mouseio.js 6/40
effects: ../src/rightjs-core/src/dom/ready.js 2/12
effects: ../src/rightjs-core/src/olds/events.js 6/35
effects: ../src/rightjs-core/src/dom/element/events.js 8/43
effects: ../src/rightjs-core/src/fx/fx/fade.js 1/5
effects: ../src/rightjs-core/src/lang/array.js 28/108
effects: ../src/rightjs-core/src/lang/math.js 2/8
effects: ../src/rightjs-core/src/olds/konq.js 2/8
effects: ../src/rightjs-core/src/lang/object.js 16/53
effects: ../src/rightjs-core/src/xhr/element.js 1/3
effects: ../src/rightjs-core/src/dom/string.js 10/29
effects: ../src/rightjs-core/src/dom/element.js 8/22
effects: ../src/rightjs-core/src/core/observer.js 23/53
effects: ../src/rightjs-core/src/dom/event/focusin.js 4/9
effects: ../src/rightjs-core/src/dom/wrapper.js 26/57
effects: ../src/rightjs-core/util/tools.js?core 36/74
effects: ../src/rightjs-core/src/dom/document.js 1/2
effects: ../src/rightjs-core/src/lang/regexp.js 1/2
effects: ../src/rightjs-core/src/core/util.js 34/54
effects: ../src/rightjs-core/src/dom/browser.js 3/4
effects: ../src/rightjs-core/src/right.js 3/4
effects: ../src/rightjs-core/src/core/class.js 48/56
effects: ../src/rightjs-core/src/__init__.js 1/1
effects: ../src/rightjs-core/src/xhr/xhr/dummy.js 1/1
index: ../src/rightjs-core/src/olds/css.js 3/171
index: ../src/rightjs-core/src/dom/element/dimensions.js 1/35
index: ../src/rightjs-core/src/xhr/xhr.js 2/89
index: ../src/rightjs-core/src/lang/json.js 1/29
index: ../src/rightjs-core/src/dom/window.js 1/16
index: ../src/rightjs-core/src/fx/fx/slide.js 2/29
index: ../src/rightjs-core/src/xhr/xhr/iframed.js 1/13
index: ../src/rightjs-core/src/xhr/xhr/jsonp.js 1/14
index: ../src/rightjs-core/src/fx/fx/attr.js 1/9
index: ../src/rightjs-core/src/dom/form.js 6/50
index: ../src/rightjs-core/src/fx/fx.js 11/85
index: ../src/rightjs-core/src/fx/fx/morph.js 14/113
index: ../src/rightjs-core/src/xhr/form.js 3/24
index: ../src/rightjs-core/src/fx/fx/highlight.js 1/7
index: ../src/rightjs-core/src/fx/fx/scroll.js 1/7
index: ../src/rightjs-core/src/fx/fx/twin.js 1/7
index: ../src/rightjs-core/src/olds/ie.js 1/7
index: ../src/rightjs-core/src/dom/event/mouseio.js 6/40
index: ../src/rightjs-core/src/dom/input.js 8/45
index: ../src/rightjs-core/src/olds/events.js 6/35
index: ../src/rightjs-core/src/fx/fx/fade.js 1/5
index: ../src/rightjs-core/src/olds/konq.js 2/8
index: ../src/rightjs-core/src/xhr/element.js 1/3
index: ../src/rightjs-core/src/fx/element.js 6/17
index: ../src/rightjs-core/src/dom/event/focusin.js 4/9
index: ../src/rightjs-core/src/dom/document.js 1/2
index: ../src/rightjs-core/src/dom/element/structs.js 45/87
index: ../src/rightjs-core/util/tools.js?core 43/74
index: ../src/rightjs-core/src/dom/ready.js 8/12
index: ../src/rightjs-core/src/dom/string.js 20/29
index: ../src/rightjs-core/src/dom/element.js 16/22
index: ../src/rightjs-core/src/dom/browser.js 3/4
index: ../src/rightjs-core/src/lang/array.js 82/108
index: ../src/rightjs-core/src/right.js 3/4
index: ../src/rightjs-core/src/dom/element/events.js 33/43
index: ../src/rightjs-core/src/core/util.js 45/54
index: ../src/rightjs-core/src/dom/event.js 20/23
index: ../src/rightjs-core/src/dom/wrapper.js 50/57
index: ../src/rightjs-core/src/dom/element/styles.js 40/44
index: ../src/rightjs-core/src/lang/object.js 48/53
index: ../src/rightjs-core/src/lang/string.js 29/32
index: ../src/rightjs-core/src/dom/selector.js 18/19
index: ../src/rightjs-core/src/dom/element/commons.js 60/61
index: ../src/rightjs-core/src/__init__.js 1/1
index: ../src/rightjs-core/src/core/class.js 56/56
index: ../src/rightjs-core/src/core/observer.js 53/53
index: ../src/rightjs-core/src/core/options.js 11/11
index: ../src/rightjs-core/src/dom/cookie.js 26/26
index: ../src/rightjs-core/src/dom/event/delegation.js 37/37
index: ../src/rightjs-core/src/fx/string.js 16/16
index: ../src/rightjs-core/src/lang/function.js 22/22
index: ../src/rightjs-core/src/lang/math.js 8/8
index: ../src/rightjs-core/src/lang/number.js 24/24
index: ../src/rightjs-core/src/lang/regexp.js 2/2
index: ../src/rightjs-core/src/xhr/xhr/dummy.js 1/1
index: script in file:/home/rahul/research/clone-unit-coverage/src/rightjs-core/test/index.html from (-1, -1) to (-1, -1) 1/1
mouseio: ../src/rightjs-core/src/dom/element/commons.js 1/61
mouseio: ../src/rightjs-core/src/olds/css.js 3/171
mouseio: ../src/rightjs-core/src/dom/element/dimensions.js 1/35
mouseio: ../src/rightjs-core/src/dom/input.js 1/45
mouseio: ../src/rightjs-core/src/xhr/xhr.js 2/89
mouseio: ../src/rightjs-core/src/dom/cookie.js 1/26
mouseio: ../src/rightjs-core/src/lang/json.js 1/29
mouseio: ../src/rightjs-core/src/dom/element/styles.js 2/44
mouseio: ../src/rightjs-core/src/dom/event.js 1/23
mouseio: ../src/rightjs-core/src/dom/form.js 2/50
mouseio: ../src/rightjs-core/src/lang/number.js 1/24
mouseio: ../src/rightjs-core/src/dom/selector.js 1/19
mouseio: ../src/rightjs-core/src/dom/element/structs.js 6/87
mouseio: ../src/rightjs-core/src/dom/window.js 1/16
mouseio: ../src/rightjs-core/src/fx/fx/slide.js 2/29
mouseio: ../src/rightjs-core/src/xhr/xhr/iframed.js 1/13
mouseio: ../src/rightjs-core/src/xhr/xhr/jsonp.js 1/14
mouseio: ../src/rightjs-core/src/core/options.js 1/11
mouseio: ../src/rightjs-core/src/fx/element.js 2/17
mouseio: ../src/rightjs-core/src/fx/fx/attr.js 1/9
mouseio: ../src/rightjs-core/src/fx/fx.js 11/85
mouseio: ../src/rightjs-core/src/fx/fx/morph.js 14/113
mouseio: ../src/rightjs-core/src/fx/string.js 2/16
mouseio: ../src/rightjs-core/src/lang/string.js 4/32
mouseio: ../src/rightjs-core/src/xhr/form.js 3/24
mouseio: ../src/rightjs-core/src/fx/fx/highlight.js 1/7
mouseio: ../src/rightjs-core/src/fx/fx/scroll.js 1/7
mouseio: ../src/rightjs-core/src/fx/fx/twin.js 1/7
mouseio: ../src/rightjs-core/src/olds/ie.js 1/7
mouseio: ../src/rightjs-core/src/olds/events.js 6/35
mouseio: ../src/rightjs-core/src/lang/function.js 4/22
mouseio: ../src/rightjs-core/src/fx/fx/fade.js 1/5
mouseio: ../src/rightjs-core/src/lang/math.js 2/8
mouseio: ../src/rightjs-core/src/olds/konq.js 2/8
mouseio: ../src/rightjs-core/src/lang/array.js 29/108
mouseio: ../src/rightjs-core/src/dom/event/mouseio.js 11/40
mouseio: ../src/rightjs-core/src/lang/object.js 16/53
mouseio: ../src/rightjs-core/src/xhr/element.js 1/3
mouseio: ../src/rightjs-core/src/dom/element.js 8/22
mouseio: ../src/rightjs-core/src/dom/event/focusin.js 4/9
mouseio: ../src/rightjs-core/src/core/observer.js 24/53
mouseio: ../src/rightjs-core/util/tools.js?core 36/74
mouseio: ../src/rightjs-core/src/dom/document.js 1/2
mouseio: ../src/rightjs-core/src/lang/regexp.js 1/2
mouseio: ../src/rightjs-core/src/dom/event/delegation.js 20/37
mouseio: ../src/rightjs-core/src/core/util.js 33/54
mouseio: ../src/rightjs-core/src/dom/string.js 18/29
mouseio: ../src/rightjs-core/src/dom/ready.js 8/12
mouseio: ../src/rightjs-core/src/dom/element/events.js 29/43
mouseio: ../src/rightjs-core/src/dom/browser.js 3/4
mouseio: ../src/rightjs-core/src/dom/wrapper.js 43/57
mouseio: ../src/rightjs-core/src/right.js 3/4
mouseio: ../src/rightjs-core/src/core/class.js 50/56
mouseio: ../src/rightjs-core/src/__init__.js 1/1
mouseio: ../src/rightjs-core/src/xhr/xhr/dummy.js 1/1
ujs-test: ../src/rightjs-core/src/dom/element/commons.js 1/61
ujs-test: ../src/rightjs-core/src/olds/css.js 3/171
ujs-test: ../src/rightjs-core/src/dom/element/dimensions.js 1/35
ujs-test: ../src/rightjs-core/src/dom/input.js 1/45
ujs-test: ../src/rightjs-core/src/xhr/xhr.js 2/89
ujs-test: ../src/rightjs-core/src/dom/cookie.js 1/26
ujs-test: ../src/rightjs-core/src/lang/json.js 1/29
ujs-test: ../src/rightjs-core/src/dom/element/styles.js 2/44
ujs-test: ../src/rightjs-core/src/dom/event.js 1/23
ujs-test: ../src/rightjs-core/src/dom/form.js 2/50
ujs-test: ../src/rightjs-core/src/lang/number.js 1/24
ujs-test: ../src/rightjs-core/src/dom/selector.js 1/19
ujs-test: ../src/rightjs-core/src/dom/element/structs.js 6/87
ujs-test: ../src/rightjs-core/src/dom/window.js 1/16
ujs-test: ../src/rightjs-core/src/fx/fx/slide.js 2/29
ujs-test: ../src/rightjs-core/src/xhr/xhr/iframed.js 1/13
ujs-test: ../src/rightjs-core/src/xhr/xhr/jsonp.js 1/14
ujs-test: ../src/rightjs-core/src/core/options.js 1/11
ujs-test: ../src/rightjs-core/src/fx/element.js 2/17
ujs-test: ../src/rightjs-core/src/fx/fx/attr.js 1/9
ujs-test: ../src/rightjs-core/src/fx/fx.js 11/85
ujs-test: ../src/rightjs-core/src/fx/fx/morph.js 14/113
ujs-test: ../src/rightjs-core/src/fx/string.js 2/16
ujs-test: ../src/rightjs-core/src/lang/string.js 4/32
ujs-test: ../src/rightjs-core/src/xhr/form.js 3/24
ujs-test: ../src/rightjs-core/src/fx/fx/highlight.js 1/7
ujs-test: ../src/rightjs-core/src/fx/fx/scroll.js 1/7
ujs-test: ../src/rightjs-core/src/fx/fx/twin.js 1/7
ujs-test: ../src/rightjs-core/src/olds/ie.js 1/7
ujs-test: ../src/rightjs-core/src/dom/event/mouseio.js 6/40
ujs-test: ../src/rightjs-core/src/olds/events.js 6/35
ujs-test: ../src/rightjs-core/src/lang/function.js 4/22
ujs-test: ../src/rightjs-core/src/fx/fx/fade.js 1/5
ujs-test: ../src/rightjs-core/src/lang/math.js 2/8
ujs-test: ../src/rightjs-core/src/olds/konq.js 2/8
ujs-test: ../src/rightjs-core/src/lang/array.js 29/108
ujs-test: ../src/rightjs-core/src/lang/object.js 16/53
ujs-test: ../src/rightjs-core/src/xhr/element.js 1/3
ujs-test: ../src/rightjs-core/src/dom/element.js 8/22
ujs-test: ../src/rightjs-core/src/dom/event/focusin.js 4/9
ujs-test: ../src/rightjs-core/src/core/observer.js 24/53
ujs-test: ../src/rightjs-core/util/tools.js?core 36/74
ujs-test: ../src/rightjs-core/src/dom/document.js 1/2
ujs-test: ../src/rightjs-core/src/lang/regexp.js 1/2
ujs-test: ../src/rightjs-core/src/dom/event/delegation.js 20/37
ujs-test: ../src/rightjs-core/src/dom/element/events.js 26/43
ujs-test: ../src/rightjs-core/src/core/util.js 33/54
ujs-test: ../src/rightjs-core/src/dom/string.js 18/29
ujs-test: ../src/rightjs-core/src/dom/ready.js 8/12
ujs-test: ../src/rightjs-core/src/dom/browser.js 3/4
ujs-test: ../src/rightjs-core/src/dom/wrapper.js 43/57
ujs-test: ../src/rightjs-core/src/right.js 3/4
ujs-test: ../src/rightjs-core/src/core/class.js 50/56
ujs-test: ../src/rightjs-core/src/__init__.js 1/1
ujs-test: ../src/rightjs-core/src/xhr/xhr/dummy.js 1/1
