index: ../src/sammy/vendor/templating/pure.js 10/420
index: ../src/sammy/vendor/templating/mustache.js 4/133
index: ../src/sammy/lib/plugins/sammy.meld.js 3/46
index: ../src/sammy/lib/plugins/sammy.oauth2.js 3/50
index: ../src/sammy/lib/plugins/sammy.form.js 7/89
index: ../src/sammy/vendor/templating/haml.js 22/284
index: ../src/sammy/vendor/templating/handlebars.js 72/783
index: ../src/sammy/vendor/templating/ejs.js 27/269
index: ../src/sammy/vendor/templating/hogan.js 29/254
index: ../src/sammy/lib/plugins/sammy.flash.js 5/38
index: ../src/sammy/lib/plugins/sammy.nested_params.js 5/38
index: ../src/sammy/lib/plugins/sammy.json.js 14/95
index: ../src/sammy/vendor/templating/tmpl.js 27/189
index: ../src/sammy/lib/plugins/sammy.storage.js 26/172
index: ../src/sammy/lib/plugins/sammy.data_location_proxy.js 4/22
index: ../src/sammy/lib/plugins/sammy.template.js 5/24
index: ../src/sammy/lib/plugins/sammy.handlebars.js 3/14
index: ../src/sammy/lib/plugins/sammy.hogan.js 3/13
index: ../src/sammy/lib/plugins/sammy.title.js 3/13
index: ../src/sammy/lib/plugins/sammy.tmpl.js 3/13
index: ../src/sammy/lib/plugins/sammy.haml.js 3/12
index: ../src/sammy/vendor/jquery.js 1060/3447
index: ../src/sammy/lib/plugins/sammy.mustache.js 3/9
index: ../src/sammy/lib/plugins/sammy.ejs.js 3/8
index: ../src/sammy/lib/plugins/sammy.exceptional.js 3/7
index: ../src/sammy/lib/plugins/sammy.hoptoad.js 3/7
index: ../src/sammy/lib/plugins/sammy.pure.js 3/7
index: ../src/sammy/lib/sammy.js 329/613
index: ../src/sammy/vendor/qunit/qunit.js 263/478
index: ../src/sammy/vendor/qunit-spec.js 49/62
