index: https:/raw.github.com/douglascrockford/JSON-js/master/json2.js 13/91
index: ../src/sass-twitter-bootstrap/docs/build/node_modules/hogan.js/lib/template.js 81/91
index: ../src/sass-twitter-bootstrap/docs/build/node_modules/hogan.js/lib/compiler.js 158/163
index: https:/raw.github.com/douglascrockford/JSON-js/master/json2.js 13/91
index: ../src/sass-twitter-bootstrap/docs/build/node_modules/hogan.js/lib/template.js 81/91
index: ../src/sass-twitter-bootstrap/docs/build/node_modules/hogan.js/lib/compiler.js 158/163
index: ../src/sass-twitter-bootstrap/js/bootstrap-tooltip.js 7/91
index: ../src/sass-twitter-bootstrap/js/bootstrap-typeahead.js 9/110
index: ../src/sass-twitter-bootstrap/js/bootstrap-carousel.js 9/66
index: ../src/sass-twitter-bootstrap/js/bootstrap-collapse.js 9/55
index: ../src/sass-twitter-bootstrap/js/bootstrap-modal.js 14/81
index: ../src/sass-twitter-bootstrap/js/bootstrap-tab.js 8/41
index: ../src/sass-twitter-bootstrap/js/bootstrap-scrollspy.js 9/44
index: ../src/sass-twitter-bootstrap/js/bootstrap-alert.js 8/26
index: ../src/sass-twitter-bootstrap/js/bootstrap-popover.js 7/23
index: ../src/sass-twitter-bootstrap/js/bootstrap-dropdown.js 10/31
index: ../src/sass-twitter-bootstrap/js/bootstrap-button.js 10/29
index: ../src/sass-twitter-bootstrap/js/bootstrap-transition.js 9/10
index: https:/raw.github.com/douglascrockford/JSON-js/master/json2.js 13/91
index: ../src/sass-twitter-bootstrap/docs/build/node_modules/hogan.js/lib/template.js 81/91
index: ../src/sass-twitter-bootstrap/docs/build/node_modules/hogan.js/lib/compiler.js 158/163
index: ../src/sass-twitter-bootstrap/js/bootstrap-tooltip.js 7/91
index: ../src/sass-twitter-bootstrap/js/bootstrap-typeahead.js 9/110
index: ../src/sass-twitter-bootstrap/js/bootstrap-carousel.js 9/66
index: ../src/sass-twitter-bootstrap/js/bootstrap-collapse.js 9/55
index: ../src/sass-twitter-bootstrap/js/bootstrap-modal.js 14/81
index: ../src/sass-twitter-bootstrap/js/bootstrap-tab.js 8/41
index: ../src/sass-twitter-bootstrap/js/bootstrap-scrollspy.js 9/44
index: ../src/sass-twitter-bootstrap/js/bootstrap-alert.js 8/26
index: ../src/sass-twitter-bootstrap/js/bootstrap-popover.js 7/23
index: ../src/sass-twitter-bootstrap/js/bootstrap-dropdown.js 10/31
index: ../src/sass-twitter-bootstrap/js/bootstrap-button.js 10/29
index: ../src/sass-twitter-bootstrap/js/bootstrap-transition.js 9/10
index: https:/raw.github.com/douglascrockford/JSON-js/master/json2.js 13/91
index: ../src/sass-twitter-bootstrap/docs/build/node_modules/hogan.js/lib/template.js 81/91
index: ../src/sass-twitter-bootstrap/docs/build/node_modules/hogan.js/lib/compiler.js 158/163
index: ../src/sass-twitter-bootstrap/js/bootstrap-tooltip.js 7/91
index: ../src/sass-twitter-bootstrap/js/bootstrap-typeahead.js 9/110
index: ../src/sass-twitter-bootstrap/js/bootstrap-carousel.js 9/66
index: ../src/sass-twitter-bootstrap/js/bootstrap-collapse.js 9/55
index: ../src/sass-twitter-bootstrap/js/bootstrap-modal.js 14/81
index: ../src/sass-twitter-bootstrap/js/bootstrap-tab.js 8/41
index: ../src/sass-twitter-bootstrap/js/bootstrap-scrollspy.js 9/44
index: ../src/sass-twitter-bootstrap/js/bootstrap-alert.js 8/26
index: ../src/sass-twitter-bootstrap/js/bootstrap-popover.js 7/23
index: ../src/sass-twitter-bootstrap/js/bootstrap-dropdown.js 10/31
index: ../src/sass-twitter-bootstrap/js/bootstrap-button.js 10/29
index: ../src/sass-twitter-bootstrap/js/bootstrap-transition.js 9/10
index: https:/raw.github.com/douglascrockford/JSON-js/master/json2.js 13/91
index: ../src/sass-twitter-bootstrap/docs/build/node_modules/hogan.js/lib/template.js 81/91
index: ../src/sass-twitter-bootstrap/docs/build/node_modules/hogan.js/lib/compiler.js 158/163
index: ../src/sass-twitter-bootstrap/js/bootstrap-tooltip.js 7/91
index: ../src/sass-twitter-bootstrap/js/bootstrap-typeahead.js 9/110
index: ../src/sass-twitter-bootstrap/js/bootstrap-carousel.js 9/66
index: ../src/sass-twitter-bootstrap/js/bootstrap-collapse.js 9/55
index: ../src/sass-twitter-bootstrap/js/bootstrap-modal.js 14/81
index: ../src/sass-twitter-bootstrap/js/bootstrap-tab.js 8/41
index: ../src/sass-twitter-bootstrap/js/bootstrap-scrollspy.js 9/44
index: ../src/sass-twitter-bootstrap/js/bootstrap-alert.js 8/26
index: ../src/sass-twitter-bootstrap/js/bootstrap-popover.js 7/23
index: ../src/sass-twitter-bootstrap/js/bootstrap-dropdown.js 10/31
index: ../src/sass-twitter-bootstrap/js/bootstrap-button.js 10/29
index: ../src/sass-twitter-bootstrap/js/bootstrap-transition.js 9/10
