controls_accordion: ../src/scripty2/lib/prototype.js 688/2905
controls_accordion: ../src/scripty2/lib/prototype.js 688/2905
controls_autocompleter: ../src/scripty2/lib/prototype.js 688/2905
controls_accordion: ../src/scripty2/lib/prototype.js 688/2905
controls_autocompleter: ../src/scripty2/lib/prototype.js 688/2905
controls_buttons: ../src/scripty2/lib/prototype.js 751/2905
controls_accordion: ../src/scripty2/lib/prototype.js 688/2905
controls_autocompleter: ../src/scripty2/lib/prototype.js 688/2905
controls_buttons: ../src/scripty2/lib/prototype.js 751/2905
controls_dialog: ../src/scripty2/lib/prototype.js 688/2905
controls_accordion: ../src/scripty2/lib/prototype.js 688/2905
controls_autocompleter: ../src/scripty2/lib/prototype.js 688/2905
controls_buttons: ../src/scripty2/lib/prototype.js 751/2905
controls_dialog: ../src/scripty2/lib/prototype.js 688/2905
controls_overlay: ../src/scripty2/lib/prototype.js 684/2905
controls_accordion: ../src/scripty2/lib/prototype.js 688/2905
controls_autocompleter: ../src/scripty2/lib/prototype.js 688/2905
controls_buttons: ../src/scripty2/lib/prototype.js 751/2905
controls_dialog: ../src/scripty2/lib/prototype.js 688/2905
controls_overlay: ../src/scripty2/lib/prototype.js 684/2905
controls_progress_bar: ../src/scripty2/lib/prototype.js 688/2905
controls_accordion: ../src/scripty2/lib/prototype.js 688/2905
controls_autocompleter: ../src/scripty2/lib/prototype.js 688/2905
controls_buttons: ../src/scripty2/lib/prototype.js 751/2905
controls_dialog: ../src/scripty2/lib/prototype.js 688/2905
controls_overlay: ../src/scripty2/lib/prototype.js 684/2905
controls_progress_bar: ../src/scripty2/lib/prototype.js 688/2905
controls_slider: ../src/scripty2/lib/prototype.js 688/2905
controls_accordion: ../src/scripty2/lib/prototype.js 688/2905
controls_autocompleter: ../src/scripty2/lib/prototype.js 688/2905
controls_buttons: ../src/scripty2/lib/prototype.js 751/2905
controls_dialog: ../src/scripty2/lib/prototype.js 688/2905
controls_overlay: ../src/scripty2/lib/prototype.js 684/2905
controls_progress_bar: ../src/scripty2/lib/prototype.js 688/2905
controls_slider: ../src/scripty2/lib/prototype.js 688/2905
controls_tabs: ../src/scripty2/lib/prototype.js 688/2905
controls_accordion: ../src/scripty2/lib/prototype.js 688/2905
controls_autocompleter: ../src/scripty2/lib/prototype.js 688/2905
controls_buttons: ../src/scripty2/lib/prototype.js 751/2905
controls_dialog: ../src/scripty2/lib/prototype.js 688/2905
controls_overlay: ../src/scripty2/lib/prototype.js 684/2905
controls_progress_bar: ../src/scripty2/lib/prototype.js 688/2905
controls_slider: ../src/scripty2/lib/prototype.js 688/2905
controls_tabs: ../src/scripty2/lib/prototype.js 688/2905
css_transitions: ../src/scripty2/lib/prototype.js 688/2905
controls_accordion: ../src/scripty2/lib/prototype.js 688/2905
controls_autocompleter: ../src/scripty2/lib/prototype.js 688/2905
controls_buttons: ../src/scripty2/lib/prototype.js 751/2905
controls_dialog: ../src/scripty2/lib/prototype.js 688/2905
controls_overlay: ../src/scripty2/lib/prototype.js 684/2905
controls_progress_bar: ../src/scripty2/lib/prototype.js 688/2905
controls_slider: ../src/scripty2/lib/prototype.js 688/2905
controls_tabs: ../src/scripty2/lib/prototype.js 688/2905
css_transitions: ../src/scripty2/lib/prototype.js 688/2905
css_transitions_2: ../src/scripty2/lib/prototype.js 688/2905
controls_accordion: ../src/scripty2/lib/prototype.js 688/2905
controls_autocompleter: ../src/scripty2/lib/prototype.js 688/2905
controls_buttons: ../src/scripty2/lib/prototype.js 751/2905
controls_dialog: ../src/scripty2/lib/prototype.js 688/2905
controls_overlay: ../src/scripty2/lib/prototype.js 684/2905
controls_progress_bar: ../src/scripty2/lib/prototype.js 688/2905
controls_slider: ../src/scripty2/lib/prototype.js 688/2905
controls_tabs: ../src/scripty2/lib/prototype.js 688/2905
css_transitions: ../src/scripty2/lib/prototype.js 688/2905
css_transitions_2: ../src/scripty2/lib/prototype.js 688/2905
effects_units: ../src/scripty2/lib/prototype.js 791/2905
controls_accordion: ../src/scripty2/lib/prototype.js 688/2905
controls_autocompleter: ../src/scripty2/lib/prototype.js 688/2905
controls_buttons: ../src/scripty2/lib/prototype.js 751/2905
controls_dialog: ../src/scripty2/lib/prototype.js 688/2905
controls_overlay: ../src/scripty2/lib/prototype.js 684/2905
controls_progress_bar: ../src/scripty2/lib/prototype.js 688/2905
controls_slider: ../src/scripty2/lib/prototype.js 688/2905
controls_tabs: ../src/scripty2/lib/prototype.js 688/2905
css_transitions: ../src/scripty2/lib/prototype.js 688/2905
css_transitions_2: ../src/scripty2/lib/prototype.js 688/2905
effects_units: ../src/scripty2/lib/prototype.js 791/2905
controls_accordion: ../src/scripty2/lib/prototype.js 688/2905
controls_autocompleter: ../src/scripty2/lib/prototype.js 688/2905
controls_buttons: ../src/scripty2/lib/prototype.js 751/2905
controls_dialog: ../src/scripty2/lib/prototype.js 688/2905
controls_overlay: ../src/scripty2/lib/prototype.js 684/2905
controls_progress_bar: ../src/scripty2/lib/prototype.js 688/2905
controls_slider: ../src/scripty2/lib/prototype.js 688/2905
controls_tabs: ../src/scripty2/lib/prototype.js 688/2905
css_transitions: ../src/scripty2/lib/prototype.js 688/2905
css_transitions_2: ../src/scripty2/lib/prototype.js 688/2905
effects_units: ../src/scripty2/lib/prototype.js 791/2905
manipulations_pan: ../src/scripty2/src/ui/manipulate.js 2/142
manipulations_pan: ../src/scripty2/lib/prototype.js 694/2905
controls_accordion: ../src/scripty2/lib/prototype.js 688/2905
controls_autocompleter: ../src/scripty2/lib/prototype.js 688/2905
controls_buttons: ../src/scripty2/lib/prototype.js 751/2905
controls_dialog: ../src/scripty2/lib/prototype.js 688/2905
controls_overlay: ../src/scripty2/lib/prototype.js 684/2905
controls_progress_bar: ../src/scripty2/lib/prototype.js 688/2905
controls_slider: ../src/scripty2/lib/prototype.js 688/2905
controls_tabs: ../src/scripty2/lib/prototype.js 688/2905
css_transitions: ../src/scripty2/lib/prototype.js 688/2905
css_transitions_2: ../src/scripty2/lib/prototype.js 688/2905
effects_units: ../src/scripty2/lib/prototype.js 791/2905
manipulations_pan: ../src/scripty2/src/ui/manipulate.js 2/142
manipulations_pan: ../src/scripty2/lib/prototype.js 694/2905
manipulations_rotate: ../src/scripty2/src/ui/manipulate.js 2/142
manipulations_rotate: ../src/scripty2/lib/prototype.js 694/2905
controls_accordion: ../src/scripty2/lib/prototype.js 688/2905
controls_autocompleter: ../src/scripty2/lib/prototype.js 688/2905
controls_buttons: ../src/scripty2/lib/prototype.js 751/2905
controls_dialog: ../src/scripty2/lib/prototype.js 688/2905
controls_overlay: ../src/scripty2/lib/prototype.js 684/2905
controls_progress_bar: ../src/scripty2/lib/prototype.js 688/2905
controls_slider: ../src/scripty2/lib/prototype.js 688/2905
controls_tabs: ../src/scripty2/lib/prototype.js 688/2905
css_transitions: ../src/scripty2/lib/prototype.js 688/2905
css_transitions_2: ../src/scripty2/lib/prototype.js 688/2905
effects_units: ../src/scripty2/lib/prototype.js 791/2905
manipulations_pan: ../src/scripty2/src/ui/manipulate.js 2/142
manipulations_pan: ../src/scripty2/lib/prototype.js 694/2905
manipulations_rotate: ../src/scripty2/src/ui/manipulate.js 2/142
manipulations_rotate: ../src/scripty2/lib/prototype.js 694/2905
manipulations_scale: ../src/scripty2/src/ui/manipulate.js 2/142
manipulations_scale: ../src/scripty2/lib/prototype.js 694/2905
controls_accordion: ../src/scripty2/lib/prototype.js 688/2905
controls_autocompleter: ../src/scripty2/lib/prototype.js 688/2905
controls_buttons: ../src/scripty2/lib/prototype.js 751/2905
controls_dialog: ../src/scripty2/lib/prototype.js 688/2905
controls_overlay: ../src/scripty2/lib/prototype.js 684/2905
controls_progress_bar: ../src/scripty2/lib/prototype.js 688/2905
controls_slider: ../src/scripty2/lib/prototype.js 688/2905
controls_tabs: ../src/scripty2/lib/prototype.js 688/2905
css_transitions: ../src/scripty2/lib/prototype.js 688/2905
css_transitions_2: ../src/scripty2/lib/prototype.js 688/2905
effects_units: ../src/scripty2/lib/prototype.js 791/2905
manipulations_pan: ../src/scripty2/src/ui/manipulate.js 2/142
manipulations_pan: ../src/scripty2/lib/prototype.js 694/2905
manipulations_rotate: ../src/scripty2/src/ui/manipulate.js 2/142
manipulations_rotate: ../src/scripty2/lib/prototype.js 694/2905
manipulations_scale: ../src/scripty2/src/ui/manipulate.js 2/142
manipulations_scale: ../src/scripty2/lib/prototype.js 694/2905
navigation: ../src/scripty2/lib/prototype.js 685/2905
controls_accordion: ../src/scripty2/lib/prototype.js 688/2905
controls_autocompleter: ../src/scripty2/lib/prototype.js 688/2905
controls_buttons: ../src/scripty2/lib/prototype.js 751/2905
controls_dialog: ../src/scripty2/lib/prototype.js 688/2905
controls_overlay: ../src/scripty2/lib/prototype.js 684/2905
controls_progress_bar: ../src/scripty2/lib/prototype.js 688/2905
controls_slider: ../src/scripty2/lib/prototype.js 688/2905
controls_tabs: ../src/scripty2/lib/prototype.js 688/2905
css_transitions: ../src/scripty2/lib/prototype.js 688/2905
css_transitions_2: ../src/scripty2/lib/prototype.js 688/2905
effects_units: ../src/scripty2/lib/prototype.js 791/2905
manipulations_pan: ../src/scripty2/src/ui/manipulate.js 2/142
manipulations_pan: ../src/scripty2/lib/prototype.js 694/2905
manipulations_rotate: ../src/scripty2/src/ui/manipulate.js 2/142
manipulations_rotate: ../src/scripty2/lib/prototype.js 694/2905
manipulations_scale: ../src/scripty2/src/ui/manipulate.js 2/142
manipulations_scale: ../src/scripty2/lib/prototype.js 694/2905
navigation: ../src/scripty2/lib/prototype.js 685/2905
controls_accordion: ../src/scripty2/lib/prototype.js 688/2905
controls_autocompleter: ../src/scripty2/lib/prototype.js 688/2905
controls_buttons: ../src/scripty2/lib/prototype.js 751/2905
controls_dialog: ../src/scripty2/lib/prototype.js 688/2905
controls_overlay: ../src/scripty2/lib/prototype.js 684/2905
controls_progress_bar: ../src/scripty2/lib/prototype.js 688/2905
controls_slider: ../src/scripty2/lib/prototype.js 688/2905
controls_tabs: ../src/scripty2/lib/prototype.js 688/2905
css_transitions: ../src/scripty2/lib/prototype.js 688/2905
css_transitions_2: ../src/scripty2/lib/prototype.js 688/2905
effects_units: ../src/scripty2/lib/prototype.js 791/2905
manipulations_pan: ../src/scripty2/src/ui/manipulate.js 2/142
manipulations_pan: ../src/scripty2/lib/prototype.js 694/2905
manipulations_rotate: ../src/scripty2/src/ui/manipulate.js 2/142
manipulations_rotate: ../src/scripty2/lib/prototype.js 694/2905
manipulations_scale: ../src/scripty2/src/ui/manipulate.js 2/142
manipulations_scale: ../src/scripty2/lib/prototype.js 694/2905
navigation: ../src/scripty2/lib/prototype.js 685/2905
controls_accordion: ../src/scripty2/lib/prototype.js 688/2905
controls_autocompleter: ../src/scripty2/lib/prototype.js 688/2905
controls_buttons: ../src/scripty2/lib/prototype.js 751/2905
controls_dialog: ../src/scripty2/lib/prototype.js 688/2905
controls_overlay: ../src/scripty2/lib/prototype.js 684/2905
controls_progress_bar: ../src/scripty2/lib/prototype.js 688/2905
controls_slider: ../src/scripty2/lib/prototype.js 688/2905
controls_tabs: ../src/scripty2/lib/prototype.js 688/2905
css_transitions: ../src/scripty2/lib/prototype.js 688/2905
css_transitions_2: ../src/scripty2/lib/prototype.js 688/2905
effects_units: ../src/scripty2/lib/prototype.js 791/2905
manipulations_pan: ../src/scripty2/src/ui/manipulate.js 2/142
manipulations_pan: ../src/scripty2/lib/prototype.js 694/2905
manipulations_rotate: ../src/scripty2/src/ui/manipulate.js 2/142
manipulations_rotate: ../src/scripty2/lib/prototype.js 694/2905
manipulations_scale: ../src/scripty2/src/ui/manipulate.js 2/142
manipulations_scale: ../src/scripty2/lib/prototype.js 694/2905
navigation: ../src/scripty2/lib/prototype.js 685/2905
