testCSSTokenizing: ../src/selectorgadget/lib/dom.js 22/234
testCSSTokenizing: http:/ajax.googleapis.com/ajax/libs/jquery/1.3.1/jquery.min.js 2/2
testCSSTokenizing: script in file:/home/rahul/research/clone-unit-coverage/src/selectorgadget/sites/test/testCSSTokenizing.html from (-1, -1) to (-1, -1) 1/1
testCSSTokenizing: ../src/selectorgadget/lib/dom.js 22/234
testCSSTokenizing: http:/ajax.googleapis.com/ajax/libs/jquery/1.3.1/jquery.min.js 2/2
testCSSTokenizing: script in file:/home/rahul/research/clone-unit-coverage/src/selectorgadget/sites/test/testCSSTokenizing.html from (-1, -1) to (-1, -1) 1/1
testCSSTokenizing: ../src/selectorgadget/lib/dom.js 22/234
testCSSTokenizing: http:/ajax.googleapis.com/ajax/libs/jquery/1.3.1/jquery.min.js 2/2
testCSSTokenizing: script in file:/home/rahul/research/clone-unit-coverage/src/selectorgadget/sites/test/testCSSTokenizing.html from (-1, -1) to (-1, -1) 1/1
testDom: ../src/selectorgadget/lib/dom.js?r=467f72d19 22/234
testDom: ../src/selectorgadget/vendor/jquery-1.2.6.js 130/1387
testDom: ../src/selectorgadget/vendor/jsunit/app/jsUnitCore.js 54/223
testDom: ../src/selectorgadget/vendor/diff/diff_match_patch.js 1/1
testCSSTokenizing: ../src/selectorgadget/lib/dom.js 22/234
testCSSTokenizing: http:/ajax.googleapis.com/ajax/libs/jquery/1.3.1/jquery.min.js 2/2
testCSSTokenizing: script in file:/home/rahul/research/clone-unit-coverage/src/selectorgadget/sites/test/testCSSTokenizing.html from (-1, -1) to (-1, -1) 1/1
testDom: ../src/selectorgadget/lib/dom.js?r=467f72d19 22/234
testDom: ../src/selectorgadget/vendor/jquery-1.2.6.js 130/1387
testDom: ../src/selectorgadget/vendor/jsunit/app/jsUnitCore.js 54/223
testDom: ../src/selectorgadget/vendor/diff/diff_match_patch.js 1/1
diff_match_patch_test: ../src/selectorgadget/vendor/diff/diff_match_patch.js 1/1
testCSSTokenizing: ../src/selectorgadget/lib/dom.js 22/234
testCSSTokenizing: http:/ajax.googleapis.com/ajax/libs/jquery/1.3.1/jquery.min.js 2/2
testCSSTokenizing: script in file:/home/rahul/research/clone-unit-coverage/src/selectorgadget/sites/test/testCSSTokenizing.html from (-1, -1) to (-1, -1) 1/1
testDom: ../src/selectorgadget/lib/dom.js?r=467f72d19 22/234
testDom: ../src/selectorgadget/vendor/jquery-1.2.6.js 130/1387
testDom: ../src/selectorgadget/vendor/jsunit/app/jsUnitCore.js 54/223
testDom: ../src/selectorgadget/vendor/diff/diff_match_patch.js 1/1
diff_match_patch_test: ../src/selectorgadget/vendor/diff/diff_match_patch.js 1/1
testCSSTokenizing: ../src/selectorgadget/lib/dom.js 22/234
testCSSTokenizing: http:/ajax.googleapis.com/ajax/libs/jquery/1.3.1/jquery.min.js 2/2
testCSSTokenizing: script in file:/home/rahul/research/clone-unit-coverage/src/selectorgadget/sites/test/testCSSTokenizing.html from (-1, -1) to (-1, -1) 1/1
testDom: ../src/selectorgadget/lib/dom.js?r=467f72d19 22/234
testDom: ../src/selectorgadget/vendor/jquery-1.2.6.js 130/1387
testDom: ../src/selectorgadget/vendor/jsunit/app/jsUnitCore.js 54/223
testDom: ../src/selectorgadget/vendor/diff/diff_match_patch.js 1/1
diff_match_patch_test: ../src/selectorgadget/vendor/diff/diff_match_patch.js 1/1
testCSSTokenizing: ../src/selectorgadget/lib/dom.js 22/234
testCSSTokenizing: http:/ajax.googleapis.com/ajax/libs/jquery/1.3.1/jquery.min.js 2/2
testCSSTokenizing: script in file:/home/rahul/research/clone-unit-coverage/src/selectorgadget/sites/test/testCSSTokenizing.html from (-1, -1) to (-1, -1) 1/1
testDom: ../src/selectorgadget/lib/dom.js?r=467f72d19 22/234
testDom: ../src/selectorgadget/vendor/jquery-1.2.6.js 130/1387
testDom: ../src/selectorgadget/vendor/jsunit/app/jsUnitCore.js 54/223
testDom: ../src/selectorgadget/vendor/diff/diff_match_patch.js 1/1
diff_match_patch_test: ../src/selectorgadget/vendor/diff/diff_match_patch.js 1/1
testRunner: ../src/selectorgadget/vendor/jsunit/app/xbDebug.js 24/146
testRunner: ../src/selectorgadget/vendor/jsunit/app/jsUnitTestManager.js 90/376
testRunner: ../src/selectorgadget/vendor/jsunit/app/jsUnitCore.js 54/223
testRunner: ../src/selectorgadget/vendor/jsunit/app/jsUnitTracer.js 16/42
testRunner: ../src/selectorgadget/vendor/jsunit/app/jsUnitTestSuite.js 11/21
testCSSTokenizing: ../src/selectorgadget/lib/dom.js 22/234
testCSSTokenizing: http:/ajax.googleapis.com/ajax/libs/jquery/1.3.1/jquery.min.js 2/2
testCSSTokenizing: script in file:/home/rahul/research/clone-unit-coverage/src/selectorgadget/sites/test/testCSSTokenizing.html from (-1, -1) to (-1, -1) 1/1
testDom: ../src/selectorgadget/lib/dom.js?r=467f72d19 22/234
testDom: ../src/selectorgadget/vendor/jquery-1.2.6.js 130/1387
testDom: ../src/selectorgadget/vendor/jsunit/app/jsUnitCore.js 54/223
testDom: ../src/selectorgadget/vendor/diff/diff_match_patch.js 1/1
diff_match_patch_test: ../src/selectorgadget/vendor/diff/diff_match_patch.js 1/1
testRunner: ../src/selectorgadget/vendor/jsunit/app/xbDebug.js 24/146
testRunner: ../src/selectorgadget/vendor/jsunit/app/jsUnitTestManager.js 90/376
testRunner: ../src/selectorgadget/vendor/jsunit/app/jsUnitCore.js 54/223
testRunner: ../src/selectorgadget/vendor/jsunit/app/jsUnitTracer.js 16/42
testRunner: ../src/selectorgadget/vendor/jsunit/app/jsUnitTestSuite.js 11/21
testCSSTokenizing: ../src/selectorgadget/lib/dom.js 22/234
testCSSTokenizing: http:/ajax.googleapis.com/ajax/libs/jquery/1.3.1/jquery.min.js 2/2
testCSSTokenizing: script in file:/home/rahul/research/clone-unit-coverage/src/selectorgadget/sites/test/testCSSTokenizing.html from (-1, -1) to (-1, -1) 1/1
testDom: ../src/selectorgadget/lib/dom.js?r=467f72d19 22/234
testDom: ../src/selectorgadget/vendor/jquery-1.2.6.js 130/1387
testDom: ../src/selectorgadget/vendor/jsunit/app/jsUnitCore.js 54/223
testDom: ../src/selectorgadget/vendor/diff/diff_match_patch.js 1/1
diff_match_patch_test: ../src/selectorgadget/vendor/diff/diff_match_patch.js 1/1
testRunner: ../src/selectorgadget/vendor/jsunit/app/xbDebug.js 24/146
testRunner: ../src/selectorgadget/vendor/jsunit/app/jsUnitTestManager.js 90/376
testRunner: ../src/selectorgadget/vendor/jsunit/app/jsUnitCore.js 54/223
testRunner: ../src/selectorgadget/vendor/jsunit/app/jsUnitTracer.js 16/42
testRunner: ../src/selectorgadget/vendor/jsunit/app/jsUnitTestSuite.js 11/21
testCSSTokenizing: ../src/selectorgadget/lib/dom.js 22/234
testCSSTokenizing: http:/ajax.googleapis.com/ajax/libs/jquery/1.3.1/jquery.min.js 2/2
testCSSTokenizing: script in file:/home/rahul/research/clone-unit-coverage/src/selectorgadget/sites/test/testCSSTokenizing.html from (-1, -1) to (-1, -1) 1/1
testDom: ../src/selectorgadget/lib/dom.js?r=467f72d19 22/234
testDom: ../src/selectorgadget/vendor/jquery-1.2.6.js 130/1387
testDom: ../src/selectorgadget/vendor/jsunit/app/jsUnitCore.js 54/223
testDom: ../src/selectorgadget/vendor/diff/diff_match_patch.js 1/1
diff_match_patch_test: ../src/selectorgadget/vendor/diff/diff_match_patch.js 1/1
testRunner: ../src/selectorgadget/vendor/jsunit/app/xbDebug.js 24/146
testRunner: ../src/selectorgadget/vendor/jsunit/app/jsUnitTestManager.js 90/376
testRunner: ../src/selectorgadget/vendor/jsunit/app/jsUnitCore.js 54/223
testRunner: ../src/selectorgadget/vendor/jsunit/app/jsUnitTracer.js 16/42
testRunner: ../src/selectorgadget/vendor/jsunit/app/jsUnitTestSuite.js 11/21
jsUnitAssertionTests: ../src/selectorgadget/vendor/jsunit/app/jsUnitCore.js 54/223
testCSSTokenizing: ../src/selectorgadget/lib/dom.js 22/234
testCSSTokenizing: http:/ajax.googleapis.com/ajax/libs/jquery/1.3.1/jquery.min.js 2/2
testCSSTokenizing: script in file:/home/rahul/research/clone-unit-coverage/src/selectorgadget/sites/test/testCSSTokenizing.html from (-1, -1) to (-1, -1) 1/1
testDom: ../src/selectorgadget/lib/dom.js?r=467f72d19 22/234
testDom: ../src/selectorgadget/vendor/jquery-1.2.6.js 130/1387
testDom: ../src/selectorgadget/vendor/jsunit/app/jsUnitCore.js 54/223
testDom: ../src/selectorgadget/vendor/diff/diff_match_patch.js 1/1
diff_match_patch_test: ../src/selectorgadget/vendor/diff/diff_match_patch.js 1/1
testRunner: ../src/selectorgadget/vendor/jsunit/app/xbDebug.js 24/146
testRunner: ../src/selectorgadget/vendor/jsunit/app/jsUnitTestManager.js 90/376
testRunner: ../src/selectorgadget/vendor/jsunit/app/jsUnitCore.js 54/223
testRunner: ../src/selectorgadget/vendor/jsunit/app/jsUnitTracer.js 16/42
testRunner: ../src/selectorgadget/vendor/jsunit/app/jsUnitTestSuite.js 11/21
jsUnitAssertionTests: ../src/selectorgadget/vendor/jsunit/app/jsUnitCore.js 54/223
jsUnitDeclAssertionTests: ../src/selectorgadget/vendor/jsunit/app/jsUnitCore.js 54/223
testCSSTokenizing: ../src/selectorgadget/lib/dom.js 22/234
testCSSTokenizing: http:/ajax.googleapis.com/ajax/libs/jquery/1.3.1/jquery.min.js 2/2
testCSSTokenizing: script in file:/home/rahul/research/clone-unit-coverage/src/selectorgadget/sites/test/testCSSTokenizing.html from (-1, -1) to (-1, -1) 1/1
testDom: ../src/selectorgadget/lib/dom.js?r=467f72d19 22/234
testDom: ../src/selectorgadget/vendor/jquery-1.2.6.js 130/1387
testDom: ../src/selectorgadget/vendor/jsunit/app/jsUnitCore.js 54/223
testDom: ../src/selectorgadget/vendor/diff/diff_match_patch.js 1/1
diff_match_patch_test: ../src/selectorgadget/vendor/diff/diff_match_patch.js 1/1
testRunner: ../src/selectorgadget/vendor/jsunit/app/xbDebug.js 24/146
testRunner: ../src/selectorgadget/vendor/jsunit/app/jsUnitTestManager.js 90/376
testRunner: ../src/selectorgadget/vendor/jsunit/app/jsUnitCore.js 54/223
testRunner: ../src/selectorgadget/vendor/jsunit/app/jsUnitTracer.js 16/42
testRunner: ../src/selectorgadget/vendor/jsunit/app/jsUnitTestSuite.js 11/21
jsUnitAssertionTests: ../src/selectorgadget/vendor/jsunit/app/jsUnitCore.js 54/223
jsUnitDeclAssertionTests: ../src/selectorgadget/vendor/jsunit/app/jsUnitCore.js 54/223
jsUnitDeclFrameworkUtilityTests: ../src/selectorgadget/vendor/jsunit/app/jsUnitCore.js 54/223
testCSSTokenizing: ../src/selectorgadget/lib/dom.js 22/234
testCSSTokenizing: http:/ajax.googleapis.com/ajax/libs/jquery/1.3.1/jquery.min.js 2/2
testCSSTokenizing: script in file:/home/rahul/research/clone-unit-coverage/src/selectorgadget/sites/test/testCSSTokenizing.html from (-1, -1) to (-1, -1) 1/1
testDom: ../src/selectorgadget/lib/dom.js?r=467f72d19 22/234
testDom: ../src/selectorgadget/vendor/jquery-1.2.6.js 130/1387
testDom: ../src/selectorgadget/vendor/jsunit/app/jsUnitCore.js 54/223
testDom: ../src/selectorgadget/vendor/diff/diff_match_patch.js 1/1
diff_match_patch_test: ../src/selectorgadget/vendor/diff/diff_match_patch.js 1/1
testRunner: ../src/selectorgadget/vendor/jsunit/app/xbDebug.js 24/146
testRunner: ../src/selectorgadget/vendor/jsunit/app/jsUnitTestManager.js 90/376
testRunner: ../src/selectorgadget/vendor/jsunit/app/jsUnitCore.js 54/223
testRunner: ../src/selectorgadget/vendor/jsunit/app/jsUnitTracer.js 16/42
testRunner: ../src/selectorgadget/vendor/jsunit/app/jsUnitTestSuite.js 11/21
jsUnitAssertionTests: ../src/selectorgadget/vendor/jsunit/app/jsUnitCore.js 54/223
jsUnitDeclAssertionTests: ../src/selectorgadget/vendor/jsunit/app/jsUnitCore.js 54/223
jsUnitDeclFrameworkUtilityTests: ../src/selectorgadget/vendor/jsunit/app/jsUnitCore.js 54/223
jsUnitDeclOnLoadTests: ../src/selectorgadget/vendor/jsunit/app/jsUnitCore.js 54/223
testCSSTokenizing: ../src/selectorgadget/lib/dom.js 22/234
testCSSTokenizing: http:/ajax.googleapis.com/ajax/libs/jquery/1.3.1/jquery.min.js 2/2
testCSSTokenizing: script in file:/home/rahul/research/clone-unit-coverage/src/selectorgadget/sites/test/testCSSTokenizing.html from (-1, -1) to (-1, -1) 1/1
testDom: ../src/selectorgadget/lib/dom.js?r=467f72d19 22/234
testDom: ../src/selectorgadget/vendor/jquery-1.2.6.js 130/1387
testDom: ../src/selectorgadget/vendor/jsunit/app/jsUnitCore.js 54/223
testDom: ../src/selectorgadget/vendor/diff/diff_match_patch.js 1/1
diff_match_patch_test: ../src/selectorgadget/vendor/diff/diff_match_patch.js 1/1
testRunner: ../src/selectorgadget/vendor/jsunit/app/xbDebug.js 24/146
testRunner: ../src/selectorgadget/vendor/jsunit/app/jsUnitTestManager.js 90/376
testRunner: ../src/selectorgadget/vendor/jsunit/app/jsUnitCore.js 54/223
testRunner: ../src/selectorgadget/vendor/jsunit/app/jsUnitTracer.js 16/42
testRunner: ../src/selectorgadget/vendor/jsunit/app/jsUnitTestSuite.js 11/21
jsUnitAssertionTests: ../src/selectorgadget/vendor/jsunit/app/jsUnitCore.js 54/223
jsUnitDeclAssertionTests: ../src/selectorgadget/vendor/jsunit/app/jsUnitCore.js 54/223
jsUnitDeclFrameworkUtilityTests: ../src/selectorgadget/vendor/jsunit/app/jsUnitCore.js 54/223
jsUnitDeclOnLoadTests: ../src/selectorgadget/vendor/jsunit/app/jsUnitCore.js 54/223
jsUnitDeclSetUpTearDownTests: ../src/selectorgadget/vendor/jsunit/app/jsUnitCore.js 54/223
testCSSTokenizing: ../src/selectorgadget/lib/dom.js 22/234
testCSSTokenizing: http:/ajax.googleapis.com/ajax/libs/jquery/1.3.1/jquery.min.js 2/2
testCSSTokenizing: script in file:/home/rahul/research/clone-unit-coverage/src/selectorgadget/sites/test/testCSSTokenizing.html from (-1, -1) to (-1, -1) 1/1
testDom: ../src/selectorgadget/lib/dom.js?r=467f72d19 22/234
testDom: ../src/selectorgadget/vendor/jquery-1.2.6.js 130/1387
testDom: ../src/selectorgadget/vendor/jsunit/app/jsUnitCore.js 54/223
testDom: ../src/selectorgadget/vendor/diff/diff_match_patch.js 1/1
diff_match_patch_test: ../src/selectorgadget/vendor/diff/diff_match_patch.js 1/1
testRunner: ../src/selectorgadget/vendor/jsunit/app/xbDebug.js 24/146
testRunner: ../src/selectorgadget/vendor/jsunit/app/jsUnitTestManager.js 90/376
testRunner: ../src/selectorgadget/vendor/jsunit/app/jsUnitCore.js 54/223
testRunner: ../src/selectorgadget/vendor/jsunit/app/jsUnitTracer.js 16/42
testRunner: ../src/selectorgadget/vendor/jsunit/app/jsUnitTestSuite.js 11/21
jsUnitAssertionTests: ../src/selectorgadget/vendor/jsunit/app/jsUnitCore.js 54/223
jsUnitDeclAssertionTests: ../src/selectorgadget/vendor/jsunit/app/jsUnitCore.js 54/223
jsUnitDeclFrameworkUtilityTests: ../src/selectorgadget/vendor/jsunit/app/jsUnitCore.js 54/223
jsUnitDeclOnLoadTests: ../src/selectorgadget/vendor/jsunit/app/jsUnitCore.js 54/223
jsUnitDeclSetUpTearDownTests: ../src/selectorgadget/vendor/jsunit/app/jsUnitCore.js 54/223
jsUnitDeclTestFailures: ../src/selectorgadget/vendor/jsunit/app/jsUnitCore.js 54/223
testCSSTokenizing: ../src/selectorgadget/lib/dom.js 22/234
testCSSTokenizing: http:/ajax.googleapis.com/ajax/libs/jquery/1.3.1/jquery.min.js 2/2
testCSSTokenizing: script in file:/home/rahul/research/clone-unit-coverage/src/selectorgadget/sites/test/testCSSTokenizing.html from (-1, -1) to (-1, -1) 1/1
testDom: ../src/selectorgadget/lib/dom.js?r=467f72d19 22/234
testDom: ../src/selectorgadget/vendor/jquery-1.2.6.js 130/1387
testDom: ../src/selectorgadget/vendor/jsunit/app/jsUnitCore.js 54/223
testDom: ../src/selectorgadget/vendor/diff/diff_match_patch.js 1/1
diff_match_patch_test: ../src/selectorgadget/vendor/diff/diff_match_patch.js 1/1
testRunner: ../src/selectorgadget/vendor/jsunit/app/xbDebug.js 24/146
testRunner: ../src/selectorgadget/vendor/jsunit/app/jsUnitTestManager.js 90/376
testRunner: ../src/selectorgadget/vendor/jsunit/app/jsUnitCore.js 54/223
testRunner: ../src/selectorgadget/vendor/jsunit/app/jsUnitTracer.js 16/42
testRunner: ../src/selectorgadget/vendor/jsunit/app/jsUnitTestSuite.js 11/21
jsUnitAssertionTests: ../src/selectorgadget/vendor/jsunit/app/jsUnitCore.js 54/223
jsUnitDeclAssertionTests: ../src/selectorgadget/vendor/jsunit/app/jsUnitCore.js 54/223
jsUnitDeclFrameworkUtilityTests: ../src/selectorgadget/vendor/jsunit/app/jsUnitCore.js 54/223
jsUnitDeclOnLoadTests: ../src/selectorgadget/vendor/jsunit/app/jsUnitCore.js 54/223
jsUnitDeclSetUpTearDownTests: ../src/selectorgadget/vendor/jsunit/app/jsUnitCore.js 54/223
jsUnitDeclTestFailures: ../src/selectorgadget/vendor/jsunit/app/jsUnitCore.js 54/223
jsUnitDeclTestLoadData: ../src/selectorgadget/vendor/jsunit/app/jsUnitCore.js 54/223
testCSSTokenizing: ../src/selectorgadget/lib/dom.js 22/234
testCSSTokenizing: http:/ajax.googleapis.com/ajax/libs/jquery/1.3.1/jquery.min.js 2/2
testCSSTokenizing: script in file:/home/rahul/research/clone-unit-coverage/src/selectorgadget/sites/test/testCSSTokenizing.html from (-1, -1) to (-1, -1) 1/1
testDom: ../src/selectorgadget/lib/dom.js?r=467f72d19 22/234
testDom: ../src/selectorgadget/vendor/jquery-1.2.6.js 130/1387
testDom: ../src/selectorgadget/vendor/jsunit/app/jsUnitCore.js 54/223
testDom: ../src/selectorgadget/vendor/diff/diff_match_patch.js 1/1
diff_match_patch_test: ../src/selectorgadget/vendor/diff/diff_match_patch.js 1/1
testRunner: ../src/selectorgadget/vendor/jsunit/app/xbDebug.js 24/146
testRunner: ../src/selectorgadget/vendor/jsunit/app/jsUnitTestManager.js 90/376
testRunner: ../src/selectorgadget/vendor/jsunit/app/jsUnitCore.js 54/223
testRunner: ../src/selectorgadget/vendor/jsunit/app/jsUnitTracer.js 16/42
testRunner: ../src/selectorgadget/vendor/jsunit/app/jsUnitTestSuite.js 11/21
jsUnitAssertionTests: ../src/selectorgadget/vendor/jsunit/app/jsUnitCore.js 54/223
jsUnitDeclAssertionTests: ../src/selectorgadget/vendor/jsunit/app/jsUnitCore.js 54/223
jsUnitDeclFrameworkUtilityTests: ../src/selectorgadget/vendor/jsunit/app/jsUnitCore.js 54/223
jsUnitDeclOnLoadTests: ../src/selectorgadget/vendor/jsunit/app/jsUnitCore.js 54/223
jsUnitDeclSetUpTearDownTests: ../src/selectorgadget/vendor/jsunit/app/jsUnitCore.js 54/223
jsUnitDeclTestFailures: ../src/selectorgadget/vendor/jsunit/app/jsUnitCore.js 54/223
jsUnitDeclTestLoadData: ../src/selectorgadget/vendor/jsunit/app/jsUnitCore.js 54/223
jsUnitDeclTestSetUpPages: ../src/selectorgadget/vendor/jsunit/app/jsUnitCore.js 54/223
testCSSTokenizing: ../src/selectorgadget/lib/dom.js 22/234
testCSSTokenizing: http:/ajax.googleapis.com/ajax/libs/jquery/1.3.1/jquery.min.js 2/2
testCSSTokenizing: script in file:/home/rahul/research/clone-unit-coverage/src/selectorgadget/sites/test/testCSSTokenizing.html from (-1, -1) to (-1, -1) 1/1
testDom: ../src/selectorgadget/lib/dom.js?r=467f72d19 22/234
testDom: ../src/selectorgadget/vendor/jquery-1.2.6.js 130/1387
testDom: ../src/selectorgadget/vendor/jsunit/app/jsUnitCore.js 54/223
testDom: ../src/selectorgadget/vendor/diff/diff_match_patch.js 1/1
diff_match_patch_test: ../src/selectorgadget/vendor/diff/diff_match_patch.js 1/1
testRunner: ../src/selectorgadget/vendor/jsunit/app/xbDebug.js 24/146
testRunner: ../src/selectorgadget/vendor/jsunit/app/jsUnitTestManager.js 90/376
testRunner: ../src/selectorgadget/vendor/jsunit/app/jsUnitCore.js 54/223
testRunner: ../src/selectorgadget/vendor/jsunit/app/jsUnitTracer.js 16/42
testRunner: ../src/selectorgadget/vendor/jsunit/app/jsUnitTestSuite.js 11/21
jsUnitAssertionTests: ../src/selectorgadget/vendor/jsunit/app/jsUnitCore.js 54/223
jsUnitDeclAssertionTests: ../src/selectorgadget/vendor/jsunit/app/jsUnitCore.js 54/223
jsUnitDeclFrameworkUtilityTests: ../src/selectorgadget/vendor/jsunit/app/jsUnitCore.js 54/223
jsUnitDeclOnLoadTests: ../src/selectorgadget/vendor/jsunit/app/jsUnitCore.js 54/223
jsUnitDeclSetUpTearDownTests: ../src/selectorgadget/vendor/jsunit/app/jsUnitCore.js 54/223
jsUnitDeclTestFailures: ../src/selectorgadget/vendor/jsunit/app/jsUnitCore.js 54/223
jsUnitDeclTestLoadData: ../src/selectorgadget/vendor/jsunit/app/jsUnitCore.js 54/223
jsUnitDeclTestSetUpPages: ../src/selectorgadget/vendor/jsunit/app/jsUnitCore.js 54/223
jsUnitDeclTestSetUpPagesSuite: ../src/selectorgadget/vendor/jsunit/app/jsUnitCore.js 54/223
testCSSTokenizing: ../src/selectorgadget/lib/dom.js 22/234
testCSSTokenizing: http:/ajax.googleapis.com/ajax/libs/jquery/1.3.1/jquery.min.js 2/2
testCSSTokenizing: script in file:/home/rahul/research/clone-unit-coverage/src/selectorgadget/sites/test/testCSSTokenizing.html from (-1, -1) to (-1, -1) 1/1
testDom: ../src/selectorgadget/lib/dom.js?r=467f72d19 22/234
testDom: ../src/selectorgadget/vendor/jquery-1.2.6.js 130/1387
testDom: ../src/selectorgadget/vendor/jsunit/app/jsUnitCore.js 54/223
testDom: ../src/selectorgadget/vendor/diff/diff_match_patch.js 1/1
diff_match_patch_test: ../src/selectorgadget/vendor/diff/diff_match_patch.js 1/1
testRunner: ../src/selectorgadget/vendor/jsunit/app/xbDebug.js 24/146
testRunner: ../src/selectorgadget/vendor/jsunit/app/jsUnitTestManager.js 90/376
testRunner: ../src/selectorgadget/vendor/jsunit/app/jsUnitCore.js 54/223
testRunner: ../src/selectorgadget/vendor/jsunit/app/jsUnitTracer.js 16/42
testRunner: ../src/selectorgadget/vendor/jsunit/app/jsUnitTestSuite.js 11/21
jsUnitAssertionTests: ../src/selectorgadget/vendor/jsunit/app/jsUnitCore.js 54/223
jsUnitDeclAssertionTests: ../src/selectorgadget/vendor/jsunit/app/jsUnitCore.js 54/223
jsUnitDeclFrameworkUtilityTests: ../src/selectorgadget/vendor/jsunit/app/jsUnitCore.js 54/223
jsUnitDeclOnLoadTests: ../src/selectorgadget/vendor/jsunit/app/jsUnitCore.js 54/223
jsUnitDeclSetUpTearDownTests: ../src/selectorgadget/vendor/jsunit/app/jsUnitCore.js 54/223
jsUnitDeclTestFailures: ../src/selectorgadget/vendor/jsunit/app/jsUnitCore.js 54/223
jsUnitDeclTestLoadData: ../src/selectorgadget/vendor/jsunit/app/jsUnitCore.js 54/223
jsUnitDeclTestSetUpPages: ../src/selectorgadget/vendor/jsunit/app/jsUnitCore.js 54/223
jsUnitDeclTestSetUpPagesSuite: ../src/selectorgadget/vendor/jsunit/app/jsUnitCore.js 54/223
jsUnitDeclTestSuite: ../src/selectorgadget/vendor/jsunit/app/jsUnitCore.js 54/223
testCSSTokenizing: ../src/selectorgadget/lib/dom.js 22/234
testCSSTokenizing: http:/ajax.googleapis.com/ajax/libs/jquery/1.3.1/jquery.min.js 2/2
testCSSTokenizing: script in file:/home/rahul/research/clone-unit-coverage/src/selectorgadget/sites/test/testCSSTokenizing.html from (-1, -1) to (-1, -1) 1/1
testDom: ../src/selectorgadget/lib/dom.js?r=467f72d19 22/234
testDom: ../src/selectorgadget/vendor/jquery-1.2.6.js 130/1387
testDom: ../src/selectorgadget/vendor/jsunit/app/jsUnitCore.js 54/223
testDom: ../src/selectorgadget/vendor/diff/diff_match_patch.js 1/1
diff_match_patch_test: ../src/selectorgadget/vendor/diff/diff_match_patch.js 1/1
testRunner: ../src/selectorgadget/vendor/jsunit/app/xbDebug.js 24/146
testRunner: ../src/selectorgadget/vendor/jsunit/app/jsUnitTestManager.js 90/376
testRunner: ../src/selectorgadget/vendor/jsunit/app/jsUnitCore.js 54/223
testRunner: ../src/selectorgadget/vendor/jsunit/app/jsUnitTracer.js 16/42
testRunner: ../src/selectorgadget/vendor/jsunit/app/jsUnitTestSuite.js 11/21
jsUnitAssertionTests: ../src/selectorgadget/vendor/jsunit/app/jsUnitCore.js 54/223
jsUnitDeclAssertionTests: ../src/selectorgadget/vendor/jsunit/app/jsUnitCore.js 54/223
jsUnitDeclFrameworkUtilityTests: ../src/selectorgadget/vendor/jsunit/app/jsUnitCore.js 54/223
jsUnitDeclOnLoadTests: ../src/selectorgadget/vendor/jsunit/app/jsUnitCore.js 54/223
jsUnitDeclSetUpTearDownTests: ../src/selectorgadget/vendor/jsunit/app/jsUnitCore.js 54/223
jsUnitDeclTestFailures: ../src/selectorgadget/vendor/jsunit/app/jsUnitCore.js 54/223
jsUnitDeclTestLoadData: ../src/selectorgadget/vendor/jsunit/app/jsUnitCore.js 54/223
jsUnitDeclTestSetUpPages: ../src/selectorgadget/vendor/jsunit/app/jsUnitCore.js 54/223
jsUnitDeclTestSetUpPagesSuite: ../src/selectorgadget/vendor/jsunit/app/jsUnitCore.js 54/223
jsUnitDeclTestSuite: ../src/selectorgadget/vendor/jsunit/app/jsUnitCore.js 54/223
jsUnitDeclUtilityTests: ../src/selectorgadget/vendor/jsunit/app/jsUnitCore.js 54/223
testCSSTokenizing: ../src/selectorgadget/lib/dom.js 22/234
testCSSTokenizing: http:/ajax.googleapis.com/ajax/libs/jquery/1.3.1/jquery.min.js 2/2
testCSSTokenizing: script in file:/home/rahul/research/clone-unit-coverage/src/selectorgadget/sites/test/testCSSTokenizing.html from (-1, -1) to (-1, -1) 1/1
testDom: ../src/selectorgadget/lib/dom.js?r=467f72d19 22/234
testDom: ../src/selectorgadget/vendor/jquery-1.2.6.js 130/1387
testDom: ../src/selectorgadget/vendor/jsunit/app/jsUnitCore.js 54/223
testDom: ../src/selectorgadget/vendor/diff/diff_match_patch.js 1/1
diff_match_patch_test: ../src/selectorgadget/vendor/diff/diff_match_patch.js 1/1
testRunner: ../src/selectorgadget/vendor/jsunit/app/xbDebug.js 24/146
testRunner: ../src/selectorgadget/vendor/jsunit/app/jsUnitTestManager.js 90/376
testRunner: ../src/selectorgadget/vendor/jsunit/app/jsUnitCore.js 54/223
testRunner: ../src/selectorgadget/vendor/jsunit/app/jsUnitTracer.js 16/42
testRunner: ../src/selectorgadget/vendor/jsunit/app/jsUnitTestSuite.js 11/21
jsUnitAssertionTests: ../src/selectorgadget/vendor/jsunit/app/jsUnitCore.js 54/223
jsUnitDeclAssertionTests: ../src/selectorgadget/vendor/jsunit/app/jsUnitCore.js 54/223
jsUnitDeclFrameworkUtilityTests: ../src/selectorgadget/vendor/jsunit/app/jsUnitCore.js 54/223
jsUnitDeclOnLoadTests: ../src/selectorgadget/vendor/jsunit/app/jsUnitCore.js 54/223
jsUnitDeclSetUpTearDownTests: ../src/selectorgadget/vendor/jsunit/app/jsUnitCore.js 54/223
jsUnitDeclTestFailures: ../src/selectorgadget/vendor/jsunit/app/jsUnitCore.js 54/223
jsUnitDeclTestLoadData: ../src/selectorgadget/vendor/jsunit/app/jsUnitCore.js 54/223
jsUnitDeclTestSetUpPages: ../src/selectorgadget/vendor/jsunit/app/jsUnitCore.js 54/223
jsUnitDeclTestSetUpPagesSuite: ../src/selectorgadget/vendor/jsunit/app/jsUnitCore.js 54/223
jsUnitDeclTestSuite: ../src/selectorgadget/vendor/jsunit/app/jsUnitCore.js 54/223
jsUnitDeclUtilityTests: ../src/selectorgadget/vendor/jsunit/app/jsUnitCore.js 54/223
jsUnitDeclarationTests: ../src/selectorgadget/vendor/jsunit/app/jsUnitCore.js 54/223
testCSSTokenizing: ../src/selectorgadget/lib/dom.js 22/234
testCSSTokenizing: http:/ajax.googleapis.com/ajax/libs/jquery/1.3.1/jquery.min.js 2/2
testCSSTokenizing: script in file:/home/rahul/research/clone-unit-coverage/src/selectorgadget/sites/test/testCSSTokenizing.html from (-1, -1) to (-1, -1) 1/1
testDom: ../src/selectorgadget/lib/dom.js?r=467f72d19 22/234
testDom: ../src/selectorgadget/vendor/jquery-1.2.6.js 130/1387
testDom: ../src/selectorgadget/vendor/jsunit/app/jsUnitCore.js 54/223
testDom: ../src/selectorgadget/vendor/diff/diff_match_patch.js 1/1
diff_match_patch_test: ../src/selectorgadget/vendor/diff/diff_match_patch.js 1/1
testRunner: ../src/selectorgadget/vendor/jsunit/app/xbDebug.js 24/146
testRunner: ../src/selectorgadget/vendor/jsunit/app/jsUnitTestManager.js 90/376
testRunner: ../src/selectorgadget/vendor/jsunit/app/jsUnitCore.js 54/223
testRunner: ../src/selectorgadget/vendor/jsunit/app/jsUnitTracer.js 16/42
testRunner: ../src/selectorgadget/vendor/jsunit/app/jsUnitTestSuite.js 11/21
jsUnitAssertionTests: ../src/selectorgadget/vendor/jsunit/app/jsUnitCore.js 54/223
jsUnitDeclAssertionTests: ../src/selectorgadget/vendor/jsunit/app/jsUnitCore.js 54/223
jsUnitDeclFrameworkUtilityTests: ../src/selectorgadget/vendor/jsunit/app/jsUnitCore.js 54/223
jsUnitDeclOnLoadTests: ../src/selectorgadget/vendor/jsunit/app/jsUnitCore.js 54/223
jsUnitDeclSetUpTearDownTests: ../src/selectorgadget/vendor/jsunit/app/jsUnitCore.js 54/223
jsUnitDeclTestFailures: ../src/selectorgadget/vendor/jsunit/app/jsUnitCore.js 54/223
jsUnitDeclTestLoadData: ../src/selectorgadget/vendor/jsunit/app/jsUnitCore.js 54/223
jsUnitDeclTestSetUpPages: ../src/selectorgadget/vendor/jsunit/app/jsUnitCore.js 54/223
jsUnitDeclTestSetUpPagesSuite: ../src/selectorgadget/vendor/jsunit/app/jsUnitCore.js 54/223
jsUnitDeclTestSuite: ../src/selectorgadget/vendor/jsunit/app/jsUnitCore.js 54/223
jsUnitDeclUtilityTests: ../src/selectorgadget/vendor/jsunit/app/jsUnitCore.js 54/223
jsUnitDeclarationTests: ../src/selectorgadget/vendor/jsunit/app/jsUnitCore.js 54/223
jsUnitFrameworkUtilityTests: ../src/selectorgadget/vendor/jsunit/app/jsUnitCore.js 54/223
testCSSTokenizing: ../src/selectorgadget/lib/dom.js 22/234
testCSSTokenizing: http:/ajax.googleapis.com/ajax/libs/jquery/1.3.1/jquery.min.js 2/2
testCSSTokenizing: script in file:/home/rahul/research/clone-unit-coverage/src/selectorgadget/sites/test/testCSSTokenizing.html from (-1, -1) to (-1, -1) 1/1
testDom: ../src/selectorgadget/lib/dom.js?r=467f72d19 22/234
testDom: ../src/selectorgadget/vendor/jquery-1.2.6.js 130/1387
testDom: ../src/selectorgadget/vendor/jsunit/app/jsUnitCore.js 54/223
testDom: ../src/selectorgadget/vendor/diff/diff_match_patch.js 1/1
diff_match_patch_test: ../src/selectorgadget/vendor/diff/diff_match_patch.js 1/1
testRunner: ../src/selectorgadget/vendor/jsunit/app/xbDebug.js 24/146
testRunner: ../src/selectorgadget/vendor/jsunit/app/jsUnitTestManager.js 90/376
testRunner: ../src/selectorgadget/vendor/jsunit/app/jsUnitCore.js 54/223
testRunner: ../src/selectorgadget/vendor/jsunit/app/jsUnitTracer.js 16/42
testRunner: ../src/selectorgadget/vendor/jsunit/app/jsUnitTestSuite.js 11/21
jsUnitAssertionTests: ../src/selectorgadget/vendor/jsunit/app/jsUnitCore.js 54/223
jsUnitDeclAssertionTests: ../src/selectorgadget/vendor/jsunit/app/jsUnitCore.js 54/223
jsUnitDeclFrameworkUtilityTests: ../src/selectorgadget/vendor/jsunit/app/jsUnitCore.js 54/223
jsUnitDeclOnLoadTests: ../src/selectorgadget/vendor/jsunit/app/jsUnitCore.js 54/223
jsUnitDeclSetUpTearDownTests: ../src/selectorgadget/vendor/jsunit/app/jsUnitCore.js 54/223
jsUnitDeclTestFailures: ../src/selectorgadget/vendor/jsunit/app/jsUnitCore.js 54/223
jsUnitDeclTestLoadData: ../src/selectorgadget/vendor/jsunit/app/jsUnitCore.js 54/223
jsUnitDeclTestSetUpPages: ../src/selectorgadget/vendor/jsunit/app/jsUnitCore.js 54/223
jsUnitDeclTestSetUpPagesSuite: ../src/selectorgadget/vendor/jsunit/app/jsUnitCore.js 54/223
jsUnitDeclTestSuite: ../src/selectorgadget/vendor/jsunit/app/jsUnitCore.js 54/223
jsUnitDeclUtilityTests: ../src/selectorgadget/vendor/jsunit/app/jsUnitCore.js 54/223
jsUnitDeclarationTests: ../src/selectorgadget/vendor/jsunit/app/jsUnitCore.js 54/223
jsUnitFrameworkUtilityTests: ../src/selectorgadget/vendor/jsunit/app/jsUnitCore.js 54/223
jsUnitOnLoadTests: ../src/selectorgadget/vendor/jsunit/app/jsUnitCore.js 54/223
testCSSTokenizing: ../src/selectorgadget/lib/dom.js 22/234
testCSSTokenizing: http:/ajax.googleapis.com/ajax/libs/jquery/1.3.1/jquery.min.js 2/2
testCSSTokenizing: script in file:/home/rahul/research/clone-unit-coverage/src/selectorgadget/sites/test/testCSSTokenizing.html from (-1, -1) to (-1, -1) 1/1
testDom: ../src/selectorgadget/lib/dom.js?r=467f72d19 22/234
testDom: ../src/selectorgadget/vendor/jquery-1.2.6.js 130/1387
testDom: ../src/selectorgadget/vendor/jsunit/app/jsUnitCore.js 54/223
testDom: ../src/selectorgadget/vendor/diff/diff_match_patch.js 1/1
diff_match_patch_test: ../src/selectorgadget/vendor/diff/diff_match_patch.js 1/1
testRunner: ../src/selectorgadget/vendor/jsunit/app/xbDebug.js 24/146
testRunner: ../src/selectorgadget/vendor/jsunit/app/jsUnitTestManager.js 90/376
testRunner: ../src/selectorgadget/vendor/jsunit/app/jsUnitCore.js 54/223
testRunner: ../src/selectorgadget/vendor/jsunit/app/jsUnitTracer.js 16/42
testRunner: ../src/selectorgadget/vendor/jsunit/app/jsUnitTestSuite.js 11/21
jsUnitAssertionTests: ../src/selectorgadget/vendor/jsunit/app/jsUnitCore.js 54/223
jsUnitDeclAssertionTests: ../src/selectorgadget/vendor/jsunit/app/jsUnitCore.js 54/223
jsUnitDeclFrameworkUtilityTests: ../src/selectorgadget/vendor/jsunit/app/jsUnitCore.js 54/223
jsUnitDeclOnLoadTests: ../src/selectorgadget/vendor/jsunit/app/jsUnitCore.js 54/223
jsUnitDeclSetUpTearDownTests: ../src/selectorgadget/vendor/jsunit/app/jsUnitCore.js 54/223
jsUnitDeclTestFailures: ../src/selectorgadget/vendor/jsunit/app/jsUnitCore.js 54/223
jsUnitDeclTestLoadData: ../src/selectorgadget/vendor/jsunit/app/jsUnitCore.js 54/223
jsUnitDeclTestSetUpPages: ../src/selectorgadget/vendor/jsunit/app/jsUnitCore.js 54/223
jsUnitDeclTestSetUpPagesSuite: ../src/selectorgadget/vendor/jsunit/app/jsUnitCore.js 54/223
jsUnitDeclTestSuite: ../src/selectorgadget/vendor/jsunit/app/jsUnitCore.js 54/223
jsUnitDeclUtilityTests: ../src/selectorgadget/vendor/jsunit/app/jsUnitCore.js 54/223
jsUnitDeclarationTests: ../src/selectorgadget/vendor/jsunit/app/jsUnitCore.js 54/223
jsUnitFrameworkUtilityTests: ../src/selectorgadget/vendor/jsunit/app/jsUnitCore.js 54/223
jsUnitOnLoadTests: ../src/selectorgadget/vendor/jsunit/app/jsUnitCore.js 54/223
jsUnitSetUpTearDownTests: ../src/selectorgadget/vendor/jsunit/app/jsUnitCore.js 54/223
testCSSTokenizing: ../src/selectorgadget/lib/dom.js 22/234
testCSSTokenizing: http:/ajax.googleapis.com/ajax/libs/jquery/1.3.1/jquery.min.js 2/2
testCSSTokenizing: script in file:/home/rahul/research/clone-unit-coverage/src/selectorgadget/sites/test/testCSSTokenizing.html from (-1, -1) to (-1, -1) 1/1
testDom: ../src/selectorgadget/lib/dom.js?r=467f72d19 22/234
testDom: ../src/selectorgadget/vendor/jquery-1.2.6.js 130/1387
testDom: ../src/selectorgadget/vendor/jsunit/app/jsUnitCore.js 54/223
testDom: ../src/selectorgadget/vendor/diff/diff_match_patch.js 1/1
diff_match_patch_test: ../src/selectorgadget/vendor/diff/diff_match_patch.js 1/1
testRunner: ../src/selectorgadget/vendor/jsunit/app/xbDebug.js 24/146
testRunner: ../src/selectorgadget/vendor/jsunit/app/jsUnitTestManager.js 90/376
testRunner: ../src/selectorgadget/vendor/jsunit/app/jsUnitCore.js 54/223
testRunner: ../src/selectorgadget/vendor/jsunit/app/jsUnitTracer.js 16/42
testRunner: ../src/selectorgadget/vendor/jsunit/app/jsUnitTestSuite.js 11/21
jsUnitAssertionTests: ../src/selectorgadget/vendor/jsunit/app/jsUnitCore.js 54/223
jsUnitDeclAssertionTests: ../src/selectorgadget/vendor/jsunit/app/jsUnitCore.js 54/223
jsUnitDeclFrameworkUtilityTests: ../src/selectorgadget/vendor/jsunit/app/jsUnitCore.js 54/223
jsUnitDeclOnLoadTests: ../src/selectorgadget/vendor/jsunit/app/jsUnitCore.js 54/223
jsUnitDeclSetUpTearDownTests: ../src/selectorgadget/vendor/jsunit/app/jsUnitCore.js 54/223
jsUnitDeclTestFailures: ../src/selectorgadget/vendor/jsunit/app/jsUnitCore.js 54/223
jsUnitDeclTestLoadData: ../src/selectorgadget/vendor/jsunit/app/jsUnitCore.js 54/223
jsUnitDeclTestSetUpPages: ../src/selectorgadget/vendor/jsunit/app/jsUnitCore.js 54/223
jsUnitDeclTestSetUpPagesSuite: ../src/selectorgadget/vendor/jsunit/app/jsUnitCore.js 54/223
jsUnitDeclTestSuite: ../src/selectorgadget/vendor/jsunit/app/jsUnitCore.js 54/223
jsUnitDeclUtilityTests: ../src/selectorgadget/vendor/jsunit/app/jsUnitCore.js 54/223
jsUnitDeclarationTests: ../src/selectorgadget/vendor/jsunit/app/jsUnitCore.js 54/223
jsUnitFrameworkUtilityTests: ../src/selectorgadget/vendor/jsunit/app/jsUnitCore.js 54/223
jsUnitOnLoadTests: ../src/selectorgadget/vendor/jsunit/app/jsUnitCore.js 54/223
jsUnitSetUpTearDownTests: ../src/selectorgadget/vendor/jsunit/app/jsUnitCore.js 54/223
jsUnitTestFailures: ../src/selectorgadget/vendor/jsunit/app/jsUnitCore.js 54/223
testCSSTokenizing: ../src/selectorgadget/lib/dom.js 22/234
testCSSTokenizing: http:/ajax.googleapis.com/ajax/libs/jquery/1.3.1/jquery.min.js 2/2
testCSSTokenizing: script in file:/home/rahul/research/clone-unit-coverage/src/selectorgadget/sites/test/testCSSTokenizing.html from (-1, -1) to (-1, -1) 1/1
testDom: ../src/selectorgadget/lib/dom.js?r=467f72d19 22/234
testDom: ../src/selectorgadget/vendor/jquery-1.2.6.js 130/1387
testDom: ../src/selectorgadget/vendor/jsunit/app/jsUnitCore.js 54/223
testDom: ../src/selectorgadget/vendor/diff/diff_match_patch.js 1/1
diff_match_patch_test: ../src/selectorgadget/vendor/diff/diff_match_patch.js 1/1
testRunner: ../src/selectorgadget/vendor/jsunit/app/xbDebug.js 24/146
testRunner: ../src/selectorgadget/vendor/jsunit/app/jsUnitTestManager.js 90/376
testRunner: ../src/selectorgadget/vendor/jsunit/app/jsUnitCore.js 54/223
testRunner: ../src/selectorgadget/vendor/jsunit/app/jsUnitTracer.js 16/42
testRunner: ../src/selectorgadget/vendor/jsunit/app/jsUnitTestSuite.js 11/21
jsUnitAssertionTests: ../src/selectorgadget/vendor/jsunit/app/jsUnitCore.js 54/223
jsUnitDeclAssertionTests: ../src/selectorgadget/vendor/jsunit/app/jsUnitCore.js 54/223
jsUnitDeclFrameworkUtilityTests: ../src/selectorgadget/vendor/jsunit/app/jsUnitCore.js 54/223
jsUnitDeclOnLoadTests: ../src/selectorgadget/vendor/jsunit/app/jsUnitCore.js 54/223
jsUnitDeclSetUpTearDownTests: ../src/selectorgadget/vendor/jsunit/app/jsUnitCore.js 54/223
jsUnitDeclTestFailures: ../src/selectorgadget/vendor/jsunit/app/jsUnitCore.js 54/223
jsUnitDeclTestLoadData: ../src/selectorgadget/vendor/jsunit/app/jsUnitCore.js 54/223
jsUnitDeclTestSetUpPages: ../src/selectorgadget/vendor/jsunit/app/jsUnitCore.js 54/223
jsUnitDeclTestSetUpPagesSuite: ../src/selectorgadget/vendor/jsunit/app/jsUnitCore.js 54/223
jsUnitDeclTestSuite: ../src/selectorgadget/vendor/jsunit/app/jsUnitCore.js 54/223
jsUnitDeclUtilityTests: ../src/selectorgadget/vendor/jsunit/app/jsUnitCore.js 54/223
jsUnitDeclarationTests: ../src/selectorgadget/vendor/jsunit/app/jsUnitCore.js 54/223
jsUnitFrameworkUtilityTests: ../src/selectorgadget/vendor/jsunit/app/jsUnitCore.js 54/223
jsUnitOnLoadTests: ../src/selectorgadget/vendor/jsunit/app/jsUnitCore.js 54/223
jsUnitSetUpTearDownTests: ../src/selectorgadget/vendor/jsunit/app/jsUnitCore.js 54/223
jsUnitTestFailures: ../src/selectorgadget/vendor/jsunit/app/jsUnitCore.js 54/223
jsUnitTestLoadData: ../src/selectorgadget/vendor/jsunit/app/jsUnitCore.js 54/223
testCSSTokenizing: ../src/selectorgadget/lib/dom.js 22/234
testCSSTokenizing: http:/ajax.googleapis.com/ajax/libs/jquery/1.3.1/jquery.min.js 2/2
testCSSTokenizing: script in file:/home/rahul/research/clone-unit-coverage/src/selectorgadget/sites/test/testCSSTokenizing.html from (-1, -1) to (-1, -1) 1/1
testDom: ../src/selectorgadget/lib/dom.js?r=467f72d19 22/234
testDom: ../src/selectorgadget/vendor/jquery-1.2.6.js 130/1387
testDom: ../src/selectorgadget/vendor/jsunit/app/jsUnitCore.js 54/223
testDom: ../src/selectorgadget/vendor/diff/diff_match_patch.js 1/1
diff_match_patch_test: ../src/selectorgadget/vendor/diff/diff_match_patch.js 1/1
testRunner: ../src/selectorgadget/vendor/jsunit/app/xbDebug.js 24/146
testRunner: ../src/selectorgadget/vendor/jsunit/app/jsUnitTestManager.js 90/376
testRunner: ../src/selectorgadget/vendor/jsunit/app/jsUnitCore.js 54/223
testRunner: ../src/selectorgadget/vendor/jsunit/app/jsUnitTracer.js 16/42
testRunner: ../src/selectorgadget/vendor/jsunit/app/jsUnitTestSuite.js 11/21
jsUnitAssertionTests: ../src/selectorgadget/vendor/jsunit/app/jsUnitCore.js 54/223
jsUnitDeclAssertionTests: ../src/selectorgadget/vendor/jsunit/app/jsUnitCore.js 54/223
jsUnitDeclFrameworkUtilityTests: ../src/selectorgadget/vendor/jsunit/app/jsUnitCore.js 54/223
jsUnitDeclOnLoadTests: ../src/selectorgadget/vendor/jsunit/app/jsUnitCore.js 54/223
jsUnitDeclSetUpTearDownTests: ../src/selectorgadget/vendor/jsunit/app/jsUnitCore.js 54/223
jsUnitDeclTestFailures: ../src/selectorgadget/vendor/jsunit/app/jsUnitCore.js 54/223
jsUnitDeclTestLoadData: ../src/selectorgadget/vendor/jsunit/app/jsUnitCore.js 54/223
jsUnitDeclTestSetUpPages: ../src/selectorgadget/vendor/jsunit/app/jsUnitCore.js 54/223
jsUnitDeclTestSetUpPagesSuite: ../src/selectorgadget/vendor/jsunit/app/jsUnitCore.js 54/223
jsUnitDeclTestSuite: ../src/selectorgadget/vendor/jsunit/app/jsUnitCore.js 54/223
jsUnitDeclUtilityTests: ../src/selectorgadget/vendor/jsunit/app/jsUnitCore.js 54/223
jsUnitDeclarationTests: ../src/selectorgadget/vendor/jsunit/app/jsUnitCore.js 54/223
jsUnitFrameworkUtilityTests: ../src/selectorgadget/vendor/jsunit/app/jsUnitCore.js 54/223
jsUnitOnLoadTests: ../src/selectorgadget/vendor/jsunit/app/jsUnitCore.js 54/223
jsUnitSetUpTearDownTests: ../src/selectorgadget/vendor/jsunit/app/jsUnitCore.js 54/223
jsUnitTestFailures: ../src/selectorgadget/vendor/jsunit/app/jsUnitCore.js 54/223
jsUnitTestLoadData: ../src/selectorgadget/vendor/jsunit/app/jsUnitCore.js 54/223
jsUnitTestLoadStaff: ../src/selectorgadget/vendor/jsunit/app/jsUnitCore.js 54/223
testCSSTokenizing: ../src/selectorgadget/lib/dom.js 22/234
testCSSTokenizing: http:/ajax.googleapis.com/ajax/libs/jquery/1.3.1/jquery.min.js 2/2
testCSSTokenizing: script in file:/home/rahul/research/clone-unit-coverage/src/selectorgadget/sites/test/testCSSTokenizing.html from (-1, -1) to (-1, -1) 1/1
testDom: ../src/selectorgadget/lib/dom.js?r=467f72d19 22/234
testDom: ../src/selectorgadget/vendor/jquery-1.2.6.js 130/1387
testDom: ../src/selectorgadget/vendor/jsunit/app/jsUnitCore.js 54/223
testDom: ../src/selectorgadget/vendor/diff/diff_match_patch.js 1/1
diff_match_patch_test: ../src/selectorgadget/vendor/diff/diff_match_patch.js 1/1
testRunner: ../src/selectorgadget/vendor/jsunit/app/xbDebug.js 24/146
testRunner: ../src/selectorgadget/vendor/jsunit/app/jsUnitTestManager.js 90/376
testRunner: ../src/selectorgadget/vendor/jsunit/app/jsUnitCore.js 54/223
testRunner: ../src/selectorgadget/vendor/jsunit/app/jsUnitTracer.js 16/42
testRunner: ../src/selectorgadget/vendor/jsunit/app/jsUnitTestSuite.js 11/21
jsUnitAssertionTests: ../src/selectorgadget/vendor/jsunit/app/jsUnitCore.js 54/223
jsUnitDeclAssertionTests: ../src/selectorgadget/vendor/jsunit/app/jsUnitCore.js 54/223
jsUnitDeclFrameworkUtilityTests: ../src/selectorgadget/vendor/jsunit/app/jsUnitCore.js 54/223
jsUnitDeclOnLoadTests: ../src/selectorgadget/vendor/jsunit/app/jsUnitCore.js 54/223
jsUnitDeclSetUpTearDownTests: ../src/selectorgadget/vendor/jsunit/app/jsUnitCore.js 54/223
jsUnitDeclTestFailures: ../src/selectorgadget/vendor/jsunit/app/jsUnitCore.js 54/223
jsUnitDeclTestLoadData: ../src/selectorgadget/vendor/jsunit/app/jsUnitCore.js 54/223
jsUnitDeclTestSetUpPages: ../src/selectorgadget/vendor/jsunit/app/jsUnitCore.js 54/223
jsUnitDeclTestSetUpPagesSuite: ../src/selectorgadget/vendor/jsunit/app/jsUnitCore.js 54/223
jsUnitDeclTestSuite: ../src/selectorgadget/vendor/jsunit/app/jsUnitCore.js 54/223
jsUnitDeclUtilityTests: ../src/selectorgadget/vendor/jsunit/app/jsUnitCore.js 54/223
jsUnitDeclarationTests: ../src/selectorgadget/vendor/jsunit/app/jsUnitCore.js 54/223
jsUnitFrameworkUtilityTests: ../src/selectorgadget/vendor/jsunit/app/jsUnitCore.js 54/223
jsUnitOnLoadTests: ../src/selectorgadget/vendor/jsunit/app/jsUnitCore.js 54/223
jsUnitSetUpTearDownTests: ../src/selectorgadget/vendor/jsunit/app/jsUnitCore.js 54/223
jsUnitTestFailures: ../src/selectorgadget/vendor/jsunit/app/jsUnitCore.js 54/223
jsUnitTestLoadData: ../src/selectorgadget/vendor/jsunit/app/jsUnitCore.js 54/223
jsUnitTestLoadStaff: ../src/selectorgadget/vendor/jsunit/app/jsUnitCore.js 54/223
jsUnitTestSetUpPages: ../src/selectorgadget/vendor/jsunit/app/jsUnitCore.js 54/223
testCSSTokenizing: ../src/selectorgadget/lib/dom.js 22/234
testCSSTokenizing: http:/ajax.googleapis.com/ajax/libs/jquery/1.3.1/jquery.min.js 2/2
testCSSTokenizing: script in file:/home/rahul/research/clone-unit-coverage/src/selectorgadget/sites/test/testCSSTokenizing.html from (-1, -1) to (-1, -1) 1/1
testDom: ../src/selectorgadget/lib/dom.js?r=467f72d19 22/234
testDom: ../src/selectorgadget/vendor/jquery-1.2.6.js 130/1387
testDom: ../src/selectorgadget/vendor/jsunit/app/jsUnitCore.js 54/223
testDom: ../src/selectorgadget/vendor/diff/diff_match_patch.js 1/1
diff_match_patch_test: ../src/selectorgadget/vendor/diff/diff_match_patch.js 1/1
testRunner: ../src/selectorgadget/vendor/jsunit/app/xbDebug.js 24/146
testRunner: ../src/selectorgadget/vendor/jsunit/app/jsUnitTestManager.js 90/376
testRunner: ../src/selectorgadget/vendor/jsunit/app/jsUnitCore.js 54/223
testRunner: ../src/selectorgadget/vendor/jsunit/app/jsUnitTracer.js 16/42
testRunner: ../src/selectorgadget/vendor/jsunit/app/jsUnitTestSuite.js 11/21
jsUnitAssertionTests: ../src/selectorgadget/vendor/jsunit/app/jsUnitCore.js 54/223
jsUnitDeclAssertionTests: ../src/selectorgadget/vendor/jsunit/app/jsUnitCore.js 54/223
jsUnitDeclFrameworkUtilityTests: ../src/selectorgadget/vendor/jsunit/app/jsUnitCore.js 54/223
jsUnitDeclOnLoadTests: ../src/selectorgadget/vendor/jsunit/app/jsUnitCore.js 54/223
jsUnitDeclSetUpTearDownTests: ../src/selectorgadget/vendor/jsunit/app/jsUnitCore.js 54/223
jsUnitDeclTestFailures: ../src/selectorgadget/vendor/jsunit/app/jsUnitCore.js 54/223
jsUnitDeclTestLoadData: ../src/selectorgadget/vendor/jsunit/app/jsUnitCore.js 54/223
jsUnitDeclTestSetUpPages: ../src/selectorgadget/vendor/jsunit/app/jsUnitCore.js 54/223
jsUnitDeclTestSetUpPagesSuite: ../src/selectorgadget/vendor/jsunit/app/jsUnitCore.js 54/223
jsUnitDeclTestSuite: ../src/selectorgadget/vendor/jsunit/app/jsUnitCore.js 54/223
jsUnitDeclUtilityTests: ../src/selectorgadget/vendor/jsunit/app/jsUnitCore.js 54/223
jsUnitDeclarationTests: ../src/selectorgadget/vendor/jsunit/app/jsUnitCore.js 54/223
jsUnitFrameworkUtilityTests: ../src/selectorgadget/vendor/jsunit/app/jsUnitCore.js 54/223
jsUnitOnLoadTests: ../src/selectorgadget/vendor/jsunit/app/jsUnitCore.js 54/223
jsUnitSetUpTearDownTests: ../src/selectorgadget/vendor/jsunit/app/jsUnitCore.js 54/223
jsUnitTestFailures: ../src/selectorgadget/vendor/jsunit/app/jsUnitCore.js 54/223
jsUnitTestLoadData: ../src/selectorgadget/vendor/jsunit/app/jsUnitCore.js 54/223
jsUnitTestLoadStaff: ../src/selectorgadget/vendor/jsunit/app/jsUnitCore.js 54/223
jsUnitTestSetUpPages: ../src/selectorgadget/vendor/jsunit/app/jsUnitCore.js 54/223
jsUnitTestSetUpPagesSuite: ../src/selectorgadget/vendor/jsunit/app/jsUnitCore.js 54/223
testCSSTokenizing: ../src/selectorgadget/lib/dom.js 22/234
testCSSTokenizing: http:/ajax.googleapis.com/ajax/libs/jquery/1.3.1/jquery.min.js 2/2
testCSSTokenizing: script in file:/home/rahul/research/clone-unit-coverage/src/selectorgadget/sites/test/testCSSTokenizing.html from (-1, -1) to (-1, -1) 1/1
testDom: ../src/selectorgadget/lib/dom.js?r=467f72d19 22/234
testDom: ../src/selectorgadget/vendor/jquery-1.2.6.js 130/1387
testDom: ../src/selectorgadget/vendor/jsunit/app/jsUnitCore.js 54/223
testDom: ../src/selectorgadget/vendor/diff/diff_match_patch.js 1/1
diff_match_patch_test: ../src/selectorgadget/vendor/diff/diff_match_patch.js 1/1
testRunner: ../src/selectorgadget/vendor/jsunit/app/xbDebug.js 24/146
testRunner: ../src/selectorgadget/vendor/jsunit/app/jsUnitTestManager.js 90/376
testRunner: ../src/selectorgadget/vendor/jsunit/app/jsUnitCore.js 54/223
testRunner: ../src/selectorgadget/vendor/jsunit/app/jsUnitTracer.js 16/42
testRunner: ../src/selectorgadget/vendor/jsunit/app/jsUnitTestSuite.js 11/21
jsUnitAssertionTests: ../src/selectorgadget/vendor/jsunit/app/jsUnitCore.js 54/223
jsUnitDeclAssertionTests: ../src/selectorgadget/vendor/jsunit/app/jsUnitCore.js 54/223
jsUnitDeclFrameworkUtilityTests: ../src/selectorgadget/vendor/jsunit/app/jsUnitCore.js 54/223
jsUnitDeclOnLoadTests: ../src/selectorgadget/vendor/jsunit/app/jsUnitCore.js 54/223
jsUnitDeclSetUpTearDownTests: ../src/selectorgadget/vendor/jsunit/app/jsUnitCore.js 54/223
jsUnitDeclTestFailures: ../src/selectorgadget/vendor/jsunit/app/jsUnitCore.js 54/223
jsUnitDeclTestLoadData: ../src/selectorgadget/vendor/jsunit/app/jsUnitCore.js 54/223
jsUnitDeclTestSetUpPages: ../src/selectorgadget/vendor/jsunit/app/jsUnitCore.js 54/223
jsUnitDeclTestSetUpPagesSuite: ../src/selectorgadget/vendor/jsunit/app/jsUnitCore.js 54/223
jsUnitDeclTestSuite: ../src/selectorgadget/vendor/jsunit/app/jsUnitCore.js 54/223
jsUnitDeclUtilityTests: ../src/selectorgadget/vendor/jsunit/app/jsUnitCore.js 54/223
jsUnitDeclarationTests: ../src/selectorgadget/vendor/jsunit/app/jsUnitCore.js 54/223
jsUnitFrameworkUtilityTests: ../src/selectorgadget/vendor/jsunit/app/jsUnitCore.js 54/223
jsUnitOnLoadTests: ../src/selectorgadget/vendor/jsunit/app/jsUnitCore.js 54/223
jsUnitSetUpTearDownTests: ../src/selectorgadget/vendor/jsunit/app/jsUnitCore.js 54/223
jsUnitTestFailures: ../src/selectorgadget/vendor/jsunit/app/jsUnitCore.js 54/223
jsUnitTestLoadData: ../src/selectorgadget/vendor/jsunit/app/jsUnitCore.js 54/223
jsUnitTestLoadStaff: ../src/selectorgadget/vendor/jsunit/app/jsUnitCore.js 54/223
jsUnitTestSetUpPages: ../src/selectorgadget/vendor/jsunit/app/jsUnitCore.js 54/223
jsUnitTestSetUpPagesSuite: ../src/selectorgadget/vendor/jsunit/app/jsUnitCore.js 54/223
jsUnitTestSuite: ../src/selectorgadget/vendor/jsunit/app/jsUnitCore.js 54/223
testCSSTokenizing: ../src/selectorgadget/lib/dom.js 22/234
testCSSTokenizing: http:/ajax.googleapis.com/ajax/libs/jquery/1.3.1/jquery.min.js 2/2
testCSSTokenizing: script in file:/home/rahul/research/clone-unit-coverage/src/selectorgadget/sites/test/testCSSTokenizing.html from (-1, -1) to (-1, -1) 1/1
testDom: ../src/selectorgadget/lib/dom.js?r=467f72d19 22/234
testDom: ../src/selectorgadget/vendor/jquery-1.2.6.js 130/1387
testDom: ../src/selectorgadget/vendor/jsunit/app/jsUnitCore.js 54/223
testDom: ../src/selectorgadget/vendor/diff/diff_match_patch.js 1/1
diff_match_patch_test: ../src/selectorgadget/vendor/diff/diff_match_patch.js 1/1
testRunner: ../src/selectorgadget/vendor/jsunit/app/xbDebug.js 24/146
testRunner: ../src/selectorgadget/vendor/jsunit/app/jsUnitTestManager.js 90/376
testRunner: ../src/selectorgadget/vendor/jsunit/app/jsUnitCore.js 54/223
testRunner: ../src/selectorgadget/vendor/jsunit/app/jsUnitTracer.js 16/42
testRunner: ../src/selectorgadget/vendor/jsunit/app/jsUnitTestSuite.js 11/21
jsUnitAssertionTests: ../src/selectorgadget/vendor/jsunit/app/jsUnitCore.js 54/223
jsUnitDeclAssertionTests: ../src/selectorgadget/vendor/jsunit/app/jsUnitCore.js 54/223
jsUnitDeclFrameworkUtilityTests: ../src/selectorgadget/vendor/jsunit/app/jsUnitCore.js 54/223
jsUnitDeclOnLoadTests: ../src/selectorgadget/vendor/jsunit/app/jsUnitCore.js 54/223
jsUnitDeclSetUpTearDownTests: ../src/selectorgadget/vendor/jsunit/app/jsUnitCore.js 54/223
jsUnitDeclTestFailures: ../src/selectorgadget/vendor/jsunit/app/jsUnitCore.js 54/223
jsUnitDeclTestLoadData: ../src/selectorgadget/vendor/jsunit/app/jsUnitCore.js 54/223
jsUnitDeclTestSetUpPages: ../src/selectorgadget/vendor/jsunit/app/jsUnitCore.js 54/223
jsUnitDeclTestSetUpPagesSuite: ../src/selectorgadget/vendor/jsunit/app/jsUnitCore.js 54/223
jsUnitDeclTestSuite: ../src/selectorgadget/vendor/jsunit/app/jsUnitCore.js 54/223
jsUnitDeclUtilityTests: ../src/selectorgadget/vendor/jsunit/app/jsUnitCore.js 54/223
jsUnitDeclarationTests: ../src/selectorgadget/vendor/jsunit/app/jsUnitCore.js 54/223
jsUnitFrameworkUtilityTests: ../src/selectorgadget/vendor/jsunit/app/jsUnitCore.js 54/223
jsUnitOnLoadTests: ../src/selectorgadget/vendor/jsunit/app/jsUnitCore.js 54/223
jsUnitSetUpTearDownTests: ../src/selectorgadget/vendor/jsunit/app/jsUnitCore.js 54/223
jsUnitTestFailures: ../src/selectorgadget/vendor/jsunit/app/jsUnitCore.js 54/223
jsUnitTestLoadData: ../src/selectorgadget/vendor/jsunit/app/jsUnitCore.js 54/223
jsUnitTestLoadStaff: ../src/selectorgadget/vendor/jsunit/app/jsUnitCore.js 54/223
jsUnitTestSetUpPages: ../src/selectorgadget/vendor/jsunit/app/jsUnitCore.js 54/223
jsUnitTestSetUpPagesSuite: ../src/selectorgadget/vendor/jsunit/app/jsUnitCore.js 54/223
jsUnitTestSuite: ../src/selectorgadget/vendor/jsunit/app/jsUnitCore.js 54/223
jsUnitUtilityTests: ../src/selectorgadget/vendor/jsunit/app/jsUnitCore.js 54/223
