ajax: ../src/spine/lib/spine.js 323/580
ajax: ../src/spine/lib/ajax.js 138/153
ajax: ../src/spine/lib/spine.js 323/580
ajax: ../src/spine/lib/ajax.js 138/153
index: ../src/spine/lib/relation.js 113/138
index: ../src/spine/lib/spine.js 497/580
index: ../src/spine/lib/local.js 13/14
ajax: ../src/spine/lib/spine.js 323/580
ajax: ../src/spine/lib/ajax.js 138/153
index: ../src/spine/lib/relation.js 113/138
index: ../src/spine/lib/spine.js 497/580
index: ../src/spine/lib/local.js 13/14
manager: ../src/spine/lib/spine.js 181/580
manager: ../src/spine/lib/manager.js 65/92
ajax: ../src/spine/lib/spine.js 323/580
ajax: ../src/spine/lib/ajax.js 138/153
index: ../src/spine/lib/relation.js 113/138
index: ../src/spine/lib/spine.js 497/580
index: ../src/spine/lib/local.js 13/14
manager: ../src/spine/lib/spine.js 181/580
manager: ../src/spine/lib/manager.js 65/92
route: ../src/spine/lib/spine.js 151/580
route: ../src/spine/lib/route.js 114/132
