map_reader: ../src/sprite.js/lib/path.js 4/37
map_reader: ../src/sprite.js/sprite.js 118/1070
map_reader: ../src/sprite.js/lib/scrolling.js 15/117
map_reader: ../src/sprite.js/lib/collision.js 21/154
map_reader: ../src/sprite.js/vendors/SoundJS.js 94/346
map_reader: ../src/sprite.js/vendors/touch.js 13/34
map_reader: ../src/sprite.js/lib/path.js 4/37
map_reader: ../src/sprite.js/sprite.js 118/1070
map_reader: ../src/sprite.js/lib/scrolling.js 15/117
map_reader: ../src/sprite.js/lib/collision.js 21/154
map_reader: ../src/sprite.js/vendors/SoundJS.js 94/346
map_reader: ../src/sprite.js/vendors/touch.js 13/34
map_reader_ipad: ../src/sprite.js/lib/path.js 4/37
map_reader_ipad: ../src/sprite.js/lib/scrolling.js 15/117
map_reader_ipad: ../src/sprite.js/lib/collision.js 21/154
map_reader_ipad: ../src/sprite.js/vendors/SoundJS.js 54/346
map_reader_ipad: ../src/sprite.js/sprite.js 249/1070
map_reader_ipad: ../src/sprite.js/vendors/touch.js 13/34
map_reader: ../src/sprite.js/lib/path.js 4/37
map_reader: ../src/sprite.js/sprite.js 118/1070
map_reader: ../src/sprite.js/lib/scrolling.js 15/117
map_reader: ../src/sprite.js/lib/collision.js 21/154
map_reader: ../src/sprite.js/vendors/SoundJS.js 94/346
map_reader: ../src/sprite.js/vendors/touch.js 13/34
map_reader_ipad: ../src/sprite.js/lib/path.js 4/37
map_reader_ipad: ../src/sprite.js/lib/scrolling.js 15/117
map_reader_ipad: ../src/sprite.js/lib/collision.js 21/154
map_reader_ipad: ../src/sprite.js/vendors/SoundJS.js 54/346
map_reader_ipad: ../src/sprite.js/sprite.js 249/1070
map_reader_ipad: ../src/sprite.js/vendors/touch.js 13/34
path_finding: ../src/sprite.js/lib/path.js 4/37
path_finding: ../src/sprite.js/sprite.js 307/1070
map_reader: ../src/sprite.js/lib/path.js 4/37
map_reader: ../src/sprite.js/sprite.js 118/1070
map_reader: ../src/sprite.js/lib/scrolling.js 15/117
map_reader: ../src/sprite.js/lib/collision.js 21/154
map_reader: ../src/sprite.js/vendors/SoundJS.js 94/346
map_reader: ../src/sprite.js/vendors/touch.js 13/34
map_reader_ipad: ../src/sprite.js/lib/path.js 4/37
map_reader_ipad: ../src/sprite.js/lib/scrolling.js 15/117
map_reader_ipad: ../src/sprite.js/lib/collision.js 21/154
map_reader_ipad: ../src/sprite.js/vendors/SoundJS.js 54/346
map_reader_ipad: ../src/sprite.js/sprite.js 249/1070
map_reader_ipad: ../src/sprite.js/vendors/touch.js 13/34
path_finding: ../src/sprite.js/lib/path.js 4/37
path_finding: ../src/sprite.js/sprite.js 307/1070
simple_rts: ../src/sprite.js/lib/collision.js 44/154
simple_rts: ../src/sprite.js/sprite.js 481/1070
map_reader: ../src/sprite.js/lib/path.js 4/37
map_reader: ../src/sprite.js/sprite.js 118/1070
map_reader: ../src/sprite.js/lib/scrolling.js 15/117
map_reader: ../src/sprite.js/lib/collision.js 21/154
map_reader: ../src/sprite.js/vendors/SoundJS.js 94/346
map_reader: ../src/sprite.js/vendors/touch.js 13/34
map_reader_ipad: ../src/sprite.js/lib/path.js 4/37
map_reader_ipad: ../src/sprite.js/lib/scrolling.js 15/117
map_reader_ipad: ../src/sprite.js/lib/collision.js 21/154
map_reader_ipad: ../src/sprite.js/vendors/SoundJS.js 54/346
map_reader_ipad: ../src/sprite.js/sprite.js 249/1070
map_reader_ipad: ../src/sprite.js/vendors/touch.js 13/34
path_finding: ../src/sprite.js/lib/path.js 4/37
path_finding: ../src/sprite.js/sprite.js 307/1070
simple_rts: ../src/sprite.js/lib/collision.js 44/154
simple_rts: ../src/sprite.js/sprite.js 481/1070
test_2_scenes: ../src/sprite.js/lib/collision.js 44/154
test_2_scenes: ../src/sprite.js/sprite.js 416/1070
map_reader: ../src/sprite.js/lib/path.js 4/37
map_reader: ../src/sprite.js/sprite.js 118/1070
map_reader: ../src/sprite.js/lib/scrolling.js 15/117
map_reader: ../src/sprite.js/lib/collision.js 21/154
map_reader: ../src/sprite.js/vendors/SoundJS.js 94/346
map_reader: ../src/sprite.js/vendors/touch.js 13/34
map_reader_ipad: ../src/sprite.js/lib/path.js 4/37
map_reader_ipad: ../src/sprite.js/lib/scrolling.js 15/117
map_reader_ipad: ../src/sprite.js/lib/collision.js 21/154
map_reader_ipad: ../src/sprite.js/vendors/SoundJS.js 54/346
map_reader_ipad: ../src/sprite.js/sprite.js 249/1070
map_reader_ipad: ../src/sprite.js/vendors/touch.js 13/34
path_finding: ../src/sprite.js/lib/path.js 4/37
path_finding: ../src/sprite.js/sprite.js 307/1070
simple_rts: ../src/sprite.js/lib/collision.js 44/154
simple_rts: ../src/sprite.js/sprite.js 481/1070
test_2_scenes: ../src/sprite.js/lib/collision.js 44/154
test_2_scenes: ../src/sprite.js/sprite.js 416/1070
test_angle_collision: ../src/sprite.js/lib/collision.js 39/154
test_angle_collision: ../src/sprite.js/sprite.js 470/1070
map_reader: ../src/sprite.js/lib/path.js 4/37
map_reader: ../src/sprite.js/sprite.js 118/1070
map_reader: ../src/sprite.js/lib/scrolling.js 15/117
map_reader: ../src/sprite.js/lib/collision.js 21/154
map_reader: ../src/sprite.js/vendors/SoundJS.js 94/346
map_reader: ../src/sprite.js/vendors/touch.js 13/34
map_reader_ipad: ../src/sprite.js/lib/path.js 4/37
map_reader_ipad: ../src/sprite.js/lib/scrolling.js 15/117
map_reader_ipad: ../src/sprite.js/lib/collision.js 21/154
map_reader_ipad: ../src/sprite.js/vendors/SoundJS.js 54/346
map_reader_ipad: ../src/sprite.js/sprite.js 249/1070
map_reader_ipad: ../src/sprite.js/vendors/touch.js 13/34
path_finding: ../src/sprite.js/lib/path.js 4/37
path_finding: ../src/sprite.js/sprite.js 307/1070
simple_rts: ../src/sprite.js/lib/collision.js 44/154
simple_rts: ../src/sprite.js/sprite.js 481/1070
test_2_scenes: ../src/sprite.js/lib/collision.js 44/154
test_2_scenes: ../src/sprite.js/sprite.js 416/1070
test_angle_collision: ../src/sprite.js/lib/collision.js 39/154
test_angle_collision: ../src/sprite.js/sprite.js 470/1070
test_bounding_box: ../src/sprite.js/lib/collision.js 38/154
test_bounding_box: ../src/sprite.js/sprite.js 452/1070
map_reader: ../src/sprite.js/lib/path.js 4/37
map_reader: ../src/sprite.js/sprite.js 118/1070
map_reader: ../src/sprite.js/lib/scrolling.js 15/117
map_reader: ../src/sprite.js/lib/collision.js 21/154
map_reader: ../src/sprite.js/vendors/SoundJS.js 94/346
map_reader: ../src/sprite.js/vendors/touch.js 13/34
map_reader_ipad: ../src/sprite.js/lib/path.js 4/37
map_reader_ipad: ../src/sprite.js/lib/scrolling.js 15/117
map_reader_ipad: ../src/sprite.js/lib/collision.js 21/154
map_reader_ipad: ../src/sprite.js/vendors/SoundJS.js 54/346
map_reader_ipad: ../src/sprite.js/sprite.js 249/1070
map_reader_ipad: ../src/sprite.js/vendors/touch.js 13/34
path_finding: ../src/sprite.js/lib/path.js 4/37
path_finding: ../src/sprite.js/sprite.js 307/1070
simple_rts: ../src/sprite.js/lib/collision.js 44/154
simple_rts: ../src/sprite.js/sprite.js 481/1070
test_2_scenes: ../src/sprite.js/lib/collision.js 44/154
test_2_scenes: ../src/sprite.js/sprite.js 416/1070
test_angle_collision: ../src/sprite.js/lib/collision.js 39/154
test_angle_collision: ../src/sprite.js/sprite.js 470/1070
test_bounding_box: ../src/sprite.js/lib/collision.js 38/154
test_bounding_box: ../src/sprite.js/sprite.js 452/1070
test_event_listener: ../src/sprite.js/lib/collision.js 21/154
test_event_listener: ../src/sprite.js/sprite.js 248/1070
map_reader: ../src/sprite.js/lib/path.js 4/37
map_reader: ../src/sprite.js/sprite.js 118/1070
map_reader: ../src/sprite.js/lib/scrolling.js 15/117
map_reader: ../src/sprite.js/lib/collision.js 21/154
map_reader: ../src/sprite.js/vendors/SoundJS.js 94/346
map_reader: ../src/sprite.js/vendors/touch.js 13/34
map_reader_ipad: ../src/sprite.js/lib/path.js 4/37
map_reader_ipad: ../src/sprite.js/lib/scrolling.js 15/117
map_reader_ipad: ../src/sprite.js/lib/collision.js 21/154
map_reader_ipad: ../src/sprite.js/vendors/SoundJS.js 54/346
map_reader_ipad: ../src/sprite.js/sprite.js 249/1070
map_reader_ipad: ../src/sprite.js/vendors/touch.js 13/34
path_finding: ../src/sprite.js/lib/path.js 4/37
path_finding: ../src/sprite.js/sprite.js 307/1070
simple_rts: ../src/sprite.js/lib/collision.js 44/154
simple_rts: ../src/sprite.js/sprite.js 481/1070
test_2_scenes: ../src/sprite.js/lib/collision.js 44/154
test_2_scenes: ../src/sprite.js/sprite.js 416/1070
test_angle_collision: ../src/sprite.js/lib/collision.js 39/154
test_angle_collision: ../src/sprite.js/sprite.js 470/1070
test_bounding_box: ../src/sprite.js/lib/collision.js 38/154
test_bounding_box: ../src/sprite.js/sprite.js 452/1070
test_event_listener: ../src/sprite.js/lib/collision.js 21/154
test_event_listener: ../src/sprite.js/sprite.js 248/1070
test_explode: ../src/sprite.js/sprite.js 458/1070
map_reader: ../src/sprite.js/lib/path.js 4/37
map_reader: ../src/sprite.js/sprite.js 118/1070
map_reader: ../src/sprite.js/lib/scrolling.js 15/117
map_reader: ../src/sprite.js/lib/collision.js 21/154
map_reader: ../src/sprite.js/vendors/SoundJS.js 94/346
map_reader: ../src/sprite.js/vendors/touch.js 13/34
map_reader_ipad: ../src/sprite.js/lib/path.js 4/37
map_reader_ipad: ../src/sprite.js/lib/scrolling.js 15/117
map_reader_ipad: ../src/sprite.js/lib/collision.js 21/154
map_reader_ipad: ../src/sprite.js/vendors/SoundJS.js 54/346
map_reader_ipad: ../src/sprite.js/sprite.js 249/1070
map_reader_ipad: ../src/sprite.js/vendors/touch.js 13/34
path_finding: ../src/sprite.js/lib/path.js 4/37
path_finding: ../src/sprite.js/sprite.js 307/1070
simple_rts: ../src/sprite.js/lib/collision.js 44/154
simple_rts: ../src/sprite.js/sprite.js 481/1070
test_2_scenes: ../src/sprite.js/lib/collision.js 44/154
test_2_scenes: ../src/sprite.js/sprite.js 416/1070
test_angle_collision: ../src/sprite.js/lib/collision.js 39/154
test_angle_collision: ../src/sprite.js/sprite.js 470/1070
test_bounding_box: ../src/sprite.js/lib/collision.js 38/154
test_bounding_box: ../src/sprite.js/sprite.js 452/1070
test_event_listener: ../src/sprite.js/lib/collision.js 21/154
test_event_listener: ../src/sprite.js/sprite.js 248/1070
test_explode: ../src/sprite.js/sprite.js 458/1070
test_forces: ../src/sprite.js/sprite.js 480/1070
test_forces: ../src/sprite.js/lib/collision.js 75/154
map_reader: ../src/sprite.js/lib/path.js 4/37
map_reader: ../src/sprite.js/sprite.js 118/1070
map_reader: ../src/sprite.js/lib/scrolling.js 15/117
map_reader: ../src/sprite.js/lib/collision.js 21/154
map_reader: ../src/sprite.js/vendors/SoundJS.js 94/346
map_reader: ../src/sprite.js/vendors/touch.js 13/34
map_reader_ipad: ../src/sprite.js/lib/path.js 4/37
map_reader_ipad: ../src/sprite.js/lib/scrolling.js 15/117
map_reader_ipad: ../src/sprite.js/lib/collision.js 21/154
map_reader_ipad: ../src/sprite.js/vendors/SoundJS.js 54/346
map_reader_ipad: ../src/sprite.js/sprite.js 249/1070
map_reader_ipad: ../src/sprite.js/vendors/touch.js 13/34
path_finding: ../src/sprite.js/lib/path.js 4/37
path_finding: ../src/sprite.js/sprite.js 307/1070
simple_rts: ../src/sprite.js/lib/collision.js 44/154
simple_rts: ../src/sprite.js/sprite.js 481/1070
test_2_scenes: ../src/sprite.js/lib/collision.js 44/154
test_2_scenes: ../src/sprite.js/sprite.js 416/1070
test_angle_collision: ../src/sprite.js/lib/collision.js 39/154
test_angle_collision: ../src/sprite.js/sprite.js 470/1070
test_bounding_box: ../src/sprite.js/lib/collision.js 38/154
test_bounding_box: ../src/sprite.js/sprite.js 452/1070
test_event_listener: ../src/sprite.js/lib/collision.js 21/154
test_event_listener: ../src/sprite.js/sprite.js 248/1070
test_explode: ../src/sprite.js/sprite.js 458/1070
test_forces: ../src/sprite.js/sprite.js 480/1070
test_forces: ../src/sprite.js/lib/collision.js 75/154
test_game: ../src/sprite.js/lib/collision.js 37/154
test_game: ../src/sprite.js/vendors/touch.js 13/34
test_game: ../src/sprite.js/sprite.js 496/1070
map_reader: ../src/sprite.js/lib/path.js 4/37
map_reader: ../src/sprite.js/sprite.js 118/1070
map_reader: ../src/sprite.js/lib/scrolling.js 15/117
map_reader: ../src/sprite.js/lib/collision.js 21/154
map_reader: ../src/sprite.js/vendors/SoundJS.js 94/346
map_reader: ../src/sprite.js/vendors/touch.js 13/34
map_reader_ipad: ../src/sprite.js/lib/path.js 4/37
map_reader_ipad: ../src/sprite.js/lib/scrolling.js 15/117
map_reader_ipad: ../src/sprite.js/lib/collision.js 21/154
map_reader_ipad: ../src/sprite.js/vendors/SoundJS.js 54/346
map_reader_ipad: ../src/sprite.js/sprite.js 249/1070
map_reader_ipad: ../src/sprite.js/vendors/touch.js 13/34
path_finding: ../src/sprite.js/lib/path.js 4/37
path_finding: ../src/sprite.js/sprite.js 307/1070
simple_rts: ../src/sprite.js/lib/collision.js 44/154
simple_rts: ../src/sprite.js/sprite.js 481/1070
test_2_scenes: ../src/sprite.js/lib/collision.js 44/154
test_2_scenes: ../src/sprite.js/sprite.js 416/1070
test_angle_collision: ../src/sprite.js/lib/collision.js 39/154
test_angle_collision: ../src/sprite.js/sprite.js 470/1070
test_bounding_box: ../src/sprite.js/lib/collision.js 38/154
test_bounding_box: ../src/sprite.js/sprite.js 452/1070
test_event_listener: ../src/sprite.js/lib/collision.js 21/154
test_event_listener: ../src/sprite.js/sprite.js 248/1070
test_explode: ../src/sprite.js/sprite.js 458/1070
test_forces: ../src/sprite.js/sprite.js 480/1070
test_forces: ../src/sprite.js/lib/collision.js 75/154
test_game: ../src/sprite.js/lib/collision.js 37/154
test_game: ../src/sprite.js/vendors/touch.js 13/34
test_game: ../src/sprite.js/sprite.js 496/1070
test_game2: ../src/sprite.js/lib/collision.js 57/154
test_game2: ../src/sprite.js/sprite.js 577/1070
map_reader: ../src/sprite.js/lib/path.js 4/37
map_reader: ../src/sprite.js/sprite.js 118/1070
map_reader: ../src/sprite.js/lib/scrolling.js 15/117
map_reader: ../src/sprite.js/lib/collision.js 21/154
map_reader: ../src/sprite.js/vendors/SoundJS.js 94/346
map_reader: ../src/sprite.js/vendors/touch.js 13/34
map_reader_ipad: ../src/sprite.js/lib/path.js 4/37
map_reader_ipad: ../src/sprite.js/lib/scrolling.js 15/117
map_reader_ipad: ../src/sprite.js/lib/collision.js 21/154
map_reader_ipad: ../src/sprite.js/vendors/SoundJS.js 54/346
map_reader_ipad: ../src/sprite.js/sprite.js 249/1070
map_reader_ipad: ../src/sprite.js/vendors/touch.js 13/34
path_finding: ../src/sprite.js/lib/path.js 4/37
path_finding: ../src/sprite.js/sprite.js 307/1070
simple_rts: ../src/sprite.js/lib/collision.js 44/154
simple_rts: ../src/sprite.js/sprite.js 481/1070
test_2_scenes: ../src/sprite.js/lib/collision.js 44/154
test_2_scenes: ../src/sprite.js/sprite.js 416/1070
test_angle_collision: ../src/sprite.js/lib/collision.js 39/154
test_angle_collision: ../src/sprite.js/sprite.js 470/1070
test_bounding_box: ../src/sprite.js/lib/collision.js 38/154
test_bounding_box: ../src/sprite.js/sprite.js 452/1070
test_event_listener: ../src/sprite.js/lib/collision.js 21/154
test_event_listener: ../src/sprite.js/sprite.js 248/1070
test_explode: ../src/sprite.js/sprite.js 458/1070
test_forces: ../src/sprite.js/sprite.js 480/1070
test_forces: ../src/sprite.js/lib/collision.js 75/154
test_game: ../src/sprite.js/lib/collision.js 37/154
test_game: ../src/sprite.js/vendors/touch.js 13/34
test_game: ../src/sprite.js/sprite.js 496/1070
test_game2: ../src/sprite.js/lib/collision.js 57/154
test_game2: ../src/sprite.js/sprite.js 577/1070
test_image_alpha_collision: ../src/sprite.js/lib/collision.js 21/154
test_image_alpha_collision: ../src/sprite.js/sprite.js 408/1070
map_reader: ../src/sprite.js/lib/path.js 4/37
map_reader: ../src/sprite.js/sprite.js 118/1070
map_reader: ../src/sprite.js/lib/scrolling.js 15/117
map_reader: ../src/sprite.js/lib/collision.js 21/154
map_reader: ../src/sprite.js/vendors/SoundJS.js 94/346
map_reader: ../src/sprite.js/vendors/touch.js 13/34
map_reader_ipad: ../src/sprite.js/lib/path.js 4/37
map_reader_ipad: ../src/sprite.js/lib/scrolling.js 15/117
map_reader_ipad: ../src/sprite.js/lib/collision.js 21/154
map_reader_ipad: ../src/sprite.js/vendors/SoundJS.js 54/346
map_reader_ipad: ../src/sprite.js/sprite.js 249/1070
map_reader_ipad: ../src/sprite.js/vendors/touch.js 13/34
path_finding: ../src/sprite.js/lib/path.js 4/37
path_finding: ../src/sprite.js/sprite.js 307/1070
simple_rts: ../src/sprite.js/lib/collision.js 44/154
simple_rts: ../src/sprite.js/sprite.js 481/1070
test_2_scenes: ../src/sprite.js/lib/collision.js 44/154
test_2_scenes: ../src/sprite.js/sprite.js 416/1070
test_angle_collision: ../src/sprite.js/lib/collision.js 39/154
test_angle_collision: ../src/sprite.js/sprite.js 470/1070
test_bounding_box: ../src/sprite.js/lib/collision.js 38/154
test_bounding_box: ../src/sprite.js/sprite.js 452/1070
test_event_listener: ../src/sprite.js/lib/collision.js 21/154
test_event_listener: ../src/sprite.js/sprite.js 248/1070
test_explode: ../src/sprite.js/sprite.js 458/1070
test_forces: ../src/sprite.js/sprite.js 480/1070
test_forces: ../src/sprite.js/lib/collision.js 75/154
test_game: ../src/sprite.js/lib/collision.js 37/154
test_game: ../src/sprite.js/vendors/touch.js 13/34
test_game: ../src/sprite.js/sprite.js 496/1070
test_game2: ../src/sprite.js/lib/collision.js 57/154
test_game2: ../src/sprite.js/sprite.js 577/1070
test_image_alpha_collision: ../src/sprite.js/lib/collision.js 21/154
test_image_alpha_collision: ../src/sprite.js/sprite.js 408/1070
test_particles: ../src/sprite.js/lib/webgl.js 14/136
test_particles: ../src/sprite.js/vendors/webgl-utils.js 9/35
test_particles: ../src/sprite.js/sprite.js 427/1070
test_particles: ../src/sprite.js/vendors/glMatrix.js 31/31
map_reader: ../src/sprite.js/lib/path.js 4/37
map_reader: ../src/sprite.js/sprite.js 118/1070
map_reader: ../src/sprite.js/lib/scrolling.js 15/117
map_reader: ../src/sprite.js/lib/collision.js 21/154
map_reader: ../src/sprite.js/vendors/SoundJS.js 94/346
map_reader: ../src/sprite.js/vendors/touch.js 13/34
map_reader_ipad: ../src/sprite.js/lib/path.js 4/37
map_reader_ipad: ../src/sprite.js/lib/scrolling.js 15/117
map_reader_ipad: ../src/sprite.js/lib/collision.js 21/154
map_reader_ipad: ../src/sprite.js/vendors/SoundJS.js 54/346
map_reader_ipad: ../src/sprite.js/sprite.js 249/1070
map_reader_ipad: ../src/sprite.js/vendors/touch.js 13/34
path_finding: ../src/sprite.js/lib/path.js 4/37
path_finding: ../src/sprite.js/sprite.js 307/1070
simple_rts: ../src/sprite.js/lib/collision.js 44/154
simple_rts: ../src/sprite.js/sprite.js 481/1070
test_2_scenes: ../src/sprite.js/lib/collision.js 44/154
test_2_scenes: ../src/sprite.js/sprite.js 416/1070
test_angle_collision: ../src/sprite.js/lib/collision.js 39/154
test_angle_collision: ../src/sprite.js/sprite.js 470/1070
test_bounding_box: ../src/sprite.js/lib/collision.js 38/154
test_bounding_box: ../src/sprite.js/sprite.js 452/1070
test_event_listener: ../src/sprite.js/lib/collision.js 21/154
test_event_listener: ../src/sprite.js/sprite.js 248/1070
test_explode: ../src/sprite.js/sprite.js 458/1070
test_forces: ../src/sprite.js/sprite.js 480/1070
test_forces: ../src/sprite.js/lib/collision.js 75/154
test_game: ../src/sprite.js/lib/collision.js 37/154
test_game: ../src/sprite.js/vendors/touch.js 13/34
test_game: ../src/sprite.js/sprite.js 496/1070
test_game2: ../src/sprite.js/lib/collision.js 57/154
test_game2: ../src/sprite.js/sprite.js 577/1070
test_image_alpha_collision: ../src/sprite.js/lib/collision.js 21/154
test_image_alpha_collision: ../src/sprite.js/sprite.js 408/1070
test_particles: ../src/sprite.js/lib/webgl.js 14/136
test_particles: ../src/sprite.js/vendors/webgl-utils.js 9/35
test_particles: ../src/sprite.js/sprite.js 427/1070
test_particles: ../src/sprite.js/vendors/glMatrix.js 31/31
test_physic: ../src/sprite.js/lib/collision.js 44/154
test_physic: ../src/sprite.js/sprite.js 424/1070
map_reader: ../src/sprite.js/lib/path.js 4/37
map_reader: ../src/sprite.js/sprite.js 118/1070
map_reader: ../src/sprite.js/lib/scrolling.js 15/117
map_reader: ../src/sprite.js/lib/collision.js 21/154
map_reader: ../src/sprite.js/vendors/SoundJS.js 94/346
map_reader: ../src/sprite.js/vendors/touch.js 13/34
map_reader_ipad: ../src/sprite.js/lib/path.js 4/37
map_reader_ipad: ../src/sprite.js/lib/scrolling.js 15/117
map_reader_ipad: ../src/sprite.js/lib/collision.js 21/154
map_reader_ipad: ../src/sprite.js/vendors/SoundJS.js 54/346
map_reader_ipad: ../src/sprite.js/sprite.js 249/1070
map_reader_ipad: ../src/sprite.js/vendors/touch.js 13/34
path_finding: ../src/sprite.js/lib/path.js 4/37
path_finding: ../src/sprite.js/sprite.js 307/1070
simple_rts: ../src/sprite.js/lib/collision.js 44/154
simple_rts: ../src/sprite.js/sprite.js 481/1070
test_2_scenes: ../src/sprite.js/lib/collision.js 44/154
test_2_scenes: ../src/sprite.js/sprite.js 416/1070
test_angle_collision: ../src/sprite.js/lib/collision.js 39/154
test_angle_collision: ../src/sprite.js/sprite.js 470/1070
test_bounding_box: ../src/sprite.js/lib/collision.js 38/154
test_bounding_box: ../src/sprite.js/sprite.js 452/1070
test_event_listener: ../src/sprite.js/lib/collision.js 21/154
test_event_listener: ../src/sprite.js/sprite.js 248/1070
test_explode: ../src/sprite.js/sprite.js 458/1070
test_forces: ../src/sprite.js/sprite.js 480/1070
test_forces: ../src/sprite.js/lib/collision.js 75/154
test_game: ../src/sprite.js/lib/collision.js 37/154
test_game: ../src/sprite.js/vendors/touch.js 13/34
test_game: ../src/sprite.js/sprite.js 496/1070
test_game2: ../src/sprite.js/lib/collision.js 57/154
test_game2: ../src/sprite.js/sprite.js 577/1070
test_image_alpha_collision: ../src/sprite.js/lib/collision.js 21/154
test_image_alpha_collision: ../src/sprite.js/sprite.js 408/1070
test_particles: ../src/sprite.js/lib/webgl.js 14/136
test_particles: ../src/sprite.js/vendors/webgl-utils.js 9/35
test_particles: ../src/sprite.js/sprite.js 427/1070
test_particles: ../src/sprite.js/vendors/glMatrix.js 31/31
test_physic: ../src/sprite.js/lib/collision.js 44/154
test_physic: ../src/sprite.js/sprite.js 424/1070
test_scrolling: ../src/sprite.js/sprite.js 426/1070
test_scrolling: ../src/sprite.js/lib/scrolling.js 72/117
map_reader: ../src/sprite.js/lib/path.js 4/37
map_reader: ../src/sprite.js/sprite.js 118/1070
map_reader: ../src/sprite.js/lib/scrolling.js 15/117
map_reader: ../src/sprite.js/lib/collision.js 21/154
map_reader: ../src/sprite.js/vendors/SoundJS.js 94/346
map_reader: ../src/sprite.js/vendors/touch.js 13/34
map_reader_ipad: ../src/sprite.js/lib/path.js 4/37
map_reader_ipad: ../src/sprite.js/lib/scrolling.js 15/117
map_reader_ipad: ../src/sprite.js/lib/collision.js 21/154
map_reader_ipad: ../src/sprite.js/vendors/SoundJS.js 54/346
map_reader_ipad: ../src/sprite.js/sprite.js 249/1070
map_reader_ipad: ../src/sprite.js/vendors/touch.js 13/34
path_finding: ../src/sprite.js/lib/path.js 4/37
path_finding: ../src/sprite.js/sprite.js 307/1070
simple_rts: ../src/sprite.js/lib/collision.js 44/154
simple_rts: ../src/sprite.js/sprite.js 481/1070
test_2_scenes: ../src/sprite.js/lib/collision.js 44/154
test_2_scenes: ../src/sprite.js/sprite.js 416/1070
test_angle_collision: ../src/sprite.js/lib/collision.js 39/154
test_angle_collision: ../src/sprite.js/sprite.js 470/1070
test_bounding_box: ../src/sprite.js/lib/collision.js 38/154
test_bounding_box: ../src/sprite.js/sprite.js 452/1070
test_event_listener: ../src/sprite.js/lib/collision.js 21/154
test_event_listener: ../src/sprite.js/sprite.js 248/1070
test_explode: ../src/sprite.js/sprite.js 458/1070
test_forces: ../src/sprite.js/sprite.js 480/1070
test_forces: ../src/sprite.js/lib/collision.js 75/154
test_game: ../src/sprite.js/lib/collision.js 37/154
test_game: ../src/sprite.js/vendors/touch.js 13/34
test_game: ../src/sprite.js/sprite.js 496/1070
test_game2: ../src/sprite.js/lib/collision.js 57/154
test_game2: ../src/sprite.js/sprite.js 577/1070
test_image_alpha_collision: ../src/sprite.js/lib/collision.js 21/154
test_image_alpha_collision: ../src/sprite.js/sprite.js 408/1070
test_particles: ../src/sprite.js/lib/webgl.js 14/136
test_particles: ../src/sprite.js/vendors/webgl-utils.js 9/35
test_particles: ../src/sprite.js/sprite.js 427/1070
test_particles: ../src/sprite.js/vendors/glMatrix.js 31/31
test_physic: ../src/sprite.js/lib/collision.js 44/154
test_physic: ../src/sprite.js/sprite.js 424/1070
test_scrolling: ../src/sprite.js/sprite.js 426/1070
test_scrolling: ../src/sprite.js/lib/scrolling.js 72/117
test_sprites: ../src/sprite.js/lib/webgl.js 14/136
test_sprites: ../src/sprite.js/vendors/webgl-utils.js 9/35
test_sprites: ../src/sprite.js/sprite.js 502/1070
test_sprites: ../src/sprite.js/vendors/glMatrix.js 31/31
map_reader: ../src/sprite.js/lib/path.js 4/37
map_reader: ../src/sprite.js/sprite.js 118/1070
map_reader: ../src/sprite.js/lib/scrolling.js 15/117
map_reader: ../src/sprite.js/lib/collision.js 21/154
map_reader: ../src/sprite.js/vendors/SoundJS.js 94/346
map_reader: ../src/sprite.js/vendors/touch.js 13/34
map_reader_ipad: ../src/sprite.js/lib/path.js 4/37
map_reader_ipad: ../src/sprite.js/lib/scrolling.js 15/117
map_reader_ipad: ../src/sprite.js/lib/collision.js 21/154
map_reader_ipad: ../src/sprite.js/vendors/SoundJS.js 54/346
map_reader_ipad: ../src/sprite.js/sprite.js 249/1070
map_reader_ipad: ../src/sprite.js/vendors/touch.js 13/34
path_finding: ../src/sprite.js/lib/path.js 4/37
path_finding: ../src/sprite.js/sprite.js 307/1070
simple_rts: ../src/sprite.js/lib/collision.js 44/154
simple_rts: ../src/sprite.js/sprite.js 481/1070
test_2_scenes: ../src/sprite.js/lib/collision.js 44/154
test_2_scenes: ../src/sprite.js/sprite.js 416/1070
test_angle_collision: ../src/sprite.js/lib/collision.js 39/154
test_angle_collision: ../src/sprite.js/sprite.js 470/1070
test_bounding_box: ../src/sprite.js/lib/collision.js 38/154
test_bounding_box: ../src/sprite.js/sprite.js 452/1070
test_event_listener: ../src/sprite.js/lib/collision.js 21/154
test_event_listener: ../src/sprite.js/sprite.js 248/1070
test_explode: ../src/sprite.js/sprite.js 458/1070
test_forces: ../src/sprite.js/sprite.js 480/1070
test_forces: ../src/sprite.js/lib/collision.js 75/154
test_game: ../src/sprite.js/lib/collision.js 37/154
test_game: ../src/sprite.js/vendors/touch.js 13/34
test_game: ../src/sprite.js/sprite.js 496/1070
test_game2: ../src/sprite.js/lib/collision.js 57/154
test_game2: ../src/sprite.js/sprite.js 577/1070
test_image_alpha_collision: ../src/sprite.js/lib/collision.js 21/154
test_image_alpha_collision: ../src/sprite.js/sprite.js 408/1070
test_particles: ../src/sprite.js/lib/webgl.js 14/136
test_particles: ../src/sprite.js/vendors/webgl-utils.js 9/35
test_particles: ../src/sprite.js/sprite.js 427/1070
test_particles: ../src/sprite.js/vendors/glMatrix.js 31/31
test_physic: ../src/sprite.js/lib/collision.js 44/154
test_physic: ../src/sprite.js/sprite.js 424/1070
test_scrolling: ../src/sprite.js/sprite.js 426/1070
test_scrolling: ../src/sprite.js/lib/scrolling.js 72/117
test_sprites: ../src/sprite.js/lib/webgl.js 14/136
test_sprites: ../src/sprite.js/vendors/webgl-utils.js 9/35
test_sprites: ../src/sprite.js/sprite.js 502/1070
test_sprites: ../src/sprite.js/vendors/glMatrix.js 31/31
test_suite: ../src/sprite.js/sprite.js 401/1070
test_suite: ../src/sprite.js/lib/collision.js 73/154
map_reader: ../src/sprite.js/lib/path.js 4/37
map_reader: ../src/sprite.js/sprite.js 118/1070
map_reader: ../src/sprite.js/lib/scrolling.js 15/117
map_reader: ../src/sprite.js/lib/collision.js 21/154
map_reader: ../src/sprite.js/vendors/SoundJS.js 94/346
map_reader: ../src/sprite.js/vendors/touch.js 13/34
map_reader_ipad: ../src/sprite.js/lib/path.js 4/37
map_reader_ipad: ../src/sprite.js/lib/scrolling.js 15/117
map_reader_ipad: ../src/sprite.js/lib/collision.js 21/154
map_reader_ipad: ../src/sprite.js/vendors/SoundJS.js 54/346
map_reader_ipad: ../src/sprite.js/sprite.js 249/1070
map_reader_ipad: ../src/sprite.js/vendors/touch.js 13/34
path_finding: ../src/sprite.js/lib/path.js 4/37
path_finding: ../src/sprite.js/sprite.js 307/1070
simple_rts: ../src/sprite.js/lib/collision.js 44/154
simple_rts: ../src/sprite.js/sprite.js 481/1070
test_2_scenes: ../src/sprite.js/lib/collision.js 44/154
test_2_scenes: ../src/sprite.js/sprite.js 416/1070
test_angle_collision: ../src/sprite.js/lib/collision.js 39/154
test_angle_collision: ../src/sprite.js/sprite.js 470/1070
test_bounding_box: ../src/sprite.js/lib/collision.js 38/154
test_bounding_box: ../src/sprite.js/sprite.js 452/1070
test_event_listener: ../src/sprite.js/lib/collision.js 21/154
test_event_listener: ../src/sprite.js/sprite.js 248/1070
test_explode: ../src/sprite.js/sprite.js 458/1070
test_forces: ../src/sprite.js/sprite.js 480/1070
test_forces: ../src/sprite.js/lib/collision.js 75/154
test_game: ../src/sprite.js/lib/collision.js 37/154
test_game: ../src/sprite.js/vendors/touch.js 13/34
test_game: ../src/sprite.js/sprite.js 496/1070
test_game2: ../src/sprite.js/lib/collision.js 57/154
test_game2: ../src/sprite.js/sprite.js 577/1070
test_image_alpha_collision: ../src/sprite.js/lib/collision.js 21/154
test_image_alpha_collision: ../src/sprite.js/sprite.js 408/1070
test_particles: ../src/sprite.js/lib/webgl.js 14/136
test_particles: ../src/sprite.js/vendors/webgl-utils.js 9/35
test_particles: ../src/sprite.js/sprite.js 427/1070
test_particles: ../src/sprite.js/vendors/glMatrix.js 31/31
test_physic: ../src/sprite.js/lib/collision.js 44/154
test_physic: ../src/sprite.js/sprite.js 424/1070
test_scrolling: ../src/sprite.js/sprite.js 426/1070
test_scrolling: ../src/sprite.js/lib/scrolling.js 72/117
test_sprites: ../src/sprite.js/lib/webgl.js 14/136
test_sprites: ../src/sprite.js/vendors/webgl-utils.js 9/35
test_sprites: ../src/sprite.js/sprite.js 502/1070
test_sprites: ../src/sprite.js/vendors/glMatrix.js 31/31
test_suite: ../src/sprite.js/sprite.js 401/1070
test_suite: ../src/sprite.js/lib/collision.js 73/154
test_transform_origin: ../src/sprite.js/sprite.js 413/1070
map_reader: ../src/sprite.js/lib/path.js 4/37
map_reader: ../src/sprite.js/sprite.js 118/1070
map_reader: ../src/sprite.js/lib/scrolling.js 15/117
map_reader: ../src/sprite.js/lib/collision.js 21/154
map_reader: ../src/sprite.js/vendors/SoundJS.js 94/346
map_reader: ../src/sprite.js/vendors/touch.js 13/34
map_reader_ipad: ../src/sprite.js/lib/path.js 4/37
map_reader_ipad: ../src/sprite.js/lib/scrolling.js 15/117
map_reader_ipad: ../src/sprite.js/lib/collision.js 21/154
map_reader_ipad: ../src/sprite.js/vendors/SoundJS.js 54/346
map_reader_ipad: ../src/sprite.js/sprite.js 249/1070
map_reader_ipad: ../src/sprite.js/vendors/touch.js 13/34
path_finding: ../src/sprite.js/lib/path.js 4/37
path_finding: ../src/sprite.js/sprite.js 307/1070
simple_rts: ../src/sprite.js/lib/collision.js 44/154
simple_rts: ../src/sprite.js/sprite.js 481/1070
test_2_scenes: ../src/sprite.js/lib/collision.js 44/154
test_2_scenes: ../src/sprite.js/sprite.js 416/1070
test_angle_collision: ../src/sprite.js/lib/collision.js 39/154
test_angle_collision: ../src/sprite.js/sprite.js 470/1070
test_bounding_box: ../src/sprite.js/lib/collision.js 38/154
test_bounding_box: ../src/sprite.js/sprite.js 452/1070
test_event_listener: ../src/sprite.js/lib/collision.js 21/154
test_event_listener: ../src/sprite.js/sprite.js 248/1070
test_explode: ../src/sprite.js/sprite.js 458/1070
test_forces: ../src/sprite.js/sprite.js 480/1070
test_forces: ../src/sprite.js/lib/collision.js 75/154
test_game: ../src/sprite.js/lib/collision.js 37/154
test_game: ../src/sprite.js/vendors/touch.js 13/34
test_game: ../src/sprite.js/sprite.js 496/1070
test_game2: ../src/sprite.js/lib/collision.js 57/154
test_game2: ../src/sprite.js/sprite.js 577/1070
test_image_alpha_collision: ../src/sprite.js/lib/collision.js 21/154
test_image_alpha_collision: ../src/sprite.js/sprite.js 408/1070
test_particles: ../src/sprite.js/lib/webgl.js 14/136
test_particles: ../src/sprite.js/vendors/webgl-utils.js 9/35
test_particles: ../src/sprite.js/sprite.js 427/1070
test_particles: ../src/sprite.js/vendors/glMatrix.js 31/31
test_physic: ../src/sprite.js/lib/collision.js 44/154
test_physic: ../src/sprite.js/sprite.js 424/1070
test_scrolling: ../src/sprite.js/sprite.js 426/1070
test_scrolling: ../src/sprite.js/lib/scrolling.js 72/117
test_sprites: ../src/sprite.js/lib/webgl.js 14/136
test_sprites: ../src/sprite.js/vendors/webgl-utils.js 9/35
test_sprites: ../src/sprite.js/sprite.js 502/1070
test_sprites: ../src/sprite.js/vendors/glMatrix.js 31/31
test_suite: ../src/sprite.js/sprite.js 401/1070
test_suite: ../src/sprite.js/lib/collision.js 73/154
test_transform_origin: ../src/sprite.js/sprite.js 413/1070
visual_guide: ../src/sprite.js/lib/collision.js 21/154
visual_guide: ../src/sprite.js/sprite.js 297/1070
