mypage: ../src/steal/dev/dev.js 1/24
mypage: ../src/steal/dev/dev.js 1/24
app: ../src/steal/steal.js?steal/build/css/test/app 389/636
mypage: ../src/steal/dev/dev.js 1/24
app: ../src/steal/steal.js?steal/build/css/test/app 389/636
dataurls: ../src/steal/steal.js?steal/build/css/test/dataurls 389/636
mypage: ../src/steal/dev/dev.js 1/24
app: ../src/steal/steal.js?steal/build/css/test/app 389/636
dataurls: ../src/steal/steal.js?steal/build/css/test/dataurls 389/636
page: ../src/steal/dev/dev.js 1/24
page: ../src/steal/steal.js?steal/build/css/test 436/636
mypage: ../src/steal/dev/dev.js 1/24
app: ../src/steal/steal.js?steal/build/css/test/app 389/636
dataurls: ../src/steal/steal.js?steal/build/css/test/dataurls 389/636
page: ../src/steal/dev/dev.js 1/24
page: ../src/steal/steal.js?steal/build/css/test 436/636
production: ../src/steal/steal.js?steal/build/css/test,production 457/636
mypage: ../src/steal/dev/dev.js 1/24
app: ../src/steal/steal.js?steal/build/css/test/app 389/636
dataurls: ../src/steal/steal.js?steal/build/css/test/dataurls 389/636
page: ../src/steal/dev/dev.js 1/24
page: ../src/steal/steal.js?steal/build/css/test 436/636
production: ../src/steal/steal.js?steal/build/css/test,production 457/636
basic: ../src/steal/dev/dev.js 1/24
basic: ../src/steal/less/less_engine.js 158/1407
basic: ../src/steal/less/less.js 3/21
basic: ../src/steal/coffee/coffee.js 2/4
basic: ../src/steal/coffee/coffee-script.js 1/1
mypage: ../src/steal/dev/dev.js 1/24
app: ../src/steal/steal.js?steal/build/css/test/app 389/636
dataurls: ../src/steal/steal.js?steal/build/css/test/dataurls 389/636
page: ../src/steal/dev/dev.js 1/24
page: ../src/steal/steal.js?steal/build/css/test 436/636
production: ../src/steal/steal.js?steal/build/css/test,production 457/636
basic: ../src/steal/dev/dev.js 1/24
basic: ../src/steal/less/less_engine.js 158/1407
basic: ../src/steal/less/less.js 3/21
basic: ../src/steal/coffee/coffee.js 2/4
basic: ../src/steal/coffee/coffee-script.js 1/1
app: ../src/steal/dev/dev.js 1/24
mypage: ../src/steal/dev/dev.js 1/24
app: ../src/steal/steal.js?steal/build/css/test/app 389/636
dataurls: ../src/steal/steal.js?steal/build/css/test/dataurls 389/636
page: ../src/steal/dev/dev.js 1/24
page: ../src/steal/steal.js?steal/build/css/test 436/636
production: ../src/steal/steal.js?steal/build/css/test,production 457/636
basic: ../src/steal/dev/dev.js 1/24
basic: ../src/steal/less/less_engine.js 158/1407
basic: ../src/steal/less/less.js 3/21
basic: ../src/steal/coffee/coffee.js 2/4
basic: ../src/steal/coffee/coffee-script.js 1/1
app: ../src/steal/dev/dev.js 1/24
mypage: ../src/steal/dev/dev.js 1/24
app: ../src/steal/steal.js?steal/build/css/test/app 389/636
dataurls: ../src/steal/steal.js?steal/build/css/test/dataurls 389/636
page: ../src/steal/dev/dev.js 1/24
page: ../src/steal/steal.js?steal/build/css/test 436/636
production: ../src/steal/steal.js?steal/build/css/test,production 457/636
basic: ../src/steal/dev/dev.js 1/24
basic: ../src/steal/less/less_engine.js 158/1407
basic: ../src/steal/less/less.js 3/21
basic: ../src/steal/coffee/coffee.js 2/4
basic: ../src/steal/coffee/coffee-script.js 1/1
app: ../src/steal/dev/dev.js 1/24
mypage: ../src/steal/dev/dev.js 1/24
app: ../src/steal/steal.js?steal/build/css/test/app 389/636
dataurls: ../src/steal/steal.js?steal/build/css/test/dataurls 389/636
page: ../src/steal/dev/dev.js 1/24
page: ../src/steal/steal.js?steal/build/css/test 436/636
production: ../src/steal/steal.js?steal/build/css/test,production 457/636
basic: ../src/steal/dev/dev.js 1/24
basic: ../src/steal/less/less_engine.js 158/1407
basic: ../src/steal/less/less.js 3/21
basic: ../src/steal/coffee/coffee.js 2/4
basic: ../src/steal/coffee/coffee-script.js 1/1
app: ../src/steal/dev/dev.js 1/24
circular: ../src/steal/dev/dev.js 1/24
circular: ../src/steal/steal.js?steal/build/test/circular 422/636
mypage: ../src/steal/dev/dev.js 1/24
app: ../src/steal/steal.js?steal/build/css/test/app 389/636
dataurls: ../src/steal/steal.js?steal/build/css/test/dataurls 389/636
page: ../src/steal/dev/dev.js 1/24
page: ../src/steal/steal.js?steal/build/css/test 436/636
production: ../src/steal/steal.js?steal/build/css/test,production 457/636
basic: ../src/steal/dev/dev.js 1/24
basic: ../src/steal/less/less_engine.js 158/1407
basic: ../src/steal/less/less.js 3/21
basic: ../src/steal/coffee/coffee.js 2/4
basic: ../src/steal/coffee/coffee-script.js 1/1
app: ../src/steal/dev/dev.js 1/24
circular: ../src/steal/dev/dev.js 1/24
circular: ../src/steal/steal.js?steal/build/test/circular 422/636
prod: ../src/steal/steal.js?steal/build/test/circular,production 388/636
mypage: ../src/steal/dev/dev.js 1/24
app: ../src/steal/steal.js?steal/build/css/test/app 389/636
dataurls: ../src/steal/steal.js?steal/build/css/test/dataurls 389/636
page: ../src/steal/dev/dev.js 1/24
page: ../src/steal/steal.js?steal/build/css/test 436/636
production: ../src/steal/steal.js?steal/build/css/test,production 457/636
basic: ../src/steal/dev/dev.js 1/24
basic: ../src/steal/less/less_engine.js 158/1407
basic: ../src/steal/less/less.js 3/21
basic: ../src/steal/coffee/coffee.js 2/4
basic: ../src/steal/coffee/coffee-script.js 1/1
app: ../src/steal/dev/dev.js 1/24
circular: ../src/steal/dev/dev.js 1/24
circular: ../src/steal/steal.js?steal/build/test/circular 422/636
prod: ../src/steal/steal.js?steal/build/test/circular,production 388/636
mypage: ../src/steal/dev/dev.js 1/24
app: ../src/steal/steal.js?steal/build/css/test/app 389/636
dataurls: ../src/steal/steal.js?steal/build/css/test/dataurls 389/636
page: ../src/steal/dev/dev.js 1/24
page: ../src/steal/steal.js?steal/build/css/test 436/636
production: ../src/steal/steal.js?steal/build/css/test,production 457/636
basic: ../src/steal/dev/dev.js 1/24
basic: ../src/steal/less/less_engine.js 158/1407
basic: ../src/steal/less/less.js 3/21
basic: ../src/steal/coffee/coffee.js 2/4
basic: ../src/steal/coffee/coffee-script.js 1/1
app: ../src/steal/dev/dev.js 1/24
circular: ../src/steal/dev/dev.js 1/24
circular: ../src/steal/steal.js?steal/build/test/circular 422/636
prod: ../src/steal/steal.js?steal/build/test/circular,production 388/636
foreign: ../src/steal/dev/dev.js 1/24
mypage: ../src/steal/dev/dev.js 1/24
app: ../src/steal/steal.js?steal/build/css/test/app 389/636
dataurls: ../src/steal/steal.js?steal/build/css/test/dataurls 389/636
page: ../src/steal/dev/dev.js 1/24
page: ../src/steal/steal.js?steal/build/css/test 436/636
production: ../src/steal/steal.js?steal/build/css/test,production 457/636
basic: ../src/steal/dev/dev.js 1/24
basic: ../src/steal/less/less_engine.js 158/1407
basic: ../src/steal/less/less.js 3/21
basic: ../src/steal/coffee/coffee.js 2/4
basic: ../src/steal/coffee/coffee-script.js 1/1
app: ../src/steal/dev/dev.js 1/24
circular: ../src/steal/dev/dev.js 1/24
circular: ../src/steal/steal.js?steal/build/test/circular 422/636
prod: ../src/steal/steal.js?steal/build/test/circular,production 388/636
foreign: ../src/steal/dev/dev.js 1/24
https: ../src/steal/dev/dev.js 1/24
https: https:/ajax.googleapis.com/ajax/libs/jquery/1.4.4/jquery.js 311/2703
https: script in file:/home/rahul/research/clone-unit-coverage/src/steal/build/test/https.html from (-1, -1) to (-1, -1) 1/1
mypage: ../src/steal/dev/dev.js 1/24
app: ../src/steal/steal.js?steal/build/css/test/app 389/636
dataurls: ../src/steal/steal.js?steal/build/css/test/dataurls 389/636
page: ../src/steal/dev/dev.js 1/24
page: ../src/steal/steal.js?steal/build/css/test 436/636
production: ../src/steal/steal.js?steal/build/css/test,production 457/636
basic: ../src/steal/dev/dev.js 1/24
basic: ../src/steal/less/less_engine.js 158/1407
basic: ../src/steal/less/less.js 3/21
basic: ../src/steal/coffee/coffee.js 2/4
basic: ../src/steal/coffee/coffee-script.js 1/1
app: ../src/steal/dev/dev.js 1/24
circular: ../src/steal/dev/dev.js 1/24
circular: ../src/steal/steal.js?steal/build/test/circular 422/636
prod: ../src/steal/steal.js?steal/build/test/circular,production 388/636
foreign: ../src/steal/dev/dev.js 1/24
https: ../src/steal/dev/dev.js 1/24
https: https:/ajax.googleapis.com/ajax/libs/jquery/1.4.4/jquery.js 311/2703
https: script in file:/home/rahul/research/clone-unit-coverage/src/steal/build/test/https.html from (-1, -1) to (-1, -1) 1/1
jqueryready: ../src/steal/dev/dev.js 1/24
mypage: ../src/steal/dev/dev.js 1/24
app: ../src/steal/steal.js?steal/build/css/test/app 389/636
dataurls: ../src/steal/steal.js?steal/build/css/test/dataurls 389/636
page: ../src/steal/dev/dev.js 1/24
page: ../src/steal/steal.js?steal/build/css/test 436/636
production: ../src/steal/steal.js?steal/build/css/test,production 457/636
basic: ../src/steal/dev/dev.js 1/24
basic: ../src/steal/less/less_engine.js 158/1407
basic: ../src/steal/less/less.js 3/21
basic: ../src/steal/coffee/coffee.js 2/4
basic: ../src/steal/coffee/coffee-script.js 1/1
app: ../src/steal/dev/dev.js 1/24
circular: ../src/steal/dev/dev.js 1/24
circular: ../src/steal/steal.js?steal/build/test/circular 422/636
prod: ../src/steal/steal.js?steal/build/test/circular,production 388/636
foreign: ../src/steal/dev/dev.js 1/24
https: ../src/steal/dev/dev.js 1/24
https: https:/ajax.googleapis.com/ajax/libs/jquery/1.4.4/jquery.js 311/2703
https: script in file:/home/rahul/research/clone-unit-coverage/src/steal/build/test/https.html from (-1, -1) to (-1, -1) 1/1
jqueryready: ../src/steal/dev/dev.js 1/24
app_x: ../src/steal/dev/dev.js 1/24
app_x: ../src/steal/steal.js?steal/build/test/multibuild/app_x 443/636
mypage: ../src/steal/dev/dev.js 1/24
app: ../src/steal/steal.js?steal/build/css/test/app 389/636
dataurls: ../src/steal/steal.js?steal/build/css/test/dataurls 389/636
page: ../src/steal/dev/dev.js 1/24
page: ../src/steal/steal.js?steal/build/css/test 436/636
production: ../src/steal/steal.js?steal/build/css/test,production 457/636
basic: ../src/steal/dev/dev.js 1/24
basic: ../src/steal/less/less_engine.js 158/1407
basic: ../src/steal/less/less.js 3/21
basic: ../src/steal/coffee/coffee.js 2/4
basic: ../src/steal/coffee/coffee-script.js 1/1
app: ../src/steal/dev/dev.js 1/24
circular: ../src/steal/dev/dev.js 1/24
circular: ../src/steal/steal.js?steal/build/test/circular 422/636
prod: ../src/steal/steal.js?steal/build/test/circular,production 388/636
foreign: ../src/steal/dev/dev.js 1/24
https: ../src/steal/dev/dev.js 1/24
https: https:/ajax.googleapis.com/ajax/libs/jquery/1.4.4/jquery.js 311/2703
https: script in file:/home/rahul/research/clone-unit-coverage/src/steal/build/test/https.html from (-1, -1) to (-1, -1) 1/1
jqueryready: ../src/steal/dev/dev.js 1/24
app_x: ../src/steal/dev/dev.js 1/24
app_x: ../src/steal/steal.js?steal/build/test/multibuild/app_x 443/636
app_x.prod: ../src/steal/steal.js?steal/build/test/multibuild/app_x,production 388/636
mypage: ../src/steal/dev/dev.js 1/24
app: ../src/steal/steal.js?steal/build/css/test/app 389/636
dataurls: ../src/steal/steal.js?steal/build/css/test/dataurls 389/636
page: ../src/steal/dev/dev.js 1/24
page: ../src/steal/steal.js?steal/build/css/test 436/636
production: ../src/steal/steal.js?steal/build/css/test,production 457/636
basic: ../src/steal/dev/dev.js 1/24
basic: ../src/steal/less/less_engine.js 158/1407
basic: ../src/steal/less/less.js 3/21
basic: ../src/steal/coffee/coffee.js 2/4
basic: ../src/steal/coffee/coffee-script.js 1/1
app: ../src/steal/dev/dev.js 1/24
circular: ../src/steal/dev/dev.js 1/24
circular: ../src/steal/steal.js?steal/build/test/circular 422/636
prod: ../src/steal/steal.js?steal/build/test/circular,production 388/636
foreign: ../src/steal/dev/dev.js 1/24
https: ../src/steal/dev/dev.js 1/24
https: https:/ajax.googleapis.com/ajax/libs/jquery/1.4.4/jquery.js 311/2703
https: script in file:/home/rahul/research/clone-unit-coverage/src/steal/build/test/https.html from (-1, -1) to (-1, -1) 1/1
jqueryready: ../src/steal/dev/dev.js 1/24
app_x: ../src/steal/dev/dev.js 1/24
app_x: ../src/steal/steal.js?steal/build/test/multibuild/app_x 443/636
app_x.prod: ../src/steal/steal.js?steal/build/test/multibuild/app_x,production 388/636
app_y: ../src/steal/dev/dev.js 1/24
app_y: ../src/steal/steal.js?steal/build/test/multibuild/app_y 445/636
mypage: ../src/steal/dev/dev.js 1/24
app: ../src/steal/steal.js?steal/build/css/test/app 389/636
dataurls: ../src/steal/steal.js?steal/build/css/test/dataurls 389/636
page: ../src/steal/dev/dev.js 1/24
page: ../src/steal/steal.js?steal/build/css/test 436/636
production: ../src/steal/steal.js?steal/build/css/test,production 457/636
basic: ../src/steal/dev/dev.js 1/24
basic: ../src/steal/less/less_engine.js 158/1407
basic: ../src/steal/less/less.js 3/21
basic: ../src/steal/coffee/coffee.js 2/4
basic: ../src/steal/coffee/coffee-script.js 1/1
app: ../src/steal/dev/dev.js 1/24
circular: ../src/steal/dev/dev.js 1/24
circular: ../src/steal/steal.js?steal/build/test/circular 422/636
prod: ../src/steal/steal.js?steal/build/test/circular,production 388/636
foreign: ../src/steal/dev/dev.js 1/24
https: ../src/steal/dev/dev.js 1/24
https: https:/ajax.googleapis.com/ajax/libs/jquery/1.4.4/jquery.js 311/2703
https: script in file:/home/rahul/research/clone-unit-coverage/src/steal/build/test/https.html from (-1, -1) to (-1, -1) 1/1
jqueryready: ../src/steal/dev/dev.js 1/24
app_x: ../src/steal/dev/dev.js 1/24
app_x: ../src/steal/steal.js?steal/build/test/multibuild/app_x 443/636
app_x.prod: ../src/steal/steal.js?steal/build/test/multibuild/app_x,production 388/636
app_y: ../src/steal/dev/dev.js 1/24
app_y: ../src/steal/steal.js?steal/build/test/multibuild/app_y 445/636
app_y.prod: ../src/steal/steal.js?steal/build/test/multibuild/app_y,production 388/636
mypage: ../src/steal/dev/dev.js 1/24
app: ../src/steal/steal.js?steal/build/css/test/app 389/636
dataurls: ../src/steal/steal.js?steal/build/css/test/dataurls 389/636
page: ../src/steal/dev/dev.js 1/24
page: ../src/steal/steal.js?steal/build/css/test 436/636
production: ../src/steal/steal.js?steal/build/css/test,production 457/636
basic: ../src/steal/dev/dev.js 1/24
basic: ../src/steal/less/less_engine.js 158/1407
basic: ../src/steal/less/less.js 3/21
basic: ../src/steal/coffee/coffee.js 2/4
basic: ../src/steal/coffee/coffee-script.js 1/1
app: ../src/steal/dev/dev.js 1/24
circular: ../src/steal/dev/dev.js 1/24
circular: ../src/steal/steal.js?steal/build/test/circular 422/636
prod: ../src/steal/steal.js?steal/build/test/circular,production 388/636
foreign: ../src/steal/dev/dev.js 1/24
https: ../src/steal/dev/dev.js 1/24
https: https:/ajax.googleapis.com/ajax/libs/jquery/1.4.4/jquery.js 311/2703
https: script in file:/home/rahul/research/clone-unit-coverage/src/steal/build/test/https.html from (-1, -1) to (-1, -1) 1/1
jqueryready: ../src/steal/dev/dev.js 1/24
app_x: ../src/steal/dev/dev.js 1/24
app_x: ../src/steal/steal.js?steal/build/test/multibuild/app_x 443/636
app_x.prod: ../src/steal/steal.js?steal/build/test/multibuild/app_x,production 388/636
app_y: ../src/steal/dev/dev.js 1/24
app_y: ../src/steal/steal.js?steal/build/test/multibuild/app_y 445/636
app_y.prod: ../src/steal/steal.js?steal/build/test/multibuild/app_y,production 388/636
app_z: ../src/steal/dev/dev.js 1/24
app_z: ../src/steal/steal.js?steal/build/test/multibuild/app_z 443/636
mypage: ../src/steal/dev/dev.js 1/24
app: ../src/steal/steal.js?steal/build/css/test/app 389/636
dataurls: ../src/steal/steal.js?steal/build/css/test/dataurls 389/636
page: ../src/steal/dev/dev.js 1/24
page: ../src/steal/steal.js?steal/build/css/test 436/636
production: ../src/steal/steal.js?steal/build/css/test,production 457/636
basic: ../src/steal/dev/dev.js 1/24
basic: ../src/steal/less/less_engine.js 158/1407
basic: ../src/steal/less/less.js 3/21
basic: ../src/steal/coffee/coffee.js 2/4
basic: ../src/steal/coffee/coffee-script.js 1/1
app: ../src/steal/dev/dev.js 1/24
circular: ../src/steal/dev/dev.js 1/24
circular: ../src/steal/steal.js?steal/build/test/circular 422/636
prod: ../src/steal/steal.js?steal/build/test/circular,production 388/636
foreign: ../src/steal/dev/dev.js 1/24
https: ../src/steal/dev/dev.js 1/24
https: https:/ajax.googleapis.com/ajax/libs/jquery/1.4.4/jquery.js 311/2703
https: script in file:/home/rahul/research/clone-unit-coverage/src/steal/build/test/https.html from (-1, -1) to (-1, -1) 1/1
jqueryready: ../src/steal/dev/dev.js 1/24
app_x: ../src/steal/dev/dev.js 1/24
app_x: ../src/steal/steal.js?steal/build/test/multibuild/app_x 443/636
app_x.prod: ../src/steal/steal.js?steal/build/test/multibuild/app_x,production 388/636
app_y: ../src/steal/dev/dev.js 1/24
app_y: ../src/steal/steal.js?steal/build/test/multibuild/app_y 445/636
app_y.prod: ../src/steal/steal.js?steal/build/test/multibuild/app_y,production 388/636
app_z: ../src/steal/dev/dev.js 1/24
app_z: ../src/steal/steal.js?steal/build/test/multibuild/app_z 443/636
app_z.prod: ../src/steal/steal.js?steal/build/test/multibuild/app_z,production 388/636
mypage: ../src/steal/dev/dev.js 1/24
app: ../src/steal/steal.js?steal/build/css/test/app 389/636
dataurls: ../src/steal/steal.js?steal/build/css/test/dataurls 389/636
page: ../src/steal/dev/dev.js 1/24
page: ../src/steal/steal.js?steal/build/css/test 436/636
production: ../src/steal/steal.js?steal/build/css/test,production 457/636
basic: ../src/steal/dev/dev.js 1/24
basic: ../src/steal/less/less_engine.js 158/1407
basic: ../src/steal/less/less.js 3/21
basic: ../src/steal/coffee/coffee.js 2/4
basic: ../src/steal/coffee/coffee-script.js 1/1
app: ../src/steal/dev/dev.js 1/24
circular: ../src/steal/dev/dev.js 1/24
circular: ../src/steal/steal.js?steal/build/test/circular 422/636
prod: ../src/steal/steal.js?steal/build/test/circular,production 388/636
foreign: ../src/steal/dev/dev.js 1/24
https: ../src/steal/dev/dev.js 1/24
https: https:/ajax.googleapis.com/ajax/libs/jquery/1.4.4/jquery.js 311/2703
https: script in file:/home/rahul/research/clone-unit-coverage/src/steal/build/test/https.html from (-1, -1) to (-1, -1) 1/1
jqueryready: ../src/steal/dev/dev.js 1/24
app_x: ../src/steal/dev/dev.js 1/24
app_x: ../src/steal/steal.js?steal/build/test/multibuild/app_x 443/636
app_x.prod: ../src/steal/steal.js?steal/build/test/multibuild/app_x,production 388/636
app_y: ../src/steal/dev/dev.js 1/24
app_y: ../src/steal/steal.js?steal/build/test/multibuild/app_y 445/636
app_y.prod: ../src/steal/steal.js?steal/build/test/multibuild/app_y,production 388/636
app_z: ../src/steal/dev/dev.js 1/24
app_z: ../src/steal/steal.js?steal/build/test/multibuild/app_z 443/636
app_z.prod: ../src/steal/steal.js?steal/build/test/multibuild/app_z,production 388/636
stealpage: ../src/steal/dev/dev.js 1/24
mypage: ../src/steal/dev/dev.js 1/24
app: ../src/steal/steal.js?steal/build/css/test/app 389/636
dataurls: ../src/steal/steal.js?steal/build/css/test/dataurls 389/636
page: ../src/steal/dev/dev.js 1/24
page: ../src/steal/steal.js?steal/build/css/test 436/636
production: ../src/steal/steal.js?steal/build/css/test,production 457/636
basic: ../src/steal/dev/dev.js 1/24
basic: ../src/steal/less/less_engine.js 158/1407
basic: ../src/steal/less/less.js 3/21
basic: ../src/steal/coffee/coffee.js 2/4
basic: ../src/steal/coffee/coffee-script.js 1/1
app: ../src/steal/dev/dev.js 1/24
circular: ../src/steal/dev/dev.js 1/24
circular: ../src/steal/steal.js?steal/build/test/circular 422/636
prod: ../src/steal/steal.js?steal/build/test/circular,production 388/636
foreign: ../src/steal/dev/dev.js 1/24
https: ../src/steal/dev/dev.js 1/24
https: https:/ajax.googleapis.com/ajax/libs/jquery/1.4.4/jquery.js 311/2703
https: script in file:/home/rahul/research/clone-unit-coverage/src/steal/build/test/https.html from (-1, -1) to (-1, -1) 1/1
jqueryready: ../src/steal/dev/dev.js 1/24
app_x: ../src/steal/dev/dev.js 1/24
app_x: ../src/steal/steal.js?steal/build/test/multibuild/app_x 443/636
app_x.prod: ../src/steal/steal.js?steal/build/test/multibuild/app_x,production 388/636
app_y: ../src/steal/dev/dev.js 1/24
app_y: ../src/steal/steal.js?steal/build/test/multibuild/app_y 445/636
app_y.prod: ../src/steal/steal.js?steal/build/test/multibuild/app_y,production 388/636
app_z: ../src/steal/dev/dev.js 1/24
app_z: ../src/steal/steal.js?steal/build/test/multibuild/app_z 443/636
app_z.prod: ../src/steal/steal.js?steal/build/test/multibuild/app_z,production 388/636
stealpage: ../src/steal/dev/dev.js 1/24
stealprodpage: ../src/steal/steal.js?steal/build/test,production 388/636
mypage: ../src/steal/dev/dev.js 1/24
app: ../src/steal/steal.js?steal/build/css/test/app 389/636
dataurls: ../src/steal/steal.js?steal/build/css/test/dataurls 389/636
page: ../src/steal/dev/dev.js 1/24
page: ../src/steal/steal.js?steal/build/css/test 436/636
production: ../src/steal/steal.js?steal/build/css/test,production 457/636
basic: ../src/steal/dev/dev.js 1/24
basic: ../src/steal/less/less_engine.js 158/1407
basic: ../src/steal/less/less.js 3/21
basic: ../src/steal/coffee/coffee.js 2/4
basic: ../src/steal/coffee/coffee-script.js 1/1
app: ../src/steal/dev/dev.js 1/24
circular: ../src/steal/dev/dev.js 1/24
circular: ../src/steal/steal.js?steal/build/test/circular 422/636
prod: ../src/steal/steal.js?steal/build/test/circular,production 388/636
foreign: ../src/steal/dev/dev.js 1/24
https: ../src/steal/dev/dev.js 1/24
https: https:/ajax.googleapis.com/ajax/libs/jquery/1.4.4/jquery.js 311/2703
https: script in file:/home/rahul/research/clone-unit-coverage/src/steal/build/test/https.html from (-1, -1) to (-1, -1) 1/1
jqueryready: ../src/steal/dev/dev.js 1/24
app_x: ../src/steal/dev/dev.js 1/24
app_x: ../src/steal/steal.js?steal/build/test/multibuild/app_x 443/636
app_x.prod: ../src/steal/steal.js?steal/build/test/multibuild/app_x,production 388/636
app_y: ../src/steal/dev/dev.js 1/24
app_y: ../src/steal/steal.js?steal/build/test/multibuild/app_y 445/636
app_y.prod: ../src/steal/steal.js?steal/build/test/multibuild/app_y,production 388/636
app_z: ../src/steal/dev/dev.js 1/24
app_z: ../src/steal/steal.js?steal/build/test/multibuild/app_z 443/636
app_z.prod: ../src/steal/steal.js?steal/build/test/multibuild/app_z,production 388/636
stealpage: ../src/steal/dev/dev.js 1/24
stealprodpage: ../src/steal/steal.js?steal/build/test,production 388/636
prod: ../src/steal/steal.js?steal/build/test/styles,production 388/636
mypage: ../src/steal/dev/dev.js 1/24
app: ../src/steal/steal.js?steal/build/css/test/app 389/636
dataurls: ../src/steal/steal.js?steal/build/css/test/dataurls 389/636
page: ../src/steal/dev/dev.js 1/24
page: ../src/steal/steal.js?steal/build/css/test 436/636
production: ../src/steal/steal.js?steal/build/css/test,production 457/636
basic: ../src/steal/dev/dev.js 1/24
basic: ../src/steal/less/less_engine.js 158/1407
basic: ../src/steal/less/less.js 3/21
basic: ../src/steal/coffee/coffee.js 2/4
basic: ../src/steal/coffee/coffee-script.js 1/1
app: ../src/steal/dev/dev.js 1/24
circular: ../src/steal/dev/dev.js 1/24
circular: ../src/steal/steal.js?steal/build/test/circular 422/636
prod: ../src/steal/steal.js?steal/build/test/circular,production 388/636
foreign: ../src/steal/dev/dev.js 1/24
https: ../src/steal/dev/dev.js 1/24
https: https:/ajax.googleapis.com/ajax/libs/jquery/1.4.4/jquery.js 311/2703
https: script in file:/home/rahul/research/clone-unit-coverage/src/steal/build/test/https.html from (-1, -1) to (-1, -1) 1/1
jqueryready: ../src/steal/dev/dev.js 1/24
app_x: ../src/steal/dev/dev.js 1/24
app_x: ../src/steal/steal.js?steal/build/test/multibuild/app_x 443/636
app_x.prod: ../src/steal/steal.js?steal/build/test/multibuild/app_x,production 388/636
app_y: ../src/steal/dev/dev.js 1/24
app_y: ../src/steal/steal.js?steal/build/test/multibuild/app_y 445/636
app_y.prod: ../src/steal/steal.js?steal/build/test/multibuild/app_y,production 388/636
app_z: ../src/steal/dev/dev.js 1/24
app_z: ../src/steal/steal.js?steal/build/test/multibuild/app_z 443/636
app_z.prod: ../src/steal/steal.js?steal/build/test/multibuild/app_z,production 388/636
stealpage: ../src/steal/dev/dev.js 1/24
stealprodpage: ../src/steal/steal.js?steal/build/test,production 388/636
prod: ../src/steal/steal.js?steal/build/test/styles,production 388/636
prod2: ../src/steal/steal.js?steal/build/test/styles,production 399/636
mypage: ../src/steal/dev/dev.js 1/24
app: ../src/steal/steal.js?steal/build/css/test/app 389/636
dataurls: ../src/steal/steal.js?steal/build/css/test/dataurls 389/636
page: ../src/steal/dev/dev.js 1/24
page: ../src/steal/steal.js?steal/build/css/test 436/636
production: ../src/steal/steal.js?steal/build/css/test,production 457/636
basic: ../src/steal/dev/dev.js 1/24
basic: ../src/steal/less/less_engine.js 158/1407
basic: ../src/steal/less/less.js 3/21
basic: ../src/steal/coffee/coffee.js 2/4
basic: ../src/steal/coffee/coffee-script.js 1/1
app: ../src/steal/dev/dev.js 1/24
circular: ../src/steal/dev/dev.js 1/24
circular: ../src/steal/steal.js?steal/build/test/circular 422/636
prod: ../src/steal/steal.js?steal/build/test/circular,production 388/636
foreign: ../src/steal/dev/dev.js 1/24
https: ../src/steal/dev/dev.js 1/24
https: https:/ajax.googleapis.com/ajax/libs/jquery/1.4.4/jquery.js 311/2703
https: script in file:/home/rahul/research/clone-unit-coverage/src/steal/build/test/https.html from (-1, -1) to (-1, -1) 1/1
jqueryready: ../src/steal/dev/dev.js 1/24
app_x: ../src/steal/dev/dev.js 1/24
app_x: ../src/steal/steal.js?steal/build/test/multibuild/app_x 443/636
app_x.prod: ../src/steal/steal.js?steal/build/test/multibuild/app_x,production 388/636
app_y: ../src/steal/dev/dev.js 1/24
app_y: ../src/steal/steal.js?steal/build/test/multibuild/app_y 445/636
app_y.prod: ../src/steal/steal.js?steal/build/test/multibuild/app_y,production 388/636
app_z: ../src/steal/dev/dev.js 1/24
app_z: ../src/steal/steal.js?steal/build/test/multibuild/app_z 443/636
app_z.prod: ../src/steal/steal.js?steal/build/test/multibuild/app_z,production 388/636
stealpage: ../src/steal/dev/dev.js 1/24
stealprodpage: ../src/steal/steal.js?steal/build/test,production 388/636
prod: ../src/steal/steal.js?steal/build/test/styles,production 388/636
prod2: ../src/steal/steal.js?steal/build/test/styles,production 399/636
styles: ../src/steal/dev/dev.js 1/24
styles: ../src/steal/less/less_engine.js 158/1407
styles: ../src/steal/less/less.js 3/21
styles: ../src/steal/steal.js?steal/build/test/styles 432/636
mypage: ../src/steal/dev/dev.js 1/24
app: ../src/steal/steal.js?steal/build/css/test/app 389/636
dataurls: ../src/steal/steal.js?steal/build/css/test/dataurls 389/636
page: ../src/steal/dev/dev.js 1/24
page: ../src/steal/steal.js?steal/build/css/test 436/636
production: ../src/steal/steal.js?steal/build/css/test,production 457/636
basic: ../src/steal/dev/dev.js 1/24
basic: ../src/steal/less/less_engine.js 158/1407
basic: ../src/steal/less/less.js 3/21
basic: ../src/steal/coffee/coffee.js 2/4
basic: ../src/steal/coffee/coffee-script.js 1/1
app: ../src/steal/dev/dev.js 1/24
circular: ../src/steal/dev/dev.js 1/24
circular: ../src/steal/steal.js?steal/build/test/circular 422/636
prod: ../src/steal/steal.js?steal/build/test/circular,production 388/636
foreign: ../src/steal/dev/dev.js 1/24
https: ../src/steal/dev/dev.js 1/24
https: https:/ajax.googleapis.com/ajax/libs/jquery/1.4.4/jquery.js 311/2703
https: script in file:/home/rahul/research/clone-unit-coverage/src/steal/build/test/https.html from (-1, -1) to (-1, -1) 1/1
jqueryready: ../src/steal/dev/dev.js 1/24
app_x: ../src/steal/dev/dev.js 1/24
app_x: ../src/steal/steal.js?steal/build/test/multibuild/app_x 443/636
app_x.prod: ../src/steal/steal.js?steal/build/test/multibuild/app_x,production 388/636
app_y: ../src/steal/dev/dev.js 1/24
app_y: ../src/steal/steal.js?steal/build/test/multibuild/app_y 445/636
app_y.prod: ../src/steal/steal.js?steal/build/test/multibuild/app_y,production 388/636
app_z: ../src/steal/dev/dev.js 1/24
app_z: ../src/steal/steal.js?steal/build/test/multibuild/app_z 443/636
app_z.prod: ../src/steal/steal.js?steal/build/test/multibuild/app_z,production 388/636
stealpage: ../src/steal/dev/dev.js 1/24
stealprodpage: ../src/steal/steal.js?steal/build/test,production 388/636
prod: ../src/steal/steal.js?steal/build/test/styles,production 388/636
prod2: ../src/steal/steal.js?steal/build/test/styles,production 399/636
styles: ../src/steal/dev/dev.js 1/24
styles: ../src/steal/less/less_engine.js 158/1407
styles: ../src/steal/less/less.js 3/21
styles: ../src/steal/steal.js?steal/build/test/styles 432/636
page: ../src/steal/dev/dev.js 1/24
page: ../src/steal/html/html.js 7/20
mypage: ../src/steal/dev/dev.js 1/24
app: ../src/steal/steal.js?steal/build/css/test/app 389/636
dataurls: ../src/steal/steal.js?steal/build/css/test/dataurls 389/636
page: ../src/steal/dev/dev.js 1/24
page: ../src/steal/steal.js?steal/build/css/test 436/636
production: ../src/steal/steal.js?steal/build/css/test,production 457/636
basic: ../src/steal/dev/dev.js 1/24
basic: ../src/steal/less/less_engine.js 158/1407
basic: ../src/steal/less/less.js 3/21
basic: ../src/steal/coffee/coffee.js 2/4
basic: ../src/steal/coffee/coffee-script.js 1/1
app: ../src/steal/dev/dev.js 1/24
circular: ../src/steal/dev/dev.js 1/24
circular: ../src/steal/steal.js?steal/build/test/circular 422/636
prod: ../src/steal/steal.js?steal/build/test/circular,production 388/636
foreign: ../src/steal/dev/dev.js 1/24
https: ../src/steal/dev/dev.js 1/24
https: https:/ajax.googleapis.com/ajax/libs/jquery/1.4.4/jquery.js 311/2703
https: script in file:/home/rahul/research/clone-unit-coverage/src/steal/build/test/https.html from (-1, -1) to (-1, -1) 1/1
jqueryready: ../src/steal/dev/dev.js 1/24
app_x: ../src/steal/dev/dev.js 1/24
app_x: ../src/steal/steal.js?steal/build/test/multibuild/app_x 443/636
app_x.prod: ../src/steal/steal.js?steal/build/test/multibuild/app_x,production 388/636
app_y: ../src/steal/dev/dev.js 1/24
app_y: ../src/steal/steal.js?steal/build/test/multibuild/app_y 445/636
app_y.prod: ../src/steal/steal.js?steal/build/test/multibuild/app_y,production 388/636
app_z: ../src/steal/dev/dev.js 1/24
app_z: ../src/steal/steal.js?steal/build/test/multibuild/app_z 443/636
app_z.prod: ../src/steal/steal.js?steal/build/test/multibuild/app_z,production 388/636
stealpage: ../src/steal/dev/dev.js 1/24
stealprodpage: ../src/steal/steal.js?steal/build/test,production 388/636
prod: ../src/steal/steal.js?steal/build/test/styles,production 388/636
prod2: ../src/steal/steal.js?steal/build/test/styles,production 399/636
styles: ../src/steal/dev/dev.js 1/24
styles: ../src/steal/less/less_engine.js 158/1407
styles: ../src/steal/less/less.js 3/21
styles: ../src/steal/steal.js?steal/build/test/styles 432/636
page: ../src/steal/dev/dev.js 1/24
page: ../src/steal/html/html.js 7/20
page: ../src/steal/steal.js?steal/less/test 389/636
mypage: ../src/steal/dev/dev.js 1/24
app: ../src/steal/steal.js?steal/build/css/test/app 389/636
dataurls: ../src/steal/steal.js?steal/build/css/test/dataurls 389/636
page: ../src/steal/dev/dev.js 1/24
page: ../src/steal/steal.js?steal/build/css/test 436/636
production: ../src/steal/steal.js?steal/build/css/test,production 457/636
basic: ../src/steal/dev/dev.js 1/24
basic: ../src/steal/less/less_engine.js 158/1407
basic: ../src/steal/less/less.js 3/21
basic: ../src/steal/coffee/coffee.js 2/4
basic: ../src/steal/coffee/coffee-script.js 1/1
app: ../src/steal/dev/dev.js 1/24
circular: ../src/steal/dev/dev.js 1/24
circular: ../src/steal/steal.js?steal/build/test/circular 422/636
prod: ../src/steal/steal.js?steal/build/test/circular,production 388/636
foreign: ../src/steal/dev/dev.js 1/24
https: ../src/steal/dev/dev.js 1/24
https: https:/ajax.googleapis.com/ajax/libs/jquery/1.4.4/jquery.js 311/2703
https: script in file:/home/rahul/research/clone-unit-coverage/src/steal/build/test/https.html from (-1, -1) to (-1, -1) 1/1
jqueryready: ../src/steal/dev/dev.js 1/24
app_x: ../src/steal/dev/dev.js 1/24
app_x: ../src/steal/steal.js?steal/build/test/multibuild/app_x 443/636
app_x.prod: ../src/steal/steal.js?steal/build/test/multibuild/app_x,production 388/636
app_y: ../src/steal/dev/dev.js 1/24
app_y: ../src/steal/steal.js?steal/build/test/multibuild/app_y 445/636
app_y.prod: ../src/steal/steal.js?steal/build/test/multibuild/app_y,production 388/636
app_z: ../src/steal/dev/dev.js 1/24
app_z: ../src/steal/steal.js?steal/build/test/multibuild/app_z 443/636
app_z.prod: ../src/steal/steal.js?steal/build/test/multibuild/app_z,production 388/636
stealpage: ../src/steal/dev/dev.js 1/24
stealprodpage: ../src/steal/steal.js?steal/build/test,production 388/636
prod: ../src/steal/steal.js?steal/build/test/styles,production 388/636
prod2: ../src/steal/steal.js?steal/build/test/styles,production 399/636
styles: ../src/steal/dev/dev.js 1/24
styles: ../src/steal/less/less_engine.js 158/1407
styles: ../src/steal/less/less.js 3/21
styles: ../src/steal/steal.js?steal/build/test/styles 432/636
page: ../src/steal/dev/dev.js 1/24
page: ../src/steal/html/html.js 7/20
page: ../src/steal/steal.js?steal/less/test 389/636
production: ../src/steal/steal.js?steal/less/test 389/636
mypage: ../src/steal/dev/dev.js 1/24
app: ../src/steal/steal.js?steal/build/css/test/app 389/636
dataurls: ../src/steal/steal.js?steal/build/css/test/dataurls 389/636
page: ../src/steal/dev/dev.js 1/24
page: ../src/steal/steal.js?steal/build/css/test 436/636
production: ../src/steal/steal.js?steal/build/css/test,production 457/636
basic: ../src/steal/dev/dev.js 1/24
basic: ../src/steal/less/less_engine.js 158/1407
basic: ../src/steal/less/less.js 3/21
basic: ../src/steal/coffee/coffee.js 2/4
basic: ../src/steal/coffee/coffee-script.js 1/1
app: ../src/steal/dev/dev.js 1/24
circular: ../src/steal/dev/dev.js 1/24
circular: ../src/steal/steal.js?steal/build/test/circular 422/636
prod: ../src/steal/steal.js?steal/build/test/circular,production 388/636
foreign: ../src/steal/dev/dev.js 1/24
https: ../src/steal/dev/dev.js 1/24
https: https:/ajax.googleapis.com/ajax/libs/jquery/1.4.4/jquery.js 311/2703
https: script in file:/home/rahul/research/clone-unit-coverage/src/steal/build/test/https.html from (-1, -1) to (-1, -1) 1/1
jqueryready: ../src/steal/dev/dev.js 1/24
app_x: ../src/steal/dev/dev.js 1/24
app_x: ../src/steal/steal.js?steal/build/test/multibuild/app_x 443/636
app_x.prod: ../src/steal/steal.js?steal/build/test/multibuild/app_x,production 388/636
app_y: ../src/steal/dev/dev.js 1/24
app_y: ../src/steal/steal.js?steal/build/test/multibuild/app_y 445/636
app_y.prod: ../src/steal/steal.js?steal/build/test/multibuild/app_y,production 388/636
app_z: ../src/steal/dev/dev.js 1/24
app_z: ../src/steal/steal.js?steal/build/test/multibuild/app_z 443/636
app_z.prod: ../src/steal/steal.js?steal/build/test/multibuild/app_z,production 388/636
stealpage: ../src/steal/dev/dev.js 1/24
stealprodpage: ../src/steal/steal.js?steal/build/test,production 388/636
prod: ../src/steal/steal.js?steal/build/test/styles,production 388/636
prod2: ../src/steal/steal.js?steal/build/test/styles,production 399/636
styles: ../src/steal/dev/dev.js 1/24
styles: ../src/steal/less/less_engine.js 158/1407
styles: ../src/steal/less/less.js 3/21
styles: ../src/steal/steal.js?steal/build/test/styles 432/636
page: ../src/steal/dev/dev.js 1/24
page: ../src/steal/html/html.js 7/20
page: ../src/steal/steal.js?steal/less/test 389/636
production: ../src/steal/steal.js?steal/less/test 389/636
mypage: ../src/steal/dev/dev.js 1/24
app: ../src/steal/steal.js?steal/build/css/test/app 389/636
dataurls: ../src/steal/steal.js?steal/build/css/test/dataurls 389/636
page: ../src/steal/dev/dev.js 1/24
page: ../src/steal/steal.js?steal/build/css/test 436/636
production: ../src/steal/steal.js?steal/build/css/test,production 457/636
basic: ../src/steal/dev/dev.js 1/24
basic: ../src/steal/less/less_engine.js 158/1407
basic: ../src/steal/less/less.js 3/21
basic: ../src/steal/coffee/coffee.js 2/4
basic: ../src/steal/coffee/coffee-script.js 1/1
app: ../src/steal/dev/dev.js 1/24
circular: ../src/steal/dev/dev.js 1/24
circular: ../src/steal/steal.js?steal/build/test/circular 422/636
prod: ../src/steal/steal.js?steal/build/test/circular,production 388/636
foreign: ../src/steal/dev/dev.js 1/24
https: ../src/steal/dev/dev.js 1/24
https: https:/ajax.googleapis.com/ajax/libs/jquery/1.4.4/jquery.js 311/2703
https: script in file:/home/rahul/research/clone-unit-coverage/src/steal/build/test/https.html from (-1, -1) to (-1, -1) 1/1
jqueryready: ../src/steal/dev/dev.js 1/24
app_x: ../src/steal/dev/dev.js 1/24
app_x: ../src/steal/steal.js?steal/build/test/multibuild/app_x 443/636
app_x.prod: ../src/steal/steal.js?steal/build/test/multibuild/app_x,production 388/636
app_y: ../src/steal/dev/dev.js 1/24
app_y: ../src/steal/steal.js?steal/build/test/multibuild/app_y 445/636
app_y.prod: ../src/steal/steal.js?steal/build/test/multibuild/app_y,production 388/636
app_z: ../src/steal/dev/dev.js 1/24
app_z: ../src/steal/steal.js?steal/build/test/multibuild/app_z 443/636
app_z.prod: ../src/steal/steal.js?steal/build/test/multibuild/app_z,production 388/636
stealpage: ../src/steal/dev/dev.js 1/24
stealprodpage: ../src/steal/steal.js?steal/build/test,production 388/636
prod: ../src/steal/steal.js?steal/build/test/styles,production 388/636
prod2: ../src/steal/steal.js?steal/build/test/styles,production 399/636
styles: ../src/steal/dev/dev.js 1/24
styles: ../src/steal/less/less_engine.js 158/1407
styles: ../src/steal/less/less.js 3/21
styles: ../src/steal/steal.js?steal/build/test/styles 432/636
page: ../src/steal/dev/dev.js 1/24
page: ../src/steal/html/html.js 7/20
page: ../src/steal/steal.js?steal/less/test 389/636
production: ../src/steal/steal.js?steal/less/test 389/636
mypage: ../src/steal/dev/dev.js 1/24
app: ../src/steal/steal.js?steal/build/css/test/app 389/636
dataurls: ../src/steal/steal.js?steal/build/css/test/dataurls 389/636
page: ../src/steal/dev/dev.js 1/24
page: ../src/steal/steal.js?steal/build/css/test 436/636
production: ../src/steal/steal.js?steal/build/css/test,production 457/636
basic: ../src/steal/dev/dev.js 1/24
basic: ../src/steal/less/less_engine.js 158/1407
basic: ../src/steal/less/less.js 3/21
basic: ../src/steal/coffee/coffee.js 2/4
basic: ../src/steal/coffee/coffee-script.js 1/1
app: ../src/steal/dev/dev.js 1/24
circular: ../src/steal/dev/dev.js 1/24
circular: ../src/steal/steal.js?steal/build/test/circular 422/636
prod: ../src/steal/steal.js?steal/build/test/circular,production 388/636
foreign: ../src/steal/dev/dev.js 1/24
https: ../src/steal/dev/dev.js 1/24
https: https:/ajax.googleapis.com/ajax/libs/jquery/1.4.4/jquery.js 311/2703
https: script in file:/home/rahul/research/clone-unit-coverage/src/steal/build/test/https.html from (-1, -1) to (-1, -1) 1/1
jqueryready: ../src/steal/dev/dev.js 1/24
app_x: ../src/steal/dev/dev.js 1/24
app_x: ../src/steal/steal.js?steal/build/test/multibuild/app_x 443/636
app_x.prod: ../src/steal/steal.js?steal/build/test/multibuild/app_x,production 388/636
app_y: ../src/steal/dev/dev.js 1/24
app_y: ../src/steal/steal.js?steal/build/test/multibuild/app_y 445/636
app_y.prod: ../src/steal/steal.js?steal/build/test/multibuild/app_y,production 388/636
app_z: ../src/steal/dev/dev.js 1/24
app_z: ../src/steal/steal.js?steal/build/test/multibuild/app_z 443/636
app_z.prod: ../src/steal/steal.js?steal/build/test/multibuild/app_z,production 388/636
stealpage: ../src/steal/dev/dev.js 1/24
stealprodpage: ../src/steal/steal.js?steal/build/test,production 388/636
prod: ../src/steal/steal.js?steal/build/test/styles,production 388/636
prod2: ../src/steal/steal.js?steal/build/test/styles,production 399/636
styles: ../src/steal/dev/dev.js 1/24
styles: ../src/steal/less/less_engine.js 158/1407
styles: ../src/steal/less/less.js 3/21
styles: ../src/steal/steal.js?steal/build/test/styles 432/636
page: ../src/steal/dev/dev.js 1/24
page: ../src/steal/html/html.js 7/20
page: ../src/steal/steal.js?steal/less/test 389/636
production: ../src/steal/steal.js?steal/less/test 389/636
absoluteurl: ../src/steal/steal.js?steal[app]=steal/test/absoluteurl 389/636
mypage: ../src/steal/dev/dev.js 1/24
app: ../src/steal/steal.js?steal/build/css/test/app 389/636
dataurls: ../src/steal/steal.js?steal/build/css/test/dataurls 389/636
page: ../src/steal/dev/dev.js 1/24
page: ../src/steal/steal.js?steal/build/css/test 436/636
production: ../src/steal/steal.js?steal/build/css/test,production 457/636
basic: ../src/steal/dev/dev.js 1/24
basic: ../src/steal/less/less_engine.js 158/1407
basic: ../src/steal/less/less.js 3/21
basic: ../src/steal/coffee/coffee.js 2/4
basic: ../src/steal/coffee/coffee-script.js 1/1
app: ../src/steal/dev/dev.js 1/24
circular: ../src/steal/dev/dev.js 1/24
circular: ../src/steal/steal.js?steal/build/test/circular 422/636
prod: ../src/steal/steal.js?steal/build/test/circular,production 388/636
foreign: ../src/steal/dev/dev.js 1/24
https: ../src/steal/dev/dev.js 1/24
https: https:/ajax.googleapis.com/ajax/libs/jquery/1.4.4/jquery.js 311/2703
https: script in file:/home/rahul/research/clone-unit-coverage/src/steal/build/test/https.html from (-1, -1) to (-1, -1) 1/1
jqueryready: ../src/steal/dev/dev.js 1/24
app_x: ../src/steal/dev/dev.js 1/24
app_x: ../src/steal/steal.js?steal/build/test/multibuild/app_x 443/636
app_x.prod: ../src/steal/steal.js?steal/build/test/multibuild/app_x,production 388/636
app_y: ../src/steal/dev/dev.js 1/24
app_y: ../src/steal/steal.js?steal/build/test/multibuild/app_y 445/636
app_y.prod: ../src/steal/steal.js?steal/build/test/multibuild/app_y,production 388/636
app_z: ../src/steal/dev/dev.js 1/24
app_z: ../src/steal/steal.js?steal/build/test/multibuild/app_z 443/636
app_z.prod: ../src/steal/steal.js?steal/build/test/multibuild/app_z,production 388/636
stealpage: ../src/steal/dev/dev.js 1/24
stealprodpage: ../src/steal/steal.js?steal/build/test,production 388/636
prod: ../src/steal/steal.js?steal/build/test/styles,production 388/636
prod2: ../src/steal/steal.js?steal/build/test/styles,production 399/636
styles: ../src/steal/dev/dev.js 1/24
styles: ../src/steal/less/less_engine.js 158/1407
styles: ../src/steal/less/less.js 3/21
styles: ../src/steal/steal.js?steal/build/test/styles 432/636
page: ../src/steal/dev/dev.js 1/24
page: ../src/steal/html/html.js 7/20
page: ../src/steal/steal.js?steal/less/test 389/636
production: ../src/steal/steal.js?steal/less/test 389/636
absoluteurl: ../src/steal/steal.js?steal[app]=steal/test/absoluteurl 389/636
index: ../src/steal/steal.js 387/636
mypage: ../src/steal/dev/dev.js 1/24
app: ../src/steal/steal.js?steal/build/css/test/app 389/636
dataurls: ../src/steal/steal.js?steal/build/css/test/dataurls 389/636
page: ../src/steal/dev/dev.js 1/24
page: ../src/steal/steal.js?steal/build/css/test 436/636
production: ../src/steal/steal.js?steal/build/css/test,production 457/636
basic: ../src/steal/dev/dev.js 1/24
basic: ../src/steal/less/less_engine.js 158/1407
basic: ../src/steal/less/less.js 3/21
basic: ../src/steal/coffee/coffee.js 2/4
basic: ../src/steal/coffee/coffee-script.js 1/1
app: ../src/steal/dev/dev.js 1/24
circular: ../src/steal/dev/dev.js 1/24
circular: ../src/steal/steal.js?steal/build/test/circular 422/636
prod: ../src/steal/steal.js?steal/build/test/circular,production 388/636
foreign: ../src/steal/dev/dev.js 1/24
https: ../src/steal/dev/dev.js 1/24
https: https:/ajax.googleapis.com/ajax/libs/jquery/1.4.4/jquery.js 311/2703
https: script in file:/home/rahul/research/clone-unit-coverage/src/steal/build/test/https.html from (-1, -1) to (-1, -1) 1/1
jqueryready: ../src/steal/dev/dev.js 1/24
app_x: ../src/steal/dev/dev.js 1/24
app_x: ../src/steal/steal.js?steal/build/test/multibuild/app_x 443/636
app_x.prod: ../src/steal/steal.js?steal/build/test/multibuild/app_x,production 388/636
app_y: ../src/steal/dev/dev.js 1/24
app_y: ../src/steal/steal.js?steal/build/test/multibuild/app_y 445/636
app_y.prod: ../src/steal/steal.js?steal/build/test/multibuild/app_y,production 388/636
app_z: ../src/steal/dev/dev.js 1/24
app_z: ../src/steal/steal.js?steal/build/test/multibuild/app_z 443/636
app_z.prod: ../src/steal/steal.js?steal/build/test/multibuild/app_z,production 388/636
stealpage: ../src/steal/dev/dev.js 1/24
stealprodpage: ../src/steal/steal.js?steal/build/test,production 388/636
prod: ../src/steal/steal.js?steal/build/test/styles,production 388/636
prod2: ../src/steal/steal.js?steal/build/test/styles,production 399/636
styles: ../src/steal/dev/dev.js 1/24
styles: ../src/steal/less/less_engine.js 158/1407
styles: ../src/steal/less/less.js 3/21
styles: ../src/steal/steal.js?steal/build/test/styles 432/636
page: ../src/steal/dev/dev.js 1/24
page: ../src/steal/html/html.js 7/20
page: ../src/steal/steal.js?steal/less/test 389/636
production: ../src/steal/steal.js?steal/less/test 389/636
absoluteurl: ../src/steal/steal.js?steal[app]=steal/test/absoluteurl 389/636
index: ../src/steal/steal.js 387/636
funcunit: ../src/steal/steal.js?steal/test/funcunit 389/636
mypage: ../src/steal/dev/dev.js 1/24
app: ../src/steal/steal.js?steal/build/css/test/app 389/636
dataurls: ../src/steal/steal.js?steal/build/css/test/dataurls 389/636
page: ../src/steal/dev/dev.js 1/24
page: ../src/steal/steal.js?steal/build/css/test 436/636
production: ../src/steal/steal.js?steal/build/css/test,production 457/636
basic: ../src/steal/dev/dev.js 1/24
basic: ../src/steal/less/less_engine.js 158/1407
basic: ../src/steal/less/less.js 3/21
basic: ../src/steal/coffee/coffee.js 2/4
basic: ../src/steal/coffee/coffee-script.js 1/1
app: ../src/steal/dev/dev.js 1/24
circular: ../src/steal/dev/dev.js 1/24
circular: ../src/steal/steal.js?steal/build/test/circular 422/636
prod: ../src/steal/steal.js?steal/build/test/circular,production 388/636
foreign: ../src/steal/dev/dev.js 1/24
https: ../src/steal/dev/dev.js 1/24
https: https:/ajax.googleapis.com/ajax/libs/jquery/1.4.4/jquery.js 311/2703
https: script in file:/home/rahul/research/clone-unit-coverage/src/steal/build/test/https.html from (-1, -1) to (-1, -1) 1/1
jqueryready: ../src/steal/dev/dev.js 1/24
app_x: ../src/steal/dev/dev.js 1/24
app_x: ../src/steal/steal.js?steal/build/test/multibuild/app_x 443/636
app_x.prod: ../src/steal/steal.js?steal/build/test/multibuild/app_x,production 388/636
app_y: ../src/steal/dev/dev.js 1/24
app_y: ../src/steal/steal.js?steal/build/test/multibuild/app_y 445/636
app_y.prod: ../src/steal/steal.js?steal/build/test/multibuild/app_y,production 388/636
app_z: ../src/steal/dev/dev.js 1/24
app_z: ../src/steal/steal.js?steal/build/test/multibuild/app_z 443/636
app_z.prod: ../src/steal/steal.js?steal/build/test/multibuild/app_z,production 388/636
stealpage: ../src/steal/dev/dev.js 1/24
stealprodpage: ../src/steal/steal.js?steal/build/test,production 388/636
prod: ../src/steal/steal.js?steal/build/test/styles,production 388/636
prod2: ../src/steal/steal.js?steal/build/test/styles,production 399/636
styles: ../src/steal/dev/dev.js 1/24
styles: ../src/steal/less/less_engine.js 158/1407
styles: ../src/steal/less/less.js 3/21
styles: ../src/steal/steal.js?steal/build/test/styles 432/636
page: ../src/steal/dev/dev.js 1/24
page: ../src/steal/html/html.js 7/20
page: ../src/steal/steal.js?steal/less/test 389/636
production: ../src/steal/steal.js?steal/less/test 389/636
absoluteurl: ../src/steal/steal.js?steal[app]=steal/test/absoluteurl 389/636
index: ../src/steal/steal.js 387/636
funcunit: ../src/steal/steal.js?steal/test/funcunit 389/636
map: ../src/steal/dev/dev.js 1/24
mypage: ../src/steal/dev/dev.js 1/24
app: ../src/steal/steal.js?steal/build/css/test/app 389/636
dataurls: ../src/steal/steal.js?steal/build/css/test/dataurls 389/636
page: ../src/steal/dev/dev.js 1/24
page: ../src/steal/steal.js?steal/build/css/test 436/636
production: ../src/steal/steal.js?steal/build/css/test,production 457/636
basic: ../src/steal/dev/dev.js 1/24
basic: ../src/steal/less/less_engine.js 158/1407
basic: ../src/steal/less/less.js 3/21
basic: ../src/steal/coffee/coffee.js 2/4
basic: ../src/steal/coffee/coffee-script.js 1/1
app: ../src/steal/dev/dev.js 1/24
circular: ../src/steal/dev/dev.js 1/24
circular: ../src/steal/steal.js?steal/build/test/circular 422/636
prod: ../src/steal/steal.js?steal/build/test/circular,production 388/636
foreign: ../src/steal/dev/dev.js 1/24
https: ../src/steal/dev/dev.js 1/24
https: https:/ajax.googleapis.com/ajax/libs/jquery/1.4.4/jquery.js 311/2703
https: script in file:/home/rahul/research/clone-unit-coverage/src/steal/build/test/https.html from (-1, -1) to (-1, -1) 1/1
jqueryready: ../src/steal/dev/dev.js 1/24
app_x: ../src/steal/dev/dev.js 1/24
app_x: ../src/steal/steal.js?steal/build/test/multibuild/app_x 443/636
app_x.prod: ../src/steal/steal.js?steal/build/test/multibuild/app_x,production 388/636
app_y: ../src/steal/dev/dev.js 1/24
app_y: ../src/steal/steal.js?steal/build/test/multibuild/app_y 445/636
app_y.prod: ../src/steal/steal.js?steal/build/test/multibuild/app_y,production 388/636
app_z: ../src/steal/dev/dev.js 1/24
app_z: ../src/steal/steal.js?steal/build/test/multibuild/app_z 443/636
app_z.prod: ../src/steal/steal.js?steal/build/test/multibuild/app_z,production 388/636
stealpage: ../src/steal/dev/dev.js 1/24
stealprodpage: ../src/steal/steal.js?steal/build/test,production 388/636
prod: ../src/steal/steal.js?steal/build/test/styles,production 388/636
prod2: ../src/steal/steal.js?steal/build/test/styles,production 399/636
styles: ../src/steal/dev/dev.js 1/24
styles: ../src/steal/less/less_engine.js 158/1407
styles: ../src/steal/less/less.js 3/21
styles: ../src/steal/steal.js?steal/build/test/styles 432/636
page: ../src/steal/dev/dev.js 1/24
page: ../src/steal/html/html.js 7/20
page: ../src/steal/steal.js?steal/less/test 389/636
production: ../src/steal/steal.js?steal/less/test 389/636
absoluteurl: ../src/steal/steal.js?steal[app]=steal/test/absoluteurl 389/636
index: ../src/steal/steal.js 387/636
funcunit: ../src/steal/steal.js?steal/test/funcunit 389/636
map: ../src/steal/dev/dev.js 1/24
qunit: ../src/steal/dev/dev.js 1/24
qunit: ../src/steal/steal.js?steal[app]=steal/test/map/qunit 404/636
mypage: ../src/steal/dev/dev.js 1/24
app: ../src/steal/steal.js?steal/build/css/test/app 389/636
dataurls: ../src/steal/steal.js?steal/build/css/test/dataurls 389/636
page: ../src/steal/dev/dev.js 1/24
page: ../src/steal/steal.js?steal/build/css/test 436/636
production: ../src/steal/steal.js?steal/build/css/test,production 457/636
basic: ../src/steal/dev/dev.js 1/24
basic: ../src/steal/less/less_engine.js 158/1407
basic: ../src/steal/less/less.js 3/21
basic: ../src/steal/coffee/coffee.js 2/4
basic: ../src/steal/coffee/coffee-script.js 1/1
app: ../src/steal/dev/dev.js 1/24
circular: ../src/steal/dev/dev.js 1/24
circular: ../src/steal/steal.js?steal/build/test/circular 422/636
prod: ../src/steal/steal.js?steal/build/test/circular,production 388/636
foreign: ../src/steal/dev/dev.js 1/24
https: ../src/steal/dev/dev.js 1/24
https: https:/ajax.googleapis.com/ajax/libs/jquery/1.4.4/jquery.js 311/2703
https: script in file:/home/rahul/research/clone-unit-coverage/src/steal/build/test/https.html from (-1, -1) to (-1, -1) 1/1
jqueryready: ../src/steal/dev/dev.js 1/24
app_x: ../src/steal/dev/dev.js 1/24
app_x: ../src/steal/steal.js?steal/build/test/multibuild/app_x 443/636
app_x.prod: ../src/steal/steal.js?steal/build/test/multibuild/app_x,production 388/636
app_y: ../src/steal/dev/dev.js 1/24
app_y: ../src/steal/steal.js?steal/build/test/multibuild/app_y 445/636
app_y.prod: ../src/steal/steal.js?steal/build/test/multibuild/app_y,production 388/636
app_z: ../src/steal/dev/dev.js 1/24
app_z: ../src/steal/steal.js?steal/build/test/multibuild/app_z 443/636
app_z.prod: ../src/steal/steal.js?steal/build/test/multibuild/app_z,production 388/636
stealpage: ../src/steal/dev/dev.js 1/24
stealprodpage: ../src/steal/steal.js?steal/build/test,production 388/636
prod: ../src/steal/steal.js?steal/build/test/styles,production 388/636
prod2: ../src/steal/steal.js?steal/build/test/styles,production 399/636
styles: ../src/steal/dev/dev.js 1/24
styles: ../src/steal/less/less_engine.js 158/1407
styles: ../src/steal/less/less.js 3/21
styles: ../src/steal/steal.js?steal/build/test/styles 432/636
page: ../src/steal/dev/dev.js 1/24
page: ../src/steal/html/html.js 7/20
page: ../src/steal/steal.js?steal/less/test 389/636
production: ../src/steal/steal.js?steal/less/test 389/636
absoluteurl: ../src/steal/steal.js?steal[app]=steal/test/absoluteurl 389/636
index: ../src/steal/steal.js 387/636
funcunit: ../src/steal/steal.js?steal/test/funcunit 389/636
map: ../src/steal/dev/dev.js 1/24
qunit: ../src/steal/dev/dev.js 1/24
qunit: ../src/steal/steal.js?steal[app]=steal/test/map/qunit 404/636
multiple: ../src/steal/dev/dev.js 1/24
multiple: ../src/steal/steal.js?steal/test/multiple 421/636
mypage: ../src/steal/dev/dev.js 1/24
app: ../src/steal/steal.js?steal/build/css/test/app 389/636
dataurls: ../src/steal/steal.js?steal/build/css/test/dataurls 389/636
page: ../src/steal/dev/dev.js 1/24
page: ../src/steal/steal.js?steal/build/css/test 436/636
production: ../src/steal/steal.js?steal/build/css/test,production 457/636
basic: ../src/steal/dev/dev.js 1/24
basic: ../src/steal/less/less_engine.js 158/1407
basic: ../src/steal/less/less.js 3/21
basic: ../src/steal/coffee/coffee.js 2/4
basic: ../src/steal/coffee/coffee-script.js 1/1
app: ../src/steal/dev/dev.js 1/24
circular: ../src/steal/dev/dev.js 1/24
circular: ../src/steal/steal.js?steal/build/test/circular 422/636
prod: ../src/steal/steal.js?steal/build/test/circular,production 388/636
foreign: ../src/steal/dev/dev.js 1/24
https: ../src/steal/dev/dev.js 1/24
https: https:/ajax.googleapis.com/ajax/libs/jquery/1.4.4/jquery.js 311/2703
https: script in file:/home/rahul/research/clone-unit-coverage/src/steal/build/test/https.html from (-1, -1) to (-1, -1) 1/1
jqueryready: ../src/steal/dev/dev.js 1/24
app_x: ../src/steal/dev/dev.js 1/24
app_x: ../src/steal/steal.js?steal/build/test/multibuild/app_x 443/636
app_x.prod: ../src/steal/steal.js?steal/build/test/multibuild/app_x,production 388/636
app_y: ../src/steal/dev/dev.js 1/24
app_y: ../src/steal/steal.js?steal/build/test/multibuild/app_y 445/636
app_y.prod: ../src/steal/steal.js?steal/build/test/multibuild/app_y,production 388/636
app_z: ../src/steal/dev/dev.js 1/24
app_z: ../src/steal/steal.js?steal/build/test/multibuild/app_z 443/636
app_z.prod: ../src/steal/steal.js?steal/build/test/multibuild/app_z,production 388/636
stealpage: ../src/steal/dev/dev.js 1/24
stealprodpage: ../src/steal/steal.js?steal/build/test,production 388/636
prod: ../src/steal/steal.js?steal/build/test/styles,production 388/636
prod2: ../src/steal/steal.js?steal/build/test/styles,production 399/636
styles: ../src/steal/dev/dev.js 1/24
styles: ../src/steal/less/less_engine.js 158/1407
styles: ../src/steal/less/less.js 3/21
styles: ../src/steal/steal.js?steal/build/test/styles 432/636
page: ../src/steal/dev/dev.js 1/24
page: ../src/steal/html/html.js 7/20
page: ../src/steal/steal.js?steal/less/test 389/636
production: ../src/steal/steal.js?steal/less/test 389/636
absoluteurl: ../src/steal/steal.js?steal[app]=steal/test/absoluteurl 389/636
index: ../src/steal/steal.js 387/636
funcunit: ../src/steal/steal.js?steal/test/funcunit 389/636
map: ../src/steal/dev/dev.js 1/24
qunit: ../src/steal/dev/dev.js 1/24
qunit: ../src/steal/steal.js?steal[app]=steal/test/map/qunit 404/636
multiple: ../src/steal/dev/dev.js 1/24
multiple: ../src/steal/steal.js?steal/test/multiple 421/636
qunit: ../src/steal/dev/dev.js 1/24
qunit: ../src/steal/steal.js?steal[app]=steal/test/multiple/qunit 404/636
mypage: ../src/steal/dev/dev.js 1/24
app: ../src/steal/steal.js?steal/build/css/test/app 389/636
dataurls: ../src/steal/steal.js?steal/build/css/test/dataurls 389/636
page: ../src/steal/dev/dev.js 1/24
page: ../src/steal/steal.js?steal/build/css/test 436/636
production: ../src/steal/steal.js?steal/build/css/test,production 457/636
basic: ../src/steal/dev/dev.js 1/24
basic: ../src/steal/less/less_engine.js 158/1407
basic: ../src/steal/less/less.js 3/21
basic: ../src/steal/coffee/coffee.js 2/4
basic: ../src/steal/coffee/coffee-script.js 1/1
app: ../src/steal/dev/dev.js 1/24
circular: ../src/steal/dev/dev.js 1/24
circular: ../src/steal/steal.js?steal/build/test/circular 422/636
prod: ../src/steal/steal.js?steal/build/test/circular,production 388/636
foreign: ../src/steal/dev/dev.js 1/24
https: ../src/steal/dev/dev.js 1/24
https: https:/ajax.googleapis.com/ajax/libs/jquery/1.4.4/jquery.js 311/2703
https: script in file:/home/rahul/research/clone-unit-coverage/src/steal/build/test/https.html from (-1, -1) to (-1, -1) 1/1
jqueryready: ../src/steal/dev/dev.js 1/24
app_x: ../src/steal/dev/dev.js 1/24
app_x: ../src/steal/steal.js?steal/build/test/multibuild/app_x 443/636
app_x.prod: ../src/steal/steal.js?steal/build/test/multibuild/app_x,production 388/636
app_y: ../src/steal/dev/dev.js 1/24
app_y: ../src/steal/steal.js?steal/build/test/multibuild/app_y 445/636
app_y.prod: ../src/steal/steal.js?steal/build/test/multibuild/app_y,production 388/636
app_z: ../src/steal/dev/dev.js 1/24
app_z: ../src/steal/steal.js?steal/build/test/multibuild/app_z 443/636
app_z.prod: ../src/steal/steal.js?steal/build/test/multibuild/app_z,production 388/636
stealpage: ../src/steal/dev/dev.js 1/24
stealprodpage: ../src/steal/steal.js?steal/build/test,production 388/636
prod: ../src/steal/steal.js?steal/build/test/styles,production 388/636
prod2: ../src/steal/steal.js?steal/build/test/styles,production 399/636
styles: ../src/steal/dev/dev.js 1/24
styles: ../src/steal/less/less_engine.js 158/1407
styles: ../src/steal/less/less.js 3/21
styles: ../src/steal/steal.js?steal/build/test/styles 432/636
page: ../src/steal/dev/dev.js 1/24
page: ../src/steal/html/html.js 7/20
page: ../src/steal/steal.js?steal/less/test 389/636
production: ../src/steal/steal.js?steal/less/test 389/636
absoluteurl: ../src/steal/steal.js?steal[app]=steal/test/absoluteurl 389/636
index: ../src/steal/steal.js 387/636
funcunit: ../src/steal/steal.js?steal/test/funcunit 389/636
map: ../src/steal/dev/dev.js 1/24
qunit: ../src/steal/dev/dev.js 1/24
qunit: ../src/steal/steal.js?steal[app]=steal/test/map/qunit 404/636
multiple: ../src/steal/dev/dev.js 1/24
multiple: ../src/steal/steal.js?steal/test/multiple 421/636
qunit: ../src/steal/dev/dev.js 1/24
qunit: ../src/steal/steal.js?steal[app]=steal/test/multiple/qunit 404/636
index: ../src/steal/steal.js?steal/test/myapp/one.js,production 387/636
mypage: ../src/steal/dev/dev.js 1/24
app: ../src/steal/steal.js?steal/build/css/test/app 389/636
dataurls: ../src/steal/steal.js?steal/build/css/test/dataurls 389/636
page: ../src/steal/dev/dev.js 1/24
page: ../src/steal/steal.js?steal/build/css/test 436/636
production: ../src/steal/steal.js?steal/build/css/test,production 457/636
basic: ../src/steal/dev/dev.js 1/24
basic: ../src/steal/less/less_engine.js 158/1407
basic: ../src/steal/less/less.js 3/21
basic: ../src/steal/coffee/coffee.js 2/4
basic: ../src/steal/coffee/coffee-script.js 1/1
app: ../src/steal/dev/dev.js 1/24
circular: ../src/steal/dev/dev.js 1/24
circular: ../src/steal/steal.js?steal/build/test/circular 422/636
prod: ../src/steal/steal.js?steal/build/test/circular,production 388/636
foreign: ../src/steal/dev/dev.js 1/24
https: ../src/steal/dev/dev.js 1/24
https: https:/ajax.googleapis.com/ajax/libs/jquery/1.4.4/jquery.js 311/2703
https: script in file:/home/rahul/research/clone-unit-coverage/src/steal/build/test/https.html from (-1, -1) to (-1, -1) 1/1
jqueryready: ../src/steal/dev/dev.js 1/24
app_x: ../src/steal/dev/dev.js 1/24
app_x: ../src/steal/steal.js?steal/build/test/multibuild/app_x 443/636
app_x.prod: ../src/steal/steal.js?steal/build/test/multibuild/app_x,production 388/636
app_y: ../src/steal/dev/dev.js 1/24
app_y: ../src/steal/steal.js?steal/build/test/multibuild/app_y 445/636
app_y.prod: ../src/steal/steal.js?steal/build/test/multibuild/app_y,production 388/636
app_z: ../src/steal/dev/dev.js 1/24
app_z: ../src/steal/steal.js?steal/build/test/multibuild/app_z 443/636
app_z.prod: ../src/steal/steal.js?steal/build/test/multibuild/app_z,production 388/636
stealpage: ../src/steal/dev/dev.js 1/24
stealprodpage: ../src/steal/steal.js?steal/build/test,production 388/636
prod: ../src/steal/steal.js?steal/build/test/styles,production 388/636
prod2: ../src/steal/steal.js?steal/build/test/styles,production 399/636
styles: ../src/steal/dev/dev.js 1/24
styles: ../src/steal/less/less_engine.js 158/1407
styles: ../src/steal/less/less.js 3/21
styles: ../src/steal/steal.js?steal/build/test/styles 432/636
page: ../src/steal/dev/dev.js 1/24
page: ../src/steal/html/html.js 7/20
page: ../src/steal/steal.js?steal/less/test 389/636
production: ../src/steal/steal.js?steal/less/test 389/636
absoluteurl: ../src/steal/steal.js?steal[app]=steal/test/absoluteurl 389/636
index: ../src/steal/steal.js 387/636
funcunit: ../src/steal/steal.js?steal/test/funcunit 389/636
map: ../src/steal/dev/dev.js 1/24
qunit: ../src/steal/dev/dev.js 1/24
qunit: ../src/steal/steal.js?steal[app]=steal/test/map/qunit 404/636
multiple: ../src/steal/dev/dev.js 1/24
multiple: ../src/steal/steal.js?steal/test/multiple 421/636
qunit: ../src/steal/dev/dev.js 1/24
qunit: ../src/steal/steal.js?steal[app]=steal/test/multiple/qunit 404/636
index: ../src/steal/steal.js?steal/test/myapp/one.js,production 387/636
mypage: ../src/steal/dev/dev.js 1/24
app: ../src/steal/steal.js?steal/build/css/test/app 389/636
dataurls: ../src/steal/steal.js?steal/build/css/test/dataurls 389/636
page: ../src/steal/dev/dev.js 1/24
page: ../src/steal/steal.js?steal/build/css/test 436/636
production: ../src/steal/steal.js?steal/build/css/test,production 457/636
basic: ../src/steal/dev/dev.js 1/24
basic: ../src/steal/less/less_engine.js 158/1407
basic: ../src/steal/less/less.js 3/21
basic: ../src/steal/coffee/coffee.js 2/4
basic: ../src/steal/coffee/coffee-script.js 1/1
app: ../src/steal/dev/dev.js 1/24
circular: ../src/steal/dev/dev.js 1/24
circular: ../src/steal/steal.js?steal/build/test/circular 422/636
prod: ../src/steal/steal.js?steal/build/test/circular,production 388/636
foreign: ../src/steal/dev/dev.js 1/24
https: ../src/steal/dev/dev.js 1/24
https: https:/ajax.googleapis.com/ajax/libs/jquery/1.4.4/jquery.js 311/2703
https: script in file:/home/rahul/research/clone-unit-coverage/src/steal/build/test/https.html from (-1, -1) to (-1, -1) 1/1
jqueryready: ../src/steal/dev/dev.js 1/24
app_x: ../src/steal/dev/dev.js 1/24
app_x: ../src/steal/steal.js?steal/build/test/multibuild/app_x 443/636
app_x.prod: ../src/steal/steal.js?steal/build/test/multibuild/app_x,production 388/636
app_y: ../src/steal/dev/dev.js 1/24
app_y: ../src/steal/steal.js?steal/build/test/multibuild/app_y 445/636
app_y.prod: ../src/steal/steal.js?steal/build/test/multibuild/app_y,production 388/636
app_z: ../src/steal/dev/dev.js 1/24
app_z: ../src/steal/steal.js?steal/build/test/multibuild/app_z 443/636
app_z.prod: ../src/steal/steal.js?steal/build/test/multibuild/app_z,production 388/636
stealpage: ../src/steal/dev/dev.js 1/24
stealprodpage: ../src/steal/steal.js?steal/build/test,production 388/636
prod: ../src/steal/steal.js?steal/build/test/styles,production 388/636
prod2: ../src/steal/steal.js?steal/build/test/styles,production 399/636
styles: ../src/steal/dev/dev.js 1/24
styles: ../src/steal/less/less_engine.js 158/1407
styles: ../src/steal/less/less.js 3/21
styles: ../src/steal/steal.js?steal/build/test/styles 432/636
page: ../src/steal/dev/dev.js 1/24
page: ../src/steal/html/html.js 7/20
page: ../src/steal/steal.js?steal/less/test 389/636
production: ../src/steal/steal.js?steal/less/test 389/636
absoluteurl: ../src/steal/steal.js?steal[app]=steal/test/absoluteurl 389/636
index: ../src/steal/steal.js 387/636
funcunit: ../src/steal/steal.js?steal/test/funcunit 389/636
map: ../src/steal/dev/dev.js 1/24
qunit: ../src/steal/dev/dev.js 1/24
qunit: ../src/steal/steal.js?steal[app]=steal/test/map/qunit 404/636
multiple: ../src/steal/dev/dev.js 1/24
multiple: ../src/steal/steal.js?steal/test/multiple 421/636
qunit: ../src/steal/dev/dev.js 1/24
qunit: ../src/steal/steal.js?steal[app]=steal/test/multiple/qunit 404/636
index: ../src/steal/steal.js?steal/test/myapp/one.js,production 387/636
qunit: ../src/steal/dev/dev.js 1/24
qunit: ../src/funcunit/qunit/qunit.js 121/751
qunit: ../src/funcunit/browser/events.js 4/19
qunit: ../src/steal/less/less_engine.js 460/1407
qunit: ../src/steal/less/less.js 13/21
qunit: ../src/steal/steal.js?steal/test/qunit 477/636
mypage: ../src/steal/dev/dev.js 1/24
app: ../src/steal/steal.js?steal/build/css/test/app 389/636
dataurls: ../src/steal/steal.js?steal/build/css/test/dataurls 389/636
page: ../src/steal/dev/dev.js 1/24
page: ../src/steal/steal.js?steal/build/css/test 436/636
production: ../src/steal/steal.js?steal/build/css/test,production 457/636
basic: ../src/steal/dev/dev.js 1/24
basic: ../src/steal/less/less_engine.js 158/1407
basic: ../src/steal/less/less.js 3/21
basic: ../src/steal/coffee/coffee.js 2/4
basic: ../src/steal/coffee/coffee-script.js 1/1
app: ../src/steal/dev/dev.js 1/24
circular: ../src/steal/dev/dev.js 1/24
circular: ../src/steal/steal.js?steal/build/test/circular 422/636
prod: ../src/steal/steal.js?steal/build/test/circular,production 388/636
foreign: ../src/steal/dev/dev.js 1/24
https: ../src/steal/dev/dev.js 1/24
https: https:/ajax.googleapis.com/ajax/libs/jquery/1.4.4/jquery.js 311/2703
https: script in file:/home/rahul/research/clone-unit-coverage/src/steal/build/test/https.html from (-1, -1) to (-1, -1) 1/1
jqueryready: ../src/steal/dev/dev.js 1/24
app_x: ../src/steal/dev/dev.js 1/24
app_x: ../src/steal/steal.js?steal/build/test/multibuild/app_x 443/636
app_x.prod: ../src/steal/steal.js?steal/build/test/multibuild/app_x,production 388/636
app_y: ../src/steal/dev/dev.js 1/24
app_y: ../src/steal/steal.js?steal/build/test/multibuild/app_y 445/636
app_y.prod: ../src/steal/steal.js?steal/build/test/multibuild/app_y,production 388/636
app_z: ../src/steal/dev/dev.js 1/24
app_z: ../src/steal/steal.js?steal/build/test/multibuild/app_z 443/636
app_z.prod: ../src/steal/steal.js?steal/build/test/multibuild/app_z,production 388/636
stealpage: ../src/steal/dev/dev.js 1/24
stealprodpage: ../src/steal/steal.js?steal/build/test,production 388/636
prod: ../src/steal/steal.js?steal/build/test/styles,production 388/636
prod2: ../src/steal/steal.js?steal/build/test/styles,production 399/636
styles: ../src/steal/dev/dev.js 1/24
styles: ../src/steal/less/less_engine.js 158/1407
styles: ../src/steal/less/less.js 3/21
styles: ../src/steal/steal.js?steal/build/test/styles 432/636
page: ../src/steal/dev/dev.js 1/24
page: ../src/steal/html/html.js 7/20
page: ../src/steal/steal.js?steal/less/test 389/636
production: ../src/steal/steal.js?steal/less/test 389/636
absoluteurl: ../src/steal/steal.js?steal[app]=steal/test/absoluteurl 389/636
index: ../src/steal/steal.js 387/636
funcunit: ../src/steal/steal.js?steal/test/funcunit 389/636
map: ../src/steal/dev/dev.js 1/24
qunit: ../src/steal/dev/dev.js 1/24
qunit: ../src/steal/steal.js?steal[app]=steal/test/map/qunit 404/636
multiple: ../src/steal/dev/dev.js 1/24
multiple: ../src/steal/steal.js?steal/test/multiple 421/636
qunit: ../src/steal/dev/dev.js 1/24
qunit: ../src/steal/steal.js?steal[app]=steal/test/multiple/qunit 404/636
index: ../src/steal/steal.js?steal/test/myapp/one.js,production 387/636
qunit: ../src/steal/dev/dev.js 1/24
qunit: ../src/funcunit/qunit/qunit.js 121/751
qunit: ../src/funcunit/browser/events.js 4/19
qunit: ../src/steal/less/less_engine.js 460/1407
qunit: ../src/steal/less/less.js 13/21
qunit: ../src/steal/steal.js?steal/test/qunit 477/636
steal: ../src/steal/steal.js?steal[app]=steal/test/one&steal[env]=development 389/636
