array: ../src/Sugar/lib/es5.js 25/120
array: ../src/Sugar/lib/core.js 133/163
array: ../src/Sugar/lib/array.js 322/322
date: ../src/Sugar/lib/es5.js 29/120
date: ../src/Sugar/lib/core.js 109/163
date: ../src/Sugar/lib/date.js 697/714
dates_only: ../src/Sugar/release/1.2.5/minified/sugar-1.2.5-dates-only.min.js 40/50
full: ../src/Sugar/release/edge/development/sugar-edge.development.js 689/2013
analyzer: ../src/Sugar/lib/core.js 65/163
analyzer: ../src/Sugar/lib/analyzer.js 73/128
timeframe: ../src/Sugar/lib/analyzer.js 69/128
analyzer: ../src/Sugar/lib/analyzer.js 55/128
index: ../src/Sugar/lib/analyzer.js 67/128
index: https:/ajax.googleapis.com/ajax/libs/jquery/1.6.0/jquery.min.js 1/1
es5: ../src/Sugar/lib/es5.js 25/120
es5: ../src/Sugar/lib/core.js 73/163
full: ../src/Sugar/lib/function.js 2/64
full: ../src/Sugar/lib/string.js 21/198
full: ../src/Sugar/lib/number.js 9/60
full: ../src/Sugar/lib/object.js 16/99
full: ../src/Sugar/lib/array.js 61/322
full: ../src/Sugar/lib/es5.js 25/120
full: ../src/Sugar/lib/date_ranges.js 6/28
full: ../src/Sugar/lib/regexp.js 3/9
full: ../src/Sugar/lib/language.js 26/72
full: ../src/Sugar/lib/date.js 281/714
full: ../src/Sugar/lib/core.js 90/163
full: ../src/Sugar/lib/inflections.js 98/147
function: ../src/Sugar/lib/es5.js 33/120
function: ../src/Sugar/lib/core.js 83/163
function: ../src/Sugar/lib/function.js 63/64
inflections: ../src/Sugar/lib/string.js 21/198
inflections: ../src/Sugar/lib/es5.js 25/120
inflections: ../src/Sugar/lib/core.js 80/163
inflections: ../src/Sugar/lib/inflections.js 98/147
language: ../src/Sugar/lib/string.js 34/198
language: ../src/Sugar/lib/es5.js 28/120
language: ../src/Sugar/lib/core.js 86/163
language: ../src/Sugar/lib/language.js 72/72
full: ../src/Sugar/release/edge/minified/sugar-edge-full.min.js 97/123
number: ../src/Sugar/lib/es5.js 28/120
number: ../src/Sugar/lib/core.js 98/163
number: ../src/Sugar/lib/number.js 60/60
object: ../src/Sugar/lib/object.js 16/99
object: ../src/Sugar/lib/es5.js 38/120
object: ../src/Sugar/lib/core.js 90/163
prototype: ../src/Sugar/lib/core.js 65/163
prototype: https:/ajax.googleapis.com/ajax/libs/jquery/1.6.0/jquery.min.js 1/1
regexp: ../src/Sugar/lib/core.js 73/163
regexp: ../src/Sugar/lib/regexp.js 8/9
string: ../src/Sugar/lib/es5.js 28/120
string: ../src/Sugar/lib/core.js 105/163
string: ../src/Sugar/lib/string.js 144/198
underscore: ../src/Sugar/lib/core.js 65/163
underscore: https:/ajax.googleapis.com/ajax/libs/jquery/1.6.0/jquery.min.js 1/1
array: ../src/Sugar/lib/es5.js 25/120
array: ../src/Sugar/lib/core.js 133/163
array: ../src/Sugar/lib/array.js 322/322
date: ../src/Sugar/lib/es5.js 29/120
date: ../src/Sugar/lib/core.js 109/163
date: ../src/Sugar/lib/date.js 697/714
dates_only: ../src/Sugar/release/1.2.5/minified/sugar-1.2.5-dates-only.min.js 40/50
full: ../src/Sugar/release/edge/development/sugar-edge.development.js 689/2013
analyzer: ../src/Sugar/lib/core.js 65/163
analyzer: ../src/Sugar/lib/analyzer.js 73/128
timeframe: ../src/Sugar/lib/analyzer.js 69/128
analyzer: ../src/Sugar/lib/analyzer.js 55/128
index: ../src/Sugar/lib/analyzer.js 67/128
index: https:/ajax.googleapis.com/ajax/libs/jquery/1.6.0/jquery.min.js 1/1
es5: ../src/Sugar/lib/es5.js 25/120
es5: ../src/Sugar/lib/core.js 73/163
full: ../src/Sugar/lib/function.js 2/64
full: ../src/Sugar/lib/string.js 21/198
full: ../src/Sugar/lib/number.js 9/60
full: ../src/Sugar/lib/object.js 16/99
full: ../src/Sugar/lib/array.js 61/322
full: ../src/Sugar/lib/es5.js 25/120
full: ../src/Sugar/lib/date_ranges.js 6/28
full: ../src/Sugar/lib/regexp.js 3/9
full: ../src/Sugar/lib/language.js 26/72
full: ../src/Sugar/lib/date.js 281/714
full: ../src/Sugar/lib/core.js 90/163
full: ../src/Sugar/lib/inflections.js 98/147
function: ../src/Sugar/lib/es5.js 33/120
function: ../src/Sugar/lib/core.js 83/163
function: ../src/Sugar/lib/function.js 63/64
inflections: ../src/Sugar/lib/string.js 21/198
inflections: ../src/Sugar/lib/es5.js 25/120
inflections: ../src/Sugar/lib/core.js 80/163
inflections: ../src/Sugar/lib/inflections.js 98/147
language: ../src/Sugar/lib/string.js 34/198
language: ../src/Sugar/lib/es5.js 28/120
language: ../src/Sugar/lib/core.js 86/163
language: ../src/Sugar/lib/language.js 72/72
full: ../src/Sugar/release/edge/minified/sugar-edge-full.min.js 97/123
number: ../src/Sugar/lib/es5.js 28/120
number: ../src/Sugar/lib/core.js 98/163
number: ../src/Sugar/lib/number.js 60/60
object: ../src/Sugar/lib/object.js 16/99
object: ../src/Sugar/lib/es5.js 38/120
object: ../src/Sugar/lib/core.js 90/163
prototype: ../src/Sugar/lib/core.js 65/163
prototype: https:/ajax.googleapis.com/ajax/libs/jquery/1.6.0/jquery.min.js 1/1
regexp: ../src/Sugar/lib/core.js 73/163
regexp: ../src/Sugar/lib/regexp.js 8/9
string: ../src/Sugar/lib/es5.js 28/120
string: ../src/Sugar/lib/core.js 105/163
string: ../src/Sugar/lib/string.js 144/198
underscore: ../src/Sugar/lib/core.js 65/163
underscore: https:/ajax.googleapis.com/ajax/libs/jquery/1.6.0/jquery.min.js 1/1
array: ../src/Sugar/lib/es5.js 25/120
array: ../src/Sugar/lib/core.js 133/163
array: ../src/Sugar/lib/array.js 322/322
date: ../src/Sugar/lib/es5.js 29/120
date: ../src/Sugar/lib/core.js 109/163
date: ../src/Sugar/lib/date.js 697/714
dates_only: ../src/Sugar/release/1.2.5/minified/sugar-1.2.5-dates-only.min.js 40/50
full: ../src/Sugar/release/edge/development/sugar-edge.development.js 689/2013
analyzer: ../src/Sugar/lib/core.js 65/163
analyzer: ../src/Sugar/lib/analyzer.js 73/128
timeframe: ../src/Sugar/lib/analyzer.js 69/128
analyzer: ../src/Sugar/lib/analyzer.js 55/128
index: ../src/Sugar/lib/analyzer.js 67/128
index: https:/ajax.googleapis.com/ajax/libs/jquery/1.6.0/jquery.min.js 1/1
es5: ../src/Sugar/lib/es5.js 25/120
es5: ../src/Sugar/lib/core.js 73/163
full: ../src/Sugar/lib/function.js 2/64
full: ../src/Sugar/lib/string.js 21/198
full: ../src/Sugar/lib/number.js 9/60
full: ../src/Sugar/lib/object.js 16/99
full: ../src/Sugar/lib/array.js 61/322
full: ../src/Sugar/lib/es5.js 25/120
full: ../src/Sugar/lib/date_ranges.js 6/28
full: ../src/Sugar/lib/regexp.js 3/9
full: ../src/Sugar/lib/language.js 26/72
full: ../src/Sugar/lib/date.js 281/714
full: ../src/Sugar/lib/core.js 90/163
full: ../src/Sugar/lib/inflections.js 98/147
function: ../src/Sugar/lib/es5.js 33/120
function: ../src/Sugar/lib/core.js 83/163
function: ../src/Sugar/lib/function.js 63/64
inflections: ../src/Sugar/lib/string.js 21/198
inflections: ../src/Sugar/lib/es5.js 25/120
inflections: ../src/Sugar/lib/core.js 80/163
inflections: ../src/Sugar/lib/inflections.js 98/147
language: ../src/Sugar/lib/string.js 34/198
language: ../src/Sugar/lib/es5.js 28/120
language: ../src/Sugar/lib/core.js 86/163
language: ../src/Sugar/lib/language.js 72/72
full: ../src/Sugar/release/edge/minified/sugar-edge-full.min.js 97/123
number: ../src/Sugar/lib/es5.js 28/120
number: ../src/Sugar/lib/core.js 98/163
number: ../src/Sugar/lib/number.js 60/60
object: ../src/Sugar/lib/object.js 16/99
object: ../src/Sugar/lib/es5.js 38/120
object: ../src/Sugar/lib/core.js 90/163
prototype: ../src/Sugar/lib/core.js 65/163
prototype: https:/ajax.googleapis.com/ajax/libs/jquery/1.6.0/jquery.min.js 1/1
regexp: ../src/Sugar/lib/core.js 73/163
regexp: ../src/Sugar/lib/regexp.js 8/9
string: ../src/Sugar/lib/es5.js 28/120
string: ../src/Sugar/lib/core.js 105/163
string: ../src/Sugar/lib/string.js 144/198
underscore: ../src/Sugar/lib/core.js 65/163
underscore: https:/ajax.googleapis.com/ajax/libs/jquery/1.6.0/jquery.min.js 1/1
array: ../src/Sugar/lib/es5.js 25/120
array: ../src/Sugar/lib/core.js 133/163
array: ../src/Sugar/lib/array.js 322/322
date: ../src/Sugar/lib/es5.js 29/120
date: ../src/Sugar/lib/core.js 109/163
date: ../src/Sugar/lib/date.js 697/714
dates_only: ../src/Sugar/release/1.2.5/minified/sugar-1.2.5-dates-only.min.js 40/50
full: ../src/Sugar/release/edge/development/sugar-edge.development.js 689/2013
analyzer: ../src/Sugar/lib/core.js 65/163
analyzer: ../src/Sugar/lib/analyzer.js 73/128
timeframe: ../src/Sugar/lib/analyzer.js 69/128
analyzer: ../src/Sugar/lib/analyzer.js 55/128
index: ../src/Sugar/lib/analyzer.js 67/128
index: https:/ajax.googleapis.com/ajax/libs/jquery/1.6.0/jquery.min.js 1/1
es5: ../src/Sugar/lib/es5.js 25/120
es5: ../src/Sugar/lib/core.js 73/163
full: ../src/Sugar/lib/function.js 2/64
full: ../src/Sugar/lib/string.js 21/198
full: ../src/Sugar/lib/number.js 9/60
full: ../src/Sugar/lib/object.js 16/99
full: ../src/Sugar/lib/array.js 61/322
full: ../src/Sugar/lib/es5.js 25/120
full: ../src/Sugar/lib/date_ranges.js 6/28
full: ../src/Sugar/lib/regexp.js 3/9
full: ../src/Sugar/lib/language.js 26/72
full: ../src/Sugar/lib/date.js 281/714
full: ../src/Sugar/lib/core.js 90/163
full: ../src/Sugar/lib/inflections.js 98/147
function: ../src/Sugar/lib/es5.js 33/120
function: ../src/Sugar/lib/core.js 83/163
function: ../src/Sugar/lib/function.js 63/64
inflections: ../src/Sugar/lib/string.js 21/198
inflections: ../src/Sugar/lib/es5.js 25/120
inflections: ../src/Sugar/lib/core.js 80/163
inflections: ../src/Sugar/lib/inflections.js 98/147
language: ../src/Sugar/lib/string.js 34/198
language: ../src/Sugar/lib/es5.js 28/120
language: ../src/Sugar/lib/core.js 86/163
language: ../src/Sugar/lib/language.js 72/72
full: ../src/Sugar/release/edge/minified/sugar-edge-full.min.js 97/123
number: ../src/Sugar/lib/es5.js 28/120
number: ../src/Sugar/lib/core.js 98/163
number: ../src/Sugar/lib/number.js 60/60
object: ../src/Sugar/lib/object.js 16/99
object: ../src/Sugar/lib/es5.js 38/120
object: ../src/Sugar/lib/core.js 90/163
prototype: ../src/Sugar/lib/core.js 65/163
prototype: https:/ajax.googleapis.com/ajax/libs/jquery/1.6.0/jquery.min.js 1/1
regexp: ../src/Sugar/lib/core.js 73/163
regexp: ../src/Sugar/lib/regexp.js 8/9
string: ../src/Sugar/lib/es5.js 28/120
string: ../src/Sugar/lib/core.js 105/163
string: ../src/Sugar/lib/string.js 144/198
underscore: ../src/Sugar/lib/core.js 65/163
underscore: https:/ajax.googleapis.com/ajax/libs/jquery/1.6.0/jquery.min.js 1/1
array: ../src/Sugar/lib/es5.js 25/120
array: ../src/Sugar/lib/core.js 133/163
array: ../src/Sugar/lib/array.js 322/322
date: ../src/Sugar/lib/es5.js 29/120
date: ../src/Sugar/lib/core.js 109/163
date: ../src/Sugar/lib/date.js 697/714
dates_only: ../src/Sugar/release/1.2.5/minified/sugar-1.2.5-dates-only.min.js 40/50
full: ../src/Sugar/release/edge/development/sugar-edge.development.js 689/2013
analyzer: ../src/Sugar/lib/core.js 65/163
analyzer: ../src/Sugar/lib/analyzer.js 73/128
timeframe: ../src/Sugar/lib/analyzer.js 69/128
analyzer: ../src/Sugar/lib/analyzer.js 55/128
index: ../src/Sugar/lib/analyzer.js 67/128
index: https:/ajax.googleapis.com/ajax/libs/jquery/1.6.0/jquery.min.js 1/1
es5: ../src/Sugar/lib/es5.js 25/120
es5: ../src/Sugar/lib/core.js 73/163
full: ../src/Sugar/lib/function.js 2/64
full: ../src/Sugar/lib/string.js 21/198
full: ../src/Sugar/lib/number.js 9/60
full: ../src/Sugar/lib/object.js 16/99
full: ../src/Sugar/lib/array.js 61/322
full: ../src/Sugar/lib/es5.js 25/120
full: ../src/Sugar/lib/date_ranges.js 6/28
full: ../src/Sugar/lib/regexp.js 3/9
full: ../src/Sugar/lib/language.js 26/72
full: ../src/Sugar/lib/date.js 281/714
full: ../src/Sugar/lib/core.js 90/163
full: ../src/Sugar/lib/inflections.js 98/147
function: ../src/Sugar/lib/es5.js 33/120
function: ../src/Sugar/lib/core.js 83/163
function: ../src/Sugar/lib/function.js 63/64
inflections: ../src/Sugar/lib/string.js 21/198
inflections: ../src/Sugar/lib/es5.js 25/120
inflections: ../src/Sugar/lib/core.js 80/163
inflections: ../src/Sugar/lib/inflections.js 98/147
language: ../src/Sugar/lib/string.js 34/198
language: ../src/Sugar/lib/es5.js 28/120
language: ../src/Sugar/lib/core.js 86/163
language: ../src/Sugar/lib/language.js 72/72
full: ../src/Sugar/release/edge/minified/sugar-edge-full.min.js 97/123
number: ../src/Sugar/lib/es5.js 28/120
number: ../src/Sugar/lib/core.js 98/163
number: ../src/Sugar/lib/number.js 60/60
object: ../src/Sugar/lib/object.js 16/99
object: ../src/Sugar/lib/es5.js 38/120
object: ../src/Sugar/lib/core.js 90/163
prototype: ../src/Sugar/lib/core.js 65/163
prototype: https:/ajax.googleapis.com/ajax/libs/jquery/1.6.0/jquery.min.js 1/1
regexp: ../src/Sugar/lib/core.js 73/163
regexp: ../src/Sugar/lib/regexp.js 8/9
string: ../src/Sugar/lib/es5.js 28/120
string: ../src/Sugar/lib/core.js 105/163
string: ../src/Sugar/lib/string.js 144/198
underscore: ../src/Sugar/lib/core.js 65/163
underscore: https:/ajax.googleapis.com/ajax/libs/jquery/1.6.0/jquery.min.js 1/1
array: ../src/Sugar/lib/es5.js 25/120
array: ../src/Sugar/lib/core.js 133/163
array: ../src/Sugar/lib/array.js 322/322
date: ../src/Sugar/lib/es5.js 29/120
date: ../src/Sugar/lib/core.js 109/163
date: ../src/Sugar/lib/date.js 697/714
dates_only: ../src/Sugar/release/1.2.5/minified/sugar-1.2.5-dates-only.min.js 40/50
full: ../src/Sugar/release/edge/development/sugar-edge.development.js 689/2013
analyzer: ../src/Sugar/lib/core.js 65/163
analyzer: ../src/Sugar/lib/analyzer.js 73/128
timeframe: ../src/Sugar/lib/analyzer.js 69/128
analyzer: ../src/Sugar/lib/analyzer.js 55/128
index: ../src/Sugar/lib/analyzer.js 67/128
index: https:/ajax.googleapis.com/ajax/libs/jquery/1.6.0/jquery.min.js 1/1
es5: ../src/Sugar/lib/es5.js 25/120
es5: ../src/Sugar/lib/core.js 73/163
full: ../src/Sugar/lib/function.js 2/64
full: ../src/Sugar/lib/string.js 21/198
full: ../src/Sugar/lib/number.js 9/60
full: ../src/Sugar/lib/object.js 16/99
full: ../src/Sugar/lib/array.js 61/322
full: ../src/Sugar/lib/es5.js 25/120
full: ../src/Sugar/lib/date_ranges.js 6/28
full: ../src/Sugar/lib/regexp.js 3/9
full: ../src/Sugar/lib/language.js 26/72
full: ../src/Sugar/lib/date.js 281/714
full: ../src/Sugar/lib/core.js 90/163
full: ../src/Sugar/lib/inflections.js 98/147
function: ../src/Sugar/lib/es5.js 33/120
function: ../src/Sugar/lib/core.js 83/163
function: ../src/Sugar/lib/function.js 63/64
inflections: ../src/Sugar/lib/string.js 21/198
inflections: ../src/Sugar/lib/es5.js 25/120
inflections: ../src/Sugar/lib/core.js 80/163
inflections: ../src/Sugar/lib/inflections.js 98/147
language: ../src/Sugar/lib/string.js 34/198
language: ../src/Sugar/lib/es5.js 28/120
language: ../src/Sugar/lib/core.js 86/163
language: ../src/Sugar/lib/language.js 72/72
full: ../src/Sugar/release/edge/minified/sugar-edge-full.min.js 97/123
number: ../src/Sugar/lib/es5.js 28/120
number: ../src/Sugar/lib/core.js 98/163
number: ../src/Sugar/lib/number.js 60/60
object: ../src/Sugar/lib/object.js 16/99
object: ../src/Sugar/lib/es5.js 38/120
object: ../src/Sugar/lib/core.js 90/163
prototype: ../src/Sugar/lib/core.js 65/163
prototype: https:/ajax.googleapis.com/ajax/libs/jquery/1.6.0/jquery.min.js 1/1
regexp: ../src/Sugar/lib/core.js 73/163
regexp: ../src/Sugar/lib/regexp.js 8/9
string: ../src/Sugar/lib/es5.js 28/120
string: ../src/Sugar/lib/core.js 105/163
string: ../src/Sugar/lib/string.js 144/198
underscore: ../src/Sugar/lib/core.js 65/163
underscore: https:/ajax.googleapis.com/ajax/libs/jquery/1.6.0/jquery.min.js 1/1
array: ../src/Sugar/lib/es5.js 25/120
array: ../src/Sugar/lib/core.js 133/163
array: ../src/Sugar/lib/array.js 322/322
date: ../src/Sugar/lib/es5.js 29/120
date: ../src/Sugar/lib/core.js 109/163
date: ../src/Sugar/lib/date.js 697/714
dates_only: ../src/Sugar/release/1.2.5/minified/sugar-1.2.5-dates-only.min.js 40/50
full: ../src/Sugar/release/edge/development/sugar-edge.development.js 689/2013
analyzer: ../src/Sugar/lib/core.js 65/163
analyzer: ../src/Sugar/lib/analyzer.js 73/128
timeframe: ../src/Sugar/lib/analyzer.js 69/128
analyzer: ../src/Sugar/lib/analyzer.js 55/128
index: ../src/Sugar/lib/analyzer.js 67/128
index: https:/ajax.googleapis.com/ajax/libs/jquery/1.6.0/jquery.min.js 1/1
es5: ../src/Sugar/lib/es5.js 25/120
es5: ../src/Sugar/lib/core.js 73/163
full: ../src/Sugar/lib/function.js 2/64
full: ../src/Sugar/lib/string.js 21/198
full: ../src/Sugar/lib/number.js 9/60
full: ../src/Sugar/lib/object.js 16/99
full: ../src/Sugar/lib/array.js 61/322
full: ../src/Sugar/lib/es5.js 25/120
full: ../src/Sugar/lib/date_ranges.js 6/28
full: ../src/Sugar/lib/regexp.js 3/9
full: ../src/Sugar/lib/language.js 26/72
full: ../src/Sugar/lib/date.js 281/714
full: ../src/Sugar/lib/core.js 90/163
full: ../src/Sugar/lib/inflections.js 98/147
function: ../src/Sugar/lib/es5.js 33/120
function: ../src/Sugar/lib/core.js 83/163
function: ../src/Sugar/lib/function.js 63/64
inflections: ../src/Sugar/lib/string.js 21/198
inflections: ../src/Sugar/lib/es5.js 25/120
inflections: ../src/Sugar/lib/core.js 80/163
inflections: ../src/Sugar/lib/inflections.js 98/147
language: ../src/Sugar/lib/string.js 34/198
language: ../src/Sugar/lib/es5.js 28/120
language: ../src/Sugar/lib/core.js 86/163
language: ../src/Sugar/lib/language.js 72/72
full: ../src/Sugar/release/edge/minified/sugar-edge-full.min.js 97/123
number: ../src/Sugar/lib/es5.js 28/120
number: ../src/Sugar/lib/core.js 98/163
number: ../src/Sugar/lib/number.js 60/60
object: ../src/Sugar/lib/object.js 16/99
object: ../src/Sugar/lib/es5.js 38/120
object: ../src/Sugar/lib/core.js 90/163
prototype: ../src/Sugar/lib/core.js 65/163
prototype: https:/ajax.googleapis.com/ajax/libs/jquery/1.6.0/jquery.min.js 1/1
regexp: ../src/Sugar/lib/core.js 73/163
regexp: ../src/Sugar/lib/regexp.js 8/9
string: ../src/Sugar/lib/es5.js 28/120
string: ../src/Sugar/lib/core.js 105/163
string: ../src/Sugar/lib/string.js 144/198
underscore: ../src/Sugar/lib/core.js 65/163
underscore: https:/ajax.googleapis.com/ajax/libs/jquery/1.6.0/jquery.min.js 1/1
array: ../src/Sugar/lib/es5.js 25/120
array: ../src/Sugar/lib/core.js 133/163
array: ../src/Sugar/lib/array.js 322/322
date: ../src/Sugar/lib/es5.js 29/120
date: ../src/Sugar/lib/core.js 109/163
date: ../src/Sugar/lib/date.js 697/714
dates_only: ../src/Sugar/release/1.2.5/minified/sugar-1.2.5-dates-only.min.js 40/50
full: ../src/Sugar/release/edge/development/sugar-edge.development.js 689/2013
analyzer: ../src/Sugar/lib/core.js 65/163
analyzer: ../src/Sugar/lib/analyzer.js 73/128
timeframe: ../src/Sugar/lib/analyzer.js 69/128
analyzer: ../src/Sugar/lib/analyzer.js 55/128
index: ../src/Sugar/lib/analyzer.js 67/128
index: https:/ajax.googleapis.com/ajax/libs/jquery/1.6.0/jquery.min.js 1/1
es5: ../src/Sugar/lib/es5.js 25/120
es5: ../src/Sugar/lib/core.js 73/163
full: ../src/Sugar/lib/function.js 2/64
full: ../src/Sugar/lib/string.js 21/198
full: ../src/Sugar/lib/number.js 9/60
full: ../src/Sugar/lib/object.js 16/99
full: ../src/Sugar/lib/array.js 61/322
full: ../src/Sugar/lib/es5.js 25/120
full: ../src/Sugar/lib/date_ranges.js 6/28
full: ../src/Sugar/lib/regexp.js 3/9
full: ../src/Sugar/lib/language.js 26/72
full: ../src/Sugar/lib/date.js 281/714
full: ../src/Sugar/lib/core.js 90/163
full: ../src/Sugar/lib/inflections.js 98/147
function: ../src/Sugar/lib/es5.js 33/120
function: ../src/Sugar/lib/core.js 83/163
function: ../src/Sugar/lib/function.js 63/64
inflections: ../src/Sugar/lib/string.js 21/198
inflections: ../src/Sugar/lib/es5.js 25/120
inflections: ../src/Sugar/lib/core.js 80/163
inflections: ../src/Sugar/lib/inflections.js 98/147
language: ../src/Sugar/lib/string.js 34/198
language: ../src/Sugar/lib/es5.js 28/120
language: ../src/Sugar/lib/core.js 86/163
language: ../src/Sugar/lib/language.js 72/72
full: ../src/Sugar/release/edge/minified/sugar-edge-full.min.js 97/123
number: ../src/Sugar/lib/es5.js 28/120
number: ../src/Sugar/lib/core.js 98/163
number: ../src/Sugar/lib/number.js 60/60
object: ../src/Sugar/lib/object.js 16/99
object: ../src/Sugar/lib/es5.js 38/120
object: ../src/Sugar/lib/core.js 90/163
prototype: ../src/Sugar/lib/core.js 65/163
prototype: https:/ajax.googleapis.com/ajax/libs/jquery/1.6.0/jquery.min.js 1/1
regexp: ../src/Sugar/lib/core.js 73/163
regexp: ../src/Sugar/lib/regexp.js 8/9
string: ../src/Sugar/lib/es5.js 28/120
string: ../src/Sugar/lib/core.js 105/163
string: ../src/Sugar/lib/string.js 144/198
underscore: ../src/Sugar/lib/core.js 65/163
underscore: https:/ajax.googleapis.com/ajax/libs/jquery/1.6.0/jquery.min.js 1/1
array: ../src/Sugar/lib/es5.js 25/120
array: ../src/Sugar/lib/core.js 133/163
array: ../src/Sugar/lib/array.js 322/322
date: ../src/Sugar/lib/es5.js 29/120
date: ../src/Sugar/lib/core.js 109/163
date: ../src/Sugar/lib/date.js 697/714
dates_only: ../src/Sugar/release/1.2.5/minified/sugar-1.2.5-dates-only.min.js 40/50
full: ../src/Sugar/release/edge/development/sugar-edge.development.js 689/2013
analyzer: ../src/Sugar/lib/core.js 65/163
analyzer: ../src/Sugar/lib/analyzer.js 73/128
timeframe: ../src/Sugar/lib/analyzer.js 69/128
analyzer: ../src/Sugar/lib/analyzer.js 55/128
index: ../src/Sugar/lib/analyzer.js 67/128
index: https:/ajax.googleapis.com/ajax/libs/jquery/1.6.0/jquery.min.js 1/1
es5: ../src/Sugar/lib/es5.js 25/120
es5: ../src/Sugar/lib/core.js 73/163
full: ../src/Sugar/lib/function.js 2/64
full: ../src/Sugar/lib/string.js 21/198
full: ../src/Sugar/lib/number.js 9/60
full: ../src/Sugar/lib/object.js 16/99
full: ../src/Sugar/lib/array.js 61/322
full: ../src/Sugar/lib/es5.js 25/120
full: ../src/Sugar/lib/date_ranges.js 6/28
full: ../src/Sugar/lib/regexp.js 3/9
full: ../src/Sugar/lib/language.js 26/72
full: ../src/Sugar/lib/date.js 281/714
full: ../src/Sugar/lib/core.js 90/163
full: ../src/Sugar/lib/inflections.js 98/147
function: ../src/Sugar/lib/es5.js 33/120
function: ../src/Sugar/lib/core.js 83/163
function: ../src/Sugar/lib/function.js 63/64
inflections: ../src/Sugar/lib/string.js 21/198
inflections: ../src/Sugar/lib/es5.js 25/120
inflections: ../src/Sugar/lib/core.js 80/163
inflections: ../src/Sugar/lib/inflections.js 98/147
language: ../src/Sugar/lib/string.js 34/198
language: ../src/Sugar/lib/es5.js 28/120
language: ../src/Sugar/lib/core.js 86/163
language: ../src/Sugar/lib/language.js 72/72
full: ../src/Sugar/release/edge/minified/sugar-edge-full.min.js 97/123
number: ../src/Sugar/lib/es5.js 28/120
number: ../src/Sugar/lib/core.js 98/163
number: ../src/Sugar/lib/number.js 60/60
object: ../src/Sugar/lib/object.js 16/99
object: ../src/Sugar/lib/es5.js 38/120
object: ../src/Sugar/lib/core.js 90/163
prototype: ../src/Sugar/lib/core.js 65/163
prototype: https:/ajax.googleapis.com/ajax/libs/jquery/1.6.0/jquery.min.js 1/1
regexp: ../src/Sugar/lib/core.js 73/163
regexp: ../src/Sugar/lib/regexp.js 8/9
string: ../src/Sugar/lib/es5.js 28/120
string: ../src/Sugar/lib/core.js 105/163
string: ../src/Sugar/lib/string.js 144/198
underscore: ../src/Sugar/lib/core.js 65/163
underscore: https:/ajax.googleapis.com/ajax/libs/jquery/1.6.0/jquery.min.js 1/1
array: ../src/Sugar/lib/es5.js 25/120
array: ../src/Sugar/lib/core.js 133/163
array: ../src/Sugar/lib/array.js 322/322
date: ../src/Sugar/lib/es5.js 29/120
date: ../src/Sugar/lib/core.js 109/163
date: ../src/Sugar/lib/date.js 697/714
dates_only: ../src/Sugar/release/1.2.5/minified/sugar-1.2.5-dates-only.min.js 40/50
full: ../src/Sugar/release/edge/development/sugar-edge.development.js 689/2013
analyzer: ../src/Sugar/lib/core.js 65/163
analyzer: ../src/Sugar/lib/analyzer.js 73/128
timeframe: ../src/Sugar/lib/analyzer.js 69/128
analyzer: ../src/Sugar/lib/analyzer.js 55/128
index: ../src/Sugar/lib/analyzer.js 67/128
index: https:/ajax.googleapis.com/ajax/libs/jquery/1.6.0/jquery.min.js 1/1
es5: ../src/Sugar/lib/es5.js 25/120
es5: ../src/Sugar/lib/core.js 73/163
full: ../src/Sugar/lib/function.js 2/64
full: ../src/Sugar/lib/string.js 21/198
full: ../src/Sugar/lib/number.js 9/60
full: ../src/Sugar/lib/object.js 16/99
full: ../src/Sugar/lib/array.js 61/322
full: ../src/Sugar/lib/es5.js 25/120
full: ../src/Sugar/lib/date_ranges.js 6/28
full: ../src/Sugar/lib/regexp.js 3/9
full: ../src/Sugar/lib/language.js 26/72
full: ../src/Sugar/lib/date.js 281/714
full: ../src/Sugar/lib/core.js 90/163
full: ../src/Sugar/lib/inflections.js 98/147
function: ../src/Sugar/lib/es5.js 33/120
function: ../src/Sugar/lib/core.js 83/163
function: ../src/Sugar/lib/function.js 63/64
inflections: ../src/Sugar/lib/string.js 21/198
inflections: ../src/Sugar/lib/es5.js 25/120
inflections: ../src/Sugar/lib/core.js 80/163
inflections: ../src/Sugar/lib/inflections.js 98/147
language: ../src/Sugar/lib/string.js 34/198
language: ../src/Sugar/lib/es5.js 28/120
language: ../src/Sugar/lib/core.js 86/163
language: ../src/Sugar/lib/language.js 72/72
full: ../src/Sugar/release/edge/minified/sugar-edge-full.min.js 97/123
number: ../src/Sugar/lib/es5.js 28/120
number: ../src/Sugar/lib/core.js 98/163
number: ../src/Sugar/lib/number.js 60/60
object: ../src/Sugar/lib/object.js 16/99
object: ../src/Sugar/lib/es5.js 38/120
object: ../src/Sugar/lib/core.js 90/163
prototype: ../src/Sugar/lib/core.js 65/163
prototype: https:/ajax.googleapis.com/ajax/libs/jquery/1.6.0/jquery.min.js 1/1
regexp: ../src/Sugar/lib/core.js 73/163
regexp: ../src/Sugar/lib/regexp.js 8/9
string: ../src/Sugar/lib/es5.js 28/120
string: ../src/Sugar/lib/core.js 105/163
string: ../src/Sugar/lib/string.js 144/198
underscore: ../src/Sugar/lib/core.js 65/163
underscore: https:/ajax.googleapis.com/ajax/libs/jquery/1.6.0/jquery.min.js 1/1
array: ../src/Sugar/lib/es5.js 25/120
array: ../src/Sugar/lib/core.js 133/163
array: ../src/Sugar/lib/array.js 322/322
date: ../src/Sugar/lib/es5.js 29/120
date: ../src/Sugar/lib/core.js 109/163
date: ../src/Sugar/lib/date.js 697/714
dates_only: ../src/Sugar/release/1.2.5/minified/sugar-1.2.5-dates-only.min.js 40/50
full: ../src/Sugar/release/edge/development/sugar-edge.development.js 689/2013
analyzer: ../src/Sugar/lib/core.js 65/163
analyzer: ../src/Sugar/lib/analyzer.js 73/128
timeframe: ../src/Sugar/lib/analyzer.js 69/128
analyzer: ../src/Sugar/lib/analyzer.js 55/128
index: ../src/Sugar/lib/analyzer.js 67/128
index: https:/ajax.googleapis.com/ajax/libs/jquery/1.6.0/jquery.min.js 1/1
es5: ../src/Sugar/lib/es5.js 25/120
es5: ../src/Sugar/lib/core.js 73/163
full: ../src/Sugar/lib/function.js 2/64
full: ../src/Sugar/lib/string.js 21/198
full: ../src/Sugar/lib/number.js 9/60
full: ../src/Sugar/lib/object.js 16/99
full: ../src/Sugar/lib/array.js 61/322
full: ../src/Sugar/lib/es5.js 25/120
full: ../src/Sugar/lib/date_ranges.js 6/28
full: ../src/Sugar/lib/regexp.js 3/9
full: ../src/Sugar/lib/language.js 26/72
full: ../src/Sugar/lib/date.js 281/714
full: ../src/Sugar/lib/core.js 90/163
full: ../src/Sugar/lib/inflections.js 98/147
function: ../src/Sugar/lib/es5.js 33/120
function: ../src/Sugar/lib/core.js 83/163
function: ../src/Sugar/lib/function.js 63/64
inflections: ../src/Sugar/lib/string.js 21/198
inflections: ../src/Sugar/lib/es5.js 25/120
inflections: ../src/Sugar/lib/core.js 80/163
inflections: ../src/Sugar/lib/inflections.js 98/147
language: ../src/Sugar/lib/string.js 34/198
language: ../src/Sugar/lib/es5.js 28/120
language: ../src/Sugar/lib/core.js 86/163
language: ../src/Sugar/lib/language.js 72/72
full: ../src/Sugar/release/edge/minified/sugar-edge-full.min.js 97/123
number: ../src/Sugar/lib/es5.js 28/120
number: ../src/Sugar/lib/core.js 98/163
number: ../src/Sugar/lib/number.js 60/60
object: ../src/Sugar/lib/object.js 16/99
object: ../src/Sugar/lib/es5.js 38/120
object: ../src/Sugar/lib/core.js 90/163
prototype: ../src/Sugar/lib/core.js 65/163
prototype: https:/ajax.googleapis.com/ajax/libs/jquery/1.6.0/jquery.min.js 1/1
regexp: ../src/Sugar/lib/core.js 73/163
regexp: ../src/Sugar/lib/regexp.js 8/9
string: ../src/Sugar/lib/es5.js 28/120
string: ../src/Sugar/lib/core.js 105/163
string: ../src/Sugar/lib/string.js 144/198
underscore: ../src/Sugar/lib/core.js 65/163
underscore: https:/ajax.googleapis.com/ajax/libs/jquery/1.6.0/jquery.min.js 1/1
array: ../src/Sugar/lib/es5.js 25/120
array: ../src/Sugar/lib/core.js 133/163
array: ../src/Sugar/lib/array.js 322/322
date: ../src/Sugar/lib/es5.js 29/120
date: ../src/Sugar/lib/core.js 109/163
date: ../src/Sugar/lib/date.js 697/714
dates_only: ../src/Sugar/release/1.2.5/minified/sugar-1.2.5-dates-only.min.js 40/50
full: ../src/Sugar/release/edge/development/sugar-edge.development.js 689/2013
analyzer: ../src/Sugar/lib/core.js 65/163
analyzer: ../src/Sugar/lib/analyzer.js 73/128
timeframe: ../src/Sugar/lib/analyzer.js 69/128
analyzer: ../src/Sugar/lib/analyzer.js 55/128
index: ../src/Sugar/lib/analyzer.js 67/128
index: https:/ajax.googleapis.com/ajax/libs/jquery/1.6.0/jquery.min.js 1/1
es5: ../src/Sugar/lib/es5.js 25/120
es5: ../src/Sugar/lib/core.js 73/163
full: ../src/Sugar/lib/function.js 2/64
full: ../src/Sugar/lib/string.js 21/198
full: ../src/Sugar/lib/number.js 9/60
full: ../src/Sugar/lib/object.js 16/99
full: ../src/Sugar/lib/array.js 61/322
full: ../src/Sugar/lib/es5.js 25/120
full: ../src/Sugar/lib/date_ranges.js 6/28
full: ../src/Sugar/lib/regexp.js 3/9
full: ../src/Sugar/lib/language.js 26/72
full: ../src/Sugar/lib/date.js 281/714
full: ../src/Sugar/lib/core.js 90/163
full: ../src/Sugar/lib/inflections.js 98/147
function: ../src/Sugar/lib/es5.js 33/120
function: ../src/Sugar/lib/core.js 83/163
function: ../src/Sugar/lib/function.js 63/64
inflections: ../src/Sugar/lib/string.js 21/198
inflections: ../src/Sugar/lib/es5.js 25/120
inflections: ../src/Sugar/lib/core.js 80/163
inflections: ../src/Sugar/lib/inflections.js 98/147
language: ../src/Sugar/lib/string.js 34/198
language: ../src/Sugar/lib/es5.js 28/120
language: ../src/Sugar/lib/core.js 86/163
language: ../src/Sugar/lib/language.js 72/72
full: ../src/Sugar/release/edge/minified/sugar-edge-full.min.js 97/123
number: ../src/Sugar/lib/es5.js 28/120
number: ../src/Sugar/lib/core.js 98/163
number: ../src/Sugar/lib/number.js 60/60
object: ../src/Sugar/lib/object.js 16/99
object: ../src/Sugar/lib/es5.js 38/120
object: ../src/Sugar/lib/core.js 90/163
prototype: ../src/Sugar/lib/core.js 65/163
prototype: https:/ajax.googleapis.com/ajax/libs/jquery/1.6.0/jquery.min.js 1/1
regexp: ../src/Sugar/lib/core.js 73/163
regexp: ../src/Sugar/lib/regexp.js 8/9
string: ../src/Sugar/lib/es5.js 28/120
string: ../src/Sugar/lib/core.js 105/163
string: ../src/Sugar/lib/string.js 144/198
underscore: ../src/Sugar/lib/core.js 65/163
underscore: https:/ajax.googleapis.com/ajax/libs/jquery/1.6.0/jquery.min.js 1/1
array: ../src/Sugar/lib/es5.js 25/120
array: ../src/Sugar/lib/core.js 133/163
array: ../src/Sugar/lib/array.js 322/322
date: ../src/Sugar/lib/es5.js 29/120
date: ../src/Sugar/lib/core.js 109/163
date: ../src/Sugar/lib/date.js 697/714
dates_only: ../src/Sugar/release/1.2.5/minified/sugar-1.2.5-dates-only.min.js 40/50
full: ../src/Sugar/release/edge/development/sugar-edge.development.js 689/2013
analyzer: ../src/Sugar/lib/core.js 65/163
analyzer: ../src/Sugar/lib/analyzer.js 73/128
timeframe: ../src/Sugar/lib/analyzer.js 69/128
analyzer: ../src/Sugar/lib/analyzer.js 55/128
index: ../src/Sugar/lib/analyzer.js 67/128
index: https:/ajax.googleapis.com/ajax/libs/jquery/1.6.0/jquery.min.js 1/1
es5: ../src/Sugar/lib/es5.js 25/120
es5: ../src/Sugar/lib/core.js 73/163
full: ../src/Sugar/lib/function.js 2/64
full: ../src/Sugar/lib/string.js 21/198
full: ../src/Sugar/lib/number.js 9/60
full: ../src/Sugar/lib/object.js 16/99
full: ../src/Sugar/lib/array.js 61/322
full: ../src/Sugar/lib/es5.js 25/120
full: ../src/Sugar/lib/date_ranges.js 6/28
full: ../src/Sugar/lib/regexp.js 3/9
full: ../src/Sugar/lib/language.js 26/72
full: ../src/Sugar/lib/date.js 281/714
full: ../src/Sugar/lib/core.js 90/163
full: ../src/Sugar/lib/inflections.js 98/147
function: ../src/Sugar/lib/es5.js 33/120
function: ../src/Sugar/lib/core.js 83/163
function: ../src/Sugar/lib/function.js 63/64
inflections: ../src/Sugar/lib/string.js 21/198
inflections: ../src/Sugar/lib/es5.js 25/120
inflections: ../src/Sugar/lib/core.js 80/163
inflections: ../src/Sugar/lib/inflections.js 98/147
language: ../src/Sugar/lib/string.js 34/198
language: ../src/Sugar/lib/es5.js 28/120
language: ../src/Sugar/lib/core.js 86/163
language: ../src/Sugar/lib/language.js 72/72
full: ../src/Sugar/release/edge/minified/sugar-edge-full.min.js 97/123
number: ../src/Sugar/lib/es5.js 28/120
number: ../src/Sugar/lib/core.js 98/163
number: ../src/Sugar/lib/number.js 60/60
object: ../src/Sugar/lib/object.js 16/99
object: ../src/Sugar/lib/es5.js 38/120
object: ../src/Sugar/lib/core.js 90/163
prototype: ../src/Sugar/lib/core.js 65/163
prototype: https:/ajax.googleapis.com/ajax/libs/jquery/1.6.0/jquery.min.js 1/1
regexp: ../src/Sugar/lib/core.js 73/163
regexp: ../src/Sugar/lib/regexp.js 8/9
string: ../src/Sugar/lib/es5.js 28/120
string: ../src/Sugar/lib/core.js 105/163
string: ../src/Sugar/lib/string.js 144/198
underscore: ../src/Sugar/lib/core.js 65/163
underscore: https:/ajax.googleapis.com/ajax/libs/jquery/1.6.0/jquery.min.js 1/1
array: ../src/Sugar/lib/es5.js 25/120
array: ../src/Sugar/lib/core.js 133/163
array: ../src/Sugar/lib/array.js 322/322
date: ../src/Sugar/lib/es5.js 29/120
date: ../src/Sugar/lib/core.js 109/163
date: ../src/Sugar/lib/date.js 697/714
dates_only: ../src/Sugar/release/1.2.5/minified/sugar-1.2.5-dates-only.min.js 40/50
full: ../src/Sugar/release/edge/development/sugar-edge.development.js 689/2013
analyzer: ../src/Sugar/lib/core.js 65/163
analyzer: ../src/Sugar/lib/analyzer.js 73/128
timeframe: ../src/Sugar/lib/analyzer.js 69/128
analyzer: ../src/Sugar/lib/analyzer.js 55/128
index: ../src/Sugar/lib/analyzer.js 67/128
index: https:/ajax.googleapis.com/ajax/libs/jquery/1.6.0/jquery.min.js 1/1
es5: ../src/Sugar/lib/es5.js 25/120
es5: ../src/Sugar/lib/core.js 73/163
full: ../src/Sugar/lib/function.js 2/64
full: ../src/Sugar/lib/string.js 21/198
full: ../src/Sugar/lib/number.js 9/60
full: ../src/Sugar/lib/object.js 16/99
full: ../src/Sugar/lib/array.js 61/322
full: ../src/Sugar/lib/es5.js 25/120
full: ../src/Sugar/lib/date_ranges.js 6/28
full: ../src/Sugar/lib/regexp.js 3/9
full: ../src/Sugar/lib/language.js 26/72
full: ../src/Sugar/lib/date.js 281/714
full: ../src/Sugar/lib/core.js 90/163
full: ../src/Sugar/lib/inflections.js 98/147
function: ../src/Sugar/lib/es5.js 33/120
function: ../src/Sugar/lib/core.js 83/163
function: ../src/Sugar/lib/function.js 63/64
inflections: ../src/Sugar/lib/string.js 21/198
inflections: ../src/Sugar/lib/es5.js 25/120
inflections: ../src/Sugar/lib/core.js 80/163
inflections: ../src/Sugar/lib/inflections.js 98/147
language: ../src/Sugar/lib/string.js 34/198
language: ../src/Sugar/lib/es5.js 28/120
language: ../src/Sugar/lib/core.js 86/163
language: ../src/Sugar/lib/language.js 72/72
full: ../src/Sugar/release/edge/minified/sugar-edge-full.min.js 97/123
number: ../src/Sugar/lib/es5.js 28/120
number: ../src/Sugar/lib/core.js 98/163
number: ../src/Sugar/lib/number.js 60/60
object: ../src/Sugar/lib/object.js 16/99
object: ../src/Sugar/lib/es5.js 38/120
object: ../src/Sugar/lib/core.js 90/163
prototype: ../src/Sugar/lib/core.js 65/163
prototype: https:/ajax.googleapis.com/ajax/libs/jquery/1.6.0/jquery.min.js 1/1
regexp: ../src/Sugar/lib/core.js 73/163
regexp: ../src/Sugar/lib/regexp.js 8/9
string: ../src/Sugar/lib/es5.js 28/120
string: ../src/Sugar/lib/core.js 105/163
string: ../src/Sugar/lib/string.js 144/198
underscore: ../src/Sugar/lib/core.js 65/163
underscore: https:/ajax.googleapis.com/ajax/libs/jquery/1.6.0/jquery.min.js 1/1
array: ../src/Sugar/lib/es5.js 25/120
array: ../src/Sugar/lib/core.js 133/163
array: ../src/Sugar/lib/array.js 322/322
date: ../src/Sugar/lib/es5.js 29/120
date: ../src/Sugar/lib/core.js 109/163
date: ../src/Sugar/lib/date.js 697/714
dates_only: ../src/Sugar/release/1.2.5/minified/sugar-1.2.5-dates-only.min.js 40/50
full: ../src/Sugar/release/edge/development/sugar-edge.development.js 689/2013
analyzer: ../src/Sugar/lib/core.js 65/163
analyzer: ../src/Sugar/lib/analyzer.js 73/128
timeframe: ../src/Sugar/lib/analyzer.js 69/128
analyzer: ../src/Sugar/lib/analyzer.js 55/128
index: ../src/Sugar/lib/analyzer.js 67/128
index: https:/ajax.googleapis.com/ajax/libs/jquery/1.6.0/jquery.min.js 1/1
es5: ../src/Sugar/lib/es5.js 25/120
es5: ../src/Sugar/lib/core.js 73/163
full: ../src/Sugar/lib/function.js 2/64
full: ../src/Sugar/lib/string.js 21/198
full: ../src/Sugar/lib/number.js 9/60
full: ../src/Sugar/lib/object.js 16/99
full: ../src/Sugar/lib/array.js 61/322
full: ../src/Sugar/lib/es5.js 25/120
full: ../src/Sugar/lib/date_ranges.js 6/28
full: ../src/Sugar/lib/regexp.js 3/9
full: ../src/Sugar/lib/language.js 26/72
full: ../src/Sugar/lib/date.js 281/714
full: ../src/Sugar/lib/core.js 90/163
full: ../src/Sugar/lib/inflections.js 98/147
function: ../src/Sugar/lib/es5.js 33/120
function: ../src/Sugar/lib/core.js 83/163
function: ../src/Sugar/lib/function.js 63/64
inflections: ../src/Sugar/lib/string.js 21/198
inflections: ../src/Sugar/lib/es5.js 25/120
inflections: ../src/Sugar/lib/core.js 80/163
inflections: ../src/Sugar/lib/inflections.js 98/147
language: ../src/Sugar/lib/string.js 34/198
language: ../src/Sugar/lib/es5.js 28/120
language: ../src/Sugar/lib/core.js 86/163
language: ../src/Sugar/lib/language.js 72/72
full: ../src/Sugar/release/edge/minified/sugar-edge-full.min.js 97/123
number: ../src/Sugar/lib/es5.js 28/120
number: ../src/Sugar/lib/core.js 98/163
number: ../src/Sugar/lib/number.js 60/60
object: ../src/Sugar/lib/object.js 16/99
object: ../src/Sugar/lib/es5.js 38/120
object: ../src/Sugar/lib/core.js 90/163
prototype: ../src/Sugar/lib/core.js 65/163
prototype: https:/ajax.googleapis.com/ajax/libs/jquery/1.6.0/jquery.min.js 1/1
regexp: ../src/Sugar/lib/core.js 73/163
regexp: ../src/Sugar/lib/regexp.js 8/9
string: ../src/Sugar/lib/es5.js 28/120
string: ../src/Sugar/lib/core.js 105/163
string: ../src/Sugar/lib/string.js 144/198
underscore: ../src/Sugar/lib/core.js 65/163
underscore: https:/ajax.googleapis.com/ajax/libs/jquery/1.6.0/jquery.min.js 1/1
array: ../src/Sugar/lib/es5.js 25/120
array: ../src/Sugar/lib/core.js 133/163
array: ../src/Sugar/lib/array.js 322/322
date: ../src/Sugar/lib/es5.js 29/120
date: ../src/Sugar/lib/core.js 109/163
date: ../src/Sugar/lib/date.js 697/714
dates_only: ../src/Sugar/release/1.2.5/minified/sugar-1.2.5-dates-only.min.js 40/50
full: ../src/Sugar/release/edge/development/sugar-edge.development.js 689/2013
analyzer: ../src/Sugar/lib/core.js 65/163
analyzer: ../src/Sugar/lib/analyzer.js 73/128
timeframe: ../src/Sugar/lib/analyzer.js 69/128
analyzer: ../src/Sugar/lib/analyzer.js 55/128
index: ../src/Sugar/lib/analyzer.js 67/128
index: https:/ajax.googleapis.com/ajax/libs/jquery/1.6.0/jquery.min.js 1/1
es5: ../src/Sugar/lib/es5.js 25/120
es5: ../src/Sugar/lib/core.js 73/163
full: ../src/Sugar/lib/function.js 2/64
full: ../src/Sugar/lib/string.js 21/198
full: ../src/Sugar/lib/number.js 9/60
full: ../src/Sugar/lib/object.js 16/99
full: ../src/Sugar/lib/array.js 61/322
full: ../src/Sugar/lib/es5.js 25/120
full: ../src/Sugar/lib/date_ranges.js 6/28
full: ../src/Sugar/lib/regexp.js 3/9
full: ../src/Sugar/lib/language.js 26/72
full: ../src/Sugar/lib/date.js 281/714
full: ../src/Sugar/lib/core.js 90/163
full: ../src/Sugar/lib/inflections.js 98/147
function: ../src/Sugar/lib/es5.js 33/120
function: ../src/Sugar/lib/core.js 83/163
function: ../src/Sugar/lib/function.js 63/64
inflections: ../src/Sugar/lib/string.js 21/198
inflections: ../src/Sugar/lib/es5.js 25/120
inflections: ../src/Sugar/lib/core.js 80/163
inflections: ../src/Sugar/lib/inflections.js 98/147
language: ../src/Sugar/lib/string.js 34/198
language: ../src/Sugar/lib/es5.js 28/120
language: ../src/Sugar/lib/core.js 86/163
language: ../src/Sugar/lib/language.js 72/72
full: ../src/Sugar/release/edge/minified/sugar-edge-full.min.js 97/123
number: ../src/Sugar/lib/es5.js 28/120
number: ../src/Sugar/lib/core.js 98/163
number: ../src/Sugar/lib/number.js 60/60
object: ../src/Sugar/lib/object.js 16/99
object: ../src/Sugar/lib/es5.js 38/120
object: ../src/Sugar/lib/core.js 90/163
prototype: ../src/Sugar/lib/core.js 65/163
prototype: https:/ajax.googleapis.com/ajax/libs/jquery/1.6.0/jquery.min.js 1/1
regexp: ../src/Sugar/lib/core.js 73/163
regexp: ../src/Sugar/lib/regexp.js 8/9
string: ../src/Sugar/lib/es5.js 28/120
string: ../src/Sugar/lib/core.js 105/163
string: ../src/Sugar/lib/string.js 144/198
underscore: ../src/Sugar/lib/core.js 65/163
underscore: https:/ajax.googleapis.com/ajax/libs/jquery/1.6.0/jquery.min.js 1/1
array: ../src/Sugar/lib/es5.js 25/120
array: ../src/Sugar/lib/core.js 133/163
array: ../src/Sugar/lib/array.js 322/322
date: ../src/Sugar/lib/es5.js 29/120
date: ../src/Sugar/lib/core.js 109/163
date: ../src/Sugar/lib/date.js 697/714
dates_only: ../src/Sugar/release/1.2.5/minified/sugar-1.2.5-dates-only.min.js 40/50
full: ../src/Sugar/release/edge/development/sugar-edge.development.js 689/2013
analyzer: ../src/Sugar/lib/core.js 65/163
analyzer: ../src/Sugar/lib/analyzer.js 73/128
timeframe: ../src/Sugar/lib/analyzer.js 69/128
analyzer: ../src/Sugar/lib/analyzer.js 55/128
index: ../src/Sugar/lib/analyzer.js 67/128
index: https:/ajax.googleapis.com/ajax/libs/jquery/1.6.0/jquery.min.js 1/1
es5: ../src/Sugar/lib/es5.js 25/120
es5: ../src/Sugar/lib/core.js 73/163
full: ../src/Sugar/lib/function.js 2/64
full: ../src/Sugar/lib/string.js 21/198
full: ../src/Sugar/lib/number.js 9/60
full: ../src/Sugar/lib/object.js 16/99
full: ../src/Sugar/lib/array.js 61/322
full: ../src/Sugar/lib/es5.js 25/120
full: ../src/Sugar/lib/date_ranges.js 6/28
full: ../src/Sugar/lib/regexp.js 3/9
full: ../src/Sugar/lib/language.js 26/72
full: ../src/Sugar/lib/date.js 281/714
full: ../src/Sugar/lib/core.js 90/163
full: ../src/Sugar/lib/inflections.js 98/147
function: ../src/Sugar/lib/es5.js 33/120
function: ../src/Sugar/lib/core.js 83/163
function: ../src/Sugar/lib/function.js 63/64
inflections: ../src/Sugar/lib/string.js 21/198
inflections: ../src/Sugar/lib/es5.js 25/120
inflections: ../src/Sugar/lib/core.js 80/163
inflections: ../src/Sugar/lib/inflections.js 98/147
language: ../src/Sugar/lib/string.js 34/198
language: ../src/Sugar/lib/es5.js 28/120
language: ../src/Sugar/lib/core.js 86/163
language: ../src/Sugar/lib/language.js 72/72
full: ../src/Sugar/release/edge/minified/sugar-edge-full.min.js 97/123
number: ../src/Sugar/lib/es5.js 28/120
number: ../src/Sugar/lib/core.js 98/163
number: ../src/Sugar/lib/number.js 60/60
object: ../src/Sugar/lib/object.js 16/99
object: ../src/Sugar/lib/es5.js 38/120
object: ../src/Sugar/lib/core.js 90/163
prototype: ../src/Sugar/lib/core.js 65/163
prototype: https:/ajax.googleapis.com/ajax/libs/jquery/1.6.0/jquery.min.js 1/1
regexp: ../src/Sugar/lib/core.js 73/163
regexp: ../src/Sugar/lib/regexp.js 8/9
string: ../src/Sugar/lib/es5.js 28/120
string: ../src/Sugar/lib/core.js 105/163
string: ../src/Sugar/lib/string.js 144/198
underscore: ../src/Sugar/lib/core.js 65/163
underscore: https:/ajax.googleapis.com/ajax/libs/jquery/1.6.0/jquery.min.js 1/1
array: ../src/Sugar/lib/es5.js 25/120
array: ../src/Sugar/lib/core.js 133/163
array: ../src/Sugar/lib/array.js 322/322
date: ../src/Sugar/lib/es5.js 29/120
date: ../src/Sugar/lib/core.js 109/163
date: ../src/Sugar/lib/date.js 697/714
dates_only: ../src/Sugar/release/1.2.5/minified/sugar-1.2.5-dates-only.min.js 40/50
full: ../src/Sugar/release/edge/development/sugar-edge.development.js 689/2013
analyzer: ../src/Sugar/lib/core.js 65/163
analyzer: ../src/Sugar/lib/analyzer.js 73/128
timeframe: ../src/Sugar/lib/analyzer.js 69/128
analyzer: ../src/Sugar/lib/analyzer.js 55/128
index: ../src/Sugar/lib/analyzer.js 67/128
index: https:/ajax.googleapis.com/ajax/libs/jquery/1.6.0/jquery.min.js 1/1
es5: ../src/Sugar/lib/es5.js 25/120
es5: ../src/Sugar/lib/core.js 73/163
full: ../src/Sugar/lib/function.js 2/64
full: ../src/Sugar/lib/string.js 21/198
full: ../src/Sugar/lib/number.js 9/60
full: ../src/Sugar/lib/object.js 16/99
full: ../src/Sugar/lib/array.js 61/322
full: ../src/Sugar/lib/es5.js 25/120
full: ../src/Sugar/lib/date_ranges.js 6/28
full: ../src/Sugar/lib/regexp.js 3/9
full: ../src/Sugar/lib/language.js 26/72
full: ../src/Sugar/lib/date.js 281/714
full: ../src/Sugar/lib/core.js 90/163
full: ../src/Sugar/lib/inflections.js 98/147
function: ../src/Sugar/lib/es5.js 33/120
function: ../src/Sugar/lib/core.js 83/163
function: ../src/Sugar/lib/function.js 63/64
inflections: ../src/Sugar/lib/string.js 21/198
inflections: ../src/Sugar/lib/es5.js 25/120
inflections: ../src/Sugar/lib/core.js 80/163
inflections: ../src/Sugar/lib/inflections.js 98/147
language: ../src/Sugar/lib/string.js 34/198
language: ../src/Sugar/lib/es5.js 28/120
language: ../src/Sugar/lib/core.js 86/163
language: ../src/Sugar/lib/language.js 72/72
full: ../src/Sugar/release/edge/minified/sugar-edge-full.min.js 97/123
number: ../src/Sugar/lib/es5.js 28/120
number: ../src/Sugar/lib/core.js 98/163
number: ../src/Sugar/lib/number.js 60/60
object: ../src/Sugar/lib/object.js 16/99
object: ../src/Sugar/lib/es5.js 38/120
object: ../src/Sugar/lib/core.js 90/163
prototype: ../src/Sugar/lib/core.js 65/163
prototype: https:/ajax.googleapis.com/ajax/libs/jquery/1.6.0/jquery.min.js 1/1
regexp: ../src/Sugar/lib/core.js 73/163
regexp: ../src/Sugar/lib/regexp.js 8/9
string: ../src/Sugar/lib/es5.js 28/120
string: ../src/Sugar/lib/core.js 105/163
string: ../src/Sugar/lib/string.js 144/198
underscore: ../src/Sugar/lib/core.js 65/163
underscore: https:/ajax.googleapis.com/ajax/libs/jquery/1.6.0/jquery.min.js 1/1
array: ../src/Sugar/lib/es5.js 25/120
array: ../src/Sugar/lib/core.js 133/163
array: ../src/Sugar/lib/array.js 322/322
date: ../src/Sugar/lib/es5.js 29/120
date: ../src/Sugar/lib/core.js 109/163
date: ../src/Sugar/lib/date.js 697/714
dates_only: ../src/Sugar/release/1.2.5/minified/sugar-1.2.5-dates-only.min.js 40/50
full: ../src/Sugar/release/edge/development/sugar-edge.development.js 689/2013
analyzer: ../src/Sugar/lib/core.js 65/163
analyzer: ../src/Sugar/lib/analyzer.js 73/128
timeframe: ../src/Sugar/lib/analyzer.js 69/128
analyzer: ../src/Sugar/lib/analyzer.js 55/128
index: ../src/Sugar/lib/analyzer.js 67/128
index: https:/ajax.googleapis.com/ajax/libs/jquery/1.6.0/jquery.min.js 1/1
es5: ../src/Sugar/lib/es5.js 25/120
es5: ../src/Sugar/lib/core.js 73/163
full: ../src/Sugar/lib/function.js 2/64
full: ../src/Sugar/lib/string.js 21/198
full: ../src/Sugar/lib/number.js 9/60
full: ../src/Sugar/lib/object.js 16/99
full: ../src/Sugar/lib/array.js 61/322
full: ../src/Sugar/lib/es5.js 25/120
full: ../src/Sugar/lib/date_ranges.js 6/28
full: ../src/Sugar/lib/regexp.js 3/9
full: ../src/Sugar/lib/language.js 26/72
full: ../src/Sugar/lib/date.js 281/714
full: ../src/Sugar/lib/core.js 90/163
full: ../src/Sugar/lib/inflections.js 98/147
function: ../src/Sugar/lib/es5.js 33/120
function: ../src/Sugar/lib/core.js 83/163
function: ../src/Sugar/lib/function.js 63/64
inflections: ../src/Sugar/lib/string.js 21/198
inflections: ../src/Sugar/lib/es5.js 25/120
inflections: ../src/Sugar/lib/core.js 80/163
inflections: ../src/Sugar/lib/inflections.js 98/147
language: ../src/Sugar/lib/string.js 34/198
language: ../src/Sugar/lib/es5.js 28/120
language: ../src/Sugar/lib/core.js 86/163
language: ../src/Sugar/lib/language.js 72/72
full: ../src/Sugar/release/edge/minified/sugar-edge-full.min.js 97/123
number: ../src/Sugar/lib/es5.js 28/120
number: ../src/Sugar/lib/core.js 98/163
number: ../src/Sugar/lib/number.js 60/60
object: ../src/Sugar/lib/object.js 16/99
object: ../src/Sugar/lib/es5.js 38/120
object: ../src/Sugar/lib/core.js 90/163
prototype: ../src/Sugar/lib/core.js 65/163
prototype: https:/ajax.googleapis.com/ajax/libs/jquery/1.6.0/jquery.min.js 1/1
regexp: ../src/Sugar/lib/core.js 73/163
regexp: ../src/Sugar/lib/regexp.js 8/9
string: ../src/Sugar/lib/es5.js 28/120
string: ../src/Sugar/lib/core.js 105/163
string: ../src/Sugar/lib/string.js 144/198
underscore: ../src/Sugar/lib/core.js 65/163
underscore: https:/ajax.googleapis.com/ajax/libs/jquery/1.6.0/jquery.min.js 1/1
array: ../src/Sugar/lib/es5.js 25/120
array: ../src/Sugar/lib/core.js 133/163
array: ../src/Sugar/lib/array.js 322/322
date: ../src/Sugar/lib/es5.js 29/120
date: ../src/Sugar/lib/core.js 109/163
date: ../src/Sugar/lib/date.js 697/714
dates_only: ../src/Sugar/release/1.2.5/minified/sugar-1.2.5-dates-only.min.js 40/50
full: ../src/Sugar/release/edge/development/sugar-edge.development.js 689/2013
analyzer: ../src/Sugar/lib/core.js 65/163
analyzer: ../src/Sugar/lib/analyzer.js 73/128
timeframe: ../src/Sugar/lib/analyzer.js 69/128
analyzer: ../src/Sugar/lib/analyzer.js 55/128
index: ../src/Sugar/lib/analyzer.js 67/128
index: https:/ajax.googleapis.com/ajax/libs/jquery/1.6.0/jquery.min.js 1/1
es5: ../src/Sugar/lib/es5.js 25/120
es5: ../src/Sugar/lib/core.js 73/163
full: ../src/Sugar/lib/function.js 2/64
full: ../src/Sugar/lib/string.js 21/198
full: ../src/Sugar/lib/number.js 9/60
full: ../src/Sugar/lib/object.js 16/99
full: ../src/Sugar/lib/array.js 61/322
full: ../src/Sugar/lib/es5.js 25/120
full: ../src/Sugar/lib/date_ranges.js 6/28
full: ../src/Sugar/lib/regexp.js 3/9
full: ../src/Sugar/lib/language.js 26/72
full: ../src/Sugar/lib/date.js 281/714
full: ../src/Sugar/lib/core.js 90/163
full: ../src/Sugar/lib/inflections.js 98/147
function: ../src/Sugar/lib/es5.js 33/120
function: ../src/Sugar/lib/core.js 83/163
function: ../src/Sugar/lib/function.js 63/64
inflections: ../src/Sugar/lib/string.js 21/198
inflections: ../src/Sugar/lib/es5.js 25/120
inflections: ../src/Sugar/lib/core.js 80/163
inflections: ../src/Sugar/lib/inflections.js 98/147
language: ../src/Sugar/lib/string.js 34/198
language: ../src/Sugar/lib/es5.js 28/120
language: ../src/Sugar/lib/core.js 86/163
language: ../src/Sugar/lib/language.js 72/72
full: ../src/Sugar/release/edge/minified/sugar-edge-full.min.js 97/123
number: ../src/Sugar/lib/es5.js 28/120
number: ../src/Sugar/lib/core.js 98/163
number: ../src/Sugar/lib/number.js 60/60
object: ../src/Sugar/lib/object.js 16/99
object: ../src/Sugar/lib/es5.js 38/120
object: ../src/Sugar/lib/core.js 90/163
prototype: ../src/Sugar/lib/core.js 65/163
prototype: https:/ajax.googleapis.com/ajax/libs/jquery/1.6.0/jquery.min.js 1/1
regexp: ../src/Sugar/lib/core.js 73/163
regexp: ../src/Sugar/lib/regexp.js 8/9
string: ../src/Sugar/lib/es5.js 28/120
string: ../src/Sugar/lib/core.js 105/163
string: ../src/Sugar/lib/string.js 144/198
underscore: ../src/Sugar/lib/core.js 65/163
underscore: https:/ajax.googleapis.com/ajax/libs/jquery/1.6.0/jquery.min.js 1/1
array: ../src/Sugar/lib/es5.js 25/120
array: ../src/Sugar/lib/core.js 133/163
array: ../src/Sugar/lib/array.js 322/322
date: ../src/Sugar/lib/es5.js 29/120
date: ../src/Sugar/lib/core.js 109/163
date: ../src/Sugar/lib/date.js 697/714
dates_only: ../src/Sugar/release/1.2.5/minified/sugar-1.2.5-dates-only.min.js 40/50
full: ../src/Sugar/release/edge/development/sugar-edge.development.js 689/2013
analyzer: ../src/Sugar/lib/core.js 65/163
analyzer: ../src/Sugar/lib/analyzer.js 73/128
timeframe: ../src/Sugar/lib/analyzer.js 69/128
analyzer: ../src/Sugar/lib/analyzer.js 55/128
index: ../src/Sugar/lib/analyzer.js 67/128
index: https:/ajax.googleapis.com/ajax/libs/jquery/1.6.0/jquery.min.js 1/1
es5: ../src/Sugar/lib/es5.js 25/120
es5: ../src/Sugar/lib/core.js 73/163
full: ../src/Sugar/lib/function.js 2/64
full: ../src/Sugar/lib/string.js 21/198
full: ../src/Sugar/lib/number.js 9/60
full: ../src/Sugar/lib/object.js 16/99
full: ../src/Sugar/lib/array.js 61/322
full: ../src/Sugar/lib/es5.js 25/120
full: ../src/Sugar/lib/date_ranges.js 6/28
full: ../src/Sugar/lib/regexp.js 3/9
full: ../src/Sugar/lib/language.js 26/72
full: ../src/Sugar/lib/date.js 281/714
full: ../src/Sugar/lib/core.js 90/163
full: ../src/Sugar/lib/inflections.js 98/147
function: ../src/Sugar/lib/es5.js 33/120
function: ../src/Sugar/lib/core.js 83/163
function: ../src/Sugar/lib/function.js 63/64
inflections: ../src/Sugar/lib/string.js 21/198
inflections: ../src/Sugar/lib/es5.js 25/120
inflections: ../src/Sugar/lib/core.js 80/163
inflections: ../src/Sugar/lib/inflections.js 98/147
language: ../src/Sugar/lib/string.js 34/198
language: ../src/Sugar/lib/es5.js 28/120
language: ../src/Sugar/lib/core.js 86/163
language: ../src/Sugar/lib/language.js 72/72
full: ../src/Sugar/release/edge/minified/sugar-edge-full.min.js 97/123
number: ../src/Sugar/lib/es5.js 28/120
number: ../src/Sugar/lib/core.js 98/163
number: ../src/Sugar/lib/number.js 60/60
object: ../src/Sugar/lib/object.js 16/99
object: ../src/Sugar/lib/es5.js 38/120
object: ../src/Sugar/lib/core.js 90/163
prototype: ../src/Sugar/lib/core.js 65/163
prototype: https:/ajax.googleapis.com/ajax/libs/jquery/1.6.0/jquery.min.js 1/1
regexp: ../src/Sugar/lib/core.js 73/163
regexp: ../src/Sugar/lib/regexp.js 8/9
string: ../src/Sugar/lib/es5.js 28/120
string: ../src/Sugar/lib/core.js 105/163
string: ../src/Sugar/lib/string.js 144/198
underscore: ../src/Sugar/lib/core.js 65/163
underscore: https:/ajax.googleapis.com/ajax/libs/jquery/1.6.0/jquery.min.js 1/1
array: ../src/Sugar/lib/es5.js 25/120
array: ../src/Sugar/lib/core.js 133/163
array: ../src/Sugar/lib/array.js 322/322
date: ../src/Sugar/lib/es5.js 29/120
date: ../src/Sugar/lib/core.js 109/163
date: ../src/Sugar/lib/date.js 697/714
dates_only: ../src/Sugar/release/1.2.5/minified/sugar-1.2.5-dates-only.min.js 40/50
full: ../src/Sugar/release/edge/development/sugar-edge.development.js 689/2013
analyzer: ../src/Sugar/lib/core.js 65/163
analyzer: ../src/Sugar/lib/analyzer.js 73/128
timeframe: ../src/Sugar/lib/analyzer.js 69/128
analyzer: ../src/Sugar/lib/analyzer.js 55/128
index: ../src/Sugar/lib/analyzer.js 67/128
index: https:/ajax.googleapis.com/ajax/libs/jquery/1.6.0/jquery.min.js 1/1
es5: ../src/Sugar/lib/es5.js 25/120
es5: ../src/Sugar/lib/core.js 73/163
full: ../src/Sugar/lib/function.js 2/64
full: ../src/Sugar/lib/string.js 21/198
full: ../src/Sugar/lib/number.js 9/60
full: ../src/Sugar/lib/object.js 16/99
full: ../src/Sugar/lib/array.js 61/322
full: ../src/Sugar/lib/es5.js 25/120
full: ../src/Sugar/lib/date_ranges.js 6/28
full: ../src/Sugar/lib/regexp.js 3/9
full: ../src/Sugar/lib/language.js 26/72
full: ../src/Sugar/lib/date.js 281/714
full: ../src/Sugar/lib/core.js 90/163
full: ../src/Sugar/lib/inflections.js 98/147
function: ../src/Sugar/lib/es5.js 33/120
function: ../src/Sugar/lib/core.js 83/163
function: ../src/Sugar/lib/function.js 63/64
inflections: ../src/Sugar/lib/string.js 21/198
inflections: ../src/Sugar/lib/es5.js 25/120
inflections: ../src/Sugar/lib/core.js 80/163
inflections: ../src/Sugar/lib/inflections.js 98/147
language: ../src/Sugar/lib/string.js 34/198
language: ../src/Sugar/lib/es5.js 28/120
language: ../src/Sugar/lib/core.js 86/163
language: ../src/Sugar/lib/language.js 72/72
full: ../src/Sugar/release/edge/minified/sugar-edge-full.min.js 97/123
number: ../src/Sugar/lib/es5.js 28/120
number: ../src/Sugar/lib/core.js 98/163
number: ../src/Sugar/lib/number.js 60/60
object: ../src/Sugar/lib/object.js 16/99
object: ../src/Sugar/lib/es5.js 38/120
object: ../src/Sugar/lib/core.js 90/163
prototype: ../src/Sugar/lib/core.js 65/163
prototype: https:/ajax.googleapis.com/ajax/libs/jquery/1.6.0/jquery.min.js 1/1
regexp: ../src/Sugar/lib/core.js 73/163
regexp: ../src/Sugar/lib/regexp.js 8/9
string: ../src/Sugar/lib/es5.js 28/120
string: ../src/Sugar/lib/core.js 105/163
string: ../src/Sugar/lib/string.js 144/198
underscore: ../src/Sugar/lib/core.js 65/163
underscore: https:/ajax.googleapis.com/ajax/libs/jquery/1.6.0/jquery.min.js 1/1
array: ../src/Sugar/lib/es5.js 25/120
array: ../src/Sugar/lib/core.js 133/163
array: ../src/Sugar/lib/array.js 322/322
date: ../src/Sugar/lib/es5.js 29/120
date: ../src/Sugar/lib/core.js 109/163
date: ../src/Sugar/lib/date.js 697/714
dates_only: ../src/Sugar/release/1.2.5/minified/sugar-1.2.5-dates-only.min.js 40/50
full: ../src/Sugar/release/edge/development/sugar-edge.development.js 689/2013
analyzer: ../src/Sugar/lib/core.js 65/163
analyzer: ../src/Sugar/lib/analyzer.js 73/128
timeframe: ../src/Sugar/lib/analyzer.js 69/128
analyzer: ../src/Sugar/lib/analyzer.js 55/128
index: ../src/Sugar/lib/analyzer.js 67/128
index: https:/ajax.googleapis.com/ajax/libs/jquery/1.6.0/jquery.min.js 1/1
es5: ../src/Sugar/lib/es5.js 25/120
es5: ../src/Sugar/lib/core.js 73/163
full: ../src/Sugar/lib/function.js 2/64
full: ../src/Sugar/lib/string.js 21/198
full: ../src/Sugar/lib/number.js 9/60
full: ../src/Sugar/lib/object.js 16/99
full: ../src/Sugar/lib/array.js 61/322
full: ../src/Sugar/lib/es5.js 25/120
full: ../src/Sugar/lib/date_ranges.js 6/28
full: ../src/Sugar/lib/regexp.js 3/9
full: ../src/Sugar/lib/language.js 26/72
full: ../src/Sugar/lib/date.js 281/714
full: ../src/Sugar/lib/core.js 90/163
full: ../src/Sugar/lib/inflections.js 98/147
function: ../src/Sugar/lib/es5.js 33/120
function: ../src/Sugar/lib/core.js 83/163
function: ../src/Sugar/lib/function.js 63/64
inflections: ../src/Sugar/lib/string.js 21/198
inflections: ../src/Sugar/lib/es5.js 25/120
inflections: ../src/Sugar/lib/core.js 80/163
inflections: ../src/Sugar/lib/inflections.js 98/147
language: ../src/Sugar/lib/string.js 34/198
language: ../src/Sugar/lib/es5.js 28/120
language: ../src/Sugar/lib/core.js 86/163
language: ../src/Sugar/lib/language.js 72/72
full: ../src/Sugar/release/edge/minified/sugar-edge-full.min.js 97/123
number: ../src/Sugar/lib/es5.js 28/120
number: ../src/Sugar/lib/core.js 98/163
number: ../src/Sugar/lib/number.js 60/60
object: ../src/Sugar/lib/object.js 16/99
object: ../src/Sugar/lib/es5.js 38/120
object: ../src/Sugar/lib/core.js 90/163
prototype: ../src/Sugar/lib/core.js 65/163
prototype: https:/ajax.googleapis.com/ajax/libs/jquery/1.6.0/jquery.min.js 1/1
regexp: ../src/Sugar/lib/core.js 73/163
regexp: ../src/Sugar/lib/regexp.js 8/9
string: ../src/Sugar/lib/es5.js 28/120
string: ../src/Sugar/lib/core.js 105/163
string: ../src/Sugar/lib/string.js 144/198
underscore: ../src/Sugar/lib/core.js 65/163
underscore: https:/ajax.googleapis.com/ajax/libs/jquery/1.6.0/jquery.min.js 1/1
array: ../src/Sugar/lib/es5.js 25/120
array: ../src/Sugar/lib/core.js 133/163
array: ../src/Sugar/lib/array.js 322/322
date: ../src/Sugar/lib/es5.js 29/120
date: ../src/Sugar/lib/core.js 109/163
date: ../src/Sugar/lib/date.js 697/714
dates_only: ../src/Sugar/release/1.2.5/minified/sugar-1.2.5-dates-only.min.js 40/50
full: ../src/Sugar/release/edge/development/sugar-edge.development.js 689/2013
analyzer: ../src/Sugar/lib/core.js 65/163
analyzer: ../src/Sugar/lib/analyzer.js 73/128
timeframe: ../src/Sugar/lib/analyzer.js 69/128
analyzer: ../src/Sugar/lib/analyzer.js 55/128
index: ../src/Sugar/lib/analyzer.js 67/128
index: https:/ajax.googleapis.com/ajax/libs/jquery/1.6.0/jquery.min.js 1/1
es5: ../src/Sugar/lib/es5.js 25/120
es5: ../src/Sugar/lib/core.js 73/163
full: ../src/Sugar/lib/function.js 2/64
full: ../src/Sugar/lib/string.js 21/198
full: ../src/Sugar/lib/number.js 9/60
full: ../src/Sugar/lib/object.js 16/99
full: ../src/Sugar/lib/array.js 61/322
full: ../src/Sugar/lib/es5.js 25/120
full: ../src/Sugar/lib/date_ranges.js 6/28
full: ../src/Sugar/lib/regexp.js 3/9
full: ../src/Sugar/lib/language.js 26/72
full: ../src/Sugar/lib/date.js 281/714
full: ../src/Sugar/lib/core.js 90/163
full: ../src/Sugar/lib/inflections.js 98/147
function: ../src/Sugar/lib/es5.js 33/120
function: ../src/Sugar/lib/core.js 83/163
function: ../src/Sugar/lib/function.js 63/64
inflections: ../src/Sugar/lib/string.js 21/198
inflections: ../src/Sugar/lib/es5.js 25/120
inflections: ../src/Sugar/lib/core.js 80/163
inflections: ../src/Sugar/lib/inflections.js 98/147
language: ../src/Sugar/lib/string.js 34/198
language: ../src/Sugar/lib/es5.js 28/120
language: ../src/Sugar/lib/core.js 86/163
language: ../src/Sugar/lib/language.js 72/72
full: ../src/Sugar/release/edge/minified/sugar-edge-full.min.js 97/123
number: ../src/Sugar/lib/es5.js 28/120
number: ../src/Sugar/lib/core.js 98/163
number: ../src/Sugar/lib/number.js 60/60
object: ../src/Sugar/lib/object.js 16/99
object: ../src/Sugar/lib/es5.js 38/120
object: ../src/Sugar/lib/core.js 90/163
prototype: ../src/Sugar/lib/core.js 65/163
prototype: https:/ajax.googleapis.com/ajax/libs/jquery/1.6.0/jquery.min.js 1/1
regexp: ../src/Sugar/lib/core.js 73/163
regexp: ../src/Sugar/lib/regexp.js 8/9
string: ../src/Sugar/lib/es5.js 28/120
string: ../src/Sugar/lib/core.js 105/163
string: ../src/Sugar/lib/string.js 144/198
underscore: ../src/Sugar/lib/core.js 65/163
underscore: https:/ajax.googleapis.com/ajax/libs/jquery/1.6.0/jquery.min.js 1/1
array: ../src/Sugar/lib/es5.js 25/120
array: ../src/Sugar/lib/core.js 133/163
array: ../src/Sugar/lib/array.js 322/322
date: ../src/Sugar/lib/es5.js 29/120
date: ../src/Sugar/lib/core.js 109/163
date: ../src/Sugar/lib/date.js 697/714
dates_only: ../src/Sugar/release/1.2.5/minified/sugar-1.2.5-dates-only.min.js 40/50
full: ../src/Sugar/release/edge/development/sugar-edge.development.js 689/2013
analyzer: ../src/Sugar/lib/core.js 65/163
analyzer: ../src/Sugar/lib/analyzer.js 73/128
timeframe: ../src/Sugar/lib/analyzer.js 69/128
analyzer: ../src/Sugar/lib/analyzer.js 55/128
index: ../src/Sugar/lib/analyzer.js 67/128
index: https:/ajax.googleapis.com/ajax/libs/jquery/1.6.0/jquery.min.js 1/1
es5: ../src/Sugar/lib/es5.js 25/120
es5: ../src/Sugar/lib/core.js 73/163
full: ../src/Sugar/lib/function.js 2/64
full: ../src/Sugar/lib/string.js 21/198
full: ../src/Sugar/lib/number.js 9/60
full: ../src/Sugar/lib/object.js 16/99
full: ../src/Sugar/lib/array.js 61/322
full: ../src/Sugar/lib/es5.js 25/120
full: ../src/Sugar/lib/date_ranges.js 6/28
full: ../src/Sugar/lib/regexp.js 3/9
full: ../src/Sugar/lib/language.js 26/72
full: ../src/Sugar/lib/date.js 281/714
full: ../src/Sugar/lib/core.js 90/163
full: ../src/Sugar/lib/inflections.js 98/147
function: ../src/Sugar/lib/es5.js 33/120
function: ../src/Sugar/lib/core.js 83/163
function: ../src/Sugar/lib/function.js 63/64
inflections: ../src/Sugar/lib/string.js 21/198
inflections: ../src/Sugar/lib/es5.js 25/120
inflections: ../src/Sugar/lib/core.js 80/163
inflections: ../src/Sugar/lib/inflections.js 98/147
language: ../src/Sugar/lib/string.js 34/198
language: ../src/Sugar/lib/es5.js 28/120
language: ../src/Sugar/lib/core.js 86/163
language: ../src/Sugar/lib/language.js 72/72
full: ../src/Sugar/release/edge/minified/sugar-edge-full.min.js 97/123
number: ../src/Sugar/lib/es5.js 28/120
number: ../src/Sugar/lib/core.js 98/163
number: ../src/Sugar/lib/number.js 60/60
object: ../src/Sugar/lib/object.js 16/99
object: ../src/Sugar/lib/es5.js 38/120
object: ../src/Sugar/lib/core.js 90/163
prototype: ../src/Sugar/lib/core.js 65/163
prototype: https:/ajax.googleapis.com/ajax/libs/jquery/1.6.0/jquery.min.js 1/1
regexp: ../src/Sugar/lib/core.js 73/163
regexp: ../src/Sugar/lib/regexp.js 8/9
string: ../src/Sugar/lib/es5.js 28/120
string: ../src/Sugar/lib/core.js 105/163
string: ../src/Sugar/lib/string.js 144/198
underscore: ../src/Sugar/lib/core.js 65/163
underscore: https:/ajax.googleapis.com/ajax/libs/jquery/1.6.0/jquery.min.js 1/1
array: ../src/Sugar/lib/es5.js 25/120
array: ../src/Sugar/lib/core.js 133/163
array: ../src/Sugar/lib/array.js 322/322
date: ../src/Sugar/lib/es5.js 29/120
date: ../src/Sugar/lib/core.js 109/163
date: ../src/Sugar/lib/date.js 697/714
dates_only: ../src/Sugar/release/1.2.5/minified/sugar-1.2.5-dates-only.min.js 40/50
full: ../src/Sugar/release/edge/development/sugar-edge.development.js 689/2013
analyzer: ../src/Sugar/lib/core.js 65/163
analyzer: ../src/Sugar/lib/analyzer.js 73/128
timeframe: ../src/Sugar/lib/analyzer.js 69/128
analyzer: ../src/Sugar/lib/analyzer.js 55/128
index: ../src/Sugar/lib/analyzer.js 67/128
index: https:/ajax.googleapis.com/ajax/libs/jquery/1.6.0/jquery.min.js 1/1
es5: ../src/Sugar/lib/es5.js 25/120
es5: ../src/Sugar/lib/core.js 73/163
full: ../src/Sugar/lib/function.js 2/64
full: ../src/Sugar/lib/string.js 21/198
full: ../src/Sugar/lib/number.js 9/60
full: ../src/Sugar/lib/object.js 16/99
full: ../src/Sugar/lib/array.js 61/322
full: ../src/Sugar/lib/es5.js 25/120
full: ../src/Sugar/lib/date_ranges.js 6/28
full: ../src/Sugar/lib/regexp.js 3/9
full: ../src/Sugar/lib/language.js 26/72
full: ../src/Sugar/lib/date.js 281/714
full: ../src/Sugar/lib/core.js 90/163
full: ../src/Sugar/lib/inflections.js 98/147
function: ../src/Sugar/lib/es5.js 33/120
function: ../src/Sugar/lib/core.js 83/163
function: ../src/Sugar/lib/function.js 63/64
inflections: ../src/Sugar/lib/string.js 21/198
inflections: ../src/Sugar/lib/es5.js 25/120
inflections: ../src/Sugar/lib/core.js 80/163
inflections: ../src/Sugar/lib/inflections.js 98/147
language: ../src/Sugar/lib/string.js 34/198
language: ../src/Sugar/lib/es5.js 28/120
language: ../src/Sugar/lib/core.js 86/163
language: ../src/Sugar/lib/language.js 72/72
full: ../src/Sugar/release/edge/minified/sugar-edge-full.min.js 97/123
number: ../src/Sugar/lib/es5.js 28/120
number: ../src/Sugar/lib/core.js 98/163
number: ../src/Sugar/lib/number.js 60/60
object: ../src/Sugar/lib/object.js 16/99
object: ../src/Sugar/lib/es5.js 38/120
object: ../src/Sugar/lib/core.js 90/163
prototype: ../src/Sugar/lib/core.js 65/163
prototype: https:/ajax.googleapis.com/ajax/libs/jquery/1.6.0/jquery.min.js 1/1
regexp: ../src/Sugar/lib/core.js 73/163
regexp: ../src/Sugar/lib/regexp.js 8/9
string: ../src/Sugar/lib/es5.js 28/120
string: ../src/Sugar/lib/core.js 105/163
string: ../src/Sugar/lib/string.js 144/198
underscore: ../src/Sugar/lib/core.js 65/163
underscore: https:/ajax.googleapis.com/ajax/libs/jquery/1.6.0/jquery.min.js 1/1
array: ../src/Sugar/lib/es5.js 25/120
array: ../src/Sugar/lib/core.js 133/163
array: ../src/Sugar/lib/array.js 322/322
date: ../src/Sugar/lib/es5.js 29/120
date: ../src/Sugar/lib/core.js 109/163
date: ../src/Sugar/lib/date.js 697/714
dates_only: ../src/Sugar/release/1.2.5/minified/sugar-1.2.5-dates-only.min.js 40/50
full: ../src/Sugar/release/edge/development/sugar-edge.development.js 689/2013
analyzer: ../src/Sugar/lib/core.js 65/163
analyzer: ../src/Sugar/lib/analyzer.js 73/128
timeframe: ../src/Sugar/lib/analyzer.js 69/128
analyzer: ../src/Sugar/lib/analyzer.js 55/128
index: ../src/Sugar/lib/analyzer.js 67/128
index: https:/ajax.googleapis.com/ajax/libs/jquery/1.6.0/jquery.min.js 1/1
es5: ../src/Sugar/lib/es5.js 25/120
es5: ../src/Sugar/lib/core.js 73/163
full: ../src/Sugar/lib/function.js 2/64
full: ../src/Sugar/lib/string.js 21/198
full: ../src/Sugar/lib/number.js 9/60
full: ../src/Sugar/lib/object.js 16/99
full: ../src/Sugar/lib/array.js 61/322
full: ../src/Sugar/lib/es5.js 25/120
full: ../src/Sugar/lib/date_ranges.js 6/28
full: ../src/Sugar/lib/regexp.js 3/9
full: ../src/Sugar/lib/language.js 26/72
full: ../src/Sugar/lib/date.js 281/714
full: ../src/Sugar/lib/core.js 90/163
full: ../src/Sugar/lib/inflections.js 98/147
function: ../src/Sugar/lib/es5.js 33/120
function: ../src/Sugar/lib/core.js 83/163
function: ../src/Sugar/lib/function.js 63/64
inflections: ../src/Sugar/lib/string.js 21/198
inflections: ../src/Sugar/lib/es5.js 25/120
inflections: ../src/Sugar/lib/core.js 80/163
inflections: ../src/Sugar/lib/inflections.js 98/147
language: ../src/Sugar/lib/string.js 34/198
language: ../src/Sugar/lib/es5.js 28/120
language: ../src/Sugar/lib/core.js 86/163
language: ../src/Sugar/lib/language.js 72/72
full: ../src/Sugar/release/edge/minified/sugar-edge-full.min.js 97/123
number: ../src/Sugar/lib/es5.js 28/120
number: ../src/Sugar/lib/core.js 98/163
number: ../src/Sugar/lib/number.js 60/60
object: ../src/Sugar/lib/object.js 16/99
object: ../src/Sugar/lib/es5.js 38/120
object: ../src/Sugar/lib/core.js 90/163
prototype: ../src/Sugar/lib/core.js 65/163
prototype: https:/ajax.googleapis.com/ajax/libs/jquery/1.6.0/jquery.min.js 1/1
regexp: ../src/Sugar/lib/core.js 73/163
regexp: ../src/Sugar/lib/regexp.js 8/9
string: ../src/Sugar/lib/es5.js 28/120
string: ../src/Sugar/lib/core.js 105/163
string: ../src/Sugar/lib/string.js 144/198
underscore: ../src/Sugar/lib/core.js 65/163
underscore: https:/ajax.googleapis.com/ajax/libs/jquery/1.6.0/jquery.min.js 1/1
array: ../src/Sugar/lib/es5.js 25/120
array: ../src/Sugar/lib/core.js 133/163
array: ../src/Sugar/lib/array.js 322/322
date: ../src/Sugar/lib/es5.js 29/120
date: ../src/Sugar/lib/core.js 109/163
date: ../src/Sugar/lib/date.js 697/714
dates_only: ../src/Sugar/release/1.2.5/minified/sugar-1.2.5-dates-only.min.js 40/50
full: ../src/Sugar/release/edge/development/sugar-edge.development.js 689/2013
analyzer: ../src/Sugar/lib/core.js 65/163
analyzer: ../src/Sugar/lib/analyzer.js 73/128
timeframe: ../src/Sugar/lib/analyzer.js 69/128
analyzer: ../src/Sugar/lib/analyzer.js 55/128
index: ../src/Sugar/lib/analyzer.js 67/128
index: https:/ajax.googleapis.com/ajax/libs/jquery/1.6.0/jquery.min.js 1/1
es5: ../src/Sugar/lib/es5.js 25/120
es5: ../src/Sugar/lib/core.js 73/163
full: ../src/Sugar/lib/function.js 2/64
full: ../src/Sugar/lib/string.js 21/198
full: ../src/Sugar/lib/number.js 9/60
full: ../src/Sugar/lib/object.js 16/99
full: ../src/Sugar/lib/array.js 61/322
full: ../src/Sugar/lib/es5.js 25/120
full: ../src/Sugar/lib/date_ranges.js 6/28
full: ../src/Sugar/lib/regexp.js 3/9
full: ../src/Sugar/lib/language.js 26/72
full: ../src/Sugar/lib/date.js 281/714
full: ../src/Sugar/lib/core.js 90/163
full: ../src/Sugar/lib/inflections.js 98/147
function: ../src/Sugar/lib/es5.js 33/120
function: ../src/Sugar/lib/core.js 83/163
function: ../src/Sugar/lib/function.js 63/64
inflections: ../src/Sugar/lib/string.js 21/198
inflections: ../src/Sugar/lib/es5.js 25/120
inflections: ../src/Sugar/lib/core.js 80/163
inflections: ../src/Sugar/lib/inflections.js 98/147
language: ../src/Sugar/lib/string.js 34/198
language: ../src/Sugar/lib/es5.js 28/120
language: ../src/Sugar/lib/core.js 86/163
language: ../src/Sugar/lib/language.js 72/72
full: ../src/Sugar/release/edge/minified/sugar-edge-full.min.js 97/123
number: ../src/Sugar/lib/es5.js 28/120
number: ../src/Sugar/lib/core.js 98/163
number: ../src/Sugar/lib/number.js 60/60
object: ../src/Sugar/lib/object.js 16/99
object: ../src/Sugar/lib/es5.js 38/120
object: ../src/Sugar/lib/core.js 90/163
prototype: ../src/Sugar/lib/core.js 65/163
prototype: https:/ajax.googleapis.com/ajax/libs/jquery/1.6.0/jquery.min.js 1/1
regexp: ../src/Sugar/lib/core.js 73/163
regexp: ../src/Sugar/lib/regexp.js 8/9
string: ../src/Sugar/lib/es5.js 28/120
string: ../src/Sugar/lib/core.js 105/163
string: ../src/Sugar/lib/string.js 144/198
underscore: ../src/Sugar/lib/core.js 65/163
underscore: https:/ajax.googleapis.com/ajax/libs/jquery/1.6.0/jquery.min.js 1/1
array: ../src/Sugar/lib/es5.js 25/120
array: ../src/Sugar/lib/core.js 133/163
array: ../src/Sugar/lib/array.js 322/322
date: ../src/Sugar/lib/es5.js 29/120
date: ../src/Sugar/lib/core.js 109/163
date: ../src/Sugar/lib/date.js 697/714
dates_only: ../src/Sugar/release/1.2.5/minified/sugar-1.2.5-dates-only.min.js 40/50
full: ../src/Sugar/release/edge/development/sugar-edge.development.js 689/2013
analyzer: ../src/Sugar/lib/core.js 65/163
analyzer: ../src/Sugar/lib/analyzer.js 73/128
timeframe: ../src/Sugar/lib/analyzer.js 69/128
analyzer: ../src/Sugar/lib/analyzer.js 55/128
index: ../src/Sugar/lib/analyzer.js 67/128
index: https:/ajax.googleapis.com/ajax/libs/jquery/1.6.0/jquery.min.js 1/1
es5: ../src/Sugar/lib/es5.js 25/120
es5: ../src/Sugar/lib/core.js 73/163
full: ../src/Sugar/lib/function.js 2/64
full: ../src/Sugar/lib/string.js 21/198
full: ../src/Sugar/lib/number.js 9/60
full: ../src/Sugar/lib/object.js 16/99
full: ../src/Sugar/lib/array.js 61/322
full: ../src/Sugar/lib/es5.js 25/120
full: ../src/Sugar/lib/date_ranges.js 6/28
full: ../src/Sugar/lib/regexp.js 3/9
full: ../src/Sugar/lib/language.js 26/72
full: ../src/Sugar/lib/date.js 281/714
full: ../src/Sugar/lib/core.js 90/163
full: ../src/Sugar/lib/inflections.js 98/147
function: ../src/Sugar/lib/es5.js 33/120
function: ../src/Sugar/lib/core.js 83/163
function: ../src/Sugar/lib/function.js 63/64
inflections: ../src/Sugar/lib/string.js 21/198
inflections: ../src/Sugar/lib/es5.js 25/120
inflections: ../src/Sugar/lib/core.js 80/163
inflections: ../src/Sugar/lib/inflections.js 98/147
language: ../src/Sugar/lib/string.js 34/198
language: ../src/Sugar/lib/es5.js 28/120
language: ../src/Sugar/lib/core.js 86/163
language: ../src/Sugar/lib/language.js 72/72
full: ../src/Sugar/release/edge/minified/sugar-edge-full.min.js 97/123
number: ../src/Sugar/lib/es5.js 28/120
number: ../src/Sugar/lib/core.js 98/163
number: ../src/Sugar/lib/number.js 60/60
object: ../src/Sugar/lib/object.js 16/99
object: ../src/Sugar/lib/es5.js 38/120
object: ../src/Sugar/lib/core.js 90/163
prototype: ../src/Sugar/lib/core.js 65/163
prototype: https:/ajax.googleapis.com/ajax/libs/jquery/1.6.0/jquery.min.js 1/1
regexp: ../src/Sugar/lib/core.js 73/163
regexp: ../src/Sugar/lib/regexp.js 8/9
string: ../src/Sugar/lib/es5.js 28/120
string: ../src/Sugar/lib/core.js 105/163
string: ../src/Sugar/lib/string.js 144/198
underscore: ../src/Sugar/lib/core.js 65/163
underscore: https:/ajax.googleapis.com/ajax/libs/jquery/1.6.0/jquery.min.js 1/1
array: ../src/Sugar/lib/es5.js 25/120
array: ../src/Sugar/lib/core.js 133/163
array: ../src/Sugar/lib/array.js 322/322
date: ../src/Sugar/lib/es5.js 29/120
date: ../src/Sugar/lib/core.js 109/163
date: ../src/Sugar/lib/date.js 697/714
dates_only: ../src/Sugar/release/1.2.5/minified/sugar-1.2.5-dates-only.min.js 40/50
full: ../src/Sugar/release/edge/development/sugar-edge.development.js 689/2013
analyzer: ../src/Sugar/lib/core.js 65/163
analyzer: ../src/Sugar/lib/analyzer.js 73/128
timeframe: ../src/Sugar/lib/analyzer.js 69/128
analyzer: ../src/Sugar/lib/analyzer.js 55/128
index: ../src/Sugar/lib/analyzer.js 67/128
index: https:/ajax.googleapis.com/ajax/libs/jquery/1.6.0/jquery.min.js 1/1
es5: ../src/Sugar/lib/es5.js 25/120
es5: ../src/Sugar/lib/core.js 73/163
full: ../src/Sugar/lib/function.js 2/64
full: ../src/Sugar/lib/string.js 21/198
full: ../src/Sugar/lib/number.js 9/60
full: ../src/Sugar/lib/object.js 16/99
full: ../src/Sugar/lib/array.js 61/322
full: ../src/Sugar/lib/es5.js 25/120
full: ../src/Sugar/lib/date_ranges.js 6/28
full: ../src/Sugar/lib/regexp.js 3/9
full: ../src/Sugar/lib/language.js 26/72
full: ../src/Sugar/lib/date.js 281/714
full: ../src/Sugar/lib/core.js 90/163
full: ../src/Sugar/lib/inflections.js 98/147
function: ../src/Sugar/lib/es5.js 33/120
function: ../src/Sugar/lib/core.js 83/163
function: ../src/Sugar/lib/function.js 63/64
inflections: ../src/Sugar/lib/string.js 21/198
inflections: ../src/Sugar/lib/es5.js 25/120
inflections: ../src/Sugar/lib/core.js 80/163
inflections: ../src/Sugar/lib/inflections.js 98/147
language: ../src/Sugar/lib/string.js 34/198
language: ../src/Sugar/lib/es5.js 28/120
language: ../src/Sugar/lib/core.js 86/163
language: ../src/Sugar/lib/language.js 72/72
full: ../src/Sugar/release/edge/minified/sugar-edge-full.min.js 97/123
number: ../src/Sugar/lib/es5.js 28/120
number: ../src/Sugar/lib/core.js 98/163
number: ../src/Sugar/lib/number.js 60/60
object: ../src/Sugar/lib/object.js 16/99
object: ../src/Sugar/lib/es5.js 38/120
object: ../src/Sugar/lib/core.js 90/163
prototype: ../src/Sugar/lib/core.js 65/163
prototype: https:/ajax.googleapis.com/ajax/libs/jquery/1.6.0/jquery.min.js 1/1
regexp: ../src/Sugar/lib/core.js 73/163
regexp: ../src/Sugar/lib/regexp.js 8/9
string: ../src/Sugar/lib/es5.js 28/120
string: ../src/Sugar/lib/core.js 105/163
string: ../src/Sugar/lib/string.js 144/198
underscore: ../src/Sugar/lib/core.js 65/163
underscore: https:/ajax.googleapis.com/ajax/libs/jquery/1.6.0/jquery.min.js 1/1
array: ../src/Sugar/lib/es5.js 25/120
array: ../src/Sugar/lib/core.js 133/163
array: ../src/Sugar/lib/array.js 322/322
date: ../src/Sugar/lib/es5.js 29/120
date: ../src/Sugar/lib/core.js 109/163
date: ../src/Sugar/lib/date.js 697/714
dates_only: ../src/Sugar/release/1.2.5/minified/sugar-1.2.5-dates-only.min.js 40/50
full: ../src/Sugar/release/edge/development/sugar-edge.development.js 689/2013
analyzer: ../src/Sugar/lib/core.js 65/163
analyzer: ../src/Sugar/lib/analyzer.js 73/128
timeframe: ../src/Sugar/lib/analyzer.js 69/128
analyzer: ../src/Sugar/lib/analyzer.js 55/128
index: ../src/Sugar/lib/analyzer.js 67/128
index: https:/ajax.googleapis.com/ajax/libs/jquery/1.6.0/jquery.min.js 1/1
es5: ../src/Sugar/lib/es5.js 25/120
es5: ../src/Sugar/lib/core.js 73/163
full: ../src/Sugar/lib/function.js 2/64
full: ../src/Sugar/lib/string.js 21/198
full: ../src/Sugar/lib/number.js 9/60
full: ../src/Sugar/lib/object.js 16/99
full: ../src/Sugar/lib/array.js 61/322
full: ../src/Sugar/lib/es5.js 25/120
full: ../src/Sugar/lib/date_ranges.js 6/28
full: ../src/Sugar/lib/regexp.js 3/9
full: ../src/Sugar/lib/language.js 26/72
full: ../src/Sugar/lib/date.js 281/714
full: ../src/Sugar/lib/core.js 90/163
full: ../src/Sugar/lib/inflections.js 98/147
function: ../src/Sugar/lib/es5.js 33/120
function: ../src/Sugar/lib/core.js 83/163
function: ../src/Sugar/lib/function.js 63/64
inflections: ../src/Sugar/lib/string.js 21/198
inflections: ../src/Sugar/lib/es5.js 25/120
inflections: ../src/Sugar/lib/core.js 80/163
inflections: ../src/Sugar/lib/inflections.js 98/147
language: ../src/Sugar/lib/string.js 34/198
language: ../src/Sugar/lib/es5.js 28/120
language: ../src/Sugar/lib/core.js 86/163
language: ../src/Sugar/lib/language.js 72/72
full: ../src/Sugar/release/edge/minified/sugar-edge-full.min.js 97/123
number: ../src/Sugar/lib/es5.js 28/120
number: ../src/Sugar/lib/core.js 98/163
number: ../src/Sugar/lib/number.js 60/60
object: ../src/Sugar/lib/object.js 16/99
object: ../src/Sugar/lib/es5.js 38/120
object: ../src/Sugar/lib/core.js 90/163
prototype: ../src/Sugar/lib/core.js 65/163
prototype: https:/ajax.googleapis.com/ajax/libs/jquery/1.6.0/jquery.min.js 1/1
regexp: ../src/Sugar/lib/core.js 73/163
regexp: ../src/Sugar/lib/regexp.js 8/9
string: ../src/Sugar/lib/es5.js 28/120
string: ../src/Sugar/lib/core.js 105/163
string: ../src/Sugar/lib/string.js 144/198
underscore: ../src/Sugar/lib/core.js 65/163
underscore: https:/ajax.googleapis.com/ajax/libs/jquery/1.6.0/jquery.min.js 1/1
array: ../src/Sugar/lib/es5.js 25/120
array: ../src/Sugar/lib/core.js 133/163
array: ../src/Sugar/lib/array.js 322/322
date: ../src/Sugar/lib/es5.js 29/120
date: ../src/Sugar/lib/core.js 109/163
date: ../src/Sugar/lib/date.js 697/714
dates_only: ../src/Sugar/release/1.2.5/minified/sugar-1.2.5-dates-only.min.js 40/50
full: ../src/Sugar/release/edge/development/sugar-edge.development.js 689/2013
analyzer: ../src/Sugar/lib/core.js 65/163
analyzer: ../src/Sugar/lib/analyzer.js 73/128
timeframe: ../src/Sugar/lib/analyzer.js 69/128
analyzer: ../src/Sugar/lib/analyzer.js 55/128
index: ../src/Sugar/lib/analyzer.js 67/128
index: https:/ajax.googleapis.com/ajax/libs/jquery/1.6.0/jquery.min.js 1/1
es5: ../src/Sugar/lib/es5.js 25/120
es5: ../src/Sugar/lib/core.js 73/163
full: ../src/Sugar/lib/function.js 2/64
full: ../src/Sugar/lib/string.js 21/198
full: ../src/Sugar/lib/number.js 9/60
full: ../src/Sugar/lib/object.js 16/99
full: ../src/Sugar/lib/array.js 61/322
full: ../src/Sugar/lib/es5.js 25/120
full: ../src/Sugar/lib/date_ranges.js 6/28
full: ../src/Sugar/lib/regexp.js 3/9
full: ../src/Sugar/lib/language.js 26/72
full: ../src/Sugar/lib/date.js 281/714
full: ../src/Sugar/lib/core.js 90/163
full: ../src/Sugar/lib/inflections.js 98/147
function: ../src/Sugar/lib/es5.js 33/120
function: ../src/Sugar/lib/core.js 83/163
function: ../src/Sugar/lib/function.js 63/64
inflections: ../src/Sugar/lib/string.js 21/198
inflections: ../src/Sugar/lib/es5.js 25/120
inflections: ../src/Sugar/lib/core.js 80/163
inflections: ../src/Sugar/lib/inflections.js 98/147
language: ../src/Sugar/lib/string.js 34/198
language: ../src/Sugar/lib/es5.js 28/120
language: ../src/Sugar/lib/core.js 86/163
language: ../src/Sugar/lib/language.js 72/72
full: ../src/Sugar/release/edge/minified/sugar-edge-full.min.js 97/123
number: ../src/Sugar/lib/es5.js 28/120
number: ../src/Sugar/lib/core.js 98/163
number: ../src/Sugar/lib/number.js 60/60
object: ../src/Sugar/lib/object.js 16/99
object: ../src/Sugar/lib/es5.js 38/120
object: ../src/Sugar/lib/core.js 90/163
prototype: ../src/Sugar/lib/core.js 65/163
prototype: https:/ajax.googleapis.com/ajax/libs/jquery/1.6.0/jquery.min.js 1/1
regexp: ../src/Sugar/lib/core.js 73/163
regexp: ../src/Sugar/lib/regexp.js 8/9
string: ../src/Sugar/lib/es5.js 28/120
string: ../src/Sugar/lib/core.js 105/163
string: ../src/Sugar/lib/string.js 144/198
underscore: ../src/Sugar/lib/core.js 65/163
underscore: https:/ajax.googleapis.com/ajax/libs/jquery/1.6.0/jquery.min.js 1/1
array: ../src/Sugar/lib/es5.js 25/120
array: ../src/Sugar/lib/core.js 133/163
array: ../src/Sugar/lib/array.js 322/322
date: ../src/Sugar/lib/es5.js 29/120
date: ../src/Sugar/lib/core.js 109/163
date: ../src/Sugar/lib/date.js 697/714
dates_only: ../src/Sugar/release/1.2.5/minified/sugar-1.2.5-dates-only.min.js 40/50
full: ../src/Sugar/release/edge/development/sugar-edge.development.js 689/2013
analyzer: ../src/Sugar/lib/core.js 65/163
analyzer: ../src/Sugar/lib/analyzer.js 73/128
timeframe: ../src/Sugar/lib/analyzer.js 69/128
analyzer: ../src/Sugar/lib/analyzer.js 55/128
index: ../src/Sugar/lib/analyzer.js 67/128
index: https:/ajax.googleapis.com/ajax/libs/jquery/1.6.0/jquery.min.js 1/1
es5: ../src/Sugar/lib/es5.js 25/120
es5: ../src/Sugar/lib/core.js 73/163
full: ../src/Sugar/lib/function.js 2/64
full: ../src/Sugar/lib/string.js 21/198
full: ../src/Sugar/lib/number.js 9/60
full: ../src/Sugar/lib/object.js 16/99
full: ../src/Sugar/lib/array.js 61/322
full: ../src/Sugar/lib/es5.js 25/120
full: ../src/Sugar/lib/date_ranges.js 6/28
full: ../src/Sugar/lib/regexp.js 3/9
full: ../src/Sugar/lib/language.js 26/72
full: ../src/Sugar/lib/date.js 281/714
full: ../src/Sugar/lib/core.js 90/163
full: ../src/Sugar/lib/inflections.js 98/147
function: ../src/Sugar/lib/es5.js 33/120
function: ../src/Sugar/lib/core.js 83/163
function: ../src/Sugar/lib/function.js 63/64
inflections: ../src/Sugar/lib/string.js 21/198
inflections: ../src/Sugar/lib/es5.js 25/120
inflections: ../src/Sugar/lib/core.js 80/163
inflections: ../src/Sugar/lib/inflections.js 98/147
language: ../src/Sugar/lib/string.js 34/198
language: ../src/Sugar/lib/es5.js 28/120
language: ../src/Sugar/lib/core.js 86/163
language: ../src/Sugar/lib/language.js 72/72
full: ../src/Sugar/release/edge/minified/sugar-edge-full.min.js 97/123
number: ../src/Sugar/lib/es5.js 28/120
number: ../src/Sugar/lib/core.js 98/163
number: ../src/Sugar/lib/number.js 60/60
object: ../src/Sugar/lib/object.js 16/99
object: ../src/Sugar/lib/es5.js 38/120
object: ../src/Sugar/lib/core.js 90/163
prototype: ../src/Sugar/lib/core.js 65/163
prototype: https:/ajax.googleapis.com/ajax/libs/jquery/1.6.0/jquery.min.js 1/1
regexp: ../src/Sugar/lib/core.js 73/163
regexp: ../src/Sugar/lib/regexp.js 8/9
string: ../src/Sugar/lib/es5.js 28/120
string: ../src/Sugar/lib/core.js 105/163
string: ../src/Sugar/lib/string.js 144/198
underscore: ../src/Sugar/lib/core.js 65/163
underscore: https:/ajax.googleapis.com/ajax/libs/jquery/1.6.0/jquery.min.js 1/1
array: ../src/Sugar/lib/es5.js 25/120
array: ../src/Sugar/lib/core.js 133/163
array: ../src/Sugar/lib/array.js 322/322
date: ../src/Sugar/lib/es5.js 29/120
date: ../src/Sugar/lib/core.js 109/163
date: ../src/Sugar/lib/date.js 697/714
dates_only: ../src/Sugar/release/1.2.5/minified/sugar-1.2.5-dates-only.min.js 40/50
full: ../src/Sugar/release/edge/development/sugar-edge.development.js 689/2013
analyzer: ../src/Sugar/lib/core.js 65/163
analyzer: ../src/Sugar/lib/analyzer.js 73/128
timeframe: ../src/Sugar/lib/analyzer.js 69/128
analyzer: ../src/Sugar/lib/analyzer.js 55/128
index: ../src/Sugar/lib/analyzer.js 67/128
index: https:/ajax.googleapis.com/ajax/libs/jquery/1.6.0/jquery.min.js 1/1
es5: ../src/Sugar/lib/es5.js 25/120
es5: ../src/Sugar/lib/core.js 73/163
full: ../src/Sugar/lib/function.js 2/64
full: ../src/Sugar/lib/string.js 21/198
full: ../src/Sugar/lib/number.js 9/60
full: ../src/Sugar/lib/object.js 16/99
full: ../src/Sugar/lib/array.js 61/322
full: ../src/Sugar/lib/es5.js 25/120
full: ../src/Sugar/lib/date_ranges.js 6/28
full: ../src/Sugar/lib/regexp.js 3/9
full: ../src/Sugar/lib/language.js 26/72
full: ../src/Sugar/lib/date.js 281/714
full: ../src/Sugar/lib/core.js 90/163
full: ../src/Sugar/lib/inflections.js 98/147
function: ../src/Sugar/lib/es5.js 33/120
function: ../src/Sugar/lib/core.js 83/163
function: ../src/Sugar/lib/function.js 63/64
inflections: ../src/Sugar/lib/string.js 21/198
inflections: ../src/Sugar/lib/es5.js 25/120
inflections: ../src/Sugar/lib/core.js 80/163
inflections: ../src/Sugar/lib/inflections.js 98/147
language: ../src/Sugar/lib/string.js 34/198
language: ../src/Sugar/lib/es5.js 28/120
language: ../src/Sugar/lib/core.js 86/163
language: ../src/Sugar/lib/language.js 72/72
full: ../src/Sugar/release/edge/minified/sugar-edge-full.min.js 97/123
number: ../src/Sugar/lib/es5.js 28/120
number: ../src/Sugar/lib/core.js 98/163
number: ../src/Sugar/lib/number.js 60/60
object: ../src/Sugar/lib/object.js 16/99
object: ../src/Sugar/lib/es5.js 38/120
object: ../src/Sugar/lib/core.js 90/163
prototype: ../src/Sugar/lib/core.js 65/163
prototype: https:/ajax.googleapis.com/ajax/libs/jquery/1.6.0/jquery.min.js 1/1
regexp: ../src/Sugar/lib/core.js 73/163
regexp: ../src/Sugar/lib/regexp.js 8/9
string: ../src/Sugar/lib/es5.js 28/120
string: ../src/Sugar/lib/core.js 105/163
string: ../src/Sugar/lib/string.js 144/198
underscore: ../src/Sugar/lib/core.js 65/163
underscore: https:/ajax.googleapis.com/ajax/libs/jquery/1.6.0/jquery.min.js 1/1
array: ../src/Sugar/lib/es5.js 25/120
array: ../src/Sugar/lib/core.js 133/163
array: ../src/Sugar/lib/array.js 322/322
date: ../src/Sugar/lib/es5.js 29/120
date: ../src/Sugar/lib/core.js 109/163
date: ../src/Sugar/lib/date.js 697/714
dates_only: ../src/Sugar/release/1.2.5/minified/sugar-1.2.5-dates-only.min.js 40/50
full: ../src/Sugar/release/edge/development/sugar-edge.development.js 689/2013
analyzer: ../src/Sugar/lib/core.js 65/163
analyzer: ../src/Sugar/lib/analyzer.js 73/128
timeframe: ../src/Sugar/lib/analyzer.js 69/128
analyzer: ../src/Sugar/lib/analyzer.js 55/128
index: ../src/Sugar/lib/analyzer.js 67/128
index: https:/ajax.googleapis.com/ajax/libs/jquery/1.6.0/jquery.min.js 1/1
es5: ../src/Sugar/lib/es5.js 25/120
es5: ../src/Sugar/lib/core.js 73/163
full: ../src/Sugar/lib/function.js 2/64
full: ../src/Sugar/lib/string.js 21/198
full: ../src/Sugar/lib/number.js 9/60
full: ../src/Sugar/lib/object.js 16/99
full: ../src/Sugar/lib/array.js 61/322
full: ../src/Sugar/lib/es5.js 25/120
full: ../src/Sugar/lib/date_ranges.js 6/28
full: ../src/Sugar/lib/regexp.js 3/9
full: ../src/Sugar/lib/language.js 26/72
full: ../src/Sugar/lib/date.js 281/714
full: ../src/Sugar/lib/core.js 90/163
full: ../src/Sugar/lib/inflections.js 98/147
function: ../src/Sugar/lib/es5.js 33/120
function: ../src/Sugar/lib/core.js 83/163
function: ../src/Sugar/lib/function.js 63/64
inflections: ../src/Sugar/lib/string.js 21/198
inflections: ../src/Sugar/lib/es5.js 25/120
inflections: ../src/Sugar/lib/core.js 80/163
inflections: ../src/Sugar/lib/inflections.js 98/147
language: ../src/Sugar/lib/string.js 34/198
language: ../src/Sugar/lib/es5.js 28/120
language: ../src/Sugar/lib/core.js 86/163
language: ../src/Sugar/lib/language.js 72/72
full: ../src/Sugar/release/edge/minified/sugar-edge-full.min.js 97/123
number: ../src/Sugar/lib/es5.js 28/120
number: ../src/Sugar/lib/core.js 98/163
number: ../src/Sugar/lib/number.js 60/60
object: ../src/Sugar/lib/object.js 16/99
object: ../src/Sugar/lib/es5.js 38/120
object: ../src/Sugar/lib/core.js 90/163
prototype: ../src/Sugar/lib/core.js 65/163
prototype: https:/ajax.googleapis.com/ajax/libs/jquery/1.6.0/jquery.min.js 1/1
regexp: ../src/Sugar/lib/core.js 73/163
regexp: ../src/Sugar/lib/regexp.js 8/9
string: ../src/Sugar/lib/es5.js 28/120
string: ../src/Sugar/lib/core.js 105/163
string: ../src/Sugar/lib/string.js 144/198
underscore: ../src/Sugar/lib/core.js 65/163
underscore: https:/ajax.googleapis.com/ajax/libs/jquery/1.6.0/jquery.min.js 1/1
array: ../src/Sugar/lib/es5.js 25/120
array: ../src/Sugar/lib/core.js 133/163
array: ../src/Sugar/lib/array.js 322/322
date: ../src/Sugar/lib/es5.js 29/120
date: ../src/Sugar/lib/core.js 109/163
date: ../src/Sugar/lib/date.js 697/714
dates_only: ../src/Sugar/release/1.2.5/minified/sugar-1.2.5-dates-only.min.js 40/50
full: ../src/Sugar/release/edge/development/sugar-edge.development.js 689/2013
analyzer: ../src/Sugar/lib/core.js 65/163
analyzer: ../src/Sugar/lib/analyzer.js 73/128
timeframe: ../src/Sugar/lib/analyzer.js 69/128
analyzer: ../src/Sugar/lib/analyzer.js 55/128
index: ../src/Sugar/lib/analyzer.js 67/128
index: https:/ajax.googleapis.com/ajax/libs/jquery/1.6.0/jquery.min.js 1/1
es5: ../src/Sugar/lib/es5.js 25/120
es5: ../src/Sugar/lib/core.js 73/163
full: ../src/Sugar/lib/function.js 2/64
full: ../src/Sugar/lib/string.js 21/198
full: ../src/Sugar/lib/number.js 9/60
full: ../src/Sugar/lib/object.js 16/99
full: ../src/Sugar/lib/array.js 61/322
full: ../src/Sugar/lib/es5.js 25/120
full: ../src/Sugar/lib/date_ranges.js 6/28
full: ../src/Sugar/lib/regexp.js 3/9
full: ../src/Sugar/lib/language.js 26/72
full: ../src/Sugar/lib/date.js 281/714
full: ../src/Sugar/lib/core.js 90/163
full: ../src/Sugar/lib/inflections.js 98/147
function: ../src/Sugar/lib/es5.js 33/120
function: ../src/Sugar/lib/core.js 83/163
function: ../src/Sugar/lib/function.js 63/64
inflections: ../src/Sugar/lib/string.js 21/198
inflections: ../src/Sugar/lib/es5.js 25/120
inflections: ../src/Sugar/lib/core.js 80/163
inflections: ../src/Sugar/lib/inflections.js 98/147
language: ../src/Sugar/lib/string.js 34/198
language: ../src/Sugar/lib/es5.js 28/120
language: ../src/Sugar/lib/core.js 86/163
language: ../src/Sugar/lib/language.js 72/72
full: ../src/Sugar/release/edge/minified/sugar-edge-full.min.js 97/123
number: ../src/Sugar/lib/es5.js 28/120
number: ../src/Sugar/lib/core.js 98/163
number: ../src/Sugar/lib/number.js 60/60
object: ../src/Sugar/lib/object.js 16/99
object: ../src/Sugar/lib/es5.js 38/120
object: ../src/Sugar/lib/core.js 90/163
prototype: ../src/Sugar/lib/core.js 65/163
prototype: https:/ajax.googleapis.com/ajax/libs/jquery/1.6.0/jquery.min.js 1/1
regexp: ../src/Sugar/lib/core.js 73/163
regexp: ../src/Sugar/lib/regexp.js 8/9
string: ../src/Sugar/lib/es5.js 28/120
string: ../src/Sugar/lib/core.js 105/163
string: ../src/Sugar/lib/string.js 144/198
underscore: ../src/Sugar/lib/core.js 65/163
underscore: https:/ajax.googleapis.com/ajax/libs/jquery/1.6.0/jquery.min.js 1/1
array: ../src/Sugar/lib/es5.js 25/120
array: ../src/Sugar/lib/core.js 133/163
array: ../src/Sugar/lib/array.js 322/322
date: ../src/Sugar/lib/es5.js 29/120
date: ../src/Sugar/lib/core.js 109/163
date: ../src/Sugar/lib/date.js 697/714
dates_only: ../src/Sugar/release/1.2.5/minified/sugar-1.2.5-dates-only.min.js 40/50
full: ../src/Sugar/release/edge/development/sugar-edge.development.js 689/2013
analyzer: ../src/Sugar/lib/core.js 65/163
analyzer: ../src/Sugar/lib/analyzer.js 73/128
timeframe: ../src/Sugar/lib/analyzer.js 69/128
analyzer: ../src/Sugar/lib/analyzer.js 55/128
index: ../src/Sugar/lib/analyzer.js 67/128
index: https:/ajax.googleapis.com/ajax/libs/jquery/1.6.0/jquery.min.js 1/1
es5: ../src/Sugar/lib/es5.js 25/120
es5: ../src/Sugar/lib/core.js 73/163
full: ../src/Sugar/lib/function.js 2/64
full: ../src/Sugar/lib/string.js 21/198
full: ../src/Sugar/lib/number.js 9/60
full: ../src/Sugar/lib/object.js 16/99
full: ../src/Sugar/lib/array.js 61/322
full: ../src/Sugar/lib/es5.js 25/120
full: ../src/Sugar/lib/date_ranges.js 6/28
full: ../src/Sugar/lib/regexp.js 3/9
full: ../src/Sugar/lib/language.js 26/72
full: ../src/Sugar/lib/date.js 281/714
full: ../src/Sugar/lib/core.js 90/163
full: ../src/Sugar/lib/inflections.js 98/147
function: ../src/Sugar/lib/es5.js 33/120
function: ../src/Sugar/lib/core.js 83/163
function: ../src/Sugar/lib/function.js 63/64
inflections: ../src/Sugar/lib/string.js 21/198
inflections: ../src/Sugar/lib/es5.js 25/120
inflections: ../src/Sugar/lib/core.js 80/163
inflections: ../src/Sugar/lib/inflections.js 98/147
language: ../src/Sugar/lib/string.js 34/198
language: ../src/Sugar/lib/es5.js 28/120
language: ../src/Sugar/lib/core.js 86/163
language: ../src/Sugar/lib/language.js 72/72
full: ../src/Sugar/release/edge/minified/sugar-edge-full.min.js 97/123
number: ../src/Sugar/lib/es5.js 28/120
number: ../src/Sugar/lib/core.js 98/163
number: ../src/Sugar/lib/number.js 60/60
object: ../src/Sugar/lib/object.js 16/99
object: ../src/Sugar/lib/es5.js 38/120
object: ../src/Sugar/lib/core.js 90/163
prototype: ../src/Sugar/lib/core.js 65/163
prototype: https:/ajax.googleapis.com/ajax/libs/jquery/1.6.0/jquery.min.js 1/1
regexp: ../src/Sugar/lib/core.js 73/163
regexp: ../src/Sugar/lib/regexp.js 8/9
string: ../src/Sugar/lib/es5.js 28/120
string: ../src/Sugar/lib/core.js 105/163
string: ../src/Sugar/lib/string.js 144/198
underscore: ../src/Sugar/lib/core.js 65/163
underscore: https:/ajax.googleapis.com/ajax/libs/jquery/1.6.0/jquery.min.js 1/1
array: ../src/Sugar/lib/es5.js 25/120
array: ../src/Sugar/lib/core.js 133/163
array: ../src/Sugar/lib/array.js 322/322
date: ../src/Sugar/lib/es5.js 29/120
date: ../src/Sugar/lib/core.js 109/163
date: ../src/Sugar/lib/date.js 697/714
dates_only: ../src/Sugar/release/1.2.5/minified/sugar-1.2.5-dates-only.min.js 40/50
full: ../src/Sugar/release/edge/development/sugar-edge.development.js 689/2013
analyzer: ../src/Sugar/lib/core.js 65/163
analyzer: ../src/Sugar/lib/analyzer.js 73/128
timeframe: ../src/Sugar/lib/analyzer.js 69/128
analyzer: ../src/Sugar/lib/analyzer.js 55/128
index: ../src/Sugar/lib/analyzer.js 67/128
index: https:/ajax.googleapis.com/ajax/libs/jquery/1.6.0/jquery.min.js 1/1
es5: ../src/Sugar/lib/es5.js 25/120
es5: ../src/Sugar/lib/core.js 73/163
full: ../src/Sugar/lib/function.js 2/64
full: ../src/Sugar/lib/string.js 21/198
full: ../src/Sugar/lib/number.js 9/60
full: ../src/Sugar/lib/object.js 16/99
full: ../src/Sugar/lib/array.js 61/322
full: ../src/Sugar/lib/es5.js 25/120
full: ../src/Sugar/lib/date_ranges.js 6/28
full: ../src/Sugar/lib/regexp.js 3/9
full: ../src/Sugar/lib/language.js 26/72
full: ../src/Sugar/lib/date.js 281/714
full: ../src/Sugar/lib/core.js 90/163
full: ../src/Sugar/lib/inflections.js 98/147
function: ../src/Sugar/lib/es5.js 33/120
function: ../src/Sugar/lib/core.js 83/163
function: ../src/Sugar/lib/function.js 63/64
inflections: ../src/Sugar/lib/string.js 21/198
inflections: ../src/Sugar/lib/es5.js 25/120
inflections: ../src/Sugar/lib/core.js 80/163
inflections: ../src/Sugar/lib/inflections.js 98/147
language: ../src/Sugar/lib/string.js 34/198
language: ../src/Sugar/lib/es5.js 28/120
language: ../src/Sugar/lib/core.js 86/163
language: ../src/Sugar/lib/language.js 72/72
full: ../src/Sugar/release/edge/minified/sugar-edge-full.min.js 97/123
number: ../src/Sugar/lib/es5.js 28/120
number: ../src/Sugar/lib/core.js 98/163
number: ../src/Sugar/lib/number.js 60/60
object: ../src/Sugar/lib/object.js 16/99
object: ../src/Sugar/lib/es5.js 38/120
object: ../src/Sugar/lib/core.js 90/163
prototype: ../src/Sugar/lib/core.js 65/163
prototype: https:/ajax.googleapis.com/ajax/libs/jquery/1.6.0/jquery.min.js 1/1
regexp: ../src/Sugar/lib/core.js 73/163
regexp: ../src/Sugar/lib/regexp.js 8/9
string: ../src/Sugar/lib/es5.js 28/120
string: ../src/Sugar/lib/core.js 105/163
string: ../src/Sugar/lib/string.js 144/198
underscore: ../src/Sugar/lib/core.js 65/163
underscore: https:/ajax.googleapis.com/ajax/libs/jquery/1.6.0/jquery.min.js 1/1
array: ../src/Sugar/lib/es5.js 25/120
array: ../src/Sugar/lib/core.js 133/163
array: ../src/Sugar/lib/array.js 322/322
date: ../src/Sugar/lib/es5.js 29/120
date: ../src/Sugar/lib/core.js 109/163
date: ../src/Sugar/lib/date.js 697/714
dates_only: ../src/Sugar/release/1.2.5/minified/sugar-1.2.5-dates-only.min.js 40/50
full: ../src/Sugar/release/edge/development/sugar-edge.development.js 689/2013
analyzer: ../src/Sugar/lib/core.js 65/163
analyzer: ../src/Sugar/lib/analyzer.js 73/128
timeframe: ../src/Sugar/lib/analyzer.js 69/128
analyzer: ../src/Sugar/lib/analyzer.js 55/128
index: ../src/Sugar/lib/analyzer.js 67/128
index: https:/ajax.googleapis.com/ajax/libs/jquery/1.6.0/jquery.min.js 1/1
es5: ../src/Sugar/lib/es5.js 25/120
es5: ../src/Sugar/lib/core.js 73/163
full: ../src/Sugar/lib/function.js 2/64
full: ../src/Sugar/lib/string.js 21/198
full: ../src/Sugar/lib/number.js 9/60
full: ../src/Sugar/lib/object.js 16/99
full: ../src/Sugar/lib/array.js 61/322
full: ../src/Sugar/lib/es5.js 25/120
full: ../src/Sugar/lib/date_ranges.js 6/28
full: ../src/Sugar/lib/regexp.js 3/9
full: ../src/Sugar/lib/language.js 26/72
full: ../src/Sugar/lib/date.js 281/714
full: ../src/Sugar/lib/core.js 90/163
full: ../src/Sugar/lib/inflections.js 98/147
function: ../src/Sugar/lib/es5.js 33/120
function: ../src/Sugar/lib/core.js 83/163
function: ../src/Sugar/lib/function.js 63/64
inflections: ../src/Sugar/lib/string.js 21/198
inflections: ../src/Sugar/lib/es5.js 25/120
inflections: ../src/Sugar/lib/core.js 80/163
inflections: ../src/Sugar/lib/inflections.js 98/147
language: ../src/Sugar/lib/string.js 34/198
language: ../src/Sugar/lib/es5.js 28/120
language: ../src/Sugar/lib/core.js 86/163
language: ../src/Sugar/lib/language.js 72/72
full: ../src/Sugar/release/edge/minified/sugar-edge-full.min.js 97/123
number: ../src/Sugar/lib/es5.js 28/120
number: ../src/Sugar/lib/core.js 98/163
number: ../src/Sugar/lib/number.js 60/60
object: ../src/Sugar/lib/object.js 16/99
object: ../src/Sugar/lib/es5.js 38/120
object: ../src/Sugar/lib/core.js 90/163
prototype: ../src/Sugar/lib/core.js 65/163
prototype: https:/ajax.googleapis.com/ajax/libs/jquery/1.6.0/jquery.min.js 1/1
regexp: ../src/Sugar/lib/core.js 73/163
regexp: ../src/Sugar/lib/regexp.js 8/9
string: ../src/Sugar/lib/es5.js 28/120
string: ../src/Sugar/lib/core.js 105/163
string: ../src/Sugar/lib/string.js 144/198
underscore: ../src/Sugar/lib/core.js 65/163
underscore: https:/ajax.googleapis.com/ajax/libs/jquery/1.6.0/jquery.min.js 1/1
array: ../src/Sugar/lib/es5.js 25/120
array: ../src/Sugar/lib/core.js 133/163
array: ../src/Sugar/lib/array.js 322/322
date: ../src/Sugar/lib/es5.js 29/120
date: ../src/Sugar/lib/core.js 109/163
date: ../src/Sugar/lib/date.js 697/714
dates_only: ../src/Sugar/release/1.2.5/minified/sugar-1.2.5-dates-only.min.js 40/50
full: ../src/Sugar/release/edge/development/sugar-edge.development.js 689/2013
analyzer: ../src/Sugar/lib/core.js 65/163
analyzer: ../src/Sugar/lib/analyzer.js 73/128
timeframe: ../src/Sugar/lib/analyzer.js 69/128
analyzer: ../src/Sugar/lib/analyzer.js 55/128
index: ../src/Sugar/lib/analyzer.js 67/128
index: https:/ajax.googleapis.com/ajax/libs/jquery/1.6.0/jquery.min.js 1/1
es5: ../src/Sugar/lib/es5.js 25/120
es5: ../src/Sugar/lib/core.js 73/163
full: ../src/Sugar/lib/function.js 2/64
full: ../src/Sugar/lib/string.js 21/198
full: ../src/Sugar/lib/number.js 9/60
full: ../src/Sugar/lib/object.js 16/99
full: ../src/Sugar/lib/array.js 61/322
full: ../src/Sugar/lib/es5.js 25/120
full: ../src/Sugar/lib/date_ranges.js 6/28
full: ../src/Sugar/lib/regexp.js 3/9
full: ../src/Sugar/lib/language.js 26/72
full: ../src/Sugar/lib/date.js 281/714
full: ../src/Sugar/lib/core.js 90/163
full: ../src/Sugar/lib/inflections.js 98/147
function: ../src/Sugar/lib/es5.js 33/120
function: ../src/Sugar/lib/core.js 83/163
function: ../src/Sugar/lib/function.js 63/64
inflections: ../src/Sugar/lib/string.js 21/198
inflections: ../src/Sugar/lib/es5.js 25/120
inflections: ../src/Sugar/lib/core.js 80/163
inflections: ../src/Sugar/lib/inflections.js 98/147
language: ../src/Sugar/lib/string.js 34/198
language: ../src/Sugar/lib/es5.js 28/120
language: ../src/Sugar/lib/core.js 86/163
language: ../src/Sugar/lib/language.js 72/72
full: ../src/Sugar/release/edge/minified/sugar-edge-full.min.js 97/123
number: ../src/Sugar/lib/es5.js 28/120
number: ../src/Sugar/lib/core.js 98/163
number: ../src/Sugar/lib/number.js 60/60
object: ../src/Sugar/lib/object.js 16/99
object: ../src/Sugar/lib/es5.js 38/120
object: ../src/Sugar/lib/core.js 90/163
prototype: ../src/Sugar/lib/core.js 65/163
prototype: https:/ajax.googleapis.com/ajax/libs/jquery/1.6.0/jquery.min.js 1/1
regexp: ../src/Sugar/lib/core.js 73/163
regexp: ../src/Sugar/lib/regexp.js 8/9
string: ../src/Sugar/lib/es5.js 28/120
string: ../src/Sugar/lib/core.js 105/163
string: ../src/Sugar/lib/string.js 144/198
underscore: ../src/Sugar/lib/core.js 65/163
underscore: https:/ajax.googleapis.com/ajax/libs/jquery/1.6.0/jquery.min.js 1/1
