index: ../src/TheRenderEngine/engine/math/math2d.js 4/237
index: ../src/TheRenderEngine/engine/gameobject.js 4/72
index: ../src/TheRenderEngine/engine/struct/container.js 8/118
index: ../src/TheRenderEngine/engine/lang/abstracttimer.js 4/45
index: ../src/TheRenderEngine/engine/game.js 2/21
index: ../src/TheRenderEngine/engine/struct/hashcontainer.js 4/41
index: ../src/TheRenderEngine/engine/components/base.js 4/35
index: ../src/TheRenderEngine/engine/baseobject.js 12/89
index: ../src/TheRenderEngine/engine/events.js 2/14
index: ../src/TheRenderEngine/engine/struct/mouseinfo.js 4/28
index: ../src/TheRenderEngine/engine/rendercontexts/abstractrendercontext.js 31/170
index: ../src/TheRenderEngine/engine/math/rectangle2d.js 27/138
index: ../src/TheRenderEngine/engine/math/vector2d.js 16/71
index: ../src/TheRenderEngine/engine/rendercontexts/htmlelementcontext.js 35/149
index: ../src/TheRenderEngine/engine/lang/multitimeout.js 4/15
index: ../src/TheRenderEngine/engine/rendercontexts/rendercontext2d.js 62/208
index: ../src/TheRenderEngine/engine/lang/oneshottimeout.js 4/12
index: ../src/TheRenderEngine/engine/math/point2d.js 23/68
index: ../src/TheRenderEngine/engine/lang/oneshottrigger.js 4/11
index: ../src/TheRenderEngine/engine/lang/intervaltimer.js 4/9
index: ../src/TheRenderEngine/engine/lang/timeout.js 4/9
index: ../src/TheRenderEngine/engine/libs/sylvester.js 19/43
index: ../src/TheRenderEngine/engine/runtime/engine.js 531/1160
index: ../src/TheRenderEngine/engine/lang/iterator.js 21/44
index: ../src/TheRenderEngine/engine/pooledobject.js 49/85
index: ../src/TheRenderEngine/engine/math/pooledmathobject.js 10/11
index: ../src/TheRenderEngine/engine/libs/base.js 5/5
index: ../src/TheRenderEngine/engine/libs/jquery.ext.engine.js 3/3
index: ../src/TheRenderEngine/engine/libs/jquery.js 1/1
index: ../src/TheRenderEngine/engine/rendercontexts/documentcontext.js 6/6
index: ../src/TheRenderEngine/engine/math/math2d.js 4/237
index: ../src/TheRenderEngine/engine/gameobject.js 4/72
index: ../src/TheRenderEngine/engine/struct/container.js 8/118
index: ../src/TheRenderEngine/engine/lang/abstracttimer.js 4/45
index: ../src/TheRenderEngine/engine/game.js 2/21
index: ../src/TheRenderEngine/engine/struct/hashcontainer.js 4/41
index: ../src/TheRenderEngine/engine/components/base.js 4/35
index: ../src/TheRenderEngine/engine/baseobject.js 12/89
index: ../src/TheRenderEngine/engine/events.js 2/14
index: ../src/TheRenderEngine/engine/struct/mouseinfo.js 4/28
index: ../src/TheRenderEngine/engine/rendercontexts/abstractrendercontext.js 31/170
index: ../src/TheRenderEngine/engine/math/rectangle2d.js 27/138
index: ../src/TheRenderEngine/engine/math/vector2d.js 16/71
index: ../src/TheRenderEngine/engine/rendercontexts/htmlelementcontext.js 35/149
index: ../src/TheRenderEngine/engine/lang/multitimeout.js 4/15
index: ../src/TheRenderEngine/engine/rendercontexts/rendercontext2d.js 62/208
index: ../src/TheRenderEngine/engine/lang/oneshottimeout.js 4/12
index: ../src/TheRenderEngine/engine/math/point2d.js 23/68
index: ../src/TheRenderEngine/engine/lang/oneshottrigger.js 4/11
index: ../src/TheRenderEngine/engine/lang/intervaltimer.js 4/9
index: ../src/TheRenderEngine/engine/lang/timeout.js 4/9
index: ../src/TheRenderEngine/engine/libs/sylvester.js 19/43
index: ../src/TheRenderEngine/engine/runtime/engine.js 531/1160
index: ../src/TheRenderEngine/engine/lang/iterator.js 21/44
index: ../src/TheRenderEngine/engine/pooledobject.js 49/85
index: ../src/TheRenderEngine/engine/math/pooledmathobject.js 10/11
index: ../src/TheRenderEngine/engine/libs/base.js 5/5
index: ../src/TheRenderEngine/engine/libs/jquery.ext.engine.js 3/3
index: ../src/TheRenderEngine/engine/libs/jquery.js 1/1
index: ../src/TheRenderEngine/engine/rendercontexts/documentcontext.js 6/6
index: ../src/TheRenderEngine/engine/math/math2d.js 4/237
index: ../src/TheRenderEngine/engine/gameobject.js 4/72
index: ../src/TheRenderEngine/engine/struct/container.js 8/118
index: ../src/TheRenderEngine/engine/lang/abstracttimer.js 4/45
index: ../src/TheRenderEngine/engine/game.js 2/21
index: ../src/TheRenderEngine/engine/struct/hashcontainer.js 4/41
index: ../src/TheRenderEngine/engine/components/base.js 4/35
index: ../src/TheRenderEngine/engine/baseobject.js 12/89
index: ../src/TheRenderEngine/engine/events.js 2/14
index: ../src/TheRenderEngine/engine/struct/mouseinfo.js 4/28
index: ../src/TheRenderEngine/engine/rendercontexts/abstractrendercontext.js 31/170
index: ../src/TheRenderEngine/engine/math/rectangle2d.js 27/138
index: ../src/TheRenderEngine/engine/math/vector2d.js 16/71
index: ../src/TheRenderEngine/engine/rendercontexts/htmlelementcontext.js 35/149
index: ../src/TheRenderEngine/engine/lang/multitimeout.js 4/15
index: ../src/TheRenderEngine/engine/rendercontexts/rendercontext2d.js 62/208
index: ../src/TheRenderEngine/engine/lang/oneshottimeout.js 4/12
index: ../src/TheRenderEngine/engine/math/point2d.js 23/68
index: ../src/TheRenderEngine/engine/lang/oneshottrigger.js 4/11
index: ../src/TheRenderEngine/engine/lang/intervaltimer.js 4/9
index: ../src/TheRenderEngine/engine/lang/timeout.js 4/9
index: ../src/TheRenderEngine/engine/libs/sylvester.js 19/43
index: ../src/TheRenderEngine/engine/runtime/engine.js 531/1160
index: ../src/TheRenderEngine/engine/lang/iterator.js 21/44
index: ../src/TheRenderEngine/engine/pooledobject.js 49/85
index: ../src/TheRenderEngine/engine/math/pooledmathobject.js 10/11
index: ../src/TheRenderEngine/engine/libs/base.js 5/5
index: ../src/TheRenderEngine/engine/libs/jquery.ext.engine.js 3/3
index: ../src/TheRenderEngine/engine/libs/jquery.js 1/1
index: ../src/TheRenderEngine/engine/rendercontexts/documentcontext.js 6/6
