index: ../src/TiddlyWiki5/cssbuild/twitter-bootstrap/js/bootstrap-tooltip.js 7/91
index: ../src/TiddlyWiki5/cssbuild/twitter-bootstrap/js/bootstrap-typeahead.js 9/110
index: ../src/TiddlyWiki5/cssbuild/twitter-bootstrap/js/bootstrap-carousel.js 9/66
index: ../src/TiddlyWiki5/cssbuild/twitter-bootstrap/js/bootstrap-collapse.js 9/55
index: ../src/TiddlyWiki5/cssbuild/twitter-bootstrap/js/bootstrap-modal.js 14/81
index: ../src/TiddlyWiki5/cssbuild/twitter-bootstrap/js/bootstrap-tab.js 8/41
index: ../src/TiddlyWiki5/cssbuild/twitter-bootstrap/js/bootstrap-scrollspy.js 9/44
index: ../src/TiddlyWiki5/cssbuild/twitter-bootstrap/js/bootstrap-alert.js 8/26
index: ../src/TiddlyWiki5/cssbuild/twitter-bootstrap/js/bootstrap-popover.js 7/23
index: ../src/TiddlyWiki5/cssbuild/twitter-bootstrap/js/bootstrap-dropdown.js 10/31
index: ../src/TiddlyWiki5/cssbuild/twitter-bootstrap/js/bootstrap-button.js 10/29
index: ../src/TiddlyWiki5/cssbuild/twitter-bootstrap/js/bootstrap-transition.js 9/10
index: ../src/TiddlyWiki5/cssbuild/twitter-bootstrap/js/bootstrap-tooltip.js 7/91
index: ../src/TiddlyWiki5/cssbuild/twitter-bootstrap/js/bootstrap-typeahead.js 9/110
index: ../src/TiddlyWiki5/cssbuild/twitter-bootstrap/js/bootstrap-carousel.js 9/66
index: ../src/TiddlyWiki5/cssbuild/twitter-bootstrap/js/bootstrap-collapse.js 9/55
index: ../src/TiddlyWiki5/cssbuild/twitter-bootstrap/js/bootstrap-modal.js 14/81
index: ../src/TiddlyWiki5/cssbuild/twitter-bootstrap/js/bootstrap-tab.js 8/41
index: ../src/TiddlyWiki5/cssbuild/twitter-bootstrap/js/bootstrap-scrollspy.js 9/44
index: ../src/TiddlyWiki5/cssbuild/twitter-bootstrap/js/bootstrap-alert.js 8/26
index: ../src/TiddlyWiki5/cssbuild/twitter-bootstrap/js/bootstrap-popover.js 7/23
index: ../src/TiddlyWiki5/cssbuild/twitter-bootstrap/js/bootstrap-dropdown.js 10/31
index: ../src/TiddlyWiki5/cssbuild/twitter-bootstrap/js/bootstrap-button.js 10/29
index: ../src/TiddlyWiki5/cssbuild/twitter-bootstrap/js/bootstrap-transition.js 9/10
index: ../src/TiddlyWiki5/cssbuild/twitter-bootstrap/js/bootstrap-tooltip.js 7/91
index: ../src/TiddlyWiki5/cssbuild/twitter-bootstrap/js/bootstrap-typeahead.js 9/110
index: ../src/TiddlyWiki5/cssbuild/twitter-bootstrap/js/bootstrap-carousel.js 9/66
index: ../src/TiddlyWiki5/cssbuild/twitter-bootstrap/js/bootstrap-collapse.js 9/55
index: ../src/TiddlyWiki5/cssbuild/twitter-bootstrap/js/bootstrap-modal.js 14/81
index: ../src/TiddlyWiki5/cssbuild/twitter-bootstrap/js/bootstrap-tab.js 8/41
index: ../src/TiddlyWiki5/cssbuild/twitter-bootstrap/js/bootstrap-scrollspy.js 9/44
index: ../src/TiddlyWiki5/cssbuild/twitter-bootstrap/js/bootstrap-alert.js 8/26
index: ../src/TiddlyWiki5/cssbuild/twitter-bootstrap/js/bootstrap-popover.js 7/23
index: ../src/TiddlyWiki5/cssbuild/twitter-bootstrap/js/bootstrap-dropdown.js 10/31
index: ../src/TiddlyWiki5/cssbuild/twitter-bootstrap/js/bootstrap-button.js 10/29
index: ../src/TiddlyWiki5/cssbuild/twitter-bootstrap/js/bootstrap-transition.js 9/10
index: ../src/TiddlyWiki5/cssbuild/twitter-bootstrap/js/bootstrap-tooltip.js 7/91
index: ../src/TiddlyWiki5/cssbuild/twitter-bootstrap/js/bootstrap-typeahead.js 9/110
index: ../src/TiddlyWiki5/cssbuild/twitter-bootstrap/js/bootstrap-carousel.js 9/66
index: ../src/TiddlyWiki5/cssbuild/twitter-bootstrap/js/bootstrap-collapse.js 9/55
index: ../src/TiddlyWiki5/cssbuild/twitter-bootstrap/js/bootstrap-modal.js 14/81
index: ../src/TiddlyWiki5/cssbuild/twitter-bootstrap/js/bootstrap-tab.js 8/41
index: ../src/TiddlyWiki5/cssbuild/twitter-bootstrap/js/bootstrap-scrollspy.js 9/44
index: ../src/TiddlyWiki5/cssbuild/twitter-bootstrap/js/bootstrap-alert.js 8/26
index: ../src/TiddlyWiki5/cssbuild/twitter-bootstrap/js/bootstrap-popover.js 7/23
index: ../src/TiddlyWiki5/cssbuild/twitter-bootstrap/js/bootstrap-dropdown.js 10/31
index: ../src/TiddlyWiki5/cssbuild/twitter-bootstrap/js/bootstrap-button.js 10/29
index: ../src/TiddlyWiki5/cssbuild/twitter-bootstrap/js/bootstrap-transition.js 9/10
index: ../src/TiddlyWiki5/cssbuild/twitter-bootstrap/js/bootstrap-tooltip.js 7/91
index: ../src/TiddlyWiki5/cssbuild/twitter-bootstrap/js/bootstrap-typeahead.js 9/110
index: ../src/TiddlyWiki5/cssbuild/twitter-bootstrap/js/bootstrap-carousel.js 9/66
index: ../src/TiddlyWiki5/cssbuild/twitter-bootstrap/js/bootstrap-collapse.js 9/55
index: ../src/TiddlyWiki5/cssbuild/twitter-bootstrap/js/bootstrap-modal.js 14/81
index: ../src/TiddlyWiki5/cssbuild/twitter-bootstrap/js/bootstrap-tab.js 8/41
index: ../src/TiddlyWiki5/cssbuild/twitter-bootstrap/js/bootstrap-scrollspy.js 9/44
index: ../src/TiddlyWiki5/cssbuild/twitter-bootstrap/js/bootstrap-alert.js 8/26
index: ../src/TiddlyWiki5/cssbuild/twitter-bootstrap/js/bootstrap-popover.js 7/23
index: ../src/TiddlyWiki5/cssbuild/twitter-bootstrap/js/bootstrap-dropdown.js 10/31
index: ../src/TiddlyWiki5/cssbuild/twitter-bootstrap/js/bootstrap-button.js 10/29
index: ../src/TiddlyWiki5/cssbuild/twitter-bootstrap/js/bootstrap-transition.js 9/10
benchmarks: ../src/TiddlyWiki5/node_modules/esprima/esprima.js 127/1641
benchmarks: ../src/TiddlyWiki5/node_modules/esprima/assets/json2.js 13/91
index: ../src/TiddlyWiki5/cssbuild/twitter-bootstrap/js/bootstrap-tooltip.js 7/91
index: ../src/TiddlyWiki5/cssbuild/twitter-bootstrap/js/bootstrap-typeahead.js 9/110
index: ../src/TiddlyWiki5/cssbuild/twitter-bootstrap/js/bootstrap-carousel.js 9/66
index: ../src/TiddlyWiki5/cssbuild/twitter-bootstrap/js/bootstrap-collapse.js 9/55
index: ../src/TiddlyWiki5/cssbuild/twitter-bootstrap/js/bootstrap-modal.js 14/81
index: ../src/TiddlyWiki5/cssbuild/twitter-bootstrap/js/bootstrap-tab.js 8/41
index: ../src/TiddlyWiki5/cssbuild/twitter-bootstrap/js/bootstrap-scrollspy.js 9/44
index: ../src/TiddlyWiki5/cssbuild/twitter-bootstrap/js/bootstrap-alert.js 8/26
index: ../src/TiddlyWiki5/cssbuild/twitter-bootstrap/js/bootstrap-popover.js 7/23
index: ../src/TiddlyWiki5/cssbuild/twitter-bootstrap/js/bootstrap-dropdown.js 10/31
index: ../src/TiddlyWiki5/cssbuild/twitter-bootstrap/js/bootstrap-button.js 10/29
index: ../src/TiddlyWiki5/cssbuild/twitter-bootstrap/js/bootstrap-transition.js 9/10
benchmarks: ../src/TiddlyWiki5/node_modules/esprima/esprima.js 127/1641
benchmarks: ../src/TiddlyWiki5/node_modules/esprima/assets/json2.js 13/91
compare: ../src/TiddlyWiki5/node_modules/esprima/esprima.js 127/1641
compare: ../src/TiddlyWiki5/node_modules/esprima/assets/json2.js 13/91
index: ../src/TiddlyWiki5/cssbuild/twitter-bootstrap/js/bootstrap-tooltip.js 7/91
index: ../src/TiddlyWiki5/cssbuild/twitter-bootstrap/js/bootstrap-typeahead.js 9/110
index: ../src/TiddlyWiki5/cssbuild/twitter-bootstrap/js/bootstrap-carousel.js 9/66
index: ../src/TiddlyWiki5/cssbuild/twitter-bootstrap/js/bootstrap-collapse.js 9/55
index: ../src/TiddlyWiki5/cssbuild/twitter-bootstrap/js/bootstrap-modal.js 14/81
index: ../src/TiddlyWiki5/cssbuild/twitter-bootstrap/js/bootstrap-tab.js 8/41
index: ../src/TiddlyWiki5/cssbuild/twitter-bootstrap/js/bootstrap-scrollspy.js 9/44
index: ../src/TiddlyWiki5/cssbuild/twitter-bootstrap/js/bootstrap-alert.js 8/26
index: ../src/TiddlyWiki5/cssbuild/twitter-bootstrap/js/bootstrap-popover.js 7/23
index: ../src/TiddlyWiki5/cssbuild/twitter-bootstrap/js/bootstrap-dropdown.js 10/31
index: ../src/TiddlyWiki5/cssbuild/twitter-bootstrap/js/bootstrap-button.js 10/29
index: ../src/TiddlyWiki5/cssbuild/twitter-bootstrap/js/bootstrap-transition.js 9/10
benchmarks: ../src/TiddlyWiki5/node_modules/esprima/esprima.js 127/1641
benchmarks: ../src/TiddlyWiki5/node_modules/esprima/assets/json2.js 13/91
compare: ../src/TiddlyWiki5/node_modules/esprima/esprima.js 127/1641
compare: ../src/TiddlyWiki5/node_modules/esprima/assets/json2.js 13/91
compat: ../src/TiddlyWiki5/node_modules/esprima/assets/json2.js 13/91
compat: ../src/TiddlyWiki5/node_modules/esprima/esprima.js 1013/1641
index: ../src/TiddlyWiki5/cssbuild/twitter-bootstrap/js/bootstrap-tooltip.js 7/91
index: ../src/TiddlyWiki5/cssbuild/twitter-bootstrap/js/bootstrap-typeahead.js 9/110
index: ../src/TiddlyWiki5/cssbuild/twitter-bootstrap/js/bootstrap-carousel.js 9/66
index: ../src/TiddlyWiki5/cssbuild/twitter-bootstrap/js/bootstrap-collapse.js 9/55
index: ../src/TiddlyWiki5/cssbuild/twitter-bootstrap/js/bootstrap-modal.js 14/81
index: ../src/TiddlyWiki5/cssbuild/twitter-bootstrap/js/bootstrap-tab.js 8/41
index: ../src/TiddlyWiki5/cssbuild/twitter-bootstrap/js/bootstrap-scrollspy.js 9/44
index: ../src/TiddlyWiki5/cssbuild/twitter-bootstrap/js/bootstrap-alert.js 8/26
index: ../src/TiddlyWiki5/cssbuild/twitter-bootstrap/js/bootstrap-popover.js 7/23
index: ../src/TiddlyWiki5/cssbuild/twitter-bootstrap/js/bootstrap-dropdown.js 10/31
index: ../src/TiddlyWiki5/cssbuild/twitter-bootstrap/js/bootstrap-button.js 10/29
index: ../src/TiddlyWiki5/cssbuild/twitter-bootstrap/js/bootstrap-transition.js 9/10
benchmarks: ../src/TiddlyWiki5/node_modules/esprima/esprima.js 127/1641
benchmarks: ../src/TiddlyWiki5/node_modules/esprima/assets/json2.js 13/91
compare: ../src/TiddlyWiki5/node_modules/esprima/esprima.js 127/1641
compare: ../src/TiddlyWiki5/node_modules/esprima/assets/json2.js 13/91
compat: ../src/TiddlyWiki5/node_modules/esprima/assets/json2.js 13/91
compat: ../src/TiddlyWiki5/node_modules/esprima/esprima.js 1013/1641
index: ../src/TiddlyWiki5/cssbuild/twitter-bootstrap/js/bootstrap-tooltip.js 7/91
index: ../src/TiddlyWiki5/cssbuild/twitter-bootstrap/js/bootstrap-typeahead.js 9/110
index: ../src/TiddlyWiki5/cssbuild/twitter-bootstrap/js/bootstrap-carousel.js 9/66
index: ../src/TiddlyWiki5/cssbuild/twitter-bootstrap/js/bootstrap-collapse.js 9/55
index: ../src/TiddlyWiki5/cssbuild/twitter-bootstrap/js/bootstrap-modal.js 14/81
index: ../src/TiddlyWiki5/cssbuild/twitter-bootstrap/js/bootstrap-tab.js 8/41
index: ../src/TiddlyWiki5/cssbuild/twitter-bootstrap/js/bootstrap-scrollspy.js 9/44
index: ../src/TiddlyWiki5/cssbuild/twitter-bootstrap/js/bootstrap-alert.js 8/26
index: ../src/TiddlyWiki5/cssbuild/twitter-bootstrap/js/bootstrap-popover.js 7/23
index: ../src/TiddlyWiki5/cssbuild/twitter-bootstrap/js/bootstrap-dropdown.js 10/31
index: ../src/TiddlyWiki5/cssbuild/twitter-bootstrap/js/bootstrap-button.js 10/29
index: ../src/TiddlyWiki5/cssbuild/twitter-bootstrap/js/bootstrap-transition.js 9/10
benchmarks: ../src/TiddlyWiki5/node_modules/esprima/esprima.js 127/1641
benchmarks: ../src/TiddlyWiki5/node_modules/esprima/assets/json2.js 13/91
compare: ../src/TiddlyWiki5/node_modules/esprima/esprima.js 127/1641
compare: ../src/TiddlyWiki5/node_modules/esprima/assets/json2.js 13/91
compat: ../src/TiddlyWiki5/node_modules/esprima/assets/json2.js 13/91
compat: ../src/TiddlyWiki5/node_modules/esprima/esprima.js 1013/1641
index: ../src/TiddlyWiki5/cssbuild/twitter-bootstrap/js/bootstrap-tooltip.js 7/91
index: ../src/TiddlyWiki5/cssbuild/twitter-bootstrap/js/bootstrap-typeahead.js 9/110
index: ../src/TiddlyWiki5/cssbuild/twitter-bootstrap/js/bootstrap-carousel.js 9/66
index: ../src/TiddlyWiki5/cssbuild/twitter-bootstrap/js/bootstrap-collapse.js 9/55
index: ../src/TiddlyWiki5/cssbuild/twitter-bootstrap/js/bootstrap-modal.js 14/81
index: ../src/TiddlyWiki5/cssbuild/twitter-bootstrap/js/bootstrap-tab.js 8/41
index: ../src/TiddlyWiki5/cssbuild/twitter-bootstrap/js/bootstrap-scrollspy.js 9/44
index: ../src/TiddlyWiki5/cssbuild/twitter-bootstrap/js/bootstrap-alert.js 8/26
index: ../src/TiddlyWiki5/cssbuild/twitter-bootstrap/js/bootstrap-popover.js 7/23
index: ../src/TiddlyWiki5/cssbuild/twitter-bootstrap/js/bootstrap-dropdown.js 10/31
index: ../src/TiddlyWiki5/cssbuild/twitter-bootstrap/js/bootstrap-button.js 10/29
index: ../src/TiddlyWiki5/cssbuild/twitter-bootstrap/js/bootstrap-transition.js 9/10
benchmarks: ../src/TiddlyWiki5/node_modules/esprima/esprima.js 127/1641
benchmarks: ../src/TiddlyWiki5/node_modules/esprima/assets/json2.js 13/91
compare: ../src/TiddlyWiki5/node_modules/esprima/esprima.js 127/1641
compare: ../src/TiddlyWiki5/node_modules/esprima/assets/json2.js 13/91
compat: ../src/TiddlyWiki5/node_modules/esprima/assets/json2.js 13/91
compat: ../src/TiddlyWiki5/node_modules/esprima/esprima.js 1013/1641
index: ../src/TiddlyWiki5/cssbuild/twitter-bootstrap/js/bootstrap-tooltip.js 7/91
index: ../src/TiddlyWiki5/cssbuild/twitter-bootstrap/js/bootstrap-typeahead.js 9/110
index: ../src/TiddlyWiki5/cssbuild/twitter-bootstrap/js/bootstrap-carousel.js 9/66
index: ../src/TiddlyWiki5/cssbuild/twitter-bootstrap/js/bootstrap-collapse.js 9/55
index: ../src/TiddlyWiki5/cssbuild/twitter-bootstrap/js/bootstrap-modal.js 14/81
index: ../src/TiddlyWiki5/cssbuild/twitter-bootstrap/js/bootstrap-tab.js 8/41
index: ../src/TiddlyWiki5/cssbuild/twitter-bootstrap/js/bootstrap-scrollspy.js 9/44
index: ../src/TiddlyWiki5/cssbuild/twitter-bootstrap/js/bootstrap-alert.js 8/26
index: ../src/TiddlyWiki5/cssbuild/twitter-bootstrap/js/bootstrap-popover.js 7/23
index: ../src/TiddlyWiki5/cssbuild/twitter-bootstrap/js/bootstrap-dropdown.js 10/31
index: ../src/TiddlyWiki5/cssbuild/twitter-bootstrap/js/bootstrap-button.js 10/29
index: ../src/TiddlyWiki5/cssbuild/twitter-bootstrap/js/bootstrap-transition.js 9/10
benchmarks: ../src/TiddlyWiki5/node_modules/esprima/esprima.js 127/1641
benchmarks: ../src/TiddlyWiki5/node_modules/esprima/assets/json2.js 13/91
compare: ../src/TiddlyWiki5/node_modules/esprima/esprima.js 127/1641
compare: ../src/TiddlyWiki5/node_modules/esprima/assets/json2.js 13/91
compat: ../src/TiddlyWiki5/node_modules/esprima/assets/json2.js 13/91
compat: ../src/TiddlyWiki5/node_modules/esprima/esprima.js 1013/1641
index: ../src/TiddlyWiki5/node_modules/esprima/assets/json2.js 14/91
index: ../src/TiddlyWiki5/node_modules/esprima/esprima.js 1622/1641
index: ../src/TiddlyWiki5/cssbuild/twitter-bootstrap/js/bootstrap-tooltip.js 7/91
index: ../src/TiddlyWiki5/cssbuild/twitter-bootstrap/js/bootstrap-typeahead.js 9/110
index: ../src/TiddlyWiki5/cssbuild/twitter-bootstrap/js/bootstrap-carousel.js 9/66
index: ../src/TiddlyWiki5/cssbuild/twitter-bootstrap/js/bootstrap-collapse.js 9/55
index: ../src/TiddlyWiki5/cssbuild/twitter-bootstrap/js/bootstrap-modal.js 14/81
index: ../src/TiddlyWiki5/cssbuild/twitter-bootstrap/js/bootstrap-tab.js 8/41
index: ../src/TiddlyWiki5/cssbuild/twitter-bootstrap/js/bootstrap-scrollspy.js 9/44
index: ../src/TiddlyWiki5/cssbuild/twitter-bootstrap/js/bootstrap-alert.js 8/26
index: ../src/TiddlyWiki5/cssbuild/twitter-bootstrap/js/bootstrap-popover.js 7/23
index: ../src/TiddlyWiki5/cssbuild/twitter-bootstrap/js/bootstrap-dropdown.js 10/31
index: ../src/TiddlyWiki5/cssbuild/twitter-bootstrap/js/bootstrap-button.js 10/29
index: ../src/TiddlyWiki5/cssbuild/twitter-bootstrap/js/bootstrap-transition.js 9/10
benchmarks: ../src/TiddlyWiki5/node_modules/esprima/esprima.js 127/1641
benchmarks: ../src/TiddlyWiki5/node_modules/esprima/assets/json2.js 13/91
compare: ../src/TiddlyWiki5/node_modules/esprima/esprima.js 127/1641
compare: ../src/TiddlyWiki5/node_modules/esprima/assets/json2.js 13/91
compat: ../src/TiddlyWiki5/node_modules/esprima/assets/json2.js 13/91
compat: ../src/TiddlyWiki5/node_modules/esprima/esprima.js 1013/1641
index: ../src/TiddlyWiki5/node_modules/esprima/assets/json2.js 14/91
index: ../src/TiddlyWiki5/node_modules/esprima/esprima.js 1622/1641
