basic-marker-hit-test: ../src/tile5/dist/engines/cloudmade.js 1/9
basic-marker-hit-test: ../src/tile5/demos/_demogen/js/tile5.js 501/2218
basic-marker-hit-test: ../src/tile5/demos/_demogen/js/runner.js 12/33
basic-marker-hit-test: ../src/tile5/demos/_data/cities.js 1/1
basic-marker-hit-test: ../src/tile5/demos/_demogen/js/jquery-1.6.2.min.js 3/3
basic-marker-hit-test: ../src/tile5/demos/_demogen/js/keymaster.min.js 1/1
basic-marker-hit-test: ../src/tile5/demos/_demogen/js/modernizr-2.0.6.min.js 1/1
basic-marker-hit-test: ../src/tile5/dist/engines/cloudmade.js 1/9
basic-marker-hit-test: ../src/tile5/demos/_demogen/js/tile5.js 501/2218
basic-marker-hit-test: ../src/tile5/demos/_demogen/js/runner.js 12/33
basic-marker-hit-test: ../src/tile5/demos/_data/cities.js 1/1
basic-marker-hit-test: ../src/tile5/demos/_demogen/js/jquery-1.6.2.min.js 3/3
basic-marker-hit-test: ../src/tile5/demos/_demogen/js/keymaster.min.js 1/1
basic-marker-hit-test: ../src/tile5/demos/_demogen/js/modernizr-2.0.6.min.js 1/1
index: ../src/tile5/dist/plugins/renderer.raphael.js 1/120
index: ../src/tile5/dist/engines/cloudmade.js 1/9
index: ../src/tile5/dist/plugins/renderer.three.js 51/218
basic-marker-hit-test: ../src/tile5/dist/engines/cloudmade.js 1/9
basic-marker-hit-test: ../src/tile5/demos/_demogen/js/tile5.js 501/2218
basic-marker-hit-test: ../src/tile5/demos/_demogen/js/runner.js 12/33
basic-marker-hit-test: ../src/tile5/demos/_data/cities.js 1/1
basic-marker-hit-test: ../src/tile5/demos/_demogen/js/jquery-1.6.2.min.js 3/3
basic-marker-hit-test: ../src/tile5/demos/_demogen/js/keymaster.min.js 1/1
basic-marker-hit-test: ../src/tile5/demos/_demogen/js/modernizr-2.0.6.min.js 1/1
index: ../src/tile5/dist/plugins/renderer.raphael.js 1/120
index: ../src/tile5/dist/engines/cloudmade.js 1/9
index: ../src/tile5/dist/plugins/renderer.three.js 51/218
xy-rotation: ../src/tile5/dist/engines/cloudmade.js 1/9
