testInitCanvas: ../src/Tilt/bin/Tilt-engine.js 229/3753
testInitCanvas: ../src/Tilt/bin/Tilt-engine.js 229/3753
testInitTilt: ../src/Tilt/bin/Tilt-engine.js 229/3753
testInitCanvas: ../src/Tilt/bin/Tilt-engine.js 229/3753
testInitTilt: ../src/Tilt/bin/Tilt-engine.js 229/3753
testMouseEvents: ../src/Tilt/bin/Tilt-engine.js 229/3753
testInitCanvas: ../src/Tilt/bin/Tilt-engine.js 229/3753
testInitTilt: ../src/Tilt/bin/Tilt-engine.js 229/3753
testMouseEvents: ../src/Tilt/bin/Tilt-engine.js 229/3753
testPrimitivesBox: ../src/Tilt/bin/Tilt-engine.js 229/3753
testInitCanvas: ../src/Tilt/bin/Tilt-engine.js 229/3753
testInitTilt: ../src/Tilt/bin/Tilt-engine.js 229/3753
testMouseEvents: ../src/Tilt/bin/Tilt-engine.js 229/3753
testPrimitivesBox: ../src/Tilt/bin/Tilt-engine.js 229/3753
testPrimitivesImage: ../src/Tilt/bin/Tilt-engine.js 229/3753
testInitCanvas: ../src/Tilt/bin/Tilt-engine.js 229/3753
testInitTilt: ../src/Tilt/bin/Tilt-engine.js 229/3753
testMouseEvents: ../src/Tilt/bin/Tilt-engine.js 229/3753
testPrimitivesBox: ../src/Tilt/bin/Tilt-engine.js 229/3753
testPrimitivesImage: ../src/Tilt/bin/Tilt-engine.js 229/3753
testPrimitivesRect: ../src/Tilt/bin/Tilt-engine.js 229/3753
testInitCanvas: ../src/Tilt/bin/Tilt-engine.js 229/3753
testInitTilt: ../src/Tilt/bin/Tilt-engine.js 229/3753
testMouseEvents: ../src/Tilt/bin/Tilt-engine.js 229/3753
testPrimitivesBox: ../src/Tilt/bin/Tilt-engine.js 229/3753
testPrimitivesImage: ../src/Tilt/bin/Tilt-engine.js 229/3753
testPrimitivesRect: ../src/Tilt/bin/Tilt-engine.js 229/3753
testPrimitivesTexturedBox: ../src/Tilt/bin/Tilt-engine.js 229/3753
