after: ../src/todomvc/labs/architecture-examples/cujo/lib/aop/aop.js 26/132
afterReturning: ../src/todomvc/labs/architecture-examples/cujo/lib/aop/aop.js 26/132
afterThrowing: ../src/todomvc/labs/architecture-examples/cujo/lib/aop/aop.js 26/132
around: ../src/todomvc/labs/architecture-examples/cujo/lib/aop/aop.js 26/132
before: ../src/todomvc/labs/architecture-examples/cujo/lib/aop/aop.js 26/132
on: ../src/todomvc/labs/architecture-examples/cujo/lib/aop/aop.js 26/132
pointcut: ../src/todomvc/labs/architecture-examples/cujo/lib/aop/aop.js 26/132
prototype: ../src/todomvc/labs/architecture-examples/cujo/lib/aop/aop.js 26/132
remove: ../src/todomvc/labs/architecture-examples/cujo/lib/aop/aop.js 26/132
apiConflict: ../src/todomvc/labs/architecture-examples/cujo/lib/curl/src/curl.js 136/421
apiName: ../src/todomvc/labs/architecture-examples/cujo/lib/curl/src/curl/domReady.js 28/47
apiName: ../src/todomvc/labs/architecture-examples/cujo/lib/curl/src/curl.js 315/421
apiName: ../src/todomvc/labs/architecture-examples/cujo/lib/curl/src/curl/plugin/domReady.js 3/3
basic: ../src/todomvc/labs/architecture-examples/cujo/lib/curl/src/curl/plugin/css.js 71/147
basic: ../src/todomvc/labs/architecture-examples/cujo/lib/curl/src/curl/plugin/text.js 18/26
basic: ../src/todomvc/labs/architecture-examples/cujo/lib/curl/src/curl.js 320/421
cjsModules1.1: ../src/todomvc/labs/architecture-examples/cujo/lib/curl/src/curl/loader/cjsm11.js 19/28
cjsModules1.1: ../src/todomvc/labs/architecture-examples/cujo/lib/curl/src/curl/plugin/text.js 18/26
cjsModules1.1: ../src/todomvc/labs/architecture-examples/cujo/lib/curl/src/curl.js 367/421
cjsm1.1-prewrapped: ../src/todomvc/labs/architecture-examples/cujo/lib/curl/src/curl/domReady.js 28/47
cjsm1.1-prewrapped: ../src/todomvc/labs/architecture-examples/cujo/lib/curl/src/curl.js 349/421
cjsm1.1-prewrapped: ../src/todomvc/labs/architecture-examples/cujo/lib/curl/src/curl/plugin/domReady.js 3/3
cycle-correction-hybrid: ../src/todomvc/labs/architecture-examples/cujo/lib/curl/src/curl/domReady.js 28/47
cycle-correction-hybrid: ../src/todomvc/labs/architecture-examples/cujo/lib/curl/src/curl.js 304/421
cycle-correction-hybrid: ../src/todomvc/labs/architecture-examples/cujo/lib/curl/src/curl/plugin/domReady.js 3/3
debug: ../src/todomvc/labs/architecture-examples/cujo/lib/curl/src/curl/plugin/css.js 71/147
debug: ../src/todomvc/labs/architecture-examples/cujo/lib/curl/src/curl/plugin/text.js 18/26
debug: ../src/todomvc/labs/architecture-examples/cujo/lib/curl/src/curl.js 324/421
debug: ../src/todomvc/labs/architecture-examples/cujo/lib/curl/src/curl/debug.js 32/35
defineConflict: ../src/todomvc/labs/architecture-examples/cujo/lib/curl/src/curl.js 134/421
defineContext: ../src/todomvc/labs/architecture-examples/cujo/lib/curl/src/curl/domReady.js 28/47
defineContext: ../src/todomvc/labs/architecture-examples/cujo/lib/curl/src/curl.js 304/421
defineContext: ../src/todomvc/labs/architecture-examples/cujo/lib/curl/src/curl/plugin/domReady.js 3/3
defineContext2: ../src/todomvc/labs/architecture-examples/cujo/lib/curl/src/curl/domReady.js 28/47
defineContext2: ../src/todomvc/labs/architecture-examples/cujo/lib/curl/src/curl.js 305/421
defineContext2: ../src/todomvc/labs/architecture-examples/cujo/lib/curl/src/curl/plugin/domReady.js 3/3
domReady: ../src/todomvc/labs/architecture-examples/cujo/lib/curl/src/curl/domReady.js 28/47
domReady: ../src/todomvc/labs/architecture-examples/cujo/lib/curl/src/curl.js 285/421
domReady: ../src/todomvc/labs/architecture-examples/cujo/lib/curl/src/curl/plugin/domReady.js 3/3
issue20: ../src/todomvc/labs/architecture-examples/cujo/lib/curl/src/curl/plugin/js.js 40/58
issue20: ../src/todomvc/labs/architecture-examples/cujo/lib/curl/src/curl.js 305/421
issue28: ../src/todomvc/labs/architecture-examples/cujo/lib/curl/src/curl/plugin/css.js 71/147
issue28: ../src/todomvc/labs/architecture-examples/cujo/lib/curl/src/curl/domReady.js 28/47
issue28: ../src/todomvc/labs/architecture-examples/cujo/lib/curl/src/curl.js 322/421
issue28: ../src/todomvc/labs/architecture-examples/cujo/lib/curl/src/curl/plugin/domReady.js 3/3
issue34: ../src/todomvc/labs/architecture-examples/cujo/lib/curl/src/curl/domReady.js 27/47
issue34: ../src/todomvc/labs/architecture-examples/cujo/lib/curl/src/curl.js 282/421
issue37: ../src/todomvc/labs/architecture-examples/cujo/lib/curl/src/curl/plugin/css.js 71/147
issue37: ../src/todomvc/labs/architecture-examples/cujo/lib/curl/src/curl/domReady.js 28/47
issue37: ../src/todomvc/labs/architecture-examples/cujo/lib/curl/src/curl.js 315/421
issue37: ../src/todomvc/labs/architecture-examples/cujo/lib/curl/src/curl/plugin/domReady.js 3/3
issue53: ../src/todomvc/labs/architecture-examples/cujo/lib/curl/src/curl/domReady.js 28/47
issue53: ../src/todomvc/labs/architecture-examples/cujo/lib/curl/src/curl.js 306/421
issue53: ../src/todomvc/labs/architecture-examples/cujo/lib/curl/src/curl/plugin/domReady.js 3/3
jquery-ready: http:/code.jquery.com/jquery-1.7.1.js 553/3402
jquery-ready: ../src/todomvc/labs/architecture-examples/cujo/lib/curl/src/curl/domReady.js 28/47
jquery-ready: ../src/todomvc/labs/architecture-examples/cujo/lib/curl/src/curl.js 311/421
jquery-ready: ../src/todomvc/labs/architecture-examples/cujo/lib/curl/src/curl/plugin/domReady.js 3/3
js-load-once-issue30: ../src/todomvc/labs/architecture-examples/cujo/lib/curl/src/curl/domReady.js 28/47
js-load-once-issue30: ../src/todomvc/labs/architecture-examples/cujo/lib/curl/src/curl.js 314/421
js-load-once-issue30: ../src/todomvc/labs/architecture-examples/cujo/lib/curl/src/curl/plugin/js.js 43/58
js-load-once-issue30: ../src/todomvc/labs/architecture-examples/cujo/lib/curl/src/curl/plugin/domReady.js 3/3
js-test-option-failure: ../src/todomvc/labs/architecture-examples/cujo/lib/curl/src/curl/plugin/js.js 34/58
js-test-option-failure: ../src/todomvc/labs/architecture-examples/cujo/lib/curl/src/curl/domReady.js 28/47
js-test-option-failure: ../src/todomvc/labs/architecture-examples/cujo/lib/curl/src/curl.js 307/421
js-test-option-failure: ../src/todomvc/labs/architecture-examples/cujo/lib/curl/src/curl/plugin/domReady.js 3/3
js-test-option-success: ../src/todomvc/labs/architecture-examples/cujo/lib/curl/src/curl/domReady.js 28/47
js-test-option-success: ../src/todomvc/labs/architecture-examples/cujo/lib/curl/src/curl.js 306/421
js-test-option-success: ../src/todomvc/labs/architecture-examples/cujo/lib/curl/src/curl/plugin/js.js 50/58
js-test-option-success: ../src/todomvc/labs/architecture-examples/cujo/lib/curl/src/curl/plugin/domReady.js 3/3
js-test-option-success: ../src/todomvc/labs/architecture-examples/cujo/lib/curl/test/stuff/plain_old_2.js?foo 2/2
link: ../src/todomvc/labs/architecture-examples/cujo/lib/curl/src/curl/domReady.js 28/47
link: ../src/todomvc/labs/architecture-examples/cujo/lib/curl/src/curl.js 307/421
link: ../src/todomvc/labs/architecture-examples/cujo/lib/curl/src/curl/plugin/domReady.js 3/3
link: ../src/todomvc/labs/architecture-examples/cujo/lib/curl/src/curl/plugin/link.js 23/23
local-require: ../src/todomvc/labs/architecture-examples/cujo/lib/curl/src/curl/domReady.js 28/47
local-require: ../src/todomvc/labs/architecture-examples/cujo/lib/curl/src/curl.js 318/421
local-require: ../src/todomvc/labs/architecture-examples/cujo/lib/curl/src/curl/plugin/domReady.js 3/3
many-plugin-callbacks: ../src/todomvc/labs/architecture-examples/cujo/lib/curl/src/curl/plugin/css.js 71/147
many-plugin-callbacks: ../src/todomvc/labs/architecture-examples/cujo/lib/curl/src/curl/domReady.js 28/47
many-plugin-callbacks: ../src/todomvc/labs/architecture-examples/cujo/lib/curl/src/curl/plugin/js.js 41/58
many-plugin-callbacks: ../src/todomvc/labs/architecture-examples/cujo/lib/curl/src/curl.js 309/421
module-returns-undefined: ../src/todomvc/labs/architecture-examples/cujo/lib/curl/src/curl/domReady.js 28/47
module-returns-undefined: ../src/todomvc/labs/architecture-examples/cujo/lib/curl/src/curl.js 302/421
module-returns-undefined: ../src/todomvc/labs/architecture-examples/cujo/lib/curl/src/curl/plugin/domReady.js 3/3
multiple_curl_calls: ../src/todomvc/labs/architecture-examples/cujo/lib/curl/src/curl/domReady.js 28/47
multiple_curl_calls: ../src/todomvc/labs/architecture-examples/cujo/lib/curl/src/curl.js 303/421
multiple_curl_calls: ../src/todomvc/labs/architecture-examples/cujo/lib/curl/src/curl/plugin/domReady.js 3/3
next: ../src/todomvc/labs/architecture-examples/cujo/lib/curl/src/curl/plugin/css.js 71/147
next: ../src/todomvc/labs/architecture-examples/cujo/lib/curl/src/curl/plugin/js.js 40/58
next: ../src/todomvc/labs/architecture-examples/cujo/lib/curl/src/curl/plugin/text.js 18/26
next: ../src/todomvc/labs/architecture-examples/cujo/lib/curl/src/curl.js 322/421
package-specific-config: ../src/todomvc/labs/architecture-examples/cujo/lib/curl/src/curl/loader/cjsm11.js 19/28
package-specific-config: ../src/todomvc/labs/architecture-examples/cujo/lib/curl/src/curl/plugin/text.js 18/26
package-specific-config: ../src/todomvc/labs/architecture-examples/cujo/lib/curl/src/curl.js 367/421
packages-as-object: ../src/todomvc/labs/architecture-examples/cujo/lib/curl/src/curl/domReady.js 28/47
packages-as-object: ../src/todomvc/labs/architecture-examples/cujo/lib/curl/src/curl.js 339/421
packages-as-object: ../src/todomvc/labs/architecture-examples/cujo/lib/curl/src/curl/plugin/domReady.js 3/3
packages: ../src/todomvc/labs/architecture-examples/cujo/lib/curl/src/curl/domReady.js 28/47
packages: ../src/todomvc/labs/architecture-examples/cujo/lib/curl/src/curl.js 330/421
packages: ../src/todomvc/labs/architecture-examples/cujo/lib/curl/src/curl/tdd/runner.js 61/76
packages: ../src/todomvc/labs/architecture-examples/cujo/lib/curl/src/curl/tdd/undefine.js 23/25
paths: ../src/todomvc/labs/architecture-examples/cujo/lib/curl/src/curl/domReady.js 28/47
paths: ../src/todomvc/labs/architecture-examples/cujo/lib/curl/src/curl/plugin/js.js 40/58
paths: ../src/todomvc/labs/architecture-examples/cujo/lib/curl/src/curl.js 332/421
paths: ../src/todomvc/labs/architecture-examples/cujo/lib/curl/src/curl/tdd/runner.js 62/76
paths: ../src/todomvc/labs/architecture-examples/cujo/lib/curl/src/curl/tdd/undefine.js 23/25
plainOldJs: ../src/todomvc/labs/architecture-examples/cujo/lib/curl/src/curl/plugin/css.js 71/147
plainOldJs: ../src/todomvc/labs/architecture-examples/cujo/lib/curl/src/curl/domReady.js 28/47
plainOldJs: ../src/todomvc/labs/architecture-examples/cujo/lib/curl/src/curl/plugin/text.js 18/26
plainOldJs: ../src/todomvc/labs/architecture-examples/cujo/lib/curl/src/curl.js 321/421
plainOldJs: ../src/todomvc/labs/architecture-examples/cujo/lib/curl/src/curl/plugin/js.js 48/58
plainOldJs: ../src/todomvc/labs/architecture-examples/cujo/lib/curl/src/curl/plugin/domReady.js 3/3
plainOldJs: ../src/todomvc/labs/architecture-examples/cujo/lib/curl/test/stuff/plain_old_2.js?foo 2/2
plainOldJs: http:/ajax.googleapis.com/ajax/libs/dojo/1.6.1/dojo/dojo.xd.js 1/1
plugin-relative-ids: ../src/todomvc/labs/architecture-examples/cujo/lib/curl/src/curl/domReady.js 28/47
plugin-relative-ids: ../src/todomvc/labs/architecture-examples/cujo/lib/curl/src/curl.js 324/421
plugin-relative-ids: ../src/todomvc/labs/architecture-examples/cujo/lib/curl/src/curl/plugin/domReady.js 3/3
plugin-specific-paths: ../src/todomvc/labs/architecture-examples/cujo/lib/curl/src/curl/plugin/css.js 71/147
plugin-specific-paths: ../src/todomvc/labs/architecture-examples/cujo/lib/curl/src/curl/domReady.js 28/47
plugin-specific-paths: ../src/todomvc/labs/architecture-examples/cujo/lib/curl/src/curl/plugin/js.js 40/58
plugin-specific-paths: ../src/todomvc/labs/architecture-examples/cujo/lib/curl/src/curl/plugin/text.js 18/26
plugin-specific-paths: ../src/todomvc/labs/architecture-examples/cujo/lib/curl/src/curl.js 336/421
plugin-specific-paths: ../src/todomvc/labs/architecture-examples/cujo/lib/curl/src/curl/plugin/domReady.js 3/3
plugin-specific-paths: ../src/todomvc/labs/architecture-examples/cujo/lib/curl/src/curl/plugin/link.js 23/23
pluginConfig: ../src/todomvc/labs/architecture-examples/cujo/lib/curl/src/curl/domReady.js 28/47
pluginConfig: ../src/todomvc/labs/architecture-examples/cujo/lib/curl/src/curl.js 315/421
preload: ../src/todomvc/labs/architecture-examples/cujo/lib/curl/src/curl/domReady.js 28/47
preload: ../src/todomvc/labs/architecture-examples/cujo/lib/curl/src/curl/plugin/js.js 40/58
preload: ../src/todomvc/labs/architecture-examples/cujo/lib/curl/src/curl.js 313/421
preload: ../src/todomvc/labs/architecture-examples/cujo/lib/curl/src/curl/shim/dojo16.js 19/21
preload: ../src/todomvc/labs/architecture-examples/cujo/lib/curl/src/curl/debug.js 32/35
preload: ../src/todomvc/labs/architecture-examples/cujo/lib/curl/src/curl/plugin/domReady.js 3/3
protocol-relative-urls: ../src/todomvc/labs/architecture-examples/cujo/lib/curl/src/curl/plugin/css.js 71/147
protocol-relative-urls: ../src/todomvc/labs/architecture-examples/cujo/lib/curl/src/curl/plugin/text.js 18/26
protocol-relative-urls: ../src/todomvc/labs/architecture-examples/cujo/lib/curl/src/curl.js 321/421
relative-plugins: ../src/todomvc/labs/architecture-examples/cujo/lib/curl/src/curl/plugin/css.js 71/147
relative-plugins: ../src/todomvc/labs/architecture-examples/cujo/lib/curl/src/curl/domReady.js 28/47
relative-plugins: ../src/todomvc/labs/architecture-examples/cujo/lib/curl/src/curl/plugin/text.js 18/26
relative-plugins: ../src/todomvc/labs/architecture-examples/cujo/lib/curl/src/curl.js 317/421
relative-plugins: ../src/todomvc/labs/architecture-examples/cujo/lib/curl/src/curl/plugin/domReady.js 3/3
simple-plugin: ../src/todomvc/labs/architecture-examples/cujo/lib/curl/src/curl/domReady.js 28/47
simple-plugin: ../src/todomvc/labs/architecture-examples/cujo/lib/curl/src/curl.js 314/421
simple-plugin: ../src/todomvc/labs/architecture-examples/cujo/lib/curl/src/curl/plugin/domReady.js 3/3
runner: ../src/todomvc/labs/architecture-examples/cujo/lib/curl/src/curl/domReady.js 28/47
runner: ../src/todomvc/labs/architecture-examples/cujo/lib/curl/src/curl.js 330/421
runner: ../src/todomvc/labs/architecture-examples/cujo/lib/curl/src/curl/tdd/runner.js 63/76
runner: ../src/todomvc/labs/architecture-examples/cujo/lib/curl/src/curl/tdd/undefine.js 23/25
runner: ../src/todomvc/labs/architecture-examples/cujo/lib/curl/src/curl/plugin/domReady.js 3/3
undefine: ../src/todomvc/labs/architecture-examples/cujo/lib/curl/src/curl/domReady.js 28/47
undefine: ../src/todomvc/labs/architecture-examples/cujo/lib/curl/src/curl.js 327/421
undefine: ../src/todomvc/labs/architecture-examples/cujo/lib/curl/src/curl/tdd/undefine.js 21/25
undefine: ../src/todomvc/labs/architecture-examples/cujo/lib/curl/src/curl/plugin/domReady.js 3/3
then: ../src/todomvc/labs/architecture-examples/cujo/lib/curl/src/curl/domReady.js 28/47
then: ../src/todomvc/labs/architecture-examples/cujo/lib/curl/src/curl.js 326/421
then: ../src/todomvc/labs/architecture-examples/cujo/lib/curl/src/curl/plugin/js.js 45/58
then: ../src/todomvc/labs/architecture-examples/cujo/lib/curl/src/curl/plugin/domReady.js 3/3
top-level-plugin: ../src/todomvc/labs/architecture-examples/cujo/lib/curl/src/curl/domReady.js 28/47
top-level-plugin: ../src/todomvc/labs/architecture-examples/cujo/lib/curl/src/curl.js 323/421
top-level-plugin: ../src/todomvc/labs/architecture-examples/cujo/lib/curl/src/curl/plugin/domReady.js 3/3
underscore: ../src/todomvc/labs/architecture-examples/cujo/lib/curl/src/curl/domReady.js 28/47
underscore: ../src/todomvc/labs/architecture-examples/cujo/lib/curl/src/curl.js 310/421
underscore: ../src/todomvc/labs/architecture-examples/cujo/lib/curl/src/curl/plugin/domReady.js 3/3
array: ../src/todomvc/labs/architecture-examples/cujo/lib/poly/array.js 36/99
array: ../src/todomvc/labs/architecture-examples/cujo/lib/poly/lib/_base.js 8/11
function: ../src/todomvc/labs/architecture-examples/cujo/lib/poly/lib/_base.js 7/11
function: ../src/todomvc/labs/architecture-examples/cujo/lib/poly/function.js 16/16
json: ../src/todomvc/labs/architecture-examples/cujo/lib/poly/support/json2.js 17/92
json: ../src/todomvc/labs/architecture-examples/cujo/lib/poly/lib/_json.js 6/22
json: ../src/todomvc/labs/architecture-examples/cujo/lib/poly/lib/_async.js 8/12
json: ../src/todomvc/labs/architecture-examples/cujo/lib/poly/json.js 2/2
object: ../src/todomvc/labs/architecture-examples/cujo/lib/poly/lib/_base.js 6/11
object: ../src/todomvc/labs/architecture-examples/cujo/lib/poly/object.js 56/97
string: ../src/todomvc/labs/architecture-examples/cujo/lib/poly/lib/_base.js 8/11
string: ../src/todomvc/labs/architecture-examples/cujo/lib/poly/string.js 19/23
xhr: ../src/todomvc/labs/architecture-examples/cujo/lib/poly/xhr.js 6/14
xhr: ../src/todomvc/labs/architecture-examples/cujo/lib/poly/lib/_base.js 6/11
dijit-factory1: ../src/todomvc/labs/architecture-examples/cujo/lib/wire/wire.js 3/20
dijit1: ../src/todomvc/labs/architecture-examples/cujo/lib/wire/test/firebug-lite/build/firebug-lite.js#startOpened 1276/7402
controllerpage: script in file:/home/rahul/research/clone-unit-coverage/src/todomvc/labs/architecture-examples/javascriptmvc/jquery/download/test/controllerpage.html from (-1, -1) to (-1, -1) 1/1
default_pause_test: ../src/todomvc/labs/architecture-examples/javascriptmvc/jquery/jquery.js 94/3302
default_pause_test: ../src/todomvc/labs/architecture-examples/javascriptmvc/steal/dev/dev.js 1/17
default_pause_test: ../src/todomvc/labs/architecture-examples/javascriptmvc/jquery/event/default/default.js 4/50
default_pause_test: ../src/todomvc/labs/architecture-examples/javascriptmvc/jquery/event/event.js 1/1
compression: ../src/todomvc/labs/architecture-examples/javascriptmvc/steal/steal.production.js?jquery/view/test/compression 22/23
absoluteurl: ../src/todomvc/labs/architecture-examples/javascriptmvc/steal/dev/dev.js 1/17
absoluteurl: ../src/todomvc/labs/architecture-examples/javascriptmvc/steal/steal.js?steal[app]=steal/test/absoluteurl 193/380
funcunit: ../src/todomvc/labs/architecture-examples/javascriptmvc/steal/dev/dev.js 1/17
funcunit: ../src/todomvc/labs/architecture-examples/javascriptmvc/steal/steal.js?steal/test/funcunit 207/380
qunit: ../src/todomvc/labs/architecture-examples/javascriptmvc/steal/dev/dev.js 1/17
qunit: ../src/todomvc/labs/architecture-examples/javascriptmvc/steal/steal.js?steal[app]=steal/test/qunit 227/380
steal: ../src/todomvc/labs/architecture-examples/javascriptmvc/steal/dev/dev.js 1/17
steal: ../src/todomvc/labs/architecture-examples/javascriptmvc/steal/steal.js?steal[app]=steal/test/one&steal[env]=development 188/380
