test_MochiKit: ../src/tombloo/xpi/chrome/content/library/00_MochiKit.js 866/4766
test_MochiKit: ../src/tombloo/xpi/chrome/content/library/00_MochiKit.js 866/4766
test_Progress: ../src/tombloo/xpi/chrome/content/library/00_component.js 0/0
test_Progress: ../src/tombloo/xpi/chrome/content/library/01_utility.js 0/0
test_Progress: ../src/tombloo/xpi/chrome/content/library/00_prototype.js 5/69
test_Progress: ../src/tombloo/xpi/chrome/content/library/00_MochiKit.js 839/4766
test_Progress: ../src/tombloo/xpi/chrome/content/library/10_Progress.js 26/53
test_MochiKit: ../src/tombloo/xpi/chrome/content/library/00_MochiKit.js 866/4766
test_Progress: ../src/tombloo/xpi/chrome/content/library/00_component.js 0/0
test_Progress: ../src/tombloo/xpi/chrome/content/library/01_utility.js 0/0
test_Progress: ../src/tombloo/xpi/chrome/content/library/00_prototype.js 5/69
test_Progress: ../src/tombloo/xpi/chrome/content/library/00_MochiKit.js 839/4766
test_Progress: ../src/tombloo/xpi/chrome/content/library/10_Progress.js 26/53
test_MochiKit: ../src/tombloo/xpi/chrome/content/library/00_MochiKit.js 866/4766
test_Progress: ../src/tombloo/xpi/chrome/content/library/00_component.js 0/0
test_Progress: ../src/tombloo/xpi/chrome/content/library/01_utility.js 0/0
test_Progress: ../src/tombloo/xpi/chrome/content/library/00_prototype.js 5/69
test_Progress: ../src/tombloo/xpi/chrome/content/library/00_MochiKit.js 839/4766
test_Progress: ../src/tombloo/xpi/chrome/content/library/10_Progress.js 26/53
test_Tombloo: ../src/tombloo/xpi/chrome/content/library/00_component.js 0/0
test_Tombloo: ../src/tombloo/xpi/chrome/content/library/01_utility.js 0/0
test_Tombloo: ../src/tombloo/xpi/chrome/content/library/10_Database.js 5/197
test_Tombloo: ../src/tombloo/xpi/chrome/content/library/10_Progress.js 2/53
test_Tombloo: ../src/tombloo/xpi/chrome/content/library/20_Tombloo.js 3/86
test_Tombloo: ../src/tombloo/xpi/chrome/content/library/00_prototype.js 5/69
test_Tombloo: ../src/tombloo/xpi/chrome/content/library/00_MochiKit.js 848/4766
test_MochiKit: ../src/tombloo/xpi/chrome/content/library/00_MochiKit.js 866/4766
test_Progress: ../src/tombloo/xpi/chrome/content/library/00_component.js 0/0
test_Progress: ../src/tombloo/xpi/chrome/content/library/01_utility.js 0/0
test_Progress: ../src/tombloo/xpi/chrome/content/library/00_prototype.js 5/69
test_Progress: ../src/tombloo/xpi/chrome/content/library/00_MochiKit.js 839/4766
test_Progress: ../src/tombloo/xpi/chrome/content/library/10_Progress.js 26/53
test_Tombloo: ../src/tombloo/xpi/chrome/content/library/00_component.js 0/0
test_Tombloo: ../src/tombloo/xpi/chrome/content/library/01_utility.js 0/0
test_Tombloo: ../src/tombloo/xpi/chrome/content/library/10_Database.js 5/197
test_Tombloo: ../src/tombloo/xpi/chrome/content/library/10_Progress.js 2/53
test_Tombloo: ../src/tombloo/xpi/chrome/content/library/20_Tombloo.js 3/86
test_Tombloo: ../src/tombloo/xpi/chrome/content/library/00_prototype.js 5/69
test_Tombloo: ../src/tombloo/xpi/chrome/content/library/00_MochiKit.js 848/4766
test_MochiKit: ../src/tombloo/xpi/chrome/content/library/00_MochiKit.js 866/4766
test_Progress: ../src/tombloo/xpi/chrome/content/library/00_component.js 0/0
test_Progress: ../src/tombloo/xpi/chrome/content/library/01_utility.js 0/0
test_Progress: ../src/tombloo/xpi/chrome/content/library/00_prototype.js 5/69
test_Progress: ../src/tombloo/xpi/chrome/content/library/00_MochiKit.js 839/4766
test_Progress: ../src/tombloo/xpi/chrome/content/library/10_Progress.js 26/53
test_Tombloo: ../src/tombloo/xpi/chrome/content/library/00_component.js 0/0
test_Tombloo: ../src/tombloo/xpi/chrome/content/library/01_utility.js 0/0
test_Tombloo: ../src/tombloo/xpi/chrome/content/library/10_Database.js 5/197
test_Tombloo: ../src/tombloo/xpi/chrome/content/library/10_Progress.js 2/53
test_Tombloo: ../src/tombloo/xpi/chrome/content/library/20_Tombloo.js 3/86
test_Tombloo: ../src/tombloo/xpi/chrome/content/library/00_prototype.js 5/69
test_Tombloo: ../src/tombloo/xpi/chrome/content/library/00_MochiKit.js 848/4766
test_Wedata: ../src/tombloo/xpi/chrome/content/library/00_component.js 0/0
test_Wedata: ../src/tombloo/xpi/chrome/content/library/01_utility.js 0/0
test_Wedata: ../src/tombloo/xpi/chrome/content/library/20_model.js 0/0
test_Wedata: ../src/tombloo/xpi/chrome/content/library/20_Wedata.js 2/68
test_Wedata: ../src/tombloo/xpi/chrome/content/library/00_prototype.js 5/69
test_Wedata: ../src/tombloo/xpi/chrome/content/library/00_MochiKit.js 826/4766
test_MochiKit: ../src/tombloo/xpi/chrome/content/library/00_MochiKit.js 866/4766
test_Progress: ../src/tombloo/xpi/chrome/content/library/00_component.js 0/0
test_Progress: ../src/tombloo/xpi/chrome/content/library/01_utility.js 0/0
test_Progress: ../src/tombloo/xpi/chrome/content/library/00_prototype.js 5/69
test_Progress: ../src/tombloo/xpi/chrome/content/library/00_MochiKit.js 839/4766
test_Progress: ../src/tombloo/xpi/chrome/content/library/10_Progress.js 26/53
test_Tombloo: ../src/tombloo/xpi/chrome/content/library/00_component.js 0/0
test_Tombloo: ../src/tombloo/xpi/chrome/content/library/01_utility.js 0/0
test_Tombloo: ../src/tombloo/xpi/chrome/content/library/10_Database.js 5/197
test_Tombloo: ../src/tombloo/xpi/chrome/content/library/10_Progress.js 2/53
test_Tombloo: ../src/tombloo/xpi/chrome/content/library/20_Tombloo.js 3/86
test_Tombloo: ../src/tombloo/xpi/chrome/content/library/00_prototype.js 5/69
test_Tombloo: ../src/tombloo/xpi/chrome/content/library/00_MochiKit.js 848/4766
test_Wedata: ../src/tombloo/xpi/chrome/content/library/00_component.js 0/0
test_Wedata: ../src/tombloo/xpi/chrome/content/library/01_utility.js 0/0
test_Wedata: ../src/tombloo/xpi/chrome/content/library/20_model.js 0/0
test_Wedata: ../src/tombloo/xpi/chrome/content/library/20_Wedata.js 2/68
test_Wedata: ../src/tombloo/xpi/chrome/content/library/00_prototype.js 5/69
test_Wedata: ../src/tombloo/xpi/chrome/content/library/00_MochiKit.js 826/4766
test_MochiKit: ../src/tombloo/xpi/chrome/content/library/00_MochiKit.js 866/4766
test_Progress: ../src/tombloo/xpi/chrome/content/library/00_component.js 0/0
test_Progress: ../src/tombloo/xpi/chrome/content/library/01_utility.js 0/0
test_Progress: ../src/tombloo/xpi/chrome/content/library/00_prototype.js 5/69
test_Progress: ../src/tombloo/xpi/chrome/content/library/00_MochiKit.js 839/4766
test_Progress: ../src/tombloo/xpi/chrome/content/library/10_Progress.js 26/53
test_Tombloo: ../src/tombloo/xpi/chrome/content/library/00_component.js 0/0
test_Tombloo: ../src/tombloo/xpi/chrome/content/library/01_utility.js 0/0
test_Tombloo: ../src/tombloo/xpi/chrome/content/library/10_Database.js 5/197
test_Tombloo: ../src/tombloo/xpi/chrome/content/library/10_Progress.js 2/53
test_Tombloo: ../src/tombloo/xpi/chrome/content/library/20_Tombloo.js 3/86
test_Tombloo: ../src/tombloo/xpi/chrome/content/library/00_prototype.js 5/69
test_Tombloo: ../src/tombloo/xpi/chrome/content/library/00_MochiKit.js 848/4766
test_Wedata: ../src/tombloo/xpi/chrome/content/library/00_component.js 0/0
test_Wedata: ../src/tombloo/xpi/chrome/content/library/01_utility.js 0/0
test_Wedata: ../src/tombloo/xpi/chrome/content/library/20_model.js 0/0
test_Wedata: ../src/tombloo/xpi/chrome/content/library/20_Wedata.js 2/68
test_Wedata: ../src/tombloo/xpi/chrome/content/library/00_prototype.js 5/69
test_Wedata: ../src/tombloo/xpi/chrome/content/library/00_MochiKit.js 826/4766
test_quickPostForm: ../src/tombloo/xpi/chrome/content/library/00_component.js 0/0
test_quickPostForm: ../src/tombloo/xpi/chrome/content/library/01_utility.js 0/0
test_quickPostForm: ../src/tombloo/xpi/chrome/content/library/20_model.js 0/0
test_quickPostForm: ../src/tombloo/xpi/chrome/content/quickPostForm.js 2/573
test_quickPostForm: ../src/tombloo/xpi/chrome/content/library/00_prototype.js 5/69
test_quickPostForm: ../src/tombloo/xpi/chrome/content/library/00_MochiKit.js 826/4766
test_MochiKit: ../src/tombloo/xpi/chrome/content/library/00_MochiKit.js 866/4766
test_Progress: ../src/tombloo/xpi/chrome/content/library/00_component.js 0/0
test_Progress: ../src/tombloo/xpi/chrome/content/library/01_utility.js 0/0
test_Progress: ../src/tombloo/xpi/chrome/content/library/00_prototype.js 5/69
test_Progress: ../src/tombloo/xpi/chrome/content/library/00_MochiKit.js 839/4766
test_Progress: ../src/tombloo/xpi/chrome/content/library/10_Progress.js 26/53
test_Tombloo: ../src/tombloo/xpi/chrome/content/library/00_component.js 0/0
test_Tombloo: ../src/tombloo/xpi/chrome/content/library/01_utility.js 0/0
test_Tombloo: ../src/tombloo/xpi/chrome/content/library/10_Database.js 5/197
test_Tombloo: ../src/tombloo/xpi/chrome/content/library/10_Progress.js 2/53
test_Tombloo: ../src/tombloo/xpi/chrome/content/library/20_Tombloo.js 3/86
test_Tombloo: ../src/tombloo/xpi/chrome/content/library/00_prototype.js 5/69
test_Tombloo: ../src/tombloo/xpi/chrome/content/library/00_MochiKit.js 848/4766
test_Wedata: ../src/tombloo/xpi/chrome/content/library/00_component.js 0/0
test_Wedata: ../src/tombloo/xpi/chrome/content/library/01_utility.js 0/0
test_Wedata: ../src/tombloo/xpi/chrome/content/library/20_model.js 0/0
test_Wedata: ../src/tombloo/xpi/chrome/content/library/20_Wedata.js 2/68
test_Wedata: ../src/tombloo/xpi/chrome/content/library/00_prototype.js 5/69
test_Wedata: ../src/tombloo/xpi/chrome/content/library/00_MochiKit.js 826/4766
test_quickPostForm: ../src/tombloo/xpi/chrome/content/library/00_component.js 0/0
test_quickPostForm: ../src/tombloo/xpi/chrome/content/library/01_utility.js 0/0
test_quickPostForm: ../src/tombloo/xpi/chrome/content/library/20_model.js 0/0
test_quickPostForm: ../src/tombloo/xpi/chrome/content/quickPostForm.js 2/573
test_quickPostForm: ../src/tombloo/xpi/chrome/content/library/00_prototype.js 5/69
test_quickPostForm: ../src/tombloo/xpi/chrome/content/library/00_MochiKit.js 826/4766
