index: ../src/tquery/bench/benchmark.js/benchmark.js 128/770
index: ../src/tquery/bench/benchmark.js/benchmark.js 128/770
index: ../src/tquery/bench/benchmark.js/benchmark.js 128/770
index: ../src/tquery/build/tquery-all.js 378/3234
index: ../src/tquery/bench/benchmark.js/benchmark.js 128/770
index: ../src/tquery/build/tquery-all.js 378/3234
index: ../src/tquery/build/tquery-bundle.js 379/2070
index: ../src/tquery/plugins/dollar3d/tquery.dollar3d.js 1/1
index: ../src/tquery/bench/benchmark.js/benchmark.js 128/770
index: ../src/tquery/build/tquery-all.js 378/3234
index: ../src/tquery/build/tquery-bundle.js 379/2070
index: ../src/tquery/plugins/dollar3d/tquery.dollar3d.js 1/1
index: ../src/tquery/www/vendor/CodeMirror2/lib/codemirror.js 1165/1900
index: ../src/tquery/www/vendor/CodeMirror2/mode/javascript/javascript.js 163/231
index: ../src/tquery/bench/benchmark.js/benchmark.js 128/770
index: ../src/tquery/build/tquery-all.js 378/3234
index: ../src/tquery/build/tquery-bundle.js 379/2070
index: ../src/tquery/plugins/dollar3d/tquery.dollar3d.js 1/1
index: ../src/tquery/www/vendor/CodeMirror2/lib/codemirror.js 1165/1900
index: ../src/tquery/www/vendor/CodeMirror2/mode/javascript/javascript.js 163/231
index: ../src/tquery/bench/benchmark.js/benchmark.js 128/770
index: ../src/tquery/build/tquery-all.js 378/3234
index: ../src/tquery/build/tquery-bundle.js 379/2070
index: ../src/tquery/plugins/dollar3d/tquery.dollar3d.js 1/1
index: ../src/tquery/www/vendor/CodeMirror2/lib/codemirror.js 1165/1900
index: ../src/tquery/www/vendor/CodeMirror2/mode/javascript/javascript.js 163/231
index: https:/raw.github.com/douglascrockford/JSON-js/master/json2.js 13/91
index: ../src/tquery/www/vendor/bootstrap/docs/build/node_modules/hogan.js/lib/template.js 81/91
index: ../src/tquery/www/vendor/bootstrap/docs/build/node_modules/hogan.js/lib/compiler.js 158/163
index: ../src/tquery/bench/benchmark.js/benchmark.js 128/770
index: ../src/tquery/build/tquery-all.js 378/3234
index: ../src/tquery/build/tquery-bundle.js 379/2070
index: ../src/tquery/plugins/dollar3d/tquery.dollar3d.js 1/1
index: ../src/tquery/www/vendor/CodeMirror2/lib/codemirror.js 1165/1900
index: ../src/tquery/www/vendor/CodeMirror2/mode/javascript/javascript.js 163/231
index: https:/raw.github.com/douglascrockford/JSON-js/master/json2.js 13/91
index: ../src/tquery/www/vendor/bootstrap/docs/build/node_modules/hogan.js/lib/template.js 81/91
index: ../src/tquery/www/vendor/bootstrap/docs/build/node_modules/hogan.js/lib/compiler.js 158/163
index: ../src/tquery/www/vendor/bootstrap/js/bootstrap-transition.js 6/14
index: ../src/tquery/www/vendor/bootstrap/js/bootstrap-scrollspy.js 24/36
index: ../src/tquery/www/vendor/bootstrap/js/bootstrap-tooltip.js 63/93
index: ../src/tquery/www/vendor/bootstrap/js/bootstrap-typeahead.js 83/106
index: ../src/tquery/www/vendor/bootstrap/js/bootstrap-modal.js 64/78
index: ../src/tquery/www/vendor/bootstrap/js/bootstrap-collapse.js 37/43
index: ../src/tquery/www/vendor/bootstrap/js/bootstrap-tab.js 35/39
index: ../src/tquery/www/vendor/bootstrap/js/bootstrap-button.js 25/26
index: ../src/tquery/www/vendor/bootstrap/js/bootstrap-dropdown.js 27/28
index: ../src/tquery/www/vendor/bootstrap/js/bootstrap-alert.js 26/26
index: ../src/tquery/www/vendor/bootstrap/js/bootstrap-popover.js 24/24
index: ../src/tquery/bench/benchmark.js/benchmark.js 128/770
index: ../src/tquery/build/tquery-all.js 378/3234
index: ../src/tquery/build/tquery-bundle.js 379/2070
index: ../src/tquery/plugins/dollar3d/tquery.dollar3d.js 1/1
index: ../src/tquery/www/vendor/CodeMirror2/lib/codemirror.js 1165/1900
index: ../src/tquery/www/vendor/CodeMirror2/mode/javascript/javascript.js 163/231
index: https:/raw.github.com/douglascrockford/JSON-js/master/json2.js 13/91
index: ../src/tquery/www/vendor/bootstrap/docs/build/node_modules/hogan.js/lib/template.js 81/91
index: ../src/tquery/www/vendor/bootstrap/docs/build/node_modules/hogan.js/lib/compiler.js 158/163
index: ../src/tquery/www/vendor/bootstrap/js/bootstrap-transition.js 6/14
index: ../src/tquery/www/vendor/bootstrap/js/bootstrap-scrollspy.js 24/36
index: ../src/tquery/www/vendor/bootstrap/js/bootstrap-tooltip.js 63/93
index: ../src/tquery/www/vendor/bootstrap/js/bootstrap-typeahead.js 83/106
index: ../src/tquery/www/vendor/bootstrap/js/bootstrap-modal.js 64/78
index: ../src/tquery/www/vendor/bootstrap/js/bootstrap-collapse.js 37/43
index: ../src/tquery/www/vendor/bootstrap/js/bootstrap-tab.js 35/39
index: ../src/tquery/www/vendor/bootstrap/js/bootstrap-button.js 25/26
index: ../src/tquery/www/vendor/bootstrap/js/bootstrap-dropdown.js 27/28
index: ../src/tquery/www/vendor/bootstrap/js/bootstrap-alert.js 26/26
index: ../src/tquery/www/vendor/bootstrap/js/bootstrap-popover.js 24/24
index: ../src/tquery/bench/benchmark.js/benchmark.js 128/770
index: ../src/tquery/build/tquery-all.js 378/3234
index: ../src/tquery/build/tquery-bundle.js 379/2070
index: ../src/tquery/plugins/dollar3d/tquery.dollar3d.js 1/1
index: ../src/tquery/www/vendor/CodeMirror2/lib/codemirror.js 1165/1900
index: ../src/tquery/www/vendor/CodeMirror2/mode/javascript/javascript.js 163/231
index: https:/raw.github.com/douglascrockford/JSON-js/master/json2.js 13/91
index: ../src/tquery/www/vendor/bootstrap/docs/build/node_modules/hogan.js/lib/template.js 81/91
index: ../src/tquery/www/vendor/bootstrap/docs/build/node_modules/hogan.js/lib/compiler.js 158/163
index: ../src/tquery/www/vendor/bootstrap/js/bootstrap-transition.js 6/14
index: ../src/tquery/www/vendor/bootstrap/js/bootstrap-scrollspy.js 24/36
index: ../src/tquery/www/vendor/bootstrap/js/bootstrap-tooltip.js 63/93
index: ../src/tquery/www/vendor/bootstrap/js/bootstrap-typeahead.js 83/106
index: ../src/tquery/www/vendor/bootstrap/js/bootstrap-modal.js 64/78
index: ../src/tquery/www/vendor/bootstrap/js/bootstrap-collapse.js 37/43
index: ../src/tquery/www/vendor/bootstrap/js/bootstrap-tab.js 35/39
index: ../src/tquery/www/vendor/bootstrap/js/bootstrap-button.js 25/26
index: ../src/tquery/www/vendor/bootstrap/js/bootstrap-dropdown.js 27/28
index: ../src/tquery/www/vendor/bootstrap/js/bootstrap-alert.js 26/26
index: ../src/tquery/www/vendor/bootstrap/js/bootstrap-popover.js 24/24
index: https:/raw.github.com/douglascrockford/JSON-js/master/json2.js 13/91
index: ../src/tquery/www/vendor/doccoviewer/vendor/bootstrap/docs/build/node_modules/hogan.js/lib/template.js 81/91
index: ../src/tquery/www/vendor/doccoviewer/vendor/bootstrap/docs/build/node_modules/hogan.js/lib/compiler.js 158/163
index: ../src/tquery/bench/benchmark.js/benchmark.js 128/770
index: ../src/tquery/build/tquery-all.js 378/3234
index: ../src/tquery/build/tquery-bundle.js 379/2070
index: ../src/tquery/plugins/dollar3d/tquery.dollar3d.js 1/1
index: ../src/tquery/www/vendor/CodeMirror2/lib/codemirror.js 1165/1900
index: ../src/tquery/www/vendor/CodeMirror2/mode/javascript/javascript.js 163/231
index: https:/raw.github.com/douglascrockford/JSON-js/master/json2.js 13/91
index: ../src/tquery/www/vendor/bootstrap/docs/build/node_modules/hogan.js/lib/template.js 81/91
index: ../src/tquery/www/vendor/bootstrap/docs/build/node_modules/hogan.js/lib/compiler.js 158/163
index: ../src/tquery/www/vendor/bootstrap/js/bootstrap-transition.js 6/14
index: ../src/tquery/www/vendor/bootstrap/js/bootstrap-scrollspy.js 24/36
index: ../src/tquery/www/vendor/bootstrap/js/bootstrap-tooltip.js 63/93
index: ../src/tquery/www/vendor/bootstrap/js/bootstrap-typeahead.js 83/106
index: ../src/tquery/www/vendor/bootstrap/js/bootstrap-modal.js 64/78
index: ../src/tquery/www/vendor/bootstrap/js/bootstrap-collapse.js 37/43
index: ../src/tquery/www/vendor/bootstrap/js/bootstrap-tab.js 35/39
index: ../src/tquery/www/vendor/bootstrap/js/bootstrap-button.js 25/26
index: ../src/tquery/www/vendor/bootstrap/js/bootstrap-dropdown.js 27/28
index: ../src/tquery/www/vendor/bootstrap/js/bootstrap-alert.js 26/26
index: ../src/tquery/www/vendor/bootstrap/js/bootstrap-popover.js 24/24
index: https:/raw.github.com/douglascrockford/JSON-js/master/json2.js 13/91
index: ../src/tquery/www/vendor/doccoviewer/vendor/bootstrap/docs/build/node_modules/hogan.js/lib/template.js 81/91
index: ../src/tquery/www/vendor/doccoviewer/vendor/bootstrap/docs/build/node_modules/hogan.js/lib/compiler.js 158/163
index: ../src/tquery/www/vendor/doccoviewer/vendor/bootstrap/js/bootstrap-transition.js 6/14
index: ../src/tquery/www/vendor/doccoviewer/vendor/bootstrap/js/bootstrap-scrollspy.js 24/36
index: ../src/tquery/www/vendor/doccoviewer/vendor/bootstrap/js/bootstrap-tooltip.js 63/93
index: ../src/tquery/www/vendor/doccoviewer/vendor/bootstrap/js/bootstrap-typeahead.js 83/106
index: ../src/tquery/www/vendor/doccoviewer/vendor/bootstrap/js/bootstrap-modal.js 64/78
index: ../src/tquery/www/vendor/doccoviewer/vendor/bootstrap/js/bootstrap-collapse.js 37/43
index: ../src/tquery/www/vendor/doccoviewer/vendor/bootstrap/js/bootstrap-tab.js 35/39
index: ../src/tquery/www/vendor/doccoviewer/vendor/bootstrap/js/bootstrap-button.js 25/26
index: ../src/tquery/www/vendor/doccoviewer/vendor/bootstrap/js/bootstrap-dropdown.js 27/28
index: ../src/tquery/www/vendor/doccoviewer/vendor/bootstrap/js/bootstrap-alert.js 26/26
index: ../src/tquery/www/vendor/doccoviewer/vendor/bootstrap/js/bootstrap-popover.js 24/24
