_test: ../src/transform/src/jquery.transform.animate.js 1/143
_test: ../src/transform/src/jquery.transform.js 1/190
_test: ../src/transform/src/jquery.matrix.js 1/84
_test: ../src/transform/src/jquery.transform.attributes.js 1/64
_test: ../src/transform/src/jquery.matrix.calculations.js 1/39
_test: ../src/transform/src/jquery.matrix.functions.js 1/37
_test: ../src/transform/src/jquery.angle.js 1/25
_test: ../src/transform/src/jquery.transform.animate.js 1/143
_test: ../src/transform/src/jquery.transform.js 1/190
_test: ../src/transform/src/jquery.matrix.js 1/84
_test: ../src/transform/src/jquery.transform.attributes.js 1/64
_test: ../src/transform/src/jquery.matrix.calculations.js 1/39
_test: ../src/transform/src/jquery.matrix.functions.js 1/37
_test: ../src/transform/src/jquery.angle.js 1/25
test: ../src/transform/dist/jquery.transform.js 87/582
test: http:/ajax.googleapis.com/ajax/libs/jquery/1.4/jquery.js 549/2703
test: script in file:/home/rahul/research/clone-unit-coverage/src/transform/test/test.html from (-1, -1) to (-1, -1) 1/1
_test: ../src/transform/src/jquery.transform.animate.js 1/143
_test: ../src/transform/src/jquery.transform.js 1/190
_test: ../src/transform/src/jquery.matrix.js 1/84
_test: ../src/transform/src/jquery.transform.attributes.js 1/64
_test: ../src/transform/src/jquery.matrix.calculations.js 1/39
_test: ../src/transform/src/jquery.matrix.functions.js 1/37
_test: ../src/transform/src/jquery.angle.js 1/25
test: ../src/transform/dist/jquery.transform.js 87/582
test: http:/ajax.googleapis.com/ajax/libs/jquery/1.4/jquery.js 549/2703
test: script in file:/home/rahul/research/clone-unit-coverage/src/transform/test/test.html from (-1, -1) to (-1, -1) 1/1
test3: ../src/transform/src/jquery.transform.animate.js 1/143
test3: ../src/transform/src/jquery.transform.js 1/190
test3: ../src/transform/src/jquery.matrix.js 1/84
test3: ../src/transform/src/jquery.transform.attributes.js 1/64
test3: ../src/transform/src/jquery.matrix.calculations.js 1/39
test3: ../src/transform/src/jquery.matrix.functions.js 1/37
test3: ../src/transform/src/jquery.angle.js 1/25
_test: ../src/transform/src/jquery.transform.animate.js 1/143
_test: ../src/transform/src/jquery.transform.js 1/190
_test: ../src/transform/src/jquery.matrix.js 1/84
_test: ../src/transform/src/jquery.transform.attributes.js 1/64
_test: ../src/transform/src/jquery.matrix.calculations.js 1/39
_test: ../src/transform/src/jquery.matrix.functions.js 1/37
_test: ../src/transform/src/jquery.angle.js 1/25
test: ../src/transform/dist/jquery.transform.js 87/582
test: http:/ajax.googleapis.com/ajax/libs/jquery/1.4/jquery.js 549/2703
test: script in file:/home/rahul/research/clone-unit-coverage/src/transform/test/test.html from (-1, -1) to (-1, -1) 1/1
test3: ../src/transform/src/jquery.transform.animate.js 1/143
test3: ../src/transform/src/jquery.transform.js 1/190
test3: ../src/transform/src/jquery.matrix.js 1/84
test3: ../src/transform/src/jquery.transform.attributes.js 1/64
test3: ../src/transform/src/jquery.matrix.calculations.js 1/39
test3: ../src/transform/src/jquery.matrix.functions.js 1/37
test3: ../src/transform/src/jquery.angle.js 1/25
transform: ../src/transform/dist/jquery.transform.js 87/582
transform: http:/ajax.googleapis.com/ajax/libs/jquery/1.4/jquery.js 539/2703
transform: script in file:/home/rahul/research/clone-unit-coverage/src/transform/test/transform.html from (-1, -1) to (-1, -1) 1/1
