index: ../src/treesaver/lib/mustache/mustache.js 4/135
index: ../src/treesaver/src/layout/page.js 28/318
index: ../src/treesaver/src/ui/articlemanager.js 64/404
index: ../src/treesaver/src/ui/chrome.js 108/665
index: ../src/treesaver/src/layout/grid.js 44/241
index: ../src/treesaver/src/lib/uri.js 10/48
index: ../src/treesaver/src/ui/statemanager.js 27/120
index: ../src/treesaver/src/lib/storage.js 9/37
index: ../src/treesaver/lib/jquery/jquery.js 595/2376
index: ../src/treesaver/src/ui/index.js 45/180
index: ../src/treesaver/src/lib/scheduler.js 29/108
index: ../src/treesaver/src/layout/breakrecord.js 24/88
index: ../src/treesaver/src/treesaver.js 25/91
index: ../src/treesaver/src/lib/object.js 4/14
index: ../src/treesaver/src/ui/treenode.js 11/39
index: ../src/treesaver/src/ui/lightbox.js 24/81
index: ../src/treesaver/src/lib/resources.js 20/65
index: ../src/treesaver/src/lib/network.js 29/93
index: ../src/treesaver/src/lib/events.js 9/27
index: ../src/treesaver/src/ui/document.js 52/141
index: ../src/treesaver/src/ui/article.js 72/188
index: ../src/treesaver/src/lib/debug.js 15/38
index: ../src/treesaver/lib/qunit/qunit.js 322/640
index: ../src/treesaver/src/lib/string.js 2/4
index: ../src/treesaver/src/lib/template.js 5/10
index: ../src/treesaver/lib/closure/goog/base.js 173/335
index: ../src/treesaver/src/lib/dom.js 47/91
index: ../src/treesaver/src/lib/history.js 30/58
index: ../src/treesaver/src/layout/container.js 16/30
index: ../src/treesaver/src/lib/capabilities.js 71/132
index: ../src/treesaver/src/layout/column.js 15/27
index: ../src/treesaver/src/ui/scrollable.js 12/20
index: ../src/treesaver/src/layout/figuresize.js 18/29
index: ../src/treesaver/src/layout/contentposition.js 16/25
index: ../src/treesaver/src/layout/figure.js 73/107
index: ../src/treesaver/src/lib/dimensions.js 71/95
index: ../src/treesaver/src/layout/block.js 169/224
index: ../src/treesaver/src/lib/json.js 6/8
index: ../src/treesaver/src/ui/articleposition.js 14/18
index: ../src/treesaver/src/lib/array.js 10/12
index: ../src/treesaver/src/lib/styles.js 14/15
index: ../src/treesaver/src/layout/content.js 26/27
index: ../src/treesaver/src/lib/constants.js 13/13
index: ../src/treesaver/src/lib/css.js 3/3
index: script in file:/home/rahul/research/clone-unit-coverage/src/treesaver/test/index.html from (-1, -1) to (-1, -1) 1/1
