circular: ../src/trident-js/trident.js 350/848
circular: JavaScriptStringJob 1/1
circular: ../src/trident-js/trident.js 350/848
circular: JavaScriptStringJob 1/1
cropcircles: ../src/trident-js/trident.js 416/848
cropcircles: JavaScriptStringJob 1/1
circular: ../src/trident-js/trident.js 350/848
circular: JavaScriptStringJob 1/1
cropcircles: ../src/trident-js/trident.js 416/848
cropcircles: JavaScriptStringJob 1/1
fireworks: ../src/trident-js/trident.js 472/848
fireworks: JavaScriptStringJob 1/1
circular: ../src/trident-js/trident.js 350/848
circular: JavaScriptStringJob 1/1
cropcircles: ../src/trident-js/trident.js 416/848
cropcircles: JavaScriptStringJob 1/1
fireworks: ../src/trident-js/trident.js 472/848
fireworks: JavaScriptStringJob 1/1
hexagons: ../src/trident-js/trident.js 65/848
hexagons: JavaScriptStringJob 1/1
circular: ../src/trident-js/trident.js 350/848
circular: JavaScriptStringJob 1/1
cropcircles: ../src/trident-js/trident.js 416/848
cropcircles: JavaScriptStringJob 1/1
fireworks: ../src/trident-js/trident.js 472/848
fireworks: JavaScriptStringJob 1/1
hexagons: ../src/trident-js/trident.js 65/848
hexagons: JavaScriptStringJob 1/1
particles: ../src/trident-js/trident.js 207/848
particles: JavaScriptStringJob 1/1
circular: ../src/trident-js/trident.js 350/848
circular: JavaScriptStringJob 1/1
cropcircles: ../src/trident-js/trident.js 416/848
cropcircles: JavaScriptStringJob 1/1
fireworks: ../src/trident-js/trident.js 472/848
fireworks: JavaScriptStringJob 1/1
hexagons: ../src/trident-js/trident.js 65/848
hexagons: JavaScriptStringJob 1/1
particles: ../src/trident-js/trident.js 207/848
particles: JavaScriptStringJob 1/1
progress: ../src/trident-js/trident.js 65/848
progress: JavaScriptStringJob 1/1
circular: ../src/trident-js/trident.js 350/848
circular: JavaScriptStringJob 1/1
cropcircles: ../src/trident-js/trident.js 416/848
cropcircles: JavaScriptStringJob 1/1
fireworks: ../src/trident-js/trident.js 472/848
fireworks: JavaScriptStringJob 1/1
hexagons: ../src/trident-js/trident.js 65/848
hexagons: JavaScriptStringJob 1/1
particles: ../src/trident-js/trident.js 207/848
particles: JavaScriptStringJob 1/1
progress: ../src/trident-js/trident.js 65/848
progress: JavaScriptStringJob 1/1
rainbow: ../src/trident-js/trident.js 65/848
rainbow: JavaScriptStringJob 1/1
circular: ../src/trident-js/trident.js 350/848
circular: JavaScriptStringJob 1/1
cropcircles: ../src/trident-js/trident.js 416/848
cropcircles: JavaScriptStringJob 1/1
fireworks: ../src/trident-js/trident.js 472/848
fireworks: JavaScriptStringJob 1/1
hexagons: ../src/trident-js/trident.js 65/848
hexagons: JavaScriptStringJob 1/1
particles: ../src/trident-js/trident.js 207/848
particles: JavaScriptStringJob 1/1
progress: ../src/trident-js/trident.js 65/848
progress: JavaScriptStringJob 1/1
rainbow: ../src/trident-js/trident.js 65/848
rainbow: JavaScriptStringJob 1/1
shapes: ../src/trident-js/trident.js 255/848
shapes: JavaScriptStringJob 1/1
circular: ../src/trident-js/trident.js 350/848
circular: JavaScriptStringJob 1/1
cropcircles: ../src/trident-js/trident.js 416/848
cropcircles: JavaScriptStringJob 1/1
fireworks: ../src/trident-js/trident.js 472/848
fireworks: JavaScriptStringJob 1/1
hexagons: ../src/trident-js/trident.js 65/848
hexagons: JavaScriptStringJob 1/1
particles: ../src/trident-js/trident.js 207/848
particles: JavaScriptStringJob 1/1
progress: ../src/trident-js/trident.js 65/848
progress: JavaScriptStringJob 1/1
rainbow: ../src/trident-js/trident.js 65/848
rainbow: JavaScriptStringJob 1/1
shapes: ../src/trident-js/trident.js 255/848
shapes: JavaScriptStringJob 1/1
snake: ../src/trident-js/trident.js 231/848
snake: JavaScriptStringJob 1/1
circular: ../src/trident-js/trident.js 350/848
circular: JavaScriptStringJob 1/1
cropcircles: ../src/trident-js/trident.js 416/848
cropcircles: JavaScriptStringJob 1/1
fireworks: ../src/trident-js/trident.js 472/848
fireworks: JavaScriptStringJob 1/1
hexagons: ../src/trident-js/trident.js 65/848
hexagons: JavaScriptStringJob 1/1
particles: ../src/trident-js/trident.js 207/848
particles: JavaScriptStringJob 1/1
progress: ../src/trident-js/trident.js 65/848
progress: JavaScriptStringJob 1/1
rainbow: ../src/trident-js/trident.js 65/848
rainbow: JavaScriptStringJob 1/1
shapes: ../src/trident-js/trident.js 255/848
shapes: JavaScriptStringJob 1/1
snake: ../src/trident-js/trident.js 231/848
snake: JavaScriptStringJob 1/1
stardust: ../src/trident-js/trident.js 209/848
stardust: JavaScriptStringJob 1/1
circular: ../src/trident-js/trident.js 350/848
circular: JavaScriptStringJob 1/1
cropcircles: ../src/trident-js/trident.js 416/848
cropcircles: JavaScriptStringJob 1/1
fireworks: ../src/trident-js/trident.js 472/848
fireworks: JavaScriptStringJob 1/1
hexagons: ../src/trident-js/trident.js 65/848
hexagons: JavaScriptStringJob 1/1
particles: ../src/trident-js/trident.js 207/848
particles: JavaScriptStringJob 1/1
progress: ../src/trident-js/trident.js 65/848
progress: JavaScriptStringJob 1/1
rainbow: ../src/trident-js/trident.js 65/848
rainbow: JavaScriptStringJob 1/1
shapes: ../src/trident-js/trident.js 255/848
shapes: JavaScriptStringJob 1/1
snake: ../src/trident-js/trident.js 231/848
snake: JavaScriptStringJob 1/1
stardust: ../src/trident-js/trident.js 209/848
stardust: JavaScriptStringJob 1/1
test: ../src/trident-js/trident.js 65/848
test: JavaScriptStringJob 1/1
circular: ../src/trident-js/trident.js 350/848
circular: JavaScriptStringJob 1/1
cropcircles: ../src/trident-js/trident.js 416/848
cropcircles: JavaScriptStringJob 1/1
fireworks: ../src/trident-js/trident.js 472/848
fireworks: JavaScriptStringJob 1/1
hexagons: ../src/trident-js/trident.js 65/848
hexagons: JavaScriptStringJob 1/1
particles: ../src/trident-js/trident.js 207/848
particles: JavaScriptStringJob 1/1
progress: ../src/trident-js/trident.js 65/848
progress: JavaScriptStringJob 1/1
rainbow: ../src/trident-js/trident.js 65/848
rainbow: JavaScriptStringJob 1/1
shapes: ../src/trident-js/trident.js 255/848
shapes: JavaScriptStringJob 1/1
snake: ../src/trident-js/trident.js 231/848
snake: JavaScriptStringJob 1/1
stardust: ../src/trident-js/trident.js 209/848
stardust: JavaScriptStringJob 1/1
test: ../src/trident-js/trident.js 65/848
test: JavaScriptStringJob 1/1
testBall: ../src/trident-js/trident.js 245/848
testBall: JavaScriptStringJob 1/1
circular: ../src/trident-js/trident.js 350/848
circular: JavaScriptStringJob 1/1
cropcircles: ../src/trident-js/trident.js 416/848
cropcircles: JavaScriptStringJob 1/1
fireworks: ../src/trident-js/trident.js 472/848
fireworks: JavaScriptStringJob 1/1
hexagons: ../src/trident-js/trident.js 65/848
hexagons: JavaScriptStringJob 1/1
particles: ../src/trident-js/trident.js 207/848
particles: JavaScriptStringJob 1/1
progress: ../src/trident-js/trident.js 65/848
progress: JavaScriptStringJob 1/1
rainbow: ../src/trident-js/trident.js 65/848
rainbow: JavaScriptStringJob 1/1
shapes: ../src/trident-js/trident.js 255/848
shapes: JavaScriptStringJob 1/1
snake: ../src/trident-js/trident.js 231/848
snake: JavaScriptStringJob 1/1
stardust: ../src/trident-js/trident.js 209/848
stardust: JavaScriptStringJob 1/1
test: ../src/trident-js/trident.js 65/848
test: JavaScriptStringJob 1/1
testBall: ../src/trident-js/trident.js 245/848
testBall: JavaScriptStringJob 1/1
testBallLoop: ../src/trident-js/trident.js 222/848
testBallLoop: JavaScriptStringJob 1/1
circular: ../src/trident-js/trident.js 350/848
circular: JavaScriptStringJob 1/1
cropcircles: ../src/trident-js/trident.js 416/848
cropcircles: JavaScriptStringJob 1/1
fireworks: ../src/trident-js/trident.js 472/848
fireworks: JavaScriptStringJob 1/1
hexagons: ../src/trident-js/trident.js 65/848
hexagons: JavaScriptStringJob 1/1
particles: ../src/trident-js/trident.js 207/848
particles: JavaScriptStringJob 1/1
progress: ../src/trident-js/trident.js 65/848
progress: JavaScriptStringJob 1/1
rainbow: ../src/trident-js/trident.js 65/848
rainbow: JavaScriptStringJob 1/1
shapes: ../src/trident-js/trident.js 255/848
shapes: JavaScriptStringJob 1/1
snake: ../src/trident-js/trident.js 231/848
snake: JavaScriptStringJob 1/1
stardust: ../src/trident-js/trident.js 209/848
stardust: JavaScriptStringJob 1/1
test: ../src/trident-js/trident.js 65/848
test: JavaScriptStringJob 1/1
testBall: ../src/trident-js/trident.js 245/848
testBall: JavaScriptStringJob 1/1
testBallLoop: ../src/trident-js/trident.js 222/848
testBallLoop: JavaScriptStringJob 1/1
testKeyFrames: ../src/trident-js/trident.js 65/848
testKeyFrames: JavaScriptStringJob 1/1
circular: ../src/trident-js/trident.js 350/848
circular: JavaScriptStringJob 1/1
cropcircles: ../src/trident-js/trident.js 416/848
cropcircles: JavaScriptStringJob 1/1
fireworks: ../src/trident-js/trident.js 472/848
fireworks: JavaScriptStringJob 1/1
hexagons: ../src/trident-js/trident.js 65/848
hexagons: JavaScriptStringJob 1/1
particles: ../src/trident-js/trident.js 207/848
particles: JavaScriptStringJob 1/1
progress: ../src/trident-js/trident.js 65/848
progress: JavaScriptStringJob 1/1
rainbow: ../src/trident-js/trident.js 65/848
rainbow: JavaScriptStringJob 1/1
shapes: ../src/trident-js/trident.js 255/848
shapes: JavaScriptStringJob 1/1
snake: ../src/trident-js/trident.js 231/848
snake: JavaScriptStringJob 1/1
stardust: ../src/trident-js/trident.js 209/848
stardust: JavaScriptStringJob 1/1
test: ../src/trident-js/trident.js 65/848
test: JavaScriptStringJob 1/1
testBall: ../src/trident-js/trident.js 245/848
testBall: JavaScriptStringJob 1/1
testBallLoop: ../src/trident-js/trident.js 222/848
testBallLoop: JavaScriptStringJob 1/1
testKeyFrames: ../src/trident-js/trident.js 65/848
testKeyFrames: JavaScriptStringJob 1/1
testKeyFrames2: ../src/trident-js/trident.js 65/848
testKeyFrames2: JavaScriptStringJob 1/1
circular: ../src/trident-js/trident.js 350/848
circular: JavaScriptStringJob 1/1
cropcircles: ../src/trident-js/trident.js 416/848
cropcircles: JavaScriptStringJob 1/1
fireworks: ../src/trident-js/trident.js 472/848
fireworks: JavaScriptStringJob 1/1
hexagons: ../src/trident-js/trident.js 65/848
hexagons: JavaScriptStringJob 1/1
particles: ../src/trident-js/trident.js 207/848
particles: JavaScriptStringJob 1/1
progress: ../src/trident-js/trident.js 65/848
progress: JavaScriptStringJob 1/1
rainbow: ../src/trident-js/trident.js 65/848
rainbow: JavaScriptStringJob 1/1
shapes: ../src/trident-js/trident.js 255/848
shapes: JavaScriptStringJob 1/1
snake: ../src/trident-js/trident.js 231/848
snake: JavaScriptStringJob 1/1
stardust: ../src/trident-js/trident.js 209/848
stardust: JavaScriptStringJob 1/1
test: ../src/trident-js/trident.js 65/848
test: JavaScriptStringJob 1/1
testBall: ../src/trident-js/trident.js 245/848
testBall: JavaScriptStringJob 1/1
testBallLoop: ../src/trident-js/trident.js 222/848
testBallLoop: JavaScriptStringJob 1/1
testKeyFrames: ../src/trident-js/trident.js 65/848
testKeyFrames: JavaScriptStringJob 1/1
testKeyFrames2: ../src/trident-js/trident.js 65/848
testKeyFrames2: JavaScriptStringJob 1/1
testRollover: ../src/trident-js/trident.js 152/848
testRollover: JavaScriptStringJob 1/1
circular: ../src/trident-js/trident.js 350/848
circular: JavaScriptStringJob 1/1
cropcircles: ../src/trident-js/trident.js 416/848
cropcircles: JavaScriptStringJob 1/1
fireworks: ../src/trident-js/trident.js 472/848
fireworks: JavaScriptStringJob 1/1
hexagons: ../src/trident-js/trident.js 65/848
hexagons: JavaScriptStringJob 1/1
particles: ../src/trident-js/trident.js 207/848
particles: JavaScriptStringJob 1/1
progress: ../src/trident-js/trident.js 65/848
progress: JavaScriptStringJob 1/1
rainbow: ../src/trident-js/trident.js 65/848
rainbow: JavaScriptStringJob 1/1
shapes: ../src/trident-js/trident.js 255/848
shapes: JavaScriptStringJob 1/1
snake: ../src/trident-js/trident.js 231/848
snake: JavaScriptStringJob 1/1
stardust: ../src/trident-js/trident.js 209/848
stardust: JavaScriptStringJob 1/1
test: ../src/trident-js/trident.js 65/848
test: JavaScriptStringJob 1/1
testBall: ../src/trident-js/trident.js 245/848
testBall: JavaScriptStringJob 1/1
testBallLoop: ../src/trident-js/trident.js 222/848
testBallLoop: JavaScriptStringJob 1/1
testKeyFrames: ../src/trident-js/trident.js 65/848
testKeyFrames: JavaScriptStringJob 1/1
testKeyFrames2: ../src/trident-js/trident.js 65/848
testKeyFrames2: JavaScriptStringJob 1/1
testRollover: ../src/trident-js/trident.js 152/848
testRollover: JavaScriptStringJob 1/1
testScenarios: ../src/trident-js/trident.js 65/848
testScenarios: JavaScriptStringJob 1/1
circular: ../src/trident-js/trident.js 350/848
circular: JavaScriptStringJob 1/1
cropcircles: ../src/trident-js/trident.js 416/848
cropcircles: JavaScriptStringJob 1/1
fireworks: ../src/trident-js/trident.js 472/848
fireworks: JavaScriptStringJob 1/1
hexagons: ../src/trident-js/trident.js 65/848
hexagons: JavaScriptStringJob 1/1
particles: ../src/trident-js/trident.js 207/848
particles: JavaScriptStringJob 1/1
progress: ../src/trident-js/trident.js 65/848
progress: JavaScriptStringJob 1/1
rainbow: ../src/trident-js/trident.js 65/848
rainbow: JavaScriptStringJob 1/1
shapes: ../src/trident-js/trident.js 255/848
shapes: JavaScriptStringJob 1/1
snake: ../src/trident-js/trident.js 231/848
snake: JavaScriptStringJob 1/1
stardust: ../src/trident-js/trident.js 209/848
stardust: JavaScriptStringJob 1/1
test: ../src/trident-js/trident.js 65/848
test: JavaScriptStringJob 1/1
testBall: ../src/trident-js/trident.js 245/848
testBall: JavaScriptStringJob 1/1
testBallLoop: ../src/trident-js/trident.js 222/848
testBallLoop: JavaScriptStringJob 1/1
testKeyFrames: ../src/trident-js/trident.js 65/848
testKeyFrames: JavaScriptStringJob 1/1
testKeyFrames2: ../src/trident-js/trident.js 65/848
testKeyFrames2: JavaScriptStringJob 1/1
testRollover: ../src/trident-js/trident.js 152/848
testRollover: JavaScriptStringJob 1/1
testScenarios: ../src/trident-js/trident.js 65/848
testScenarios: JavaScriptStringJob 1/1
testSplines: ../src/trident-js/trident.js 65/848
testSplines: JavaScriptStringJob 1/1
