anim_test_no_riot: ../src/turing.js/build/turing.js 440/1336
anim_test_no_riot: ../src/turing.js/build/turing.js 440/1336
dom: ../src/turing.js/turing.dom.js 103/407
dom: ../src/turing.js/turing.core.js 33/49
anim_test_no_riot: ../src/turing.js/build/turing.js 440/1336
dom: ../src/turing.js/turing.dom.js 103/407
dom: ../src/turing.js/turing.core.js 33/49
anim_test_no_riot: ../src/turing.js/build/turing.js 440/1336
dom: ../src/turing.js/turing.dom.js 103/407
dom: ../src/turing.js/turing.core.js 33/49
anim_test_no_riot: ../src/turing.js/build/turing.js 440/1336
dom: ../src/turing.js/turing.dom.js 103/407
dom: ../src/turing.js/turing.core.js 33/49
min-test: ../src/turing.js/build/turing.min.js 2/2
anim_test_no_riot: ../src/turing.js/build/turing.js 440/1336
dom: ../src/turing.js/turing.dom.js 103/407
dom: ../src/turing.js/turing.core.js 33/49
min-test: ../src/turing.js/build/turing.min.js 2/2
modularity_test: ../src/turing.js/turing.require.js 13/136
modularity_test: ../src/turing.js/turing.net.js 22/137
modularity_test: ../src/turing.js/turing.events.js 36/173
modularity_test: ../src/turing.js/turing.oo.js 7/33
modularity_test: ../src/turing.js/turing.enumerable.js 22/100
modularity_test: ../src/turing.js/turing.touch.js 10/43
modularity_test: ../src/turing.js/turing.dom.js 103/407
modularity_test: ../src/turing.js/turing.functional.js 3/10
modularity_test: ../src/turing.js/turing.anim.js 67/204
modularity_test: ../src/turing.js/turing.promise.js 11/27
modularity_test: ../src/turing.js/turing.plugins.js 9/17
modularity_test: ../src/turing.js/turing.core.js 33/49
anim_test_no_riot: ../src/turing.js/build/turing.js 440/1336
dom: ../src/turing.js/turing.dom.js 103/407
dom: ../src/turing.js/turing.core.js 33/49
min-test: ../src/turing.js/build/turing.min.js 2/2
modularity_test: ../src/turing.js/turing.require.js 13/136
modularity_test: ../src/turing.js/turing.net.js 22/137
modularity_test: ../src/turing.js/turing.events.js 36/173
modularity_test: ../src/turing.js/turing.oo.js 7/33
modularity_test: ../src/turing.js/turing.enumerable.js 22/100
modularity_test: ../src/turing.js/turing.touch.js 10/43
modularity_test: ../src/turing.js/turing.dom.js 103/407
modularity_test: ../src/turing.js/turing.functional.js 3/10
modularity_test: ../src/turing.js/turing.anim.js 67/204
modularity_test: ../src/turing.js/turing.promise.js 11/27
modularity_test: ../src/turing.js/turing.plugins.js 9/17
modularity_test: ../src/turing.js/turing.core.js 33/49
anim_test_no_riot: ../src/turing.js/build/turing.js 440/1336
dom: ../src/turing.js/turing.dom.js 103/407
dom: ../src/turing.js/turing.core.js 33/49
min-test: ../src/turing.js/build/turing.min.js 2/2
modularity_test: ../src/turing.js/turing.require.js 13/136
modularity_test: ../src/turing.js/turing.net.js 22/137
modularity_test: ../src/turing.js/turing.events.js 36/173
modularity_test: ../src/turing.js/turing.oo.js 7/33
modularity_test: ../src/turing.js/turing.enumerable.js 22/100
modularity_test: ../src/turing.js/turing.touch.js 10/43
modularity_test: ../src/turing.js/turing.dom.js 103/407
modularity_test: ../src/turing.js/turing.functional.js 3/10
modularity_test: ../src/turing.js/turing.anim.js 67/204
modularity_test: ../src/turing.js/turing.promise.js 11/27
modularity_test: ../src/turing.js/turing.plugins.js 9/17
modularity_test: ../src/turing.js/turing.core.js 33/49
anim_test_no_riot: ../src/turing.js/build/turing.js 440/1336
dom: ../src/turing.js/turing.dom.js 103/407
dom: ../src/turing.js/turing.core.js 33/49
min-test: ../src/turing.js/build/turing.min.js 2/2
modularity_test: ../src/turing.js/turing.require.js 13/136
modularity_test: ../src/turing.js/turing.net.js 22/137
modularity_test: ../src/turing.js/turing.events.js 36/173
modularity_test: ../src/turing.js/turing.oo.js 7/33
modularity_test: ../src/turing.js/turing.enumerable.js 22/100
modularity_test: ../src/turing.js/turing.touch.js 10/43
modularity_test: ../src/turing.js/turing.dom.js 103/407
modularity_test: ../src/turing.js/turing.functional.js 3/10
modularity_test: ../src/turing.js/turing.anim.js 67/204
modularity_test: ../src/turing.js/turing.promise.js 11/27
modularity_test: ../src/turing.js/turing.plugins.js 9/17
modularity_test: ../src/turing.js/turing.core.js 33/49
ready_test: ../src/turing.js/turing.dom.js 149/407
ready_test: ../src/turing.js/turing.events.js 77/173
ready_test: ../src/turing.js/turing.core.js 37/49
anim_test_no_riot: ../src/turing.js/build/turing.js 440/1336
dom: ../src/turing.js/turing.dom.js 103/407
dom: ../src/turing.js/turing.core.js 33/49
min-test: ../src/turing.js/build/turing.min.js 2/2
modularity_test: ../src/turing.js/turing.require.js 13/136
modularity_test: ../src/turing.js/turing.net.js 22/137
modularity_test: ../src/turing.js/turing.events.js 36/173
modularity_test: ../src/turing.js/turing.oo.js 7/33
modularity_test: ../src/turing.js/turing.enumerable.js 22/100
modularity_test: ../src/turing.js/turing.touch.js 10/43
modularity_test: ../src/turing.js/turing.dom.js 103/407
modularity_test: ../src/turing.js/turing.functional.js 3/10
modularity_test: ../src/turing.js/turing.anim.js 67/204
modularity_test: ../src/turing.js/turing.promise.js 11/27
modularity_test: ../src/turing.js/turing.plugins.js 9/17
modularity_test: ../src/turing.js/turing.core.js 33/49
ready_test: ../src/turing.js/turing.dom.js 149/407
ready_test: ../src/turing.js/turing.events.js 77/173
ready_test: ../src/turing.js/turing.core.js 37/49
anim_test_no_riot: ../src/turing.js/build/turing.js 440/1336
dom: ../src/turing.js/turing.dom.js 103/407
dom: ../src/turing.js/turing.core.js 33/49
min-test: ../src/turing.js/build/turing.min.js 2/2
modularity_test: ../src/turing.js/turing.require.js 13/136
modularity_test: ../src/turing.js/turing.net.js 22/137
modularity_test: ../src/turing.js/turing.events.js 36/173
modularity_test: ../src/turing.js/turing.oo.js 7/33
modularity_test: ../src/turing.js/turing.enumerable.js 22/100
modularity_test: ../src/turing.js/turing.touch.js 10/43
modularity_test: ../src/turing.js/turing.dom.js 103/407
modularity_test: ../src/turing.js/turing.functional.js 3/10
modularity_test: ../src/turing.js/turing.anim.js 67/204
modularity_test: ../src/turing.js/turing.promise.js 11/27
modularity_test: ../src/turing.js/turing.plugins.js 9/17
modularity_test: ../src/turing.js/turing.core.js 33/49
ready_test: ../src/turing.js/turing.dom.js 149/407
ready_test: ../src/turing.js/turing.events.js 77/173
ready_test: ../src/turing.js/turing.core.js 37/49
touch_test: ../src/turing.js/turing.events.js 44/173
touch_test: ../src/turing.js/turing.touch.js 14/43
touch_test: ../src/turing.js/turing.dom.js 152/407
touch_test: ../src/turing.js/turing.core.js 37/49
