builder: ../src/uki/test/builder.js?globalize=builder 1/3
builder: ../src/uki/test/builder.js?globalize=builder 1/3
collection: ../src/uki/test/collection.js?globalize=collection 1/3
builder: ../src/uki/test/builder.js?globalize=builder 1/3
collection: ../src/uki/test/collection.js?globalize=collection 1/3
builder: ../src/uki/test/builder.js?globalize=builder 1/3
collection: ../src/uki/test/collection.js?globalize=collection 1/3
event: ../src/uki/test/event.js?globalize=evt 1/1
builder: ../src/uki/test/builder.js?globalize=builder 1/3
collection: ../src/uki/test/collection.js?globalize=collection 1/3
event: ../src/uki/test/event.js?globalize=evt 1/1
builder: ../src/uki/test/builder.js?globalize=builder 1/3
collection: ../src/uki/test/collection.js?globalize=collection 1/3
event: ../src/uki/test/event.js?globalize=evt 1/1
index: ../src/uki/test/builder.js?globalize=builder 1/3
index: ../src/uki/test/collection.js?globalize=collection 1/3
index: ../src/uki/test/selector.js?globalize=selector 1/3
index: ../src/uki/test/view.js?globalize=view 1/3
index: ../src/uki/test/observable.js?globalize=observable 1/2
index: ../src/uki/test/event.js?globalize=evt 1/1
index: ../src/uki/test/view/dataList/selection.js?globalize=selection 1/1
builder: ../src/uki/test/builder.js?globalize=builder 1/3
collection: ../src/uki/test/collection.js?globalize=collection 1/3
event: ../src/uki/test/event.js?globalize=evt 1/1
index: ../src/uki/test/builder.js?globalize=builder 1/3
index: ../src/uki/test/collection.js?globalize=collection 1/3
index: ../src/uki/test/selector.js?globalize=selector 1/3
index: ../src/uki/test/view.js?globalize=view 1/3
index: ../src/uki/test/observable.js?globalize=observable 1/2
index: ../src/uki/test/event.js?globalize=evt 1/1
index: ../src/uki/test/view/dataList/selection.js?globalize=selection 1/1
observable: ../src/uki/test/observable.js?globalize=observable 1/2
builder: ../src/uki/test/builder.js?globalize=builder 1/3
collection: ../src/uki/test/collection.js?globalize=collection 1/3
event: ../src/uki/test/event.js?globalize=evt 1/1
index: ../src/uki/test/builder.js?globalize=builder 1/3
index: ../src/uki/test/collection.js?globalize=collection 1/3
index: ../src/uki/test/selector.js?globalize=selector 1/3
index: ../src/uki/test/view.js?globalize=view 1/3
index: ../src/uki/test/observable.js?globalize=observable 1/2
index: ../src/uki/test/event.js?globalize=evt 1/1
index: ../src/uki/test/view/dataList/selection.js?globalize=selection 1/1
observable: ../src/uki/test/observable.js?globalize=observable 1/2
selector: ../src/uki/test/selector.js?globalize=selector 1/3
builder: ../src/uki/test/builder.js?globalize=builder 1/3
collection: ../src/uki/test/collection.js?globalize=collection 1/3
event: ../src/uki/test/event.js?globalize=evt 1/1
index: ../src/uki/test/builder.js?globalize=builder 1/3
index: ../src/uki/test/collection.js?globalize=collection 1/3
index: ../src/uki/test/selector.js?globalize=selector 1/3
index: ../src/uki/test/view.js?globalize=view 1/3
index: ../src/uki/test/observable.js?globalize=observable 1/2
index: ../src/uki/test/event.js?globalize=evt 1/1
index: ../src/uki/test/view/dataList/selection.js?globalize=selection 1/1
observable: ../src/uki/test/observable.js?globalize=observable 1/2
selector: ../src/uki/test/selector.js?globalize=selector 1/3
view: ../src/uki/test/view.js?globalize=view 1/3
builder: ../src/uki/test/builder.js?globalize=builder 1/3
collection: ../src/uki/test/collection.js?globalize=collection 1/3
event: ../src/uki/test/event.js?globalize=evt 1/1
index: ../src/uki/test/builder.js?globalize=builder 1/3
index: ../src/uki/test/collection.js?globalize=collection 1/3
index: ../src/uki/test/selector.js?globalize=selector 1/3
index: ../src/uki/test/view.js?globalize=view 1/3
index: ../src/uki/test/observable.js?globalize=observable 1/2
index: ../src/uki/test/event.js?globalize=evt 1/1
index: ../src/uki/test/view/dataList/selection.js?globalize=selection 1/1
observable: ../src/uki/test/observable.js?globalize=observable 1/2
selector: ../src/uki/test/selector.js?globalize=selector 1/3
view: ../src/uki/test/view.js?globalize=view 1/3
selection: ../src/uki/test/view/dataList/selection.js?globalize=selection 1/1
