index: ../src/unveil/lib/data.js 67/670
index: ../src/unveil/lib/underscore.js 118/422
index: ../src/unveil/unveil.js 205/633
index: ../src/unveil/lib/jquery-1.6.4.js 3/3
index: ../src/unveil/lib/data.js 67/670
index: ../src/unveil/lib/underscore.js 118/422
index: ../src/unveil/unveil.js 205/633
index: ../src/unveil/lib/jquery-1.6.4.js 3/3
index: ../src/unveil/src/sorted_hash/sorted_hash.js 18/96
index: ../src/unveil/lib/qunit.js 115/494
index: ../src/unveil/src/sorted_hash/aggregators.js 6/22
index: ../src/unveil/src/uv.js 13/33
index: ../src/unveil/src/sorted_hash/comparators.js 3/5
index: ../src/unveil/lib/data.js 67/670
index: ../src/unveil/lib/underscore.js 118/422
index: ../src/unveil/unveil.js 205/633
index: ../src/unveil/lib/jquery-1.6.4.js 3/3
index: ../src/unveil/src/sorted_hash/sorted_hash.js 18/96
index: ../src/unveil/lib/qunit.js 115/494
index: ../src/unveil/src/sorted_hash/aggregators.js 6/22
index: ../src/unveil/src/uv.js 13/33
index: ../src/unveil/src/sorted_hash/comparators.js 3/5
index: ../src/unveil/src/sorted_hash/sorted_hash.js 18/96
index: ../src/unveil/lib/underscore.js 114/422
index: ../src/unveil/src/uv.js 13/33
index: ../src/unveil/lib/qunit.js 228/494
index: ../src/unveil/lib/data.js 67/670
index: ../src/unveil/lib/underscore.js 118/422
index: ../src/unveil/unveil.js 205/633
index: ../src/unveil/lib/jquery-1.6.4.js 3/3
index: ../src/unveil/src/sorted_hash/sorted_hash.js 18/96
index: ../src/unveil/lib/qunit.js 115/494
index: ../src/unveil/src/sorted_hash/aggregators.js 6/22
index: ../src/unveil/src/uv.js 13/33
index: ../src/unveil/src/sorted_hash/comparators.js 3/5
index: ../src/unveil/src/sorted_hash/sorted_hash.js 18/96
index: ../src/unveil/lib/underscore.js 114/422
index: ../src/unveil/src/uv.js 13/33
index: ../src/unveil/lib/qunit.js 228/494
index: ../src/unveil/unveil.js 34/633
index: ../src/unveil/lib/underscore.js 114/422
index: ../src/unveil/lib/qunit.js 228/494
index: ../src/unveil/lib/data.js 67/670
index: ../src/unveil/lib/underscore.js 118/422
index: ../src/unveil/unveil.js 205/633
index: ../src/unveil/lib/jquery-1.6.4.js 3/3
index: ../src/unveil/src/sorted_hash/sorted_hash.js 18/96
index: ../src/unveil/lib/qunit.js 115/494
index: ../src/unveil/src/sorted_hash/aggregators.js 6/22
index: ../src/unveil/src/uv.js 13/33
index: ../src/unveil/src/sorted_hash/comparators.js 3/5
index: ../src/unveil/src/sorted_hash/sorted_hash.js 18/96
index: ../src/unveil/lib/underscore.js 114/422
index: ../src/unveil/src/uv.js 13/33
index: ../src/unveil/lib/qunit.js 228/494
index: ../src/unveil/unveil.js 34/633
index: ../src/unveil/lib/underscore.js 114/422
index: ../src/unveil/lib/qunit.js 228/494
index: ../src/unveil/src/sorted_hash/aggregators.js 6/22
index: ../src/unveil/lib/qunit.js 228/494
index: ../src/unveil/src/uv.js 18/33
index: ../src/unveil/src/sorted_hash/comparators.js 4/5
index: ../src/unveil/src/sorted_hash/sorted_hash.js 91/96
index: ../src/unveil/lib/data.js 67/670
index: ../src/unveil/lib/underscore.js 118/422
index: ../src/unveil/unveil.js 205/633
index: ../src/unveil/lib/jquery-1.6.4.js 3/3
index: ../src/unveil/src/sorted_hash/sorted_hash.js 18/96
index: ../src/unveil/lib/qunit.js 115/494
index: ../src/unveil/src/sorted_hash/aggregators.js 6/22
index: ../src/unveil/src/uv.js 13/33
index: ../src/unveil/src/sorted_hash/comparators.js 3/5
index: ../src/unveil/src/sorted_hash/sorted_hash.js 18/96
index: ../src/unveil/lib/underscore.js 114/422
index: ../src/unveil/src/uv.js 13/33
index: ../src/unveil/lib/qunit.js 228/494
index: ../src/unveil/unveil.js 34/633
index: ../src/unveil/lib/underscore.js 114/422
index: ../src/unveil/lib/qunit.js 228/494
index: ../src/unveil/src/sorted_hash/aggregators.js 6/22
index: ../src/unveil/lib/qunit.js 228/494
index: ../src/unveil/src/uv.js 18/33
index: ../src/unveil/src/sorted_hash/comparators.js 4/5
index: ../src/unveil/src/sorted_hash/sorted_hash.js 91/96
index: ../src/unveil/src/sorted_hash/sorted_hash.js 18/96
index: ../src/unveil/src/sorted_hash/aggregators.js 6/22
index: ../src/unveil/src/uv.js 13/33
index: ../src/unveil/lib/qunit.js 228/494
index: ../src/unveil/src/sorted_hash/comparators.js 3/5
index: ../src/unveil/fixtures/countries.js 1/1
