flow: ../src/vexflow/src/header.js 0/0
flow: ../src/vexflow/vextab/vextab.js 37/465
flow: ../src/vexflow/src/staveconnector.js 6/68
flow: ../src/vexflow/src/stavetie.js 10/84
flow: ../src/vexflow/src/timesignature.js 9/78
flow: ../src/vexflow/src/keymanager.js 8/60
flow: ../src/vexflow/src/stavehairpin.js 10/63
flow: ../src/vexflow/src/vibrato.js 9/60
flow: ../src/vexflow/src/raphaelcontext.js 29/144
flow: ../src/vexflow/src/articulation.js 9/40
flow: ../src/vexflow/src/music.js 25/111
flow: ../src/vexflow/src/stavevolta.js 9/40
flow: ../src/vexflow/src/tuning.js 8/35
flow: ../src/vexflow/src/tabslide.js 10/43
flow: ../src/vexflow/src/annotation.js 15/61
flow: ../src/vexflow/src/tabtie.js 9/36
flow: ../src/vexflow/src/tremolo.js 7/28
flow: ../src/vexflow/src/ghostnote.js 9/27
flow: ../src/vexflow/src/voicegroup.js 5/13
flow: ../src/vexflow/src/staverepetition.js 29/73
flow: ../src/vexflow/src/bend.js 28/66
flow: ../src/vexflow/src/barnote.js 9/20
flow: ../src/vexflow/src/vex.js 45/83
flow: ../src/vexflow/src/tabnote.js 57/100
flow: ../src/vexflow/src/modifiercontext.js 134/227
flow: ../src/vexflow/src/stavesection.js 26/43
flow: ../src/vexflow/src/tickable.js 23/37
flow: ../src/vexflow/src/keysignature.js 30/43
flow: ../src/vexflow/src/stave.js 130/161
flow: ../src/vexflow/src/stavetempo.js 53/66
flow: ../src/vexflow/src/tabstave.js 25/31
flow: ../src/vexflow/src/tables.js 122/148
flow: ../src/vexflow/src/glyph.js 70/83
flow: ../src/vexflow/src/note.js 96/112
flow: ../src/vexflow/src/stavemodifier.js 17/20
flow: ../src/vexflow/src/stavenote.js 225/260
flow: ../src/vexflow/src/voice.js 49/55
flow: ../src/vexflow/src/beam.js 101/111
flow: ../src/vexflow/src/modifier.js 37/41
flow: ../src/vexflow/src/formatter.js 113/122
flow: ../src/vexflow/src/tickcontext.js 78/83
flow: ../src/vexflow/src/renderer.js 51/54
flow: ../src/vexflow/src/stavebarline.js 64/65
flow: ../src/vexflow/src/accidental.js 23/23
flow: ../src/vexflow/src/clef.js 14/14
flow: ../src/vexflow/src/dot.js 24/24
flow: ../src/vexflow/src/flow.js 3/3
flow: ../src/vexflow/src/fonts/vexflow_font.js 1/1
flow: script in file:/home/rahul/research/clone-unit-coverage/src/vexflow/tests/flow.html from (-1, -1) to (-1, -1) 1/1
flow: ../src/vexflow/src/header.js 0/0
flow: ../src/vexflow/vextab/vextab.js 37/465
flow: ../src/vexflow/src/staveconnector.js 6/68
flow: ../src/vexflow/src/stavetie.js 10/84
flow: ../src/vexflow/src/timesignature.js 9/78
flow: ../src/vexflow/src/keymanager.js 8/60
flow: ../src/vexflow/src/stavehairpin.js 10/63
flow: ../src/vexflow/src/vibrato.js 9/60
flow: ../src/vexflow/src/raphaelcontext.js 29/144
flow: ../src/vexflow/src/articulation.js 9/40
flow: ../src/vexflow/src/music.js 25/111
flow: ../src/vexflow/src/stavevolta.js 9/40
flow: ../src/vexflow/src/tuning.js 8/35
flow: ../src/vexflow/src/tabslide.js 10/43
flow: ../src/vexflow/src/annotation.js 15/61
flow: ../src/vexflow/src/tabtie.js 9/36
flow: ../src/vexflow/src/tremolo.js 7/28
flow: ../src/vexflow/src/ghostnote.js 9/27
flow: ../src/vexflow/src/voicegroup.js 5/13
flow: ../src/vexflow/src/staverepetition.js 29/73
flow: ../src/vexflow/src/bend.js 28/66
flow: ../src/vexflow/src/barnote.js 9/20
flow: ../src/vexflow/src/vex.js 45/83
flow: ../src/vexflow/src/tabnote.js 57/100
flow: ../src/vexflow/src/modifiercontext.js 134/227
flow: ../src/vexflow/src/stavesection.js 26/43
flow: ../src/vexflow/src/tickable.js 23/37
flow: ../src/vexflow/src/keysignature.js 30/43
flow: ../src/vexflow/src/stave.js 130/161
flow: ../src/vexflow/src/stavetempo.js 53/66
flow: ../src/vexflow/src/tabstave.js 25/31
flow: ../src/vexflow/src/tables.js 122/148
flow: ../src/vexflow/src/glyph.js 70/83
flow: ../src/vexflow/src/note.js 96/112
flow: ../src/vexflow/src/stavemodifier.js 17/20
flow: ../src/vexflow/src/stavenote.js 225/260
flow: ../src/vexflow/src/voice.js 49/55
flow: ../src/vexflow/src/beam.js 101/111
flow: ../src/vexflow/src/modifier.js 37/41
flow: ../src/vexflow/src/formatter.js 113/122
flow: ../src/vexflow/src/tickcontext.js 78/83
flow: ../src/vexflow/src/renderer.js 51/54
flow: ../src/vexflow/src/stavebarline.js 64/65
flow: ../src/vexflow/src/accidental.js 23/23
flow: ../src/vexflow/src/clef.js 14/14
flow: ../src/vexflow/src/dot.js 24/24
flow: ../src/vexflow/src/flow.js 3/3
flow: ../src/vexflow/src/fonts/vexflow_font.js 1/1
flow: script in file:/home/rahul/research/clone-unit-coverage/src/vexflow/tests/flow.html from (-1, -1) to (-1, -1) 1/1
runtest: ../src/vexflow/src/header.js 0/0
runtest: ../src/vexflow/vextab/support/raphael.js 3/105
runtest: ../src/vexflow/src/beam.js 5/111
runtest: ../src/vexflow/src/modifiercontext.js 17/227
runtest: ../src/vexflow/src/staveconnector.js 6/68
runtest: ../src/vexflow/src/formatter.js 11/122
runtest: ../src/vexflow/src/stavenote.js 34/260
runtest: ../src/vexflow/vextab/support/jquery.js 352/2470
runtest: ../src/vexflow/src/renderer.js 9/54
runtest: ../src/vexflow/src/staverepetition.js 13/73
runtest: ../src/vexflow/src/raphaelcontext.js 26/144
runtest: ../src/vexflow/src/tickcontext.js 18/83
runtest: ../src/vexflow/src/stavevolta.js 9/40
runtest: ../src/vexflow/src/stavesection.js 10/43
runtest: ../src/vexflow/src/voice.js 14/55
runtest: ../src/vexflow/src/stavebarline.js 17/65
runtest: ../src/vexflow/src/dot.js 7/24
runtest: ../src/vexflow/src/accidental.js 7/23
runtest: ../src/vexflow/src/stavetie.js 26/84
runtest: ../src/vexflow/src/vibrato.js 20/60
runtest: ../src/vexflow/src/tabnote.js 35/100
runtest: ../src/vexflow/src/vex.js 31/83
runtest: ../src/vexflow/src/tabtie.js 14/36
runtest: ../src/vexflow/src/bend.js 27/66
runtest: ../src/vexflow/src/annotation.js 26/61
runtest: ../src/vexflow/vextab/support/qunit.js 220/494
runtest: ../src/vexflow/src/glyph.js 41/83
runtest: ../src/vexflow/src/stave.js 79/161
runtest: ../src/vexflow/src/tabslide.js 22/43
runtest: ../src/vexflow/src/note.js 59/112
runtest: ../src/vexflow/src/keymanager.js 32/60
runtest: ../src/vexflow/src/tickable.js 22/37
runtest: ../src/vexflow/src/tuning.js 21/35
runtest: ../src/vexflow/src/ghostnote.js 17/27
runtest: ../src/vexflow/src/barnote.js 13/20
runtest: ../src/vexflow/src/music.js 78/111
runtest: ../src/vexflow/src/keysignature.js 31/43
runtest: ../src/vexflow/src/modifier.js 30/41
runtest: ../src/vexflow/src/tabstave.js 23/31
runtest: ../src/vexflow/src/tables.js 112/148
runtest: ../src/vexflow/vextab/vextab.js 350/465
runtest: ../src/vexflow/src/timesignature.js 64/78
runtest: ../src/vexflow/src/stavemodifier.js 18/20
runtest: ../src/vexflow/src/clef.js 14/14
runtest: ../src/vexflow/src/flow.js 3/3
runtest: ../src/vexflow/src/fonts/vexflow_font.js 1/1
runtest: script in file:/home/rahul/research/clone-unit-coverage/src/vexflow/vextab/runtest.html from (-1, -1) to (-1, -1) 1/1
