index: ../src/wax/control/lib/gridinstance.js 1/26
index: ../src/wax/control/lib/bwdetect.js 2/37
index: ../src/wax/control/lib/legend.js 2/20
index: ../src/wax/control/lib/attribution.js 2/14
index: ../src/wax/lib/mustache.js 36/247
index: ../src/wax/control/lib/util.js 10/60
index: ../src/wax/control/mm/zoombox.js 12/62
index: ../src/wax/control/mm/boxselector.js 22/107
index: ../src/wax/control/mm/pointselector.js 18/83
index: ../src/wax/control/mm/bwdetect.js 4/13
index: ../src/wax/control/mm/fullscreen.js 15/45
index: ../src/wax/lib/html-sanitizer-bundle.js 71/203
index: ../src/wax/connectors/mm/waxconnector.js 7/19
index: ../src/wax/control/lib/hash.js 13/36
index: ../src/wax/control/lib/template.js 4/10
index: ../src/wax/control/mm/hash.js 7/16
index: ../src/wax/control/lib/interaction.js 50/105
index: ../src/wax/control/mm/legend.js 16/34
index: ../src/wax/control/mm/interaction.js 16/32
index: ../src/wax/lib/bean.js 141/231
index: ../src/wax/control/lib/gridmanager.js 30/46
index: ../src/wax/control/leaf/interaction.js 20/30
index: ../src/wax/control/mm/attribution.js 22/30
index: ../src/wax/control/mm/zoomer.js 46/62
index: ../src/wax/connectors/leaf/connector.js 7/7
index: ../src/wax/ext/leaflet.js 1/1
index: ../src/wax/ext/modestmaps.min.js 1/1
index: ../src/wax/lib/html-sanitizer-loosen.js 11/11
index: ../src/wax/control/lib/gridinstance.js 1/26
index: ../src/wax/control/lib/bwdetect.js 2/37
index: ../src/wax/control/lib/legend.js 2/20
index: ../src/wax/control/lib/attribution.js 2/14
index: ../src/wax/lib/mustache.js 36/247
index: ../src/wax/control/lib/util.js 10/60
index: ../src/wax/control/mm/zoombox.js 12/62
index: ../src/wax/control/mm/boxselector.js 22/107
index: ../src/wax/control/mm/pointselector.js 18/83
index: ../src/wax/control/mm/bwdetect.js 4/13
index: ../src/wax/control/mm/fullscreen.js 15/45
index: ../src/wax/lib/html-sanitizer-bundle.js 71/203
index: ../src/wax/connectors/mm/waxconnector.js 7/19
index: ../src/wax/control/lib/hash.js 13/36
index: ../src/wax/control/lib/template.js 4/10
index: ../src/wax/control/mm/hash.js 7/16
index: ../src/wax/control/lib/interaction.js 50/105
index: ../src/wax/control/mm/legend.js 16/34
index: ../src/wax/control/mm/interaction.js 16/32
index: ../src/wax/lib/bean.js 141/231
index: ../src/wax/control/lib/gridmanager.js 30/46
index: ../src/wax/control/leaf/interaction.js 20/30
index: ../src/wax/control/mm/attribution.js 22/30
index: ../src/wax/control/mm/zoomer.js 46/62
index: ../src/wax/connectors/leaf/connector.js 7/7
index: ../src/wax/ext/leaflet.js 1/1
index: ../src/wax/ext/modestmaps.min.js 1/1
index: ../src/wax/lib/html-sanitizer-loosen.js 11/11
tooltip_cancel: ../src/wax/dist/wax.mm.js 326/1712
tooltip_cancel: ../src/wax/ext/modestmaps.min.js 1/1
tooltip_cancel: http:/c.tiles.mapbox.com/v3/tmcw.map-2sdcp6um.jsonp?callback=grid 1/1
