autoCapture-noLib: http:/ajax.googleapis.com/ajax/libs/jquery/1.4.2/jquery.js 341/2470
autoCapture-noLib: ../src/writeCapture/writeCapture.js 121/398
autoCapture-noLib: ../src/writeCapture/support/nolib-support.js 48/99
autoCapture-noLib: script in file:/home/rahul/research/clone-unit-coverage/src/writeCapture/test/autoCapture-noLib.html from (-1, -1) to (-1, -1) 1/1
autoCapture-noLib: http:/ajax.googleapis.com/ajax/libs/jquery/1.4.2/jquery.js 341/2470
autoCapture-noLib: ../src/writeCapture/writeCapture.js 121/398
autoCapture-noLib: ../src/writeCapture/support/nolib-support.js 48/99
autoCapture-noLib: script in file:/home/rahul/research/clone-unit-coverage/src/writeCapture/test/autoCapture-noLib.html from (-1, -1) to (-1, -1) 1/1
autoCapture: http:/ajax.googleapis.com/ajax/libs/jquery/1.4.2/jquery.js 424/2470
autoCapture: ../src/writeCapture/writeCapture.js 127/398
autoCapture: script in file:/home/rahul/research/clone-unit-coverage/src/writeCapture/test/autoCapture.html from (-1, -1) to (-1, -1) 1/1
autoCapture-noLib: http:/ajax.googleapis.com/ajax/libs/jquery/1.4.2/jquery.js 341/2470
autoCapture-noLib: ../src/writeCapture/writeCapture.js 121/398
autoCapture-noLib: ../src/writeCapture/support/nolib-support.js 48/99
autoCapture-noLib: script in file:/home/rahul/research/clone-unit-coverage/src/writeCapture/test/autoCapture-noLib.html from (-1, -1) to (-1, -1) 1/1
autoCapture: http:/ajax.googleapis.com/ajax/libs/jquery/1.4.2/jquery.js 424/2470
autoCapture: ../src/writeCapture/writeCapture.js 127/398
autoCapture: script in file:/home/rahul/research/clone-unit-coverage/src/writeCapture/test/autoCapture.html from (-1, -1) to (-1, -1) 1/1
autoCapture-noLib: http:/ajax.googleapis.com/ajax/libs/jquery/1.4.2/jquery.js 341/2470
autoCapture-noLib: ../src/writeCapture/writeCapture.js 121/398
autoCapture-noLib: ../src/writeCapture/support/nolib-support.js 48/99
autoCapture-noLib: script in file:/home/rahul/research/clone-unit-coverage/src/writeCapture/test/autoCapture-noLib.html from (-1, -1) to (-1, -1) 1/1
autoCapture: http:/ajax.googleapis.com/ajax/libs/jquery/1.4.2/jquery.js 424/2470
autoCapture: ../src/writeCapture/writeCapture.js 127/398
autoCapture: script in file:/home/rahul/research/clone-unit-coverage/src/writeCapture/test/autoCapture.html from (-1, -1) to (-1, -1) 1/1
extsrc: ../src/writeCapture/support/debug-support.js 5/29
extsrc: http:/ajax.googleapis.com/ajax/libs/jquery/1.4.2/jquery.js 494/2470
extsrc: ../src/writeCapture/writeCapture.js 134/398
extsrc: script in file:/home/rahul/research/clone-unit-coverage/src/writeCapture/test/extsrc.html from (-1, -1) to (-1, -1) 1/1
autoCapture-noLib: http:/ajax.googleapis.com/ajax/libs/jquery/1.4.2/jquery.js 341/2470
autoCapture-noLib: ../src/writeCapture/writeCapture.js 121/398
autoCapture-noLib: ../src/writeCapture/support/nolib-support.js 48/99
autoCapture-noLib: script in file:/home/rahul/research/clone-unit-coverage/src/writeCapture/test/autoCapture-noLib.html from (-1, -1) to (-1, -1) 1/1
autoCapture: http:/ajax.googleapis.com/ajax/libs/jquery/1.4.2/jquery.js 424/2470
autoCapture: ../src/writeCapture/writeCapture.js 127/398
autoCapture: script in file:/home/rahul/research/clone-unit-coverage/src/writeCapture/test/autoCapture.html from (-1, -1) to (-1, -1) 1/1
extsrc: ../src/writeCapture/support/debug-support.js 5/29
extsrc: http:/ajax.googleapis.com/ajax/libs/jquery/1.4.2/jquery.js 494/2470
extsrc: ../src/writeCapture/writeCapture.js 134/398
extsrc: script in file:/home/rahul/research/clone-unit-coverage/src/writeCapture/test/extsrc.html from (-1, -1) to (-1, -1) 1/1
index: ../src/writeCapture/support/debug-support.js 5/29
index: http:/ajax.googleapis.com/ajax/libs/jquery/1.4.2/jquery.js 589/2470
index: ../src/writeCapture/writeCapture.js 193/398
index: script in file:/home/rahul/research/clone-unit-coverage/src/writeCapture/test/index.html from (-1, -1) to (-1, -1) 1/1
autoCapture-noLib: http:/ajax.googleapis.com/ajax/libs/jquery/1.4.2/jquery.js 341/2470
autoCapture-noLib: ../src/writeCapture/writeCapture.js 121/398
autoCapture-noLib: ../src/writeCapture/support/nolib-support.js 48/99
autoCapture-noLib: script in file:/home/rahul/research/clone-unit-coverage/src/writeCapture/test/autoCapture-noLib.html from (-1, -1) to (-1, -1) 1/1
autoCapture: http:/ajax.googleapis.com/ajax/libs/jquery/1.4.2/jquery.js 424/2470
autoCapture: ../src/writeCapture/writeCapture.js 127/398
autoCapture: script in file:/home/rahul/research/clone-unit-coverage/src/writeCapture/test/autoCapture.html from (-1, -1) to (-1, -1) 1/1
extsrc: ../src/writeCapture/support/debug-support.js 5/29
extsrc: http:/ajax.googleapis.com/ajax/libs/jquery/1.4.2/jquery.js 494/2470
extsrc: ../src/writeCapture/writeCapture.js 134/398
extsrc: script in file:/home/rahul/research/clone-unit-coverage/src/writeCapture/test/extsrc.html from (-1, -1) to (-1, -1) 1/1
index: ../src/writeCapture/support/debug-support.js 5/29
index: http:/ajax.googleapis.com/ajax/libs/jquery/1.4.2/jquery.js 589/2470
index: ../src/writeCapture/writeCapture.js 193/398
index: script in file:/home/rahul/research/clone-unit-coverage/src/writeCapture/test/index.html from (-1, -1) to (-1, -1) 1/1
noLib: ../src/writeCapture/lib/jquery-1.3.2.js 534/1787
noLib: ../src/writeCapture/writeCapture.js 187/398
noLib: ../src/writeCapture/support/nolib-support.js 48/99
noLib: script in file:/home/rahul/research/clone-unit-coverage/src/writeCapture/test/noLib.html from (-1, -1) to (-1, -1) 1/1
autoCapture-noLib: http:/ajax.googleapis.com/ajax/libs/jquery/1.4.2/jquery.js 341/2470
autoCapture-noLib: ../src/writeCapture/writeCapture.js 121/398
autoCapture-noLib: ../src/writeCapture/support/nolib-support.js 48/99
autoCapture-noLib: script in file:/home/rahul/research/clone-unit-coverage/src/writeCapture/test/autoCapture-noLib.html from (-1, -1) to (-1, -1) 1/1
autoCapture: http:/ajax.googleapis.com/ajax/libs/jquery/1.4.2/jquery.js 424/2470
autoCapture: ../src/writeCapture/writeCapture.js 127/398
autoCapture: script in file:/home/rahul/research/clone-unit-coverage/src/writeCapture/test/autoCapture.html from (-1, -1) to (-1, -1) 1/1
extsrc: ../src/writeCapture/support/debug-support.js 5/29
extsrc: http:/ajax.googleapis.com/ajax/libs/jquery/1.4.2/jquery.js 494/2470
extsrc: ../src/writeCapture/writeCapture.js 134/398
extsrc: script in file:/home/rahul/research/clone-unit-coverage/src/writeCapture/test/extsrc.html from (-1, -1) to (-1, -1) 1/1
index: ../src/writeCapture/support/debug-support.js 5/29
index: http:/ajax.googleapis.com/ajax/libs/jquery/1.4.2/jquery.js 589/2470
index: ../src/writeCapture/writeCapture.js 193/398
index: script in file:/home/rahul/research/clone-unit-coverage/src/writeCapture/test/index.html from (-1, -1) to (-1, -1) 1/1
noLib: ../src/writeCapture/lib/jquery-1.3.2.js 534/1787
noLib: ../src/writeCapture/writeCapture.js 187/398
noLib: ../src/writeCapture/support/nolib-support.js 48/99
noLib: script in file:/home/rahul/research/clone-unit-coverage/src/writeCapture/test/noLib.html from (-1, -1) to (-1, -1) 1/1
plugin: ../src/writeCapture/lib/jquery-1.3.2.js 614/1787
plugin: ../src/writeCapture/writeCapture.js 153/398
plugin: ../src/writeCapture/plugin/jquery.writeCapture.js 76/79
plugin: script in file:/home/rahul/research/clone-unit-coverage/src/writeCapture/test/plugin.html from (-1, -1) to (-1, -1) 1/1
autoCapture-noLib: http:/ajax.googleapis.com/ajax/libs/jquery/1.4.2/jquery.js 341/2470
autoCapture-noLib: ../src/writeCapture/writeCapture.js 121/398
autoCapture-noLib: ../src/writeCapture/support/nolib-support.js 48/99
autoCapture-noLib: script in file:/home/rahul/research/clone-unit-coverage/src/writeCapture/test/autoCapture-noLib.html from (-1, -1) to (-1, -1) 1/1
autoCapture: http:/ajax.googleapis.com/ajax/libs/jquery/1.4.2/jquery.js 424/2470
autoCapture: ../src/writeCapture/writeCapture.js 127/398
autoCapture: script in file:/home/rahul/research/clone-unit-coverage/src/writeCapture/test/autoCapture.html from (-1, -1) to (-1, -1) 1/1
extsrc: ../src/writeCapture/support/debug-support.js 5/29
extsrc: http:/ajax.googleapis.com/ajax/libs/jquery/1.4.2/jquery.js 494/2470
extsrc: ../src/writeCapture/writeCapture.js 134/398
extsrc: script in file:/home/rahul/research/clone-unit-coverage/src/writeCapture/test/extsrc.html from (-1, -1) to (-1, -1) 1/1
index: ../src/writeCapture/support/debug-support.js 5/29
index: http:/ajax.googleapis.com/ajax/libs/jquery/1.4.2/jquery.js 589/2470
index: ../src/writeCapture/writeCapture.js 193/398
index: script in file:/home/rahul/research/clone-unit-coverage/src/writeCapture/test/index.html from (-1, -1) to (-1, -1) 1/1
noLib: ../src/writeCapture/lib/jquery-1.3.2.js 534/1787
noLib: ../src/writeCapture/writeCapture.js 187/398
noLib: ../src/writeCapture/support/nolib-support.js 48/99
noLib: script in file:/home/rahul/research/clone-unit-coverage/src/writeCapture/test/noLib.html from (-1, -1) to (-1, -1) 1/1
plugin: ../src/writeCapture/lib/jquery-1.3.2.js 614/1787
plugin: ../src/writeCapture/writeCapture.js 153/398
plugin: ../src/writeCapture/plugin/jquery.writeCapture.js 76/79
plugin: script in file:/home/rahul/research/clone-unit-coverage/src/writeCapture/test/plugin.html from (-1, -1) to (-1, -1) 1/1
testLoad: http:/noahsloan.com/bar.js 1/1
autoCapture-noLib: http:/ajax.googleapis.com/ajax/libs/jquery/1.4.2/jquery.js 341/2470
autoCapture-noLib: ../src/writeCapture/writeCapture.js 121/398
autoCapture-noLib: ../src/writeCapture/support/nolib-support.js 48/99
autoCapture-noLib: script in file:/home/rahul/research/clone-unit-coverage/src/writeCapture/test/autoCapture-noLib.html from (-1, -1) to (-1, -1) 1/1
autoCapture: http:/ajax.googleapis.com/ajax/libs/jquery/1.4.2/jquery.js 424/2470
autoCapture: ../src/writeCapture/writeCapture.js 127/398
autoCapture: script in file:/home/rahul/research/clone-unit-coverage/src/writeCapture/test/autoCapture.html from (-1, -1) to (-1, -1) 1/1
extsrc: ../src/writeCapture/support/debug-support.js 5/29
extsrc: http:/ajax.googleapis.com/ajax/libs/jquery/1.4.2/jquery.js 494/2470
extsrc: ../src/writeCapture/writeCapture.js 134/398
extsrc: script in file:/home/rahul/research/clone-unit-coverage/src/writeCapture/test/extsrc.html from (-1, -1) to (-1, -1) 1/1
index: ../src/writeCapture/support/debug-support.js 5/29
index: http:/ajax.googleapis.com/ajax/libs/jquery/1.4.2/jquery.js 589/2470
index: ../src/writeCapture/writeCapture.js 193/398
index: script in file:/home/rahul/research/clone-unit-coverage/src/writeCapture/test/index.html from (-1, -1) to (-1, -1) 1/1
noLib: ../src/writeCapture/lib/jquery-1.3.2.js 534/1787
noLib: ../src/writeCapture/writeCapture.js 187/398
noLib: ../src/writeCapture/support/nolib-support.js 48/99
noLib: script in file:/home/rahul/research/clone-unit-coverage/src/writeCapture/test/noLib.html from (-1, -1) to (-1, -1) 1/1
plugin: ../src/writeCapture/lib/jquery-1.3.2.js 614/1787
plugin: ../src/writeCapture/writeCapture.js 153/398
plugin: ../src/writeCapture/plugin/jquery.writeCapture.js 76/79
plugin: script in file:/home/rahul/research/clone-unit-coverage/src/writeCapture/test/plugin.html from (-1, -1) to (-1, -1) 1/1
testLoad: http:/noahsloan.com/bar.js 1/1
autoCapture-noLib: http:/ajax.googleapis.com/ajax/libs/jquery/1.4.2/jquery.js 341/2470
autoCapture-noLib: ../src/writeCapture/writeCapture.js 121/398
autoCapture-noLib: ../src/writeCapture/support/nolib-support.js 48/99
autoCapture-noLib: script in file:/home/rahul/research/clone-unit-coverage/src/writeCapture/test/autoCapture-noLib.html from (-1, -1) to (-1, -1) 1/1
autoCapture: http:/ajax.googleapis.com/ajax/libs/jquery/1.4.2/jquery.js 424/2470
autoCapture: ../src/writeCapture/writeCapture.js 127/398
autoCapture: script in file:/home/rahul/research/clone-unit-coverage/src/writeCapture/test/autoCapture.html from (-1, -1) to (-1, -1) 1/1
extsrc: ../src/writeCapture/support/debug-support.js 5/29
extsrc: http:/ajax.googleapis.com/ajax/libs/jquery/1.4.2/jquery.js 494/2470
extsrc: ../src/writeCapture/writeCapture.js 134/398
extsrc: script in file:/home/rahul/research/clone-unit-coverage/src/writeCapture/test/extsrc.html from (-1, -1) to (-1, -1) 1/1
index: ../src/writeCapture/support/debug-support.js 5/29
index: http:/ajax.googleapis.com/ajax/libs/jquery/1.4.2/jquery.js 589/2470
index: ../src/writeCapture/writeCapture.js 193/398
index: script in file:/home/rahul/research/clone-unit-coverage/src/writeCapture/test/index.html from (-1, -1) to (-1, -1) 1/1
noLib: ../src/writeCapture/lib/jquery-1.3.2.js 534/1787
noLib: ../src/writeCapture/writeCapture.js 187/398
noLib: ../src/writeCapture/support/nolib-support.js 48/99
noLib: script in file:/home/rahul/research/clone-unit-coverage/src/writeCapture/test/noLib.html from (-1, -1) to (-1, -1) 1/1
plugin: ../src/writeCapture/lib/jquery-1.3.2.js 614/1787
plugin: ../src/writeCapture/writeCapture.js 153/398
plugin: ../src/writeCapture/plugin/jquery.writeCapture.js 76/79
plugin: script in file:/home/rahul/research/clone-unit-coverage/src/writeCapture/test/plugin.html from (-1, -1) to (-1, -1) 1/1
testLoad: http:/noahsloan.com/bar.js 1/1
