test: ../src/wtfjs/node_modules/.npm/.cache/highlight/0.1.0/package/lib/vendor/highlight.js/languages/html-xml.js 1/12
test: ../src/wtfjs/node_modules/.npm/.cache/highlight/0.1.0/package/lib/vendor/highlight.js/languages/ruby.js 1/7
test: ../src/wtfjs/node_modules/.npm/.cache/highlight/0.1.0/package/lib/vendor/highlight.js/languages/1c.js 1/6
test: ../src/wtfjs/node_modules/.npm/.cache/highlight/0.1.0/package/lib/vendor/highlight.js/languages/delphi.js 1/5
test: ../src/wtfjs/node_modules/.npm/.cache/highlight/0.1.0/package/lib/vendor/highlight.js/languages/lisp.js 1/5
test: ../src/wtfjs/node_modules/.npm/.cache/highlight/0.1.0/package/lib/vendor/highlight.js/languages/perl.js 1/5
test: ../src/wtfjs/node_modules/.npm/.cache/highlight/0.1.0/package/lib/vendor/highlight.js/highlight.js 90/389
test: ../src/wtfjs/node_modules/.npm/.cache/highlight/0.1.0/package/lib/vendor/highlight.js/languages/bash.js 1/4
test: ../src/wtfjs/node_modules/.npm/.cache/highlight/0.1.0/package/lib/vendor/highlight.js/languages/cpp.js 1/4
test: ../src/wtfjs/node_modules/.npm/.cache/highlight/0.1.0/package/lib/vendor/highlight.js/languages/lua.js 1/4
test: ../src/wtfjs/node_modules/.npm/.cache/highlight/0.1.0/package/lib/vendor/highlight.js/languages/smalltalk.js 1/4
test: ../src/wtfjs/node_modules/.npm/.cache/highlight/0.1.0/package/lib/vendor/highlight.js/languages/renderman.js 1/3
test: ../src/wtfjs/node_modules/.npm/.cache/highlight/0.1.0/package/lib/vendor/highlight.js/languages/apache.js 1/2
test: ../src/wtfjs/node_modules/.npm/.cache/highlight/0.1.0/package/lib/vendor/highlight.js/languages/avrasm.js 1/2
test: ../src/wtfjs/node_modules/.npm/.cache/highlight/0.1.0/package/lib/vendor/highlight.js/languages/axapta.js 1/2
test: ../src/wtfjs/node_modules/.npm/.cache/highlight/0.1.0/package/lib/vendor/highlight.js/languages/cs.js 1/2
test: ../src/wtfjs/node_modules/.npm/.cache/highlight/0.1.0/package/lib/vendor/highlight.js/languages/css.js 1/2
test: ../src/wtfjs/node_modules/.npm/.cache/highlight/0.1.0/package/lib/vendor/highlight.js/languages/diff.js 1/2
test: ../src/wtfjs/node_modules/.npm/.cache/highlight/0.1.0/package/lib/vendor/highlight.js/languages/django.js 1/2
test: ../src/wtfjs/node_modules/.npm/.cache/highlight/0.1.0/package/lib/vendor/highlight.js/languages/dos.js 1/2
test: ../src/wtfjs/node_modules/.npm/.cache/highlight/0.1.0/package/lib/vendor/highlight.js/languages/ini.js 1/2
test: ../src/wtfjs/node_modules/.npm/.cache/highlight/0.1.0/package/lib/vendor/highlight.js/languages/java.js 1/2
test: ../src/wtfjs/node_modules/.npm/.cache/highlight/0.1.0/package/lib/vendor/highlight.js/languages/javascript.js 1/2
test: ../src/wtfjs/node_modules/.npm/.cache/highlight/0.1.0/package/lib/vendor/highlight.js/languages/mel.js 1/2
test: ../src/wtfjs/node_modules/.npm/.cache/highlight/0.1.0/package/lib/vendor/highlight.js/languages/nginx.js 1/2
test: ../src/wtfjs/node_modules/.npm/.cache/highlight/0.1.0/package/lib/vendor/highlight.js/languages/parser3.js 1/2
test: ../src/wtfjs/node_modules/.npm/.cache/highlight/0.1.0/package/lib/vendor/highlight.js/languages/php.js 1/2
test: ../src/wtfjs/node_modules/.npm/.cache/highlight/0.1.0/package/lib/vendor/highlight.js/languages/profile.js 1/2
test: ../src/wtfjs/node_modules/.npm/.cache/highlight/0.1.0/package/lib/vendor/highlight.js/languages/python.js 1/2
test: ../src/wtfjs/node_modules/.npm/.cache/highlight/0.1.0/package/lib/vendor/highlight.js/languages/scala.js 1/2
test: ../src/wtfjs/node_modules/.npm/.cache/highlight/0.1.0/package/lib/vendor/highlight.js/languages/sql.js 1/2
test: ../src/wtfjs/node_modules/.npm/.cache/highlight/0.1.0/package/lib/vendor/highlight.js/languages/tex.js 1/2
test: ../src/wtfjs/node_modules/.npm/.cache/highlight/0.1.0/package/lib/vendor/highlight.js/languages/vbscript.js 1/2
