index: ../src/wysihtml5/src/selection/selection.js 4/152
index: ../src/wysihtml5/src/toolbar/toolbar.js 3/119
index: ../src/wysihtml5/src/views/composer.js 3/129
index: ../src/wysihtml5/src/undo_manager.js 4/114
index: ../src/wysihtml5/src/views/composer.observe.js 3/82
index: ../src/wysihtml5/lib/rangy/rangy-core.js 73/1599
index: ../src/wysihtml5/src/commands.js 1/21
index: ../src/wysihtml5/src/dom/sandbox.js 3/68
index: ../src/wysihtml5/src/toolbar/dialog.js 3/68
index: ../src/wysihtml5/src/commands/insertOrderedList.js 1/20
index: ../src/wysihtml5/src/commands/insertUnorderedList.js 1/20
index: ../src/wysihtml5/src/commands/insertImage.js 3/45
index: ../src/wysihtml5/src/selection/html_applier.js 16/239
index: ../src/wysihtml5/src/quirks/insert_line_break_on_return.js 3/34
index: ../src/wysihtml5/src/views/composer.style.js 4/49
index: ../src/wysihtml5/src/views/synchronizer.js 3/34
index: ../src/wysihtml5/src/dom/replace_with_child_nodes.js 1/11
index: ../src/wysihtml5/src/dom/set_styles.js 1/11
index: ../src/wysihtml5/src/dom/insert_css.js 1/10
index: ../src/wysihtml5/src/dom/copy_attributes.js 1/9
index: ../src/wysihtml5/src/lang/array.js 2/17
index: ../src/wysihtml5/src/commands/createLink.js 5/41
index: ../src/wysihtml5/src/dom/convert_to_list.js 5/37
index: ../src/wysihtml5/src/dom/rename_element.js 1/7
index: ../src/wysihtml5/src/dom/simulate_placeholder.js 2/13
index: ../src/wysihtml5/src/commands/formatBlock.js 16/99
index: ../src/wysihtml5/src/dom/get_style.js 4/24
index: ../src/wysihtml5/src/dom/remove_empty_text_nodes.js 1/6
index: ../src/wysihtml5/src/dom/auto_link.js 10/55
index: ../src/wysihtml5/src/dom/get_as_dom.js 5/27
index: ../src/wysihtml5/src/dom/parse.js 31/159
index: ../src/wysihtml5/src/commands/formatInline.js 5/25
index: ../src/wysihtml5/src/commands/insertHTML.js 1/5
index: ../src/wysihtml5/src/dom/insert.js 1/5
index: ../src/wysihtml5/src/dom/copy_styles.js 5/22
index: ../src/wysihtml5/src/dom/delegate.js 2/9
index: ../src/wysihtml5/src/dom/get_parent_element.js 7/31
index: ../src/wysihtml5/src/quirks/clean_pasted_html.js 4/18
index: ../src/wysihtml5/src/toolbar/speech.js 7/30
index: ../src/wysihtml5/src/dom/resolve_list.js 6/25
index: ../src/wysihtml5/src/quirks/ensure_proper_clearing.js 9/35
index: ../src/wysihtml5/src/quirks/get_correct_inner_html.js 3/12
index: ../src/wysihtml5/src/dom/text_content.js 5/16
index: ../src/wysihtml5/src/browser.js 19/58
index: ../src/wysihtml5/src/commands/bold.js 1/3
index: ../src/wysihtml5/src/commands/insertLineBreak.js 3/9
index: ../src/wysihtml5/src/commands/italic.js 1/3
index: ../src/wysihtml5/src/commands/redo.js 1/3
index: ../src/wysihtml5/src/commands/underline.js 1/3
index: ../src/wysihtml5/src/commands/undo.js 1/3
index: ../src/wysihtml5/src/quirks/redraw.js 3/9
index: ../src/wysihtml5/src/dom/observe.js 8/23
index: ../src/wysihtml5/src/dom/has_element_with_class_name.js 4/11
index: ../src/wysihtml5/src/editor.js 21/54
index: ../src/wysihtml5/src/views/view.js 8/20
index: ../src/wysihtml5/src/dom/has_element_with_tag_name.js 4/9
index: ../src/wysihtml5/src/dom/class.js 9/20
index: ../src/wysihtml5/src/lang/dispatcher.js 10/21
index: http:/code.jquery.com/qunit/qunit-git.js 382/779
index: ../src/wysihtml5/src/commands/fontSize.js 3/6
index: ../src/wysihtml5/src/dom/contains.js 5/10
index: ../src/wysihtml5/src/dom/set_attributes.js 3/6
index: ../src/wysihtml5/src/lang/object.js 6/11
index: ../src/wysihtml5/src/lang/string.js 6/11
index: ../src/wysihtml5/src/assert/html_equal.js 34/57
index: ../src/wysihtml5/src/commands/foreColor.js 3/5
index: ../src/wysihtml5/src/commands/justifyCenter.js 3/5
index: ../src/wysihtml5/src/commands/justifyFull.js 3/5
index: ../src/wysihtml5/src/commands/justifyLeft.js 3/5
index: ../src/wysihtml5/src/commands/justifyRight.js 3/5
index: ../src/wysihtml5/lib/base/base.js 54/67
index: ../src/wysihtml5/src/views/textarea.js 18/21
index: ../src/wysihtml5/src/wysihtml5.js 1/1
