index: ../src/ymacs/src/js/ymacs-commands.js 10/629
index: ../src/ymacs/src/js/ymacs-commands-utils.js 2/78
index: ../src/ymacs/src/js/ymacs-mode-css.js 4/134
index: ../src/ymacs/src/js/ymacs-mode-paren-match.js 15/171
index: ../src/ymacs/src/js/ymacs-keymap-isearch.js 8/77
index: ../src/ymacs/src/js/ymacs-minibuffer.js 24/203
index: ../src/ymacs/src/js/ymacs-regexp.js 4/19
index: ../src/ymacs/src/js/ymacs-keymap-emacs.js 7/26
index: ../src/ymacs/src/js/ymacs-mode-lisp.js 109/410
index: ../src/ymacs/src/js/ymacs-buffer.js 246/627
index: ../src/ymacs/src/js/ymacs-mode-xml.js 103/260
index: ../src/ymacs/src/js/ymacs.js 116/261
index: ../src/ymacs/src/js/ymacs-interactive.js 61/118
index: ../src/ymacs/src/js/ymacs-frame.js 228/407
index: ../src/ymacs/src/js/ymacs-tokenizer.js 133/228
index: ../src/ymacs/src/js/ymacs-marker.js 23/38
index: ../src/ymacs/src/js/ymacs-keymap.js 62/95
index: ../src/ymacs/src/js/ymacs-mode-js.js 138/198
index: ../src/ymacs/src/js/ymacs-mode-markdown.js 25/32
index: ../src/ymacs/src/js/ymacs-textprop.js 63/78
index: ../src/ymacs/src/js/ymacs-keyboard.js 16/18
index: ../src/ymacs/src/js/ymacs-exception.js 2/2
