
arrayassert-tests: ../src/yui3/build/event-simulate/event-simulate.js 9/185
arrayassert-tests: ../src/yui3/build/substitute/substitute.js 4/42
arrayassert-tests: ../src/yui3/build/json-stringify/json-stringify.js 11/81
arrayassert-tests: ../src/yui3/build/event-custom-complex/event-custom-complex.js 24/168
arrayassert-tests: ../src/yui3/build/event-base/event-base.js 62/324
arrayassert-tests: ../src/yui3/build/oop/oop.js 21/100
arrayassert-tests: ../src/yui3/build/event-custom-base/event-custom-base.js 115/461
arrayassert-tests: ../src/yui3/build/yui/yui.js 1153/2169
bugs-tests: ../src/yui3/build/event-simulate/event-simulate.js 9/185
bugs-tests: ../src/yui3/build/substitute/substitute.js 4/42
bugs-tests: ../src/yui3/build/json-stringify/json-stringify.js 11/81
bugs-tests: ../src/yui3/build/event-custom-complex/event-custom-complex.js 24/168
bugs-tests: ../src/yui3/build/event-base/event-base.js 62/324
bugs-tests: ../src/yui3/build/oop/oop.js 21/100
bugs-tests: ../src/yui3/build/event-custom-base/event-custom-base.js 115/461
bugs-tests: ../src/yui3/build/yui/yui.js 1153/2169
format-tests: ../src/yui3/build/event-simulate/event-simulate.js 9/185
format-tests: ../src/yui3/build/substitute/substitute.js 4/42
format-tests: ../src/yui3/build/json-stringify/json-stringify.js 11/81
format-tests: ../src/yui3/build/event-custom-complex/event-custom-complex.js 24/168
format-tests: ../src/yui3/build/event-base/event-base.js 62/324
format-tests: ../src/yui3/build/oop/oop.js 21/100
format-tests: ../src/yui3/build/event-custom-base/event-custom-base.js 115/461
format-tests: ../src/yui3/build/yui/yui.js 1153/2169
general-tests: ../src/yui3/build/event-simulate/event-simulate.js 9/185
general-tests: ../src/yui3/build/substitute/substitute.js 4/42
general-tests: ../src/yui3/build/json-stringify/json-stringify.js 11/81
general-tests: ../src/yui3/build/event-custom-complex/event-custom-complex.js 24/168
general-tests: ../src/yui3/build/event-base/event-base.js 62/324
general-tests: ../src/yui3/build/oop/oop.js 21/100
general-tests: ../src/yui3/build/event-custom-base/event-custom-base.js 115/461
general-tests: ../src/yui3/build/yui/yui.js 1153/2169
mock-tests: ../src/yui3/build/event-simulate/event-simulate.js 9/185
mock-tests: ../src/yui3/build/substitute/substitute.js 4/42
mock-tests: ../src/yui3/build/json-stringify/json-stringify.js 11/81
mock-tests: ../src/yui3/build/event-custom-complex/event-custom-complex.js 24/168
mock-tests: ../src/yui3/build/event-base/event-base.js 62/324
mock-tests: ../src/yui3/build/oop/oop.js 21/100
mock-tests: ../src/yui3/build/event-custom-base/event-custom-base.js 115/461
mock-tests: ../src/yui3/build/yui/yui.js 1153/2169
objectassert-tests: ../src/yui3/build/event-simulate/event-simulate.js 9/185
objectassert-tests: ../src/yui3/build/substitute/substitute.js 4/42
objectassert-tests: ../src/yui3/build/json-stringify/json-stringify.js 11/81
objectassert-tests: ../src/yui3/build/event-custom-complex/event-custom-complex.js 24/168
objectassert-tests: ../src/yui3/build/event-base/event-base.js 62/324
objectassert-tests: ../src/yui3/build/oop/oop.js 21/100
objectassert-tests: ../src/yui3/build/event-custom-base/event-custom-base.js 115/461
objectassert-tests: ../src/yui3/build/yui/yui.js 1153/2169
