demo: ../src/yui_toolbar/js/yui_toolbar.js 91/161
demo: ../src/yui_toolbar/js/libs/yui/build/datasource/datasource-min.js 5/6
demo: ../src/yui_toolbar/js/libs/yui/build/datatable/datatable-min.js 20/23
demo: ../src/yui_toolbar/js/libs/yui/build/dom/dom-min.js 3/3
demo: ../src/yui_toolbar/js/libs/yui/build/element/element-min.js 2/2
demo: ../src/yui_toolbar/js/libs/yui/build/event/event-min.js 4/4
demo: ../src/yui_toolbar/js/libs/yui/build/yuiloader/yuiloader-min.js 4/4
ef-demo: ../src/yui_toolbar/js/yui_toolbar.js 95/161
ef-demo: ../src/yui_toolbar/js/libs/yui/build/datasource/datasource-min.js 5/6
ef-demo: ../src/yui_toolbar/js/libs/yui/build/datatable/datatable-min.js 20/23
ef-demo: ../src/yui_toolbar/js/libs/yui/build/dom/dom-min.js 3/3
ef-demo: ../src/yui_toolbar/js/libs/yui/build/element/element-min.js 2/2
ef-demo: ../src/yui_toolbar/js/libs/yui/build/event/event-min.js 4/4
ef-demo: ../src/yui_toolbar/js/libs/yui/build/yuiloader/yuiloader-min.js 4/4
index: ../src/yui_toolbar/js/yui_toolbar.js 117/161
index: ../src/yui_toolbar/js/libs/yui/build/datatable/datatable-min.js 19/23
index: ../src/yui_toolbar/js/libs/yui/build/datasource/datasource-min.js 5/6
index: ../src/yui_toolbar/js/libs/yui/build/dom/dom-min.js 3/3
index: ../src/yui_toolbar/js/libs/yui/build/element/element-min.js 2/2
index: ../src/yui_toolbar/js/libs/yui/build/event/event-min.js 4/4
index: ../src/yui_toolbar/js/libs/yui/build/logger/logger-min.js 3/3
index: ../src/yui_toolbar/js/libs/yui/build/yuiloader/yuiloader-min.js 4/4
