abbr2: ../src/zen-coding/javascript/utils.js 5/165
abbr2: ../src/zen-coding/javascript/tabStops.js 5/102
abbr2: ../src/zen-coding/javascript/stringStream.js 4/57
abbr2: ../src/zen-coding/javascript/range.js 4/43
abbr2: ../src/zen-coding/javascript/parsers/processors/pasted-content.js 8/63
abbr2: ../src/zen-coding/javascript/parsers/processors/resource-matcher.js 3/21
abbr2: ../src/zen-coding/javascript/resolvers/tagName.js 4/26
abbr2: ../src/zen-coding/javascript/filters.js 5/30
abbr2: ../src/zen-coding/javascript/handlerList.js 4/18
abbr2: ../src/zen-coding/javascript/core.js 13/52
abbr2: ../src/zen-coding/javascript/underscore.js 139/487
abbr2: ../src/zen-coding/javascript/profile.js 15/49
abbr2: ../src/zen-coding/javascript/parsers/processors/tag-name.js 3/9
abbr2: ../src/zen-coding/javascript/elements.js 12/35
abbr2: ../src/zen-coding/javascript/loaders/ajaxLoader.js 12/23
abbr2: ../src/zen-coding/javascript/utils.js 5/165
abbr2: ../src/zen-coding/javascript/tabStops.js 5/102
abbr2: ../src/zen-coding/javascript/stringStream.js 4/57
abbr2: ../src/zen-coding/javascript/range.js 4/43
abbr2: ../src/zen-coding/javascript/parsers/processors/pasted-content.js 8/63
abbr2: ../src/zen-coding/javascript/parsers/processors/resource-matcher.js 3/21
abbr2: ../src/zen-coding/javascript/resolvers/tagName.js 4/26
abbr2: ../src/zen-coding/javascript/filters.js 5/30
abbr2: ../src/zen-coding/javascript/handlerList.js 4/18
abbr2: ../src/zen-coding/javascript/core.js 13/52
abbr2: ../src/zen-coding/javascript/underscore.js 139/487
abbr2: ../src/zen-coding/javascript/profile.js 15/49
abbr2: ../src/zen-coding/javascript/parsers/processors/tag-name.js 3/9
abbr2: ../src/zen-coding/javascript/elements.js 12/35
abbr2: ../src/zen-coding/javascript/loaders/ajaxLoader.js 12/23
index: ../src/zen-coding/javascript/actions/base64.js 5/52
index: ../src/zen-coding/javascript/actions.js 17/48
index: ../src/zen-coding/javascript/resolvers/generator.js 6/13
index: ../src/zen-coding/javascript/base64.js 21/43
index: ../src/zen-coding/javascript/loaders/ajaxLoader.js 12/23
index: ../src/zen-coding/javascript/resolvers/tagName.js 14/26
index: ../src/zen-coding/javascript/underscore.js 262/487
index: ../src/zen-coding/javascript/actions/matchPair.js 32/54
index: ../src/zen-coding/javascript/parsers/xmlParser.js 116/196
index: ../src/zen-coding/javascript/profile.js 31/49
index: ../src/zen-coding/javascript/actionUtils.js 59/92
index: ../src/zen-coding/javascript/range.js 28/43
index: ../src/zen-coding/javascript/actions/increment_decrement.js 30/43
index: ../src/zen-coding/javascript/preferences.js 38/55
index: ../src/zen-coding/javascript/tabStops.js 72/102
index: ../src/zen-coding/javascript/parsers/processors/resource-matcher.js 15/21
index: ../src/zen-coding/javascript/resources.js 68/94
index: ../src/zen-coding/javascript/abbreviationUtils.js 19/26
index: ../src/zen-coding/javascript/utils.js 133/165
index: ../src/zen-coding/javascript/filters/xsl.js 9/11
index: ../src/zen-coding/javascript/actions/expandAbbreviation.js 24/29
index: ../src/zen-coding/javascript/actions/lineBreaks.js 47/56
index: ../src/zen-coding/javascript/actions/updateImageSize.js 37/44
index: ../src/zen-coding/javascript/parsers/cssParser.js 157/183
index: ../src/zen-coding/javascript/parsers/editTree/editTree.js 77/90
index: ../src/zen-coding/javascript/tokenIterator.js 25/29
index: ../src/zen-coding/javascript/parsers/abbreviationParser.js 290/332
index: ../src/zen-coding/javascript/resolvers/css.js 157/180
index: ../src/zen-coding/javascript/core.js 46/52
index: ../src/zen-coding/javascript/elements.js 31/35
index: ../src/zen-coding/javascript/actions/wrapWithAbbreviation.js 35/39
index: ../src/zen-coding/javascript/resolvers/cssGradient.js 176/195
index: ../src/zen-coding/javascript/actions/reflectCSSValue.js 47/51
index: ../src/zen-coding/javascript/actions/removeTag.js 15/16
index: ../src/zen-coding/javascript/actions/splitJoinTag.js 28/30
index: ../src/zen-coding/javascript/actions/toggleComment.js 73/78
index: ../src/zen-coding/javascript/handlerList.js 17/18
index: ../src/zen-coding/javascript/parsers/editTree/cssEditTree.js 174/185
index: ../src/zen-coding/javascript/stringStream.js 54/57
index: ../src/zen-coding/javascript/actions/mergeLines.js 21/22
index: ../src/zen-coding/javascript/parsers/editTree/xmlEditTree.js 89/93
index: ../src/zen-coding/javascript/filters.js 29/30
index: ../src/zen-coding/javascript/filters/bem.js 95/98
index: ../src/zen-coding/javascript/filters/format.js 57/59
index: ../src/zen-coding/javascript/filters/haml.js 50/52
index: ../src/zen-coding/javascript/generators/lorem-ipsum.js 56/58
index: ../src/zen-coding/javascript/parsers/processors/pasted-content.js 61/63
index: ../src/zen-coding/javascript/filters/html.js 39/40
index: ../src/zen-coding/javascript/actions/selectItem.js 194/196
index: ../src/zen-coding/javascript/html_matcher.js 121/123
index: ../src/zen-coding/javascript/actions/editPoints.js 49/49
index: ../src/zen-coding/javascript/actions/selectLine.js 4/4
index: ../src/zen-coding/javascript/editorUtils.js 16/16
index: ../src/zen-coding/javascript/filters/comment.js 32/32
index: ../src/zen-coding/javascript/filters/escape.js 12/12
index: ../src/zen-coding/javascript/filters/single-line.js 14/14
index: ../src/zen-coding/javascript/filters/trim.js 11/11
index: ../src/zen-coding/javascript/parsers/processors/tag-name.js 9/9
abbr2: ../src/zen-coding/javascript/utils.js 5/165
abbr2: ../src/zen-coding/javascript/tabStops.js 5/102
abbr2: ../src/zen-coding/javascript/stringStream.js 4/57
abbr2: ../src/zen-coding/javascript/range.js 4/43
abbr2: ../src/zen-coding/javascript/parsers/processors/pasted-content.js 8/63
abbr2: ../src/zen-coding/javascript/parsers/processors/resource-matcher.js 3/21
abbr2: ../src/zen-coding/javascript/resolvers/tagName.js 4/26
abbr2: ../src/zen-coding/javascript/filters.js 5/30
abbr2: ../src/zen-coding/javascript/handlerList.js 4/18
abbr2: ../src/zen-coding/javascript/core.js 13/52
abbr2: ../src/zen-coding/javascript/underscore.js 139/487
abbr2: ../src/zen-coding/javascript/profile.js 15/49
abbr2: ../src/zen-coding/javascript/parsers/processors/tag-name.js 3/9
abbr2: ../src/zen-coding/javascript/elements.js 12/35
abbr2: ../src/zen-coding/javascript/loaders/ajaxLoader.js 12/23
index: ../src/zen-coding/javascript/actions/base64.js 5/52
index: ../src/zen-coding/javascript/actions.js 17/48
index: ../src/zen-coding/javascript/resolvers/generator.js 6/13
index: ../src/zen-coding/javascript/base64.js 21/43
index: ../src/zen-coding/javascript/loaders/ajaxLoader.js 12/23
index: ../src/zen-coding/javascript/resolvers/tagName.js 14/26
index: ../src/zen-coding/javascript/underscore.js 262/487
index: ../src/zen-coding/javascript/actions/matchPair.js 32/54
index: ../src/zen-coding/javascript/parsers/xmlParser.js 116/196
index: ../src/zen-coding/javascript/profile.js 31/49
index: ../src/zen-coding/javascript/actionUtils.js 59/92
index: ../src/zen-coding/javascript/range.js 28/43
index: ../src/zen-coding/javascript/actions/increment_decrement.js 30/43
index: ../src/zen-coding/javascript/preferences.js 38/55
index: ../src/zen-coding/javascript/tabStops.js 72/102
index: ../src/zen-coding/javascript/parsers/processors/resource-matcher.js 15/21
index: ../src/zen-coding/javascript/resources.js 68/94
index: ../src/zen-coding/javascript/abbreviationUtils.js 19/26
index: ../src/zen-coding/javascript/utils.js 133/165
index: ../src/zen-coding/javascript/filters/xsl.js 9/11
index: ../src/zen-coding/javascript/actions/expandAbbreviation.js 24/29
index: ../src/zen-coding/javascript/actions/lineBreaks.js 47/56
index: ../src/zen-coding/javascript/actions/updateImageSize.js 37/44
index: ../src/zen-coding/javascript/parsers/cssParser.js 157/183
index: ../src/zen-coding/javascript/parsers/editTree/editTree.js 77/90
index: ../src/zen-coding/javascript/tokenIterator.js 25/29
index: ../src/zen-coding/javascript/parsers/abbreviationParser.js 290/332
index: ../src/zen-coding/javascript/resolvers/css.js 157/180
index: ../src/zen-coding/javascript/core.js 46/52
index: ../src/zen-coding/javascript/elements.js 31/35
index: ../src/zen-coding/javascript/actions/wrapWithAbbreviation.js 35/39
index: ../src/zen-coding/javascript/resolvers/cssGradient.js 176/195
index: ../src/zen-coding/javascript/actions/reflectCSSValue.js 47/51
index: ../src/zen-coding/javascript/actions/removeTag.js 15/16
index: ../src/zen-coding/javascript/actions/splitJoinTag.js 28/30
index: ../src/zen-coding/javascript/actions/toggleComment.js 73/78
index: ../src/zen-coding/javascript/handlerList.js 17/18
index: ../src/zen-coding/javascript/parsers/editTree/cssEditTree.js 174/185
index: ../src/zen-coding/javascript/stringStream.js 54/57
index: ../src/zen-coding/javascript/actions/mergeLines.js 21/22
index: ../src/zen-coding/javascript/parsers/editTree/xmlEditTree.js 89/93
index: ../src/zen-coding/javascript/filters.js 29/30
index: ../src/zen-coding/javascript/filters/bem.js 95/98
index: ../src/zen-coding/javascript/filters/format.js 57/59
index: ../src/zen-coding/javascript/filters/haml.js 50/52
index: ../src/zen-coding/javascript/generators/lorem-ipsum.js 56/58
index: ../src/zen-coding/javascript/parsers/processors/pasted-content.js 61/63
index: ../src/zen-coding/javascript/filters/html.js 39/40
index: ../src/zen-coding/javascript/actions/selectItem.js 194/196
index: ../src/zen-coding/javascript/html_matcher.js 121/123
index: ../src/zen-coding/javascript/actions/editPoints.js 49/49
index: ../src/zen-coding/javascript/actions/selectLine.js 4/4
index: ../src/zen-coding/javascript/editorUtils.js 16/16
index: ../src/zen-coding/javascript/filters/comment.js 32/32
index: ../src/zen-coding/javascript/filters/escape.js 12/12
index: ../src/zen-coding/javascript/filters/single-line.js 14/14
index: ../src/zen-coding/javascript/filters/trim.js 11/11
index: ../src/zen-coding/javascript/parsers/processors/tag-name.js 9/9
test: ../src/zen-coding/javascript/actionUtils.js 2/92
test: ../src/zen-coding/javascript/tabStops.js 6/102
test: ../src/zen-coding/javascript/utils.js 9/165
test: ../src/zen-coding/javascript/base64.js 3/43
test: ../src/zen-coding/javascript/parsers/editTree/cssEditTree.js 12/185
test: ../src/zen-coding/javascript/parsers/editTree/xmlEditTree.js 6/93
test: ../src/zen-coding/javascript/abbreviationUtils.js 2/26
test: ../src/zen-coding/javascript/actions/wrapWithAbbreviation.js 3/39
test: ../src/zen-coding/javascript/stringStream.js 4/57
test: ../src/zen-coding/javascript/actions/toggleComment.js 7/78
test: ../src/zen-coding/javascript/parsers/abbreviationParser.js 28/332
test: ../src/zen-coding/plugins/textarea/editor.js 7/81
test: ../src/zen-coding/javascript/actions/base64.js 5/52
test: ../src/zen-coding/javascript/actions/mergeLines.js 2/22
test: ../src/zen-coding/javascript/range.js 4/43
test: ../src/zen-coding/javascript/actions/editPoints.js 5/49
test: ../src/zen-coding/javascript/actions/lineBreaks.js 6/56
test: ../src/zen-coding/javascript/actions/selectItem.js 20/196
test: ../src/zen-coding/javascript/filters/html.js 4/40
test: ../src/zen-coding/javascript/parsers/editTree/editTree.js 9/90
test: ../src/zen-coding/javascript/resolvers/cssGradient.js 20/195
test: ../src/zen-coding/javascript/actions/updateImageSize.js 5/44
test: ../src/zen-coding/javascript/actions/removeTag.js 2/16
test: ../src/zen-coding/javascript/editorUtils.js 2/16
test: ../src/zen-coding/javascript/parsers/xmlParser.js 24/196
test: ../src/zen-coding/javascript/actions/splitJoinTag.js 4/30
test: ../src/zen-coding/javascript/filters/bem.js 13/98
test: ../src/zen-coding/javascript/filters/haml.js 7/52
test: ../src/zen-coding/javascript/tokenIterator.js 4/29
test: ../src/zen-coding/javascript/actions/matchPair.js 8/54
test: ../src/zen-coding/javascript/parsers/cssParser.js 26/183
test: ../src/zen-coding/javascript/parsers/processors/pasted-content.js 9/63
test: ../src/zen-coding/javascript/parsers/processors/resource-matcher.js 3/21
test: ../src/zen-coding/javascript/resolvers/tagName.js 4/26
test: ../src/zen-coding/javascript/actions/increment_decrement.js 7/43
test: ../src/zen-coding/javascript/filters/format.js 10/59
test: ../src/zen-coding/javascript/generators/lorem-ipsum.js 10/58
test: ../src/zen-coding/javascript/resolvers/css.js 31/180
test: ../src/zen-coding/javascript/actions/reflectCSSValue.js 10/51
test: ../src/zen-coding/javascript/filters.js 6/30
test: ../src/zen-coding/javascript/actions.js 11/48
test: ../src/zen-coding/javascript/html_matcher.js 29/123
test: ../src/zen-coding/javascript/actions/selectLine.js 1/4
test: ../src/zen-coding/javascript/filters/comment.js 8/32
test: ../src/zen-coding/plugins/textarea/controller.js 22/82
test: ../src/zen-coding/javascript/resources.js 26/94
test: ../src/zen-coding/javascript/filters/single-line.js 4/14
test: ../src/zen-coding/javascript/profile.js 15/49
test: ../src/zen-coding/javascript/actions/expandAbbreviation.js 9/29
test: ../src/zen-coding/javascript/filters/escape.js 4/12
test: ../src/zen-coding/javascript/parsers/processors/tag-name.js 3/9
test: ../src/zen-coding/javascript/elements.js 12/35
test: ../src/zen-coding/javascript/underscore.js 169/487
test: ../src/zen-coding/javascript/filters/trim.js 4/11
test: ../src/zen-coding/javascript/filters/xsl.js 4/11
test: ../src/zen-coding/javascript/handlerList.js 7/18
test: ../src/zen-coding/javascript/resolvers/generator.js 5/13
test: ../src/zen-coding/javascript/preferences.js 22/55
test: ../src/zen-coding/plugins/textarea/shortcut.js 20/48
test: ../src/zen-coding/javascript/loaders/ajaxLoader.js 12/23
test: ../src/zen-coding/javascript/core.js 30/52
test: ../src/zen-coding/plugins/textarea/customSnippets.js 1/1
