
ajax: ../src/zepto/src/polyfill.js 3/20
ajax: ../src/zepto/src/zepto.js 128/272
ajax: ../src/zepto/src/event.js 77/129
ajax: ../src/zepto/test/fixtures/jsonp.js?callback=jsonp3&timestamp=1342383923324&param1=val1&param2=val2 3/4
ajax: ../src/zepto/vendor/evidence.js 487/588
ajax: ../src/zepto/src/ajax.js 137/139
ajax: ../src/zepto/test/fixtures/jsonp.js?callback=jsonp1&timestamp=1342383923080 4/4
ajax: ../src/zepto/test/fixtures/jsonp.js?timestamp=1342383933968&callback=jsonp4 4/4
assets_functional: ../src/zepto/src/polyfill.js 3/20
assets_functional: ../src/zepto/src/zepto.js 74/272
data: ../src/zepto/src/zepto.js 100/272
data: ../src/zepto/vendor/evidence.js 444/588
data: ../src/zepto/src/data.js 29/29
detect: ../src/zepto/src/polyfill.js 3/20
detect: ../src/zepto/src/zepto.js 50/272
detect: ../src/zepto/vendor/evidence.js 444/588
detect: ../src/zepto/src/detect.js 15/15
event: ../src/zepto/src/polyfill.js 3/20
event: ../src/zepto/src/zepto.js 118/272
event: ../src/zepto/src/event.js 69/129
event: ../src/zepto/vendor/evidence.js 441/588
form: ../src/zepto/src/polyfill.js 3/20
form: ../src/zepto/src/zepto.js 84/272
form: ../src/zepto/src/event.js 64/129
form: ../src/zepto/vendor/evidence.js 441/588
form: ../src/zepto/src/form.js 21/21
fx_functional: ../src/zepto/src/polyfill.js 3/20
fx_functional: ../src/zepto/src/fx.js 11/47
fx_functional: ../src/zepto/src/event.js 31/129
fx_functional: ../src/zepto/src/zepto.js 84/272
fx_functional: ../src/zepto/src/fx_methods.js 13/39
fx: ../src/zepto/src/event.js 31/129
fx: ../src/zepto/src/zepto.js 89/272
fx: ../src/zepto/src/fx.js 38/47
fx: ../src/zepto/vendor/evidence.js 471/588
gesture_functional: ../src/zepto/src/gesture.js 2/19
gesture_functional: ../src/zepto/src/event.js 31/129
gesture_functional: ../src/zepto/src/zepto.js 74/272
gesture_functional: ../src/zepto/src/detect.js 15/15
polyfill: ../src/zepto/src/polyfill.js 3/20
polyfill: ../src/zepto/src/zepto.js 50/272
polyfill: ../src/zepto/vendor/evidence.js 440/588
selector: ../src/zepto/src/polyfill.js 3/20
selector: ../src/zepto/src/zepto.js 94/272
selector: ../src/zepto/vendor/evidence.js 453/588
selector: ../src/zepto/src/selector.js 33/39
stack: ../src/zepto/src/polyfill.js 3/20
stack: ../src/zepto/src/zepto.js 87/272
stack: ../src/zepto/vendor/evidence.js 441/588
stack: ../src/zepto/src/stack.js 11/11
touchcancel_functional: ../src/zepto/src/polyfill.js 3/20
touchcancel_functional: ../src/zepto/src/touch.js 13/58
touchcancel_functional: ../src/zepto/src/zepto.js 84/272
touchcancel_functional: ../src/zepto/src/event.js 46/129
touch_functional: ../src/zepto/src/polyfill.js 3/20
touch_functional: ../src/zepto/src/touch.js 13/58
touch_functional: ../src/zepto/src/zepto.js 84/272
touch_functional: ../src/zepto/src/event.js 46/129
touch: ../src/zepto/src/polyfill.js 3/20
touch: ../src/zepto/src/zepto.js 121/272
touch: ../src/zepto/src/event.js 75/129
touch: ../src/zepto/vendor/evidence.js 452/588
touch: ../src/zepto/src/touch.js 52/58
zepto: ../src/zepto/src/polyfill.js 3/20
zepto: ../src/zepto/vendor/evidence.js 474/588
zepto: ../src/zepto/src/event.js 121/129
zepto: ../src/zepto/src/zepto.js 253/272
